[2024-09-16 00:04:51,172] {taskinstance.py:1159} INFO - Dependencies all met for <TaskInstance: BRONZER_GET_STONCKS.BRONZE_STONCKS_GOOG scheduled__2024-03-30T00:00:00+00:00 [queued]>
[2024-09-16 00:04:51,236] {taskinstance.py:1159} INFO - Dependencies all met for <TaskInstance: BRONZER_GET_STONCKS.BRONZE_STONCKS_GOOG scheduled__2024-03-30T00:00:00+00:00 [queued]>
[2024-09-16 00:04:51,236] {taskinstance.py:1356} INFO - 
--------------------------------------------------------------------------------
[2024-09-16 00:04:51,236] {taskinstance.py:1357} INFO - Starting attempt 1 of 1
[2024-09-16 00:04:51,236] {taskinstance.py:1358} INFO - 
--------------------------------------------------------------------------------
[2024-09-16 00:04:51,276] {taskinstance.py:1377} INFO - Executing <Task(_PythonDecoratedOperator): BRONZE_STONCKS_GOOG> on 2024-03-30 00:00:00+00:00
[2024-09-16 00:04:51,281] {standard_task_runner.py:52} INFO - Started process 26536 to run task
[2024-09-16 00:04:51,316] {standard_task_runner.py:79} INFO - Running: ['airflow', 'tasks', 'run', 'BRONZER_GET_STONCKS', 'BRONZE_STONCKS_GOOG', 'scheduled__2024-03-30T00:00:00+00:00', '--job-id', '494', '--raw', '--subdir', 'DAGS_FOLDER/get_stocks.py', '--cfg-path', '/tmp/tmpk2e7cqpp', '--error-file', '/tmp/tmpho26q4na']
[2024-09-16 00:04:51,317] {standard_task_runner.py:80} INFO - Job 494: Subtask BRONZE_STONCKS_GOOG
[2024-09-16 00:04:51,552] {task_command.py:370} INFO - Running <TaskInstance: BRONZER_GET_STONCKS.BRONZE_STONCKS_GOOG scheduled__2024-03-30T00:00:00+00:00 [running]> on host kaiwang.
[2024-09-16 00:04:51,848] {taskinstance.py:1569} INFO - Exporting the following env vars:
AIRFLOW_CTX_DAG_OWNER=airflow
AIRFLOW_CTX_DAG_ID=BRONZER_GET_STONCKS
AIRFLOW_CTX_TASK_ID=BRONZE_STONCKS_GOOG
AIRFLOW_CTX_EXECUTION_DATE=2024-03-30T00:00:00+00:00
AIRFLOW_CTX_TRY_NUMBER=1
AIRFLOW_CTX_DAG_RUN_ID=scheduled__2024-03-30T00:00:00+00:00
[2024-09-16 00:04:52,515] {python.py:173} INFO - Done. Returned value was: None
[2024-09-16 00:04:52,763] {taskinstance.py:1395} INFO - Marking task as SUCCESS. dag_id=BRONZER_GET_STONCKS, task_id=BRONZE_STONCKS_GOOG, execution_date=20240330T000000, start_date=20240916T030451, end_date=20240916T030452
[2024-09-16 00:04:52,812] {local_task_job.py:156} INFO - Task exited with return code 0
[2024-09-16 00:04:52,952] {local_task_job.py:273} INFO - 0 downstream tasks scheduled from follow-on schedule check
[2024-09-16 00:15:55,603] {taskinstance.py:1159} INFO - Dependencies all met for <TaskInstance: BRONZER_GET_STONCKS.BRONZE_STONCKS_GOOG scheduled__2024-03-30T00:00:00+00:00 [queued]>
[2024-09-16 00:15:55,655] {taskinstance.py:1159} INFO - Dependencies all met for <TaskInstance: BRONZER_GET_STONCKS.BRONZE_STONCKS_GOOG scheduled__2024-03-30T00:00:00+00:00 [queued]>
[2024-09-16 00:15:55,655] {taskinstance.py:1356} INFO - 
--------------------------------------------------------------------------------
[2024-09-16 00:15:55,655] {taskinstance.py:1357} INFO - Starting attempt 1 of 1
[2024-09-16 00:15:55,655] {taskinstance.py:1358} INFO - 
--------------------------------------------------------------------------------
[2024-09-16 00:15:55,710] {taskinstance.py:1377} INFO - Executing <Task(_PythonDecoratedOperator): BRONZE_STONCKS_GOOG> on 2024-03-30 00:00:00+00:00
[2024-09-16 00:15:55,715] {standard_task_runner.py:52} INFO - Started process 57135 to run task
[2024-09-16 00:15:55,735] {standard_task_runner.py:79} INFO - Running: ['airflow', 'tasks', 'run', 'BRONZER_GET_STONCKS', 'BRONZE_STONCKS_GOOG', 'scheduled__2024-03-30T00:00:00+00:00', '--job-id', '2262', '--raw', '--subdir', 'DAGS_FOLDER/get_stocks.py', '--cfg-path', '/tmp/tmpx21t8zoj', '--error-file', '/tmp/tmphjnq9f9r']
[2024-09-16 00:15:55,736] {standard_task_runner.py:80} INFO - Job 2262: Subtask BRONZE_STONCKS_GOOG
[2024-09-16 00:15:55,910] {task_command.py:370} INFO - Running <TaskInstance: BRONZER_GET_STONCKS.BRONZE_STONCKS_GOOG scheduled__2024-03-30T00:00:00+00:00 [running]> on host kaiwang.
[2024-09-16 00:15:55,981] {taskinstance.py:1569} INFO - Exporting the following env vars:
AIRFLOW_CTX_DAG_OWNER=airflow
AIRFLOW_CTX_DAG_ID=BRONZER_GET_STONCKS
AIRFLOW_CTX_TASK_ID=BRONZE_STONCKS_GOOG
AIRFLOW_CTX_EXECUTION_DATE=2024-03-30T00:00:00+00:00
AIRFLOW_CTX_TRY_NUMBER=1
AIRFLOW_CTX_DAG_RUN_ID=scheduled__2024-03-30T00:00:00+00:00
[2024-09-16 00:15:56,867] {python.py:173} INFO - Done. Returned value was: None
[2024-09-16 00:15:56,897] {taskinstance.py:1395} INFO - Marking task as SUCCESS. dag_id=BRONZER_GET_STONCKS, task_id=BRONZE_STONCKS_GOOG, execution_date=20240330T000000, start_date=20240916T031555, end_date=20240916T031556
[2024-09-16 00:15:56,967] {local_task_job.py:156} INFO - Task exited with return code 0
[2024-09-16 00:15:57,010] {local_task_job.py:273} INFO - 0 downstream tasks scheduled from follow-on schedule check
