[2024-09-16 00:04:43,053] {taskinstance.py:1159} INFO - Dependencies all met for <TaskInstance: BRONZER_GET_CRIPTOS.BRONZE_CRIPTO_AVAX scheduled__2024-03-16T00:00:00+00:00 [queued]>
[2024-09-16 00:04:43,095] {taskinstance.py:1159} INFO - Dependencies all met for <TaskInstance: BRONZER_GET_CRIPTOS.BRONZE_CRIPTO_AVAX scheduled__2024-03-16T00:00:00+00:00 [queued]>
[2024-09-16 00:04:43,095] {taskinstance.py:1356} INFO - 
--------------------------------------------------------------------------------
[2024-09-16 00:04:43,095] {taskinstance.py:1357} INFO - Starting attempt 1 of 1
[2024-09-16 00:04:43,095] {taskinstance.py:1358} INFO - 
--------------------------------------------------------------------------------
[2024-09-16 00:04:43,148] {taskinstance.py:1377} INFO - Executing <Task(_PythonDecoratedOperator): BRONZE_CRIPTO_AVAX> on 2024-03-16 00:00:00+00:00
[2024-09-16 00:04:43,155] {standard_task_runner.py:52} INFO - Started process 25975 to run task
[2024-09-16 00:04:43,203] {standard_task_runner.py:79} INFO - Running: ['airflow', 'tasks', 'run', 'BRONZER_GET_CRIPTOS', 'BRONZE_CRIPTO_AVAX', 'scheduled__2024-03-16T00:00:00+00:00', '--job-id', '459', '--raw', '--subdir', 'DAGS_FOLDER/get_cripto.py', '--cfg-path', '/tmp/tmpc1amxkow', '--error-file', '/tmp/tmpldpadeo0']
[2024-09-16 00:04:43,204] {standard_task_runner.py:80} INFO - Job 459: Subtask BRONZE_CRIPTO_AVAX
[2024-09-16 00:04:43,493] {task_command.py:370} INFO - Running <TaskInstance: BRONZER_GET_CRIPTOS.BRONZE_CRIPTO_AVAX scheduled__2024-03-16T00:00:00+00:00 [running]> on host kaiwang.
[2024-09-16 00:04:43,770] {taskinstance.py:1569} INFO - Exporting the following env vars:
AIRFLOW_CTX_DAG_OWNER=airflow
AIRFLOW_CTX_DAG_ID=BRONZER_GET_CRIPTOS
AIRFLOW_CTX_TASK_ID=BRONZE_CRIPTO_AVAX
AIRFLOW_CTX_EXECUTION_DATE=2024-03-16T00:00:00+00:00
AIRFLOW_CTX_TRY_NUMBER=1
AIRFLOW_CTX_DAG_RUN_ID=scheduled__2024-03-16T00:00:00+00:00
[2024-09-16 00:04:46,341] {history.py:122} ERROR - $AVAX: possibly delisted; no timezone found
[2024-09-16 00:04:46,345] {python.py:173} INFO - Done. Returned value was: None
[2024-09-16 00:04:46,390] {taskinstance.py:1395} INFO - Marking task as SUCCESS. dag_id=BRONZER_GET_CRIPTOS, task_id=BRONZE_CRIPTO_AVAX, execution_date=20240316T000000, start_date=20240916T030443, end_date=20240916T030446
[2024-09-16 00:04:46,462] {local_task_job.py:156} INFO - Task exited with return code 0
[2024-09-16 00:04:46,788] {local_task_job.py:273} INFO - 0 downstream tasks scheduled from follow-on schedule check
[2024-09-16 00:15:59,096] {taskinstance.py:1159} INFO - Dependencies all met for <TaskInstance: BRONZER_GET_CRIPTOS.BRONZE_CRIPTO_AVAX scheduled__2024-03-16T00:00:00+00:00 [queued]>
[2024-09-16 00:15:59,124] {taskinstance.py:1159} INFO - Dependencies all met for <TaskInstance: BRONZER_GET_CRIPTOS.BRONZE_CRIPTO_AVAX scheduled__2024-03-16T00:00:00+00:00 [queued]>
[2024-09-16 00:15:59,124] {taskinstance.py:1356} INFO - 
--------------------------------------------------------------------------------
[2024-09-16 00:15:59,125] {taskinstance.py:1357} INFO - Starting attempt 1 of 1
[2024-09-16 00:15:59,125] {taskinstance.py:1358} INFO - 
--------------------------------------------------------------------------------
[2024-09-16 00:15:59,170] {taskinstance.py:1377} INFO - Executing <Task(_PythonDecoratedOperator): BRONZE_CRIPTO_AVAX> on 2024-03-16 00:00:00+00:00
[2024-09-16 00:15:59,175] {standard_task_runner.py:52} INFO - Started process 57394 to run task
[2024-09-16 00:15:59,211] {standard_task_runner.py:79} INFO - Running: ['airflow', 'tasks', 'run', 'BRONZER_GET_CRIPTOS', 'BRONZE_CRIPTO_AVAX', 'scheduled__2024-03-16T00:00:00+00:00', '--job-id', '2267', '--raw', '--subdir', 'DAGS_FOLDER/get_cripto.py', '--cfg-path', '/tmp/tmpxd20_l2u', '--error-file', '/tmp/tmpmajm5lhe']
[2024-09-16 00:15:59,212] {standard_task_runner.py:80} INFO - Job 2267: Subtask BRONZE_CRIPTO_AVAX
[2024-09-16 00:15:59,525] {task_command.py:370} INFO - Running <TaskInstance: BRONZER_GET_CRIPTOS.BRONZE_CRIPTO_AVAX scheduled__2024-03-16T00:00:00+00:00 [running]> on host kaiwang.
[2024-09-16 00:15:59,854] {taskinstance.py:1569} INFO - Exporting the following env vars:
AIRFLOW_CTX_DAG_OWNER=airflow
AIRFLOW_CTX_DAG_ID=BRONZER_GET_CRIPTOS
AIRFLOW_CTX_TASK_ID=BRONZE_CRIPTO_AVAX
AIRFLOW_CTX_EXECUTION_DATE=2024-03-16T00:00:00+00:00
AIRFLOW_CTX_TRY_NUMBER=1
AIRFLOW_CTX_DAG_RUN_ID=scheduled__2024-03-16T00:00:00+00:00
[2024-09-16 00:16:03,011] {history.py:122} ERROR - $AVAX: possibly delisted; no timezone found
[2024-09-16 00:16:03,015] {python.py:173} INFO - Done. Returned value was: None
[2024-09-16 00:16:03,195] {taskinstance.py:1395} INFO - Marking task as SUCCESS. dag_id=BRONZER_GET_CRIPTOS, task_id=BRONZE_CRIPTO_AVAX, execution_date=20240316T000000, start_date=20240916T031559, end_date=20240916T031603
[2024-09-16 00:16:03,258] {local_task_job.py:156} INFO - Task exited with return code 0
[2024-09-16 00:16:03,345] {local_task_job.py:273} INFO - 0 downstream tasks scheduled from follow-on schedule check
