[2024-09-16 00:03:40,770] {taskinstance.py:1159} INFO - Dependencies all met for <TaskInstance: BRONZER_GET_CRIPTOS.BRONZE_CRIPTO_AVAX scheduled__2024-02-02T00:00:00+00:00 [queued]>
[2024-09-16 00:03:40,783] {taskinstance.py:1159} INFO - Dependencies all met for <TaskInstance: BRONZER_GET_CRIPTOS.BRONZE_CRIPTO_AVAX scheduled__2024-02-02T00:00:00+00:00 [queued]>
[2024-09-16 00:03:40,783] {taskinstance.py:1356} INFO - 
--------------------------------------------------------------------------------
[2024-09-16 00:03:40,783] {taskinstance.py:1357} INFO - Starting attempt 1 of 1
[2024-09-16 00:03:40,783] {taskinstance.py:1358} INFO - 
--------------------------------------------------------------------------------
[2024-09-16 00:03:40,812] {taskinstance.py:1377} INFO - Executing <Task(_PythonDecoratedOperator): BRONZE_CRIPTO_AVAX> on 2024-02-02 00:00:00+00:00
[2024-09-16 00:03:40,822] {standard_task_runner.py:52} INFO - Started process 21176 to run task
[2024-09-16 00:03:40,832] {standard_task_runner.py:79} INFO - Running: ['airflow', 'tasks', 'run', 'BRONZER_GET_CRIPTOS', 'BRONZE_CRIPTO_AVAX', 'scheduled__2024-02-02T00:00:00+00:00', '--job-id', '188', '--raw', '--subdir', 'DAGS_FOLDER/get_cripto.py', '--cfg-path', '/tmp/tmpdc_xhaut', '--error-file', '/tmp/tmplzw8oswz']
[2024-09-16 00:03:40,833] {standard_task_runner.py:80} INFO - Job 188: Subtask BRONZE_CRIPTO_AVAX
[2024-09-16 00:03:40,991] {task_command.py:370} INFO - Running <TaskInstance: BRONZER_GET_CRIPTOS.BRONZE_CRIPTO_AVAX scheduled__2024-02-02T00:00:00+00:00 [running]> on host kaiwang.
[2024-09-16 00:03:41,132] {taskinstance.py:1569} INFO - Exporting the following env vars:
AIRFLOW_CTX_DAG_OWNER=airflow
AIRFLOW_CTX_DAG_ID=BRONZER_GET_CRIPTOS
AIRFLOW_CTX_TASK_ID=BRONZE_CRIPTO_AVAX
AIRFLOW_CTX_EXECUTION_DATE=2024-02-02T00:00:00+00:00
AIRFLOW_CTX_TRY_NUMBER=1
AIRFLOW_CTX_DAG_RUN_ID=scheduled__2024-02-02T00:00:00+00:00
[2024-09-16 00:03:44,809] {history.py:122} ERROR - $AVAX: possibly delisted; no timezone found
[2024-09-16 00:03:44,814] {python.py:173} INFO - Done. Returned value was: None
[2024-09-16 00:03:44,851] {taskinstance.py:1395} INFO - Marking task as SUCCESS. dag_id=BRONZER_GET_CRIPTOS, task_id=BRONZE_CRIPTO_AVAX, execution_date=20240202T000000, start_date=20240916T030340, end_date=20240916T030344
[2024-09-16 00:03:44,896] {local_task_job.py:156} INFO - Task exited with return code 0
[2024-09-16 00:03:44,971] {local_task_job.py:273} INFO - 0 downstream tasks scheduled from follow-on schedule check
[2024-09-16 00:13:22,766] {taskinstance.py:1159} INFO - Dependencies all met for <TaskInstance: BRONZER_GET_CRIPTOS.BRONZE_CRIPTO_AVAX scheduled__2024-02-02T00:00:00+00:00 [queued]>
[2024-09-16 00:13:22,777] {taskinstance.py:1159} INFO - Dependencies all met for <TaskInstance: BRONZER_GET_CRIPTOS.BRONZE_CRIPTO_AVAX scheduled__2024-02-02T00:00:00+00:00 [queued]>
[2024-09-16 00:13:22,777] {taskinstance.py:1356} INFO - 
--------------------------------------------------------------------------------
[2024-09-16 00:13:22,777] {taskinstance.py:1357} INFO - Starting attempt 1 of 1
[2024-09-16 00:13:22,777] {taskinstance.py:1358} INFO - 
--------------------------------------------------------------------------------
[2024-09-16 00:13:22,796] {taskinstance.py:1377} INFO - Executing <Task(_PythonDecoratedOperator): BRONZE_CRIPTO_AVAX> on 2024-02-02 00:00:00+00:00
[2024-09-16 00:13:22,802] {standard_task_runner.py:52} INFO - Started process 46873 to run task
[2024-09-16 00:13:22,806] {standard_task_runner.py:79} INFO - Running: ['airflow', 'tasks', 'run', 'BRONZER_GET_CRIPTOS', 'BRONZE_CRIPTO_AVAX', 'scheduled__2024-02-02T00:00:00+00:00', '--job-id', '1667', '--raw', '--subdir', 'DAGS_FOLDER/get_cripto.py', '--cfg-path', '/tmp/tmpqwh0w0sh', '--error-file', '/tmp/tmpxuw9zeao']
[2024-09-16 00:13:22,807] {standard_task_runner.py:80} INFO - Job 1667: Subtask BRONZE_CRIPTO_AVAX
[2024-09-16 00:13:22,915] {task_command.py:370} INFO - Running <TaskInstance: BRONZER_GET_CRIPTOS.BRONZE_CRIPTO_AVAX scheduled__2024-02-02T00:00:00+00:00 [running]> on host kaiwang.
[2024-09-16 00:13:23,029] {taskinstance.py:1569} INFO - Exporting the following env vars:
AIRFLOW_CTX_DAG_OWNER=airflow
AIRFLOW_CTX_DAG_ID=BRONZER_GET_CRIPTOS
AIRFLOW_CTX_TASK_ID=BRONZE_CRIPTO_AVAX
AIRFLOW_CTX_EXECUTION_DATE=2024-02-02T00:00:00+00:00
AIRFLOW_CTX_TRY_NUMBER=1
AIRFLOW_CTX_DAG_RUN_ID=scheduled__2024-02-02T00:00:00+00:00
[2024-09-16 00:13:26,833] {history.py:122} ERROR - $AVAX: possibly delisted; no timezone found
[2024-09-16 00:13:26,837] {python.py:173} INFO - Done. Returned value was: None
[2024-09-16 00:13:26,861] {taskinstance.py:1395} INFO - Marking task as SUCCESS. dag_id=BRONZER_GET_CRIPTOS, task_id=BRONZE_CRIPTO_AVAX, execution_date=20240202T000000, start_date=20240916T031322, end_date=20240916T031326
[2024-09-16 00:13:26,906] {local_task_job.py:156} INFO - Task exited with return code 0
[2024-09-16 00:13:26,978] {local_task_job.py:273} INFO - 0 downstream tasks scheduled from follow-on schedule check
[2024-09-16 00:14:58,633] {taskinstance.py:1159} INFO - Dependencies all met for <TaskInstance: BRONZER_GET_CRIPTOS.BRONZE_CRIPTO_AVAX scheduled__2024-02-02T00:00:00+00:00 [queued]>
[2024-09-16 00:14:58,680] {taskinstance.py:1159} INFO - Dependencies all met for <TaskInstance: BRONZER_GET_CRIPTOS.BRONZE_CRIPTO_AVAX scheduled__2024-02-02T00:00:00+00:00 [queued]>
[2024-09-16 00:14:58,680] {taskinstance.py:1356} INFO - 
--------------------------------------------------------------------------------
[2024-09-16 00:14:58,702] {taskinstance.py:1357} INFO - Starting attempt 1 of 1
[2024-09-16 00:14:58,702] {taskinstance.py:1358} INFO - 
--------------------------------------------------------------------------------
[2024-09-16 00:14:58,762] {taskinstance.py:1377} INFO - Executing <Task(_PythonDecoratedOperator): BRONZE_CRIPTO_AVAX> on 2024-02-02 00:00:00+00:00
[2024-09-16 00:14:58,770] {standard_task_runner.py:52} INFO - Started process 52398 to run task
[2024-09-16 00:14:58,787] {standard_task_runner.py:79} INFO - Running: ['airflow', 'tasks', 'run', 'BRONZER_GET_CRIPTOS', 'BRONZE_CRIPTO_AVAX', 'scheduled__2024-02-02T00:00:00+00:00', '--job-id', '1980', '--raw', '--subdir', 'DAGS_FOLDER/get_cripto.py', '--cfg-path', '/tmp/tmp2_89okv6', '--error-file', '/tmp/tmpv3p7tg8k']
[2024-09-16 00:14:58,788] {standard_task_runner.py:80} INFO - Job 1980: Subtask BRONZE_CRIPTO_AVAX
[2024-09-16 00:14:59,057] {task_command.py:370} INFO - Running <TaskInstance: BRONZER_GET_CRIPTOS.BRONZE_CRIPTO_AVAX scheduled__2024-02-02T00:00:00+00:00 [running]> on host kaiwang.
[2024-09-16 00:14:59,303] {taskinstance.py:1569} INFO - Exporting the following env vars:
AIRFLOW_CTX_DAG_OWNER=airflow
AIRFLOW_CTX_DAG_ID=BRONZER_GET_CRIPTOS
AIRFLOW_CTX_TASK_ID=BRONZE_CRIPTO_AVAX
AIRFLOW_CTX_EXECUTION_DATE=2024-02-02T00:00:00+00:00
AIRFLOW_CTX_TRY_NUMBER=1
AIRFLOW_CTX_DAG_RUN_ID=scheduled__2024-02-02T00:00:00+00:00
[2024-09-16 00:15:02,716] {history.py:122} ERROR - $AVAX: possibly delisted; no timezone found
[2024-09-16 00:15:02,719] {python.py:173} INFO - Done. Returned value was: None
[2024-09-16 00:15:02,862] {taskinstance.py:1395} INFO - Marking task as SUCCESS. dag_id=BRONZER_GET_CRIPTOS, task_id=BRONZE_CRIPTO_AVAX, execution_date=20240202T000000, start_date=20240916T031458, end_date=20240916T031502
[2024-09-16 00:15:02,929] {local_task_job.py:156} INFO - Task exited with return code 0
[2024-09-16 00:15:03,223] {local_task_job.py:273} INFO - 0 downstream tasks scheduled from follow-on schedule check
