[2024-09-16 00:06:08,360] {taskinstance.py:1159} INFO - Dependencies all met for <TaskInstance: BRONZER_GET_CRIPTOS.BRONZE_CRIPTO_DOGE scheduled__2024-05-17T00:00:00+00:00 [queued]>
[2024-09-16 00:06:08,403] {taskinstance.py:1159} INFO - Dependencies all met for <TaskInstance: BRONZER_GET_CRIPTOS.BRONZE_CRIPTO_DOGE scheduled__2024-05-17T00:00:00+00:00 [queued]>
[2024-09-16 00:06:08,403] {taskinstance.py:1356} INFO - 
--------------------------------------------------------------------------------
[2024-09-16 00:06:08,403] {taskinstance.py:1357} INFO - Starting attempt 1 of 1
[2024-09-16 00:06:08,403] {taskinstance.py:1358} INFO - 
--------------------------------------------------------------------------------
[2024-09-16 00:06:08,462] {taskinstance.py:1377} INFO - Executing <Task(_PythonDecoratedOperator): BRONZE_CRIPTO_DOGE> on 2024-05-17 00:00:00+00:00
[2024-09-16 00:06:08,474] {standard_task_runner.py:52} INFO - Started process 32775 to run task
[2024-09-16 00:06:08,489] {standard_task_runner.py:79} INFO - Running: ['airflow', 'tasks', 'run', 'BRONZER_GET_CRIPTOS', 'BRONZE_CRIPTO_DOGE', 'scheduled__2024-05-17T00:00:00+00:00', '--job-id', '860', '--raw', '--subdir', 'DAGS_FOLDER/get_cripto.py', '--cfg-path', '/tmp/tmp4yjbzu2i', '--error-file', '/tmp/tmpre6fm8ck']
[2024-09-16 00:06:08,490] {standard_task_runner.py:80} INFO - Job 860: Subtask BRONZE_CRIPTO_DOGE
[2024-09-16 00:06:08,727] {task_command.py:370} INFO - Running <TaskInstance: BRONZER_GET_CRIPTOS.BRONZE_CRIPTO_DOGE scheduled__2024-05-17T00:00:00+00:00 [running]> on host kaiwang.
[2024-09-16 00:06:08,927] {taskinstance.py:1569} INFO - Exporting the following env vars:
AIRFLOW_CTX_DAG_OWNER=airflow
AIRFLOW_CTX_DAG_ID=BRONZER_GET_CRIPTOS
AIRFLOW_CTX_TASK_ID=BRONZE_CRIPTO_DOGE
AIRFLOW_CTX_EXECUTION_DATE=2024-05-17T00:00:00+00:00
AIRFLOW_CTX_TRY_NUMBER=1
AIRFLOW_CTX_DAG_RUN_ID=scheduled__2024-05-17T00:00:00+00:00
[2024-09-16 00:06:12,267] {history.py:122} ERROR - $DOGE: possibly delisted; no timezone found
[2024-09-16 00:06:12,271] {python.py:173} INFO - Done. Returned value was: None
[2024-09-16 00:06:12,339] {taskinstance.py:1395} INFO - Marking task as SUCCESS. dag_id=BRONZER_GET_CRIPTOS, task_id=BRONZE_CRIPTO_DOGE, execution_date=20240517T000000, start_date=20240916T030608, end_date=20240916T030612
[2024-09-16 00:06:12,392] {local_task_job.py:156} INFO - Task exited with return code 0
[2024-09-16 00:06:12,609] {local_task_job.py:273} INFO - 0 downstream tasks scheduled from follow-on schedule check
