[2024-09-16 00:03:00,243] {taskinstance.py:1159} INFO - Dependencies all met for <TaskInstance: BRONZER_GET_STONCKS.BRONZE_STONCKS_MSFT scheduled__2024-01-02T00:00:00+00:00 [queued]>
[2024-09-16 00:03:00,314] {taskinstance.py:1159} INFO - Dependencies all met for <TaskInstance: BRONZER_GET_STONCKS.BRONZE_STONCKS_MSFT scheduled__2024-01-02T00:00:00+00:00 [queued]>
[2024-09-16 00:03:00,314] {taskinstance.py:1356} INFO - 
--------------------------------------------------------------------------------
[2024-09-16 00:03:00,314] {taskinstance.py:1357} INFO - Starting attempt 1 of 1
[2024-09-16 00:03:00,315] {taskinstance.py:1358} INFO - 
--------------------------------------------------------------------------------
[2024-09-16 00:03:00,406] {taskinstance.py:1377} INFO - Executing <Task(_PythonDecoratedOperator): BRONZE_STONCKS_MSFT> on 2024-01-02 00:00:00+00:00
[2024-09-16 00:03:00,465] {standard_task_runner.py:79} INFO - Running: ['airflow', 'tasks', 'run', 'BRONZER_GET_STONCKS', 'BRONZE_STONCKS_MSFT', 'scheduled__2024-01-02T00:00:00+00:00', '--job-id', '20', '--raw', '--subdir', 'DAGS_FOLDER/get_stocks.py', '--cfg-path', '/tmp/tmp704s6t4o', '--error-file', '/tmp/tmppc790rol']
[2024-09-16 00:03:00,467] {standard_task_runner.py:80} INFO - Job 20: Subtask BRONZE_STONCKS_MSFT
[2024-09-16 00:03:00,417] {standard_task_runner.py:52} INFO - Started process 18307 to run task
[2024-09-16 00:03:00,920] {task_command.py:370} INFO - Running <TaskInstance: BRONZER_GET_STONCKS.BRONZE_STONCKS_MSFT scheduled__2024-01-02T00:00:00+00:00 [running]> on host kaiwang.
[2024-09-16 00:03:01,359] {taskinstance.py:1569} INFO - Exporting the following env vars:
AIRFLOW_CTX_DAG_OWNER=airflow
AIRFLOW_CTX_DAG_ID=BRONZER_GET_STONCKS
AIRFLOW_CTX_TASK_ID=BRONZE_STONCKS_MSFT
AIRFLOW_CTX_EXECUTION_DATE=2024-01-02T00:00:00+00:00
AIRFLOW_CTX_TRY_NUMBER=1
AIRFLOW_CTX_DAG_RUN_ID=scheduled__2024-01-02T00:00:00+00:00
[2024-09-16 00:03:01,995] {history.py:244} ERROR - $MSFT: possibly delisted; no price data found  (1h 2023-12-30 -> 2024-01-02)
[2024-09-16 00:03:02,012] {python.py:173} INFO - Done. Returned value was: None
[2024-09-16 00:03:02,174] {taskinstance.py:1395} INFO - Marking task as SUCCESS. dag_id=BRONZER_GET_STONCKS, task_id=BRONZE_STONCKS_MSFT, execution_date=20240102T000000, start_date=20240916T030300, end_date=20240916T030302
[2024-09-16 00:03:02,258] {local_task_job.py:156} INFO - Task exited with return code 0
[2024-09-16 00:03:02,390] {local_task_job.py:273} INFO - 0 downstream tasks scheduled from follow-on schedule check
[2024-09-16 00:12:44,614] {taskinstance.py:1159} INFO - Dependencies all met for <TaskInstance: BRONZER_GET_STONCKS.BRONZE_STONCKS_MSFT scheduled__2024-01-02T00:00:00+00:00 [queued]>
[2024-09-16 00:12:44,641] {taskinstance.py:1159} INFO - Dependencies all met for <TaskInstance: BRONZER_GET_STONCKS.BRONZE_STONCKS_MSFT scheduled__2024-01-02T00:00:00+00:00 [queued]>
[2024-09-16 00:12:44,641] {taskinstance.py:1356} INFO - 
--------------------------------------------------------------------------------
[2024-09-16 00:12:44,641] {taskinstance.py:1357} INFO - Starting attempt 1 of 1
[2024-09-16 00:12:44,641] {taskinstance.py:1358} INFO - 
--------------------------------------------------------------------------------
[2024-09-16 00:12:44,700] {taskinstance.py:1377} INFO - Executing <Task(_PythonDecoratedOperator): BRONZE_STONCKS_MSFT> on 2024-01-02 00:00:00+00:00
[2024-09-16 00:12:44,707] {standard_task_runner.py:52} INFO - Started process 43886 to run task
[2024-09-16 00:12:44,730] {standard_task_runner.py:79} INFO - Running: ['airflow', 'tasks', 'run', 'BRONZER_GET_STONCKS', 'BRONZE_STONCKS_MSFT', 'scheduled__2024-01-02T00:00:00+00:00', '--job-id', '1496', '--raw', '--subdir', 'DAGS_FOLDER/get_stocks.py', '--cfg-path', '/tmp/tmpswahnp3r', '--error-file', '/tmp/tmp8l2548cv']
[2024-09-16 00:12:44,731] {standard_task_runner.py:80} INFO - Job 1496: Subtask BRONZE_STONCKS_MSFT
[2024-09-16 00:12:45,014] {task_command.py:370} INFO - Running <TaskInstance: BRONZER_GET_STONCKS.BRONZE_STONCKS_MSFT scheduled__2024-01-02T00:00:00+00:00 [running]> on host kaiwang.
[2024-09-16 00:12:45,233] {taskinstance.py:1569} INFO - Exporting the following env vars:
AIRFLOW_CTX_DAG_OWNER=airflow
AIRFLOW_CTX_DAG_ID=BRONZER_GET_STONCKS
AIRFLOW_CTX_TASK_ID=BRONZE_STONCKS_MSFT
AIRFLOW_CTX_EXECUTION_DATE=2024-01-02T00:00:00+00:00
AIRFLOW_CTX_TRY_NUMBER=1
AIRFLOW_CTX_DAG_RUN_ID=scheduled__2024-01-02T00:00:00+00:00
[2024-09-16 00:12:46,037] {history.py:244} ERROR - $MSFT: possibly delisted; no price data found  (1h 2023-12-30 -> 2024-01-02)
[2024-09-16 00:12:46,041] {python.py:173} INFO - Done. Returned value was: None
[2024-09-16 00:12:46,062] {taskinstance.py:1395} INFO - Marking task as SUCCESS. dag_id=BRONZER_GET_STONCKS, task_id=BRONZE_STONCKS_MSFT, execution_date=20240102T000000, start_date=20240916T031244, end_date=20240916T031246
[2024-09-16 00:12:46,078] {local_task_job.py:156} INFO - Task exited with return code 0
[2024-09-16 00:12:46,120] {local_task_job.py:273} INFO - 0 downstream tasks scheduled from follow-on schedule check
[2024-09-16 00:14:20,303] {taskinstance.py:1159} INFO - Dependencies all met for <TaskInstance: BRONZER_GET_STONCKS.BRONZE_STONCKS_MSFT scheduled__2024-01-02T00:00:00+00:00 [queued]>
[2024-09-16 00:14:20,358] {taskinstance.py:1159} INFO - Dependencies all met for <TaskInstance: BRONZER_GET_STONCKS.BRONZE_STONCKS_MSFT scheduled__2024-01-02T00:00:00+00:00 [queued]>
[2024-09-16 00:14:20,358] {taskinstance.py:1356} INFO - 
--------------------------------------------------------------------------------
[2024-09-16 00:14:20,358] {taskinstance.py:1357} INFO - Starting attempt 1 of 1
[2024-09-16 00:14:20,358] {taskinstance.py:1358} INFO - 
--------------------------------------------------------------------------------
[2024-09-16 00:14:20,417] {taskinstance.py:1377} INFO - Executing <Task(_PythonDecoratedOperator): BRONZE_STONCKS_MSFT> on 2024-01-02 00:00:00+00:00
[2024-09-16 00:14:20,436] {standard_task_runner.py:52} INFO - Started process 49361 to run task
[2024-09-16 00:14:20,443] {standard_task_runner.py:79} INFO - Running: ['airflow', 'tasks', 'run', 'BRONZER_GET_STONCKS', 'BRONZE_STONCKS_MSFT', 'scheduled__2024-01-02T00:00:00+00:00', '--job-id', '1806', '--raw', '--subdir', 'DAGS_FOLDER/get_stocks.py', '--cfg-path', '/tmp/tmpcm48d_m2', '--error-file', '/tmp/tmparlt0ohd']
[2024-09-16 00:14:20,446] {standard_task_runner.py:80} INFO - Job 1806: Subtask BRONZE_STONCKS_MSFT
[2024-09-16 00:14:20,762] {task_command.py:370} INFO - Running <TaskInstance: BRONZER_GET_STONCKS.BRONZE_STONCKS_MSFT scheduled__2024-01-02T00:00:00+00:00 [running]> on host kaiwang.
[2024-09-16 00:14:21,047] {taskinstance.py:1569} INFO - Exporting the following env vars:
AIRFLOW_CTX_DAG_OWNER=airflow
AIRFLOW_CTX_DAG_ID=BRONZER_GET_STONCKS
AIRFLOW_CTX_TASK_ID=BRONZE_STONCKS_MSFT
AIRFLOW_CTX_EXECUTION_DATE=2024-01-02T00:00:00+00:00
AIRFLOW_CTX_TRY_NUMBER=1
AIRFLOW_CTX_DAG_RUN_ID=scheduled__2024-01-02T00:00:00+00:00
[2024-09-16 00:14:21,603] {history.py:244} ERROR - $MSFT: possibly delisted; no price data found  (1h 2023-12-30 -> 2024-01-02)
[2024-09-16 00:14:21,607] {python.py:173} INFO - Done. Returned value was: None
[2024-09-16 00:14:21,624] {taskinstance.py:1395} INFO - Marking task as SUCCESS. dag_id=BRONZER_GET_STONCKS, task_id=BRONZE_STONCKS_MSFT, execution_date=20240102T000000, start_date=20240916T031420, end_date=20240916T031421
[2024-09-16 00:14:21,653] {local_task_job.py:156} INFO - Task exited with return code 0
[2024-09-16 00:14:21,693] {local_task_job.py:273} INFO - 0 downstream tasks scheduled from follow-on schedule check
