[2024-09-16 00:07:31,267] {taskinstance.py:1159} INFO - Dependencies all met for <TaskInstance: BRONZER_GET_STONCKS.BRONZE_STONCKS_GOOG scheduled__2024-08-28T00:00:00+00:00 [queued]>
[2024-09-16 00:07:31,274] {taskinstance.py:1159} INFO - Dependencies all met for <TaskInstance: BRONZER_GET_STONCKS.BRONZE_STONCKS_GOOG scheduled__2024-08-28T00:00:00+00:00 [queued]>
[2024-09-16 00:07:31,274] {taskinstance.py:1356} INFO - 
--------------------------------------------------------------------------------
[2024-09-16 00:07:31,274] {taskinstance.py:1357} INFO - Starting attempt 1 of 1
[2024-09-16 00:07:31,274] {taskinstance.py:1358} INFO - 
--------------------------------------------------------------------------------
[2024-09-16 00:07:31,283] {taskinstance.py:1377} INFO - Executing <Task(_PythonDecoratedOperator): BRONZE_STONCKS_GOOG> on 2024-08-28 00:00:00+00:00
[2024-09-16 00:07:31,288] {standard_task_runner.py:52} INFO - Started process 39590 to run task
[2024-09-16 00:07:31,292] {standard_task_runner.py:79} INFO - Running: ['airflow', 'tasks', 'run', 'BRONZER_GET_STONCKS', 'BRONZE_STONCKS_GOOG', 'scheduled__2024-08-28T00:00:00+00:00', '--job-id', '1255', '--raw', '--subdir', 'DAGS_FOLDER/get_stocks.py', '--cfg-path', '/tmp/tmpxvr4e481', '--error-file', '/tmp/tmp82dxg78f']
[2024-09-16 00:07:31,293] {standard_task_runner.py:80} INFO - Job 1255: Subtask BRONZE_STONCKS_GOOG
[2024-09-16 00:07:31,378] {task_command.py:370} INFO - Running <TaskInstance: BRONZER_GET_STONCKS.BRONZE_STONCKS_GOOG scheduled__2024-08-28T00:00:00+00:00 [running]> on host kaiwang.
[2024-09-16 00:07:31,509] {taskinstance.py:1569} INFO - Exporting the following env vars:
AIRFLOW_CTX_DAG_OWNER=airflow
AIRFLOW_CTX_DAG_ID=BRONZER_GET_STONCKS
AIRFLOW_CTX_TASK_ID=BRONZE_STONCKS_GOOG
AIRFLOW_CTX_EXECUTION_DATE=2024-08-28T00:00:00+00:00
AIRFLOW_CTX_TRY_NUMBER=1
AIRFLOW_CTX_DAG_RUN_ID=scheduled__2024-08-28T00:00:00+00:00
[2024-09-16 00:07:32,047] {python.py:173} INFO - Done. Returned value was: None
[2024-09-16 00:07:32,069] {taskinstance.py:1395} INFO - Marking task as SUCCESS. dag_id=BRONZER_GET_STONCKS, task_id=BRONZE_STONCKS_GOOG, execution_date=20240828T000000, start_date=20240916T030731, end_date=20240916T030732
[2024-09-16 00:07:32,106] {local_task_job.py:156} INFO - Task exited with return code 0
[2024-09-16 00:07:32,168] {local_task_job.py:273} INFO - 0 downstream tasks scheduled from follow-on schedule check
[2024-09-16 13:56:27,439] {taskinstance.py:1159} INFO - Dependencies all met for <TaskInstance: BRONZER_GET_STONCKS.BRONZE_STONCKS_GOOG scheduled__2024-08-28T00:00:00+00:00 [queued]>
[2024-09-16 13:56:27,461] {taskinstance.py:1159} INFO - Dependencies all met for <TaskInstance: BRONZER_GET_STONCKS.BRONZE_STONCKS_GOOG scheduled__2024-08-28T00:00:00+00:00 [queued]>
[2024-09-16 13:56:27,461] {taskinstance.py:1356} INFO - 
--------------------------------------------------------------------------------
[2024-09-16 13:56:27,461] {taskinstance.py:1357} INFO - Starting attempt 1 of 1
[2024-09-16 13:56:27,461] {taskinstance.py:1358} INFO - 
--------------------------------------------------------------------------------
[2024-09-16 13:56:27,482] {taskinstance.py:1377} INFO - Executing <Task(_PythonDecoratedOperator): BRONZE_STONCKS_GOOG> on 2024-08-28 00:00:00+00:00
[2024-09-16 13:56:27,490] {standard_task_runner.py:52} INFO - Started process 139055 to run task
[2024-09-16 13:56:27,494] {standard_task_runner.py:79} INFO - Running: ['airflow', 'tasks', 'run', 'BRONZER_GET_STONCKS', 'BRONZE_STONCKS_GOOG', 'scheduled__2024-08-28T00:00:00+00:00', '--job-id', '2584', '--raw', '--subdir', 'DAGS_FOLDER/get_stocks.py', '--cfg-path', '/tmp/tmph685j9cw', '--error-file', '/tmp/tmpx4_gak0_']
[2024-09-16 13:56:27,496] {standard_task_runner.py:80} INFO - Job 2584: Subtask BRONZE_STONCKS_GOOG
[2024-09-16 13:56:27,625] {task_command.py:370} INFO - Running <TaskInstance: BRONZER_GET_STONCKS.BRONZE_STONCKS_GOOG scheduled__2024-08-28T00:00:00+00:00 [running]> on host kaiwang.
[2024-09-16 13:56:27,964] {taskinstance.py:1569} INFO - Exporting the following env vars:
AIRFLOW_CTX_DAG_OWNER=airflow
AIRFLOW_CTX_DAG_ID=BRONZER_GET_STONCKS
AIRFLOW_CTX_TASK_ID=BRONZE_STONCKS_GOOG
AIRFLOW_CTX_EXECUTION_DATE=2024-08-28T00:00:00+00:00
AIRFLOW_CTX_TRY_NUMBER=1
AIRFLOW_CTX_DAG_RUN_ID=scheduled__2024-08-28T00:00:00+00:00
[2024-09-16 13:56:28,606] {python.py:173} INFO - Done. Returned value was: None
[2024-09-16 13:56:28,650] {taskinstance.py:1395} INFO - Marking task as SUCCESS. dag_id=BRONZER_GET_STONCKS, task_id=BRONZE_STONCKS_GOOG, execution_date=20240828T000000, start_date=20240916T165627, end_date=20240916T165628
[2024-09-16 13:56:28,683] {local_task_job.py:156} INFO - Task exited with return code 0
[2024-09-16 13:56:28,797] {local_task_job.py:273} INFO - 0 downstream tasks scheduled from follow-on schedule check
