[2024-09-16 00:03:49,379] {taskinstance.py:1159} INFO - Dependencies all met for <TaskInstance: BRONZER_GET_CRIPTOS.BRONZE_CRIPTO_DOGE scheduled__2024-02-06T00:00:00+00:00 [queued]>
[2024-09-16 00:03:49,444] {taskinstance.py:1159} INFO - Dependencies all met for <TaskInstance: BRONZER_GET_CRIPTOS.BRONZE_CRIPTO_DOGE scheduled__2024-02-06T00:00:00+00:00 [queued]>
[2024-09-16 00:03:49,444] {taskinstance.py:1356} INFO - 
--------------------------------------------------------------------------------
[2024-09-16 00:03:49,444] {taskinstance.py:1357} INFO - Starting attempt 1 of 1
[2024-09-16 00:03:49,444] {taskinstance.py:1358} INFO - 
--------------------------------------------------------------------------------
[2024-09-16 00:03:49,502] {taskinstance.py:1377} INFO - Executing <Task(_PythonDecoratedOperator): BRONZE_CRIPTO_DOGE> on 2024-02-06 00:00:00+00:00
[2024-09-16 00:03:49,507] {standard_task_runner.py:52} INFO - Started process 21657 to run task
[2024-09-16 00:03:49,536] {standard_task_runner.py:79} INFO - Running: ['airflow', 'tasks', 'run', 'BRONZER_GET_CRIPTOS', 'BRONZE_CRIPTO_DOGE', 'scheduled__2024-02-06T00:00:00+00:00', '--job-id', '215', '--raw', '--subdir', 'DAGS_FOLDER/get_cripto.py', '--cfg-path', '/tmp/tmpomyib1bz', '--error-file', '/tmp/tmpcefgx_mc']
[2024-09-16 00:03:49,537] {standard_task_runner.py:80} INFO - Job 215: Subtask BRONZE_CRIPTO_DOGE
[2024-09-16 00:03:49,877] {task_command.py:370} INFO - Running <TaskInstance: BRONZER_GET_CRIPTOS.BRONZE_CRIPTO_DOGE scheduled__2024-02-06T00:00:00+00:00 [running]> on host kaiwang.
[2024-09-16 00:03:50,252] {taskinstance.py:1569} INFO - Exporting the following env vars:
AIRFLOW_CTX_DAG_OWNER=airflow
AIRFLOW_CTX_DAG_ID=BRONZER_GET_CRIPTOS
AIRFLOW_CTX_TASK_ID=BRONZE_CRIPTO_DOGE
AIRFLOW_CTX_EXECUTION_DATE=2024-02-06T00:00:00+00:00
AIRFLOW_CTX_TRY_NUMBER=1
AIRFLOW_CTX_DAG_RUN_ID=scheduled__2024-02-06T00:00:00+00:00
[2024-09-16 00:03:53,332] {history.py:122} ERROR - $DOGE: possibly delisted; no timezone found
[2024-09-16 00:03:53,341] {python.py:173} INFO - Done. Returned value was: None
[2024-09-16 00:03:53,759] {taskinstance.py:1395} INFO - Marking task as SUCCESS. dag_id=BRONZER_GET_CRIPTOS, task_id=BRONZE_CRIPTO_DOGE, execution_date=20240206T000000, start_date=20240916T030349, end_date=20240916T030353
[2024-09-16 00:03:54,084] {local_task_job.py:156} INFO - Task exited with return code 0
[2024-09-16 00:03:54,460] {local_task_job.py:273} INFO - 0 downstream tasks scheduled from follow-on schedule check
[2024-09-16 00:13:27,064] {taskinstance.py:1159} INFO - Dependencies all met for <TaskInstance: BRONZER_GET_CRIPTOS.BRONZE_CRIPTO_DOGE scheduled__2024-02-06T00:00:00+00:00 [queued]>
[2024-09-16 00:13:27,077] {taskinstance.py:1159} INFO - Dependencies all met for <TaskInstance: BRONZER_GET_CRIPTOS.BRONZE_CRIPTO_DOGE scheduled__2024-02-06T00:00:00+00:00 [queued]>
[2024-09-16 00:13:27,077] {taskinstance.py:1356} INFO - 
--------------------------------------------------------------------------------
[2024-09-16 00:13:27,077] {taskinstance.py:1357} INFO - Starting attempt 1 of 1
[2024-09-16 00:13:27,077] {taskinstance.py:1358} INFO - 
--------------------------------------------------------------------------------
[2024-09-16 00:13:27,093] {taskinstance.py:1377} INFO - Executing <Task(_PythonDecoratedOperator): BRONZE_CRIPTO_DOGE> on 2024-02-06 00:00:00+00:00
[2024-09-16 00:13:27,111] {standard_task_runner.py:52} INFO - Started process 47239 to run task
[2024-09-16 00:13:27,123] {standard_task_runner.py:79} INFO - Running: ['airflow', 'tasks', 'run', 'BRONZER_GET_CRIPTOS', 'BRONZE_CRIPTO_DOGE', 'scheduled__2024-02-06T00:00:00+00:00', '--job-id', '1685', '--raw', '--subdir', 'DAGS_FOLDER/get_cripto.py', '--cfg-path', '/tmp/tmprhjy_jug', '--error-file', '/tmp/tmp39gcgl9h']
[2024-09-16 00:13:27,125] {standard_task_runner.py:80} INFO - Job 1685: Subtask BRONZE_CRIPTO_DOGE
[2024-09-16 00:13:27,290] {task_command.py:370} INFO - Running <TaskInstance: BRONZER_GET_CRIPTOS.BRONZE_CRIPTO_DOGE scheduled__2024-02-06T00:00:00+00:00 [running]> on host kaiwang.
[2024-09-16 00:13:27,424] {taskinstance.py:1569} INFO - Exporting the following env vars:
AIRFLOW_CTX_DAG_OWNER=airflow
AIRFLOW_CTX_DAG_ID=BRONZER_GET_CRIPTOS
AIRFLOW_CTX_TASK_ID=BRONZE_CRIPTO_DOGE
AIRFLOW_CTX_EXECUTION_DATE=2024-02-06T00:00:00+00:00
AIRFLOW_CTX_TRY_NUMBER=1
AIRFLOW_CTX_DAG_RUN_ID=scheduled__2024-02-06T00:00:00+00:00
[2024-09-16 00:13:30,760] {history.py:122} ERROR - $DOGE: possibly delisted; no timezone found
[2024-09-16 00:13:30,764] {python.py:173} INFO - Done. Returned value was: None
[2024-09-16 00:13:30,851] {taskinstance.py:1395} INFO - Marking task as SUCCESS. dag_id=BRONZER_GET_CRIPTOS, task_id=BRONZE_CRIPTO_DOGE, execution_date=20240206T000000, start_date=20240916T031327, end_date=20240916T031330
[2024-09-16 00:13:30,973] {local_task_job.py:156} INFO - Task exited with return code 0
[2024-09-16 00:13:31,078] {local_task_job.py:273} INFO - 0 downstream tasks scheduled from follow-on schedule check
[2024-09-16 00:15:04,159] {taskinstance.py:1159} INFO - Dependencies all met for <TaskInstance: BRONZER_GET_CRIPTOS.BRONZE_CRIPTO_DOGE scheduled__2024-02-06T00:00:00+00:00 [queued]>
[2024-09-16 00:15:04,204] {taskinstance.py:1159} INFO - Dependencies all met for <TaskInstance: BRONZER_GET_CRIPTOS.BRONZE_CRIPTO_DOGE scheduled__2024-02-06T00:00:00+00:00 [queued]>
[2024-09-16 00:15:04,204] {taskinstance.py:1356} INFO - 
--------------------------------------------------------------------------------
[2024-09-16 00:15:04,204] {taskinstance.py:1357} INFO - Starting attempt 1 of 1
[2024-09-16 00:15:04,204] {taskinstance.py:1358} INFO - 
--------------------------------------------------------------------------------
[2024-09-16 00:15:04,246] {taskinstance.py:1377} INFO - Executing <Task(_PythonDecoratedOperator): BRONZE_CRIPTO_DOGE> on 2024-02-06 00:00:00+00:00
[2024-09-16 00:15:04,254] {standard_task_runner.py:52} INFO - Started process 52863 to run task
[2024-09-16 00:15:04,294] {standard_task_runner.py:79} INFO - Running: ['airflow', 'tasks', 'run', 'BRONZER_GET_CRIPTOS', 'BRONZE_CRIPTO_DOGE', 'scheduled__2024-02-06T00:00:00+00:00', '--job-id', '2007', '--raw', '--subdir', 'DAGS_FOLDER/get_cripto.py', '--cfg-path', '/tmp/tmpmiqa51jz', '--error-file', '/tmp/tmpg8742goa']
[2024-09-16 00:15:04,295] {standard_task_runner.py:80} INFO - Job 2007: Subtask BRONZE_CRIPTO_DOGE
[2024-09-16 00:15:04,561] {task_command.py:370} INFO - Running <TaskInstance: BRONZER_GET_CRIPTOS.BRONZE_CRIPTO_DOGE scheduled__2024-02-06T00:00:00+00:00 [running]> on host kaiwang.
[2024-09-16 00:15:04,832] {taskinstance.py:1569} INFO - Exporting the following env vars:
AIRFLOW_CTX_DAG_OWNER=airflow
AIRFLOW_CTX_DAG_ID=BRONZER_GET_CRIPTOS
AIRFLOW_CTX_TASK_ID=BRONZE_CRIPTO_DOGE
AIRFLOW_CTX_EXECUTION_DATE=2024-02-06T00:00:00+00:00
AIRFLOW_CTX_TRY_NUMBER=1
AIRFLOW_CTX_DAG_RUN_ID=scheduled__2024-02-06T00:00:00+00:00
[2024-09-16 00:15:07,280] {history.py:122} ERROR - $DOGE: possibly delisted; no timezone found
[2024-09-16 00:15:07,284] {python.py:173} INFO - Done. Returned value was: None
[2024-09-16 00:15:07,344] {taskinstance.py:1395} INFO - Marking task as SUCCESS. dag_id=BRONZER_GET_CRIPTOS, task_id=BRONZE_CRIPTO_DOGE, execution_date=20240206T000000, start_date=20240916T031504, end_date=20240916T031507
[2024-09-16 00:15:07,486] {local_task_job.py:156} INFO - Task exited with return code 0
[2024-09-16 00:15:07,607] {local_task_job.py:273} INFO - 0 downstream tasks scheduled from follow-on schedule check
