[2024-09-16 00:05:11,824] {taskinstance.py:1159} INFO - Dependencies all met for <TaskInstance: BRONZER_GET_CRIPTOS.BRONZE_CRIPTO_ETH scheduled__2024-04-05T00:00:00+00:00 [queued]>
[2024-09-16 00:05:11,895] {taskinstance.py:1159} INFO - Dependencies all met for <TaskInstance: BRONZER_GET_CRIPTOS.BRONZE_CRIPTO_ETH scheduled__2024-04-05T00:00:00+00:00 [queued]>
[2024-09-16 00:05:11,895] {taskinstance.py:1356} INFO - 
--------------------------------------------------------------------------------
[2024-09-16 00:05:11,896] {taskinstance.py:1357} INFO - Starting attempt 1 of 1
[2024-09-16 00:05:11,896] {taskinstance.py:1358} INFO - 
--------------------------------------------------------------------------------
[2024-09-16 00:05:11,963] {taskinstance.py:1377} INFO - Executing <Task(_PythonDecoratedOperator): BRONZE_CRIPTO_ETH> on 2024-04-05 00:00:00+00:00
[2024-09-16 00:05:12,018] {standard_task_runner.py:52} INFO - Started process 28058 to run task
[2024-09-16 00:05:12,065] {standard_task_runner.py:79} INFO - Running: ['airflow', 'tasks', 'run', 'BRONZER_GET_CRIPTOS', 'BRONZE_CRIPTO_ETH', 'scheduled__2024-04-05T00:00:00+00:00', '--job-id', '579', '--raw', '--subdir', 'DAGS_FOLDER/get_cripto.py', '--cfg-path', '/tmp/tmpeddaziox', '--error-file', '/tmp/tmp0l9xircn']
[2024-09-16 00:05:12,067] {standard_task_runner.py:80} INFO - Job 579: Subtask BRONZE_CRIPTO_ETH
[2024-09-16 00:05:12,455] {task_command.py:370} INFO - Running <TaskInstance: BRONZER_GET_CRIPTOS.BRONZE_CRIPTO_ETH scheduled__2024-04-05T00:00:00+00:00 [running]> on host kaiwang.
[2024-09-16 00:05:12,762] {taskinstance.py:1569} INFO - Exporting the following env vars:
AIRFLOW_CTX_DAG_OWNER=airflow
AIRFLOW_CTX_DAG_ID=BRONZER_GET_CRIPTOS
AIRFLOW_CTX_TASK_ID=BRONZE_CRIPTO_ETH
AIRFLOW_CTX_EXECUTION_DATE=2024-04-05T00:00:00+00:00
AIRFLOW_CTX_TRY_NUMBER=1
AIRFLOW_CTX_DAG_RUN_ID=scheduled__2024-04-05T00:00:00+00:00
[2024-09-16 00:05:16,267] {history.py:244} ERROR - $ETH: possibly delisted; no price data found  (1h 2024-04-02 -> 2024-04-05) (Yahoo error = "Data doesn't exist for startDate = 1712030400, endDate = 1712289600")
[2024-09-16 00:05:16,271] {python.py:173} INFO - Done. Returned value was: None
[2024-09-16 00:05:16,324] {taskinstance.py:1395} INFO - Marking task as SUCCESS. dag_id=BRONZER_GET_CRIPTOS, task_id=BRONZE_CRIPTO_ETH, execution_date=20240405T000000, start_date=20240916T030511, end_date=20240916T030516
[2024-09-16 00:05:16,415] {local_task_job.py:156} INFO - Task exited with return code 0
[2024-09-16 00:05:16,606] {local_task_job.py:273} INFO - 0 downstream tasks scheduled from follow-on schedule check
