[2024-09-16 00:05:13,592] {taskinstance.py:1159} INFO - Dependencies all met for <TaskInstance: BRONZER_GET_STONCKS.BRONZE_STONCKS_MSFT scheduled__2024-04-17T00:00:00+00:00 [queued]>
[2024-09-16 00:05:13,652] {taskinstance.py:1159} INFO - Dependencies all met for <TaskInstance: BRONZER_GET_STONCKS.BRONZE_STONCKS_MSFT scheduled__2024-04-17T00:00:00+00:00 [queued]>
[2024-09-16 00:05:13,652] {taskinstance.py:1356} INFO - 
--------------------------------------------------------------------------------
[2024-09-16 00:05:13,652] {taskinstance.py:1357} INFO - Starting attempt 1 of 1
[2024-09-16 00:05:13,652] {taskinstance.py:1358} INFO - 
--------------------------------------------------------------------------------
[2024-09-16 00:05:13,673] {taskinstance.py:1377} INFO - Executing <Task(_PythonDecoratedOperator): BRONZE_STONCKS_MSFT> on 2024-04-17 00:00:00+00:00
[2024-09-16 00:05:13,678] {standard_task_runner.py:52} INFO - Started process 28171 to run task
[2024-09-16 00:05:13,686] {standard_task_runner.py:79} INFO - Running: ['airflow', 'tasks', 'run', 'BRONZER_GET_STONCKS', 'BRONZE_STONCKS_MSFT', 'scheduled__2024-04-17T00:00:00+00:00', '--job-id', '588', '--raw', '--subdir', 'DAGS_FOLDER/get_stocks.py', '--cfg-path', '/tmp/tmpl_gl7xo5', '--error-file', '/tmp/tmpl59oycok']
[2024-09-16 00:05:13,687] {standard_task_runner.py:80} INFO - Job 588: Subtask BRONZE_STONCKS_MSFT
[2024-09-16 00:05:13,897] {task_command.py:370} INFO - Running <TaskInstance: BRONZER_GET_STONCKS.BRONZE_STONCKS_MSFT scheduled__2024-04-17T00:00:00+00:00 [running]> on host kaiwang.
[2024-09-16 00:05:14,207] {taskinstance.py:1569} INFO - Exporting the following env vars:
AIRFLOW_CTX_DAG_OWNER=airflow
AIRFLOW_CTX_DAG_ID=BRONZER_GET_STONCKS
AIRFLOW_CTX_TASK_ID=BRONZE_STONCKS_MSFT
AIRFLOW_CTX_EXECUTION_DATE=2024-04-17T00:00:00+00:00
AIRFLOW_CTX_TRY_NUMBER=1
AIRFLOW_CTX_DAG_RUN_ID=scheduled__2024-04-17T00:00:00+00:00
[2024-09-16 00:05:14,841] {python.py:173} INFO - Done. Returned value was: None
[2024-09-16 00:05:14,858] {taskinstance.py:1395} INFO - Marking task as SUCCESS. dag_id=BRONZER_GET_STONCKS, task_id=BRONZE_STONCKS_MSFT, execution_date=20240417T000000, start_date=20240916T030513, end_date=20240916T030514
[2024-09-16 00:05:14,890] {local_task_job.py:156} INFO - Task exited with return code 0
[2024-09-16 00:05:14,961] {local_task_job.py:273} INFO - 0 downstream tasks scheduled from follow-on schedule check
[2024-09-16 00:16:13,751] {taskinstance.py:1159} INFO - Dependencies all met for <TaskInstance: BRONZER_GET_STONCKS.BRONZE_STONCKS_MSFT scheduled__2024-04-17T00:00:00+00:00 [queued]>
[2024-09-16 00:16:13,797] {taskinstance.py:1159} INFO - Dependencies all met for <TaskInstance: BRONZER_GET_STONCKS.BRONZE_STONCKS_MSFT scheduled__2024-04-17T00:00:00+00:00 [queued]>
[2024-09-16 00:16:13,798] {taskinstance.py:1356} INFO - 
--------------------------------------------------------------------------------
[2024-09-16 00:16:13,798] {taskinstance.py:1357} INFO - Starting attempt 1 of 1
[2024-09-16 00:16:13,798] {taskinstance.py:1358} INFO - 
--------------------------------------------------------------------------------
[2024-09-16 00:16:13,883] {taskinstance.py:1377} INFO - Executing <Task(_PythonDecoratedOperator): BRONZE_STONCKS_MSFT> on 2024-04-17 00:00:00+00:00
[2024-09-16 00:16:13,900] {standard_task_runner.py:52} INFO - Started process 58540 to run task
[2024-09-16 00:16:13,912] {standard_task_runner.py:79} INFO - Running: ['airflow', 'tasks', 'run', 'BRONZER_GET_STONCKS', 'BRONZE_STONCKS_MSFT', 'scheduled__2024-04-17T00:00:00+00:00', '--job-id', '2338', '--raw', '--subdir', 'DAGS_FOLDER/get_stocks.py', '--cfg-path', '/tmp/tmpkn8g5x11', '--error-file', '/tmp/tmpoakl8h9r']
[2024-09-16 00:16:13,913] {standard_task_runner.py:80} INFO - Job 2338: Subtask BRONZE_STONCKS_MSFT
[2024-09-16 00:16:14,221] {task_command.py:370} INFO - Running <TaskInstance: BRONZER_GET_STONCKS.BRONZE_STONCKS_MSFT scheduled__2024-04-17T00:00:00+00:00 [running]> on host kaiwang.
[2024-09-16 00:16:14,478] {taskinstance.py:1569} INFO - Exporting the following env vars:
AIRFLOW_CTX_DAG_OWNER=airflow
AIRFLOW_CTX_DAG_ID=BRONZER_GET_STONCKS
AIRFLOW_CTX_TASK_ID=BRONZE_STONCKS_MSFT
AIRFLOW_CTX_EXECUTION_DATE=2024-04-17T00:00:00+00:00
AIRFLOW_CTX_TRY_NUMBER=1
AIRFLOW_CTX_DAG_RUN_ID=scheduled__2024-04-17T00:00:00+00:00
[2024-09-16 00:16:15,177] {python.py:173} INFO - Done. Returned value was: None
[2024-09-16 00:16:15,458] {taskinstance.py:1395} INFO - Marking task as SUCCESS. dag_id=BRONZER_GET_STONCKS, task_id=BRONZE_STONCKS_MSFT, execution_date=20240417T000000, start_date=20240916T031613, end_date=20240916T031615
[2024-09-16 00:16:15,544] {local_task_job.py:156} INFO - Task exited with return code 0
[2024-09-16 00:16:15,732] {local_task_job.py:273} INFO - 0 downstream tasks scheduled from follow-on schedule check
