[2024-09-16 00:05:02,491] {taskinstance.py:1159} INFO - Dependencies all met for <TaskInstance: BRONZER_GET_STONCKS.BRONZE_STONCKS_TSLA scheduled__2024-04-09T00:00:00+00:00 [queued]>
[2024-09-16 00:05:02,552] {taskinstance.py:1159} INFO - Dependencies all met for <TaskInstance: BRONZER_GET_STONCKS.BRONZE_STONCKS_TSLA scheduled__2024-04-09T00:00:00+00:00 [queued]>
[2024-09-16 00:05:02,552] {taskinstance.py:1356} INFO - 
--------------------------------------------------------------------------------
[2024-09-16 00:05:02,553] {taskinstance.py:1357} INFO - Starting attempt 1 of 1
[2024-09-16 00:05:02,553] {taskinstance.py:1358} INFO - 
--------------------------------------------------------------------------------
[2024-09-16 00:05:02,612] {taskinstance.py:1377} INFO - Executing <Task(_PythonDecoratedOperator): BRONZE_STONCKS_TSLA> on 2024-04-09 00:00:00+00:00
[2024-09-16 00:05:02,618] {standard_task_runner.py:52} INFO - Started process 27285 to run task
[2024-09-16 00:05:02,694] {standard_task_runner.py:79} INFO - Running: ['airflow', 'tasks', 'run', 'BRONZER_GET_STONCKS', 'BRONZE_STONCKS_TSLA', 'scheduled__2024-04-09T00:00:00+00:00', '--job-id', '533', '--raw', '--subdir', 'DAGS_FOLDER/get_stocks.py', '--cfg-path', '/tmp/tmp0c0_cub_', '--error-file', '/tmp/tmpy8wge0mp']
[2024-09-16 00:05:02,699] {standard_task_runner.py:80} INFO - Job 533: Subtask BRONZE_STONCKS_TSLA
[2024-09-16 00:05:03,272] {task_command.py:370} INFO - Running <TaskInstance: BRONZER_GET_STONCKS.BRONZE_STONCKS_TSLA scheduled__2024-04-09T00:00:00+00:00 [running]> on host kaiwang.
[2024-09-16 00:05:03,637] {taskinstance.py:1569} INFO - Exporting the following env vars:
AIRFLOW_CTX_DAG_OWNER=airflow
AIRFLOW_CTX_DAG_ID=BRONZER_GET_STONCKS
AIRFLOW_CTX_TASK_ID=BRONZE_STONCKS_TSLA
AIRFLOW_CTX_EXECUTION_DATE=2024-04-09T00:00:00+00:00
AIRFLOW_CTX_TRY_NUMBER=1
AIRFLOW_CTX_DAG_RUN_ID=scheduled__2024-04-09T00:00:00+00:00
[2024-09-16 00:05:04,532] {python.py:173} INFO - Done. Returned value was: None
[2024-09-16 00:05:04,862] {taskinstance.py:1395} INFO - Marking task as SUCCESS. dag_id=BRONZER_GET_STONCKS, task_id=BRONZE_STONCKS_TSLA, execution_date=20240409T000000, start_date=20240916T030502, end_date=20240916T030504
[2024-09-16 00:05:05,048] {local_task_job.py:156} INFO - Task exited with return code 0
[2024-09-16 00:05:05,222] {local_task_job.py:273} INFO - 0 downstream tasks scheduled from follow-on schedule check
[2024-09-16 00:16:07,180] {taskinstance.py:1159} INFO - Dependencies all met for <TaskInstance: BRONZER_GET_STONCKS.BRONZE_STONCKS_TSLA scheduled__2024-04-09T00:00:00+00:00 [queued]>
[2024-09-16 00:16:07,231] {taskinstance.py:1159} INFO - Dependencies all met for <TaskInstance: BRONZER_GET_STONCKS.BRONZE_STONCKS_TSLA scheduled__2024-04-09T00:00:00+00:00 [queued]>
[2024-09-16 00:16:07,232] {taskinstance.py:1356} INFO - 
--------------------------------------------------------------------------------
[2024-09-16 00:16:07,232] {taskinstance.py:1357} INFO - Starting attempt 1 of 1
[2024-09-16 00:16:07,232] {taskinstance.py:1358} INFO - 
--------------------------------------------------------------------------------
[2024-09-16 00:16:07,353] {taskinstance.py:1377} INFO - Executing <Task(_PythonDecoratedOperator): BRONZE_STONCKS_TSLA> on 2024-04-09 00:00:00+00:00
[2024-09-16 00:16:07,360] {standard_task_runner.py:52} INFO - Started process 58080 to run task
[2024-09-16 00:16:07,382] {standard_task_runner.py:79} INFO - Running: ['airflow', 'tasks', 'run', 'BRONZER_GET_STONCKS', 'BRONZE_STONCKS_TSLA', 'scheduled__2024-04-09T00:00:00+00:00', '--job-id', '2315', '--raw', '--subdir', 'DAGS_FOLDER/get_stocks.py', '--cfg-path', '/tmp/tmpgtjpyo40', '--error-file', '/tmp/tmpnm8zm432']
[2024-09-16 00:16:07,383] {standard_task_runner.py:80} INFO - Job 2315: Subtask BRONZE_STONCKS_TSLA
[2024-09-16 00:16:07,690] {task_command.py:370} INFO - Running <TaskInstance: BRONZER_GET_STONCKS.BRONZE_STONCKS_TSLA scheduled__2024-04-09T00:00:00+00:00 [running]> on host kaiwang.
[2024-09-16 00:16:08,029] {taskinstance.py:1569} INFO - Exporting the following env vars:
AIRFLOW_CTX_DAG_OWNER=airflow
AIRFLOW_CTX_DAG_ID=BRONZER_GET_STONCKS
AIRFLOW_CTX_TASK_ID=BRONZE_STONCKS_TSLA
AIRFLOW_CTX_EXECUTION_DATE=2024-04-09T00:00:00+00:00
AIRFLOW_CTX_TRY_NUMBER=1
AIRFLOW_CTX_DAG_RUN_ID=scheduled__2024-04-09T00:00:00+00:00
[2024-09-16 00:16:08,637] {python.py:173} INFO - Done. Returned value was: None
[2024-09-16 00:16:08,697] {taskinstance.py:1395} INFO - Marking task as SUCCESS. dag_id=BRONZER_GET_STONCKS, task_id=BRONZE_STONCKS_TSLA, execution_date=20240409T000000, start_date=20240916T031607, end_date=20240916T031608
[2024-09-16 00:16:08,773] {local_task_job.py:156} INFO - Task exited with return code 0
[2024-09-16 00:16:08,874] {local_task_job.py:273} INFO - 0 downstream tasks scheduled from follow-on schedule check
