[2024-09-16 00:04:44,424] {taskinstance.py:1159} INFO - Dependencies all met for <TaskInstance: BRONZER_GET_STONCKS.BRONZE_STONCKS_TSLA scheduled__2024-03-28T00:00:00+00:00 [queued]>
[2024-09-16 00:04:44,467] {taskinstance.py:1159} INFO - Dependencies all met for <TaskInstance: BRONZER_GET_STONCKS.BRONZE_STONCKS_TSLA scheduled__2024-03-28T00:00:00+00:00 [queued]>
[2024-09-16 00:04:44,468] {taskinstance.py:1356} INFO - 
--------------------------------------------------------------------------------
[2024-09-16 00:04:44,468] {taskinstance.py:1357} INFO - Starting attempt 1 of 1
[2024-09-16 00:04:44,468] {taskinstance.py:1358} INFO - 
--------------------------------------------------------------------------------
[2024-09-16 00:04:44,520] {taskinstance.py:1377} INFO - Executing <Task(_PythonDecoratedOperator): BRONZE_STONCKS_TSLA> on 2024-03-28 00:00:00+00:00
[2024-09-16 00:04:44,531] {standard_task_runner.py:52} INFO - Started process 26102 to run task
[2024-09-16 00:04:44,593] {standard_task_runner.py:79} INFO - Running: ['airflow', 'tasks', 'run', 'BRONZER_GET_STONCKS', 'BRONZE_STONCKS_TSLA', 'scheduled__2024-03-28T00:00:00+00:00', '--job-id', '471', '--raw', '--subdir', 'DAGS_FOLDER/get_stocks.py', '--cfg-path', '/tmp/tmpoookubjp', '--error-file', '/tmp/tmpk4p4ffoi']
[2024-09-16 00:04:44,595] {standard_task_runner.py:80} INFO - Job 471: Subtask BRONZE_STONCKS_TSLA
[2024-09-16 00:04:44,906] {task_command.py:370} INFO - Running <TaskInstance: BRONZER_GET_STONCKS.BRONZE_STONCKS_TSLA scheduled__2024-03-28T00:00:00+00:00 [running]> on host kaiwang.
[2024-09-16 00:04:45,338] {taskinstance.py:1569} INFO - Exporting the following env vars:
AIRFLOW_CTX_DAG_OWNER=airflow
AIRFLOW_CTX_DAG_ID=BRONZER_GET_STONCKS
AIRFLOW_CTX_TASK_ID=BRONZE_STONCKS_TSLA
AIRFLOW_CTX_EXECUTION_DATE=2024-03-28T00:00:00+00:00
AIRFLOW_CTX_TRY_NUMBER=1
AIRFLOW_CTX_DAG_RUN_ID=scheduled__2024-03-28T00:00:00+00:00
[2024-09-16 00:04:46,078] {python.py:173} INFO - Done. Returned value was: None
[2024-09-16 00:04:46,189] {taskinstance.py:1395} INFO - Marking task as SUCCESS. dag_id=BRONZER_GET_STONCKS, task_id=BRONZE_STONCKS_TSLA, execution_date=20240328T000000, start_date=20240916T030444, end_date=20240916T030446
[2024-09-16 00:04:46,275] {local_task_job.py:156} INFO - Task exited with return code 0
[2024-09-16 00:04:46,432] {local_task_job.py:273} INFO - 0 downstream tasks scheduled from follow-on schedule check
[2024-09-16 00:15:54,610] {taskinstance.py:1159} INFO - Dependencies all met for <TaskInstance: BRONZER_GET_STONCKS.BRONZE_STONCKS_TSLA scheduled__2024-03-28T00:00:00+00:00 [queued]>
[2024-09-16 00:15:54,640] {taskinstance.py:1159} INFO - Dependencies all met for <TaskInstance: BRONZER_GET_STONCKS.BRONZE_STONCKS_TSLA scheduled__2024-03-28T00:00:00+00:00 [queued]>
[2024-09-16 00:15:54,640] {taskinstance.py:1356} INFO - 
--------------------------------------------------------------------------------
[2024-09-16 00:15:54,641] {taskinstance.py:1357} INFO - Starting attempt 1 of 1
[2024-09-16 00:15:54,641] {taskinstance.py:1358} INFO - 
--------------------------------------------------------------------------------
[2024-09-16 00:15:54,658] {taskinstance.py:1377} INFO - Executing <Task(_PythonDecoratedOperator): BRONZE_STONCKS_TSLA> on 2024-03-28 00:00:00+00:00
[2024-09-16 00:15:54,665] {standard_task_runner.py:52} INFO - Started process 56961 to run task
[2024-09-16 00:15:54,674] {standard_task_runner.py:79} INFO - Running: ['airflow', 'tasks', 'run', 'BRONZER_GET_STONCKS', 'BRONZE_STONCKS_TSLA', 'scheduled__2024-03-28T00:00:00+00:00', '--job-id', '2244', '--raw', '--subdir', 'DAGS_FOLDER/get_stocks.py', '--cfg-path', '/tmp/tmpi_s83mgp', '--error-file', '/tmp/tmpwpj0kvkd']
[2024-09-16 00:15:54,675] {standard_task_runner.py:80} INFO - Job 2244: Subtask BRONZE_STONCKS_TSLA
[2024-09-16 00:15:54,901] {task_command.py:370} INFO - Running <TaskInstance: BRONZER_GET_STONCKS.BRONZE_STONCKS_TSLA scheduled__2024-03-28T00:00:00+00:00 [running]> on host kaiwang.
[2024-09-16 00:15:55,383] {taskinstance.py:1569} INFO - Exporting the following env vars:
AIRFLOW_CTX_DAG_OWNER=airflow
AIRFLOW_CTX_DAG_ID=BRONZER_GET_STONCKS
AIRFLOW_CTX_TASK_ID=BRONZE_STONCKS_TSLA
AIRFLOW_CTX_EXECUTION_DATE=2024-03-28T00:00:00+00:00
AIRFLOW_CTX_TRY_NUMBER=1
AIRFLOW_CTX_DAG_RUN_ID=scheduled__2024-03-28T00:00:00+00:00
[2024-09-16 00:15:55,964] {python.py:173} INFO - Done. Returned value was: None
[2024-09-16 00:15:55,978] {taskinstance.py:1395} INFO - Marking task as SUCCESS. dag_id=BRONZER_GET_STONCKS, task_id=BRONZE_STONCKS_TSLA, execution_date=20240328T000000, start_date=20240916T031554, end_date=20240916T031555
[2024-09-16 00:15:56,025] {local_task_job.py:156} INFO - Task exited with return code 0
[2024-09-16 00:15:56,061] {local_task_job.py:273} INFO - 0 downstream tasks scheduled from follow-on schedule check
