[2024-09-16 00:05:06,577] {taskinstance.py:1159} INFO - Dependencies all met for <TaskInstance: BRONZER_GET_STONCKS.BRONZE_STONCKS_GOOG scheduled__2024-04-12T00:00:00+00:00 [queued]>
[2024-09-16 00:05:06,588] {taskinstance.py:1159} INFO - Dependencies all met for <TaskInstance: BRONZER_GET_STONCKS.BRONZE_STONCKS_GOOG scheduled__2024-04-12T00:00:00+00:00 [queued]>
[2024-09-16 00:05:06,588] {taskinstance.py:1356} INFO - 
--------------------------------------------------------------------------------
[2024-09-16 00:05:06,588] {taskinstance.py:1357} INFO - Starting attempt 1 of 1
[2024-09-16 00:05:06,588] {taskinstance.py:1358} INFO - 
--------------------------------------------------------------------------------
[2024-09-16 00:05:06,601] {taskinstance.py:1377} INFO - Executing <Task(_PythonDecoratedOperator): BRONZE_STONCKS_GOOG> on 2024-04-12 00:00:00+00:00
[2024-09-16 00:05:06,606] {standard_task_runner.py:52} INFO - Started process 27664 to run task
[2024-09-16 00:05:06,609] {standard_task_runner.py:79} INFO - Running: ['airflow', 'tasks', 'run', 'BRONZER_GET_STONCKS', 'BRONZE_STONCKS_GOOG', 'scheduled__2024-04-12T00:00:00+00:00', '--job-id', '562', '--raw', '--subdir', 'DAGS_FOLDER/get_stocks.py', '--cfg-path', '/tmp/tmpuzntss0o', '--error-file', '/tmp/tmpqy4gv0cr']
[2024-09-16 00:05:06,610] {standard_task_runner.py:80} INFO - Job 562: Subtask BRONZE_STONCKS_GOOG
[2024-09-16 00:05:06,686] {task_command.py:370} INFO - Running <TaskInstance: BRONZER_GET_STONCKS.BRONZE_STONCKS_GOOG scheduled__2024-04-12T00:00:00+00:00 [running]> on host kaiwang.
[2024-09-16 00:05:06,782] {taskinstance.py:1569} INFO - Exporting the following env vars:
AIRFLOW_CTX_DAG_OWNER=airflow
AIRFLOW_CTX_DAG_ID=BRONZER_GET_STONCKS
AIRFLOW_CTX_TASK_ID=BRONZE_STONCKS_GOOG
AIRFLOW_CTX_EXECUTION_DATE=2024-04-12T00:00:00+00:00
AIRFLOW_CTX_TRY_NUMBER=1
AIRFLOW_CTX_DAG_RUN_ID=scheduled__2024-04-12T00:00:00+00:00
[2024-09-16 00:05:07,448] {python.py:173} INFO - Done. Returned value was: None
[2024-09-16 00:05:07,503] {taskinstance.py:1395} INFO - Marking task as SUCCESS. dag_id=BRONZER_GET_STONCKS, task_id=BRONZE_STONCKS_GOOG, execution_date=20240412T000000, start_date=20240916T030506, end_date=20240916T030507
[2024-09-16 00:05:07,547] {local_task_job.py:156} INFO - Task exited with return code 0
[2024-09-16 00:05:07,653] {local_task_job.py:273} INFO - 0 downstream tasks scheduled from follow-on schedule check
[2024-09-16 00:16:08,578] {taskinstance.py:1159} INFO - Dependencies all met for <TaskInstance: BRONZER_GET_STONCKS.BRONZE_STONCKS_GOOG scheduled__2024-04-12T00:00:00+00:00 [queued]>
[2024-09-16 00:16:08,617] {taskinstance.py:1159} INFO - Dependencies all met for <TaskInstance: BRONZER_GET_STONCKS.BRONZE_STONCKS_GOOG scheduled__2024-04-12T00:00:00+00:00 [queued]>
[2024-09-16 00:16:08,617] {taskinstance.py:1356} INFO - 
--------------------------------------------------------------------------------
[2024-09-16 00:16:08,618] {taskinstance.py:1357} INFO - Starting attempt 1 of 1
[2024-09-16 00:16:08,618] {taskinstance.py:1358} INFO - 
--------------------------------------------------------------------------------
[2024-09-16 00:16:08,666] {taskinstance.py:1377} INFO - Executing <Task(_PythonDecoratedOperator): BRONZE_STONCKS_GOOG> on 2024-04-12 00:00:00+00:00
[2024-09-16 00:16:08,671] {standard_task_runner.py:52} INFO - Started process 58204 to run task
[2024-09-16 00:16:08,698] {standard_task_runner.py:79} INFO - Running: ['airflow', 'tasks', 'run', 'BRONZER_GET_STONCKS', 'BRONZE_STONCKS_GOOG', 'scheduled__2024-04-12T00:00:00+00:00', '--job-id', '2322', '--raw', '--subdir', 'DAGS_FOLDER/get_stocks.py', '--cfg-path', '/tmp/tmpxjpd74sb', '--error-file', '/tmp/tmpyyn5a3xf']
[2024-09-16 00:16:08,705] {standard_task_runner.py:80} INFO - Job 2322: Subtask BRONZE_STONCKS_GOOG
[2024-09-16 00:16:08,888] {task_command.py:370} INFO - Running <TaskInstance: BRONZER_GET_STONCKS.BRONZE_STONCKS_GOOG scheduled__2024-04-12T00:00:00+00:00 [running]> on host kaiwang.
[2024-09-16 00:16:08,980] {taskinstance.py:1569} INFO - Exporting the following env vars:
AIRFLOW_CTX_DAG_OWNER=airflow
AIRFLOW_CTX_DAG_ID=BRONZER_GET_STONCKS
AIRFLOW_CTX_TASK_ID=BRONZE_STONCKS_GOOG
AIRFLOW_CTX_EXECUTION_DATE=2024-04-12T00:00:00+00:00
AIRFLOW_CTX_TRY_NUMBER=1
AIRFLOW_CTX_DAG_RUN_ID=scheduled__2024-04-12T00:00:00+00:00
[2024-09-16 00:16:09,572] {python.py:173} INFO - Done. Returned value was: None
[2024-09-16 00:16:09,603] {taskinstance.py:1395} INFO - Marking task as SUCCESS. dag_id=BRONZER_GET_STONCKS, task_id=BRONZE_STONCKS_GOOG, execution_date=20240412T000000, start_date=20240916T031608, end_date=20240916T031609
[2024-09-16 00:16:09,665] {local_task_job.py:156} INFO - Task exited with return code 0
[2024-09-16 00:16:09,714] {local_task_job.py:273} INFO - 0 downstream tasks scheduled from follow-on schedule check
