[2024-09-16 00:05:08,151] {taskinstance.py:1159} INFO - Dependencies all met for <TaskInstance: BRONZER_GET_STONCKS.BRONZE_STONCKS_TSLA scheduled__2024-04-16T00:00:00+00:00 [queued]>
[2024-09-16 00:05:08,163] {taskinstance.py:1159} INFO - Dependencies all met for <TaskInstance: BRONZER_GET_STONCKS.BRONZE_STONCKS_TSLA scheduled__2024-04-16T00:00:00+00:00 [queued]>
[2024-09-16 00:05:08,163] {taskinstance.py:1356} INFO - 
--------------------------------------------------------------------------------
[2024-09-16 00:05:08,164] {taskinstance.py:1357} INFO - Starting attempt 1 of 1
[2024-09-16 00:05:08,164] {taskinstance.py:1358} INFO - 
--------------------------------------------------------------------------------
[2024-09-16 00:05:08,194] {taskinstance.py:1377} INFO - Executing <Task(_PythonDecoratedOperator): BRONZE_STONCKS_TSLA> on 2024-04-16 00:00:00+00:00
[2024-09-16 00:05:08,199] {standard_task_runner.py:52} INFO - Started process 27751 to run task
[2024-09-16 00:05:08,207] {standard_task_runner.py:79} INFO - Running: ['airflow', 'tasks', 'run', 'BRONZER_GET_STONCKS', 'BRONZE_STONCKS_TSLA', 'scheduled__2024-04-16T00:00:00+00:00', '--job-id', '565', '--raw', '--subdir', 'DAGS_FOLDER/get_stocks.py', '--cfg-path', '/tmp/tmp6zv41q1l', '--error-file', '/tmp/tmplzlajuf3']
[2024-09-16 00:05:08,208] {standard_task_runner.py:80} INFO - Job 565: Subtask BRONZE_STONCKS_TSLA
[2024-09-16 00:05:08,461] {task_command.py:370} INFO - Running <TaskInstance: BRONZER_GET_STONCKS.BRONZE_STONCKS_TSLA scheduled__2024-04-16T00:00:00+00:00 [running]> on host kaiwang.
[2024-09-16 00:05:08,765] {taskinstance.py:1569} INFO - Exporting the following env vars:
AIRFLOW_CTX_DAG_OWNER=airflow
AIRFLOW_CTX_DAG_ID=BRONZER_GET_STONCKS
AIRFLOW_CTX_TASK_ID=BRONZE_STONCKS_TSLA
AIRFLOW_CTX_EXECUTION_DATE=2024-04-16T00:00:00+00:00
AIRFLOW_CTX_TRY_NUMBER=1
AIRFLOW_CTX_DAG_RUN_ID=scheduled__2024-04-16T00:00:00+00:00
[2024-09-16 00:05:09,397] {python.py:173} INFO - Done. Returned value was: None
[2024-09-16 00:05:09,447] {taskinstance.py:1395} INFO - Marking task as SUCCESS. dag_id=BRONZER_GET_STONCKS, task_id=BRONZE_STONCKS_TSLA, execution_date=20240416T000000, start_date=20240916T030508, end_date=20240916T030509
[2024-09-16 00:05:09,557] {local_task_job.py:156} INFO - Task exited with return code 0
[2024-09-16 00:05:09,719] {local_task_job.py:273} INFO - 0 downstream tasks scheduled from follow-on schedule check
[2024-09-16 00:16:13,334] {taskinstance.py:1159} INFO - Dependencies all met for <TaskInstance: BRONZER_GET_STONCKS.BRONZE_STONCKS_TSLA scheduled__2024-04-16T00:00:00+00:00 [queued]>
[2024-09-16 00:16:13,424] {taskinstance.py:1159} INFO - Dependencies all met for <TaskInstance: BRONZER_GET_STONCKS.BRONZE_STONCKS_TSLA scheduled__2024-04-16T00:00:00+00:00 [queued]>
[2024-09-16 00:16:13,424] {taskinstance.py:1356} INFO - 
--------------------------------------------------------------------------------
[2024-09-16 00:16:13,424] {taskinstance.py:1357} INFO - Starting attempt 1 of 1
[2024-09-16 00:16:13,424] {taskinstance.py:1358} INFO - 
--------------------------------------------------------------------------------
[2024-09-16 00:16:13,463] {taskinstance.py:1377} INFO - Executing <Task(_PythonDecoratedOperator): BRONZE_STONCKS_TSLA> on 2024-04-16 00:00:00+00:00
[2024-09-16 00:16:13,468] {standard_task_runner.py:52} INFO - Started process 58489 to run task
[2024-09-16 00:16:13,481] {standard_task_runner.py:79} INFO - Running: ['airflow', 'tasks', 'run', 'BRONZER_GET_STONCKS', 'BRONZE_STONCKS_TSLA', 'scheduled__2024-04-16T00:00:00+00:00', '--job-id', '2332', '--raw', '--subdir', 'DAGS_FOLDER/get_stocks.py', '--cfg-path', '/tmp/tmp322jwjh3', '--error-file', '/tmp/tmpy14t1bx3']
[2024-09-16 00:16:13,482] {standard_task_runner.py:80} INFO - Job 2332: Subtask BRONZE_STONCKS_TSLA
[2024-09-16 00:16:13,689] {task_command.py:370} INFO - Running <TaskInstance: BRONZER_GET_STONCKS.BRONZE_STONCKS_TSLA scheduled__2024-04-16T00:00:00+00:00 [running]> on host kaiwang.
[2024-09-16 00:16:14,084] {taskinstance.py:1569} INFO - Exporting the following env vars:
AIRFLOW_CTX_DAG_OWNER=airflow
AIRFLOW_CTX_DAG_ID=BRONZER_GET_STONCKS
AIRFLOW_CTX_TASK_ID=BRONZE_STONCKS_TSLA
AIRFLOW_CTX_EXECUTION_DATE=2024-04-16T00:00:00+00:00
AIRFLOW_CTX_TRY_NUMBER=1
AIRFLOW_CTX_DAG_RUN_ID=scheduled__2024-04-16T00:00:00+00:00
[2024-09-16 00:16:14,708] {python.py:173} INFO - Done. Returned value was: None
[2024-09-16 00:16:14,738] {taskinstance.py:1395} INFO - Marking task as SUCCESS. dag_id=BRONZER_GET_STONCKS, task_id=BRONZE_STONCKS_TSLA, execution_date=20240416T000000, start_date=20240916T031613, end_date=20240916T031614
[2024-09-16 00:16:14,779] {local_task_job.py:156} INFO - Task exited with return code 0
[2024-09-16 00:16:14,867] {local_task_job.py:273} INFO - 0 downstream tasks scheduled from follow-on schedule check
