[2024-09-16 00:03:33,073] {taskinstance.py:1159} INFO - Dependencies all met for <TaskInstance: BRONZER_GET_CRIPTOS.BRONZE_CRIPTO_AVAX scheduled__2024-01-26T00:00:00+00:00 [queued]>
[2024-09-16 00:03:33,144] {taskinstance.py:1159} INFO - Dependencies all met for <TaskInstance: BRONZER_GET_CRIPTOS.BRONZE_CRIPTO_AVAX scheduled__2024-01-26T00:00:00+00:00 [queued]>
[2024-09-16 00:03:33,145] {taskinstance.py:1356} INFO - 
--------------------------------------------------------------------------------
[2024-09-16 00:03:33,145] {taskinstance.py:1357} INFO - Starting attempt 1 of 1
[2024-09-16 00:03:33,145] {taskinstance.py:1358} INFO - 
--------------------------------------------------------------------------------
[2024-09-16 00:03:33,197] {taskinstance.py:1377} INFO - Executing <Task(_PythonDecoratedOperator): BRONZE_CRIPTO_AVAX> on 2024-01-26 00:00:00+00:00
[2024-09-16 00:03:33,204] {standard_task_runner.py:52} INFO - Started process 20521 to run task
[2024-09-16 00:03:33,236] {standard_task_runner.py:79} INFO - Running: ['airflow', 'tasks', 'run', 'BRONZER_GET_CRIPTOS', 'BRONZE_CRIPTO_AVAX', 'scheduled__2024-01-26T00:00:00+00:00', '--job-id', '147', '--raw', '--subdir', 'DAGS_FOLDER/get_cripto.py', '--cfg-path', '/tmp/tmptgg1_0sc', '--error-file', '/tmp/tmp9cnhdzjd']
[2024-09-16 00:03:33,238] {standard_task_runner.py:80} INFO - Job 147: Subtask BRONZE_CRIPTO_AVAX
[2024-09-16 00:03:33,534] {task_command.py:370} INFO - Running <TaskInstance: BRONZER_GET_CRIPTOS.BRONZE_CRIPTO_AVAX scheduled__2024-01-26T00:00:00+00:00 [running]> on host kaiwang.
[2024-09-16 00:03:33,897] {taskinstance.py:1569} INFO - Exporting the following env vars:
AIRFLOW_CTX_DAG_OWNER=airflow
AIRFLOW_CTX_DAG_ID=BRONZER_GET_CRIPTOS
AIRFLOW_CTX_TASK_ID=BRONZE_CRIPTO_AVAX
AIRFLOW_CTX_EXECUTION_DATE=2024-01-26T00:00:00+00:00
AIRFLOW_CTX_TRY_NUMBER=1
AIRFLOW_CTX_DAG_RUN_ID=scheduled__2024-01-26T00:00:00+00:00
[2024-09-16 00:03:36,787] {history.py:122} ERROR - $AVAX: possibly delisted; no timezone found
[2024-09-16 00:03:36,792] {python.py:173} INFO - Done. Returned value was: None
[2024-09-16 00:03:36,972] {taskinstance.py:1395} INFO - Marking task as SUCCESS. dag_id=BRONZER_GET_CRIPTOS, task_id=BRONZE_CRIPTO_AVAX, execution_date=20240126T000000, start_date=20240916T030333, end_date=20240916T030336
[2024-09-16 00:03:37,104] {local_task_job.py:156} INFO - Task exited with return code 0
[2024-09-16 00:03:37,410] {local_task_job.py:273} INFO - 0 downstream tasks scheduled from follow-on schedule check
[2024-09-16 00:13:15,353] {taskinstance.py:1159} INFO - Dependencies all met for <TaskInstance: BRONZER_GET_CRIPTOS.BRONZE_CRIPTO_AVAX scheduled__2024-01-26T00:00:00+00:00 [queued]>
[2024-09-16 00:13:15,392] {taskinstance.py:1159} INFO - Dependencies all met for <TaskInstance: BRONZER_GET_CRIPTOS.BRONZE_CRIPTO_AVAX scheduled__2024-01-26T00:00:00+00:00 [queued]>
[2024-09-16 00:13:15,393] {taskinstance.py:1356} INFO - 
--------------------------------------------------------------------------------
[2024-09-16 00:13:15,393] {taskinstance.py:1357} INFO - Starting attempt 1 of 1
[2024-09-16 00:13:15,393] {taskinstance.py:1358} INFO - 
--------------------------------------------------------------------------------
[2024-09-16 00:13:15,451] {taskinstance.py:1377} INFO - Executing <Task(_PythonDecoratedOperator): BRONZE_CRIPTO_AVAX> on 2024-01-26 00:00:00+00:00
[2024-09-16 00:13:15,457] {standard_task_runner.py:52} INFO - Started process 46245 to run task
[2024-09-16 00:13:15,479] {standard_task_runner.py:79} INFO - Running: ['airflow', 'tasks', 'run', 'BRONZER_GET_CRIPTOS', 'BRONZE_CRIPTO_AVAX', 'scheduled__2024-01-26T00:00:00+00:00', '--job-id', '1629', '--raw', '--subdir', 'DAGS_FOLDER/get_cripto.py', '--cfg-path', '/tmp/tmpthauk2fu', '--error-file', '/tmp/tmp0qvj56m3']
[2024-09-16 00:13:15,481] {standard_task_runner.py:80} INFO - Job 1629: Subtask BRONZE_CRIPTO_AVAX
[2024-09-16 00:13:15,883] {task_command.py:370} INFO - Running <TaskInstance: BRONZER_GET_CRIPTOS.BRONZE_CRIPTO_AVAX scheduled__2024-01-26T00:00:00+00:00 [running]> on host kaiwang.
[2024-09-16 00:13:16,275] {taskinstance.py:1569} INFO - Exporting the following env vars:
AIRFLOW_CTX_DAG_OWNER=airflow
AIRFLOW_CTX_DAG_ID=BRONZER_GET_CRIPTOS
AIRFLOW_CTX_TASK_ID=BRONZE_CRIPTO_AVAX
AIRFLOW_CTX_EXECUTION_DATE=2024-01-26T00:00:00+00:00
AIRFLOW_CTX_TRY_NUMBER=1
AIRFLOW_CTX_DAG_RUN_ID=scheduled__2024-01-26T00:00:00+00:00
[2024-09-16 00:13:18,648] {history.py:122} ERROR - $AVAX: possibly delisted; no timezone found
[2024-09-16 00:13:18,657] {python.py:173} INFO - Done. Returned value was: None
[2024-09-16 00:13:18,699] {taskinstance.py:1395} INFO - Marking task as SUCCESS. dag_id=BRONZER_GET_CRIPTOS, task_id=BRONZE_CRIPTO_AVAX, execution_date=20240126T000000, start_date=20240916T031315, end_date=20240916T031318
[2024-09-16 00:13:18,785] {local_task_job.py:156} INFO - Task exited with return code 0
[2024-09-16 00:13:18,931] {local_task_job.py:273} INFO - 0 downstream tasks scheduled from follow-on schedule check
[2024-09-16 00:14:51,330] {taskinstance.py:1159} INFO - Dependencies all met for <TaskInstance: BRONZER_GET_CRIPTOS.BRONZE_CRIPTO_AVAX scheduled__2024-01-26T00:00:00+00:00 [queued]>
[2024-09-16 00:14:51,365] {taskinstance.py:1159} INFO - Dependencies all met for <TaskInstance: BRONZER_GET_CRIPTOS.BRONZE_CRIPTO_AVAX scheduled__2024-01-26T00:00:00+00:00 [queued]>
[2024-09-16 00:14:51,365] {taskinstance.py:1356} INFO - 
--------------------------------------------------------------------------------
[2024-09-16 00:14:51,365] {taskinstance.py:1357} INFO - Starting attempt 1 of 1
[2024-09-16 00:14:51,365] {taskinstance.py:1358} INFO - 
--------------------------------------------------------------------------------
[2024-09-16 00:14:51,437] {taskinstance.py:1377} INFO - Executing <Task(_PythonDecoratedOperator): BRONZE_CRIPTO_AVAX> on 2024-01-26 00:00:00+00:00
[2024-09-16 00:14:51,443] {standard_task_runner.py:52} INFO - Started process 51780 to run task
[2024-09-16 00:14:51,449] {standard_task_runner.py:79} INFO - Running: ['airflow', 'tasks', 'run', 'BRONZER_GET_CRIPTOS', 'BRONZE_CRIPTO_AVAX', 'scheduled__2024-01-26T00:00:00+00:00', '--job-id', '1945', '--raw', '--subdir', 'DAGS_FOLDER/get_cripto.py', '--cfg-path', '/tmp/tmpiqxi7t1k', '--error-file', '/tmp/tmp7zwonhyf']
[2024-09-16 00:14:51,450] {standard_task_runner.py:80} INFO - Job 1945: Subtask BRONZE_CRIPTO_AVAX
[2024-09-16 00:14:51,696] {task_command.py:370} INFO - Running <TaskInstance: BRONZER_GET_CRIPTOS.BRONZE_CRIPTO_AVAX scheduled__2024-01-26T00:00:00+00:00 [running]> on host kaiwang.
[2024-09-16 00:14:52,080] {taskinstance.py:1569} INFO - Exporting the following env vars:
AIRFLOW_CTX_DAG_OWNER=airflow
AIRFLOW_CTX_DAG_ID=BRONZER_GET_CRIPTOS
AIRFLOW_CTX_TASK_ID=BRONZE_CRIPTO_AVAX
AIRFLOW_CTX_EXECUTION_DATE=2024-01-26T00:00:00+00:00
AIRFLOW_CTX_TRY_NUMBER=1
AIRFLOW_CTX_DAG_RUN_ID=scheduled__2024-01-26T00:00:00+00:00
[2024-09-16 00:14:54,641] {history.py:122} ERROR - $AVAX: possibly delisted; no timezone found
[2024-09-16 00:14:54,646] {python.py:173} INFO - Done. Returned value was: None
[2024-09-16 00:14:54,687] {taskinstance.py:1395} INFO - Marking task as SUCCESS. dag_id=BRONZER_GET_CRIPTOS, task_id=BRONZE_CRIPTO_AVAX, execution_date=20240126T000000, start_date=20240916T031451, end_date=20240916T031454
[2024-09-16 00:14:54,740] {local_task_job.py:156} INFO - Task exited with return code 0
[2024-09-16 00:14:54,826] {local_task_job.py:273} INFO - 0 downstream tasks scheduled from follow-on schedule check
