[2024-09-15 23:29:41,298] {taskinstance.py:1159} INFO - Dependencies all met for <TaskInstance: BRONZER_GET_STONCKS.BRONZE_AAPL scheduled__2024-01-31T00:00:00+00:00 [queued]>
[2024-09-15 23:29:41,302] {taskinstance.py:1159} INFO - Dependencies all met for <TaskInstance: BRONZER_GET_STONCKS.BRONZE_AAPL scheduled__2024-01-31T00:00:00+00:00 [queued]>
[2024-09-15 23:29:41,302] {taskinstance.py:1356} INFO - 
--------------------------------------------------------------------------------
[2024-09-15 23:29:41,302] {taskinstance.py:1357} INFO - Starting attempt 1 of 1
[2024-09-15 23:29:41,302] {taskinstance.py:1358} INFO - 
--------------------------------------------------------------------------------
[2024-09-15 23:29:41,314] {taskinstance.py:1377} INFO - Executing <Task(_PythonDecoratedOperator): BRONZE_AAPL> on 2024-01-31 00:00:00+00:00
[2024-09-15 23:29:41,317] {standard_task_runner.py:52} INFO - Started process 14574 to run task
[2024-09-15 23:29:41,319] {standard_task_runner.py:79} INFO - Running: ['airflow', 'tasks', 'run', 'BRONZER_GET_STONCKS', 'BRONZE_AAPL', 'scheduled__2024-01-31T00:00:00+00:00', '--job-id', '144', '--raw', '--subdir', 'DAGS_FOLDER/get_stocks.py', '--cfg-path', '/tmp/tmpykrjii0s', '--error-file', '/tmp/tmp4xf4p6hw']
[2024-09-15 23:29:41,319] {standard_task_runner.py:80} INFO - Job 144: Subtask BRONZE_AAPL
[2024-09-15 23:29:41,347] {task_command.py:370} INFO - Running <TaskInstance: BRONZER_GET_STONCKS.BRONZE_AAPL scheduled__2024-01-31T00:00:00+00:00 [running]> on host kaiwang.
[2024-09-15 23:29:41,392] {taskinstance.py:1569} INFO - Exporting the following env vars:
AIRFLOW_CTX_DAG_OWNER=airflow
AIRFLOW_CTX_DAG_ID=BRONZER_GET_STONCKS
AIRFLOW_CTX_TASK_ID=BRONZE_AAPL
AIRFLOW_CTX_EXECUTION_DATE=2024-01-31T00:00:00+00:00
AIRFLOW_CTX_TRY_NUMBER=1
AIRFLOW_CTX_DAG_RUN_ID=scheduled__2024-01-31T00:00:00+00:00
[2024-09-15 23:29:43,846] {history.py:244} ERROR - $AAPL: possibly delisted; no price data found  (1h 2024-01-28 -> 2024-01-03) (Yahoo error = "Invalid input - start date cannot be after end date. startDate = 1706418000, endDate = 1704258000")
[2024-09-15 23:29:43,852] {python.py:173} INFO - Done. Returned value was: None
[2024-09-15 23:29:43,860] {taskinstance.py:1395} INFO - Marking task as SUCCESS. dag_id=BRONZER_GET_STONCKS, task_id=BRONZE_AAPL, execution_date=20240131T000000, start_date=20240916T022941, end_date=20240916T022943
[2024-09-15 23:29:43,907] {local_task_job.py:156} INFO - Task exited with return code 0
[2024-09-15 23:29:43,922] {local_task_job.py:273} INFO - 0 downstream tasks scheduled from follow-on schedule check
