[2024-09-16 00:03:58,984] {taskinstance.py:1159} INFO - Dependencies all met for <TaskInstance: BRONZER_GET_CRIPTOS.BRONZE_CRIPTO_DOGE scheduled__2024-02-10T00:00:00+00:00 [queued]>
[2024-09-16 00:03:59,029] {taskinstance.py:1159} INFO - Dependencies all met for <TaskInstance: BRONZER_GET_CRIPTOS.BRONZE_CRIPTO_DOGE scheduled__2024-02-10T00:00:00+00:00 [queued]>
[2024-09-16 00:03:59,030] {taskinstance.py:1356} INFO - 
--------------------------------------------------------------------------------
[2024-09-16 00:03:59,030] {taskinstance.py:1357} INFO - Starting attempt 1 of 1
[2024-09-16 00:03:59,030] {taskinstance.py:1358} INFO - 
--------------------------------------------------------------------------------
[2024-09-16 00:03:59,083] {taskinstance.py:1377} INFO - Executing <Task(_PythonDecoratedOperator): BRONZE_CRIPTO_DOGE> on 2024-02-10 00:00:00+00:00
[2024-09-16 00:03:59,132] {standard_task_runner.py:52} INFO - Started process 22360 to run task
[2024-09-16 00:03:59,166] {standard_task_runner.py:79} INFO - Running: ['airflow', 'tasks', 'run', 'BRONZER_GET_CRIPTOS', 'BRONZE_CRIPTO_DOGE', 'scheduled__2024-02-10T00:00:00+00:00', '--job-id', '256', '--raw', '--subdir', 'DAGS_FOLDER/get_cripto.py', '--cfg-path', '/tmp/tmpi86nd_qj', '--error-file', '/tmp/tmp5f3748ot']
[2024-09-16 00:03:59,168] {standard_task_runner.py:80} INFO - Job 256: Subtask BRONZE_CRIPTO_DOGE
[2024-09-16 00:03:59,535] {task_command.py:370} INFO - Running <TaskInstance: BRONZER_GET_CRIPTOS.BRONZE_CRIPTO_DOGE scheduled__2024-02-10T00:00:00+00:00 [running]> on host kaiwang.
[2024-09-16 00:03:59,835] {taskinstance.py:1569} INFO - Exporting the following env vars:
AIRFLOW_CTX_DAG_OWNER=airflow
AIRFLOW_CTX_DAG_ID=BRONZER_GET_CRIPTOS
AIRFLOW_CTX_TASK_ID=BRONZE_CRIPTO_DOGE
AIRFLOW_CTX_EXECUTION_DATE=2024-02-10T00:00:00+00:00
AIRFLOW_CTX_TRY_NUMBER=1
AIRFLOW_CTX_DAG_RUN_ID=scheduled__2024-02-10T00:00:00+00:00
[2024-09-16 00:04:03,568] {history.py:122} ERROR - $DOGE: possibly delisted; no timezone found
[2024-09-16 00:04:03,571] {python.py:173} INFO - Done. Returned value was: None
[2024-09-16 00:04:03,783] {taskinstance.py:1395} INFO - Marking task as SUCCESS. dag_id=BRONZER_GET_CRIPTOS, task_id=BRONZE_CRIPTO_DOGE, execution_date=20240210T000000, start_date=20240916T030358, end_date=20240916T030403
[2024-09-16 00:04:03,853] {local_task_job.py:156} INFO - Task exited with return code 0
[2024-09-16 00:04:03,990] {local_task_job.py:273} INFO - 0 downstream tasks scheduled from follow-on schedule check
[2024-09-16 00:13:34,297] {taskinstance.py:1159} INFO - Dependencies all met for <TaskInstance: BRONZER_GET_CRIPTOS.BRONZE_CRIPTO_DOGE scheduled__2024-02-10T00:00:00+00:00 [queued]>
[2024-09-16 00:13:34,343] {taskinstance.py:1159} INFO - Dependencies all met for <TaskInstance: BRONZER_GET_CRIPTOS.BRONZE_CRIPTO_DOGE scheduled__2024-02-10T00:00:00+00:00 [queued]>
[2024-09-16 00:13:34,344] {taskinstance.py:1356} INFO - 
--------------------------------------------------------------------------------
[2024-09-16 00:13:34,345] {taskinstance.py:1357} INFO - Starting attempt 1 of 1
[2024-09-16 00:13:34,346] {taskinstance.py:1358} INFO - 
--------------------------------------------------------------------------------
[2024-09-16 00:13:34,425] {taskinstance.py:1377} INFO - Executing <Task(_PythonDecoratedOperator): BRONZE_CRIPTO_DOGE> on 2024-02-10 00:00:00+00:00
[2024-09-16 00:13:34,431] {standard_task_runner.py:52} INFO - Started process 47824 to run task
[2024-09-16 00:13:34,457] {standard_task_runner.py:79} INFO - Running: ['airflow', 'tasks', 'run', 'BRONZER_GET_CRIPTOS', 'BRONZE_CRIPTO_DOGE', 'scheduled__2024-02-10T00:00:00+00:00', '--job-id', '1721', '--raw', '--subdir', 'DAGS_FOLDER/get_cripto.py', '--cfg-path', '/tmp/tmp9hsswc8g', '--error-file', '/tmp/tmpjq9mwpm6']
[2024-09-16 00:13:34,459] {standard_task_runner.py:80} INFO - Job 1721: Subtask BRONZE_CRIPTO_DOGE
[2024-09-16 00:13:34,649] {task_command.py:370} INFO - Running <TaskInstance: BRONZER_GET_CRIPTOS.BRONZE_CRIPTO_DOGE scheduled__2024-02-10T00:00:00+00:00 [running]> on host kaiwang.
[2024-09-16 00:13:34,861] {taskinstance.py:1569} INFO - Exporting the following env vars:
AIRFLOW_CTX_DAG_OWNER=airflow
AIRFLOW_CTX_DAG_ID=BRONZER_GET_CRIPTOS
AIRFLOW_CTX_TASK_ID=BRONZE_CRIPTO_DOGE
AIRFLOW_CTX_EXECUTION_DATE=2024-02-10T00:00:00+00:00
AIRFLOW_CTX_TRY_NUMBER=1
AIRFLOW_CTX_DAG_RUN_ID=scheduled__2024-02-10T00:00:00+00:00
[2024-09-16 00:13:37,621] {history.py:122} ERROR - $DOGE: possibly delisted; no timezone found
[2024-09-16 00:13:37,625] {python.py:173} INFO - Done. Returned value was: None
[2024-09-16 00:13:37,702] {taskinstance.py:1395} INFO - Marking task as SUCCESS. dag_id=BRONZER_GET_CRIPTOS, task_id=BRONZE_CRIPTO_DOGE, execution_date=20240210T000000, start_date=20240916T031334, end_date=20240916T031337
[2024-09-16 00:13:37,790] {local_task_job.py:156} INFO - Task exited with return code 0
[2024-09-16 00:13:37,944] {local_task_job.py:273} INFO - 0 downstream tasks scheduled from follow-on schedule check
[2024-09-16 00:15:10,193] {taskinstance.py:1159} INFO - Dependencies all met for <TaskInstance: BRONZER_GET_CRIPTOS.BRONZE_CRIPTO_DOGE scheduled__2024-02-10T00:00:00+00:00 [queued]>
[2024-09-16 00:15:10,220] {taskinstance.py:1159} INFO - Dependencies all met for <TaskInstance: BRONZER_GET_CRIPTOS.BRONZE_CRIPTO_DOGE scheduled__2024-02-10T00:00:00+00:00 [queued]>
[2024-09-16 00:15:10,221] {taskinstance.py:1356} INFO - 
--------------------------------------------------------------------------------
[2024-09-16 00:15:10,221] {taskinstance.py:1357} INFO - Starting attempt 1 of 1
[2024-09-16 00:15:10,221] {taskinstance.py:1358} INFO - 
--------------------------------------------------------------------------------
[2024-09-16 00:15:10,273] {taskinstance.py:1377} INFO - Executing <Task(_PythonDecoratedOperator): BRONZE_CRIPTO_DOGE> on 2024-02-10 00:00:00+00:00
[2024-09-16 00:15:10,279] {standard_task_runner.py:52} INFO - Started process 53351 to run task
[2024-09-16 00:15:10,320] {standard_task_runner.py:79} INFO - Running: ['airflow', 'tasks', 'run', 'BRONZER_GET_CRIPTOS', 'BRONZE_CRIPTO_DOGE', 'scheduled__2024-02-10T00:00:00+00:00', '--job-id', '2037', '--raw', '--subdir', 'DAGS_FOLDER/get_cripto.py', '--cfg-path', '/tmp/tmpan56dfhw', '--error-file', '/tmp/tmprki7c2wc']
[2024-09-16 00:15:10,321] {standard_task_runner.py:80} INFO - Job 2037: Subtask BRONZE_CRIPTO_DOGE
[2024-09-16 00:15:10,541] {task_command.py:370} INFO - Running <TaskInstance: BRONZER_GET_CRIPTOS.BRONZE_CRIPTO_DOGE scheduled__2024-02-10T00:00:00+00:00 [running]> on host kaiwang.
[2024-09-16 00:15:10,967] {taskinstance.py:1569} INFO - Exporting the following env vars:
AIRFLOW_CTX_DAG_OWNER=airflow
AIRFLOW_CTX_DAG_ID=BRONZER_GET_CRIPTOS
AIRFLOW_CTX_TASK_ID=BRONZE_CRIPTO_DOGE
AIRFLOW_CTX_EXECUTION_DATE=2024-02-10T00:00:00+00:00
AIRFLOW_CTX_TRY_NUMBER=1
AIRFLOW_CTX_DAG_RUN_ID=scheduled__2024-02-10T00:00:00+00:00
[2024-09-16 00:15:13,750] {history.py:122} ERROR - $DOGE: possibly delisted; no timezone found
[2024-09-16 00:15:13,755] {python.py:173} INFO - Done. Returned value was: None
[2024-09-16 00:15:13,837] {taskinstance.py:1395} INFO - Marking task as SUCCESS. dag_id=BRONZER_GET_CRIPTOS, task_id=BRONZE_CRIPTO_DOGE, execution_date=20240210T000000, start_date=20240916T031510, end_date=20240916T031513
[2024-09-16 00:15:13,900] {local_task_job.py:156} INFO - Task exited with return code 0
[2024-09-16 00:15:14,021] {local_task_job.py:273} INFO - 0 downstream tasks scheduled from follow-on schedule check
