[2024-09-16 00:04:50,061] {taskinstance.py:1159} INFO - Dependencies all met for <TaskInstance: BRONZER_GET_CRIPTOS.BRONZE_CRIPTO_ETH scheduled__2024-03-21T00:00:00+00:00 [queued]>
[2024-09-16 00:04:50,118] {taskinstance.py:1159} INFO - Dependencies all met for <TaskInstance: BRONZER_GET_CRIPTOS.BRONZE_CRIPTO_ETH scheduled__2024-03-21T00:00:00+00:00 [queued]>
[2024-09-16 00:04:50,118] {taskinstance.py:1356} INFO - 
--------------------------------------------------------------------------------
[2024-09-16 00:04:50,118] {taskinstance.py:1357} INFO - Starting attempt 1 of 1
[2024-09-16 00:04:50,118] {taskinstance.py:1358} INFO - 
--------------------------------------------------------------------------------
[2024-09-16 00:04:50,195] {taskinstance.py:1377} INFO - Executing <Task(_PythonDecoratedOperator): BRONZE_CRIPTO_ETH> on 2024-03-21 00:00:00+00:00
[2024-09-16 00:04:50,208] {standard_task_runner.py:52} INFO - Started process 26453 to run task
[2024-09-16 00:04:50,237] {standard_task_runner.py:79} INFO - Running: ['airflow', 'tasks', 'run', 'BRONZER_GET_CRIPTOS', 'BRONZE_CRIPTO_ETH', 'scheduled__2024-03-21T00:00:00+00:00', '--job-id', '490', '--raw', '--subdir', 'DAGS_FOLDER/get_cripto.py', '--cfg-path', '/tmp/tmp0292l3ea', '--error-file', '/tmp/tmp4vawdx4q']
[2024-09-16 00:04:50,253] {standard_task_runner.py:80} INFO - Job 490: Subtask BRONZE_CRIPTO_ETH
[2024-09-16 00:04:50,540] {task_command.py:370} INFO - Running <TaskInstance: BRONZER_GET_CRIPTOS.BRONZE_CRIPTO_ETH scheduled__2024-03-21T00:00:00+00:00 [running]> on host kaiwang.
[2024-09-16 00:04:50,854] {taskinstance.py:1569} INFO - Exporting the following env vars:
AIRFLOW_CTX_DAG_OWNER=airflow
AIRFLOW_CTX_DAG_ID=BRONZER_GET_CRIPTOS
AIRFLOW_CTX_TASK_ID=BRONZE_CRIPTO_ETH
AIRFLOW_CTX_EXECUTION_DATE=2024-03-21T00:00:00+00:00
AIRFLOW_CTX_TRY_NUMBER=1
AIRFLOW_CTX_DAG_RUN_ID=scheduled__2024-03-21T00:00:00+00:00
[2024-09-16 00:04:53,537] {history.py:244} ERROR - $ETH: possibly delisted; no price data found  (1h 2024-03-18 -> 2024-03-21) (Yahoo error = "Data doesn't exist for startDate = 1710734400, endDate = 1710993600")
[2024-09-16 00:04:53,541] {python.py:173} INFO - Done. Returned value was: None
[2024-09-16 00:04:53,635] {taskinstance.py:1395} INFO - Marking task as SUCCESS. dag_id=BRONZER_GET_CRIPTOS, task_id=BRONZE_CRIPTO_ETH, execution_date=20240321T000000, start_date=20240916T030450, end_date=20240916T030453
[2024-09-16 00:04:53,683] {local_task_job.py:156} INFO - Task exited with return code 0
[2024-09-16 00:04:53,839] {local_task_job.py:273} INFO - 0 downstream tasks scheduled from follow-on schedule check
[2024-09-16 00:16:01,840] {taskinstance.py:1159} INFO - Dependencies all met for <TaskInstance: BRONZER_GET_CRIPTOS.BRONZE_CRIPTO_ETH scheduled__2024-03-21T00:00:00+00:00 [queued]>
[2024-09-16 00:16:01,889] {taskinstance.py:1159} INFO - Dependencies all met for <TaskInstance: BRONZER_GET_CRIPTOS.BRONZE_CRIPTO_ETH scheduled__2024-03-21T00:00:00+00:00 [queued]>
[2024-09-16 00:16:01,889] {taskinstance.py:1356} INFO - 
--------------------------------------------------------------------------------
[2024-09-16 00:16:01,889] {taskinstance.py:1357} INFO - Starting attempt 1 of 1
[2024-09-16 00:16:01,889] {taskinstance.py:1358} INFO - 
--------------------------------------------------------------------------------
[2024-09-16 00:16:01,962] {taskinstance.py:1377} INFO - Executing <Task(_PythonDecoratedOperator): BRONZE_CRIPTO_ETH> on 2024-03-21 00:00:00+00:00
[2024-09-16 00:16:01,973] {standard_task_runner.py:52} INFO - Started process 57602 to run task
[2024-09-16 00:16:02,004] {standard_task_runner.py:79} INFO - Running: ['airflow', 'tasks', 'run', 'BRONZER_GET_CRIPTOS', 'BRONZE_CRIPTO_ETH', 'scheduled__2024-03-21T00:00:00+00:00', '--job-id', '2283', '--raw', '--subdir', 'DAGS_FOLDER/get_cripto.py', '--cfg-path', '/tmp/tmpcdfuyfpr', '--error-file', '/tmp/tmpncv01elt']
[2024-09-16 00:16:02,014] {standard_task_runner.py:80} INFO - Job 2283: Subtask BRONZE_CRIPTO_ETH
[2024-09-16 00:16:02,349] {task_command.py:370} INFO - Running <TaskInstance: BRONZER_GET_CRIPTOS.BRONZE_CRIPTO_ETH scheduled__2024-03-21T00:00:00+00:00 [running]> on host kaiwang.
[2024-09-16 00:16:02,667] {taskinstance.py:1569} INFO - Exporting the following env vars:
AIRFLOW_CTX_DAG_OWNER=airflow
AIRFLOW_CTX_DAG_ID=BRONZER_GET_CRIPTOS
AIRFLOW_CTX_TASK_ID=BRONZE_CRIPTO_ETH
AIRFLOW_CTX_EXECUTION_DATE=2024-03-21T00:00:00+00:00
AIRFLOW_CTX_TRY_NUMBER=1
AIRFLOW_CTX_DAG_RUN_ID=scheduled__2024-03-21T00:00:00+00:00
[2024-09-16 00:16:05,347] {history.py:244} ERROR - $ETH: possibly delisted; no price data found  (1h 2024-03-18 -> 2024-03-21) (Yahoo error = "Data doesn't exist for startDate = 1710734400, endDate = 1710993600")
[2024-09-16 00:16:05,350] {python.py:173} INFO - Done. Returned value was: None
[2024-09-16 00:16:05,407] {taskinstance.py:1395} INFO - Marking task as SUCCESS. dag_id=BRONZER_GET_CRIPTOS, task_id=BRONZE_CRIPTO_ETH, execution_date=20240321T000000, start_date=20240916T031601, end_date=20240916T031605
[2024-09-16 00:16:05,482] {local_task_job.py:156} INFO - Task exited with return code 0
[2024-09-16 00:16:05,617] {local_task_job.py:273} INFO - 0 downstream tasks scheduled from follow-on schedule check
