[2024-09-16 00:03:21,011] {taskinstance.py:1159} INFO - Dependencies all met for <TaskInstance: BRONZER_GET_STONCKS.BRONZE_STONCKS_AAPL scheduled__2024-01-18T00:00:00+00:00 [queued]>
[2024-09-16 00:03:21,028] {taskinstance.py:1159} INFO - Dependencies all met for <TaskInstance: BRONZER_GET_STONCKS.BRONZE_STONCKS_AAPL scheduled__2024-01-18T00:00:00+00:00 [queued]>
[2024-09-16 00:03:21,029] {taskinstance.py:1356} INFO - 
--------------------------------------------------------------------------------
[2024-09-16 00:03:21,029] {taskinstance.py:1357} INFO - Starting attempt 1 of 1
[2024-09-16 00:03:21,029] {taskinstance.py:1358} INFO - 
--------------------------------------------------------------------------------
[2024-09-16 00:03:21,058] {taskinstance.py:1377} INFO - Executing <Task(_PythonDecoratedOperator): BRONZE_STONCKS_AAPL> on 2024-01-18 00:00:00+00:00
[2024-09-16 00:03:21,072] {standard_task_runner.py:52} INFO - Started process 19642 to run task
[2024-09-16 00:03:21,087] {standard_task_runner.py:79} INFO - Running: ['airflow', 'tasks', 'run', 'BRONZER_GET_STONCKS', 'BRONZE_STONCKS_AAPL', 'scheduled__2024-01-18T00:00:00+00:00', '--job-id', '98', '--raw', '--subdir', 'DAGS_FOLDER/get_stocks.py', '--cfg-path', '/tmp/tmp9xus2x44', '--error-file', '/tmp/tmpgdq5seis']
[2024-09-16 00:03:21,089] {standard_task_runner.py:80} INFO - Job 98: Subtask BRONZE_STONCKS_AAPL
[2024-09-16 00:03:21,319] {task_command.py:370} INFO - Running <TaskInstance: BRONZER_GET_STONCKS.BRONZE_STONCKS_AAPL scheduled__2024-01-18T00:00:00+00:00 [running]> on host kaiwang.
[2024-09-16 00:03:21,632] {taskinstance.py:1569} INFO - Exporting the following env vars:
AIRFLOW_CTX_DAG_OWNER=airflow
AIRFLOW_CTX_DAG_ID=BRONZER_GET_STONCKS
AIRFLOW_CTX_TASK_ID=BRONZE_STONCKS_AAPL
AIRFLOW_CTX_EXECUTION_DATE=2024-01-18T00:00:00+00:00
AIRFLOW_CTX_TRY_NUMBER=1
AIRFLOW_CTX_DAG_RUN_ID=scheduled__2024-01-18T00:00:00+00:00
[2024-09-16 00:03:22,473] {python.py:173} INFO - Done. Returned value was: None
[2024-09-16 00:03:22,953] {taskinstance.py:1395} INFO - Marking task as SUCCESS. dag_id=BRONZER_GET_STONCKS, task_id=BRONZE_STONCKS_AAPL, execution_date=20240118T000000, start_date=20240916T030321, end_date=20240916T030322
[2024-09-16 00:03:23,048] {local_task_job.py:156} INFO - Task exited with return code 0
[2024-09-16 00:03:23,222] {local_task_job.py:273} INFO - 0 downstream tasks scheduled from follow-on schedule check
[2024-09-16 00:13:04,943] {taskinstance.py:1159} INFO - Dependencies all met for <TaskInstance: BRONZER_GET_STONCKS.BRONZE_STONCKS_AAPL scheduled__2024-01-18T00:00:00+00:00 [queued]>
[2024-09-16 00:13:04,978] {taskinstance.py:1159} INFO - Dependencies all met for <TaskInstance: BRONZER_GET_STONCKS.BRONZE_STONCKS_AAPL scheduled__2024-01-18T00:00:00+00:00 [queued]>
[2024-09-16 00:13:04,978] {taskinstance.py:1356} INFO - 
--------------------------------------------------------------------------------
[2024-09-16 00:13:04,978] {taskinstance.py:1357} INFO - Starting attempt 1 of 1
[2024-09-16 00:13:04,978] {taskinstance.py:1358} INFO - 
--------------------------------------------------------------------------------
[2024-09-16 00:13:05,015] {taskinstance.py:1377} INFO - Executing <Task(_PythonDecoratedOperator): BRONZE_STONCKS_AAPL> on 2024-01-18 00:00:00+00:00
[2024-09-16 00:13:05,020] {standard_task_runner.py:52} INFO - Started process 45351 to run task
[2024-09-16 00:13:05,044] {standard_task_runner.py:79} INFO - Running: ['airflow', 'tasks', 'run', 'BRONZER_GET_STONCKS', 'BRONZE_STONCKS_AAPL', 'scheduled__2024-01-18T00:00:00+00:00', '--job-id', '1574', '--raw', '--subdir', 'DAGS_FOLDER/get_stocks.py', '--cfg-path', '/tmp/tmpdnbhp3k5', '--error-file', '/tmp/tmpaefssjko']
[2024-09-16 00:13:05,045] {standard_task_runner.py:80} INFO - Job 1574: Subtask BRONZE_STONCKS_AAPL
[2024-09-16 00:13:05,291] {task_command.py:370} INFO - Running <TaskInstance: BRONZER_GET_STONCKS.BRONZE_STONCKS_AAPL scheduled__2024-01-18T00:00:00+00:00 [running]> on host kaiwang.
[2024-09-16 00:13:05,657] {taskinstance.py:1569} INFO - Exporting the following env vars:
AIRFLOW_CTX_DAG_OWNER=airflow
AIRFLOW_CTX_DAG_ID=BRONZER_GET_STONCKS
AIRFLOW_CTX_TASK_ID=BRONZE_STONCKS_AAPL
AIRFLOW_CTX_EXECUTION_DATE=2024-01-18T00:00:00+00:00
AIRFLOW_CTX_TRY_NUMBER=1
AIRFLOW_CTX_DAG_RUN_ID=scheduled__2024-01-18T00:00:00+00:00
[2024-09-16 00:13:06,466] {python.py:173} INFO - Done. Returned value was: None
[2024-09-16 00:13:06,511] {taskinstance.py:1395} INFO - Marking task as SUCCESS. dag_id=BRONZER_GET_STONCKS, task_id=BRONZE_STONCKS_AAPL, execution_date=20240118T000000, start_date=20240916T031304, end_date=20240916T031306
[2024-09-16 00:13:06,591] {local_task_job.py:156} INFO - Task exited with return code 0
[2024-09-16 00:13:06,714] {local_task_job.py:273} INFO - 0 downstream tasks scheduled from follow-on schedule check
[2024-09-16 00:14:37,923] {taskinstance.py:1159} INFO - Dependencies all met for <TaskInstance: BRONZER_GET_STONCKS.BRONZE_STONCKS_AAPL scheduled__2024-01-18T00:00:00+00:00 [queued]>
[2024-09-16 00:14:37,957] {taskinstance.py:1159} INFO - Dependencies all met for <TaskInstance: BRONZER_GET_STONCKS.BRONZE_STONCKS_AAPL scheduled__2024-01-18T00:00:00+00:00 [queued]>
[2024-09-16 00:14:37,957] {taskinstance.py:1356} INFO - 
--------------------------------------------------------------------------------
[2024-09-16 00:14:37,957] {taskinstance.py:1357} INFO - Starting attempt 1 of 1
[2024-09-16 00:14:37,957] {taskinstance.py:1358} INFO - 
--------------------------------------------------------------------------------
[2024-09-16 00:14:37,992] {taskinstance.py:1377} INFO - Executing <Task(_PythonDecoratedOperator): BRONZE_STONCKS_AAPL> on 2024-01-18 00:00:00+00:00
[2024-09-16 00:14:37,998] {standard_task_runner.py:52} INFO - Started process 50690 to run task
[2024-09-16 00:14:38,042] {standard_task_runner.py:79} INFO - Running: ['airflow', 'tasks', 'run', 'BRONZER_GET_STONCKS', 'BRONZE_STONCKS_AAPL', 'scheduled__2024-01-18T00:00:00+00:00', '--job-id', '1884', '--raw', '--subdir', 'DAGS_FOLDER/get_stocks.py', '--cfg-path', '/tmp/tmpr4tj70k9', '--error-file', '/tmp/tmp1znr9uo4']
[2024-09-16 00:14:38,048] {standard_task_runner.py:80} INFO - Job 1884: Subtask BRONZE_STONCKS_AAPL
[2024-09-16 00:14:38,348] {task_command.py:370} INFO - Running <TaskInstance: BRONZER_GET_STONCKS.BRONZE_STONCKS_AAPL scheduled__2024-01-18T00:00:00+00:00 [running]> on host kaiwang.
[2024-09-16 00:14:38,770] {taskinstance.py:1569} INFO - Exporting the following env vars:
AIRFLOW_CTX_DAG_OWNER=airflow
AIRFLOW_CTX_DAG_ID=BRONZER_GET_STONCKS
AIRFLOW_CTX_TASK_ID=BRONZE_STONCKS_AAPL
AIRFLOW_CTX_EXECUTION_DATE=2024-01-18T00:00:00+00:00
AIRFLOW_CTX_TRY_NUMBER=1
AIRFLOW_CTX_DAG_RUN_ID=scheduled__2024-01-18T00:00:00+00:00
[2024-09-16 00:14:39,463] {python.py:173} INFO - Done. Returned value was: None
[2024-09-16 00:14:39,572] {taskinstance.py:1395} INFO - Marking task as SUCCESS. dag_id=BRONZER_GET_STONCKS, task_id=BRONZE_STONCKS_AAPL, execution_date=20240118T000000, start_date=20240916T031437, end_date=20240916T031439
[2024-09-16 00:14:39,696] {local_task_job.py:156} INFO - Task exited with return code 0
[2024-09-16 00:14:39,860] {local_task_job.py:273} INFO - 0 downstream tasks scheduled from follow-on schedule check
