[2024-09-16 00:07:13,175] {taskinstance.py:1159} INFO - Dependencies all met for <TaskInstance: BRONZER_GET_STONCKS.BRONZE_STONCKS_GOOG scheduled__2024-08-10T00:00:00+00:00 [queued]>
[2024-09-16 00:07:13,201] {taskinstance.py:1159} INFO - Dependencies all met for <TaskInstance: BRONZER_GET_STONCKS.BRONZE_STONCKS_GOOG scheduled__2024-08-10T00:00:00+00:00 [queued]>
[2024-09-16 00:07:13,201] {taskinstance.py:1356} INFO - 
--------------------------------------------------------------------------------
[2024-09-16 00:07:13,202] {taskinstance.py:1357} INFO - Starting attempt 1 of 1
[2024-09-16 00:07:13,202] {taskinstance.py:1358} INFO - 
--------------------------------------------------------------------------------
[2024-09-16 00:07:13,246] {taskinstance.py:1377} INFO - Executing <Task(_PythonDecoratedOperator): BRONZE_STONCKS_GOOG> on 2024-08-10 00:00:00+00:00
[2024-09-16 00:07:13,252] {standard_task_runner.py:52} INFO - Started process 38124 to run task
[2024-09-16 00:07:13,261] {standard_task_runner.py:79} INFO - Running: ['airflow', 'tasks', 'run', 'BRONZER_GET_STONCKS', 'BRONZE_STONCKS_GOOG', 'scheduled__2024-08-10T00:00:00+00:00', '--job-id', '1174', '--raw', '--subdir', 'DAGS_FOLDER/get_stocks.py', '--cfg-path', '/tmp/tmp3oxxzgm8', '--error-file', '/tmp/tmpkv98ha0g']
[2024-09-16 00:07:13,262] {standard_task_runner.py:80} INFO - Job 1174: Subtask BRONZE_STONCKS_GOOG
[2024-09-16 00:07:13,389] {task_command.py:370} INFO - Running <TaskInstance: BRONZER_GET_STONCKS.BRONZE_STONCKS_GOOG scheduled__2024-08-10T00:00:00+00:00 [running]> on host kaiwang.
[2024-09-16 00:07:13,595] {taskinstance.py:1569} INFO - Exporting the following env vars:
AIRFLOW_CTX_DAG_OWNER=airflow
AIRFLOW_CTX_DAG_ID=BRONZER_GET_STONCKS
AIRFLOW_CTX_TASK_ID=BRONZE_STONCKS_GOOG
AIRFLOW_CTX_EXECUTION_DATE=2024-08-10T00:00:00+00:00
AIRFLOW_CTX_TRY_NUMBER=1
AIRFLOW_CTX_DAG_RUN_ID=scheduled__2024-08-10T00:00:00+00:00
[2024-09-16 00:07:14,258] {python.py:173} INFO - Done. Returned value was: None
[2024-09-16 00:07:14,295] {taskinstance.py:1395} INFO - Marking task as SUCCESS. dag_id=BRONZER_GET_STONCKS, task_id=BRONZE_STONCKS_GOOG, execution_date=20240810T000000, start_date=20240916T030713, end_date=20240916T030714
[2024-09-16 00:07:14,414] {local_task_job.py:156} INFO - Task exited with return code 0
[2024-09-16 00:07:14,578] {local_task_job.py:273} INFO - 0 downstream tasks scheduled from follow-on schedule check
[2024-09-16 13:55:58,771] {taskinstance.py:1159} INFO - Dependencies all met for <TaskInstance: BRONZER_GET_STONCKS.BRONZE_STONCKS_GOOG scheduled__2024-08-10T00:00:00+00:00 [queued]>
[2024-09-16 13:55:58,789] {taskinstance.py:1159} INFO - Dependencies all met for <TaskInstance: BRONZER_GET_STONCKS.BRONZE_STONCKS_GOOG scheduled__2024-08-10T00:00:00+00:00 [queued]>
[2024-09-16 13:55:58,790] {taskinstance.py:1356} INFO - 
--------------------------------------------------------------------------------
[2024-09-16 13:55:58,790] {taskinstance.py:1357} INFO - Starting attempt 1 of 1
[2024-09-16 13:55:58,790] {taskinstance.py:1358} INFO - 
--------------------------------------------------------------------------------
[2024-09-16 13:55:58,812] {taskinstance.py:1377} INFO - Executing <Task(_PythonDecoratedOperator): BRONZE_STONCKS_GOOG> on 2024-08-10 00:00:00+00:00
[2024-09-16 13:55:58,818] {standard_task_runner.py:52} INFO - Started process 137089 to run task
[2024-09-16 13:55:58,830] {standard_task_runner.py:79} INFO - Running: ['airflow', 'tasks', 'run', 'BRONZER_GET_STONCKS', 'BRONZE_STONCKS_GOOG', 'scheduled__2024-08-10T00:00:00+00:00', '--job-id', '2490', '--raw', '--subdir', 'DAGS_FOLDER/get_stocks.py', '--cfg-path', '/tmp/tmpom8uhx3c', '--error-file', '/tmp/tmp_i3vhjf7']
[2024-09-16 13:55:58,831] {standard_task_runner.py:80} INFO - Job 2490: Subtask BRONZE_STONCKS_GOOG
[2024-09-16 13:55:59,023] {task_command.py:370} INFO - Running <TaskInstance: BRONZER_GET_STONCKS.BRONZE_STONCKS_GOOG scheduled__2024-08-10T00:00:00+00:00 [running]> on host kaiwang.
[2024-09-16 13:55:59,906] {taskinstance.py:1569} INFO - Exporting the following env vars:
AIRFLOW_CTX_DAG_OWNER=airflow
AIRFLOW_CTX_DAG_ID=BRONZER_GET_STONCKS
AIRFLOW_CTX_TASK_ID=BRONZE_STONCKS_GOOG
AIRFLOW_CTX_EXECUTION_DATE=2024-08-10T00:00:00+00:00
AIRFLOW_CTX_TRY_NUMBER=1
AIRFLOW_CTX_DAG_RUN_ID=scheduled__2024-08-10T00:00:00+00:00
[2024-09-16 13:56:00,514] {python.py:173} INFO - Done. Returned value was: None
[2024-09-16 13:56:00,540] {taskinstance.py:1395} INFO - Marking task as SUCCESS. dag_id=BRONZER_GET_STONCKS, task_id=BRONZE_STONCKS_GOOG, execution_date=20240810T000000, start_date=20240916T165558, end_date=20240916T165600
[2024-09-16 13:56:00,624] {local_task_job.py:156} INFO - Task exited with return code 0
[2024-09-16 13:56:00,772] {local_task_job.py:273} INFO - 0 downstream tasks scheduled from follow-on schedule check
