[2024-09-16 00:07:11,157] {taskinstance.py:1159} INFO - Dependencies all met for <TaskInstance: BRONZER_GET_STONCKS.BRONZE_STONCKS_MSFT scheduled__2024-08-07T00:00:00+00:00 [queued]>
[2024-09-16 00:07:11,207] {taskinstance.py:1159} INFO - Dependencies all met for <TaskInstance: BRONZER_GET_STONCKS.BRONZE_STONCKS_MSFT scheduled__2024-08-07T00:00:00+00:00 [queued]>
[2024-09-16 00:07:11,207] {taskinstance.py:1356} INFO - 
--------------------------------------------------------------------------------
[2024-09-16 00:07:11,207] {taskinstance.py:1357} INFO - Starting attempt 1 of 1
[2024-09-16 00:07:11,207] {taskinstance.py:1358} INFO - 
--------------------------------------------------------------------------------
[2024-09-16 00:07:11,283] {taskinstance.py:1377} INFO - Executing <Task(_PythonDecoratedOperator): BRONZE_STONCKS_MSFT> on 2024-08-07 00:00:00+00:00
[2024-09-16 00:07:11,289] {standard_task_runner.py:52} INFO - Started process 37910 to run task
[2024-09-16 00:07:11,316] {standard_task_runner.py:79} INFO - Running: ['airflow', 'tasks', 'run', 'BRONZER_GET_STONCKS', 'BRONZE_STONCKS_MSFT', 'scheduled__2024-08-07T00:00:00+00:00', '--job-id', '1156', '--raw', '--subdir', 'DAGS_FOLDER/get_stocks.py', '--cfg-path', '/tmp/tmp0boe7_ad', '--error-file', '/tmp/tmp409h2hvy']
[2024-09-16 00:07:11,318] {standard_task_runner.py:80} INFO - Job 1156: Subtask BRONZE_STONCKS_MSFT
[2024-09-16 00:07:11,675] {task_command.py:370} INFO - Running <TaskInstance: BRONZER_GET_STONCKS.BRONZE_STONCKS_MSFT scheduled__2024-08-07T00:00:00+00:00 [running]> on host kaiwang.
[2024-09-16 00:07:12,059] {taskinstance.py:1569} INFO - Exporting the following env vars:
AIRFLOW_CTX_DAG_OWNER=airflow
AIRFLOW_CTX_DAG_ID=BRONZER_GET_STONCKS
AIRFLOW_CTX_TASK_ID=BRONZE_STONCKS_MSFT
AIRFLOW_CTX_EXECUTION_DATE=2024-08-07T00:00:00+00:00
AIRFLOW_CTX_TRY_NUMBER=1
AIRFLOW_CTX_DAG_RUN_ID=scheduled__2024-08-07T00:00:00+00:00
[2024-09-16 00:07:12,820] {python.py:173} INFO - Done. Returned value was: None
[2024-09-16 00:07:12,843] {taskinstance.py:1395} INFO - Marking task as SUCCESS. dag_id=BRONZER_GET_STONCKS, task_id=BRONZE_STONCKS_MSFT, execution_date=20240807T000000, start_date=20240916T030711, end_date=20240916T030712
[2024-09-16 00:07:12,898] {local_task_job.py:156} INFO - Task exited with return code 0
[2024-09-16 00:07:13,107] {local_task_job.py:273} INFO - 0 downstream tasks scheduled from follow-on schedule check
[2024-09-16 13:55:51,198] {taskinstance.py:1159} INFO - Dependencies all met for <TaskInstance: BRONZER_GET_STONCKS.BRONZE_STONCKS_MSFT scheduled__2024-08-07T00:00:00+00:00 [queued]>
[2024-09-16 13:55:51,216] {taskinstance.py:1159} INFO - Dependencies all met for <TaskInstance: BRONZER_GET_STONCKS.BRONZE_STONCKS_MSFT scheduled__2024-08-07T00:00:00+00:00 [queued]>
[2024-09-16 13:55:51,217] {taskinstance.py:1356} INFO - 
--------------------------------------------------------------------------------
[2024-09-16 13:55:51,217] {taskinstance.py:1357} INFO - Starting attempt 1 of 1
[2024-09-16 13:55:51,217] {taskinstance.py:1358} INFO - 
--------------------------------------------------------------------------------
[2024-09-16 13:55:51,240] {taskinstance.py:1377} INFO - Executing <Task(_PythonDecoratedOperator): BRONZE_STONCKS_MSFT> on 2024-08-07 00:00:00+00:00
[2024-09-16 13:55:51,249] {standard_task_runner.py:52} INFO - Started process 136669 to run task
[2024-09-16 13:55:51,258] {standard_task_runner.py:79} INFO - Running: ['airflow', 'tasks', 'run', 'BRONZER_GET_STONCKS', 'BRONZE_STONCKS_MSFT', 'scheduled__2024-08-07T00:00:00+00:00', '--job-id', '2475', '--raw', '--subdir', 'DAGS_FOLDER/get_stocks.py', '--cfg-path', '/tmp/tmpw4s_ocnn', '--error-file', '/tmp/tmp44_n4qnm']
[2024-09-16 13:55:51,259] {standard_task_runner.py:80} INFO - Job 2475: Subtask BRONZE_STONCKS_MSFT
[2024-09-16 13:55:51,359] {task_command.py:370} INFO - Running <TaskInstance: BRONZER_GET_STONCKS.BRONZE_STONCKS_MSFT scheduled__2024-08-07T00:00:00+00:00 [running]> on host kaiwang.
[2024-09-16 13:55:51,683] {taskinstance.py:1569} INFO - Exporting the following env vars:
AIRFLOW_CTX_DAG_OWNER=airflow
AIRFLOW_CTX_DAG_ID=BRONZER_GET_STONCKS
AIRFLOW_CTX_TASK_ID=BRONZE_STONCKS_MSFT
AIRFLOW_CTX_EXECUTION_DATE=2024-08-07T00:00:00+00:00
AIRFLOW_CTX_TRY_NUMBER=1
AIRFLOW_CTX_DAG_RUN_ID=scheduled__2024-08-07T00:00:00+00:00
[2024-09-16 13:55:52,346] {python.py:173} INFO - Done. Returned value was: None
[2024-09-16 13:55:52,401] {taskinstance.py:1395} INFO - Marking task as SUCCESS. dag_id=BRONZER_GET_STONCKS, task_id=BRONZE_STONCKS_MSFT, execution_date=20240807T000000, start_date=20240916T165551, end_date=20240916T165552
[2024-09-16 13:55:52,497] {local_task_job.py:156} INFO - Task exited with return code 0
[2024-09-16 13:55:52,574] {local_task_job.py:273} INFO - 0 downstream tasks scheduled from follow-on schedule check
