[2024-09-16 00:02:56,958] {taskinstance.py:1159} INFO - Dependencies all met for <TaskInstance: BRONZER_GET_CRIPTOS.BRONZE_CRIPTO_AVAX scheduled__2024-01-04T00:00:00+00:00 [queued]>
[2024-09-16 00:02:57,032] {taskinstance.py:1159} INFO - Dependencies all met for <TaskInstance: BRONZER_GET_CRIPTOS.BRONZE_CRIPTO_AVAX scheduled__2024-01-04T00:00:00+00:00 [queued]>
[2024-09-16 00:02:57,032] {taskinstance.py:1356} INFO - 
--------------------------------------------------------------------------------
[2024-09-16 00:02:57,033] {taskinstance.py:1357} INFO - Starting attempt 1 of 1
[2024-09-16 00:02:57,033] {taskinstance.py:1358} INFO - 
--------------------------------------------------------------------------------
[2024-09-16 00:02:57,116] {taskinstance.py:1377} INFO - Executing <Task(_PythonDecoratedOperator): BRONZE_CRIPTO_AVAX> on 2024-01-04 00:00:00+00:00
[2024-09-16 00:02:57,137] {standard_task_runner.py:52} INFO - Started process 18166 to run task
[2024-09-16 00:02:57,164] {standard_task_runner.py:79} INFO - Running: ['airflow', 'tasks', 'run', 'BRONZER_GET_CRIPTOS', 'BRONZE_CRIPTO_AVAX', 'scheduled__2024-01-04T00:00:00+00:00', '--job-id', '10', '--raw', '--subdir', 'DAGS_FOLDER/get_cripto.py', '--cfg-path', '/tmp/tmpzrf0uu7a', '--error-file', '/tmp/tmpkc5_tqaf']
[2024-09-16 00:02:57,165] {standard_task_runner.py:80} INFO - Job 10: Subtask BRONZE_CRIPTO_AVAX
[2024-09-16 00:02:57,499] {task_command.py:370} INFO - Running <TaskInstance: BRONZER_GET_CRIPTOS.BRONZE_CRIPTO_AVAX scheduled__2024-01-04T00:00:00+00:00 [running]> on host kaiwang.
[2024-09-16 00:02:57,799] {taskinstance.py:1569} INFO - Exporting the following env vars:
AIRFLOW_CTX_DAG_OWNER=airflow
AIRFLOW_CTX_DAG_ID=BRONZER_GET_CRIPTOS
AIRFLOW_CTX_TASK_ID=BRONZE_CRIPTO_AVAX
AIRFLOW_CTX_EXECUTION_DATE=2024-01-04T00:00:00+00:00
AIRFLOW_CTX_TRY_NUMBER=1
AIRFLOW_CTX_DAG_RUN_ID=scheduled__2024-01-04T00:00:00+00:00
[2024-09-16 00:03:01,287] {history.py:122} ERROR - $AVAX: possibly delisted; no timezone found
[2024-09-16 00:03:01,296] {python.py:173} INFO - Done. Returned value was: None
[2024-09-16 00:03:01,381] {taskinstance.py:1395} INFO - Marking task as SUCCESS. dag_id=BRONZER_GET_CRIPTOS, task_id=BRONZE_CRIPTO_AVAX, execution_date=20240104T000000, start_date=20240916T030256, end_date=20240916T030301
[2024-09-16 00:03:01,471] {local_task_job.py:156} INFO - Task exited with return code 0
[2024-09-16 00:03:01,621] {local_task_job.py:273} INFO - 0 downstream tasks scheduled from follow-on schedule check
[2024-09-16 00:12:42,443] {taskinstance.py:1159} INFO - Dependencies all met for <TaskInstance: BRONZER_GET_CRIPTOS.BRONZE_CRIPTO_AVAX scheduled__2024-01-04T00:00:00+00:00 [queued]>
[2024-09-16 00:12:42,484] {taskinstance.py:1159} INFO - Dependencies all met for <TaskInstance: BRONZER_GET_CRIPTOS.BRONZE_CRIPTO_AVAX scheduled__2024-01-04T00:00:00+00:00 [queued]>
[2024-09-16 00:12:42,484] {taskinstance.py:1356} INFO - 
--------------------------------------------------------------------------------
[2024-09-16 00:12:42,484] {taskinstance.py:1357} INFO - Starting attempt 1 of 1
[2024-09-16 00:12:42,484] {taskinstance.py:1358} INFO - 
--------------------------------------------------------------------------------
[2024-09-16 00:12:42,518] {taskinstance.py:1377} INFO - Executing <Task(_PythonDecoratedOperator): BRONZE_CRIPTO_AVAX> on 2024-01-04 00:00:00+00:00
[2024-09-16 00:12:42,532] {standard_task_runner.py:52} INFO - Started process 43727 to run task
[2024-09-16 00:12:42,542] {standard_task_runner.py:79} INFO - Running: ['airflow', 'tasks', 'run', 'BRONZER_GET_CRIPTOS', 'BRONZE_CRIPTO_AVAX', 'scheduled__2024-01-04T00:00:00+00:00', '--job-id', '1483', '--raw', '--subdir', 'DAGS_FOLDER/get_cripto.py', '--cfg-path', '/tmp/tmpoqdn6635', '--error-file', '/tmp/tmpksnd_k9n']
[2024-09-16 00:12:42,544] {standard_task_runner.py:80} INFO - Job 1483: Subtask BRONZE_CRIPTO_AVAX
[2024-09-16 00:12:42,707] {task_command.py:370} INFO - Running <TaskInstance: BRONZER_GET_CRIPTOS.BRONZE_CRIPTO_AVAX scheduled__2024-01-04T00:00:00+00:00 [running]> on host kaiwang.
[2024-09-16 00:12:42,880] {taskinstance.py:1569} INFO - Exporting the following env vars:
AIRFLOW_CTX_DAG_OWNER=airflow
AIRFLOW_CTX_DAG_ID=BRONZER_GET_CRIPTOS
AIRFLOW_CTX_TASK_ID=BRONZE_CRIPTO_AVAX
AIRFLOW_CTX_EXECUTION_DATE=2024-01-04T00:00:00+00:00
AIRFLOW_CTX_TRY_NUMBER=1
AIRFLOW_CTX_DAG_RUN_ID=scheduled__2024-01-04T00:00:00+00:00
[2024-09-16 00:12:46,603] {history.py:122} ERROR - $AVAX: possibly delisted; no timezone found
[2024-09-16 00:12:46,605] {python.py:173} INFO - Done. Returned value was: None
[2024-09-16 00:12:46,624] {taskinstance.py:1395} INFO - Marking task as SUCCESS. dag_id=BRONZER_GET_CRIPTOS, task_id=BRONZE_CRIPTO_AVAX, execution_date=20240104T000000, start_date=20240916T031242, end_date=20240916T031246
[2024-09-16 00:12:46,676] {local_task_job.py:156} INFO - Task exited with return code 0
[2024-09-16 00:12:46,707] {local_task_job.py:273} INFO - 0 downstream tasks scheduled from follow-on schedule check
[2024-09-16 00:14:19,236] {taskinstance.py:1159} INFO - Dependencies all met for <TaskInstance: BRONZER_GET_CRIPTOS.BRONZE_CRIPTO_AVAX scheduled__2024-01-04T00:00:00+00:00 [queued]>
[2024-09-16 00:14:19,338] {taskinstance.py:1159} INFO - Dependencies all met for <TaskInstance: BRONZER_GET_CRIPTOS.BRONZE_CRIPTO_AVAX scheduled__2024-01-04T00:00:00+00:00 [queued]>
[2024-09-16 00:14:19,338] {taskinstance.py:1356} INFO - 
--------------------------------------------------------------------------------
[2024-09-16 00:14:19,338] {taskinstance.py:1357} INFO - Starting attempt 1 of 1
[2024-09-16 00:14:19,338] {taskinstance.py:1358} INFO - 
--------------------------------------------------------------------------------
[2024-09-16 00:14:19,407] {taskinstance.py:1377} INFO - Executing <Task(_PythonDecoratedOperator): BRONZE_CRIPTO_AVAX> on 2024-01-04 00:00:00+00:00
[2024-09-16 00:14:19,412] {standard_task_runner.py:52} INFO - Started process 49262 to run task
[2024-09-16 00:14:19,474] {standard_task_runner.py:79} INFO - Running: ['airflow', 'tasks', 'run', 'BRONZER_GET_CRIPTOS', 'BRONZE_CRIPTO_AVAX', 'scheduled__2024-01-04T00:00:00+00:00', '--job-id', '1797', '--raw', '--subdir', 'DAGS_FOLDER/get_cripto.py', '--cfg-path', '/tmp/tmpure3w7n0', '--error-file', '/tmp/tmp2eqajxxh']
[2024-09-16 00:14:19,476] {standard_task_runner.py:80} INFO - Job 1797: Subtask BRONZE_CRIPTO_AVAX
[2024-09-16 00:14:19,854] {task_command.py:370} INFO - Running <TaskInstance: BRONZER_GET_CRIPTOS.BRONZE_CRIPTO_AVAX scheduled__2024-01-04T00:00:00+00:00 [running]> on host kaiwang.
[2024-09-16 00:14:20,191] {taskinstance.py:1569} INFO - Exporting the following env vars:
AIRFLOW_CTX_DAG_OWNER=airflow
AIRFLOW_CTX_DAG_ID=BRONZER_GET_CRIPTOS
AIRFLOW_CTX_TASK_ID=BRONZE_CRIPTO_AVAX
AIRFLOW_CTX_EXECUTION_DATE=2024-01-04T00:00:00+00:00
AIRFLOW_CTX_TRY_NUMBER=1
AIRFLOW_CTX_DAG_RUN_ID=scheduled__2024-01-04T00:00:00+00:00
[2024-09-16 00:14:23,471] {history.py:122} ERROR - $AVAX: possibly delisted; no timezone found
[2024-09-16 00:14:23,474] {python.py:173} INFO - Done. Returned value was: None
[2024-09-16 00:14:23,490] {taskinstance.py:1395} INFO - Marking task as SUCCESS. dag_id=BRONZER_GET_CRIPTOS, task_id=BRONZE_CRIPTO_AVAX, execution_date=20240104T000000, start_date=20240916T031419, end_date=20240916T031423
[2024-09-16 00:14:23,524] {local_task_job.py:156} INFO - Task exited with return code 0
[2024-09-16 00:14:23,618] {local_task_job.py:273} INFO - 0 downstream tasks scheduled from follow-on schedule check
