[2024-09-16 00:06:13,551] {taskinstance.py:1159} INFO - Dependencies all met for <TaskInstance: BRONZER_GET_CRIPTOS.BRONZE_CRIPTO_ETH scheduled__2024-05-22T00:00:00+00:00 [queued]>
[2024-09-16 00:06:13,603] {taskinstance.py:1159} INFO - Dependencies all met for <TaskInstance: BRONZER_GET_CRIPTOS.BRONZE_CRIPTO_ETH scheduled__2024-05-22T00:00:00+00:00 [queued]>
[2024-09-16 00:06:13,603] {taskinstance.py:1356} INFO - 
--------------------------------------------------------------------------------
[2024-09-16 00:06:13,604] {taskinstance.py:1357} INFO - Starting attempt 1 of 1
[2024-09-16 00:06:13,604] {taskinstance.py:1358} INFO - 
--------------------------------------------------------------------------------
[2024-09-16 00:06:13,641] {taskinstance.py:1377} INFO - Executing <Task(_PythonDecoratedOperator): BRONZE_CRIPTO_ETH> on 2024-05-22 00:00:00+00:00
[2024-09-16 00:06:13,649] {standard_task_runner.py:52} INFO - Started process 33235 to run task
[2024-09-16 00:06:13,675] {standard_task_runner.py:79} INFO - Running: ['airflow', 'tasks', 'run', 'BRONZER_GET_CRIPTOS', 'BRONZE_CRIPTO_ETH', 'scheduled__2024-05-22T00:00:00+00:00', '--job-id', '884', '--raw', '--subdir', 'DAGS_FOLDER/get_cripto.py', '--cfg-path', '/tmp/tmphqzaos6m', '--error-file', '/tmp/tmpzvy_65or']
[2024-09-16 00:06:13,676] {standard_task_runner.py:80} INFO - Job 884: Subtask BRONZE_CRIPTO_ETH
[2024-09-16 00:06:13,934] {task_command.py:370} INFO - Running <TaskInstance: BRONZER_GET_CRIPTOS.BRONZE_CRIPTO_ETH scheduled__2024-05-22T00:00:00+00:00 [running]> on host kaiwang.
[2024-09-16 00:06:14,263] {taskinstance.py:1569} INFO - Exporting the following env vars:
AIRFLOW_CTX_DAG_OWNER=airflow
AIRFLOW_CTX_DAG_ID=BRONZER_GET_CRIPTOS
AIRFLOW_CTX_TASK_ID=BRONZE_CRIPTO_ETH
AIRFLOW_CTX_EXECUTION_DATE=2024-05-22T00:00:00+00:00
AIRFLOW_CTX_TRY_NUMBER=1
AIRFLOW_CTX_DAG_RUN_ID=scheduled__2024-05-22T00:00:00+00:00
[2024-09-16 00:06:16,878] {history.py:244} ERROR - $ETH: possibly delisted; no price data found  (1h 2024-05-19 -> 2024-05-22) (Yahoo error = "Data doesn't exist for startDate = 1716091200, endDate = 1716350400")
[2024-09-16 00:06:16,884] {python.py:173} INFO - Done. Returned value was: None
[2024-09-16 00:06:16,937] {taskinstance.py:1395} INFO - Marking task as SUCCESS. dag_id=BRONZER_GET_CRIPTOS, task_id=BRONZE_CRIPTO_ETH, execution_date=20240522T000000, start_date=20240916T030613, end_date=20240916T030616
[2024-09-16 00:06:17,039] {local_task_job.py:156} INFO - Task exited with return code 0
[2024-09-16 00:06:17,159] {local_task_job.py:273} INFO - 0 downstream tasks scheduled from follow-on schedule check
