[2024-09-16 00:03:18,613] {taskinstance.py:1159} INFO - Dependencies all met for <TaskInstance: BRONZER_GET_CRIPTOS.BRONZE_CRIPTO_DOGE scheduled__2024-01-16T00:00:00+00:00 [queued]>
[2024-09-16 00:03:18,693] {taskinstance.py:1159} INFO - Dependencies all met for <TaskInstance: BRONZER_GET_CRIPTOS.BRONZE_CRIPTO_DOGE scheduled__2024-01-16T00:00:00+00:00 [queued]>
[2024-09-16 00:03:18,694] {taskinstance.py:1356} INFO - 
--------------------------------------------------------------------------------
[2024-09-16 00:03:18,694] {taskinstance.py:1357} INFO - Starting attempt 1 of 1
[2024-09-16 00:03:18,694] {taskinstance.py:1358} INFO - 
--------------------------------------------------------------------------------
[2024-09-16 00:03:18,779] {taskinstance.py:1377} INFO - Executing <Task(_PythonDecoratedOperator): BRONZE_CRIPTO_DOGE> on 2024-01-16 00:00:00+00:00
[2024-09-16 00:03:18,786] {standard_task_runner.py:52} INFO - Started process 19458 to run task
[2024-09-16 00:03:18,860] {standard_task_runner.py:79} INFO - Running: ['airflow', 'tasks', 'run', 'BRONZER_GET_CRIPTOS', 'BRONZE_CRIPTO_DOGE', 'scheduled__2024-01-16T00:00:00+00:00', '--job-id', '88', '--raw', '--subdir', 'DAGS_FOLDER/get_cripto.py', '--cfg-path', '/tmp/tmpij1al42o', '--error-file', '/tmp/tmp66tkarzr']
[2024-09-16 00:03:18,861] {standard_task_runner.py:80} INFO - Job 88: Subtask BRONZE_CRIPTO_DOGE
[2024-09-16 00:03:19,186] {task_command.py:370} INFO - Running <TaskInstance: BRONZER_GET_CRIPTOS.BRONZE_CRIPTO_DOGE scheduled__2024-01-16T00:00:00+00:00 [running]> on host kaiwang.
[2024-09-16 00:03:19,506] {taskinstance.py:1569} INFO - Exporting the following env vars:
AIRFLOW_CTX_DAG_OWNER=airflow
AIRFLOW_CTX_DAG_ID=BRONZER_GET_CRIPTOS
AIRFLOW_CTX_TASK_ID=BRONZE_CRIPTO_DOGE
AIRFLOW_CTX_EXECUTION_DATE=2024-01-16T00:00:00+00:00
AIRFLOW_CTX_TRY_NUMBER=1
AIRFLOW_CTX_DAG_RUN_ID=scheduled__2024-01-16T00:00:00+00:00
[2024-09-16 00:03:22,558] {history.py:122} ERROR - $DOGE: possibly delisted; no timezone found
[2024-09-16 00:03:22,572] {python.py:173} INFO - Done. Returned value was: None
[2024-09-16 00:03:22,965] {taskinstance.py:1395} INFO - Marking task as SUCCESS. dag_id=BRONZER_GET_CRIPTOS, task_id=BRONZE_CRIPTO_DOGE, execution_date=20240116T000000, start_date=20240916T030318, end_date=20240916T030322
[2024-09-16 00:03:23,057] {local_task_job.py:156} INFO - Task exited with return code 0
[2024-09-16 00:03:23,560] {local_task_job.py:273} INFO - 0 downstream tasks scheduled from follow-on schedule check
[2024-09-16 00:12:59,383] {taskinstance.py:1159} INFO - Dependencies all met for <TaskInstance: BRONZER_GET_CRIPTOS.BRONZE_CRIPTO_DOGE scheduled__2024-01-16T00:00:00+00:00 [queued]>
[2024-09-16 00:12:59,415] {taskinstance.py:1159} INFO - Dependencies all met for <TaskInstance: BRONZER_GET_CRIPTOS.BRONZE_CRIPTO_DOGE scheduled__2024-01-16T00:00:00+00:00 [queued]>
[2024-09-16 00:12:59,415] {taskinstance.py:1356} INFO - 
--------------------------------------------------------------------------------
[2024-09-16 00:12:59,415] {taskinstance.py:1357} INFO - Starting attempt 1 of 1
[2024-09-16 00:12:59,415] {taskinstance.py:1358} INFO - 
--------------------------------------------------------------------------------
[2024-09-16 00:12:59,450] {taskinstance.py:1377} INFO - Executing <Task(_PythonDecoratedOperator): BRONZE_CRIPTO_DOGE> on 2024-01-16 00:00:00+00:00
[2024-09-16 00:12:59,455] {standard_task_runner.py:52} INFO - Started process 44988 to run task
[2024-09-16 00:12:59,471] {standard_task_runner.py:79} INFO - Running: ['airflow', 'tasks', 'run', 'BRONZER_GET_CRIPTOS', 'BRONZE_CRIPTO_DOGE', 'scheduled__2024-01-16T00:00:00+00:00', '--job-id', '1561', '--raw', '--subdir', 'DAGS_FOLDER/get_cripto.py', '--cfg-path', '/tmp/tmp2guow7as', '--error-file', '/tmp/tmpr5_wsncr']
[2024-09-16 00:12:59,475] {standard_task_runner.py:80} INFO - Job 1561: Subtask BRONZE_CRIPTO_DOGE
[2024-09-16 00:12:59,697] {task_command.py:370} INFO - Running <TaskInstance: BRONZER_GET_CRIPTOS.BRONZE_CRIPTO_DOGE scheduled__2024-01-16T00:00:00+00:00 [running]> on host kaiwang.
[2024-09-16 00:12:59,890] {taskinstance.py:1569} INFO - Exporting the following env vars:
AIRFLOW_CTX_DAG_OWNER=airflow
AIRFLOW_CTX_DAG_ID=BRONZER_GET_CRIPTOS
AIRFLOW_CTX_TASK_ID=BRONZE_CRIPTO_DOGE
AIRFLOW_CTX_EXECUTION_DATE=2024-01-16T00:00:00+00:00
AIRFLOW_CTX_TRY_NUMBER=1
AIRFLOW_CTX_DAG_RUN_ID=scheduled__2024-01-16T00:00:00+00:00
[2024-09-16 00:13:03,099] {history.py:122} ERROR - $DOGE: possibly delisted; no timezone found
[2024-09-16 00:13:03,104] {python.py:173} INFO - Done. Returned value was: None
[2024-09-16 00:13:03,180] {taskinstance.py:1395} INFO - Marking task as SUCCESS. dag_id=BRONZER_GET_CRIPTOS, task_id=BRONZE_CRIPTO_DOGE, execution_date=20240116T000000, start_date=20240916T031259, end_date=20240916T031303
[2024-09-16 00:13:03,263] {local_task_job.py:156} INFO - Task exited with return code 0
[2024-09-16 00:13:03,692] {local_task_job.py:273} INFO - 0 downstream tasks scheduled from follow-on schedule check
[2024-09-16 00:14:35,764] {taskinstance.py:1159} INFO - Dependencies all met for <TaskInstance: BRONZER_GET_CRIPTOS.BRONZE_CRIPTO_DOGE scheduled__2024-01-16T00:00:00+00:00 [queued]>
[2024-09-16 00:14:35,791] {taskinstance.py:1159} INFO - Dependencies all met for <TaskInstance: BRONZER_GET_CRIPTOS.BRONZE_CRIPTO_DOGE scheduled__2024-01-16T00:00:00+00:00 [queued]>
[2024-09-16 00:14:35,792] {taskinstance.py:1356} INFO - 
--------------------------------------------------------------------------------
[2024-09-16 00:14:35,792] {taskinstance.py:1357} INFO - Starting attempt 1 of 1
[2024-09-16 00:14:35,792] {taskinstance.py:1358} INFO - 
--------------------------------------------------------------------------------
[2024-09-16 00:14:35,846] {taskinstance.py:1377} INFO - Executing <Task(_PythonDecoratedOperator): BRONZE_CRIPTO_DOGE> on 2024-01-16 00:00:00+00:00
[2024-09-16 00:14:35,864] {standard_task_runner.py:52} INFO - Started process 50508 to run task
[2024-09-16 00:14:35,887] {standard_task_runner.py:79} INFO - Running: ['airflow', 'tasks', 'run', 'BRONZER_GET_CRIPTOS', 'BRONZE_CRIPTO_DOGE', 'scheduled__2024-01-16T00:00:00+00:00', '--job-id', '1873', '--raw', '--subdir', 'DAGS_FOLDER/get_cripto.py', '--cfg-path', '/tmp/tmph7ks9tu6', '--error-file', '/tmp/tmpca2pvr0_']
[2024-09-16 00:14:35,888] {standard_task_runner.py:80} INFO - Job 1873: Subtask BRONZE_CRIPTO_DOGE
[2024-09-16 00:14:36,269] {task_command.py:370} INFO - Running <TaskInstance: BRONZER_GET_CRIPTOS.BRONZE_CRIPTO_DOGE scheduled__2024-01-16T00:00:00+00:00 [running]> on host kaiwang.
[2024-09-16 00:14:36,652] {taskinstance.py:1569} INFO - Exporting the following env vars:
AIRFLOW_CTX_DAG_OWNER=airflow
AIRFLOW_CTX_DAG_ID=BRONZER_GET_CRIPTOS
AIRFLOW_CTX_TASK_ID=BRONZE_CRIPTO_DOGE
AIRFLOW_CTX_EXECUTION_DATE=2024-01-16T00:00:00+00:00
AIRFLOW_CTX_TRY_NUMBER=1
AIRFLOW_CTX_DAG_RUN_ID=scheduled__2024-01-16T00:00:00+00:00
[2024-09-16 00:14:39,339] {history.py:122} ERROR - $DOGE: possibly delisted; no timezone found
[2024-09-16 00:14:39,343] {python.py:173} INFO - Done. Returned value was: None
[2024-09-16 00:14:39,413] {taskinstance.py:1395} INFO - Marking task as SUCCESS. dag_id=BRONZER_GET_CRIPTOS, task_id=BRONZE_CRIPTO_DOGE, execution_date=20240116T000000, start_date=20240916T031435, end_date=20240916T031439
[2024-09-16 00:14:39,511] {local_task_job.py:156} INFO - Task exited with return code 0
[2024-09-16 00:14:39,737] {local_task_job.py:273} INFO - 0 downstream tasks scheduled from follow-on schedule check
