[2024-09-16 00:03:32,013] {taskinstance.py:1159} INFO - Dependencies all met for <TaskInstance: BRONZER_GET_STONCKS.BRONZE_STONCKS_MSFT scheduled__2024-01-25T00:00:00+00:00 [queued]>
[2024-09-16 00:03:32,052] {taskinstance.py:1159} INFO - Dependencies all met for <TaskInstance: BRONZER_GET_STONCKS.BRONZE_STONCKS_MSFT scheduled__2024-01-25T00:00:00+00:00 [queued]>
[2024-09-16 00:03:32,052] {taskinstance.py:1356} INFO - 
--------------------------------------------------------------------------------
[2024-09-16 00:03:32,052] {taskinstance.py:1357} INFO - Starting attempt 1 of 1
[2024-09-16 00:03:32,052] {taskinstance.py:1358} INFO - 
--------------------------------------------------------------------------------
[2024-09-16 00:03:32,099] {taskinstance.py:1377} INFO - Executing <Task(_PythonDecoratedOperator): BRONZE_STONCKS_MSFT> on 2024-01-25 00:00:00+00:00
[2024-09-16 00:03:32,107] {standard_task_runner.py:52} INFO - Started process 20435 to run task
[2024-09-16 00:03:32,145] {standard_task_runner.py:79} INFO - Running: ['airflow', 'tasks', 'run', 'BRONZER_GET_STONCKS', 'BRONZE_STONCKS_MSFT', 'scheduled__2024-01-25T00:00:00+00:00', '--job-id', '141', '--raw', '--subdir', 'DAGS_FOLDER/get_stocks.py', '--cfg-path', '/tmp/tmplzfiyru2', '--error-file', '/tmp/tmpxtfwxnm0']
[2024-09-16 00:03:32,146] {standard_task_runner.py:80} INFO - Job 141: Subtask BRONZE_STONCKS_MSFT
[2024-09-16 00:03:32,316] {task_command.py:370} INFO - Running <TaskInstance: BRONZER_GET_STONCKS.BRONZE_STONCKS_MSFT scheduled__2024-01-25T00:00:00+00:00 [running]> on host kaiwang.
[2024-09-16 00:03:32,834] {taskinstance.py:1569} INFO - Exporting the following env vars:
AIRFLOW_CTX_DAG_OWNER=airflow
AIRFLOW_CTX_DAG_ID=BRONZER_GET_STONCKS
AIRFLOW_CTX_TASK_ID=BRONZE_STONCKS_MSFT
AIRFLOW_CTX_EXECUTION_DATE=2024-01-25T00:00:00+00:00
AIRFLOW_CTX_TRY_NUMBER=1
AIRFLOW_CTX_DAG_RUN_ID=scheduled__2024-01-25T00:00:00+00:00
[2024-09-16 00:03:33,612] {python.py:173} INFO - Done. Returned value was: None
[2024-09-16 00:03:34,000] {taskinstance.py:1395} INFO - Marking task as SUCCESS. dag_id=BRONZER_GET_STONCKS, task_id=BRONZE_STONCKS_MSFT, execution_date=20240125T000000, start_date=20240916T030332, end_date=20240916T030334
[2024-09-16 00:03:34,092] {local_task_job.py:156} INFO - Task exited with return code 0
[2024-09-16 00:03:34,284] {local_task_job.py:273} INFO - 0 downstream tasks scheduled from follow-on schedule check
[2024-09-16 00:13:11,478] {taskinstance.py:1159} INFO - Dependencies all met for <TaskInstance: BRONZER_GET_STONCKS.BRONZE_STONCKS_MSFT scheduled__2024-01-25T00:00:00+00:00 [queued]>
[2024-09-16 00:13:11,520] {taskinstance.py:1159} INFO - Dependencies all met for <TaskInstance: BRONZER_GET_STONCKS.BRONZE_STONCKS_MSFT scheduled__2024-01-25T00:00:00+00:00 [queued]>
[2024-09-16 00:13:11,520] {taskinstance.py:1356} INFO - 
--------------------------------------------------------------------------------
[2024-09-16 00:13:11,520] {taskinstance.py:1357} INFO - Starting attempt 1 of 1
[2024-09-16 00:13:11,520] {taskinstance.py:1358} INFO - 
--------------------------------------------------------------------------------
[2024-09-16 00:13:11,570] {taskinstance.py:1377} INFO - Executing <Task(_PythonDecoratedOperator): BRONZE_STONCKS_MSFT> on 2024-01-25 00:00:00+00:00
[2024-09-16 00:13:11,586] {standard_task_runner.py:52} INFO - Started process 45908 to run task
[2024-09-16 00:13:11,612] {standard_task_runner.py:79} INFO - Running: ['airflow', 'tasks', 'run', 'BRONZER_GET_STONCKS', 'BRONZE_STONCKS_MSFT', 'scheduled__2024-01-25T00:00:00+00:00', '--job-id', '1610', '--raw', '--subdir', 'DAGS_FOLDER/get_stocks.py', '--cfg-path', '/tmp/tmpeatg1owp', '--error-file', '/tmp/tmplx3tv55k']
[2024-09-16 00:13:11,613] {standard_task_runner.py:80} INFO - Job 1610: Subtask BRONZE_STONCKS_MSFT
[2024-09-16 00:13:11,917] {task_command.py:370} INFO - Running <TaskInstance: BRONZER_GET_STONCKS.BRONZE_STONCKS_MSFT scheduled__2024-01-25T00:00:00+00:00 [running]> on host kaiwang.
[2024-09-16 00:13:12,315] {taskinstance.py:1569} INFO - Exporting the following env vars:
AIRFLOW_CTX_DAG_OWNER=airflow
AIRFLOW_CTX_DAG_ID=BRONZER_GET_STONCKS
AIRFLOW_CTX_TASK_ID=BRONZE_STONCKS_MSFT
AIRFLOW_CTX_EXECUTION_DATE=2024-01-25T00:00:00+00:00
AIRFLOW_CTX_TRY_NUMBER=1
AIRFLOW_CTX_DAG_RUN_ID=scheduled__2024-01-25T00:00:00+00:00
[2024-09-16 00:13:13,221] {python.py:173} INFO - Done. Returned value was: None
[2024-09-16 00:13:13,540] {taskinstance.py:1395} INFO - Marking task as SUCCESS. dag_id=BRONZER_GET_STONCKS, task_id=BRONZE_STONCKS_MSFT, execution_date=20240125T000000, start_date=20240916T031311, end_date=20240916T031313
[2024-09-16 00:13:13,677] {local_task_job.py:156} INFO - Task exited with return code 0
[2024-09-16 00:13:13,842] {local_task_job.py:273} INFO - 0 downstream tasks scheduled from follow-on schedule check
[2024-09-16 00:14:46,580] {taskinstance.py:1159} INFO - Dependencies all met for <TaskInstance: BRONZER_GET_STONCKS.BRONZE_STONCKS_MSFT scheduled__2024-01-25T00:00:00+00:00 [queued]>
[2024-09-16 00:14:46,661] {taskinstance.py:1159} INFO - Dependencies all met for <TaskInstance: BRONZER_GET_STONCKS.BRONZE_STONCKS_MSFT scheduled__2024-01-25T00:00:00+00:00 [queued]>
[2024-09-16 00:14:46,662] {taskinstance.py:1356} INFO - 
--------------------------------------------------------------------------------
[2024-09-16 00:14:46,662] {taskinstance.py:1357} INFO - Starting attempt 1 of 1
[2024-09-16 00:14:46,662] {taskinstance.py:1358} INFO - 
--------------------------------------------------------------------------------
[2024-09-16 00:14:46,754] {taskinstance.py:1377} INFO - Executing <Task(_PythonDecoratedOperator): BRONZE_STONCKS_MSFT> on 2024-01-25 00:00:00+00:00
[2024-09-16 00:14:46,763] {standard_task_runner.py:52} INFO - Started process 51392 to run task
[2024-09-16 00:14:46,787] {standard_task_runner.py:79} INFO - Running: ['airflow', 'tasks', 'run', 'BRONZER_GET_STONCKS', 'BRONZE_STONCKS_MSFT', 'scheduled__2024-01-25T00:00:00+00:00', '--job-id', '1919', '--raw', '--subdir', 'DAGS_FOLDER/get_stocks.py', '--cfg-path', '/tmp/tmpb9td4h1j', '--error-file', '/tmp/tmpbvjzhdzp']
[2024-09-16 00:14:46,788] {standard_task_runner.py:80} INFO - Job 1919: Subtask BRONZE_STONCKS_MSFT
[2024-09-16 00:14:47,033] {task_command.py:370} INFO - Running <TaskInstance: BRONZER_GET_STONCKS.BRONZE_STONCKS_MSFT scheduled__2024-01-25T00:00:00+00:00 [running]> on host kaiwang.
[2024-09-16 00:14:47,295] {taskinstance.py:1569} INFO - Exporting the following env vars:
AIRFLOW_CTX_DAG_OWNER=airflow
AIRFLOW_CTX_DAG_ID=BRONZER_GET_STONCKS
AIRFLOW_CTX_TASK_ID=BRONZE_STONCKS_MSFT
AIRFLOW_CTX_EXECUTION_DATE=2024-01-25T00:00:00+00:00
AIRFLOW_CTX_TRY_NUMBER=1
AIRFLOW_CTX_DAG_RUN_ID=scheduled__2024-01-25T00:00:00+00:00
[2024-09-16 00:14:47,956] {python.py:173} INFO - Done. Returned value was: None
[2024-09-16 00:14:47,984] {taskinstance.py:1395} INFO - Marking task as SUCCESS. dag_id=BRONZER_GET_STONCKS, task_id=BRONZE_STONCKS_MSFT, execution_date=20240125T000000, start_date=20240916T031446, end_date=20240916T031447
[2024-09-16 00:14:48,033] {local_task_job.py:156} INFO - Task exited with return code 0
[2024-09-16 00:14:48,146] {local_task_job.py:273} INFO - 0 downstream tasks scheduled from follow-on schedule check
