[2024-09-16 00:07:04,311] {taskinstance.py:1159} INFO - Dependencies all met for <TaskInstance: BRONZER_GET_STONCKS.BRONZE_STONCKS_GOOG scheduled__2024-08-01T00:00:00+00:00 [queued]>
[2024-09-16 00:07:04,372] {taskinstance.py:1159} INFO - Dependencies all met for <TaskInstance: BRONZER_GET_STONCKS.BRONZE_STONCKS_GOOG scheduled__2024-08-01T00:00:00+00:00 [queued]>
[2024-09-16 00:07:04,372] {taskinstance.py:1356} INFO - 
--------------------------------------------------------------------------------
[2024-09-16 00:07:04,373] {taskinstance.py:1357} INFO - Starting attempt 1 of 1
[2024-09-16 00:07:04,373] {taskinstance.py:1358} INFO - 
--------------------------------------------------------------------------------
[2024-09-16 00:07:04,435] {taskinstance.py:1377} INFO - Executing <Task(_PythonDecoratedOperator): BRONZE_STONCKS_GOOG> on 2024-08-01 00:00:00+00:00
[2024-09-16 00:07:04,440] {standard_task_runner.py:52} INFO - Started process 37335 to run task
[2024-09-16 00:07:04,468] {standard_task_runner.py:79} INFO - Running: ['airflow', 'tasks', 'run', 'BRONZER_GET_STONCKS', 'BRONZE_STONCKS_GOOG', 'scheduled__2024-08-01T00:00:00+00:00', '--job-id', '1123', '--raw', '--subdir', 'DAGS_FOLDER/get_stocks.py', '--cfg-path', '/tmp/tmpr2yz4lgm', '--error-file', '/tmp/tmppyqcs_fj']
[2024-09-16 00:07:04,470] {standard_task_runner.py:80} INFO - Job 1123: Subtask BRONZE_STONCKS_GOOG
[2024-09-16 00:07:04,894] {task_command.py:370} INFO - Running <TaskInstance: BRONZER_GET_STONCKS.BRONZE_STONCKS_GOOG scheduled__2024-08-01T00:00:00+00:00 [running]> on host kaiwang.
[2024-09-16 00:07:05,313] {taskinstance.py:1569} INFO - Exporting the following env vars:
AIRFLOW_CTX_DAG_OWNER=airflow
AIRFLOW_CTX_DAG_ID=BRONZER_GET_STONCKS
AIRFLOW_CTX_TASK_ID=BRONZE_STONCKS_GOOG
AIRFLOW_CTX_EXECUTION_DATE=2024-08-01T00:00:00+00:00
AIRFLOW_CTX_TRY_NUMBER=1
AIRFLOW_CTX_DAG_RUN_ID=scheduled__2024-08-01T00:00:00+00:00
[2024-09-16 00:07:06,055] {python.py:173} INFO - Done. Returned value was: None
[2024-09-16 00:07:06,130] {taskinstance.py:1395} INFO - Marking task as SUCCESS. dag_id=BRONZER_GET_STONCKS, task_id=BRONZE_STONCKS_GOOG, execution_date=20240801T000000, start_date=20240916T030704, end_date=20240916T030706
[2024-09-16 00:07:06,202] {local_task_job.py:156} INFO - Task exited with return code 0
[2024-09-16 00:07:06,352] {local_task_job.py:273} INFO - 0 downstream tasks scheduled from follow-on schedule check
[2024-09-16 13:55:42,403] {taskinstance.py:1159} INFO - Dependencies all met for <TaskInstance: BRONZER_GET_STONCKS.BRONZE_STONCKS_GOOG scheduled__2024-08-01T00:00:00+00:00 [queued]>
[2024-09-16 13:55:42,419] {taskinstance.py:1159} INFO - Dependencies all met for <TaskInstance: BRONZER_GET_STONCKS.BRONZE_STONCKS_GOOG scheduled__2024-08-01T00:00:00+00:00 [queued]>
[2024-09-16 13:55:42,420] {taskinstance.py:1356} INFO - 
--------------------------------------------------------------------------------
[2024-09-16 13:55:42,422] {taskinstance.py:1357} INFO - Starting attempt 1 of 1
[2024-09-16 13:55:42,423] {taskinstance.py:1358} INFO - 
--------------------------------------------------------------------------------
[2024-09-16 13:55:42,446] {taskinstance.py:1377} INFO - Executing <Task(_PythonDecoratedOperator): BRONZE_STONCKS_GOOG> on 2024-08-01 00:00:00+00:00
[2024-09-16 13:55:42,456] {standard_task_runner.py:52} INFO - Started process 135878 to run task
[2024-09-16 13:55:42,471] {standard_task_runner.py:79} INFO - Running: ['airflow', 'tasks', 'run', 'BRONZER_GET_STONCKS', 'BRONZE_STONCKS_GOOG', 'scheduled__2024-08-01T00:00:00+00:00', '--job-id', '2437', '--raw', '--subdir', 'DAGS_FOLDER/get_stocks.py', '--cfg-path', '/tmp/tmpmxciexv_', '--error-file', '/tmp/tmpn8rs96qd']
[2024-09-16 13:55:42,472] {standard_task_runner.py:80} INFO - Job 2437: Subtask BRONZE_STONCKS_GOOG
[2024-09-16 13:55:42,623] {task_command.py:370} INFO - Running <TaskInstance: BRONZER_GET_STONCKS.BRONZE_STONCKS_GOOG scheduled__2024-08-01T00:00:00+00:00 [running]> on host kaiwang.
[2024-09-16 13:55:43,062] {taskinstance.py:1569} INFO - Exporting the following env vars:
AIRFLOW_CTX_DAG_OWNER=airflow
AIRFLOW_CTX_DAG_ID=BRONZER_GET_STONCKS
AIRFLOW_CTX_TASK_ID=BRONZE_STONCKS_GOOG
AIRFLOW_CTX_EXECUTION_DATE=2024-08-01T00:00:00+00:00
AIRFLOW_CTX_TRY_NUMBER=1
AIRFLOW_CTX_DAG_RUN_ID=scheduled__2024-08-01T00:00:00+00:00
[2024-09-16 13:55:44,067] {python.py:173} INFO - Done. Returned value was: None
[2024-09-16 13:55:44,136] {taskinstance.py:1395} INFO - Marking task as SUCCESS. dag_id=BRONZER_GET_STONCKS, task_id=BRONZE_STONCKS_GOOG, execution_date=20240801T000000, start_date=20240916T165542, end_date=20240916T165544
[2024-09-16 13:55:44,186] {local_task_job.py:156} INFO - Task exited with return code 0
[2024-09-16 13:55:44,330] {local_task_job.py:273} INFO - 0 downstream tasks scheduled from follow-on schedule check
