[2024-09-16 00:08:13,552] {taskinstance.py:1159} INFO - Dependencies all met for <TaskInstance: BRONZER_GET_CRIPTOS.BRONZE_CRIPTO_BTC scheduled__2024-08-27T00:00:00+00:00 [queued]>
[2024-09-16 00:08:13,574] {taskinstance.py:1159} INFO - Dependencies all met for <TaskInstance: BRONZER_GET_CRIPTOS.BRONZE_CRIPTO_BTC scheduled__2024-08-27T00:00:00+00:00 [queued]>
[2024-09-16 00:08:13,579] {taskinstance.py:1356} INFO - 
--------------------------------------------------------------------------------
[2024-09-16 00:08:13,579] {taskinstance.py:1357} INFO - Starting attempt 1 of 1
[2024-09-16 00:08:13,579] {taskinstance.py:1358} INFO - 
--------------------------------------------------------------------------------
[2024-09-16 00:08:13,615] {taskinstance.py:1377} INFO - Executing <Task(_PythonDecoratedOperator): BRONZE_CRIPTO_BTC> on 2024-08-27 00:00:00+00:00
[2024-09-16 00:08:13,620] {standard_task_runner.py:52} INFO - Started process 42431 to run task
[2024-09-16 00:08:13,625] {standard_task_runner.py:79} INFO - Running: ['airflow', 'tasks', 'run', 'BRONZER_GET_CRIPTOS', 'BRONZE_CRIPTO_BTC', 'scheduled__2024-08-27T00:00:00+00:00', '--job-id', '1420', '--raw', '--subdir', 'DAGS_FOLDER/get_cripto.py', '--cfg-path', '/tmp/tmpde599ur7', '--error-file', '/tmp/tmp42qboj2k']
[2024-09-16 00:08:13,626] {standard_task_runner.py:80} INFO - Job 1420: Subtask BRONZE_CRIPTO_BTC
[2024-09-16 00:08:13,737] {task_command.py:370} INFO - Running <TaskInstance: BRONZER_GET_CRIPTOS.BRONZE_CRIPTO_BTC scheduled__2024-08-27T00:00:00+00:00 [running]> on host kaiwang.
[2024-09-16 00:08:13,877] {taskinstance.py:1569} INFO - Exporting the following env vars:
AIRFLOW_CTX_DAG_OWNER=airflow
AIRFLOW_CTX_DAG_ID=BRONZER_GET_CRIPTOS
AIRFLOW_CTX_TASK_ID=BRONZE_CRIPTO_BTC
AIRFLOW_CTX_EXECUTION_DATE=2024-08-27T00:00:00+00:00
AIRFLOW_CTX_TRY_NUMBER=1
AIRFLOW_CTX_DAG_RUN_ID=scheduled__2024-08-27T00:00:00+00:00
[2024-09-16 00:08:14,415] {python.py:173} INFO - Done. Returned value was: None
[2024-09-16 00:08:14,433] {taskinstance.py:1395} INFO - Marking task as SUCCESS. dag_id=BRONZER_GET_CRIPTOS, task_id=BRONZE_CRIPTO_BTC, execution_date=20240827T000000, start_date=20240916T030813, end_date=20240916T030814
[2024-09-16 00:08:14,495] {local_task_job.py:156} INFO - Task exited with return code 0
[2024-09-16 00:08:14,530] {local_task_job.py:273} INFO - 0 downstream tasks scheduled from follow-on schedule check
[2024-09-16 13:56:29,002] {taskinstance.py:1159} INFO - Dependencies all met for <TaskInstance: BRONZER_GET_CRIPTOS.BRONZE_CRIPTO_BTC scheduled__2024-08-27T00:00:00+00:00 [queued]>
[2024-09-16 13:56:29,040] {taskinstance.py:1159} INFO - Dependencies all met for <TaskInstance: BRONZER_GET_CRIPTOS.BRONZE_CRIPTO_BTC scheduled__2024-08-27T00:00:00+00:00 [queued]>
[2024-09-16 13:56:29,040] {taskinstance.py:1356} INFO - 
--------------------------------------------------------------------------------
[2024-09-16 13:56:29,040] {taskinstance.py:1357} INFO - Starting attempt 1 of 1
[2024-09-16 13:56:29,040] {taskinstance.py:1358} INFO - 
--------------------------------------------------------------------------------
[2024-09-16 13:56:29,083] {taskinstance.py:1377} INFO - Executing <Task(_PythonDecoratedOperator): BRONZE_CRIPTO_BTC> on 2024-08-27 00:00:00+00:00
[2024-09-16 13:56:29,092] {standard_task_runner.py:52} INFO - Started process 139221 to run task
[2024-09-16 13:56:29,105] {standard_task_runner.py:79} INFO - Running: ['airflow', 'tasks', 'run', 'BRONZER_GET_CRIPTOS', 'BRONZE_CRIPTO_BTC', 'scheduled__2024-08-27T00:00:00+00:00', '--job-id', '2587', '--raw', '--subdir', 'DAGS_FOLDER/get_cripto.py', '--cfg-path', '/tmp/tmpoe6g_0o5', '--error-file', '/tmp/tmpye9ksknx']
[2024-09-16 13:56:29,107] {standard_task_runner.py:80} INFO - Job 2587: Subtask BRONZE_CRIPTO_BTC
[2024-09-16 13:56:29,290] {task_command.py:370} INFO - Running <TaskInstance: BRONZER_GET_CRIPTOS.BRONZE_CRIPTO_BTC scheduled__2024-08-27T00:00:00+00:00 [running]> on host kaiwang.
[2024-09-16 13:56:29,982] {taskinstance.py:1569} INFO - Exporting the following env vars:
AIRFLOW_CTX_DAG_OWNER=airflow
AIRFLOW_CTX_DAG_ID=BRONZER_GET_CRIPTOS
AIRFLOW_CTX_TASK_ID=BRONZE_CRIPTO_BTC
AIRFLOW_CTX_EXECUTION_DATE=2024-08-27T00:00:00+00:00
AIRFLOW_CTX_TRY_NUMBER=1
AIRFLOW_CTX_DAG_RUN_ID=scheduled__2024-08-27T00:00:00+00:00
[2024-09-16 13:56:30,614] {python.py:173} INFO - Done. Returned value was: None
[2024-09-16 13:56:30,678] {taskinstance.py:1395} INFO - Marking task as SUCCESS. dag_id=BRONZER_GET_CRIPTOS, task_id=BRONZE_CRIPTO_BTC, execution_date=20240827T000000, start_date=20240916T165629, end_date=20240916T165630
[2024-09-16 13:56:30,729] {local_task_job.py:156} INFO - Task exited with return code 0
[2024-09-16 13:56:30,861] {local_task_job.py:273} INFO - 0 downstream tasks scheduled from follow-on schedule check
