[2024-09-16 00:05:03,733] {taskinstance.py:1159} INFO - Dependencies all met for <TaskInstance: BRONZER_GET_CRIPTOS.BRONZE_CRIPTO_BTC scheduled__2024-03-28T00:00:00+00:00 [queued]>
[2024-09-16 00:05:03,770] {taskinstance.py:1159} INFO - Dependencies all met for <TaskInstance: BRONZER_GET_CRIPTOS.BRONZE_CRIPTO_BTC scheduled__2024-03-28T00:00:00+00:00 [queued]>
[2024-09-16 00:05:03,770] {taskinstance.py:1356} INFO - 
--------------------------------------------------------------------------------
[2024-09-16 00:05:03,770] {taskinstance.py:1357} INFO - Starting attempt 1 of 1
[2024-09-16 00:05:03,770] {taskinstance.py:1358} INFO - 
--------------------------------------------------------------------------------
[2024-09-16 00:05:03,863] {taskinstance.py:1377} INFO - Executing <Task(_PythonDecoratedOperator): BRONZE_CRIPTO_BTC> on 2024-03-28 00:00:00+00:00
[2024-09-16 00:05:03,908] {standard_task_runner.py:52} INFO - Started process 27384 to run task
[2024-09-16 00:05:03,925] {standard_task_runner.py:79} INFO - Running: ['airflow', 'tasks', 'run', 'BRONZER_GET_CRIPTOS', 'BRONZE_CRIPTO_BTC', 'scheduled__2024-03-28T00:00:00+00:00', '--job-id', '538', '--raw', '--subdir', 'DAGS_FOLDER/get_cripto.py', '--cfg-path', '/tmp/tmpupkmvqvu', '--error-file', '/tmp/tmpozm3lyvj']
[2024-09-16 00:05:03,926] {standard_task_runner.py:80} INFO - Job 538: Subtask BRONZE_CRIPTO_BTC
[2024-09-16 00:05:04,679] {task_command.py:370} INFO - Running <TaskInstance: BRONZER_GET_CRIPTOS.BRONZE_CRIPTO_BTC scheduled__2024-03-28T00:00:00+00:00 [running]> on host kaiwang.
[2024-09-16 00:05:05,411] {taskinstance.py:1569} INFO - Exporting the following env vars:
AIRFLOW_CTX_DAG_OWNER=airflow
AIRFLOW_CTX_DAG_ID=BRONZER_GET_CRIPTOS
AIRFLOW_CTX_TASK_ID=BRONZE_CRIPTO_BTC
AIRFLOW_CTX_EXECUTION_DATE=2024-03-28T00:00:00+00:00
AIRFLOW_CTX_TRY_NUMBER=1
AIRFLOW_CTX_DAG_RUN_ID=scheduled__2024-03-28T00:00:00+00:00
[2024-09-16 00:05:07,890] {history.py:244} ERROR - $BTC: possibly delisted; no price data found  (1h 2024-03-25 -> 2024-03-28) (Yahoo error = "Data doesn't exist for startDate = 1711339200, endDate = 1711598400")
[2024-09-16 00:05:07,894] {python.py:173} INFO - Done. Returned value was: None
[2024-09-16 00:05:08,110] {taskinstance.py:1395} INFO - Marking task as SUCCESS. dag_id=BRONZER_GET_CRIPTOS, task_id=BRONZE_CRIPTO_BTC, execution_date=20240328T000000, start_date=20240916T030503, end_date=20240916T030508
[2024-09-16 00:05:08,154] {local_task_job.py:156} INFO - Task exited with return code 0
[2024-09-16 00:05:08,301] {local_task_job.py:273} INFO - 0 downstream tasks scheduled from follow-on schedule check
[2024-09-16 00:16:16,065] {taskinstance.py:1159} INFO - Dependencies all met for <TaskInstance: BRONZER_GET_CRIPTOS.BRONZE_CRIPTO_BTC scheduled__2024-03-28T00:00:00+00:00 [queued]>
[2024-09-16 00:16:16,112] {taskinstance.py:1159} INFO - Dependencies all met for <TaskInstance: BRONZER_GET_CRIPTOS.BRONZE_CRIPTO_BTC scheduled__2024-03-28T00:00:00+00:00 [queued]>
[2024-09-16 00:16:16,112] {taskinstance.py:1356} INFO - 
--------------------------------------------------------------------------------
[2024-09-16 00:16:16,112] {taskinstance.py:1357} INFO - Starting attempt 1 of 1
[2024-09-16 00:16:16,112] {taskinstance.py:1358} INFO - 
--------------------------------------------------------------------------------
[2024-09-16 00:16:16,161] {taskinstance.py:1377} INFO - Executing <Task(_PythonDecoratedOperator): BRONZE_CRIPTO_BTC> on 2024-03-28 00:00:00+00:00
[2024-09-16 00:16:16,176] {standard_task_runner.py:52} INFO - Started process 58738 to run task
[2024-09-16 00:16:16,216] {standard_task_runner.py:79} INFO - Running: ['airflow', 'tasks', 'run', 'BRONZER_GET_CRIPTOS', 'BRONZE_CRIPTO_BTC', 'scheduled__2024-03-28T00:00:00+00:00', '--job-id', '2347', '--raw', '--subdir', 'DAGS_FOLDER/get_cripto.py', '--cfg-path', '/tmp/tmp2uc6e134', '--error-file', '/tmp/tmpx_pgpsc2']
[2024-09-16 00:16:16,218] {standard_task_runner.py:80} INFO - Job 2347: Subtask BRONZE_CRIPTO_BTC
[2024-09-16 00:16:16,364] {task_command.py:370} INFO - Running <TaskInstance: BRONZER_GET_CRIPTOS.BRONZE_CRIPTO_BTC scheduled__2024-03-28T00:00:00+00:00 [running]> on host kaiwang.
[2024-09-16 00:16:16,632] {taskinstance.py:1569} INFO - Exporting the following env vars:
AIRFLOW_CTX_DAG_OWNER=airflow
AIRFLOW_CTX_DAG_ID=BRONZER_GET_CRIPTOS
AIRFLOW_CTX_TASK_ID=BRONZE_CRIPTO_BTC
AIRFLOW_CTX_EXECUTION_DATE=2024-03-28T00:00:00+00:00
AIRFLOW_CTX_TRY_NUMBER=1
AIRFLOW_CTX_DAG_RUN_ID=scheduled__2024-03-28T00:00:00+00:00
[2024-09-16 00:16:19,466] {history.py:244} ERROR - $BTC: possibly delisted; no price data found  (1h 2024-03-25 -> 2024-03-28) (Yahoo error = "Data doesn't exist for startDate = 1711339200, endDate = 1711598400")
[2024-09-16 00:16:19,470] {python.py:173} INFO - Done. Returned value was: None
[2024-09-16 00:16:19,536] {taskinstance.py:1395} INFO - Marking task as SUCCESS. dag_id=BRONZER_GET_CRIPTOS, task_id=BRONZE_CRIPTO_BTC, execution_date=20240328T000000, start_date=20240916T031616, end_date=20240916T031619
[2024-09-16 00:16:19,652] {local_task_job.py:156} INFO - Task exited with return code 0
[2024-09-16 00:16:19,933] {local_task_job.py:273} INFO - 0 downstream tasks scheduled from follow-on schedule check
