[2024-09-16 00:07:48,958] {taskinstance.py:1159} INFO - Dependencies all met for <TaskInstance: BRONZER_GET_STONCKS.BRONZE_STONCKS_AAPL scheduled__2024-09-11T00:00:00+00:00 [queued]>
[2024-09-16 00:07:48,970] {taskinstance.py:1159} INFO - Dependencies all met for <TaskInstance: BRONZER_GET_STONCKS.BRONZE_STONCKS_AAPL scheduled__2024-09-11T00:00:00+00:00 [queued]>
[2024-09-16 00:07:48,970] {taskinstance.py:1356} INFO - 
--------------------------------------------------------------------------------
[2024-09-16 00:07:48,970] {taskinstance.py:1357} INFO - Starting attempt 1 of 1
[2024-09-16 00:07:48,970] {taskinstance.py:1358} INFO - 
--------------------------------------------------------------------------------
[2024-09-16 00:07:48,991] {taskinstance.py:1377} INFO - Executing <Task(_PythonDecoratedOperator): BRONZE_STONCKS_AAPL> on 2024-09-11 00:00:00+00:00
[2024-09-16 00:07:48,999] {standard_task_runner.py:52} INFO - Started process 41011 to run task
[2024-09-16 00:07:49,012] {standard_task_runner.py:79} INFO - Running: ['airflow', 'tasks', 'run', 'BRONZER_GET_STONCKS', 'BRONZE_STONCKS_AAPL', 'scheduled__2024-09-11T00:00:00+00:00', '--job-id', '1340', '--raw', '--subdir', 'DAGS_FOLDER/get_stocks.py', '--cfg-path', '/tmp/tmpjwt1kde9', '--error-file', '/tmp/tmp0y356r0s']
[2024-09-16 00:07:49,015] {standard_task_runner.py:80} INFO - Job 1340: Subtask BRONZE_STONCKS_AAPL
[2024-09-16 00:07:49,189] {task_command.py:370} INFO - Running <TaskInstance: BRONZER_GET_STONCKS.BRONZE_STONCKS_AAPL scheduled__2024-09-11T00:00:00+00:00 [running]> on host kaiwang.
[2024-09-16 00:07:49,387] {taskinstance.py:1569} INFO - Exporting the following env vars:
AIRFLOW_CTX_DAG_OWNER=airflow
AIRFLOW_CTX_DAG_ID=BRONZER_GET_STONCKS
AIRFLOW_CTX_TASK_ID=BRONZE_STONCKS_AAPL
AIRFLOW_CTX_EXECUTION_DATE=2024-09-11T00:00:00+00:00
AIRFLOW_CTX_TRY_NUMBER=1
AIRFLOW_CTX_DAG_RUN_ID=scheduled__2024-09-11T00:00:00+00:00
[2024-09-16 00:07:50,299] {python.py:173} INFO - Done. Returned value was: None
[2024-09-16 00:07:50,514] {taskinstance.py:1395} INFO - Marking task as SUCCESS. dag_id=BRONZER_GET_STONCKS, task_id=BRONZE_STONCKS_AAPL, execution_date=20240911T000000, start_date=20240916T030748, end_date=20240916T030750
[2024-09-16 00:07:50,564] {local_task_job.py:156} INFO - Task exited with return code 0
[2024-09-16 00:07:50,740] {local_task_job.py:273} INFO - 0 downstream tasks scheduled from follow-on schedule check
[2024-09-16 13:56:47,409] {taskinstance.py:1159} INFO - Dependencies all met for <TaskInstance: BRONZER_GET_STONCKS.BRONZE_STONCKS_AAPL scheduled__2024-09-11T00:00:00+00:00 [queued]>
[2024-09-16 13:56:47,417] {taskinstance.py:1159} INFO - Dependencies all met for <TaskInstance: BRONZER_GET_STONCKS.BRONZE_STONCKS_AAPL scheduled__2024-09-11T00:00:00+00:00 [queued]>
[2024-09-16 13:56:47,418] {taskinstance.py:1356} INFO - 
--------------------------------------------------------------------------------
[2024-09-16 13:56:47,418] {taskinstance.py:1357} INFO - Starting attempt 1 of 1
[2024-09-16 13:56:47,418] {taskinstance.py:1358} INFO - 
--------------------------------------------------------------------------------
[2024-09-16 13:56:47,427] {taskinstance.py:1377} INFO - Executing <Task(_PythonDecoratedOperator): BRONZE_STONCKS_AAPL> on 2024-09-11 00:00:00+00:00
[2024-09-16 13:56:47,431] {standard_task_runner.py:52} INFO - Started process 140630 to run task
[2024-09-16 13:56:47,434] {standard_task_runner.py:79} INFO - Running: ['airflow', 'tasks', 'run', 'BRONZER_GET_STONCKS', 'BRONZE_STONCKS_AAPL', 'scheduled__2024-09-11T00:00:00+00:00', '--job-id', '2656', '--raw', '--subdir', 'DAGS_FOLDER/get_stocks.py', '--cfg-path', '/tmp/tmpck8av465', '--error-file', '/tmp/tmpv4qpl1xi']
[2024-09-16 13:56:47,435] {standard_task_runner.py:80} INFO - Job 2656: Subtask BRONZE_STONCKS_AAPL
[2024-09-16 13:56:47,513] {task_command.py:370} INFO - Running <TaskInstance: BRONZER_GET_STONCKS.BRONZE_STONCKS_AAPL scheduled__2024-09-11T00:00:00+00:00 [running]> on host kaiwang.
[2024-09-16 13:56:47,779] {taskinstance.py:1569} INFO - Exporting the following env vars:
AIRFLOW_CTX_DAG_OWNER=airflow
AIRFLOW_CTX_DAG_ID=BRONZER_GET_STONCKS
AIRFLOW_CTX_TASK_ID=BRONZE_STONCKS_AAPL
AIRFLOW_CTX_EXECUTION_DATE=2024-09-11T00:00:00+00:00
AIRFLOW_CTX_TRY_NUMBER=1
AIRFLOW_CTX_DAG_RUN_ID=scheduled__2024-09-11T00:00:00+00:00
[2024-09-16 13:56:48,930] {python.py:173} INFO - Done. Returned value was: None
[2024-09-16 13:56:48,995] {taskinstance.py:1395} INFO - Marking task as SUCCESS. dag_id=BRONZER_GET_STONCKS, task_id=BRONZE_STONCKS_AAPL, execution_date=20240911T000000, start_date=20240916T165647, end_date=20240916T165648
[2024-09-16 13:56:49,054] {local_task_job.py:156} INFO - Task exited with return code 0
[2024-09-16 13:56:49,148] {local_task_job.py:273} INFO - 0 downstream tasks scheduled from follow-on schedule check
