[2024-09-16 00:05:05,521] {taskinstance.py:1159} INFO - Dependencies all met for <TaskInstance: BRONZER_GET_STONCKS.BRONZE_STONCKS_AAPL scheduled__2024-04-12T00:00:00+00:00 [queued]>
[2024-09-16 00:05:05,559] {taskinstance.py:1159} INFO - Dependencies all met for <TaskInstance: BRONZER_GET_STONCKS.BRONZE_STONCKS_AAPL scheduled__2024-04-12T00:00:00+00:00 [queued]>
[2024-09-16 00:05:05,560] {taskinstance.py:1356} INFO - 
--------------------------------------------------------------------------------
[2024-09-16 00:05:05,560] {taskinstance.py:1357} INFO - Starting attempt 1 of 1
[2024-09-16 00:05:05,560] {taskinstance.py:1358} INFO - 
--------------------------------------------------------------------------------
[2024-09-16 00:05:05,618] {taskinstance.py:1377} INFO - Executing <Task(_PythonDecoratedOperator): BRONZE_STONCKS_AAPL> on 2024-04-12 00:00:00+00:00
[2024-09-16 00:05:05,625] {standard_task_runner.py:52} INFO - Started process 27557 to run task
[2024-09-16 00:05:05,639] {standard_task_runner.py:79} INFO - Running: ['airflow', 'tasks', 'run', 'BRONZER_GET_STONCKS', 'BRONZE_STONCKS_AAPL', 'scheduled__2024-04-12T00:00:00+00:00', '--job-id', '556', '--raw', '--subdir', 'DAGS_FOLDER/get_stocks.py', '--cfg-path', '/tmp/tmp4cl3t97w', '--error-file', '/tmp/tmp37pvqk2o']
[2024-09-16 00:05:05,640] {standard_task_runner.py:80} INFO - Job 556: Subtask BRONZE_STONCKS_AAPL
[2024-09-16 00:05:05,828] {task_command.py:370} INFO - Running <TaskInstance: BRONZER_GET_STONCKS.BRONZE_STONCKS_AAPL scheduled__2024-04-12T00:00:00+00:00 [running]> on host kaiwang.
[2024-09-16 00:05:06,069] {taskinstance.py:1569} INFO - Exporting the following env vars:
AIRFLOW_CTX_DAG_OWNER=airflow
AIRFLOW_CTX_DAG_ID=BRONZER_GET_STONCKS
AIRFLOW_CTX_TASK_ID=BRONZE_STONCKS_AAPL
AIRFLOW_CTX_EXECUTION_DATE=2024-04-12T00:00:00+00:00
AIRFLOW_CTX_TRY_NUMBER=1
AIRFLOW_CTX_DAG_RUN_ID=scheduled__2024-04-12T00:00:00+00:00
[2024-09-16 00:05:06,802] {python.py:173} INFO - Done. Returned value was: None
[2024-09-16 00:05:06,830] {taskinstance.py:1395} INFO - Marking task as SUCCESS. dag_id=BRONZER_GET_STONCKS, task_id=BRONZE_STONCKS_AAPL, execution_date=20240412T000000, start_date=20240916T030505, end_date=20240916T030506
[2024-09-16 00:05:06,856] {local_task_job.py:156} INFO - Task exited with return code 0
[2024-09-16 00:05:06,959] {local_task_job.py:273} INFO - 0 downstream tasks scheduled from follow-on schedule check
[2024-09-16 00:16:08,344] {taskinstance.py:1159} INFO - Dependencies all met for <TaskInstance: BRONZER_GET_STONCKS.BRONZE_STONCKS_AAPL scheduled__2024-04-12T00:00:00+00:00 [queued]>
[2024-09-16 00:16:08,355] {taskinstance.py:1159} INFO - Dependencies all met for <TaskInstance: BRONZER_GET_STONCKS.BRONZE_STONCKS_AAPL scheduled__2024-04-12T00:00:00+00:00 [queued]>
[2024-09-16 00:16:08,355] {taskinstance.py:1356} INFO - 
--------------------------------------------------------------------------------
[2024-09-16 00:16:08,355] {taskinstance.py:1357} INFO - Starting attempt 1 of 1
[2024-09-16 00:16:08,355] {taskinstance.py:1358} INFO - 
--------------------------------------------------------------------------------
[2024-09-16 00:16:08,377] {taskinstance.py:1377} INFO - Executing <Task(_PythonDecoratedOperator): BRONZE_STONCKS_AAPL> on 2024-04-12 00:00:00+00:00
[2024-09-16 00:16:08,382] {standard_task_runner.py:52} INFO - Started process 58159 to run task
[2024-09-16 00:16:08,396] {standard_task_runner.py:79} INFO - Running: ['airflow', 'tasks', 'run', 'BRONZER_GET_STONCKS', 'BRONZE_STONCKS_AAPL', 'scheduled__2024-04-12T00:00:00+00:00', '--job-id', '2318', '--raw', '--subdir', 'DAGS_FOLDER/get_stocks.py', '--cfg-path', '/tmp/tmp8u1d_sch', '--error-file', '/tmp/tmp_p9e3srq']
[2024-09-16 00:16:08,397] {standard_task_runner.py:80} INFO - Job 2318: Subtask BRONZE_STONCKS_AAPL
[2024-09-16 00:16:08,615] {task_command.py:370} INFO - Running <TaskInstance: BRONZER_GET_STONCKS.BRONZE_STONCKS_AAPL scheduled__2024-04-12T00:00:00+00:00 [running]> on host kaiwang.
[2024-09-16 00:16:08,787] {taskinstance.py:1569} INFO - Exporting the following env vars:
AIRFLOW_CTX_DAG_OWNER=airflow
AIRFLOW_CTX_DAG_ID=BRONZER_GET_STONCKS
AIRFLOW_CTX_TASK_ID=BRONZE_STONCKS_AAPL
AIRFLOW_CTX_EXECUTION_DATE=2024-04-12T00:00:00+00:00
AIRFLOW_CTX_TRY_NUMBER=1
AIRFLOW_CTX_DAG_RUN_ID=scheduled__2024-04-12T00:00:00+00:00
[2024-09-16 00:16:09,378] {python.py:173} INFO - Done. Returned value was: None
[2024-09-16 00:16:09,397] {taskinstance.py:1395} INFO - Marking task as SUCCESS. dag_id=BRONZER_GET_STONCKS, task_id=BRONZE_STONCKS_AAPL, execution_date=20240412T000000, start_date=20240916T031608, end_date=20240916T031609
[2024-09-16 00:16:09,457] {local_task_job.py:156} INFO - Task exited with return code 0
[2024-09-16 00:16:09,539] {local_task_job.py:273} INFO - 0 downstream tasks scheduled from follow-on schedule check
