[2024-09-16 00:03:39,008] {taskinstance.py:1159} INFO - Dependencies all met for <TaskInstance: BRONZER_GET_STONCKS.BRONZE_STONCKS_AAPL scheduled__2024-01-31T00:00:00+00:00 [queued]>
[2024-09-16 00:03:39,065] {taskinstance.py:1159} INFO - Dependencies all met for <TaskInstance: BRONZER_GET_STONCKS.BRONZE_STONCKS_AAPL scheduled__2024-01-31T00:00:00+00:00 [queued]>
[2024-09-16 00:03:39,065] {taskinstance.py:1356} INFO - 
--------------------------------------------------------------------------------
[2024-09-16 00:03:39,065] {taskinstance.py:1357} INFO - Starting attempt 1 of 1
[2024-09-16 00:03:39,065] {taskinstance.py:1358} INFO - 
--------------------------------------------------------------------------------
[2024-09-16 00:03:39,119] {taskinstance.py:1377} INFO - Executing <Task(_PythonDecoratedOperator): BRONZE_STONCKS_AAPL> on 2024-01-31 00:00:00+00:00
[2024-09-16 00:03:39,127] {standard_task_runner.py:52} INFO - Started process 21025 to run task
[2024-09-16 00:03:39,167] {standard_task_runner.py:79} INFO - Running: ['airflow', 'tasks', 'run', 'BRONZER_GET_STONCKS', 'BRONZE_STONCKS_AAPL', 'scheduled__2024-01-31T00:00:00+00:00', '--job-id', '175', '--raw', '--subdir', 'DAGS_FOLDER/get_stocks.py', '--cfg-path', '/tmp/tmp984aq0fl', '--error-file', '/tmp/tmp2zf2mdi7']
[2024-09-16 00:03:39,168] {standard_task_runner.py:80} INFO - Job 175: Subtask BRONZE_STONCKS_AAPL
[2024-09-16 00:03:39,458] {task_command.py:370} INFO - Running <TaskInstance: BRONZER_GET_STONCKS.BRONZE_STONCKS_AAPL scheduled__2024-01-31T00:00:00+00:00 [running]> on host kaiwang.
[2024-09-16 00:03:39,745] {taskinstance.py:1569} INFO - Exporting the following env vars:
AIRFLOW_CTX_DAG_OWNER=airflow
AIRFLOW_CTX_DAG_ID=BRONZER_GET_STONCKS
AIRFLOW_CTX_TASK_ID=BRONZE_STONCKS_AAPL
AIRFLOW_CTX_EXECUTION_DATE=2024-01-31T00:00:00+00:00
AIRFLOW_CTX_TRY_NUMBER=1
AIRFLOW_CTX_DAG_RUN_ID=scheduled__2024-01-31T00:00:00+00:00
[2024-09-16 00:03:40,556] {python.py:173} INFO - Done. Returned value was: None
[2024-09-16 00:03:40,625] {taskinstance.py:1395} INFO - Marking task as SUCCESS. dag_id=BRONZER_GET_STONCKS, task_id=BRONZE_STONCKS_AAPL, execution_date=20240131T000000, start_date=20240916T030339, end_date=20240916T030340
[2024-09-16 00:03:40,723] {local_task_job.py:156} INFO - Task exited with return code 0
[2024-09-16 00:03:40,797] {local_task_job.py:273} INFO - 0 downstream tasks scheduled from follow-on schedule check
[2024-09-16 00:13:17,314] {taskinstance.py:1159} INFO - Dependencies all met for <TaskInstance: BRONZER_GET_STONCKS.BRONZE_STONCKS_AAPL scheduled__2024-01-31T00:00:00+00:00 [queued]>
[2024-09-16 00:13:17,343] {taskinstance.py:1159} INFO - Dependencies all met for <TaskInstance: BRONZER_GET_STONCKS.BRONZE_STONCKS_AAPL scheduled__2024-01-31T00:00:00+00:00 [queued]>
[2024-09-16 00:13:17,344] {taskinstance.py:1356} INFO - 
--------------------------------------------------------------------------------
[2024-09-16 00:13:17,344] {taskinstance.py:1357} INFO - Starting attempt 1 of 1
[2024-09-16 00:13:17,344] {taskinstance.py:1358} INFO - 
--------------------------------------------------------------------------------
[2024-09-16 00:13:17,388] {taskinstance.py:1377} INFO - Executing <Task(_PythonDecoratedOperator): BRONZE_STONCKS_AAPL> on 2024-01-31 00:00:00+00:00
[2024-09-16 00:13:17,393] {standard_task_runner.py:52} INFO - Started process 46416 to run task
[2024-09-16 00:13:17,412] {standard_task_runner.py:79} INFO - Running: ['airflow', 'tasks', 'run', 'BRONZER_GET_STONCKS', 'BRONZE_STONCKS_AAPL', 'scheduled__2024-01-31T00:00:00+00:00', '--job-id', '1639', '--raw', '--subdir', 'DAGS_FOLDER/get_stocks.py', '--cfg-path', '/tmp/tmpb74y7b4y', '--error-file', '/tmp/tmpy_gsqwk4']
[2024-09-16 00:13:17,413] {standard_task_runner.py:80} INFO - Job 1639: Subtask BRONZE_STONCKS_AAPL
[2024-09-16 00:13:17,606] {task_command.py:370} INFO - Running <TaskInstance: BRONZER_GET_STONCKS.BRONZE_STONCKS_AAPL scheduled__2024-01-31T00:00:00+00:00 [running]> on host kaiwang.
[2024-09-16 00:13:17,847] {taskinstance.py:1569} INFO - Exporting the following env vars:
AIRFLOW_CTX_DAG_OWNER=airflow
AIRFLOW_CTX_DAG_ID=BRONZER_GET_STONCKS
AIRFLOW_CTX_TASK_ID=BRONZE_STONCKS_AAPL
AIRFLOW_CTX_EXECUTION_DATE=2024-01-31T00:00:00+00:00
AIRFLOW_CTX_TRY_NUMBER=1
AIRFLOW_CTX_DAG_RUN_ID=scheduled__2024-01-31T00:00:00+00:00
[2024-09-16 00:13:18,478] {python.py:173} INFO - Done. Returned value was: None
[2024-09-16 00:13:18,605] {taskinstance.py:1395} INFO - Marking task as SUCCESS. dag_id=BRONZER_GET_STONCKS, task_id=BRONZE_STONCKS_AAPL, execution_date=20240131T000000, start_date=20240916T031317, end_date=20240916T031318
[2024-09-16 00:13:18,692] {local_task_job.py:156} INFO - Task exited with return code 0
[2024-09-16 00:13:18,861] {local_task_job.py:273} INFO - 0 downstream tasks scheduled from follow-on schedule check
[2024-09-16 00:14:50,718] {taskinstance.py:1159} INFO - Dependencies all met for <TaskInstance: BRONZER_GET_STONCKS.BRONZE_STONCKS_AAPL scheduled__2024-01-31T00:00:00+00:00 [queued]>
[2024-09-16 00:14:50,752] {taskinstance.py:1159} INFO - Dependencies all met for <TaskInstance: BRONZER_GET_STONCKS.BRONZE_STONCKS_AAPL scheduled__2024-01-31T00:00:00+00:00 [queued]>
[2024-09-16 00:14:50,752] {taskinstance.py:1356} INFO - 
--------------------------------------------------------------------------------
[2024-09-16 00:14:50,752] {taskinstance.py:1357} INFO - Starting attempt 1 of 1
[2024-09-16 00:14:50,753] {taskinstance.py:1358} INFO - 
--------------------------------------------------------------------------------
[2024-09-16 00:14:50,831] {taskinstance.py:1377} INFO - Executing <Task(_PythonDecoratedOperator): BRONZE_STONCKS_AAPL> on 2024-01-31 00:00:00+00:00
[2024-09-16 00:14:50,837] {standard_task_runner.py:52} INFO - Started process 51711 to run task
[2024-09-16 00:14:50,868] {standard_task_runner.py:79} INFO - Running: ['airflow', 'tasks', 'run', 'BRONZER_GET_STONCKS', 'BRONZE_STONCKS_AAPL', 'scheduled__2024-01-31T00:00:00+00:00', '--job-id', '1943', '--raw', '--subdir', 'DAGS_FOLDER/get_stocks.py', '--cfg-path', '/tmp/tmpqe1mblvl', '--error-file', '/tmp/tmppwzzdfv3']
[2024-09-16 00:14:50,892] {standard_task_runner.py:80} INFO - Job 1943: Subtask BRONZE_STONCKS_AAPL
[2024-09-16 00:14:51,203] {task_command.py:370} INFO - Running <TaskInstance: BRONZER_GET_STONCKS.BRONZE_STONCKS_AAPL scheduled__2024-01-31T00:00:00+00:00 [running]> on host kaiwang.
[2024-09-16 00:14:51,523] {taskinstance.py:1569} INFO - Exporting the following env vars:
AIRFLOW_CTX_DAG_OWNER=airflow
AIRFLOW_CTX_DAG_ID=BRONZER_GET_STONCKS
AIRFLOW_CTX_TASK_ID=BRONZE_STONCKS_AAPL
AIRFLOW_CTX_EXECUTION_DATE=2024-01-31T00:00:00+00:00
AIRFLOW_CTX_TRY_NUMBER=1
AIRFLOW_CTX_DAG_RUN_ID=scheduled__2024-01-31T00:00:00+00:00
[2024-09-16 00:14:52,288] {python.py:173} INFO - Done. Returned value was: None
[2024-09-16 00:14:52,321] {taskinstance.py:1395} INFO - Marking task as SUCCESS. dag_id=BRONZER_GET_STONCKS, task_id=BRONZE_STONCKS_AAPL, execution_date=20240131T000000, start_date=20240916T031450, end_date=20240916T031452
[2024-09-16 00:14:52,386] {local_task_job.py:156} INFO - Task exited with return code 0
[2024-09-16 00:14:52,432] {local_task_job.py:273} INFO - 0 downstream tasks scheduled from follow-on schedule check
