[2024-09-16 00:04:26,293] {taskinstance.py:1159} INFO - Dependencies all met for <TaskInstance: BRONZER_GET_STONCKS.BRONZE_STONCKS_TSLA scheduled__2024-03-08T00:00:00+00:00 [queued]>
[2024-09-16 00:04:26,323] {taskinstance.py:1159} INFO - Dependencies all met for <TaskInstance: BRONZER_GET_STONCKS.BRONZE_STONCKS_TSLA scheduled__2024-03-08T00:00:00+00:00 [queued]>
[2024-09-16 00:04:26,323] {taskinstance.py:1356} INFO - 
--------------------------------------------------------------------------------
[2024-09-16 00:04:26,323] {taskinstance.py:1357} INFO - Starting attempt 1 of 1
[2024-09-16 00:04:26,323] {taskinstance.py:1358} INFO - 
--------------------------------------------------------------------------------
[2024-09-16 00:04:26,359] {taskinstance.py:1377} INFO - Executing <Task(_PythonDecoratedOperator): BRONZE_STONCKS_TSLA> on 2024-03-08 00:00:00+00:00
[2024-09-16 00:04:26,365] {standard_task_runner.py:52} INFO - Started process 24584 to run task
[2024-09-16 00:04:26,386] {standard_task_runner.py:79} INFO - Running: ['airflow', 'tasks', 'run', 'BRONZER_GET_STONCKS', 'BRONZE_STONCKS_TSLA', 'scheduled__2024-03-08T00:00:00+00:00', '--job-id', '381', '--raw', '--subdir', 'DAGS_FOLDER/get_stocks.py', '--cfg-path', '/tmp/tmpqo370a4l', '--error-file', '/tmp/tmptjeqhwfx']
[2024-09-16 00:04:26,387] {standard_task_runner.py:80} INFO - Job 381: Subtask BRONZE_STONCKS_TSLA
[2024-09-16 00:04:26,638] {task_command.py:370} INFO - Running <TaskInstance: BRONZER_GET_STONCKS.BRONZE_STONCKS_TSLA scheduled__2024-03-08T00:00:00+00:00 [running]> on host kaiwang.
[2024-09-16 00:04:26,846] {taskinstance.py:1569} INFO - Exporting the following env vars:
AIRFLOW_CTX_DAG_OWNER=airflow
AIRFLOW_CTX_DAG_ID=BRONZER_GET_STONCKS
AIRFLOW_CTX_TASK_ID=BRONZE_STONCKS_TSLA
AIRFLOW_CTX_EXECUTION_DATE=2024-03-08T00:00:00+00:00
AIRFLOW_CTX_TRY_NUMBER=1
AIRFLOW_CTX_DAG_RUN_ID=scheduled__2024-03-08T00:00:00+00:00
[2024-09-16 00:04:27,460] {python.py:173} INFO - Done. Returned value was: None
[2024-09-16 00:04:27,493] {taskinstance.py:1395} INFO - Marking task as SUCCESS. dag_id=BRONZER_GET_STONCKS, task_id=BRONZE_STONCKS_TSLA, execution_date=20240308T000000, start_date=20240916T030426, end_date=20240916T030427
[2024-09-16 00:04:27,544] {local_task_job.py:156} INFO - Task exited with return code 0
[2024-09-16 00:04:27,583] {local_task_job.py:273} INFO - 0 downstream tasks scheduled from follow-on schedule check
[2024-09-16 00:15:34,984] {taskinstance.py:1159} INFO - Dependencies all met for <TaskInstance: BRONZER_GET_STONCKS.BRONZE_STONCKS_TSLA scheduled__2024-03-08T00:00:00+00:00 [queued]>
[2024-09-16 00:15:35,019] {taskinstance.py:1159} INFO - Dependencies all met for <TaskInstance: BRONZER_GET_STONCKS.BRONZE_STONCKS_TSLA scheduled__2024-03-08T00:00:00+00:00 [queued]>
[2024-09-16 00:15:35,020] {taskinstance.py:1356} INFO - 
--------------------------------------------------------------------------------
[2024-09-16 00:15:35,020] {taskinstance.py:1357} INFO - Starting attempt 1 of 1
[2024-09-16 00:15:35,020] {taskinstance.py:1358} INFO - 
--------------------------------------------------------------------------------
[2024-09-16 00:15:35,054] {taskinstance.py:1377} INFO - Executing <Task(_PythonDecoratedOperator): BRONZE_STONCKS_TSLA> on 2024-03-08 00:00:00+00:00
[2024-09-16 00:15:35,060] {standard_task_runner.py:52} INFO - Started process 55379 to run task
[2024-09-16 00:15:35,106] {standard_task_runner.py:79} INFO - Running: ['airflow', 'tasks', 'run', 'BRONZER_GET_STONCKS', 'BRONZE_STONCKS_TSLA', 'scheduled__2024-03-08T00:00:00+00:00', '--job-id', '2154', '--raw', '--subdir', 'DAGS_FOLDER/get_stocks.py', '--cfg-path', '/tmp/tmpfdj0kh8z', '--error-file', '/tmp/tmpw_sh78dx']
[2024-09-16 00:15:35,108] {standard_task_runner.py:80} INFO - Job 2154: Subtask BRONZE_STONCKS_TSLA
[2024-09-16 00:15:35,424] {task_command.py:370} INFO - Running <TaskInstance: BRONZER_GET_STONCKS.BRONZE_STONCKS_TSLA scheduled__2024-03-08T00:00:00+00:00 [running]> on host kaiwang.
[2024-09-16 00:15:35,697] {taskinstance.py:1569} INFO - Exporting the following env vars:
AIRFLOW_CTX_DAG_OWNER=airflow
AIRFLOW_CTX_DAG_ID=BRONZER_GET_STONCKS
AIRFLOW_CTX_TASK_ID=BRONZE_STONCKS_TSLA
AIRFLOW_CTX_EXECUTION_DATE=2024-03-08T00:00:00+00:00
AIRFLOW_CTX_TRY_NUMBER=1
AIRFLOW_CTX_DAG_RUN_ID=scheduled__2024-03-08T00:00:00+00:00
[2024-09-16 00:15:36,716] {python.py:173} INFO - Done. Returned value was: None
[2024-09-16 00:15:36,753] {taskinstance.py:1395} INFO - Marking task as SUCCESS. dag_id=BRONZER_GET_STONCKS, task_id=BRONZE_STONCKS_TSLA, execution_date=20240308T000000, start_date=20240916T031534, end_date=20240916T031536
[2024-09-16 00:15:36,837] {local_task_job.py:156} INFO - Task exited with return code 0
[2024-09-16 00:15:36,972] {local_task_job.py:273} INFO - 0 downstream tasks scheduled from follow-on schedule check
