[2024-09-16 00:07:13,109] {taskinstance.py:1159} INFO - Dependencies all met for <TaskInstance: BRONZER_GET_STONCKS.BRONZE_STONCKS_MSFT scheduled__2024-08-10T00:00:00+00:00 [queued]>
[2024-09-16 00:07:13,127] {taskinstance.py:1159} INFO - Dependencies all met for <TaskInstance: BRONZER_GET_STONCKS.BRONZE_STONCKS_MSFT scheduled__2024-08-10T00:00:00+00:00 [queued]>
[2024-09-16 00:07:13,128] {taskinstance.py:1356} INFO - 
--------------------------------------------------------------------------------
[2024-09-16 00:07:13,128] {taskinstance.py:1357} INFO - Starting attempt 1 of 1
[2024-09-16 00:07:13,128] {taskinstance.py:1358} INFO - 
--------------------------------------------------------------------------------
[2024-09-16 00:07:13,164] {taskinstance.py:1377} INFO - Executing <Task(_PythonDecoratedOperator): BRONZE_STONCKS_MSFT> on 2024-08-10 00:00:00+00:00
[2024-09-16 00:07:13,176] {standard_task_runner.py:52} INFO - Started process 38114 to run task
[2024-09-16 00:07:13,210] {standard_task_runner.py:79} INFO - Running: ['airflow', 'tasks', 'run', 'BRONZER_GET_STONCKS', 'BRONZE_STONCKS_MSFT', 'scheduled__2024-08-10T00:00:00+00:00', '--job-id', '1173', '--raw', '--subdir', 'DAGS_FOLDER/get_stocks.py', '--cfg-path', '/tmp/tmplq7mmfcn', '--error-file', '/tmp/tmpmg4yuy0s']
[2024-09-16 00:07:13,211] {standard_task_runner.py:80} INFO - Job 1173: Subtask BRONZE_STONCKS_MSFT
[2024-09-16 00:07:13,373] {task_command.py:370} INFO - Running <TaskInstance: BRONZER_GET_STONCKS.BRONZE_STONCKS_MSFT scheduled__2024-08-10T00:00:00+00:00 [running]> on host kaiwang.
[2024-09-16 00:07:13,609] {taskinstance.py:1569} INFO - Exporting the following env vars:
AIRFLOW_CTX_DAG_OWNER=airflow
AIRFLOW_CTX_DAG_ID=BRONZER_GET_STONCKS
AIRFLOW_CTX_TASK_ID=BRONZE_STONCKS_MSFT
AIRFLOW_CTX_EXECUTION_DATE=2024-08-10T00:00:00+00:00
AIRFLOW_CTX_TRY_NUMBER=1
AIRFLOW_CTX_DAG_RUN_ID=scheduled__2024-08-10T00:00:00+00:00
[2024-09-16 00:07:14,479] {python.py:173} INFO - Done. Returned value was: None
[2024-09-16 00:07:14,590] {taskinstance.py:1395} INFO - Marking task as SUCCESS. dag_id=BRONZER_GET_STONCKS, task_id=BRONZE_STONCKS_MSFT, execution_date=20240810T000000, start_date=20240916T030713, end_date=20240916T030714
[2024-09-16 00:07:14,635] {local_task_job.py:156} INFO - Task exited with return code 0
[2024-09-16 00:07:14,865] {local_task_job.py:273} INFO - 0 downstream tasks scheduled from follow-on schedule check
[2024-09-16 13:55:58,868] {taskinstance.py:1159} INFO - Dependencies all met for <TaskInstance: BRONZER_GET_STONCKS.BRONZE_STONCKS_MSFT scheduled__2024-08-10T00:00:00+00:00 [queued]>
[2024-09-16 13:55:58,884] {taskinstance.py:1159} INFO - Dependencies all met for <TaskInstance: BRONZER_GET_STONCKS.BRONZE_STONCKS_MSFT scheduled__2024-08-10T00:00:00+00:00 [queued]>
[2024-09-16 13:55:58,884] {taskinstance.py:1356} INFO - 
--------------------------------------------------------------------------------
[2024-09-16 13:55:58,884] {taskinstance.py:1357} INFO - Starting attempt 1 of 1
[2024-09-16 13:55:58,884] {taskinstance.py:1358} INFO - 
--------------------------------------------------------------------------------
[2024-09-16 13:55:58,907] {taskinstance.py:1377} INFO - Executing <Task(_PythonDecoratedOperator): BRONZE_STONCKS_MSFT> on 2024-08-10 00:00:00+00:00
[2024-09-16 13:55:58,914] {standard_task_runner.py:52} INFO - Started process 137104 to run task
[2024-09-16 13:55:58,920] {standard_task_runner.py:79} INFO - Running: ['airflow', 'tasks', 'run', 'BRONZER_GET_STONCKS', 'BRONZE_STONCKS_MSFT', 'scheduled__2024-08-10T00:00:00+00:00', '--job-id', '2494', '--raw', '--subdir', 'DAGS_FOLDER/get_stocks.py', '--cfg-path', '/tmp/tmp0ezlwe1u', '--error-file', '/tmp/tmpgccfq9sh']
[2024-09-16 13:55:58,922] {standard_task_runner.py:80} INFO - Job 2494: Subtask BRONZE_STONCKS_MSFT
[2024-09-16 13:55:59,114] {task_command.py:370} INFO - Running <TaskInstance: BRONZER_GET_STONCKS.BRONZE_STONCKS_MSFT scheduled__2024-08-10T00:00:00+00:00 [running]> on host kaiwang.
[2024-09-16 13:55:59,831] {taskinstance.py:1569} INFO - Exporting the following env vars:
AIRFLOW_CTX_DAG_OWNER=airflow
AIRFLOW_CTX_DAG_ID=BRONZER_GET_STONCKS
AIRFLOW_CTX_TASK_ID=BRONZE_STONCKS_MSFT
AIRFLOW_CTX_EXECUTION_DATE=2024-08-10T00:00:00+00:00
AIRFLOW_CTX_TRY_NUMBER=1
AIRFLOW_CTX_DAG_RUN_ID=scheduled__2024-08-10T00:00:00+00:00
[2024-09-16 13:56:00,448] {python.py:173} INFO - Done. Returned value was: None
[2024-09-16 13:56:00,475] {taskinstance.py:1395} INFO - Marking task as SUCCESS. dag_id=BRONZER_GET_STONCKS, task_id=BRONZE_STONCKS_MSFT, execution_date=20240810T000000, start_date=20240916T165558, end_date=20240916T165600
[2024-09-16 13:56:00,518] {local_task_job.py:156} INFO - Task exited with return code 0
[2024-09-16 13:56:00,636] {local_task_job.py:273} INFO - 0 downstream tasks scheduled from follow-on schedule check
