[2024-09-16 00:06:50,485] {taskinstance.py:1159} INFO - Dependencies all met for <TaskInstance: BRONZER_GET_CRIPTOS.BRONZE_CRIPTO_BTC scheduled__2024-06-13T00:00:00+00:00 [queued]>
[2024-09-16 00:06:50,532] {taskinstance.py:1159} INFO - Dependencies all met for <TaskInstance: BRONZER_GET_CRIPTOS.BRONZE_CRIPTO_BTC scheduled__2024-06-13T00:00:00+00:00 [queued]>
[2024-09-16 00:06:50,532] {taskinstance.py:1356} INFO - 
--------------------------------------------------------------------------------
[2024-09-16 00:06:50,534] {taskinstance.py:1357} INFO - Starting attempt 1 of 1
[2024-09-16 00:06:50,534] {taskinstance.py:1358} INFO - 
--------------------------------------------------------------------------------
[2024-09-16 00:06:50,625] {taskinstance.py:1377} INFO - Executing <Task(_PythonDecoratedOperator): BRONZE_CRIPTO_BTC> on 2024-06-13 00:00:00+00:00
[2024-09-16 00:06:50,642] {standard_task_runner.py:52} INFO - Started process 36199 to run task
[2024-09-16 00:06:50,661] {standard_task_runner.py:79} INFO - Running: ['airflow', 'tasks', 'run', 'BRONZER_GET_CRIPTOS', 'BRONZE_CRIPTO_BTC', 'scheduled__2024-06-13T00:00:00+00:00', '--job-id', '1053', '--raw', '--subdir', 'DAGS_FOLDER/get_cripto.py', '--cfg-path', '/tmp/tmp3ter8f0a', '--error-file', '/tmp/tmpvs0kq52v']
[2024-09-16 00:06:50,662] {standard_task_runner.py:80} INFO - Job 1053: Subtask BRONZE_CRIPTO_BTC
[2024-09-16 00:06:51,004] {task_command.py:370} INFO - Running <TaskInstance: BRONZER_GET_CRIPTOS.BRONZE_CRIPTO_BTC scheduled__2024-06-13T00:00:00+00:00 [running]> on host kaiwang.
[2024-09-16 00:06:51,319] {taskinstance.py:1569} INFO - Exporting the following env vars:
AIRFLOW_CTX_DAG_OWNER=airflow
AIRFLOW_CTX_DAG_ID=BRONZER_GET_CRIPTOS
AIRFLOW_CTX_TASK_ID=BRONZE_CRIPTO_BTC
AIRFLOW_CTX_EXECUTION_DATE=2024-06-13T00:00:00+00:00
AIRFLOW_CTX_TRY_NUMBER=1
AIRFLOW_CTX_DAG_RUN_ID=scheduled__2024-06-13T00:00:00+00:00
[2024-09-16 00:06:53,642] {history.py:244} ERROR - $BTC: possibly delisted; no price data found  (1h 2024-06-10 -> 2024-06-13) (Yahoo error = "Data doesn't exist for startDate = 1717992000, endDate = 1718251200")
[2024-09-16 00:06:53,647] {python.py:173} INFO - Done. Returned value was: None
[2024-09-16 00:06:53,701] {taskinstance.py:1395} INFO - Marking task as SUCCESS. dag_id=BRONZER_GET_CRIPTOS, task_id=BRONZE_CRIPTO_BTC, execution_date=20240613T000000, start_date=20240916T030650, end_date=20240916T030653
[2024-09-16 00:06:53,766] {local_task_job.py:156} INFO - Task exited with return code 0
[2024-09-16 00:06:54,001] {local_task_job.py:273} INFO - 0 downstream tasks scheduled from follow-on schedule check
