[2024-09-16 00:03:09,510] {taskinstance.py:1159} INFO - Dependencies all met for <TaskInstance: BRONZER_GET_STONCKS.BRONZE_STONCKS_GOOG scheduled__2024-01-06T00:00:00+00:00 [queued]>
[2024-09-16 00:03:09,605] {taskinstance.py:1159} INFO - Dependencies all met for <TaskInstance: BRONZER_GET_STONCKS.BRONZE_STONCKS_GOOG scheduled__2024-01-06T00:00:00+00:00 [queued]>
[2024-09-16 00:03:09,606] {taskinstance.py:1356} INFO - 
--------------------------------------------------------------------------------
[2024-09-16 00:03:09,606] {taskinstance.py:1357} INFO - Starting attempt 1 of 1
[2024-09-16 00:03:09,606] {taskinstance.py:1358} INFO - 
--------------------------------------------------------------------------------
[2024-09-16 00:03:09,730] {taskinstance.py:1377} INFO - Executing <Task(_PythonDecoratedOperator): BRONZE_STONCKS_GOOG> on 2024-01-06 00:00:00+00:00
[2024-09-16 00:03:09,739] {standard_task_runner.py:52} INFO - Started process 18887 to run task
[2024-09-16 00:03:09,816] {standard_task_runner.py:79} INFO - Running: ['airflow', 'tasks', 'run', 'BRONZER_GET_STONCKS', 'BRONZE_STONCKS_GOOG', 'scheduled__2024-01-06T00:00:00+00:00', '--job-id', '55', '--raw', '--subdir', 'DAGS_FOLDER/get_stocks.py', '--cfg-path', '/tmp/tmproh7qf54', '--error-file', '/tmp/tmpj0augq11']
[2024-09-16 00:03:09,872] {standard_task_runner.py:80} INFO - Job 55: Subtask BRONZE_STONCKS_GOOG
[2024-09-16 00:03:10,276] {task_command.py:370} INFO - Running <TaskInstance: BRONZER_GET_STONCKS.BRONZE_STONCKS_GOOG scheduled__2024-01-06T00:00:00+00:00 [running]> on host kaiwang.
[2024-09-16 00:03:10,626] {taskinstance.py:1569} INFO - Exporting the following env vars:
AIRFLOW_CTX_DAG_OWNER=airflow
AIRFLOW_CTX_DAG_ID=BRONZER_GET_STONCKS
AIRFLOW_CTX_TASK_ID=BRONZE_STONCKS_GOOG
AIRFLOW_CTX_EXECUTION_DATE=2024-01-06T00:00:00+00:00
AIRFLOW_CTX_TRY_NUMBER=1
AIRFLOW_CTX_DAG_RUN_ID=scheduled__2024-01-06T00:00:00+00:00
[2024-09-16 00:03:11,316] {python.py:173} INFO - Done. Returned value was: None
[2024-09-16 00:03:11,350] {taskinstance.py:1395} INFO - Marking task as SUCCESS. dag_id=BRONZER_GET_STONCKS, task_id=BRONZE_STONCKS_GOOG, execution_date=20240106T000000, start_date=20240916T030309, end_date=20240916T030311
[2024-09-16 00:03:11,416] {local_task_job.py:156} INFO - Task exited with return code 0
[2024-09-16 00:03:11,464] {local_task_job.py:273} INFO - 0 downstream tasks scheduled from follow-on schedule check
[2024-09-16 00:12:50,471] {taskinstance.py:1159} INFO - Dependencies all met for <TaskInstance: BRONZER_GET_STONCKS.BRONZE_STONCKS_GOOG scheduled__2024-01-06T00:00:00+00:00 [queued]>
[2024-09-16 00:12:50,542] {taskinstance.py:1159} INFO - Dependencies all met for <TaskInstance: BRONZER_GET_STONCKS.BRONZE_STONCKS_GOOG scheduled__2024-01-06T00:00:00+00:00 [queued]>
[2024-09-16 00:12:50,542] {taskinstance.py:1356} INFO - 
--------------------------------------------------------------------------------
[2024-09-16 00:12:50,542] {taskinstance.py:1357} INFO - Starting attempt 1 of 1
[2024-09-16 00:12:50,542] {taskinstance.py:1358} INFO - 
--------------------------------------------------------------------------------
[2024-09-16 00:12:50,620] {taskinstance.py:1377} INFO - Executing <Task(_PythonDecoratedOperator): BRONZE_STONCKS_GOOG> on 2024-01-06 00:00:00+00:00
[2024-09-16 00:12:50,666] {standard_task_runner.py:52} INFO - Started process 44270 to run task
[2024-09-16 00:12:50,685] {standard_task_runner.py:79} INFO - Running: ['airflow', 'tasks', 'run', 'BRONZER_GET_STONCKS', 'BRONZE_STONCKS_GOOG', 'scheduled__2024-01-06T00:00:00+00:00', '--job-id', '1510', '--raw', '--subdir', 'DAGS_FOLDER/get_stocks.py', '--cfg-path', '/tmp/tmp9qtr9z2v', '--error-file', '/tmp/tmp0mxkv34c']
[2024-09-16 00:12:50,686] {standard_task_runner.py:80} INFO - Job 1510: Subtask BRONZE_STONCKS_GOOG
[2024-09-16 00:12:51,165] {task_command.py:370} INFO - Running <TaskInstance: BRONZER_GET_STONCKS.BRONZE_STONCKS_GOOG scheduled__2024-01-06T00:00:00+00:00 [running]> on host kaiwang.
[2024-09-16 00:12:51,658] {taskinstance.py:1569} INFO - Exporting the following env vars:
AIRFLOW_CTX_DAG_OWNER=airflow
AIRFLOW_CTX_DAG_ID=BRONZER_GET_STONCKS
AIRFLOW_CTX_TASK_ID=BRONZE_STONCKS_GOOG
AIRFLOW_CTX_EXECUTION_DATE=2024-01-06T00:00:00+00:00
AIRFLOW_CTX_TRY_NUMBER=1
AIRFLOW_CTX_DAG_RUN_ID=scheduled__2024-01-06T00:00:00+00:00
[2024-09-16 00:12:52,383] {python.py:173} INFO - Done. Returned value was: None
[2024-09-16 00:12:52,435] {taskinstance.py:1395} INFO - Marking task as SUCCESS. dag_id=BRONZER_GET_STONCKS, task_id=BRONZE_STONCKS_GOOG, execution_date=20240106T000000, start_date=20240916T031250, end_date=20240916T031252
[2024-09-16 00:12:52,466] {local_task_job.py:156} INFO - Task exited with return code 0
[2024-09-16 00:12:52,660] {local_task_job.py:273} INFO - 0 downstream tasks scheduled from follow-on schedule check
[2024-09-16 00:14:27,041] {taskinstance.py:1159} INFO - Dependencies all met for <TaskInstance: BRONZER_GET_STONCKS.BRONZE_STONCKS_GOOG scheduled__2024-01-06T00:00:00+00:00 [queued]>
[2024-09-16 00:14:27,114] {taskinstance.py:1159} INFO - Dependencies all met for <TaskInstance: BRONZER_GET_STONCKS.BRONZE_STONCKS_GOOG scheduled__2024-01-06T00:00:00+00:00 [queued]>
[2024-09-16 00:14:27,114] {taskinstance.py:1356} INFO - 
--------------------------------------------------------------------------------
[2024-09-16 00:14:27,114] {taskinstance.py:1357} INFO - Starting attempt 1 of 1
[2024-09-16 00:14:27,114] {taskinstance.py:1358} INFO - 
--------------------------------------------------------------------------------
[2024-09-16 00:14:27,197] {taskinstance.py:1377} INFO - Executing <Task(_PythonDecoratedOperator): BRONZE_STONCKS_GOOG> on 2024-01-06 00:00:00+00:00
[2024-09-16 00:14:27,220] {standard_task_runner.py:52} INFO - Started process 49827 to run task
[2024-09-16 00:14:27,246] {standard_task_runner.py:79} INFO - Running: ['airflow', 'tasks', 'run', 'BRONZER_GET_STONCKS', 'BRONZE_STONCKS_GOOG', 'scheduled__2024-01-06T00:00:00+00:00', '--job-id', '1837', '--raw', '--subdir', 'DAGS_FOLDER/get_stocks.py', '--cfg-path', '/tmp/tmpymbo7kc2', '--error-file', '/tmp/tmpfcmhf5o2']
[2024-09-16 00:14:27,247] {standard_task_runner.py:80} INFO - Job 1837: Subtask BRONZE_STONCKS_GOOG
[2024-09-16 00:14:27,764] {task_command.py:370} INFO - Running <TaskInstance: BRONZER_GET_STONCKS.BRONZE_STONCKS_GOOG scheduled__2024-01-06T00:00:00+00:00 [running]> on host kaiwang.
[2024-09-16 00:14:28,306] {taskinstance.py:1569} INFO - Exporting the following env vars:
AIRFLOW_CTX_DAG_OWNER=airflow
AIRFLOW_CTX_DAG_ID=BRONZER_GET_STONCKS
AIRFLOW_CTX_TASK_ID=BRONZE_STONCKS_GOOG
AIRFLOW_CTX_EXECUTION_DATE=2024-01-06T00:00:00+00:00
AIRFLOW_CTX_TRY_NUMBER=1
AIRFLOW_CTX_DAG_RUN_ID=scheduled__2024-01-06T00:00:00+00:00
[2024-09-16 00:14:28,977] {python.py:173} INFO - Done. Returned value was: None
[2024-09-16 00:14:28,995] {taskinstance.py:1395} INFO - Marking task as SUCCESS. dag_id=BRONZER_GET_STONCKS, task_id=BRONZE_STONCKS_GOOG, execution_date=20240106T000000, start_date=20240916T031427, end_date=20240916T031428
[2024-09-16 00:14:29,052] {local_task_job.py:156} INFO - Task exited with return code 0
[2024-09-16 00:14:29,093] {local_task_job.py:273} INFO - 0 downstream tasks scheduled from follow-on schedule check
