[2024-09-16 00:05:25,579] {taskinstance.py:1159} INFO - Dependencies all met for <TaskInstance: BRONZER_GET_CRIPTOS.BRONZE_CRIPTO_ETH scheduled__2024-04-17T00:00:00+00:00 [queued]>
[2024-09-16 00:05:25,599] {taskinstance.py:1159} INFO - Dependencies all met for <TaskInstance: BRONZER_GET_CRIPTOS.BRONZE_CRIPTO_ETH scheduled__2024-04-17T00:00:00+00:00 [queued]>
[2024-09-16 00:05:25,599] {taskinstance.py:1356} INFO - 
--------------------------------------------------------------------------------
[2024-09-16 00:05:25,599] {taskinstance.py:1357} INFO - Starting attempt 1 of 1
[2024-09-16 00:05:25,599] {taskinstance.py:1358} INFO - 
--------------------------------------------------------------------------------
[2024-09-16 00:05:25,633] {taskinstance.py:1377} INFO - Executing <Task(_PythonDecoratedOperator): BRONZE_CRIPTO_ETH> on 2024-04-17 00:00:00+00:00
[2024-09-16 00:05:25,647] {standard_task_runner.py:52} INFO - Started process 29213 to run task
[2024-09-16 00:05:25,664] {standard_task_runner.py:79} INFO - Running: ['airflow', 'tasks', 'run', 'BRONZER_GET_CRIPTOS', 'BRONZE_CRIPTO_ETH', 'scheduled__2024-04-17T00:00:00+00:00', '--job-id', '649', '--raw', '--subdir', 'DAGS_FOLDER/get_cripto.py', '--cfg-path', '/tmp/tmp0buiyhmy', '--error-file', '/tmp/tmpgz27ocnn']
[2024-09-16 00:05:25,674] {standard_task_runner.py:80} INFO - Job 649: Subtask BRONZE_CRIPTO_ETH
[2024-09-16 00:05:25,916] {task_command.py:370} INFO - Running <TaskInstance: BRONZER_GET_CRIPTOS.BRONZE_CRIPTO_ETH scheduled__2024-04-17T00:00:00+00:00 [running]> on host kaiwang.
[2024-09-16 00:05:26,154] {taskinstance.py:1569} INFO - Exporting the following env vars:
AIRFLOW_CTX_DAG_OWNER=airflow
AIRFLOW_CTX_DAG_ID=BRONZER_GET_CRIPTOS
AIRFLOW_CTX_TASK_ID=BRONZE_CRIPTO_ETH
AIRFLOW_CTX_EXECUTION_DATE=2024-04-17T00:00:00+00:00
AIRFLOW_CTX_TRY_NUMBER=1
AIRFLOW_CTX_DAG_RUN_ID=scheduled__2024-04-17T00:00:00+00:00
[2024-09-16 00:05:29,519] {history.py:244} ERROR - $ETH: possibly delisted; no price data found  (1h 2024-04-14 -> 2024-04-17) (Yahoo error = "Data doesn't exist for startDate = 1713067200, endDate = 1713326400")
[2024-09-16 00:05:29,526] {python.py:173} INFO - Done. Returned value was: None
[2024-09-16 00:05:29,609] {taskinstance.py:1395} INFO - Marking task as SUCCESS. dag_id=BRONZER_GET_CRIPTOS, task_id=BRONZE_CRIPTO_ETH, execution_date=20240417T000000, start_date=20240916T030525, end_date=20240916T030529
[2024-09-16 00:05:29,729] {local_task_job.py:156} INFO - Task exited with return code 0
[2024-09-16 00:05:29,945] {local_task_job.py:273} INFO - 0 downstream tasks scheduled from follow-on schedule check
