[2024-09-16 00:03:17,745] {taskinstance.py:1159} INFO - Dependencies all met for <TaskInstance: BRONZER_GET_CRIPTOS.BRONZE_CRIPTO_AVAX scheduled__2024-01-13T00:00:00+00:00 [queued]>
[2024-09-16 00:03:17,842] {taskinstance.py:1159} INFO - Dependencies all met for <TaskInstance: BRONZER_GET_CRIPTOS.BRONZE_CRIPTO_AVAX scheduled__2024-01-13T00:00:00+00:00 [queued]>
[2024-09-16 00:03:17,842] {taskinstance.py:1356} INFO - 
--------------------------------------------------------------------------------
[2024-09-16 00:03:17,842] {taskinstance.py:1357} INFO - Starting attempt 1 of 1
[2024-09-16 00:03:17,842] {taskinstance.py:1358} INFO - 
--------------------------------------------------------------------------------
[2024-09-16 00:03:17,930] {taskinstance.py:1377} INFO - Executing <Task(_PythonDecoratedOperator): BRONZE_CRIPTO_AVAX> on 2024-01-13 00:00:00+00:00
[2024-09-16 00:03:17,936] {standard_task_runner.py:52} INFO - Started process 19377 to run task
[2024-09-16 00:03:17,977] {standard_task_runner.py:79} INFO - Running: ['airflow', 'tasks', 'run', 'BRONZER_GET_CRIPTOS', 'BRONZE_CRIPTO_AVAX', 'scheduled__2024-01-13T00:00:00+00:00', '--job-id', '81', '--raw', '--subdir', 'DAGS_FOLDER/get_cripto.py', '--cfg-path', '/tmp/tmp0ozch1o0', '--error-file', '/tmp/tmp6_2jvgml']
[2024-09-16 00:03:17,988] {standard_task_runner.py:80} INFO - Job 81: Subtask BRONZE_CRIPTO_AVAX
[2024-09-16 00:03:18,343] {task_command.py:370} INFO - Running <TaskInstance: BRONZER_GET_CRIPTOS.BRONZE_CRIPTO_AVAX scheduled__2024-01-13T00:00:00+00:00 [running]> on host kaiwang.
[2024-09-16 00:03:18,885] {taskinstance.py:1569} INFO - Exporting the following env vars:
AIRFLOW_CTX_DAG_OWNER=airflow
AIRFLOW_CTX_DAG_ID=BRONZER_GET_CRIPTOS
AIRFLOW_CTX_TASK_ID=BRONZE_CRIPTO_AVAX
AIRFLOW_CTX_EXECUTION_DATE=2024-01-13T00:00:00+00:00
AIRFLOW_CTX_TRY_NUMBER=1
AIRFLOW_CTX_DAG_RUN_ID=scheduled__2024-01-13T00:00:00+00:00
[2024-09-16 00:03:21,576] {history.py:122} ERROR - $AVAX: possibly delisted; no timezone found
[2024-09-16 00:03:21,595] {python.py:173} INFO - Done. Returned value was: None
[2024-09-16 00:03:22,254] {taskinstance.py:1395} INFO - Marking task as SUCCESS. dag_id=BRONZER_GET_CRIPTOS, task_id=BRONZE_CRIPTO_AVAX, execution_date=20240113T000000, start_date=20240916T030317, end_date=20240916T030322
[2024-09-16 00:03:22,331] {local_task_job.py:156} INFO - Task exited with return code 0
[2024-09-16 00:03:22,493] {local_task_job.py:273} INFO - 0 downstream tasks scheduled from follow-on schedule check
[2024-09-16 00:12:59,267] {taskinstance.py:1159} INFO - Dependencies all met for <TaskInstance: BRONZER_GET_CRIPTOS.BRONZE_CRIPTO_AVAX scheduled__2024-01-13T00:00:00+00:00 [queued]>
[2024-09-16 00:12:59,306] {taskinstance.py:1159} INFO - Dependencies all met for <TaskInstance: BRONZER_GET_CRIPTOS.BRONZE_CRIPTO_AVAX scheduled__2024-01-13T00:00:00+00:00 [queued]>
[2024-09-16 00:12:59,307] {taskinstance.py:1356} INFO - 
--------------------------------------------------------------------------------
[2024-09-16 00:12:59,307] {taskinstance.py:1357} INFO - Starting attempt 1 of 1
[2024-09-16 00:12:59,307] {taskinstance.py:1358} INFO - 
--------------------------------------------------------------------------------
[2024-09-16 00:12:59,344] {taskinstance.py:1377} INFO - Executing <Task(_PythonDecoratedOperator): BRONZE_CRIPTO_AVAX> on 2024-01-13 00:00:00+00:00
[2024-09-16 00:12:59,350] {standard_task_runner.py:52} INFO - Started process 44971 to run task
[2024-09-16 00:12:59,376] {standard_task_runner.py:79} INFO - Running: ['airflow', 'tasks', 'run', 'BRONZER_GET_CRIPTOS', 'BRONZE_CRIPTO_AVAX', 'scheduled__2024-01-13T00:00:00+00:00', '--job-id', '1553', '--raw', '--subdir', 'DAGS_FOLDER/get_cripto.py', '--cfg-path', '/tmp/tmp_1lu1yri', '--error-file', '/tmp/tmpxx96gkdd']
[2024-09-16 00:12:59,378] {standard_task_runner.py:80} INFO - Job 1553: Subtask BRONZE_CRIPTO_AVAX
[2024-09-16 00:12:59,566] {task_command.py:370} INFO - Running <TaskInstance: BRONZER_GET_CRIPTOS.BRONZE_CRIPTO_AVAX scheduled__2024-01-13T00:00:00+00:00 [running]> on host kaiwang.
[2024-09-16 00:12:59,799] {taskinstance.py:1569} INFO - Exporting the following env vars:
AIRFLOW_CTX_DAG_OWNER=airflow
AIRFLOW_CTX_DAG_ID=BRONZER_GET_CRIPTOS
AIRFLOW_CTX_TASK_ID=BRONZE_CRIPTO_AVAX
AIRFLOW_CTX_EXECUTION_DATE=2024-01-13T00:00:00+00:00
AIRFLOW_CTX_TRY_NUMBER=1
AIRFLOW_CTX_DAG_RUN_ID=scheduled__2024-01-13T00:00:00+00:00
[2024-09-16 00:13:02,425] {history.py:122} ERROR - $AVAX: possibly delisted; no timezone found
[2024-09-16 00:13:02,454] {python.py:173} INFO - Done. Returned value was: None
[2024-09-16 00:13:02,528] {taskinstance.py:1395} INFO - Marking task as SUCCESS. dag_id=BRONZER_GET_CRIPTOS, task_id=BRONZE_CRIPTO_AVAX, execution_date=20240113T000000, start_date=20240916T031259, end_date=20240916T031302
[2024-09-16 00:13:02,587] {local_task_job.py:156} INFO - Task exited with return code 0
[2024-09-16 00:13:02,748] {local_task_job.py:273} INFO - 0 downstream tasks scheduled from follow-on schedule check
[2024-09-16 00:14:34,533] {taskinstance.py:1159} INFO - Dependencies all met for <TaskInstance: BRONZER_GET_CRIPTOS.BRONZE_CRIPTO_AVAX scheduled__2024-01-13T00:00:00+00:00 [queued]>
[2024-09-16 00:14:34,584] {taskinstance.py:1159} INFO - Dependencies all met for <TaskInstance: BRONZER_GET_CRIPTOS.BRONZE_CRIPTO_AVAX scheduled__2024-01-13T00:00:00+00:00 [queued]>
[2024-09-16 00:14:34,585] {taskinstance.py:1356} INFO - 
--------------------------------------------------------------------------------
[2024-09-16 00:14:34,585] {taskinstance.py:1357} INFO - Starting attempt 1 of 1
[2024-09-16 00:14:34,585] {taskinstance.py:1358} INFO - 
--------------------------------------------------------------------------------
[2024-09-16 00:14:34,633] {taskinstance.py:1377} INFO - Executing <Task(_PythonDecoratedOperator): BRONZE_CRIPTO_AVAX> on 2024-01-13 00:00:00+00:00
[2024-09-16 00:14:34,639] {standard_task_runner.py:52} INFO - Started process 50405 to run task
[2024-09-16 00:14:34,706] {standard_task_runner.py:79} INFO - Running: ['airflow', 'tasks', 'run', 'BRONZER_GET_CRIPTOS', 'BRONZE_CRIPTO_AVAX', 'scheduled__2024-01-13T00:00:00+00:00', '--job-id', '1864', '--raw', '--subdir', 'DAGS_FOLDER/get_cripto.py', '--cfg-path', '/tmp/tmpvtjv66v2', '--error-file', '/tmp/tmp736rhp7c']
[2024-09-16 00:14:34,707] {standard_task_runner.py:80} INFO - Job 1864: Subtask BRONZE_CRIPTO_AVAX
[2024-09-16 00:14:35,003] {task_command.py:370} INFO - Running <TaskInstance: BRONZER_GET_CRIPTOS.BRONZE_CRIPTO_AVAX scheduled__2024-01-13T00:00:00+00:00 [running]> on host kaiwang.
[2024-09-16 00:14:35,366] {taskinstance.py:1569} INFO - Exporting the following env vars:
AIRFLOW_CTX_DAG_OWNER=airflow
AIRFLOW_CTX_DAG_ID=BRONZER_GET_CRIPTOS
AIRFLOW_CTX_TASK_ID=BRONZE_CRIPTO_AVAX
AIRFLOW_CTX_EXECUTION_DATE=2024-01-13T00:00:00+00:00
AIRFLOW_CTX_TRY_NUMBER=1
AIRFLOW_CTX_DAG_RUN_ID=scheduled__2024-01-13T00:00:00+00:00
[2024-09-16 00:14:38,087] {history.py:122} ERROR - $AVAX: possibly delisted; no timezone found
[2024-09-16 00:14:38,113] {python.py:173} INFO - Done. Returned value was: None
[2024-09-16 00:14:38,354] {taskinstance.py:1395} INFO - Marking task as SUCCESS. dag_id=BRONZER_GET_CRIPTOS, task_id=BRONZE_CRIPTO_AVAX, execution_date=20240113T000000, start_date=20240916T031434, end_date=20240916T031438
[2024-09-16 00:14:38,414] {local_task_job.py:156} INFO - Task exited with return code 0
[2024-09-16 00:14:38,524] {local_task_job.py:273} INFO - 0 downstream tasks scheduled from follow-on schedule check
