[2024-09-16 00:07:52,373] {taskinstance.py:1159} INFO - Dependencies all met for <TaskInstance: BRONZER_GET_CRIPTOS.BRONZE_CRIPTO_DOGE scheduled__2024-08-02T00:00:00+00:00 [queued]>
[2024-09-16 00:07:52,406] {taskinstance.py:1159} INFO - Dependencies all met for <TaskInstance: BRONZER_GET_CRIPTOS.BRONZE_CRIPTO_DOGE scheduled__2024-08-02T00:00:00+00:00 [queued]>
[2024-09-16 00:07:52,406] {taskinstance.py:1356} INFO - 
--------------------------------------------------------------------------------
[2024-09-16 00:07:52,406] {taskinstance.py:1357} INFO - Starting attempt 1 of 1
[2024-09-16 00:07:52,406] {taskinstance.py:1358} INFO - 
--------------------------------------------------------------------------------
[2024-09-16 00:07:52,471] {taskinstance.py:1377} INFO - Executing <Task(_PythonDecoratedOperator): BRONZE_CRIPTO_DOGE> on 2024-08-02 00:00:00+00:00
[2024-09-16 00:07:52,478] {standard_task_runner.py:52} INFO - Started process 41306 to run task
[2024-09-16 00:07:52,492] {standard_task_runner.py:79} INFO - Running: ['airflow', 'tasks', 'run', 'BRONZER_GET_CRIPTOS', 'BRONZE_CRIPTO_DOGE', 'scheduled__2024-08-02T00:00:00+00:00', '--job-id', '1354', '--raw', '--subdir', 'DAGS_FOLDER/get_cripto.py', '--cfg-path', '/tmp/tmprddlgq2x', '--error-file', '/tmp/tmpqi73mwwy']
[2024-09-16 00:07:52,493] {standard_task_runner.py:80} INFO - Job 1354: Subtask BRONZE_CRIPTO_DOGE
[2024-09-16 00:07:52,675] {task_command.py:370} INFO - Running <TaskInstance: BRONZER_GET_CRIPTOS.BRONZE_CRIPTO_DOGE scheduled__2024-08-02T00:00:00+00:00 [running]> on host kaiwang.
[2024-09-16 00:07:52,991] {taskinstance.py:1569} INFO - Exporting the following env vars:
AIRFLOW_CTX_DAG_OWNER=airflow
AIRFLOW_CTX_DAG_ID=BRONZER_GET_CRIPTOS
AIRFLOW_CTX_TASK_ID=BRONZE_CRIPTO_DOGE
AIRFLOW_CTX_EXECUTION_DATE=2024-08-02T00:00:00+00:00
AIRFLOW_CTX_TRY_NUMBER=1
AIRFLOW_CTX_DAG_RUN_ID=scheduled__2024-08-02T00:00:00+00:00
[2024-09-16 00:07:56,232] {history.py:122} ERROR - $DOGE: possibly delisted; no timezone found
[2024-09-16 00:07:56,236] {python.py:173} INFO - Done. Returned value was: None
[2024-09-16 00:07:56,257] {taskinstance.py:1395} INFO - Marking task as SUCCESS. dag_id=BRONZER_GET_CRIPTOS, task_id=BRONZE_CRIPTO_DOGE, execution_date=20240802T000000, start_date=20240916T030752, end_date=20240916T030756
[2024-09-16 00:07:56,312] {local_task_job.py:156} INFO - Task exited with return code 0
[2024-09-16 00:07:56,352] {local_task_job.py:273} INFO - 0 downstream tasks scheduled from follow-on schedule check
[2024-09-16 00:16:28,059] {taskinstance.py:1159} INFO - Dependencies all met for <TaskInstance: BRONZER_GET_CRIPTOS.BRONZE_CRIPTO_DOGE scheduled__2024-08-02T00:00:00+00:00 [queued]>
[2024-09-16 00:16:28,109] {taskinstance.py:1159} INFO - Dependencies all met for <TaskInstance: BRONZER_GET_CRIPTOS.BRONZE_CRIPTO_DOGE scheduled__2024-08-02T00:00:00+00:00 [queued]>
[2024-09-16 00:16:28,109] {taskinstance.py:1356} INFO - 
--------------------------------------------------------------------------------
[2024-09-16 00:16:28,109] {taskinstance.py:1357} INFO - Starting attempt 1 of 1
[2024-09-16 00:16:28,109] {taskinstance.py:1358} INFO - 
--------------------------------------------------------------------------------
[2024-09-16 00:16:28,157] {taskinstance.py:1377} INFO - Executing <Task(_PythonDecoratedOperator): BRONZE_CRIPTO_DOGE> on 2024-08-02 00:00:00+00:00
[2024-09-16 00:16:28,163] {standard_task_runner.py:52} INFO - Started process 59730 to run task
[2024-09-16 00:16:28,183] {standard_task_runner.py:79} INFO - Running: ['airflow', 'tasks', 'run', 'BRONZER_GET_CRIPTOS', 'BRONZE_CRIPTO_DOGE', 'scheduled__2024-08-02T00:00:00+00:00', '--job-id', '2408', '--raw', '--subdir', 'DAGS_FOLDER/get_cripto.py', '--cfg-path', '/tmp/tmp2nym0vrg', '--error-file', '/tmp/tmp8886eyq8']
[2024-09-16 00:16:28,184] {standard_task_runner.py:80} INFO - Job 2408: Subtask BRONZE_CRIPTO_DOGE
[2024-09-16 00:16:28,432] {task_command.py:370} INFO - Running <TaskInstance: BRONZER_GET_CRIPTOS.BRONZE_CRIPTO_DOGE scheduled__2024-08-02T00:00:00+00:00 [running]> on host kaiwang.
[2024-09-16 00:16:28,587] {taskinstance.py:1569} INFO - Exporting the following env vars:
AIRFLOW_CTX_DAG_OWNER=airflow
AIRFLOW_CTX_DAG_ID=BRONZER_GET_CRIPTOS
AIRFLOW_CTX_TASK_ID=BRONZE_CRIPTO_DOGE
AIRFLOW_CTX_EXECUTION_DATE=2024-08-02T00:00:00+00:00
AIRFLOW_CTX_TRY_NUMBER=1
AIRFLOW_CTX_DAG_RUN_ID=scheduled__2024-08-02T00:00:00+00:00
[2024-09-16 00:16:32,120] {history.py:122} ERROR - $DOGE: possibly delisted; no timezone found
[2024-09-16 00:16:32,136] {python.py:173} INFO - Done. Returned value was: None
[2024-09-16 00:16:32,201] {taskinstance.py:1395} INFO - Marking task as SUCCESS. dag_id=BRONZER_GET_CRIPTOS, task_id=BRONZE_CRIPTO_DOGE, execution_date=20240802T000000, start_date=20240916T031628, end_date=20240916T031632
[2024-09-16 00:16:32,279] {local_task_job.py:156} INFO - Task exited with return code 0
[2024-09-16 00:16:32,419] {local_task_job.py:273} INFO - 0 downstream tasks scheduled from follow-on schedule check
[2024-09-16 13:55:44,336] {taskinstance.py:1159} INFO - Dependencies all met for <TaskInstance: BRONZER_GET_CRIPTOS.BRONZE_CRIPTO_DOGE scheduled__2024-08-02T00:00:00+00:00 [queued]>
[2024-09-16 13:55:44,358] {taskinstance.py:1159} INFO - Dependencies all met for <TaskInstance: BRONZER_GET_CRIPTOS.BRONZE_CRIPTO_DOGE scheduled__2024-08-02T00:00:00+00:00 [queued]>
[2024-09-16 13:55:44,359] {taskinstance.py:1356} INFO - 
--------------------------------------------------------------------------------
[2024-09-16 13:55:44,359] {taskinstance.py:1357} INFO - Starting attempt 1 of 1
[2024-09-16 13:55:44,359] {taskinstance.py:1358} INFO - 
--------------------------------------------------------------------------------
[2024-09-16 13:55:44,374] {taskinstance.py:1377} INFO - Executing <Task(_PythonDecoratedOperator): BRONZE_CRIPTO_DOGE> on 2024-08-02 00:00:00+00:00
[2024-09-16 13:55:44,380] {standard_task_runner.py:52} INFO - Started process 136028 to run task
[2024-09-16 13:55:44,384] {standard_task_runner.py:79} INFO - Running: ['airflow', 'tasks', 'run', 'BRONZER_GET_CRIPTOS', 'BRONZE_CRIPTO_DOGE', 'scheduled__2024-08-02T00:00:00+00:00', '--job-id', '2442', '--raw', '--subdir', 'DAGS_FOLDER/get_cripto.py', '--cfg-path', '/tmp/tmpqevpkymb', '--error-file', '/tmp/tmprio7yl25']
[2024-09-16 13:55:44,385] {standard_task_runner.py:80} INFO - Job 2442: Subtask BRONZE_CRIPTO_DOGE
[2024-09-16 13:55:44,519] {task_command.py:370} INFO - Running <TaskInstance: BRONZER_GET_CRIPTOS.BRONZE_CRIPTO_DOGE scheduled__2024-08-02T00:00:00+00:00 [running]> on host kaiwang.
[2024-09-16 13:55:45,255] {taskinstance.py:1569} INFO - Exporting the following env vars:
AIRFLOW_CTX_DAG_OWNER=airflow
AIRFLOW_CTX_DAG_ID=BRONZER_GET_CRIPTOS
AIRFLOW_CTX_TASK_ID=BRONZE_CRIPTO_DOGE
AIRFLOW_CTX_EXECUTION_DATE=2024-08-02T00:00:00+00:00
AIRFLOW_CTX_TRY_NUMBER=1
AIRFLOW_CTX_DAG_RUN_ID=scheduled__2024-08-02T00:00:00+00:00
[2024-09-16 13:55:48,581] {history.py:122} ERROR - $DOGE: possibly delisted; no timezone found
[2024-09-16 13:55:48,584] {python.py:173} INFO - Done. Returned value was: None
[2024-09-16 13:55:48,606] {taskinstance.py:1395} INFO - Marking task as SUCCESS. dag_id=BRONZER_GET_CRIPTOS, task_id=BRONZE_CRIPTO_DOGE, execution_date=20240802T000000, start_date=20240916T165544, end_date=20240916T165548
[2024-09-16 13:55:48,664] {local_task_job.py:156} INFO - Task exited with return code 0
[2024-09-16 13:55:48,745] {local_task_job.py:273} INFO - 0 downstream tasks scheduled from follow-on schedule check
