[2024-09-16 00:08:05,374] {taskinstance.py:1159} INFO - Dependencies all met for <TaskInstance: BRONZER_GET_CRIPTOS.BRONZE_CRIPTO_DOGE scheduled__2024-08-21T00:00:00+00:00 [queued]>
[2024-09-16 00:08:05,386] {taskinstance.py:1159} INFO - Dependencies all met for <TaskInstance: BRONZER_GET_CRIPTOS.BRONZE_CRIPTO_DOGE scheduled__2024-08-21T00:00:00+00:00 [queued]>
[2024-09-16 00:08:05,386] {taskinstance.py:1356} INFO - 
--------------------------------------------------------------------------------
[2024-09-16 00:08:05,386] {taskinstance.py:1357} INFO - Starting attempt 1 of 1
[2024-09-16 00:08:05,386] {taskinstance.py:1358} INFO - 
--------------------------------------------------------------------------------
[2024-09-16 00:08:05,400] {taskinstance.py:1377} INFO - Executing <Task(_PythonDecoratedOperator): BRONZE_CRIPTO_DOGE> on 2024-08-21 00:00:00+00:00
[2024-09-16 00:08:05,404] {standard_task_runner.py:52} INFO - Started process 42105 to run task
[2024-09-16 00:08:05,409] {standard_task_runner.py:79} INFO - Running: ['airflow', 'tasks', 'run', 'BRONZER_GET_CRIPTOS', 'BRONZE_CRIPTO_DOGE', 'scheduled__2024-08-21T00:00:00+00:00', '--job-id', '1404', '--raw', '--subdir', 'DAGS_FOLDER/get_cripto.py', '--cfg-path', '/tmp/tmpp22uoov1', '--error-file', '/tmp/tmpo9sdzzs3']
[2024-09-16 00:08:05,410] {standard_task_runner.py:80} INFO - Job 1404: Subtask BRONZE_CRIPTO_DOGE
[2024-09-16 00:08:05,547] {task_command.py:370} INFO - Running <TaskInstance: BRONZER_GET_CRIPTOS.BRONZE_CRIPTO_DOGE scheduled__2024-08-21T00:00:00+00:00 [running]> on host kaiwang.
[2024-09-16 00:08:05,631] {taskinstance.py:1569} INFO - Exporting the following env vars:
AIRFLOW_CTX_DAG_OWNER=airflow
AIRFLOW_CTX_DAG_ID=BRONZER_GET_CRIPTOS
AIRFLOW_CTX_TASK_ID=BRONZE_CRIPTO_DOGE
AIRFLOW_CTX_EXECUTION_DATE=2024-08-21T00:00:00+00:00
AIRFLOW_CTX_TRY_NUMBER=1
AIRFLOW_CTX_DAG_RUN_ID=scheduled__2024-08-21T00:00:00+00:00
[2024-09-16 00:08:08,773] {history.py:122} ERROR - $DOGE: possibly delisted; no timezone found
[2024-09-16 00:08:08,779] {python.py:173} INFO - Done. Returned value was: None
[2024-09-16 00:08:08,795] {taskinstance.py:1395} INFO - Marking task as SUCCESS. dag_id=BRONZER_GET_CRIPTOS, task_id=BRONZE_CRIPTO_DOGE, execution_date=20240821T000000, start_date=20240916T030805, end_date=20240916T030808
[2024-09-16 00:08:08,840] {local_task_job.py:156} INFO - Task exited with return code 0
[2024-09-16 00:08:08,873] {local_task_job.py:273} INFO - 0 downstream tasks scheduled from follow-on schedule check
[2024-09-16 13:56:18,270] {taskinstance.py:1159} INFO - Dependencies all met for <TaskInstance: BRONZER_GET_CRIPTOS.BRONZE_CRIPTO_DOGE scheduled__2024-08-21T00:00:00+00:00 [queued]>
[2024-09-16 13:56:18,285] {taskinstance.py:1159} INFO - Dependencies all met for <TaskInstance: BRONZER_GET_CRIPTOS.BRONZE_CRIPTO_DOGE scheduled__2024-08-21T00:00:00+00:00 [queued]>
[2024-09-16 13:56:18,285] {taskinstance.py:1356} INFO - 
--------------------------------------------------------------------------------
[2024-09-16 13:56:18,285] {taskinstance.py:1357} INFO - Starting attempt 1 of 1
[2024-09-16 13:56:18,285] {taskinstance.py:1358} INFO - 
--------------------------------------------------------------------------------
[2024-09-16 13:56:18,302] {taskinstance.py:1377} INFO - Executing <Task(_PythonDecoratedOperator): BRONZE_CRIPTO_DOGE> on 2024-08-21 00:00:00+00:00
[2024-09-16 13:56:18,308] {standard_task_runner.py:52} INFO - Started process 138395 to run task
[2024-09-16 13:56:18,326] {standard_task_runner.py:79} INFO - Running: ['airflow', 'tasks', 'run', 'BRONZER_GET_CRIPTOS', 'BRONZE_CRIPTO_DOGE', 'scheduled__2024-08-21T00:00:00+00:00', '--job-id', '2556', '--raw', '--subdir', 'DAGS_FOLDER/get_cripto.py', '--cfg-path', '/tmp/tmpjqx1lpfg', '--error-file', '/tmp/tmp9ygwdeq6']
[2024-09-16 13:56:18,327] {standard_task_runner.py:80} INFO - Job 2556: Subtask BRONZE_CRIPTO_DOGE
[2024-09-16 13:56:18,493] {task_command.py:370} INFO - Running <TaskInstance: BRONZER_GET_CRIPTOS.BRONZE_CRIPTO_DOGE scheduled__2024-08-21T00:00:00+00:00 [running]> on host kaiwang.
[2024-09-16 13:56:19,277] {taskinstance.py:1569} INFO - Exporting the following env vars:
AIRFLOW_CTX_DAG_OWNER=airflow
AIRFLOW_CTX_DAG_ID=BRONZER_GET_CRIPTOS
AIRFLOW_CTX_TASK_ID=BRONZE_CRIPTO_DOGE
AIRFLOW_CTX_EXECUTION_DATE=2024-08-21T00:00:00+00:00
AIRFLOW_CTX_TRY_NUMBER=1
AIRFLOW_CTX_DAG_RUN_ID=scheduled__2024-08-21T00:00:00+00:00
[2024-09-16 13:56:22,256] {history.py:122} ERROR - $DOGE: possibly delisted; no timezone found
[2024-09-16 13:56:22,263] {python.py:173} INFO - Done. Returned value was: None
[2024-09-16 13:56:22,293] {taskinstance.py:1395} INFO - Marking task as SUCCESS. dag_id=BRONZER_GET_CRIPTOS, task_id=BRONZE_CRIPTO_DOGE, execution_date=20240821T000000, start_date=20240916T165618, end_date=20240916T165622
[2024-09-16 13:56:22,367] {local_task_job.py:156} INFO - Task exited with return code 0
[2024-09-16 13:56:22,497] {local_task_job.py:273} INFO - 0 downstream tasks scheduled from follow-on schedule check
