[2024-09-16 00:05:23,206] {taskinstance.py:1159} INFO - Dependencies all met for <TaskInstance: BRONZER_GET_STONCKS.BRONZE_STONCKS_TSLA scheduled__2024-04-27T00:00:00+00:00 [queued]>
[2024-09-16 00:05:23,248] {taskinstance.py:1159} INFO - Dependencies all met for <TaskInstance: BRONZER_GET_STONCKS.BRONZE_STONCKS_TSLA scheduled__2024-04-27T00:00:00+00:00 [queued]>
[2024-09-16 00:05:23,265] {taskinstance.py:1356} INFO - 
--------------------------------------------------------------------------------
[2024-09-16 00:05:23,265] {taskinstance.py:1357} INFO - Starting attempt 1 of 1
[2024-09-16 00:05:23,265] {taskinstance.py:1358} INFO - 
--------------------------------------------------------------------------------
[2024-09-16 00:05:23,319] {taskinstance.py:1377} INFO - Executing <Task(_PythonDecoratedOperator): BRONZE_STONCKS_TSLA> on 2024-04-27 00:00:00+00:00
[2024-09-16 00:05:23,397] {standard_task_runner.py:79} INFO - Running: ['airflow', 'tasks', 'run', 'BRONZER_GET_STONCKS', 'BRONZE_STONCKS_TSLA', 'scheduled__2024-04-27T00:00:00+00:00', '--job-id', '639', '--raw', '--subdir', 'DAGS_FOLDER/get_stocks.py', '--cfg-path', '/tmp/tmpwt3k83b4', '--error-file', '/tmp/tmp6mp2kwzv']
[2024-09-16 00:05:23,398] {standard_task_runner.py:80} INFO - Job 639: Subtask BRONZE_STONCKS_TSLA
[2024-09-16 00:05:23,369] {standard_task_runner.py:52} INFO - Started process 29057 to run task
[2024-09-16 00:05:23,747] {task_command.py:370} INFO - Running <TaskInstance: BRONZER_GET_STONCKS.BRONZE_STONCKS_TSLA scheduled__2024-04-27T00:00:00+00:00 [running]> on host kaiwang.
[2024-09-16 00:05:24,131] {taskinstance.py:1569} INFO - Exporting the following env vars:
AIRFLOW_CTX_DAG_OWNER=airflow
AIRFLOW_CTX_DAG_ID=BRONZER_GET_STONCKS
AIRFLOW_CTX_TASK_ID=BRONZE_STONCKS_TSLA
AIRFLOW_CTX_EXECUTION_DATE=2024-04-27T00:00:00+00:00
AIRFLOW_CTX_TRY_NUMBER=1
AIRFLOW_CTX_DAG_RUN_ID=scheduled__2024-04-27T00:00:00+00:00
[2024-09-16 00:05:24,840] {python.py:173} INFO - Done. Returned value was: None
[2024-09-16 00:05:24,952] {taskinstance.py:1395} INFO - Marking task as SUCCESS. dag_id=BRONZER_GET_STONCKS, task_id=BRONZE_STONCKS_TSLA, execution_date=20240427T000000, start_date=20240916T030523, end_date=20240916T030524
[2024-09-16 00:05:25,004] {local_task_job.py:156} INFO - Task exited with return code 0
[2024-09-16 00:05:25,201] {local_task_job.py:273} INFO - 0 downstream tasks scheduled from follow-on schedule check
[2024-09-16 00:16:25,383] {taskinstance.py:1159} INFO - Dependencies all met for <TaskInstance: BRONZER_GET_STONCKS.BRONZE_STONCKS_TSLA scheduled__2024-04-27T00:00:00+00:00 [queued]>
[2024-09-16 00:16:25,431] {taskinstance.py:1159} INFO - Dependencies all met for <TaskInstance: BRONZER_GET_STONCKS.BRONZE_STONCKS_TSLA scheduled__2024-04-27T00:00:00+00:00 [queued]>
[2024-09-16 00:16:25,431] {taskinstance.py:1356} INFO - 
--------------------------------------------------------------------------------
[2024-09-16 00:16:25,431] {taskinstance.py:1357} INFO - Starting attempt 1 of 1
[2024-09-16 00:16:25,431] {taskinstance.py:1358} INFO - 
--------------------------------------------------------------------------------
[2024-09-16 00:16:25,497] {taskinstance.py:1377} INFO - Executing <Task(_PythonDecoratedOperator): BRONZE_STONCKS_TSLA> on 2024-04-27 00:00:00+00:00
[2024-09-16 00:16:25,520] {standard_task_runner.py:52} INFO - Started process 59481 to run task
[2024-09-16 00:16:25,573] {standard_task_runner.py:79} INFO - Running: ['airflow', 'tasks', 'run', 'BRONZER_GET_STONCKS', 'BRONZE_STONCKS_TSLA', 'scheduled__2024-04-27T00:00:00+00:00', '--job-id', '2389', '--raw', '--subdir', 'DAGS_FOLDER/get_stocks.py', '--cfg-path', '/tmp/tmpfqcdvwj0', '--error-file', '/tmp/tmpvfhfsk_s']
[2024-09-16 00:16:25,580] {standard_task_runner.py:80} INFO - Job 2389: Subtask BRONZE_STONCKS_TSLA
[2024-09-16 00:16:25,863] {task_command.py:370} INFO - Running <TaskInstance: BRONZER_GET_STONCKS.BRONZE_STONCKS_TSLA scheduled__2024-04-27T00:00:00+00:00 [running]> on host kaiwang.
[2024-09-16 00:16:26,290] {taskinstance.py:1569} INFO - Exporting the following env vars:
AIRFLOW_CTX_DAG_OWNER=airflow
AIRFLOW_CTX_DAG_ID=BRONZER_GET_STONCKS
AIRFLOW_CTX_TASK_ID=BRONZE_STONCKS_TSLA
AIRFLOW_CTX_EXECUTION_DATE=2024-04-27T00:00:00+00:00
AIRFLOW_CTX_TRY_NUMBER=1
AIRFLOW_CTX_DAG_RUN_ID=scheduled__2024-04-27T00:00:00+00:00
[2024-09-16 00:16:27,051] {python.py:173} INFO - Done. Returned value was: None
[2024-09-16 00:16:27,104] {taskinstance.py:1395} INFO - Marking task as SUCCESS. dag_id=BRONZER_GET_STONCKS, task_id=BRONZE_STONCKS_TSLA, execution_date=20240427T000000, start_date=20240916T031625, end_date=20240916T031627
[2024-09-16 00:16:27,170] {local_task_job.py:156} INFO - Task exited with return code 0
[2024-09-16 00:16:27,627] {local_task_job.py:273} INFO - 0 downstream tasks scheduled from follow-on schedule check
