[2024-09-16 00:03:00,633] {taskinstance.py:1159} INFO - Dependencies all met for <TaskInstance: BRONZER_GET_STONCKS.BRONZE_STONCKS_AAPL scheduled__2024-01-02T00:00:00+00:00 [queued]>
[2024-09-16 00:03:00,738] {taskinstance.py:1159} INFO - Dependencies all met for <TaskInstance: BRONZER_GET_STONCKS.BRONZE_STONCKS_AAPL scheduled__2024-01-02T00:00:00+00:00 [queued]>
[2024-09-16 00:03:00,738] {taskinstance.py:1356} INFO - 
--------------------------------------------------------------------------------
[2024-09-16 00:03:00,738] {taskinstance.py:1357} INFO - Starting attempt 1 of 1
[2024-09-16 00:03:00,738] {taskinstance.py:1358} INFO - 
--------------------------------------------------------------------------------
[2024-09-16 00:03:00,835] {taskinstance.py:1377} INFO - Executing <Task(_PythonDecoratedOperator): BRONZE_STONCKS_AAPL> on 2024-01-02 00:00:00+00:00
[2024-09-16 00:03:00,857] {standard_task_runner.py:52} INFO - Started process 18326 to run task
[2024-09-16 00:03:00,869] {standard_task_runner.py:79} INFO - Running: ['airflow', 'tasks', 'run', 'BRONZER_GET_STONCKS', 'BRONZE_STONCKS_AAPL', 'scheduled__2024-01-02T00:00:00+00:00', '--job-id', '22', '--raw', '--subdir', 'DAGS_FOLDER/get_stocks.py', '--cfg-path', '/tmp/tmplj5h9ek3', '--error-file', '/tmp/tmpqrd6t31r']
[2024-09-16 00:03:00,873] {standard_task_runner.py:80} INFO - Job 22: Subtask BRONZE_STONCKS_AAPL
[2024-09-16 00:03:01,277] {task_command.py:370} INFO - Running <TaskInstance: BRONZER_GET_STONCKS.BRONZE_STONCKS_AAPL scheduled__2024-01-02T00:00:00+00:00 [running]> on host kaiwang.
[2024-09-16 00:03:01,745] {taskinstance.py:1569} INFO - Exporting the following env vars:
AIRFLOW_CTX_DAG_OWNER=airflow
AIRFLOW_CTX_DAG_ID=BRONZER_GET_STONCKS
AIRFLOW_CTX_TASK_ID=BRONZE_STONCKS_AAPL
AIRFLOW_CTX_EXECUTION_DATE=2024-01-02T00:00:00+00:00
AIRFLOW_CTX_TRY_NUMBER=1
AIRFLOW_CTX_DAG_RUN_ID=scheduled__2024-01-02T00:00:00+00:00
[2024-09-16 00:03:02,382] {history.py:244} ERROR - $AAPL: possibly delisted; no price data found  (1h 2023-12-30 -> 2024-01-02)
[2024-09-16 00:03:02,386] {python.py:173} INFO - Done. Returned value was: None
[2024-09-16 00:03:02,489] {taskinstance.py:1395} INFO - Marking task as SUCCESS. dag_id=BRONZER_GET_STONCKS, task_id=BRONZE_STONCKS_AAPL, execution_date=20240102T000000, start_date=20240916T030300, end_date=20240916T030302
[2024-09-16 00:03:02,552] {local_task_job.py:156} INFO - Task exited with return code 0
[2024-09-16 00:03:02,664] {local_task_job.py:273} INFO - 0 downstream tasks scheduled from follow-on schedule check
[2024-09-16 00:12:43,852] {taskinstance.py:1159} INFO - Dependencies all met for <TaskInstance: BRONZER_GET_STONCKS.BRONZE_STONCKS_AAPL scheduled__2024-01-02T00:00:00+00:00 [queued]>
[2024-09-16 00:12:43,885] {taskinstance.py:1159} INFO - Dependencies all met for <TaskInstance: BRONZER_GET_STONCKS.BRONZE_STONCKS_AAPL scheduled__2024-01-02T00:00:00+00:00 [queued]>
[2024-09-16 00:12:43,885] {taskinstance.py:1356} INFO - 
--------------------------------------------------------------------------------
[2024-09-16 00:12:43,885] {taskinstance.py:1357} INFO - Starting attempt 1 of 1
[2024-09-16 00:12:43,885] {taskinstance.py:1358} INFO - 
--------------------------------------------------------------------------------
[2024-09-16 00:12:43,934] {taskinstance.py:1377} INFO - Executing <Task(_PythonDecoratedOperator): BRONZE_STONCKS_AAPL> on 2024-01-02 00:00:00+00:00
[2024-09-16 00:12:43,939] {standard_task_runner.py:52} INFO - Started process 43836 to run task
[2024-09-16 00:12:43,959] {standard_task_runner.py:79} INFO - Running: ['airflow', 'tasks', 'run', 'BRONZER_GET_STONCKS', 'BRONZE_STONCKS_AAPL', 'scheduled__2024-01-02T00:00:00+00:00', '--job-id', '1491', '--raw', '--subdir', 'DAGS_FOLDER/get_stocks.py', '--cfg-path', '/tmp/tmpsmo4o8pc', '--error-file', '/tmp/tmppyej81dv']
[2024-09-16 00:12:43,960] {standard_task_runner.py:80} INFO - Job 1491: Subtask BRONZE_STONCKS_AAPL
[2024-09-16 00:12:44,119] {task_command.py:370} INFO - Running <TaskInstance: BRONZER_GET_STONCKS.BRONZE_STONCKS_AAPL scheduled__2024-01-02T00:00:00+00:00 [running]> on host kaiwang.
[2024-09-16 00:12:44,353] {taskinstance.py:1569} INFO - Exporting the following env vars:
AIRFLOW_CTX_DAG_OWNER=airflow
AIRFLOW_CTX_DAG_ID=BRONZER_GET_STONCKS
AIRFLOW_CTX_TASK_ID=BRONZE_STONCKS_AAPL
AIRFLOW_CTX_EXECUTION_DATE=2024-01-02T00:00:00+00:00
AIRFLOW_CTX_TRY_NUMBER=1
AIRFLOW_CTX_DAG_RUN_ID=scheduled__2024-01-02T00:00:00+00:00
[2024-09-16 00:12:44,902] {history.py:244} ERROR - $AAPL: possibly delisted; no price data found  (1h 2023-12-30 -> 2024-01-02)
[2024-09-16 00:12:44,906] {python.py:173} INFO - Done. Returned value was: None
[2024-09-16 00:12:45,203] {taskinstance.py:1395} INFO - Marking task as SUCCESS. dag_id=BRONZER_GET_STONCKS, task_id=BRONZE_STONCKS_AAPL, execution_date=20240102T000000, start_date=20240916T031243, end_date=20240916T031245
[2024-09-16 00:12:45,272] {local_task_job.py:156} INFO - Task exited with return code 0
[2024-09-16 00:12:45,462] {local_task_job.py:273} INFO - 0 downstream tasks scheduled from follow-on schedule check
[2024-09-16 00:14:20,053] {taskinstance.py:1159} INFO - Dependencies all met for <TaskInstance: BRONZER_GET_STONCKS.BRONZE_STONCKS_AAPL scheduled__2024-01-02T00:00:00+00:00 [queued]>
[2024-09-16 00:14:20,096] {taskinstance.py:1159} INFO - Dependencies all met for <TaskInstance: BRONZER_GET_STONCKS.BRONZE_STONCKS_AAPL scheduled__2024-01-02T00:00:00+00:00 [queued]>
[2024-09-16 00:14:20,096] {taskinstance.py:1356} INFO - 
--------------------------------------------------------------------------------
[2024-09-16 00:14:20,096] {taskinstance.py:1357} INFO - Starting attempt 1 of 1
[2024-09-16 00:14:20,096] {taskinstance.py:1358} INFO - 
--------------------------------------------------------------------------------
[2024-09-16 00:14:20,165] {taskinstance.py:1377} INFO - Executing <Task(_PythonDecoratedOperator): BRONZE_STONCKS_AAPL> on 2024-01-02 00:00:00+00:00
[2024-09-16 00:14:20,181] {standard_task_runner.py:52} INFO - Started process 49330 to run task
[2024-09-16 00:14:20,214] {standard_task_runner.py:79} INFO - Running: ['airflow', 'tasks', 'run', 'BRONZER_GET_STONCKS', 'BRONZE_STONCKS_AAPL', 'scheduled__2024-01-02T00:00:00+00:00', '--job-id', '1803', '--raw', '--subdir', 'DAGS_FOLDER/get_stocks.py', '--cfg-path', '/tmp/tmp71rrsnfl', '--error-file', '/tmp/tmpyzvcojh9']
[2024-09-16 00:14:20,216] {standard_task_runner.py:80} INFO - Job 1803: Subtask BRONZE_STONCKS_AAPL
[2024-09-16 00:14:20,471] {task_command.py:370} INFO - Running <TaskInstance: BRONZER_GET_STONCKS.BRONZE_STONCKS_AAPL scheduled__2024-01-02T00:00:00+00:00 [running]> on host kaiwang.
[2024-09-16 00:14:20,737] {taskinstance.py:1569} INFO - Exporting the following env vars:
AIRFLOW_CTX_DAG_OWNER=airflow
AIRFLOW_CTX_DAG_ID=BRONZER_GET_STONCKS
AIRFLOW_CTX_TASK_ID=BRONZE_STONCKS_AAPL
AIRFLOW_CTX_EXECUTION_DATE=2024-01-02T00:00:00+00:00
AIRFLOW_CTX_TRY_NUMBER=1
AIRFLOW_CTX_DAG_RUN_ID=scheduled__2024-01-02T00:00:00+00:00
[2024-09-16 00:14:21,381] {history.py:244} ERROR - $AAPL: possibly delisted; no price data found  (1h 2023-12-30 -> 2024-01-02)
[2024-09-16 00:14:21,385] {python.py:173} INFO - Done. Returned value was: None
[2024-09-16 00:14:21,408] {taskinstance.py:1395} INFO - Marking task as SUCCESS. dag_id=BRONZER_GET_STONCKS, task_id=BRONZE_STONCKS_AAPL, execution_date=20240102T000000, start_date=20240916T031420, end_date=20240916T031421
[2024-09-16 00:14:21,434] {local_task_job.py:156} INFO - Task exited with return code 0
[2024-09-16 00:14:21,475] {local_task_job.py:273} INFO - 0 downstream tasks scheduled from follow-on schedule check
