[2024-09-16 00:03:28,291] {taskinstance.py:1159} INFO - Dependencies all met for <TaskInstance: BRONZER_GET_CRIPTOS.BRONZE_CRIPTO_DOGE scheduled__2024-01-23T00:00:00+00:00 [queued]>
[2024-09-16 00:03:28,306] {taskinstance.py:1159} INFO - Dependencies all met for <TaskInstance: BRONZER_GET_CRIPTOS.BRONZE_CRIPTO_DOGE scheduled__2024-01-23T00:00:00+00:00 [queued]>
[2024-09-16 00:03:28,306] {taskinstance.py:1356} INFO - 
--------------------------------------------------------------------------------
[2024-09-16 00:03:28,306] {taskinstance.py:1357} INFO - Starting attempt 1 of 1
[2024-09-16 00:03:28,307] {taskinstance.py:1358} INFO - 
--------------------------------------------------------------------------------
[2024-09-16 00:03:28,366] {taskinstance.py:1377} INFO - Executing <Task(_PythonDecoratedOperator): BRONZE_CRIPTO_DOGE> on 2024-01-23 00:00:00+00:00
[2024-09-16 00:03:28,371] {standard_task_runner.py:52} INFO - Started process 20114 to run task
[2024-09-16 00:03:28,387] {standard_task_runner.py:79} INFO - Running: ['airflow', 'tasks', 'run', 'BRONZER_GET_CRIPTOS', 'BRONZE_CRIPTO_DOGE', 'scheduled__2024-01-23T00:00:00+00:00', '--job-id', '125', '--raw', '--subdir', 'DAGS_FOLDER/get_cripto.py', '--cfg-path', '/tmp/tmpgj3f0gei', '--error-file', '/tmp/tmp7eu75jh2']
[2024-09-16 00:03:28,388] {standard_task_runner.py:80} INFO - Job 125: Subtask BRONZE_CRIPTO_DOGE
[2024-09-16 00:03:28,559] {task_command.py:370} INFO - Running <TaskInstance: BRONZER_GET_CRIPTOS.BRONZE_CRIPTO_DOGE scheduled__2024-01-23T00:00:00+00:00 [running]> on host kaiwang.
[2024-09-16 00:03:28,824] {taskinstance.py:1569} INFO - Exporting the following env vars:
AIRFLOW_CTX_DAG_OWNER=airflow
AIRFLOW_CTX_DAG_ID=BRONZER_GET_CRIPTOS
AIRFLOW_CTX_TASK_ID=BRONZE_CRIPTO_DOGE
AIRFLOW_CTX_EXECUTION_DATE=2024-01-23T00:00:00+00:00
AIRFLOW_CTX_TRY_NUMBER=1
AIRFLOW_CTX_DAG_RUN_ID=scheduled__2024-01-23T00:00:00+00:00
[2024-09-16 00:03:32,427] {history.py:122} ERROR - $DOGE: possibly delisted; no timezone found
[2024-09-16 00:03:32,435] {python.py:173} INFO - Done. Returned value was: None
[2024-09-16 00:03:32,477] {taskinstance.py:1395} INFO - Marking task as SUCCESS. dag_id=BRONZER_GET_CRIPTOS, task_id=BRONZE_CRIPTO_DOGE, execution_date=20240123T000000, start_date=20240916T030328, end_date=20240916T030332
[2024-09-16 00:03:32,567] {local_task_job.py:156} INFO - Task exited with return code 0
[2024-09-16 00:03:32,930] {local_task_job.py:273} INFO - 0 downstream tasks scheduled from follow-on schedule check
[2024-09-16 00:13:07,884] {taskinstance.py:1159} INFO - Dependencies all met for <TaskInstance: BRONZER_GET_CRIPTOS.BRONZE_CRIPTO_DOGE scheduled__2024-01-23T00:00:00+00:00 [queued]>
[2024-09-16 00:13:07,907] {taskinstance.py:1159} INFO - Dependencies all met for <TaskInstance: BRONZER_GET_CRIPTOS.BRONZE_CRIPTO_DOGE scheduled__2024-01-23T00:00:00+00:00 [queued]>
[2024-09-16 00:13:07,907] {taskinstance.py:1356} INFO - 
--------------------------------------------------------------------------------
[2024-09-16 00:13:07,907] {taskinstance.py:1357} INFO - Starting attempt 1 of 1
[2024-09-16 00:13:07,907] {taskinstance.py:1358} INFO - 
--------------------------------------------------------------------------------
[2024-09-16 00:13:07,933] {taskinstance.py:1377} INFO - Executing <Task(_PythonDecoratedOperator): BRONZE_CRIPTO_DOGE> on 2024-01-23 00:00:00+00:00
[2024-09-16 00:13:07,942] {standard_task_runner.py:52} INFO - Started process 45655 to run task
[2024-09-16 00:13:07,956] {standard_task_runner.py:79} INFO - Running: ['airflow', 'tasks', 'run', 'BRONZER_GET_CRIPTOS', 'BRONZE_CRIPTO_DOGE', 'scheduled__2024-01-23T00:00:00+00:00', '--job-id', '1596', '--raw', '--subdir', 'DAGS_FOLDER/get_cripto.py', '--cfg-path', '/tmp/tmp202u_s27', '--error-file', '/tmp/tmpsuyaia36']
[2024-09-16 00:13:07,964] {standard_task_runner.py:80} INFO - Job 1596: Subtask BRONZE_CRIPTO_DOGE
[2024-09-16 00:13:08,206] {task_command.py:370} INFO - Running <TaskInstance: BRONZER_GET_CRIPTOS.BRONZE_CRIPTO_DOGE scheduled__2024-01-23T00:00:00+00:00 [running]> on host kaiwang.
[2024-09-16 00:13:08,569] {taskinstance.py:1569} INFO - Exporting the following env vars:
AIRFLOW_CTX_DAG_OWNER=airflow
AIRFLOW_CTX_DAG_ID=BRONZER_GET_CRIPTOS
AIRFLOW_CTX_TASK_ID=BRONZE_CRIPTO_DOGE
AIRFLOW_CTX_EXECUTION_DATE=2024-01-23T00:00:00+00:00
AIRFLOW_CTX_TRY_NUMBER=1
AIRFLOW_CTX_DAG_RUN_ID=scheduled__2024-01-23T00:00:00+00:00
[2024-09-16 00:13:12,325] {history.py:122} ERROR - $DOGE: possibly delisted; no timezone found
[2024-09-16 00:13:12,329] {python.py:173} INFO - Done. Returned value was: None
[2024-09-16 00:13:12,522] {taskinstance.py:1395} INFO - Marking task as SUCCESS. dag_id=BRONZER_GET_CRIPTOS, task_id=BRONZE_CRIPTO_DOGE, execution_date=20240123T000000, start_date=20240916T031307, end_date=20240916T031312
[2024-09-16 00:13:12,603] {local_task_job.py:156} INFO - Task exited with return code 0
[2024-09-16 00:13:12,758] {local_task_job.py:273} INFO - 0 downstream tasks scheduled from follow-on schedule check
[2024-09-16 00:14:43,983] {taskinstance.py:1159} INFO - Dependencies all met for <TaskInstance: BRONZER_GET_CRIPTOS.BRONZE_CRIPTO_DOGE scheduled__2024-01-23T00:00:00+00:00 [queued]>
[2024-09-16 00:14:44,039] {taskinstance.py:1159} INFO - Dependencies all met for <TaskInstance: BRONZER_GET_CRIPTOS.BRONZE_CRIPTO_DOGE scheduled__2024-01-23T00:00:00+00:00 [queued]>
[2024-09-16 00:14:44,040] {taskinstance.py:1356} INFO - 
--------------------------------------------------------------------------------
[2024-09-16 00:14:44,040] {taskinstance.py:1357} INFO - Starting attempt 1 of 1
[2024-09-16 00:14:44,040] {taskinstance.py:1358} INFO - 
--------------------------------------------------------------------------------
[2024-09-16 00:14:44,127] {taskinstance.py:1377} INFO - Executing <Task(_PythonDecoratedOperator): BRONZE_CRIPTO_DOGE> on 2024-01-23 00:00:00+00:00
[2024-09-16 00:14:44,139] {standard_task_runner.py:52} INFO - Started process 51174 to run task
[2024-09-16 00:14:44,162] {standard_task_runner.py:79} INFO - Running: ['airflow', 'tasks', 'run', 'BRONZER_GET_CRIPTOS', 'BRONZE_CRIPTO_DOGE', 'scheduled__2024-01-23T00:00:00+00:00', '--job-id', '1911', '--raw', '--subdir', 'DAGS_FOLDER/get_cripto.py', '--cfg-path', '/tmp/tmp8tc0x8wb', '--error-file', '/tmp/tmp2irqjyn8']
[2024-09-16 00:14:44,163] {standard_task_runner.py:80} INFO - Job 1911: Subtask BRONZE_CRIPTO_DOGE
[2024-09-16 00:14:44,436] {task_command.py:370} INFO - Running <TaskInstance: BRONZER_GET_CRIPTOS.BRONZE_CRIPTO_DOGE scheduled__2024-01-23T00:00:00+00:00 [running]> on host kaiwang.
[2024-09-16 00:14:44,692] {taskinstance.py:1569} INFO - Exporting the following env vars:
AIRFLOW_CTX_DAG_OWNER=airflow
AIRFLOW_CTX_DAG_ID=BRONZER_GET_CRIPTOS
AIRFLOW_CTX_TASK_ID=BRONZE_CRIPTO_DOGE
AIRFLOW_CTX_EXECUTION_DATE=2024-01-23T00:00:00+00:00
AIRFLOW_CTX_TRY_NUMBER=1
AIRFLOW_CTX_DAG_RUN_ID=scheduled__2024-01-23T00:00:00+00:00
[2024-09-16 00:14:47,981] {history.py:122} ERROR - $DOGE: possibly delisted; no timezone found
[2024-09-16 00:14:47,986] {python.py:173} INFO - Done. Returned value was: None
[2024-09-16 00:14:48,090] {taskinstance.py:1395} INFO - Marking task as SUCCESS. dag_id=BRONZER_GET_CRIPTOS, task_id=BRONZE_CRIPTO_DOGE, execution_date=20240123T000000, start_date=20240916T031443, end_date=20240916T031448
[2024-09-16 00:14:48,169] {local_task_job.py:156} INFO - Task exited with return code 0
[2024-09-16 00:14:48,416] {local_task_job.py:273} INFO - 0 downstream tasks scheduled from follow-on schedule check
