[2024-09-15 23:29:52,858] {taskinstance.py:1159} INFO - Dependencies all met for <TaskInstance: BRONZER_GET_STONCKS.BRONZE_TSLA scheduled__2024-01-31T00:00:00+00:00 [queued]>
[2024-09-15 23:29:52,862] {taskinstance.py:1159} INFO - Dependencies all met for <TaskInstance: BRONZER_GET_STONCKS.BRONZE_TSLA scheduled__2024-01-31T00:00:00+00:00 [queued]>
[2024-09-15 23:29:52,862] {taskinstance.py:1356} INFO - 
--------------------------------------------------------------------------------
[2024-09-15 23:29:52,862] {taskinstance.py:1357} INFO - Starting attempt 1 of 1
[2024-09-15 23:29:52,862] {taskinstance.py:1358} INFO - 
--------------------------------------------------------------------------------
[2024-09-15 23:29:52,874] {taskinstance.py:1377} INFO - Executing <Task(_PythonDecoratedOperator): BRONZE_TSLA> on 2024-01-31 00:00:00+00:00
[2024-09-15 23:29:52,876] {standard_task_runner.py:52} INFO - Started process 14610 to run task
[2024-09-15 23:29:52,878] {standard_task_runner.py:79} INFO - Running: ['airflow', 'tasks', 'run', 'BRONZER_GET_STONCKS', 'BRONZE_TSLA', 'scheduled__2024-01-31T00:00:00+00:00', '--job-id', '147', '--raw', '--subdir', 'DAGS_FOLDER/get_stocks.py', '--cfg-path', '/tmp/tmpabwiqlcc', '--error-file', '/tmp/tmp9xt4d8p3']
[2024-09-15 23:29:52,879] {standard_task_runner.py:80} INFO - Job 147: Subtask BRONZE_TSLA
[2024-09-15 23:29:52,907] {task_command.py:370} INFO - Running <TaskInstance: BRONZER_GET_STONCKS.BRONZE_TSLA scheduled__2024-01-31T00:00:00+00:00 [running]> on host kaiwang.
[2024-09-15 23:29:52,945] {taskinstance.py:1569} INFO - Exporting the following env vars:
AIRFLOW_CTX_DAG_OWNER=airflow
AIRFLOW_CTX_DAG_ID=BRONZER_GET_STONCKS
AIRFLOW_CTX_TASK_ID=BRONZE_TSLA
AIRFLOW_CTX_EXECUTION_DATE=2024-01-31T00:00:00+00:00
AIRFLOW_CTX_TRY_NUMBER=1
AIRFLOW_CTX_DAG_RUN_ID=scheduled__2024-01-31T00:00:00+00:00
[2024-09-15 23:29:55,485] {history.py:244} ERROR - $TSLA: possibly delisted; no price data found  (1h 2024-01-28 -> 2024-01-03) (Yahoo error = "Invalid input - start date cannot be after end date. startDate = 1706418000, endDate = 1704258000")
[2024-09-15 23:29:55,492] {python.py:173} INFO - Done. Returned value was: None
[2024-09-15 23:29:55,501] {taskinstance.py:1395} INFO - Marking task as SUCCESS. dag_id=BRONZER_GET_STONCKS, task_id=BRONZE_TSLA, execution_date=20240131T000000, start_date=20240916T022952, end_date=20240916T022955
[2024-09-15 23:29:55,550] {local_task_job.py:156} INFO - Task exited with return code 0
[2024-09-15 23:29:55,564] {local_task_job.py:273} INFO - 0 downstream tasks scheduled from follow-on schedule check
