[2024-09-16 00:04:38,819] {taskinstance.py:1159} INFO - Dependencies all met for <TaskInstance: BRONZER_GET_STONCKS.BRONZE_STONCKS_AAPL scheduled__2024-03-21T00:00:00+00:00 [queued]>
[2024-09-16 00:04:38,836] {taskinstance.py:1159} INFO - Dependencies all met for <TaskInstance: BRONZER_GET_STONCKS.BRONZE_STONCKS_AAPL scheduled__2024-03-21T00:00:00+00:00 [queued]>
[2024-09-16 00:04:38,836] {taskinstance.py:1356} INFO - 
--------------------------------------------------------------------------------
[2024-09-16 00:04:38,836] {taskinstance.py:1357} INFO - Starting attempt 1 of 1
[2024-09-16 00:04:38,836] {taskinstance.py:1358} INFO - 
--------------------------------------------------------------------------------
[2024-09-16 00:04:38,881] {taskinstance.py:1377} INFO - Executing <Task(_PythonDecoratedOperator): BRONZE_STONCKS_AAPL> on 2024-03-21 00:00:00+00:00
[2024-09-16 00:04:38,886] {standard_task_runner.py:52} INFO - Started process 25664 to run task
[2024-09-16 00:04:38,893] {standard_task_runner.py:79} INFO - Running: ['airflow', 'tasks', 'run', 'BRONZER_GET_STONCKS', 'BRONZE_STONCKS_AAPL', 'scheduled__2024-03-21T00:00:00+00:00', '--job-id', '448', '--raw', '--subdir', 'DAGS_FOLDER/get_stocks.py', '--cfg-path', '/tmp/tmplag787de', '--error-file', '/tmp/tmpio7dthq1']
[2024-09-16 00:04:38,895] {standard_task_runner.py:80} INFO - Job 448: Subtask BRONZE_STONCKS_AAPL
[2024-09-16 00:04:39,054] {task_command.py:370} INFO - Running <TaskInstance: BRONZER_GET_STONCKS.BRONZE_STONCKS_AAPL scheduled__2024-03-21T00:00:00+00:00 [running]> on host kaiwang.
[2024-09-16 00:04:39,243] {taskinstance.py:1569} INFO - Exporting the following env vars:
AIRFLOW_CTX_DAG_OWNER=airflow
AIRFLOW_CTX_DAG_ID=BRONZER_GET_STONCKS
AIRFLOW_CTX_TASK_ID=BRONZE_STONCKS_AAPL
AIRFLOW_CTX_EXECUTION_DATE=2024-03-21T00:00:00+00:00
AIRFLOW_CTX_TRY_NUMBER=1
AIRFLOW_CTX_DAG_RUN_ID=scheduled__2024-03-21T00:00:00+00:00
[2024-09-16 00:04:40,059] {python.py:173} INFO - Done. Returned value was: None
[2024-09-16 00:04:40,079] {taskinstance.py:1395} INFO - Marking task as SUCCESS. dag_id=BRONZER_GET_STONCKS, task_id=BRONZE_STONCKS_AAPL, execution_date=20240321T000000, start_date=20240916T030438, end_date=20240916T030440
[2024-09-16 00:04:40,122] {local_task_job.py:156} INFO - Task exited with return code 0
[2024-09-16 00:04:40,161] {local_task_job.py:273} INFO - 0 downstream tasks scheduled from follow-on schedule check
[2024-09-16 00:15:48,484] {taskinstance.py:1159} INFO - Dependencies all met for <TaskInstance: BRONZER_GET_STONCKS.BRONZE_STONCKS_AAPL scheduled__2024-03-21T00:00:00+00:00 [queued]>
[2024-09-16 00:15:48,525] {taskinstance.py:1159} INFO - Dependencies all met for <TaskInstance: BRONZER_GET_STONCKS.BRONZE_STONCKS_AAPL scheduled__2024-03-21T00:00:00+00:00 [queued]>
[2024-09-16 00:15:48,526] {taskinstance.py:1356} INFO - 
--------------------------------------------------------------------------------
[2024-09-16 00:15:48,526] {taskinstance.py:1357} INFO - Starting attempt 1 of 1
[2024-09-16 00:15:48,526] {taskinstance.py:1358} INFO - 
--------------------------------------------------------------------------------
[2024-09-16 00:15:48,593] {taskinstance.py:1377} INFO - Executing <Task(_PythonDecoratedOperator): BRONZE_STONCKS_AAPL> on 2024-03-21 00:00:00+00:00
[2024-09-16 00:15:48,630] {standard_task_runner.py:79} INFO - Running: ['airflow', 'tasks', 'run', 'BRONZER_GET_STONCKS', 'BRONZE_STONCKS_AAPL', 'scheduled__2024-03-21T00:00:00+00:00', '--job-id', '2219', '--raw', '--subdir', 'DAGS_FOLDER/get_stocks.py', '--cfg-path', '/tmp/tmpz7vaj9qa', '--error-file', '/tmp/tmpbg1gb927']
[2024-09-16 00:15:48,642] {standard_task_runner.py:80} INFO - Job 2219: Subtask BRONZE_STONCKS_AAPL
[2024-09-16 00:15:48,601] {standard_task_runner.py:52} INFO - Started process 56503 to run task
[2024-09-16 00:15:48,915] {task_command.py:370} INFO - Running <TaskInstance: BRONZER_GET_STONCKS.BRONZE_STONCKS_AAPL scheduled__2024-03-21T00:00:00+00:00 [running]> on host kaiwang.
[2024-09-16 00:15:49,355] {taskinstance.py:1569} INFO - Exporting the following env vars:
AIRFLOW_CTX_DAG_OWNER=airflow
AIRFLOW_CTX_DAG_ID=BRONZER_GET_STONCKS
AIRFLOW_CTX_TASK_ID=BRONZE_STONCKS_AAPL
AIRFLOW_CTX_EXECUTION_DATE=2024-03-21T00:00:00+00:00
AIRFLOW_CTX_TRY_NUMBER=1
AIRFLOW_CTX_DAG_RUN_ID=scheduled__2024-03-21T00:00:00+00:00
[2024-09-16 00:15:50,168] {python.py:173} INFO - Done. Returned value was: None
[2024-09-16 00:15:50,401] {taskinstance.py:1395} INFO - Marking task as SUCCESS. dag_id=BRONZER_GET_STONCKS, task_id=BRONZE_STONCKS_AAPL, execution_date=20240321T000000, start_date=20240916T031548, end_date=20240916T031550
[2024-09-16 00:15:50,509] {local_task_job.py:156} INFO - Task exited with return code 0
[2024-09-16 00:15:50,656] {local_task_job.py:273} INFO - 0 downstream tasks scheduled from follow-on schedule check
