[2024-09-16 00:08:13,735] {taskinstance.py:1159} INFO - Dependencies all met for <TaskInstance: BRONZER_GET_CRIPTOS.BRONZE_CRIPTO_BTC scheduled__2024-08-28T00:00:00+00:00 [queued]>
[2024-09-16 00:08:13,753] {taskinstance.py:1159} INFO - Dependencies all met for <TaskInstance: BRONZER_GET_CRIPTOS.BRONZE_CRIPTO_BTC scheduled__2024-08-28T00:00:00+00:00 [queued]>
[2024-09-16 00:08:13,754] {taskinstance.py:1356} INFO - 
--------------------------------------------------------------------------------
[2024-09-16 00:08:13,754] {taskinstance.py:1357} INFO - Starting attempt 1 of 1
[2024-09-16 00:08:13,754] {taskinstance.py:1358} INFO - 
--------------------------------------------------------------------------------
[2024-09-16 00:08:13,781] {taskinstance.py:1377} INFO - Executing <Task(_PythonDecoratedOperator): BRONZE_CRIPTO_BTC> on 2024-08-28 00:00:00+00:00
[2024-09-16 00:08:13,786] {standard_task_runner.py:52} INFO - Started process 42462 to run task
[2024-09-16 00:08:13,791] {standard_task_runner.py:79} INFO - Running: ['airflow', 'tasks', 'run', 'BRONZER_GET_CRIPTOS', 'BRONZE_CRIPTO_BTC', 'scheduled__2024-08-28T00:00:00+00:00', '--job-id', '1426', '--raw', '--subdir', 'DAGS_FOLDER/get_cripto.py', '--cfg-path', '/tmp/tmpcyvnfp6i', '--error-file', '/tmp/tmptbrm88ev']
[2024-09-16 00:08:13,792] {standard_task_runner.py:80} INFO - Job 1426: Subtask BRONZE_CRIPTO_BTC
[2024-09-16 00:08:13,902] {task_command.py:370} INFO - Running <TaskInstance: BRONZER_GET_CRIPTOS.BRONZE_CRIPTO_BTC scheduled__2024-08-28T00:00:00+00:00 [running]> on host kaiwang.
[2024-09-16 00:08:13,992] {taskinstance.py:1569} INFO - Exporting the following env vars:
AIRFLOW_CTX_DAG_OWNER=airflow
AIRFLOW_CTX_DAG_ID=BRONZER_GET_CRIPTOS
AIRFLOW_CTX_TASK_ID=BRONZE_CRIPTO_BTC
AIRFLOW_CTX_EXECUTION_DATE=2024-08-28T00:00:00+00:00
AIRFLOW_CTX_TRY_NUMBER=1
AIRFLOW_CTX_DAG_RUN_ID=scheduled__2024-08-28T00:00:00+00:00
[2024-09-16 00:08:14,577] {python.py:173} INFO - Done. Returned value was: None
[2024-09-16 00:08:14,592] {taskinstance.py:1395} INFO - Marking task as SUCCESS. dag_id=BRONZER_GET_CRIPTOS, task_id=BRONZE_CRIPTO_BTC, execution_date=20240828T000000, start_date=20240916T030813, end_date=20240916T030814
[2024-09-16 00:08:14,610] {local_task_job.py:156} INFO - Task exited with return code 0
[2024-09-16 00:08:14,653] {local_task_job.py:273} INFO - 0 downstream tasks scheduled from follow-on schedule check
[2024-09-16 13:56:30,374] {taskinstance.py:1159} INFO - Dependencies all met for <TaskInstance: BRONZER_GET_CRIPTOS.BRONZE_CRIPTO_BTC scheduled__2024-08-28T00:00:00+00:00 [queued]>
[2024-09-16 13:56:30,397] {taskinstance.py:1159} INFO - Dependencies all met for <TaskInstance: BRONZER_GET_CRIPTOS.BRONZE_CRIPTO_BTC scheduled__2024-08-28T00:00:00+00:00 [queued]>
[2024-09-16 13:56:30,399] {taskinstance.py:1356} INFO - 
--------------------------------------------------------------------------------
[2024-09-16 13:56:30,399] {taskinstance.py:1357} INFO - Starting attempt 1 of 1
[2024-09-16 13:56:30,399] {taskinstance.py:1358} INFO - 
--------------------------------------------------------------------------------
[2024-09-16 13:56:30,428] {taskinstance.py:1377} INFO - Executing <Task(_PythonDecoratedOperator): BRONZE_CRIPTO_BTC> on 2024-08-28 00:00:00+00:00
[2024-09-16 13:56:30,435] {standard_task_runner.py:52} INFO - Started process 139316 to run task
[2024-09-16 13:56:30,453] {standard_task_runner.py:79} INFO - Running: ['airflow', 'tasks', 'run', 'BRONZER_GET_CRIPTOS', 'BRONZE_CRIPTO_BTC', 'scheduled__2024-08-28T00:00:00+00:00', '--job-id', '2595', '--raw', '--subdir', 'DAGS_FOLDER/get_cripto.py', '--cfg-path', '/tmp/tmp5fk98cih', '--error-file', '/tmp/tmpzigsa2nd']
[2024-09-16 13:56:30,473] {standard_task_runner.py:80} INFO - Job 2595: Subtask BRONZE_CRIPTO_BTC
[2024-09-16 13:56:30,628] {task_command.py:370} INFO - Running <TaskInstance: BRONZER_GET_CRIPTOS.BRONZE_CRIPTO_BTC scheduled__2024-08-28T00:00:00+00:00 [running]> on host kaiwang.
[2024-09-16 13:56:31,065] {taskinstance.py:1569} INFO - Exporting the following env vars:
AIRFLOW_CTX_DAG_OWNER=airflow
AIRFLOW_CTX_DAG_ID=BRONZER_GET_CRIPTOS
AIRFLOW_CTX_TASK_ID=BRONZE_CRIPTO_BTC
AIRFLOW_CTX_EXECUTION_DATE=2024-08-28T00:00:00+00:00
AIRFLOW_CTX_TRY_NUMBER=1
AIRFLOW_CTX_DAG_RUN_ID=scheduled__2024-08-28T00:00:00+00:00
[2024-09-16 13:56:31,630] {python.py:173} INFO - Done. Returned value was: None
[2024-09-16 13:56:31,659] {taskinstance.py:1395} INFO - Marking task as SUCCESS. dag_id=BRONZER_GET_CRIPTOS, task_id=BRONZE_CRIPTO_BTC, execution_date=20240828T000000, start_date=20240916T165630, end_date=20240916T165631
[2024-09-16 13:56:31,739] {local_task_job.py:156} INFO - Task exited with return code 0
[2024-09-16 13:56:31,823] {local_task_job.py:273} INFO - 0 downstream tasks scheduled from follow-on schedule check
