[2024-09-16 00:06:25,821] {taskinstance.py:1159} INFO - Dependencies all met for <TaskInstance: BRONZER_GET_CRIPTOS.BRONZE_CRIPTO_ETH scheduled__2024-05-29T00:00:00+00:00 [queued]>
[2024-09-16 00:06:25,875] {taskinstance.py:1159} INFO - Dependencies all met for <TaskInstance: BRONZER_GET_CRIPTOS.BRONZE_CRIPTO_ETH scheduled__2024-05-29T00:00:00+00:00 [queued]>
[2024-09-16 00:06:25,875] {taskinstance.py:1356} INFO - 
--------------------------------------------------------------------------------
[2024-09-16 00:06:25,875] {taskinstance.py:1357} INFO - Starting attempt 1 of 1
[2024-09-16 00:06:25,875] {taskinstance.py:1358} INFO - 
--------------------------------------------------------------------------------
[2024-09-16 00:06:25,962] {taskinstance.py:1377} INFO - Executing <Task(_PythonDecoratedOperator): BRONZE_CRIPTO_ETH> on 2024-05-29 00:00:00+00:00
[2024-09-16 00:06:25,968] {standard_task_runner.py:52} INFO - Started process 34241 to run task
[2024-09-16 00:06:25,989] {standard_task_runner.py:79} INFO - Running: ['airflow', 'tasks', 'run', 'BRONZER_GET_CRIPTOS', 'BRONZE_CRIPTO_ETH', 'scheduled__2024-05-29T00:00:00+00:00', '--job-id', '941', '--raw', '--subdir', 'DAGS_FOLDER/get_cripto.py', '--cfg-path', '/tmp/tmpeskjl19g', '--error-file', '/tmp/tmpvdzhkf_4']
[2024-09-16 00:06:25,990] {standard_task_runner.py:80} INFO - Job 941: Subtask BRONZE_CRIPTO_ETH
[2024-09-16 00:06:26,396] {task_command.py:370} INFO - Running <TaskInstance: BRONZER_GET_CRIPTOS.BRONZE_CRIPTO_ETH scheduled__2024-05-29T00:00:00+00:00 [running]> on host kaiwang.
[2024-09-16 00:06:26,714] {taskinstance.py:1569} INFO - Exporting the following env vars:
AIRFLOW_CTX_DAG_OWNER=airflow
AIRFLOW_CTX_DAG_ID=BRONZER_GET_CRIPTOS
AIRFLOW_CTX_TASK_ID=BRONZE_CRIPTO_ETH
AIRFLOW_CTX_EXECUTION_DATE=2024-05-29T00:00:00+00:00
AIRFLOW_CTX_TRY_NUMBER=1
AIRFLOW_CTX_DAG_RUN_ID=scheduled__2024-05-29T00:00:00+00:00
[2024-09-16 00:06:29,619] {history.py:244} ERROR - $ETH: possibly delisted; no price data found  (1h 2024-05-26 -> 2024-05-29) (Yahoo error = "Data doesn't exist for startDate = 1716696000, endDate = 1716955200")
[2024-09-16 00:06:29,623] {python.py:173} INFO - Done. Returned value was: None
[2024-09-16 00:06:29,975] {taskinstance.py:1395} INFO - Marking task as SUCCESS. dag_id=BRONZER_GET_CRIPTOS, task_id=BRONZE_CRIPTO_ETH, execution_date=20240529T000000, start_date=20240916T030625, end_date=20240916T030629
[2024-09-16 00:06:30,050] {local_task_job.py:156} INFO - Task exited with return code 0
[2024-09-16 00:06:30,221] {local_task_job.py:273} INFO - 0 downstream tasks scheduled from follow-on schedule check
