[2024-09-16 00:06:07,181] {taskinstance.py:1159} INFO - Dependencies all met for <TaskInstance: BRONZER_GET_CRIPTOS.BRONZE_CRIPTO_BTC scheduled__2024-05-15T00:00:00+00:00 [queued]>
[2024-09-16 00:06:07,208] {taskinstance.py:1159} INFO - Dependencies all met for <TaskInstance: BRONZER_GET_CRIPTOS.BRONZE_CRIPTO_BTC scheduled__2024-05-15T00:00:00+00:00 [queued]>
[2024-09-16 00:06:07,208] {taskinstance.py:1356} INFO - 
--------------------------------------------------------------------------------
[2024-09-16 00:06:07,208] {taskinstance.py:1357} INFO - Starting attempt 1 of 1
[2024-09-16 00:06:07,209] {taskinstance.py:1358} INFO - 
--------------------------------------------------------------------------------
[2024-09-16 00:06:07,275] {taskinstance.py:1377} INFO - Executing <Task(_PythonDecoratedOperator): BRONZE_CRIPTO_BTC> on 2024-05-15 00:00:00+00:00
[2024-09-16 00:06:07,290] {standard_task_runner.py:52} INFO - Started process 32612 to run task
[2024-09-16 00:06:07,306] {standard_task_runner.py:79} INFO - Running: ['airflow', 'tasks', 'run', 'BRONZER_GET_CRIPTOS', 'BRONZE_CRIPTO_BTC', 'scheduled__2024-05-15T00:00:00+00:00', '--job-id', '845', '--raw', '--subdir', 'DAGS_FOLDER/get_cripto.py', '--cfg-path', '/tmp/tmpiir3sat0', '--error-file', '/tmp/tmpkv96g1ha']
[2024-09-16 00:06:07,308] {standard_task_runner.py:80} INFO - Job 845: Subtask BRONZE_CRIPTO_BTC
[2024-09-16 00:06:07,611] {task_command.py:370} INFO - Running <TaskInstance: BRONZER_GET_CRIPTOS.BRONZE_CRIPTO_BTC scheduled__2024-05-15T00:00:00+00:00 [running]> on host kaiwang.
[2024-09-16 00:06:07,952] {taskinstance.py:1569} INFO - Exporting the following env vars:
AIRFLOW_CTX_DAG_OWNER=airflow
AIRFLOW_CTX_DAG_ID=BRONZER_GET_CRIPTOS
AIRFLOW_CTX_TASK_ID=BRONZE_CRIPTO_BTC
AIRFLOW_CTX_EXECUTION_DATE=2024-05-15T00:00:00+00:00
AIRFLOW_CTX_TRY_NUMBER=1
AIRFLOW_CTX_DAG_RUN_ID=scheduled__2024-05-15T00:00:00+00:00
[2024-09-16 00:06:10,730] {history.py:244} ERROR - $BTC: possibly delisted; no price data found  (1h 2024-05-12 -> 2024-05-15) (Yahoo error = "Data doesn't exist for startDate = 1715486400, endDate = 1715745600")
[2024-09-16 00:06:10,737] {python.py:173} INFO - Done. Returned value was: None
[2024-09-16 00:06:10,801] {taskinstance.py:1395} INFO - Marking task as SUCCESS. dag_id=BRONZER_GET_CRIPTOS, task_id=BRONZE_CRIPTO_BTC, execution_date=20240515T000000, start_date=20240916T030607, end_date=20240916T030610
[2024-09-16 00:06:10,889] {local_task_job.py:156} INFO - Task exited with return code 0
[2024-09-16 00:06:11,113] {local_task_job.py:273} INFO - 0 downstream tasks scheduled from follow-on schedule check
