[2024-09-16 00:08:20,106] {taskinstance.py:1159} INFO - Dependencies all met for <TaskInstance: BRONZER_GET_CRIPTOS.BRONZE_CRIPTO_BTC scheduled__2024-09-06T00:00:00+00:00 [queued]>
[2024-09-16 00:08:20,122] {taskinstance.py:1159} INFO - Dependencies all met for <TaskInstance: BRONZER_GET_CRIPTOS.BRONZE_CRIPTO_BTC scheduled__2024-09-06T00:00:00+00:00 [queued]>
[2024-09-16 00:08:20,122] {taskinstance.py:1356} INFO - 
--------------------------------------------------------------------------------
[2024-09-16 00:08:20,122] {taskinstance.py:1357} INFO - Starting attempt 1 of 1
[2024-09-16 00:08:20,122] {taskinstance.py:1358} INFO - 
--------------------------------------------------------------------------------
[2024-09-16 00:08:20,145] {taskinstance.py:1377} INFO - Executing <Task(_PythonDecoratedOperator): BRONZE_CRIPTO_BTC> on 2024-09-06 00:00:00+00:00
[2024-09-16 00:08:20,149] {standard_task_runner.py:52} INFO - Started process 42959 to run task
[2024-09-16 00:08:20,166] {standard_task_runner.py:79} INFO - Running: ['airflow', 'tasks', 'run', 'BRONZER_GET_CRIPTOS', 'BRONZE_CRIPTO_BTC', 'scheduled__2024-09-06T00:00:00+00:00', '--job-id', '1454', '--raw', '--subdir', 'DAGS_FOLDER/get_cripto.py', '--cfg-path', '/tmp/tmpabq7stau', '--error-file', '/tmp/tmpv78r27tq']
[2024-09-16 00:08:20,167] {standard_task_runner.py:80} INFO - Job 1454: Subtask BRONZE_CRIPTO_BTC
[2024-09-16 00:08:20,256] {task_command.py:370} INFO - Running <TaskInstance: BRONZER_GET_CRIPTOS.BRONZE_CRIPTO_BTC scheduled__2024-09-06T00:00:00+00:00 [running]> on host kaiwang.
[2024-09-16 00:08:20,343] {taskinstance.py:1569} INFO - Exporting the following env vars:
AIRFLOW_CTX_DAG_OWNER=airflow
AIRFLOW_CTX_DAG_ID=BRONZER_GET_CRIPTOS
AIRFLOW_CTX_TASK_ID=BRONZE_CRIPTO_BTC
AIRFLOW_CTX_EXECUTION_DATE=2024-09-06T00:00:00+00:00
AIRFLOW_CTX_TRY_NUMBER=1
AIRFLOW_CTX_DAG_RUN_ID=scheduled__2024-09-06T00:00:00+00:00
[2024-09-16 00:08:20,917] {python.py:173} INFO - Done. Returned value was: None
[2024-09-16 00:08:20,932] {taskinstance.py:1395} INFO - Marking task as SUCCESS. dag_id=BRONZER_GET_CRIPTOS, task_id=BRONZE_CRIPTO_BTC, execution_date=20240906T000000, start_date=20240916T030820, end_date=20240916T030820
[2024-09-16 00:08:20,975] {local_task_job.py:156} INFO - Task exited with return code 0
[2024-09-16 00:08:21,019] {local_task_job.py:273} INFO - 0 downstream tasks scheduled from follow-on schedule check
[2024-09-16 13:56:50,416] {taskinstance.py:1159} INFO - Dependencies all met for <TaskInstance: BRONZER_GET_CRIPTOS.BRONZE_CRIPTO_BTC scheduled__2024-09-06T00:00:00+00:00 [queued]>
[2024-09-16 13:56:50,433] {taskinstance.py:1159} INFO - Dependencies all met for <TaskInstance: BRONZER_GET_CRIPTOS.BRONZE_CRIPTO_BTC scheduled__2024-09-06T00:00:00+00:00 [queued]>
[2024-09-16 13:56:50,433] {taskinstance.py:1356} INFO - 
--------------------------------------------------------------------------------
[2024-09-16 13:56:50,433] {taskinstance.py:1357} INFO - Starting attempt 1 of 1
[2024-09-16 13:56:50,433] {taskinstance.py:1358} INFO - 
--------------------------------------------------------------------------------
[2024-09-16 13:56:50,449] {taskinstance.py:1377} INFO - Executing <Task(_PythonDecoratedOperator): BRONZE_CRIPTO_BTC> on 2024-09-06 00:00:00+00:00
[2024-09-16 13:56:50,455] {standard_task_runner.py:52} INFO - Started process 140884 to run task
[2024-09-16 13:56:50,459] {standard_task_runner.py:79} INFO - Running: ['airflow', 'tasks', 'run', 'BRONZER_GET_CRIPTOS', 'BRONZE_CRIPTO_BTC', 'scheduled__2024-09-06T00:00:00+00:00', '--job-id', '2666', '--raw', '--subdir', 'DAGS_FOLDER/get_cripto.py', '--cfg-path', '/tmp/tmpdtak35yj', '--error-file', '/tmp/tmpfmi7zc06']
[2024-09-16 13:56:50,461] {standard_task_runner.py:80} INFO - Job 2666: Subtask BRONZE_CRIPTO_BTC
[2024-09-16 13:56:50,560] {task_command.py:370} INFO - Running <TaskInstance: BRONZER_GET_CRIPTOS.BRONZE_CRIPTO_BTC scheduled__2024-09-06T00:00:00+00:00 [running]> on host kaiwang.
[2024-09-16 13:56:50,866] {taskinstance.py:1569} INFO - Exporting the following env vars:
AIRFLOW_CTX_DAG_OWNER=airflow
AIRFLOW_CTX_DAG_ID=BRONZER_GET_CRIPTOS
AIRFLOW_CTX_TASK_ID=BRONZE_CRIPTO_BTC
AIRFLOW_CTX_EXECUTION_DATE=2024-09-06T00:00:00+00:00
AIRFLOW_CTX_TRY_NUMBER=1
AIRFLOW_CTX_DAG_RUN_ID=scheduled__2024-09-06T00:00:00+00:00
[2024-09-16 13:56:52,213] {python.py:173} INFO - Done. Returned value was: None
[2024-09-16 13:56:52,263] {taskinstance.py:1395} INFO - Marking task as SUCCESS. dag_id=BRONZER_GET_CRIPTOS, task_id=BRONZE_CRIPTO_BTC, execution_date=20240906T000000, start_date=20240916T165650, end_date=20240916T165652
[2024-09-16 13:56:52,307] {local_task_job.py:156} INFO - Task exited with return code 0
[2024-09-16 13:56:52,458] {local_task_job.py:273} INFO - 0 downstream tasks scheduled from follow-on schedule check
