[2024-09-16 00:03:35,234] {taskinstance.py:1159} INFO - Dependencies all met for <TaskInstance: BRONZER_GET_CRIPTOS.BRONZE_CRIPTO_AVAX scheduled__2024-01-27T00:00:00+00:00 [queued]>
[2024-09-16 00:03:35,272] {taskinstance.py:1159} INFO - Dependencies all met for <TaskInstance: BRONZER_GET_CRIPTOS.BRONZE_CRIPTO_AVAX scheduled__2024-01-27T00:00:00+00:00 [queued]>
[2024-09-16 00:03:35,272] {taskinstance.py:1356} INFO - 
--------------------------------------------------------------------------------
[2024-09-16 00:03:35,272] {taskinstance.py:1357} INFO - Starting attempt 1 of 1
[2024-09-16 00:03:35,272] {taskinstance.py:1358} INFO - 
--------------------------------------------------------------------------------
[2024-09-16 00:03:35,308] {taskinstance.py:1377} INFO - Executing <Task(_PythonDecoratedOperator): BRONZE_CRIPTO_AVAX> on 2024-01-27 00:00:00+00:00
[2024-09-16 00:03:35,315] {standard_task_runner.py:52} INFO - Started process 20695 to run task
[2024-09-16 00:03:35,327] {standard_task_runner.py:79} INFO - Running: ['airflow', 'tasks', 'run', 'BRONZER_GET_CRIPTOS', 'BRONZE_CRIPTO_AVAX', 'scheduled__2024-01-27T00:00:00+00:00', '--job-id', '160', '--raw', '--subdir', 'DAGS_FOLDER/get_cripto.py', '--cfg-path', '/tmp/tmpfdf30bc4', '--error-file', '/tmp/tmpfgrr94f_']
[2024-09-16 00:03:35,328] {standard_task_runner.py:80} INFO - Job 160: Subtask BRONZE_CRIPTO_AVAX
[2024-09-16 00:03:35,554] {task_command.py:370} INFO - Running <TaskInstance: BRONZER_GET_CRIPTOS.BRONZE_CRIPTO_AVAX scheduled__2024-01-27T00:00:00+00:00 [running]> on host kaiwang.
[2024-09-16 00:03:35,938] {taskinstance.py:1569} INFO - Exporting the following env vars:
AIRFLOW_CTX_DAG_OWNER=airflow
AIRFLOW_CTX_DAG_ID=BRONZER_GET_CRIPTOS
AIRFLOW_CTX_TASK_ID=BRONZE_CRIPTO_AVAX
AIRFLOW_CTX_EXECUTION_DATE=2024-01-27T00:00:00+00:00
AIRFLOW_CTX_TRY_NUMBER=1
AIRFLOW_CTX_DAG_RUN_ID=scheduled__2024-01-27T00:00:00+00:00
[2024-09-16 00:03:38,711] {history.py:122} ERROR - $AVAX: possibly delisted; no timezone found
[2024-09-16 00:03:38,722] {python.py:173} INFO - Done. Returned value was: None
[2024-09-16 00:03:38,807] {taskinstance.py:1395} INFO - Marking task as SUCCESS. dag_id=BRONZER_GET_CRIPTOS, task_id=BRONZE_CRIPTO_AVAX, execution_date=20240127T000000, start_date=20240916T030335, end_date=20240916T030338
[2024-09-16 00:03:38,884] {local_task_job.py:156} INFO - Task exited with return code 0
[2024-09-16 00:03:39,011] {local_task_job.py:273} INFO - 0 downstream tasks scheduled from follow-on schedule check
[2024-09-16 00:13:16,640] {taskinstance.py:1159} INFO - Dependencies all met for <TaskInstance: BRONZER_GET_CRIPTOS.BRONZE_CRIPTO_AVAX scheduled__2024-01-27T00:00:00+00:00 [queued]>
[2024-09-16 00:13:16,682] {taskinstance.py:1159} INFO - Dependencies all met for <TaskInstance: BRONZER_GET_CRIPTOS.BRONZE_CRIPTO_AVAX scheduled__2024-01-27T00:00:00+00:00 [queued]>
[2024-09-16 00:13:16,683] {taskinstance.py:1356} INFO - 
--------------------------------------------------------------------------------
[2024-09-16 00:13:16,685] {taskinstance.py:1357} INFO - Starting attempt 1 of 1
[2024-09-16 00:13:16,685] {taskinstance.py:1358} INFO - 
--------------------------------------------------------------------------------
[2024-09-16 00:13:16,732] {taskinstance.py:1377} INFO - Executing <Task(_PythonDecoratedOperator): BRONZE_CRIPTO_AVAX> on 2024-01-27 00:00:00+00:00
[2024-09-16 00:13:16,757] {standard_task_runner.py:79} INFO - Running: ['airflow', 'tasks', 'run', 'BRONZER_GET_CRIPTOS', 'BRONZE_CRIPTO_AVAX', 'scheduled__2024-01-27T00:00:00+00:00', '--job-id', '1633', '--raw', '--subdir', 'DAGS_FOLDER/get_cripto.py', '--cfg-path', '/tmp/tmpjyftf_ks', '--error-file', '/tmp/tmpyk8fv_pu']
[2024-09-16 00:13:16,758] {standard_task_runner.py:80} INFO - Job 1633: Subtask BRONZE_CRIPTO_AVAX
[2024-09-16 00:13:16,739] {standard_task_runner.py:52} INFO - Started process 46344 to run task
[2024-09-16 00:13:17,045] {task_command.py:370} INFO - Running <TaskInstance: BRONZER_GET_CRIPTOS.BRONZE_CRIPTO_AVAX scheduled__2024-01-27T00:00:00+00:00 [running]> on host kaiwang.
[2024-09-16 00:13:17,358] {taskinstance.py:1569} INFO - Exporting the following env vars:
AIRFLOW_CTX_DAG_OWNER=airflow
AIRFLOW_CTX_DAG_ID=BRONZER_GET_CRIPTOS
AIRFLOW_CTX_TASK_ID=BRONZE_CRIPTO_AVAX
AIRFLOW_CTX_EXECUTION_DATE=2024-01-27T00:00:00+00:00
AIRFLOW_CTX_TRY_NUMBER=1
AIRFLOW_CTX_DAG_RUN_ID=scheduled__2024-01-27T00:00:00+00:00
[2024-09-16 00:13:20,803] {history.py:122} ERROR - $AVAX: possibly delisted; no timezone found
[2024-09-16 00:13:20,810] {python.py:173} INFO - Done. Returned value was: None
[2024-09-16 00:13:20,898] {taskinstance.py:1395} INFO - Marking task as SUCCESS. dag_id=BRONZER_GET_CRIPTOS, task_id=BRONZE_CRIPTO_AVAX, execution_date=20240127T000000, start_date=20240916T031316, end_date=20240916T031320
[2024-09-16 00:13:20,968] {local_task_job.py:156} INFO - Task exited with return code 0
[2024-09-16 00:13:21,081] {local_task_job.py:273} INFO - 0 downstream tasks scheduled from follow-on schedule check
[2024-09-16 00:14:51,835] {taskinstance.py:1159} INFO - Dependencies all met for <TaskInstance: BRONZER_GET_CRIPTOS.BRONZE_CRIPTO_AVAX scheduled__2024-01-27T00:00:00+00:00 [queued]>
[2024-09-16 00:14:51,893] {taskinstance.py:1159} INFO - Dependencies all met for <TaskInstance: BRONZER_GET_CRIPTOS.BRONZE_CRIPTO_AVAX scheduled__2024-01-27T00:00:00+00:00 [queued]>
[2024-09-16 00:14:51,893] {taskinstance.py:1356} INFO - 
--------------------------------------------------------------------------------
[2024-09-16 00:14:51,893] {taskinstance.py:1357} INFO - Starting attempt 1 of 1
[2024-09-16 00:14:51,894] {taskinstance.py:1358} INFO - 
--------------------------------------------------------------------------------
[2024-09-16 00:14:51,973] {taskinstance.py:1377} INFO - Executing <Task(_PythonDecoratedOperator): BRONZE_CRIPTO_AVAX> on 2024-01-27 00:00:00+00:00
[2024-09-16 00:14:51,979] {standard_task_runner.py:52} INFO - Started process 51858 to run task
[2024-09-16 00:14:51,996] {standard_task_runner.py:79} INFO - Running: ['airflow', 'tasks', 'run', 'BRONZER_GET_CRIPTOS', 'BRONZE_CRIPTO_AVAX', 'scheduled__2024-01-27T00:00:00+00:00', '--job-id', '1951', '--raw', '--subdir', 'DAGS_FOLDER/get_cripto.py', '--cfg-path', '/tmp/tmp4ylxcucl', '--error-file', '/tmp/tmpbl27jgkp']
[2024-09-16 00:14:51,997] {standard_task_runner.py:80} INFO - Job 1951: Subtask BRONZE_CRIPTO_AVAX
[2024-09-16 00:14:52,207] {task_command.py:370} INFO - Running <TaskInstance: BRONZER_GET_CRIPTOS.BRONZE_CRIPTO_AVAX scheduled__2024-01-27T00:00:00+00:00 [running]> on host kaiwang.
[2024-09-16 00:14:52,403] {taskinstance.py:1569} INFO - Exporting the following env vars:
AIRFLOW_CTX_DAG_OWNER=airflow
AIRFLOW_CTX_DAG_ID=BRONZER_GET_CRIPTOS
AIRFLOW_CTX_TASK_ID=BRONZE_CRIPTO_AVAX
AIRFLOW_CTX_EXECUTION_DATE=2024-01-27T00:00:00+00:00
AIRFLOW_CTX_TRY_NUMBER=1
AIRFLOW_CTX_DAG_RUN_ID=scheduled__2024-01-27T00:00:00+00:00
[2024-09-16 00:14:55,199] {history.py:122} ERROR - $AVAX: possibly delisted; no timezone found
[2024-09-16 00:14:55,203] {python.py:173} INFO - Done. Returned value was: None
[2024-09-16 00:14:55,277] {taskinstance.py:1395} INFO - Marking task as SUCCESS. dag_id=BRONZER_GET_CRIPTOS, task_id=BRONZE_CRIPTO_AVAX, execution_date=20240127T000000, start_date=20240916T031451, end_date=20240916T031455
[2024-09-16 00:14:55,348] {local_task_job.py:156} INFO - Task exited with return code 0
[2024-09-16 00:14:55,496] {local_task_job.py:273} INFO - 0 downstream tasks scheduled from follow-on schedule check
