[2024-09-16 00:08:16,135] {taskinstance.py:1159} INFO - Dependencies all met for <TaskInstance: BRONZER_GET_CRIPTOS.BRONZE_CRIPTO_DOGE scheduled__2024-08-30T00:00:00+00:00 [queued]>
[2024-09-16 00:08:16,148] {taskinstance.py:1159} INFO - Dependencies all met for <TaskInstance: BRONZER_GET_CRIPTOS.BRONZE_CRIPTO_DOGE scheduled__2024-08-30T00:00:00+00:00 [queued]>
[2024-09-16 00:08:16,148] {taskinstance.py:1356} INFO - 
--------------------------------------------------------------------------------
[2024-09-16 00:08:16,148] {taskinstance.py:1357} INFO - Starting attempt 1 of 1
[2024-09-16 00:08:16,148] {taskinstance.py:1358} INFO - 
--------------------------------------------------------------------------------
[2024-09-16 00:08:16,167] {taskinstance.py:1377} INFO - Executing <Task(_PythonDecoratedOperator): BRONZE_CRIPTO_DOGE> on 2024-08-30 00:00:00+00:00
[2024-09-16 00:08:16,173] {standard_task_runner.py:52} INFO - Started process 42593 to run task
[2024-09-16 00:08:16,180] {standard_task_runner.py:79} INFO - Running: ['airflow', 'tasks', 'run', 'BRONZER_GET_CRIPTOS', 'BRONZE_CRIPTO_DOGE', 'scheduled__2024-08-30T00:00:00+00:00', '--job-id', '1430', '--raw', '--subdir', 'DAGS_FOLDER/get_cripto.py', '--cfg-path', '/tmp/tmpoe4vkgey', '--error-file', '/tmp/tmpi244wan6']
[2024-09-16 00:08:16,181] {standard_task_runner.py:80} INFO - Job 1430: Subtask BRONZE_CRIPTO_DOGE
[2024-09-16 00:08:16,293] {task_command.py:370} INFO - Running <TaskInstance: BRONZER_GET_CRIPTOS.BRONZE_CRIPTO_DOGE scheduled__2024-08-30T00:00:00+00:00 [running]> on host kaiwang.
[2024-09-16 00:08:16,424] {taskinstance.py:1569} INFO - Exporting the following env vars:
AIRFLOW_CTX_DAG_OWNER=airflow
AIRFLOW_CTX_DAG_ID=BRONZER_GET_CRIPTOS
AIRFLOW_CTX_TASK_ID=BRONZE_CRIPTO_DOGE
AIRFLOW_CTX_EXECUTION_DATE=2024-08-30T00:00:00+00:00
AIRFLOW_CTX_TRY_NUMBER=1
AIRFLOW_CTX_DAG_RUN_ID=scheduled__2024-08-30T00:00:00+00:00
[2024-09-16 00:08:18,937] {history.py:122} ERROR - $DOGE: possibly delisted; no timezone found
[2024-09-16 00:08:18,941] {python.py:173} INFO - Done. Returned value was: None
[2024-09-16 00:08:18,975] {taskinstance.py:1395} INFO - Marking task as SUCCESS. dag_id=BRONZER_GET_CRIPTOS, task_id=BRONZE_CRIPTO_DOGE, execution_date=20240830T000000, start_date=20240916T030816, end_date=20240916T030818
[2024-09-16 00:08:19,060] {local_task_job.py:156} INFO - Task exited with return code 0
[2024-09-16 00:08:19,340] {local_task_job.py:273} INFO - 0 downstream tasks scheduled from follow-on schedule check
[2024-09-16 13:56:33,225] {taskinstance.py:1159} INFO - Dependencies all met for <TaskInstance: BRONZER_GET_CRIPTOS.BRONZE_CRIPTO_DOGE scheduled__2024-08-30T00:00:00+00:00 [queued]>
[2024-09-16 13:56:33,282] {taskinstance.py:1159} INFO - Dependencies all met for <TaskInstance: BRONZER_GET_CRIPTOS.BRONZE_CRIPTO_DOGE scheduled__2024-08-30T00:00:00+00:00 [queued]>
[2024-09-16 13:56:33,283] {taskinstance.py:1356} INFO - 
--------------------------------------------------------------------------------
[2024-09-16 13:56:33,283] {taskinstance.py:1357} INFO - Starting attempt 1 of 1
[2024-09-16 13:56:33,283] {taskinstance.py:1358} INFO - 
--------------------------------------------------------------------------------
[2024-09-16 13:56:33,308] {taskinstance.py:1377} INFO - Executing <Task(_PythonDecoratedOperator): BRONZE_CRIPTO_DOGE> on 2024-08-30 00:00:00+00:00
[2024-09-16 13:56:33,331] {standard_task_runner.py:79} INFO - Running: ['airflow', 'tasks', 'run', 'BRONZER_GET_CRIPTOS', 'BRONZE_CRIPTO_DOGE', 'scheduled__2024-08-30T00:00:00+00:00', '--job-id', '2608', '--raw', '--subdir', 'DAGS_FOLDER/get_cripto.py', '--cfg-path', '/tmp/tmpibhsg0fs', '--error-file', '/tmp/tmpqntkyg56']
[2024-09-16 13:56:33,334] {standard_task_runner.py:80} INFO - Job 2608: Subtask BRONZE_CRIPTO_DOGE
[2024-09-16 13:56:33,315] {standard_task_runner.py:52} INFO - Started process 139584 to run task
[2024-09-16 13:56:33,561] {task_command.py:370} INFO - Running <TaskInstance: BRONZER_GET_CRIPTOS.BRONZE_CRIPTO_DOGE scheduled__2024-08-30T00:00:00+00:00 [running]> on host kaiwang.
[2024-09-16 13:56:34,082] {taskinstance.py:1569} INFO - Exporting the following env vars:
AIRFLOW_CTX_DAG_OWNER=airflow
AIRFLOW_CTX_DAG_ID=BRONZER_GET_CRIPTOS
AIRFLOW_CTX_TASK_ID=BRONZE_CRIPTO_DOGE
AIRFLOW_CTX_EXECUTION_DATE=2024-08-30T00:00:00+00:00
AIRFLOW_CTX_TRY_NUMBER=1
AIRFLOW_CTX_DAG_RUN_ID=scheduled__2024-08-30T00:00:00+00:00
[2024-09-16 13:56:37,140] {history.py:122} ERROR - $DOGE: possibly delisted; no timezone found
[2024-09-16 13:56:37,143] {python.py:173} INFO - Done. Returned value was: None
[2024-09-16 13:56:37,160] {taskinstance.py:1395} INFO - Marking task as SUCCESS. dag_id=BRONZER_GET_CRIPTOS, task_id=BRONZE_CRIPTO_DOGE, execution_date=20240830T000000, start_date=20240916T165633, end_date=20240916T165637
[2024-09-16 13:56:37,213] {local_task_job.py:156} INFO - Task exited with return code 0
[2024-09-16 13:56:37,254] {local_task_job.py:273} INFO - 0 downstream tasks scheduled from follow-on schedule check
