[2024-09-16 00:03:48,189] {taskinstance.py:1159} INFO - Dependencies all met for <TaskInstance: BRONZER_GET_CRIPTOS.BRONZE_CRIPTO_AVAX scheduled__2024-02-03T00:00:00+00:00 [queued]>
[2024-09-16 00:03:48,242] {taskinstance.py:1159} INFO - Dependencies all met for <TaskInstance: BRONZER_GET_CRIPTOS.BRONZE_CRIPTO_AVAX scheduled__2024-02-03T00:00:00+00:00 [queued]>
[2024-09-16 00:03:48,242] {taskinstance.py:1356} INFO - 
--------------------------------------------------------------------------------
[2024-09-16 00:03:48,242] {taskinstance.py:1357} INFO - Starting attempt 1 of 1
[2024-09-16 00:03:48,242] {taskinstance.py:1358} INFO - 
--------------------------------------------------------------------------------
[2024-09-16 00:03:48,362] {taskinstance.py:1377} INFO - Executing <Task(_PythonDecoratedOperator): BRONZE_CRIPTO_AVAX> on 2024-02-03 00:00:00+00:00
[2024-09-16 00:03:48,368] {standard_task_runner.py:52} INFO - Started process 21556 to run task
[2024-09-16 00:03:48,429] {standard_task_runner.py:79} INFO - Running: ['airflow', 'tasks', 'run', 'BRONZER_GET_CRIPTOS', 'BRONZE_CRIPTO_AVAX', 'scheduled__2024-02-03T00:00:00+00:00', '--job-id', '206', '--raw', '--subdir', 'DAGS_FOLDER/get_cripto.py', '--cfg-path', '/tmp/tmp807f9dyk', '--error-file', '/tmp/tmp5zbju6xn']
[2024-09-16 00:03:48,430] {standard_task_runner.py:80} INFO - Job 206: Subtask BRONZE_CRIPTO_AVAX
[2024-09-16 00:03:49,109] {task_command.py:370} INFO - Running <TaskInstance: BRONZER_GET_CRIPTOS.BRONZE_CRIPTO_AVAX scheduled__2024-02-03T00:00:00+00:00 [running]> on host kaiwang.
[2024-09-16 00:03:49,576] {taskinstance.py:1569} INFO - Exporting the following env vars:
AIRFLOW_CTX_DAG_OWNER=airflow
AIRFLOW_CTX_DAG_ID=BRONZER_GET_CRIPTOS
AIRFLOW_CTX_TASK_ID=BRONZE_CRIPTO_AVAX
AIRFLOW_CTX_EXECUTION_DATE=2024-02-03T00:00:00+00:00
AIRFLOW_CTX_TRY_NUMBER=1
AIRFLOW_CTX_DAG_RUN_ID=scheduled__2024-02-03T00:00:00+00:00
[2024-09-16 00:03:52,338] {history.py:122} ERROR - $AVAX: possibly delisted; no timezone found
[2024-09-16 00:03:52,343] {python.py:173} INFO - Done. Returned value was: None
[2024-09-16 00:03:52,805] {taskinstance.py:1395} INFO - Marking task as SUCCESS. dag_id=BRONZER_GET_CRIPTOS, task_id=BRONZE_CRIPTO_AVAX, execution_date=20240203T000000, start_date=20240916T030348, end_date=20240916T030352
[2024-09-16 00:03:52,928] {local_task_job.py:156} INFO - Task exited with return code 0
[2024-09-16 00:03:53,138] {local_task_job.py:273} INFO - 0 downstream tasks scheduled from follow-on schedule check
[2024-09-16 00:13:25,181] {taskinstance.py:1159} INFO - Dependencies all met for <TaskInstance: BRONZER_GET_CRIPTOS.BRONZE_CRIPTO_AVAX scheduled__2024-02-03T00:00:00+00:00 [queued]>
[2024-09-16 00:13:25,194] {taskinstance.py:1159} INFO - Dependencies all met for <TaskInstance: BRONZER_GET_CRIPTOS.BRONZE_CRIPTO_AVAX scheduled__2024-02-03T00:00:00+00:00 [queued]>
[2024-09-16 00:13:25,194] {taskinstance.py:1356} INFO - 
--------------------------------------------------------------------------------
[2024-09-16 00:13:25,194] {taskinstance.py:1357} INFO - Starting attempt 1 of 1
[2024-09-16 00:13:25,194] {taskinstance.py:1358} INFO - 
--------------------------------------------------------------------------------
[2024-09-16 00:13:25,266] {taskinstance.py:1377} INFO - Executing <Task(_PythonDecoratedOperator): BRONZE_CRIPTO_AVAX> on 2024-02-03 00:00:00+00:00
[2024-09-16 00:13:25,273] {standard_task_runner.py:52} INFO - Started process 47055 to run task
[2024-09-16 00:13:25,285] {standard_task_runner.py:79} INFO - Running: ['airflow', 'tasks', 'run', 'BRONZER_GET_CRIPTOS', 'BRONZE_CRIPTO_AVAX', 'scheduled__2024-02-03T00:00:00+00:00', '--job-id', '1673', '--raw', '--subdir', 'DAGS_FOLDER/get_cripto.py', '--cfg-path', '/tmp/tmpp1gs4opg', '--error-file', '/tmp/tmpeavsq46g']
[2024-09-16 00:13:25,286] {standard_task_runner.py:80} INFO - Job 1673: Subtask BRONZE_CRIPTO_AVAX
[2024-09-16 00:13:25,483] {task_command.py:370} INFO - Running <TaskInstance: BRONZER_GET_CRIPTOS.BRONZE_CRIPTO_AVAX scheduled__2024-02-03T00:00:00+00:00 [running]> on host kaiwang.
[2024-09-16 00:13:25,771] {taskinstance.py:1569} INFO - Exporting the following env vars:
AIRFLOW_CTX_DAG_OWNER=airflow
AIRFLOW_CTX_DAG_ID=BRONZER_GET_CRIPTOS
AIRFLOW_CTX_TASK_ID=BRONZE_CRIPTO_AVAX
AIRFLOW_CTX_EXECUTION_DATE=2024-02-03T00:00:00+00:00
AIRFLOW_CTX_TRY_NUMBER=1
AIRFLOW_CTX_DAG_RUN_ID=scheduled__2024-02-03T00:00:00+00:00
[2024-09-16 00:13:28,580] {history.py:122} ERROR - $AVAX: possibly delisted; no timezone found
[2024-09-16 00:13:28,584] {python.py:173} INFO - Done. Returned value was: None
[2024-09-16 00:13:28,629] {taskinstance.py:1395} INFO - Marking task as SUCCESS. dag_id=BRONZER_GET_CRIPTOS, task_id=BRONZE_CRIPTO_AVAX, execution_date=20240203T000000, start_date=20240916T031325, end_date=20240916T031328
[2024-09-16 00:13:28,683] {local_task_job.py:156} INFO - Task exited with return code 0
[2024-09-16 00:13:28,801] {local_task_job.py:273} INFO - 0 downstream tasks scheduled from follow-on schedule check
[2024-09-16 00:15:00,726] {taskinstance.py:1159} INFO - Dependencies all met for <TaskInstance: BRONZER_GET_CRIPTOS.BRONZE_CRIPTO_AVAX scheduled__2024-02-03T00:00:00+00:00 [queued]>
[2024-09-16 00:15:00,766] {taskinstance.py:1159} INFO - Dependencies all met for <TaskInstance: BRONZER_GET_CRIPTOS.BRONZE_CRIPTO_AVAX scheduled__2024-02-03T00:00:00+00:00 [queued]>
[2024-09-16 00:15:00,766] {taskinstance.py:1356} INFO - 
--------------------------------------------------------------------------------
[2024-09-16 00:15:00,766] {taskinstance.py:1357} INFO - Starting attempt 1 of 1
[2024-09-16 00:15:00,766] {taskinstance.py:1358} INFO - 
--------------------------------------------------------------------------------
[2024-09-16 00:15:00,802] {taskinstance.py:1377} INFO - Executing <Task(_PythonDecoratedOperator): BRONZE_CRIPTO_AVAX> on 2024-02-03 00:00:00+00:00
[2024-09-16 00:15:00,808] {standard_task_runner.py:52} INFO - Started process 52591 to run task
[2024-09-16 00:15:00,813] {standard_task_runner.py:79} INFO - Running: ['airflow', 'tasks', 'run', 'BRONZER_GET_CRIPTOS', 'BRONZE_CRIPTO_AVAX', 'scheduled__2024-02-03T00:00:00+00:00', '--job-id', '1996', '--raw', '--subdir', 'DAGS_FOLDER/get_cripto.py', '--cfg-path', '/tmp/tmpb4enqs1b', '--error-file', '/tmp/tmpwe0lfxix']
[2024-09-16 00:15:00,815] {standard_task_runner.py:80} INFO - Job 1996: Subtask BRONZE_CRIPTO_AVAX
[2024-09-16 00:15:00,986] {task_command.py:370} INFO - Running <TaskInstance: BRONZER_GET_CRIPTOS.BRONZE_CRIPTO_AVAX scheduled__2024-02-03T00:00:00+00:00 [running]> on host kaiwang.
[2024-09-16 00:15:01,282] {taskinstance.py:1569} INFO - Exporting the following env vars:
AIRFLOW_CTX_DAG_OWNER=airflow
AIRFLOW_CTX_DAG_ID=BRONZER_GET_CRIPTOS
AIRFLOW_CTX_TASK_ID=BRONZE_CRIPTO_AVAX
AIRFLOW_CTX_EXECUTION_DATE=2024-02-03T00:00:00+00:00
AIRFLOW_CTX_TRY_NUMBER=1
AIRFLOW_CTX_DAG_RUN_ID=scheduled__2024-02-03T00:00:00+00:00
[2024-09-16 00:15:04,594] {history.py:122} ERROR - $AVAX: possibly delisted; no timezone found
[2024-09-16 00:15:04,598] {python.py:173} INFO - Done. Returned value was: None
[2024-09-16 00:15:04,664] {taskinstance.py:1395} INFO - Marking task as SUCCESS. dag_id=BRONZER_GET_CRIPTOS, task_id=BRONZE_CRIPTO_AVAX, execution_date=20240203T000000, start_date=20240916T031500, end_date=20240916T031504
[2024-09-16 00:15:04,722] {local_task_job.py:156} INFO - Task exited with return code 0
[2024-09-16 00:15:04,840] {local_task_job.py:273} INFO - 0 downstream tasks scheduled from follow-on schedule check
