[2024-09-16 00:03:01,505] {taskinstance.py:1159} INFO - Dependencies all met for <TaskInstance: BRONZER_GET_STONCKS.BRONZE_STONCKS_TSLA scheduled__2024-01-05T00:00:00+00:00 [queued]>
[2024-09-16 00:03:01,539] {taskinstance.py:1159} INFO - Dependencies all met for <TaskInstance: BRONZER_GET_STONCKS.BRONZE_STONCKS_TSLA scheduled__2024-01-05T00:00:00+00:00 [queued]>
[2024-09-16 00:03:01,540] {taskinstance.py:1356} INFO - 
--------------------------------------------------------------------------------
[2024-09-16 00:03:01,540] {taskinstance.py:1357} INFO - Starting attempt 1 of 1
[2024-09-16 00:03:01,540] {taskinstance.py:1358} INFO - 
--------------------------------------------------------------------------------
[2024-09-16 00:03:01,638] {taskinstance.py:1377} INFO - Executing <Task(_PythonDecoratedOperator): BRONZE_STONCKS_TSLA> on 2024-01-05 00:00:00+00:00
[2024-09-16 00:03:01,644] {standard_task_runner.py:52} INFO - Started process 18404 to run task
[2024-09-16 00:03:01,674] {standard_task_runner.py:79} INFO - Running: ['airflow', 'tasks', 'run', 'BRONZER_GET_STONCKS', 'BRONZE_STONCKS_TSLA', 'scheduled__2024-01-05T00:00:00+00:00', '--job-id', '29', '--raw', '--subdir', 'DAGS_FOLDER/get_stocks.py', '--cfg-path', '/tmp/tmp_cf7yi89', '--error-file', '/tmp/tmp5f2yn7cw']
[2024-09-16 00:03:01,696] {standard_task_runner.py:80} INFO - Job 29: Subtask BRONZE_STONCKS_TSLA
[2024-09-16 00:03:01,979] {task_command.py:370} INFO - Running <TaskInstance: BRONZER_GET_STONCKS.BRONZE_STONCKS_TSLA scheduled__2024-01-05T00:00:00+00:00 [running]> on host kaiwang.
[2024-09-16 00:03:02,236] {taskinstance.py:1569} INFO - Exporting the following env vars:
AIRFLOW_CTX_DAG_OWNER=airflow
AIRFLOW_CTX_DAG_ID=BRONZER_GET_STONCKS
AIRFLOW_CTX_TASK_ID=BRONZE_STONCKS_TSLA
AIRFLOW_CTX_EXECUTION_DATE=2024-01-05T00:00:00+00:00
AIRFLOW_CTX_TRY_NUMBER=1
AIRFLOW_CTX_DAG_RUN_ID=scheduled__2024-01-05T00:00:00+00:00
[2024-09-16 00:03:02,876] {python.py:173} INFO - Done. Returned value was: None
[2024-09-16 00:03:02,932] {taskinstance.py:1395} INFO - Marking task as SUCCESS. dag_id=BRONZER_GET_STONCKS, task_id=BRONZE_STONCKS_TSLA, execution_date=20240105T000000, start_date=20240916T030301, end_date=20240916T030302
[2024-09-16 00:03:02,996] {local_task_job.py:156} INFO - Task exited with return code 0
[2024-09-16 00:03:03,091] {local_task_job.py:273} INFO - 0 downstream tasks scheduled from follow-on schedule check
[2024-09-16 00:12:45,535] {taskinstance.py:1159} INFO - Dependencies all met for <TaskInstance: BRONZER_GET_STONCKS.BRONZE_STONCKS_TSLA scheduled__2024-01-05T00:00:00+00:00 [queued]>
[2024-09-16 00:12:45,574] {taskinstance.py:1159} INFO - Dependencies all met for <TaskInstance: BRONZER_GET_STONCKS.BRONZE_STONCKS_TSLA scheduled__2024-01-05T00:00:00+00:00 [queued]>
[2024-09-16 00:12:45,574] {taskinstance.py:1356} INFO - 
--------------------------------------------------------------------------------
[2024-09-16 00:12:45,574] {taskinstance.py:1357} INFO - Starting attempt 1 of 1
[2024-09-16 00:12:45,574] {taskinstance.py:1358} INFO - 
--------------------------------------------------------------------------------
[2024-09-16 00:12:45,629] {taskinstance.py:1377} INFO - Executing <Task(_PythonDecoratedOperator): BRONZE_STONCKS_TSLA> on 2024-01-05 00:00:00+00:00
[2024-09-16 00:12:45,633] {standard_task_runner.py:52} INFO - Started process 43993 to run task
[2024-09-16 00:12:45,641] {standard_task_runner.py:79} INFO - Running: ['airflow', 'tasks', 'run', 'BRONZER_GET_STONCKS', 'BRONZE_STONCKS_TSLA', 'scheduled__2024-01-05T00:00:00+00:00', '--job-id', '1504', '--raw', '--subdir', 'DAGS_FOLDER/get_stocks.py', '--cfg-path', '/tmp/tmpxn4f2y5n', '--error-file', '/tmp/tmpsavv_896']
[2024-09-16 00:12:45,642] {standard_task_runner.py:80} INFO - Job 1504: Subtask BRONZE_STONCKS_TSLA
[2024-09-16 00:12:45,809] {task_command.py:370} INFO - Running <TaskInstance: BRONZER_GET_STONCKS.BRONZE_STONCKS_TSLA scheduled__2024-01-05T00:00:00+00:00 [running]> on host kaiwang.
[2024-09-16 00:12:45,964] {taskinstance.py:1569} INFO - Exporting the following env vars:
AIRFLOW_CTX_DAG_OWNER=airflow
AIRFLOW_CTX_DAG_ID=BRONZER_GET_STONCKS
AIRFLOW_CTX_TASK_ID=BRONZE_STONCKS_TSLA
AIRFLOW_CTX_EXECUTION_DATE=2024-01-05T00:00:00+00:00
AIRFLOW_CTX_TRY_NUMBER=1
AIRFLOW_CTX_DAG_RUN_ID=scheduled__2024-01-05T00:00:00+00:00
[2024-09-16 00:12:46,529] {python.py:173} INFO - Done. Returned value was: None
[2024-09-16 00:12:46,548] {taskinstance.py:1395} INFO - Marking task as SUCCESS. dag_id=BRONZER_GET_STONCKS, task_id=BRONZE_STONCKS_TSLA, execution_date=20240105T000000, start_date=20240916T031245, end_date=20240916T031246
[2024-09-16 00:12:46,585] {local_task_job.py:156} INFO - Task exited with return code 0
[2024-09-16 00:12:46,627] {local_task_job.py:273} INFO - 0 downstream tasks scheduled from follow-on schedule check
[2024-09-16 00:14:20,922] {taskinstance.py:1159} INFO - Dependencies all met for <TaskInstance: BRONZER_GET_STONCKS.BRONZE_STONCKS_TSLA scheduled__2024-01-05T00:00:00+00:00 [queued]>
[2024-09-16 00:14:20,944] {taskinstance.py:1159} INFO - Dependencies all met for <TaskInstance: BRONZER_GET_STONCKS.BRONZE_STONCKS_TSLA scheduled__2024-01-05T00:00:00+00:00 [queued]>
[2024-09-16 00:14:20,944] {taskinstance.py:1356} INFO - 
--------------------------------------------------------------------------------
[2024-09-16 00:14:20,945] {taskinstance.py:1357} INFO - Starting attempt 1 of 1
[2024-09-16 00:14:20,945] {taskinstance.py:1358} INFO - 
--------------------------------------------------------------------------------
[2024-09-16 00:14:21,010] {taskinstance.py:1377} INFO - Executing <Task(_PythonDecoratedOperator): BRONZE_STONCKS_TSLA> on 2024-01-05 00:00:00+00:00
[2024-09-16 00:14:21,017] {standard_task_runner.py:52} INFO - Started process 49440 to run task
[2024-09-16 00:14:21,037] {standard_task_runner.py:79} INFO - Running: ['airflow', 'tasks', 'run', 'BRONZER_GET_STONCKS', 'BRONZE_STONCKS_TSLA', 'scheduled__2024-01-05T00:00:00+00:00', '--job-id', '1815', '--raw', '--subdir', 'DAGS_FOLDER/get_stocks.py', '--cfg-path', '/tmp/tmpa6vlvqm1', '--error-file', '/tmp/tmpn80rpupe']
[2024-09-16 00:14:21,038] {standard_task_runner.py:80} INFO - Job 1815: Subtask BRONZE_STONCKS_TSLA
[2024-09-16 00:14:21,233] {task_command.py:370} INFO - Running <TaskInstance: BRONZER_GET_STONCKS.BRONZE_STONCKS_TSLA scheduled__2024-01-05T00:00:00+00:00 [running]> on host kaiwang.
[2024-09-16 00:14:21,386] {taskinstance.py:1569} INFO - Exporting the following env vars:
AIRFLOW_CTX_DAG_OWNER=airflow
AIRFLOW_CTX_DAG_ID=BRONZER_GET_STONCKS
AIRFLOW_CTX_TASK_ID=BRONZE_STONCKS_TSLA
AIRFLOW_CTX_EXECUTION_DATE=2024-01-05T00:00:00+00:00
AIRFLOW_CTX_TRY_NUMBER=1
AIRFLOW_CTX_DAG_RUN_ID=scheduled__2024-01-05T00:00:00+00:00
[2024-09-16 00:14:22,058] {python.py:173} INFO - Done. Returned value was: None
[2024-09-16 00:14:22,101] {taskinstance.py:1395} INFO - Marking task as SUCCESS. dag_id=BRONZER_GET_STONCKS, task_id=BRONZE_STONCKS_TSLA, execution_date=20240105T000000, start_date=20240916T031420, end_date=20240916T031422
[2024-09-16 00:14:22,161] {local_task_job.py:156} INFO - Task exited with return code 0
[2024-09-16 00:14:22,238] {local_task_job.py:273} INFO - 0 downstream tasks scheduled from follow-on schedule check
