[2024-09-16 00:07:24,351] {taskinstance.py:1159} INFO - Dependencies all met for <TaskInstance: BRONZER_GET_STONCKS.BRONZE_STONCKS_TSLA scheduled__2024-08-22T00:00:00+00:00 [queued]>
[2024-09-16 00:07:24,361] {taskinstance.py:1159} INFO - Dependencies all met for <TaskInstance: BRONZER_GET_STONCKS.BRONZE_STONCKS_TSLA scheduled__2024-08-22T00:00:00+00:00 [queued]>
[2024-09-16 00:07:24,361] {taskinstance.py:1356} INFO - 
--------------------------------------------------------------------------------
[2024-09-16 00:07:24,362] {taskinstance.py:1357} INFO - Starting attempt 1 of 1
[2024-09-16 00:07:24,362] {taskinstance.py:1358} INFO - 
--------------------------------------------------------------------------------
[2024-09-16 00:07:24,377] {taskinstance.py:1377} INFO - Executing <Task(_PythonDecoratedOperator): BRONZE_STONCKS_TSLA> on 2024-08-22 00:00:00+00:00
[2024-09-16 00:07:24,383] {standard_task_runner.py:52} INFO - Started process 39048 to run task
[2024-09-16 00:07:24,388] {standard_task_runner.py:79} INFO - Running: ['airflow', 'tasks', 'run', 'BRONZER_GET_STONCKS', 'BRONZE_STONCKS_TSLA', 'scheduled__2024-08-22T00:00:00+00:00', '--job-id', '1230', '--raw', '--subdir', 'DAGS_FOLDER/get_stocks.py', '--cfg-path', '/tmp/tmpy36o057c', '--error-file', '/tmp/tmpmh85rcjz']
[2024-09-16 00:07:24,389] {standard_task_runner.py:80} INFO - Job 1230: Subtask BRONZE_STONCKS_TSLA
[2024-09-16 00:07:24,504] {task_command.py:370} INFO - Running <TaskInstance: BRONZER_GET_STONCKS.BRONZE_STONCKS_TSLA scheduled__2024-08-22T00:00:00+00:00 [running]> on host kaiwang.
[2024-09-16 00:07:24,660] {taskinstance.py:1569} INFO - Exporting the following env vars:
AIRFLOW_CTX_DAG_OWNER=airflow
AIRFLOW_CTX_DAG_ID=BRONZER_GET_STONCKS
AIRFLOW_CTX_TASK_ID=BRONZE_STONCKS_TSLA
AIRFLOW_CTX_EXECUTION_DATE=2024-08-22T00:00:00+00:00
AIRFLOW_CTX_TRY_NUMBER=1
AIRFLOW_CTX_DAG_RUN_ID=scheduled__2024-08-22T00:00:00+00:00
[2024-09-16 00:07:25,306] {python.py:173} INFO - Done. Returned value was: None
[2024-09-16 00:07:25,330] {taskinstance.py:1395} INFO - Marking task as SUCCESS. dag_id=BRONZER_GET_STONCKS, task_id=BRONZE_STONCKS_TSLA, execution_date=20240822T000000, start_date=20240916T030724, end_date=20240916T030725
[2024-09-16 00:07:25,376] {local_task_job.py:156} INFO - Task exited with return code 0
[2024-09-16 00:07:25,448] {local_task_job.py:273} INFO - 0 downstream tasks scheduled from follow-on schedule check
[2024-09-16 13:56:18,189] {taskinstance.py:1159} INFO - Dependencies all met for <TaskInstance: BRONZER_GET_STONCKS.BRONZE_STONCKS_TSLA scheduled__2024-08-22T00:00:00+00:00 [queued]>
[2024-09-16 13:56:18,218] {taskinstance.py:1159} INFO - Dependencies all met for <TaskInstance: BRONZER_GET_STONCKS.BRONZE_STONCKS_TSLA scheduled__2024-08-22T00:00:00+00:00 [queued]>
[2024-09-16 13:56:18,218] {taskinstance.py:1356} INFO - 
--------------------------------------------------------------------------------
[2024-09-16 13:56:18,218] {taskinstance.py:1357} INFO - Starting attempt 1 of 1
[2024-09-16 13:56:18,218] {taskinstance.py:1358} INFO - 
--------------------------------------------------------------------------------
[2024-09-16 13:56:18,240] {taskinstance.py:1377} INFO - Executing <Task(_PythonDecoratedOperator): BRONZE_STONCKS_TSLA> on 2024-08-22 00:00:00+00:00
[2024-09-16 13:56:18,247] {standard_task_runner.py:52} INFO - Started process 138390 to run task
[2024-09-16 13:56:18,266] {standard_task_runner.py:79} INFO - Running: ['airflow', 'tasks', 'run', 'BRONZER_GET_STONCKS', 'BRONZE_STONCKS_TSLA', 'scheduled__2024-08-22T00:00:00+00:00', '--job-id', '2553', '--raw', '--subdir', 'DAGS_FOLDER/get_stocks.py', '--cfg-path', '/tmp/tmpznhgk3sl', '--error-file', '/tmp/tmpt6m4t6n9']
[2024-09-16 13:56:18,268] {standard_task_runner.py:80} INFO - Job 2553: Subtask BRONZE_STONCKS_TSLA
[2024-09-16 13:56:18,400] {task_command.py:370} INFO - Running <TaskInstance: BRONZER_GET_STONCKS.BRONZE_STONCKS_TSLA scheduled__2024-08-22T00:00:00+00:00 [running]> on host kaiwang.
[2024-09-16 13:56:19,042] {taskinstance.py:1569} INFO - Exporting the following env vars:
AIRFLOW_CTX_DAG_OWNER=airflow
AIRFLOW_CTX_DAG_ID=BRONZER_GET_STONCKS
AIRFLOW_CTX_TASK_ID=BRONZE_STONCKS_TSLA
AIRFLOW_CTX_EXECUTION_DATE=2024-08-22T00:00:00+00:00
AIRFLOW_CTX_TRY_NUMBER=1
AIRFLOW_CTX_DAG_RUN_ID=scheduled__2024-08-22T00:00:00+00:00
[2024-09-16 13:56:19,691] {python.py:173} INFO - Done. Returned value was: None
[2024-09-16 13:56:19,719] {taskinstance.py:1395} INFO - Marking task as SUCCESS. dag_id=BRONZER_GET_STONCKS, task_id=BRONZE_STONCKS_TSLA, execution_date=20240822T000000, start_date=20240916T165618, end_date=20240916T165619
[2024-09-16 13:56:19,763] {local_task_job.py:156} INFO - Task exited with return code 0
[2024-09-16 13:56:19,872] {local_task_job.py:273} INFO - 0 downstream tasks scheduled from follow-on schedule check
