[2024-09-16 00:08:13,180] {taskinstance.py:1159} INFO - Dependencies all met for <TaskInstance: BRONZER_GET_CRIPTOS.BRONZE_CRIPTO_AVAX scheduled__2024-08-24T00:00:00+00:00 [queued]>
[2024-09-16 00:08:13,210] {taskinstance.py:1159} INFO - Dependencies all met for <TaskInstance: BRONZER_GET_CRIPTOS.BRONZE_CRIPTO_AVAX scheduled__2024-08-24T00:00:00+00:00 [queued]>
[2024-09-16 00:08:13,210] {taskinstance.py:1356} INFO - 
--------------------------------------------------------------------------------
[2024-09-16 00:08:13,210] {taskinstance.py:1357} INFO - Starting attempt 1 of 1
[2024-09-16 00:08:13,210] {taskinstance.py:1358} INFO - 
--------------------------------------------------------------------------------
[2024-09-16 00:08:13,261] {taskinstance.py:1377} INFO - Executing <Task(_PythonDecoratedOperator): BRONZE_CRIPTO_AVAX> on 2024-08-24 00:00:00+00:00
[2024-09-16 00:08:13,265] {standard_task_runner.py:52} INFO - Started process 42379 to run task
[2024-09-16 00:08:13,278] {standard_task_runner.py:79} INFO - Running: ['airflow', 'tasks', 'run', 'BRONZER_GET_CRIPTOS', 'BRONZE_CRIPTO_AVAX', 'scheduled__2024-08-24T00:00:00+00:00', '--job-id', '1416', '--raw', '--subdir', 'DAGS_FOLDER/get_cripto.py', '--cfg-path', '/tmp/tmp4__czt81', '--error-file', '/tmp/tmpnhkp_csm']
[2024-09-16 00:08:13,279] {standard_task_runner.py:80} INFO - Job 1416: Subtask BRONZE_CRIPTO_AVAX
[2024-09-16 00:08:13,494] {task_command.py:370} INFO - Running <TaskInstance: BRONZER_GET_CRIPTOS.BRONZE_CRIPTO_AVAX scheduled__2024-08-24T00:00:00+00:00 [running]> on host kaiwang.
[2024-09-16 00:08:13,693] {taskinstance.py:1569} INFO - Exporting the following env vars:
AIRFLOW_CTX_DAG_OWNER=airflow
AIRFLOW_CTX_DAG_ID=BRONZER_GET_CRIPTOS
AIRFLOW_CTX_TASK_ID=BRONZE_CRIPTO_AVAX
AIRFLOW_CTX_EXECUTION_DATE=2024-08-24T00:00:00+00:00
AIRFLOW_CTX_TRY_NUMBER=1
AIRFLOW_CTX_DAG_RUN_ID=scheduled__2024-08-24T00:00:00+00:00
[2024-09-16 00:08:16,525] {history.py:122} ERROR - $AVAX: possibly delisted; no timezone found
[2024-09-16 00:08:16,528] {python.py:173} INFO - Done. Returned value was: None
[2024-09-16 00:08:16,542] {taskinstance.py:1395} INFO - Marking task as SUCCESS. dag_id=BRONZER_GET_CRIPTOS, task_id=BRONZE_CRIPTO_AVAX, execution_date=20240824T000000, start_date=20240916T030813, end_date=20240916T030816
[2024-09-16 00:08:16,586] {local_task_job.py:156} INFO - Task exited with return code 0
[2024-09-16 00:08:16,627] {local_task_job.py:273} INFO - 0 downstream tasks scheduled from follow-on schedule check
[2024-09-16 13:56:26,476] {taskinstance.py:1159} INFO - Dependencies all met for <TaskInstance: BRONZER_GET_CRIPTOS.BRONZE_CRIPTO_AVAX scheduled__2024-08-24T00:00:00+00:00 [queued]>
[2024-09-16 13:56:26,499] {taskinstance.py:1159} INFO - Dependencies all met for <TaskInstance: BRONZER_GET_CRIPTOS.BRONZE_CRIPTO_AVAX scheduled__2024-08-24T00:00:00+00:00 [queued]>
[2024-09-16 13:56:26,499] {taskinstance.py:1356} INFO - 
--------------------------------------------------------------------------------
[2024-09-16 13:56:26,499] {taskinstance.py:1357} INFO - Starting attempt 1 of 1
[2024-09-16 13:56:26,499] {taskinstance.py:1358} INFO - 
--------------------------------------------------------------------------------
[2024-09-16 13:56:26,527] {taskinstance.py:1377} INFO - Executing <Task(_PythonDecoratedOperator): BRONZE_CRIPTO_AVAX> on 2024-08-24 00:00:00+00:00
[2024-09-16 13:56:26,540] {standard_task_runner.py:52} INFO - Started process 138977 to run task
[2024-09-16 13:56:26,558] {standard_task_runner.py:79} INFO - Running: ['airflow', 'tasks', 'run', 'BRONZER_GET_CRIPTOS', 'BRONZE_CRIPTO_AVAX', 'scheduled__2024-08-24T00:00:00+00:00', '--job-id', '2579', '--raw', '--subdir', 'DAGS_FOLDER/get_cripto.py', '--cfg-path', '/tmp/tmpu1ftucif', '--error-file', '/tmp/tmp8mv74wa_']
[2024-09-16 13:56:26,559] {standard_task_runner.py:80} INFO - Job 2579: Subtask BRONZE_CRIPTO_AVAX
[2024-09-16 13:56:26,694] {task_command.py:370} INFO - Running <TaskInstance: BRONZER_GET_CRIPTOS.BRONZE_CRIPTO_AVAX scheduled__2024-08-24T00:00:00+00:00 [running]> on host kaiwang.
[2024-09-16 13:56:27,086] {taskinstance.py:1569} INFO - Exporting the following env vars:
AIRFLOW_CTX_DAG_OWNER=airflow
AIRFLOW_CTX_DAG_ID=BRONZER_GET_CRIPTOS
AIRFLOW_CTX_TASK_ID=BRONZE_CRIPTO_AVAX
AIRFLOW_CTX_EXECUTION_DATE=2024-08-24T00:00:00+00:00
AIRFLOW_CTX_TRY_NUMBER=1
AIRFLOW_CTX_DAG_RUN_ID=scheduled__2024-08-24T00:00:00+00:00
[2024-09-16 13:56:30,972] {history.py:122} ERROR - $AVAX: possibly delisted; no timezone found
[2024-09-16 13:56:30,977] {python.py:173} INFO - Done. Returned value was: None
[2024-09-16 13:56:31,002] {taskinstance.py:1395} INFO - Marking task as SUCCESS. dag_id=BRONZER_GET_CRIPTOS, task_id=BRONZE_CRIPTO_AVAX, execution_date=20240824T000000, start_date=20240916T165626, end_date=20240916T165631
[2024-09-16 13:56:31,058] {local_task_job.py:156} INFO - Task exited with return code 0
[2024-09-16 13:56:31,136] {local_task_job.py:273} INFO - 0 downstream tasks scheduled from follow-on schedule check
