[2024-09-16 00:07:57,113] {taskinstance.py:1159} INFO - Dependencies all met for <TaskInstance: BRONZER_GET_CRIPTOS.BRONZE_CRIPTO_ETH scheduled__2024-08-10T00:00:00+00:00 [queued]>
[2024-09-16 00:07:57,125] {taskinstance.py:1159} INFO - Dependencies all met for <TaskInstance: BRONZER_GET_CRIPTOS.BRONZE_CRIPTO_ETH scheduled__2024-08-10T00:00:00+00:00 [queued]>
[2024-09-16 00:07:57,126] {taskinstance.py:1356} INFO - 
--------------------------------------------------------------------------------
[2024-09-16 00:07:57,126] {taskinstance.py:1357} INFO - Starting attempt 1 of 1
[2024-09-16 00:07:57,127] {taskinstance.py:1358} INFO - 
--------------------------------------------------------------------------------
[2024-09-16 00:07:57,145] {taskinstance.py:1377} INFO - Executing <Task(_PythonDecoratedOperator): BRONZE_CRIPTO_ETH> on 2024-08-10 00:00:00+00:00
[2024-09-16 00:07:57,150] {standard_task_runner.py:52} INFO - Started process 41682 to run task
[2024-09-16 00:07:57,154] {standard_task_runner.py:79} INFO - Running: ['airflow', 'tasks', 'run', 'BRONZER_GET_CRIPTOS', 'BRONZE_CRIPTO_ETH', 'scheduled__2024-08-10T00:00:00+00:00', '--job-id', '1378', '--raw', '--subdir', 'DAGS_FOLDER/get_cripto.py', '--cfg-path', '/tmp/tmp29h_1hwu', '--error-file', '/tmp/tmpsggewng0']
[2024-09-16 00:07:57,155] {standard_task_runner.py:80} INFO - Job 1378: Subtask BRONZE_CRIPTO_ETH
[2024-09-16 00:07:57,237] {task_command.py:370} INFO - Running <TaskInstance: BRONZER_GET_CRIPTOS.BRONZE_CRIPTO_ETH scheduled__2024-08-10T00:00:00+00:00 [running]> on host kaiwang.
[2024-09-16 00:07:57,322] {taskinstance.py:1569} INFO - Exporting the following env vars:
AIRFLOW_CTX_DAG_OWNER=airflow
AIRFLOW_CTX_DAG_ID=BRONZER_GET_CRIPTOS
AIRFLOW_CTX_TASK_ID=BRONZE_CRIPTO_ETH
AIRFLOW_CTX_EXECUTION_DATE=2024-08-10T00:00:00+00:00
AIRFLOW_CTX_TRY_NUMBER=1
AIRFLOW_CTX_DAG_RUN_ID=scheduled__2024-08-10T00:00:00+00:00
[2024-09-16 00:07:57,979] {python.py:173} INFO - Done. Returned value was: None
[2024-09-16 00:07:57,999] {taskinstance.py:1395} INFO - Marking task as SUCCESS. dag_id=BRONZER_GET_CRIPTOS, task_id=BRONZE_CRIPTO_ETH, execution_date=20240810T000000, start_date=20240916T030757, end_date=20240916T030757
[2024-09-16 00:07:58,050] {local_task_job.py:156} INFO - Task exited with return code 0
[2024-09-16 00:07:58,088] {local_task_job.py:273} INFO - 0 downstream tasks scheduled from follow-on schedule check
[2024-09-16 13:55:58,853] {taskinstance.py:1159} INFO - Dependencies all met for <TaskInstance: BRONZER_GET_CRIPTOS.BRONZE_CRIPTO_ETH scheduled__2024-08-10T00:00:00+00:00 [queued]>
[2024-09-16 13:55:58,870] {taskinstance.py:1159} INFO - Dependencies all met for <TaskInstance: BRONZER_GET_CRIPTOS.BRONZE_CRIPTO_ETH scheduled__2024-08-10T00:00:00+00:00 [queued]>
[2024-09-16 13:55:58,871] {taskinstance.py:1356} INFO - 
--------------------------------------------------------------------------------
[2024-09-16 13:55:58,871] {taskinstance.py:1357} INFO - Starting attempt 1 of 1
[2024-09-16 13:55:58,871] {taskinstance.py:1358} INFO - 
--------------------------------------------------------------------------------
[2024-09-16 13:55:58,894] {taskinstance.py:1377} INFO - Executing <Task(_PythonDecoratedOperator): BRONZE_CRIPTO_ETH> on 2024-08-10 00:00:00+00:00
[2024-09-16 13:55:58,900] {standard_task_runner.py:52} INFO - Started process 137103 to run task
[2024-09-16 13:55:58,921] {standard_task_runner.py:79} INFO - Running: ['airflow', 'tasks', 'run', 'BRONZER_GET_CRIPTOS', 'BRONZE_CRIPTO_ETH', 'scheduled__2024-08-10T00:00:00+00:00', '--job-id', '2491', '--raw', '--subdir', 'DAGS_FOLDER/get_cripto.py', '--cfg-path', '/tmp/tmpzigr5u0c', '--error-file', '/tmp/tmpzcjdvi9z']
[2024-09-16 13:55:58,922] {standard_task_runner.py:80} INFO - Job 2491: Subtask BRONZE_CRIPTO_ETH
[2024-09-16 13:55:59,138] {task_command.py:370} INFO - Running <TaskInstance: BRONZER_GET_CRIPTOS.BRONZE_CRIPTO_ETH scheduled__2024-08-10T00:00:00+00:00 [running]> on host kaiwang.
[2024-09-16 13:55:59,937] {taskinstance.py:1569} INFO - Exporting the following env vars:
AIRFLOW_CTX_DAG_OWNER=airflow
AIRFLOW_CTX_DAG_ID=BRONZER_GET_CRIPTOS
AIRFLOW_CTX_TASK_ID=BRONZE_CRIPTO_ETH
AIRFLOW_CTX_EXECUTION_DATE=2024-08-10T00:00:00+00:00
AIRFLOW_CTX_TRY_NUMBER=1
AIRFLOW_CTX_DAG_RUN_ID=scheduled__2024-08-10T00:00:00+00:00
[2024-09-16 13:56:00,608] {python.py:173} INFO - Done. Returned value was: None
[2024-09-16 13:56:00,667] {taskinstance.py:1395} INFO - Marking task as SUCCESS. dag_id=BRONZER_GET_CRIPTOS, task_id=BRONZE_CRIPTO_ETH, execution_date=20240810T000000, start_date=20240916T165558, end_date=20240916T165600
[2024-09-16 13:56:00,766] {local_task_job.py:156} INFO - Task exited with return code 0
[2024-09-16 13:56:01,064] {local_task_job.py:273} INFO - 0 downstream tasks scheduled from follow-on schedule check
