[2024-09-16 00:03:38,104] {taskinstance.py:1159} INFO - Dependencies all met for <TaskInstance: BRONZER_GET_STONCKS.BRONZE_STONCKS_TSLA scheduled__2024-01-31T00:00:00+00:00 [queued]>
[2024-09-16 00:03:38,146] {taskinstance.py:1159} INFO - Dependencies all met for <TaskInstance: BRONZER_GET_STONCKS.BRONZE_STONCKS_TSLA scheduled__2024-01-31T00:00:00+00:00 [queued]>
[2024-09-16 00:03:38,146] {taskinstance.py:1356} INFO - 
--------------------------------------------------------------------------------
[2024-09-16 00:03:38,146] {taskinstance.py:1357} INFO - Starting attempt 1 of 1
[2024-09-16 00:03:38,146] {taskinstance.py:1358} INFO - 
--------------------------------------------------------------------------------
[2024-09-16 00:03:38,211] {taskinstance.py:1377} INFO - Executing <Task(_PythonDecoratedOperator): BRONZE_STONCKS_TSLA> on 2024-01-31 00:00:00+00:00
[2024-09-16 00:03:38,235] {standard_task_runner.py:52} INFO - Started process 20946 to run task
[2024-09-16 00:03:38,266] {standard_task_runner.py:79} INFO - Running: ['airflow', 'tasks', 'run', 'BRONZER_GET_STONCKS', 'BRONZE_STONCKS_TSLA', 'scheduled__2024-01-31T00:00:00+00:00', '--job-id', '170', '--raw', '--subdir', 'DAGS_FOLDER/get_stocks.py', '--cfg-path', '/tmp/tmpdzbv6h3r', '--error-file', '/tmp/tmp9hppai9r']
[2024-09-16 00:03:38,268] {standard_task_runner.py:80} INFO - Job 170: Subtask BRONZE_STONCKS_TSLA
[2024-09-16 00:03:38,506] {task_command.py:370} INFO - Running <TaskInstance: BRONZER_GET_STONCKS.BRONZE_STONCKS_TSLA scheduled__2024-01-31T00:00:00+00:00 [running]> on host kaiwang.
[2024-09-16 00:03:38,921] {taskinstance.py:1569} INFO - Exporting the following env vars:
AIRFLOW_CTX_DAG_OWNER=airflow
AIRFLOW_CTX_DAG_ID=BRONZER_GET_STONCKS
AIRFLOW_CTX_TASK_ID=BRONZE_STONCKS_TSLA
AIRFLOW_CTX_EXECUTION_DATE=2024-01-31T00:00:00+00:00
AIRFLOW_CTX_TRY_NUMBER=1
AIRFLOW_CTX_DAG_RUN_ID=scheduled__2024-01-31T00:00:00+00:00
[2024-09-16 00:03:39,781] {python.py:173} INFO - Done. Returned value was: None
[2024-09-16 00:03:39,830] {taskinstance.py:1395} INFO - Marking task as SUCCESS. dag_id=BRONZER_GET_STONCKS, task_id=BRONZE_STONCKS_TSLA, execution_date=20240131T000000, start_date=20240916T030338, end_date=20240916T030339
[2024-09-16 00:03:39,885] {local_task_job.py:156} INFO - Task exited with return code 0
[2024-09-16 00:03:40,008] {local_task_job.py:273} INFO - 0 downstream tasks scheduled from follow-on schedule check
[2024-09-16 00:13:17,734] {taskinstance.py:1159} INFO - Dependencies all met for <TaskInstance: BRONZER_GET_STONCKS.BRONZE_STONCKS_TSLA scheduled__2024-01-31T00:00:00+00:00 [queued]>
[2024-09-16 00:13:17,775] {taskinstance.py:1159} INFO - Dependencies all met for <TaskInstance: BRONZER_GET_STONCKS.BRONZE_STONCKS_TSLA scheduled__2024-01-31T00:00:00+00:00 [queued]>
[2024-09-16 00:13:17,775] {taskinstance.py:1356} INFO - 
--------------------------------------------------------------------------------
[2024-09-16 00:13:17,775] {taskinstance.py:1357} INFO - Starting attempt 1 of 1
[2024-09-16 00:13:17,775] {taskinstance.py:1358} INFO - 
--------------------------------------------------------------------------------
[2024-09-16 00:13:17,808] {taskinstance.py:1377} INFO - Executing <Task(_PythonDecoratedOperator): BRONZE_STONCKS_TSLA> on 2024-01-31 00:00:00+00:00
[2024-09-16 00:13:17,815] {standard_task_runner.py:52} INFO - Started process 46466 to run task
[2024-09-16 00:13:17,843] {standard_task_runner.py:79} INFO - Running: ['airflow', 'tasks', 'run', 'BRONZER_GET_STONCKS', 'BRONZE_STONCKS_TSLA', 'scheduled__2024-01-31T00:00:00+00:00', '--job-id', '1642', '--raw', '--subdir', 'DAGS_FOLDER/get_stocks.py', '--cfg-path', '/tmp/tmpxwgs7t9z', '--error-file', '/tmp/tmp8w9cghbk']
[2024-09-16 00:13:17,844] {standard_task_runner.py:80} INFO - Job 1642: Subtask BRONZE_STONCKS_TSLA
[2024-09-16 00:13:17,999] {task_command.py:370} INFO - Running <TaskInstance: BRONZER_GET_STONCKS.BRONZE_STONCKS_TSLA scheduled__2024-01-31T00:00:00+00:00 [running]> on host kaiwang.
[2024-09-16 00:13:18,126] {taskinstance.py:1569} INFO - Exporting the following env vars:
AIRFLOW_CTX_DAG_OWNER=airflow
AIRFLOW_CTX_DAG_ID=BRONZER_GET_STONCKS
AIRFLOW_CTX_TASK_ID=BRONZE_STONCKS_TSLA
AIRFLOW_CTX_EXECUTION_DATE=2024-01-31T00:00:00+00:00
AIRFLOW_CTX_TRY_NUMBER=1
AIRFLOW_CTX_DAG_RUN_ID=scheduled__2024-01-31T00:00:00+00:00
[2024-09-16 00:13:18,807] {python.py:173} INFO - Done. Returned value was: None
[2024-09-16 00:13:18,872] {taskinstance.py:1395} INFO - Marking task as SUCCESS. dag_id=BRONZER_GET_STONCKS, task_id=BRONZE_STONCKS_TSLA, execution_date=20240131T000000, start_date=20240916T031317, end_date=20240916T031318
[2024-09-16 00:13:18,974] {local_task_job.py:156} INFO - Task exited with return code 0
[2024-09-16 00:13:19,063] {local_task_job.py:273} INFO - 0 downstream tasks scheduled from follow-on schedule check
[2024-09-16 00:14:52,384] {taskinstance.py:1159} INFO - Dependencies all met for <TaskInstance: BRONZER_GET_STONCKS.BRONZE_STONCKS_TSLA scheduled__2024-01-31T00:00:00+00:00 [queued]>
[2024-09-16 00:14:52,397] {taskinstance.py:1159} INFO - Dependencies all met for <TaskInstance: BRONZER_GET_STONCKS.BRONZE_STONCKS_TSLA scheduled__2024-01-31T00:00:00+00:00 [queued]>
[2024-09-16 00:14:52,398] {taskinstance.py:1356} INFO - 
--------------------------------------------------------------------------------
[2024-09-16 00:14:52,398] {taskinstance.py:1357} INFO - Starting attempt 1 of 1
[2024-09-16 00:14:52,398] {taskinstance.py:1358} INFO - 
--------------------------------------------------------------------------------
[2024-09-16 00:14:52,413] {taskinstance.py:1377} INFO - Executing <Task(_PythonDecoratedOperator): BRONZE_STONCKS_TSLA> on 2024-01-31 00:00:00+00:00
[2024-09-16 00:14:52,419] {standard_task_runner.py:52} INFO - Started process 51931 to run task
[2024-09-16 00:14:52,422] {standard_task_runner.py:79} INFO - Running: ['airflow', 'tasks', 'run', 'BRONZER_GET_STONCKS', 'BRONZE_STONCKS_TSLA', 'scheduled__2024-01-31T00:00:00+00:00', '--job-id', '1953', '--raw', '--subdir', 'DAGS_FOLDER/get_stocks.py', '--cfg-path', '/tmp/tmpnbp8xas0', '--error-file', '/tmp/tmph_hahdz0']
[2024-09-16 00:14:52,423] {standard_task_runner.py:80} INFO - Job 1953: Subtask BRONZE_STONCKS_TSLA
[2024-09-16 00:14:52,503] {task_command.py:370} INFO - Running <TaskInstance: BRONZER_GET_STONCKS.BRONZE_STONCKS_TSLA scheduled__2024-01-31T00:00:00+00:00 [running]> on host kaiwang.
[2024-09-16 00:14:52,571] {taskinstance.py:1569} INFO - Exporting the following env vars:
AIRFLOW_CTX_DAG_OWNER=airflow
AIRFLOW_CTX_DAG_ID=BRONZER_GET_STONCKS
AIRFLOW_CTX_TASK_ID=BRONZE_STONCKS_TSLA
AIRFLOW_CTX_EXECUTION_DATE=2024-01-31T00:00:00+00:00
AIRFLOW_CTX_TRY_NUMBER=1
AIRFLOW_CTX_DAG_RUN_ID=scheduled__2024-01-31T00:00:00+00:00
[2024-09-16 00:14:53,222] {python.py:173} INFO - Done. Returned value was: None
[2024-09-16 00:14:53,273] {taskinstance.py:1395} INFO - Marking task as SUCCESS. dag_id=BRONZER_GET_STONCKS, task_id=BRONZE_STONCKS_TSLA, execution_date=20240131T000000, start_date=20240916T031452, end_date=20240916T031453
[2024-09-16 00:14:53,324] {local_task_job.py:156} INFO - Task exited with return code 0
[2024-09-16 00:14:53,453] {local_task_job.py:273} INFO - 0 downstream tasks scheduled from follow-on schedule check
