[2024-09-16 00:03:59,718] {taskinstance.py:1159} INFO - Dependencies all met for <TaskInstance: BRONZER_GET_STONCKS.BRONZE_STONCKS_GOOG scheduled__2024-02-15T00:00:00+00:00 [queued]>
[2024-09-16 00:03:59,753] {taskinstance.py:1159} INFO - Dependencies all met for <TaskInstance: BRONZER_GET_STONCKS.BRONZE_STONCKS_GOOG scheduled__2024-02-15T00:00:00+00:00 [queued]>
[2024-09-16 00:03:59,753] {taskinstance.py:1356} INFO - 
--------------------------------------------------------------------------------
[2024-09-16 00:03:59,753] {taskinstance.py:1357} INFO - Starting attempt 1 of 1
[2024-09-16 00:03:59,753] {taskinstance.py:1358} INFO - 
--------------------------------------------------------------------------------
[2024-09-16 00:03:59,798] {taskinstance.py:1377} INFO - Executing <Task(_PythonDecoratedOperator): BRONZE_STONCKS_GOOG> on 2024-02-15 00:00:00+00:00
[2024-09-16 00:03:59,804] {standard_task_runner.py:52} INFO - Started process 22439 to run task
[2024-09-16 00:03:59,823] {standard_task_runner.py:79} INFO - Running: ['airflow', 'tasks', 'run', 'BRONZER_GET_STONCKS', 'BRONZE_STONCKS_GOOG', 'scheduled__2024-02-15T00:00:00+00:00', '--job-id', '261', '--raw', '--subdir', 'DAGS_FOLDER/get_stocks.py', '--cfg-path', '/tmp/tmp6ebhoqj_', '--error-file', '/tmp/tmppvzylx1y']
[2024-09-16 00:03:59,830] {standard_task_runner.py:80} INFO - Job 261: Subtask BRONZE_STONCKS_GOOG
[2024-09-16 00:03:59,984] {task_command.py:370} INFO - Running <TaskInstance: BRONZER_GET_STONCKS.BRONZE_STONCKS_GOOG scheduled__2024-02-15T00:00:00+00:00 [running]> on host kaiwang.
[2024-09-16 00:04:00,203] {taskinstance.py:1569} INFO - Exporting the following env vars:
AIRFLOW_CTX_DAG_OWNER=airflow
AIRFLOW_CTX_DAG_ID=BRONZER_GET_STONCKS
AIRFLOW_CTX_TASK_ID=BRONZE_STONCKS_GOOG
AIRFLOW_CTX_EXECUTION_DATE=2024-02-15T00:00:00+00:00
AIRFLOW_CTX_TRY_NUMBER=1
AIRFLOW_CTX_DAG_RUN_ID=scheduled__2024-02-15T00:00:00+00:00
[2024-09-16 00:04:00,820] {python.py:173} INFO - Done. Returned value was: None
[2024-09-16 00:04:01,052] {taskinstance.py:1395} INFO - Marking task as SUCCESS. dag_id=BRONZER_GET_STONCKS, task_id=BRONZE_STONCKS_GOOG, execution_date=20240215T000000, start_date=20240916T030359, end_date=20240916T030401
[2024-09-16 00:04:01,125] {local_task_job.py:156} INFO - Task exited with return code 0
[2024-09-16 00:04:01,221] {local_task_job.py:273} INFO - 0 downstream tasks scheduled from follow-on schedule check
[2024-09-16 00:13:35,683] {taskinstance.py:1159} INFO - Dependencies all met for <TaskInstance: BRONZER_GET_STONCKS.BRONZE_STONCKS_GOOG scheduled__2024-02-15T00:00:00+00:00 [queued]>
[2024-09-16 00:13:35,714] {taskinstance.py:1159} INFO - Dependencies all met for <TaskInstance: BRONZER_GET_STONCKS.BRONZE_STONCKS_GOOG scheduled__2024-02-15T00:00:00+00:00 [queued]>
[2024-09-16 00:13:35,715] {taskinstance.py:1356} INFO - 
--------------------------------------------------------------------------------
[2024-09-16 00:13:35,732] {taskinstance.py:1357} INFO - Starting attempt 1 of 1
[2024-09-16 00:13:35,732] {taskinstance.py:1358} INFO - 
--------------------------------------------------------------------------------
[2024-09-16 00:13:35,756] {taskinstance.py:1377} INFO - Executing <Task(_PythonDecoratedOperator): BRONZE_STONCKS_GOOG> on 2024-02-15 00:00:00+00:00
[2024-09-16 00:13:35,770] {standard_task_runner.py:52} INFO - Started process 47939 to run task
[2024-09-16 00:13:35,814] {standard_task_runner.py:79} INFO - Running: ['airflow', 'tasks', 'run', 'BRONZER_GET_STONCKS', 'BRONZE_STONCKS_GOOG', 'scheduled__2024-02-15T00:00:00+00:00', '--job-id', '1726', '--raw', '--subdir', 'DAGS_FOLDER/get_stocks.py', '--cfg-path', '/tmp/tmp717qs79k', '--error-file', '/tmp/tmp3dtcxwun']
[2024-09-16 00:13:35,815] {standard_task_runner.py:80} INFO - Job 1726: Subtask BRONZE_STONCKS_GOOG
[2024-09-16 00:13:36,074] {task_command.py:370} INFO - Running <TaskInstance: BRONZER_GET_STONCKS.BRONZE_STONCKS_GOOG scheduled__2024-02-15T00:00:00+00:00 [running]> on host kaiwang.
[2024-09-16 00:13:36,415] {taskinstance.py:1569} INFO - Exporting the following env vars:
AIRFLOW_CTX_DAG_OWNER=airflow
AIRFLOW_CTX_DAG_ID=BRONZER_GET_STONCKS
AIRFLOW_CTX_TASK_ID=BRONZE_STONCKS_GOOG
AIRFLOW_CTX_EXECUTION_DATE=2024-02-15T00:00:00+00:00
AIRFLOW_CTX_TRY_NUMBER=1
AIRFLOW_CTX_DAG_RUN_ID=scheduled__2024-02-15T00:00:00+00:00
[2024-09-16 00:13:37,087] {python.py:173} INFO - Done. Returned value was: None
[2024-09-16 00:13:37,263] {taskinstance.py:1395} INFO - Marking task as SUCCESS. dag_id=BRONZER_GET_STONCKS, task_id=BRONZE_STONCKS_GOOG, execution_date=20240215T000000, start_date=20240916T031335, end_date=20240916T031337
[2024-09-16 00:13:37,332] {local_task_job.py:156} INFO - Task exited with return code 0
[2024-09-16 00:13:37,512] {local_task_job.py:273} INFO - 0 downstream tasks scheduled from follow-on schedule check
[2024-09-16 00:15:06,633] {taskinstance.py:1159} INFO - Dependencies all met for <TaskInstance: BRONZER_GET_STONCKS.BRONZE_STONCKS_GOOG scheduled__2024-02-15T00:00:00+00:00 [queued]>
[2024-09-16 00:15:06,644] {taskinstance.py:1159} INFO - Dependencies all met for <TaskInstance: BRONZER_GET_STONCKS.BRONZE_STONCKS_GOOG scheduled__2024-02-15T00:00:00+00:00 [queued]>
[2024-09-16 00:15:06,645] {taskinstance.py:1356} INFO - 
--------------------------------------------------------------------------------
[2024-09-16 00:15:06,645] {taskinstance.py:1357} INFO - Starting attempt 1 of 1
[2024-09-16 00:15:06,645] {taskinstance.py:1358} INFO - 
--------------------------------------------------------------------------------
[2024-09-16 00:15:06,658] {taskinstance.py:1377} INFO - Executing <Task(_PythonDecoratedOperator): BRONZE_STONCKS_GOOG> on 2024-02-15 00:00:00+00:00
[2024-09-16 00:15:06,664] {standard_task_runner.py:52} INFO - Started process 53120 to run task
[2024-09-16 00:15:06,669] {standard_task_runner.py:79} INFO - Running: ['airflow', 'tasks', 'run', 'BRONZER_GET_STONCKS', 'BRONZE_STONCKS_GOOG', 'scheduled__2024-02-15T00:00:00+00:00', '--job-id', '2020', '--raw', '--subdir', 'DAGS_FOLDER/get_stocks.py', '--cfg-path', '/tmp/tmps1yuw95e', '--error-file', '/tmp/tmp68n322s_']
[2024-09-16 00:15:06,670] {standard_task_runner.py:80} INFO - Job 2020: Subtask BRONZE_STONCKS_GOOG
[2024-09-16 00:15:06,761] {task_command.py:370} INFO - Running <TaskInstance: BRONZER_GET_STONCKS.BRONZE_STONCKS_GOOG scheduled__2024-02-15T00:00:00+00:00 [running]> on host kaiwang.
[2024-09-16 00:15:06,853] {taskinstance.py:1569} INFO - Exporting the following env vars:
AIRFLOW_CTX_DAG_OWNER=airflow
AIRFLOW_CTX_DAG_ID=BRONZER_GET_STONCKS
AIRFLOW_CTX_TASK_ID=BRONZE_STONCKS_GOOG
AIRFLOW_CTX_EXECUTION_DATE=2024-02-15T00:00:00+00:00
AIRFLOW_CTX_TRY_NUMBER=1
AIRFLOW_CTX_DAG_RUN_ID=scheduled__2024-02-15T00:00:00+00:00
[2024-09-16 00:15:07,482] {python.py:173} INFO - Done. Returned value was: None
[2024-09-16 00:15:07,548] {taskinstance.py:1395} INFO - Marking task as SUCCESS. dag_id=BRONZER_GET_STONCKS, task_id=BRONZE_STONCKS_GOOG, execution_date=20240215T000000, start_date=20240916T031506, end_date=20240916T031507
[2024-09-16 00:15:07,644] {local_task_job.py:156} INFO - Task exited with return code 0
[2024-09-16 00:15:07,830] {local_task_job.py:273} INFO - 0 downstream tasks scheduled from follow-on schedule check
