[2024-09-16 00:05:04,133] {taskinstance.py:1159} INFO - Dependencies all met for <TaskInstance: BRONZER_GET_STONCKS.BRONZE_STONCKS_GOOG scheduled__2024-04-11T00:00:00+00:00 [queued]>
[2024-09-16 00:05:04,225] {taskinstance.py:1159} INFO - Dependencies all met for <TaskInstance: BRONZER_GET_STONCKS.BRONZE_STONCKS_GOOG scheduled__2024-04-11T00:00:00+00:00 [queued]>
[2024-09-16 00:05:04,225] {taskinstance.py:1356} INFO - 
--------------------------------------------------------------------------------
[2024-09-16 00:05:04,225] {taskinstance.py:1357} INFO - Starting attempt 1 of 1
[2024-09-16 00:05:04,225] {taskinstance.py:1358} INFO - 
--------------------------------------------------------------------------------
[2024-09-16 00:05:04,400] {taskinstance.py:1377} INFO - Executing <Task(_PythonDecoratedOperator): BRONZE_STONCKS_GOOG> on 2024-04-11 00:00:00+00:00
[2024-09-16 00:05:04,421] {standard_task_runner.py:52} INFO - Started process 27444 to run task
[2024-09-16 00:05:04,493] {standard_task_runner.py:79} INFO - Running: ['airflow', 'tasks', 'run', 'BRONZER_GET_STONCKS', 'BRONZE_STONCKS_GOOG', 'scheduled__2024-04-11T00:00:00+00:00', '--job-id', '549', '--raw', '--subdir', 'DAGS_FOLDER/get_stocks.py', '--cfg-path', '/tmp/tmpggaw_vmy', '--error-file', '/tmp/tmpcbh9slu2']
[2024-09-16 00:05:04,494] {standard_task_runner.py:80} INFO - Job 549: Subtask BRONZE_STONCKS_GOOG
[2024-09-16 00:05:05,020] {task_command.py:370} INFO - Running <TaskInstance: BRONZER_GET_STONCKS.BRONZE_STONCKS_GOOG scheduled__2024-04-11T00:00:00+00:00 [running]> on host kaiwang.
[2024-09-16 00:05:05,478] {taskinstance.py:1569} INFO - Exporting the following env vars:
AIRFLOW_CTX_DAG_OWNER=airflow
AIRFLOW_CTX_DAG_ID=BRONZER_GET_STONCKS
AIRFLOW_CTX_TASK_ID=BRONZE_STONCKS_GOOG
AIRFLOW_CTX_EXECUTION_DATE=2024-04-11T00:00:00+00:00
AIRFLOW_CTX_TRY_NUMBER=1
AIRFLOW_CTX_DAG_RUN_ID=scheduled__2024-04-11T00:00:00+00:00
[2024-09-16 00:05:06,224] {python.py:173} INFO - Done. Returned value was: None
[2024-09-16 00:05:06,278] {taskinstance.py:1395} INFO - Marking task as SUCCESS. dag_id=BRONZER_GET_STONCKS, task_id=BRONZE_STONCKS_GOOG, execution_date=20240411T000000, start_date=20240916T030504, end_date=20240916T030506
[2024-09-16 00:05:06,361] {local_task_job.py:156} INFO - Task exited with return code 0
[2024-09-16 00:05:06,418] {local_task_job.py:273} INFO - 0 downstream tasks scheduled from follow-on schedule check
[2024-09-16 00:16:08,384] {taskinstance.py:1159} INFO - Dependencies all met for <TaskInstance: BRONZER_GET_STONCKS.BRONZE_STONCKS_GOOG scheduled__2024-04-11T00:00:00+00:00 [queued]>
[2024-09-16 00:16:08,399] {taskinstance.py:1159} INFO - Dependencies all met for <TaskInstance: BRONZER_GET_STONCKS.BRONZE_STONCKS_GOOG scheduled__2024-04-11T00:00:00+00:00 [queued]>
[2024-09-16 00:16:08,399] {taskinstance.py:1356} INFO - 
--------------------------------------------------------------------------------
[2024-09-16 00:16:08,399] {taskinstance.py:1357} INFO - Starting attempt 1 of 1
[2024-09-16 00:16:08,399] {taskinstance.py:1358} INFO - 
--------------------------------------------------------------------------------
[2024-09-16 00:16:08,457] {taskinstance.py:1377} INFO - Executing <Task(_PythonDecoratedOperator): BRONZE_STONCKS_GOOG> on 2024-04-11 00:00:00+00:00
[2024-09-16 00:16:08,462] {standard_task_runner.py:52} INFO - Started process 58168 to run task
[2024-09-16 00:16:08,484] {standard_task_runner.py:79} INFO - Running: ['airflow', 'tasks', 'run', 'BRONZER_GET_STONCKS', 'BRONZE_STONCKS_GOOG', 'scheduled__2024-04-11T00:00:00+00:00', '--job-id', '2319', '--raw', '--subdir', 'DAGS_FOLDER/get_stocks.py', '--cfg-path', '/tmp/tmp0vrt00sf', '--error-file', '/tmp/tmph4rzp327']
[2024-09-16 00:16:08,485] {standard_task_runner.py:80} INFO - Job 2319: Subtask BRONZE_STONCKS_GOOG
[2024-09-16 00:16:08,673] {task_command.py:370} INFO - Running <TaskInstance: BRONZER_GET_STONCKS.BRONZE_STONCKS_GOOG scheduled__2024-04-11T00:00:00+00:00 [running]> on host kaiwang.
[2024-09-16 00:16:08,888] {taskinstance.py:1569} INFO - Exporting the following env vars:
AIRFLOW_CTX_DAG_OWNER=airflow
AIRFLOW_CTX_DAG_ID=BRONZER_GET_STONCKS
AIRFLOW_CTX_TASK_ID=BRONZE_STONCKS_GOOG
AIRFLOW_CTX_EXECUTION_DATE=2024-04-11T00:00:00+00:00
AIRFLOW_CTX_TRY_NUMBER=1
AIRFLOW_CTX_DAG_RUN_ID=scheduled__2024-04-11T00:00:00+00:00
[2024-09-16 00:16:09,884] {python.py:173} INFO - Done. Returned value was: None
[2024-09-16 00:16:09,905] {taskinstance.py:1395} INFO - Marking task as SUCCESS. dag_id=BRONZER_GET_STONCKS, task_id=BRONZE_STONCKS_GOOG, execution_date=20240411T000000, start_date=20240916T031608, end_date=20240916T031609
[2024-09-16 00:16:09,962] {local_task_job.py:156} INFO - Task exited with return code 0
[2024-09-16 00:16:09,998] {local_task_job.py:273} INFO - 0 downstream tasks scheduled from follow-on schedule check
