[2024-09-16 00:03:10,473] {taskinstance.py:1159} INFO - Dependencies all met for <TaskInstance: BRONZER_GET_STONCKS.BRONZE_STONCKS_AAPL scheduled__2024-01-11T00:00:00+00:00 [queued]>
[2024-09-16 00:03:10,511] {taskinstance.py:1159} INFO - Dependencies all met for <TaskInstance: BRONZER_GET_STONCKS.BRONZE_STONCKS_AAPL scheduled__2024-01-11T00:00:00+00:00 [queued]>
[2024-09-16 00:03:10,511] {taskinstance.py:1356} INFO - 
--------------------------------------------------------------------------------
[2024-09-16 00:03:10,512] {taskinstance.py:1357} INFO - Starting attempt 1 of 1
[2024-09-16 00:03:10,512] {taskinstance.py:1358} INFO - 
--------------------------------------------------------------------------------
[2024-09-16 00:03:10,587] {taskinstance.py:1377} INFO - Executing <Task(_PythonDecoratedOperator): BRONZE_STONCKS_AAPL> on 2024-01-11 00:00:00+00:00
[2024-09-16 00:03:10,600] {standard_task_runner.py:52} INFO - Started process 18982 to run task
[2024-09-16 00:03:10,649] {standard_task_runner.py:79} INFO - Running: ['airflow', 'tasks', 'run', 'BRONZER_GET_STONCKS', 'BRONZE_STONCKS_AAPL', 'scheduled__2024-01-11T00:00:00+00:00', '--job-id', '63', '--raw', '--subdir', 'DAGS_FOLDER/get_stocks.py', '--cfg-path', '/tmp/tmpkslqx2ad', '--error-file', '/tmp/tmpfo_v61nn']
[2024-09-16 00:03:10,651] {standard_task_runner.py:80} INFO - Job 63: Subtask BRONZE_STONCKS_AAPL
[2024-09-16 00:03:10,901] {task_command.py:370} INFO - Running <TaskInstance: BRONZER_GET_STONCKS.BRONZE_STONCKS_AAPL scheduled__2024-01-11T00:00:00+00:00 [running]> on host kaiwang.
[2024-09-16 00:03:11,069] {taskinstance.py:1569} INFO - Exporting the following env vars:
AIRFLOW_CTX_DAG_OWNER=airflow
AIRFLOW_CTX_DAG_ID=BRONZER_GET_STONCKS
AIRFLOW_CTX_TASK_ID=BRONZE_STONCKS_AAPL
AIRFLOW_CTX_EXECUTION_DATE=2024-01-11T00:00:00+00:00
AIRFLOW_CTX_TRY_NUMBER=1
AIRFLOW_CTX_DAG_RUN_ID=scheduled__2024-01-11T00:00:00+00:00
[2024-09-16 00:03:11,888] {python.py:173} INFO - Done. Returned value was: None
[2024-09-16 00:03:11,908] {taskinstance.py:1395} INFO - Marking task as SUCCESS. dag_id=BRONZER_GET_STONCKS, task_id=BRONZE_STONCKS_AAPL, execution_date=20240111T000000, start_date=20240916T030310, end_date=20240916T030311
[2024-09-16 00:03:11,938] {local_task_job.py:156} INFO - Task exited with return code 0
[2024-09-16 00:03:11,983] {local_task_job.py:273} INFO - 0 downstream tasks scheduled from follow-on schedule check
[2024-09-16 00:12:53,488] {taskinstance.py:1159} INFO - Dependencies all met for <TaskInstance: BRONZER_GET_STONCKS.BRONZE_STONCKS_AAPL scheduled__2024-01-11T00:00:00+00:00 [queued]>
[2024-09-16 00:12:53,508] {taskinstance.py:1159} INFO - Dependencies all met for <TaskInstance: BRONZER_GET_STONCKS.BRONZE_STONCKS_AAPL scheduled__2024-01-11T00:00:00+00:00 [queued]>
[2024-09-16 00:12:53,509] {taskinstance.py:1356} INFO - 
--------------------------------------------------------------------------------
[2024-09-16 00:12:53,509] {taskinstance.py:1357} INFO - Starting attempt 1 of 1
[2024-09-16 00:12:53,509] {taskinstance.py:1358} INFO - 
--------------------------------------------------------------------------------
[2024-09-16 00:12:53,530] {taskinstance.py:1377} INFO - Executing <Task(_PythonDecoratedOperator): BRONZE_STONCKS_AAPL> on 2024-01-11 00:00:00+00:00
[2024-09-16 00:12:53,535] {standard_task_runner.py:52} INFO - Started process 44573 to run task
[2024-09-16 00:12:53,542] {standard_task_runner.py:79} INFO - Running: ['airflow', 'tasks', 'run', 'BRONZER_GET_STONCKS', 'BRONZE_STONCKS_AAPL', 'scheduled__2024-01-11T00:00:00+00:00', '--job-id', '1538', '--raw', '--subdir', 'DAGS_FOLDER/get_stocks.py', '--cfg-path', '/tmp/tmpsm1ojk65', '--error-file', '/tmp/tmpwuefa25f']
[2024-09-16 00:12:53,544] {standard_task_runner.py:80} INFO - Job 1538: Subtask BRONZE_STONCKS_AAPL
[2024-09-16 00:12:53,675] {task_command.py:370} INFO - Running <TaskInstance: BRONZER_GET_STONCKS.BRONZE_STONCKS_AAPL scheduled__2024-01-11T00:00:00+00:00 [running]> on host kaiwang.
[2024-09-16 00:12:53,794] {taskinstance.py:1569} INFO - Exporting the following env vars:
AIRFLOW_CTX_DAG_OWNER=airflow
AIRFLOW_CTX_DAG_ID=BRONZER_GET_STONCKS
AIRFLOW_CTX_TASK_ID=BRONZE_STONCKS_AAPL
AIRFLOW_CTX_EXECUTION_DATE=2024-01-11T00:00:00+00:00
AIRFLOW_CTX_TRY_NUMBER=1
AIRFLOW_CTX_DAG_RUN_ID=scheduled__2024-01-11T00:00:00+00:00
[2024-09-16 00:12:54,476] {python.py:173} INFO - Done. Returned value was: None
[2024-09-16 00:12:54,599] {taskinstance.py:1395} INFO - Marking task as SUCCESS. dag_id=BRONZER_GET_STONCKS, task_id=BRONZE_STONCKS_AAPL, execution_date=20240111T000000, start_date=20240916T031253, end_date=20240916T031254
[2024-09-16 00:12:54,683] {local_task_job.py:156} INFO - Task exited with return code 0
[2024-09-16 00:12:55,106] {local_task_job.py:273} INFO - 0 downstream tasks scheduled from follow-on schedule check
[2024-09-16 00:14:27,591] {taskinstance.py:1159} INFO - Dependencies all met for <TaskInstance: BRONZER_GET_STONCKS.BRONZE_STONCKS_AAPL scheduled__2024-01-11T00:00:00+00:00 [queued]>
[2024-09-16 00:14:27,724] {taskinstance.py:1159} INFO - Dependencies all met for <TaskInstance: BRONZER_GET_STONCKS.BRONZE_STONCKS_AAPL scheduled__2024-01-11T00:00:00+00:00 [queued]>
[2024-09-16 00:14:27,724] {taskinstance.py:1356} INFO - 
--------------------------------------------------------------------------------
[2024-09-16 00:14:27,724] {taskinstance.py:1357} INFO - Starting attempt 1 of 1
[2024-09-16 00:14:27,724] {taskinstance.py:1358} INFO - 
--------------------------------------------------------------------------------
[2024-09-16 00:14:27,866] {taskinstance.py:1377} INFO - Executing <Task(_PythonDecoratedOperator): BRONZE_STONCKS_AAPL> on 2024-01-11 00:00:00+00:00
[2024-09-16 00:14:27,899] {standard_task_runner.py:79} INFO - Running: ['airflow', 'tasks', 'run', 'BRONZER_GET_STONCKS', 'BRONZE_STONCKS_AAPL', 'scheduled__2024-01-11T00:00:00+00:00', '--job-id', '1847', '--raw', '--subdir', 'DAGS_FOLDER/get_stocks.py', '--cfg-path', '/tmp/tmpjk7d3lzl', '--error-file', '/tmp/tmpq67rwxzh']
[2024-09-16 00:14:27,901] {standard_task_runner.py:80} INFO - Job 1847: Subtask BRONZE_STONCKS_AAPL
[2024-09-16 00:14:27,871] {standard_task_runner.py:52} INFO - Started process 49933 to run task
[2024-09-16 00:14:28,353] {task_command.py:370} INFO - Running <TaskInstance: BRONZER_GET_STONCKS.BRONZE_STONCKS_AAPL scheduled__2024-01-11T00:00:00+00:00 [running]> on host kaiwang.
[2024-09-16 00:14:28,585] {taskinstance.py:1569} INFO - Exporting the following env vars:
AIRFLOW_CTX_DAG_OWNER=airflow
AIRFLOW_CTX_DAG_ID=BRONZER_GET_STONCKS
AIRFLOW_CTX_TASK_ID=BRONZE_STONCKS_AAPL
AIRFLOW_CTX_EXECUTION_DATE=2024-01-11T00:00:00+00:00
AIRFLOW_CTX_TRY_NUMBER=1
AIRFLOW_CTX_DAG_RUN_ID=scheduled__2024-01-11T00:00:00+00:00
[2024-09-16 00:14:29,274] {python.py:173} INFO - Done. Returned value was: None
[2024-09-16 00:14:29,302] {taskinstance.py:1395} INFO - Marking task as SUCCESS. dag_id=BRONZER_GET_STONCKS, task_id=BRONZE_STONCKS_AAPL, execution_date=20240111T000000, start_date=20240916T031427, end_date=20240916T031429
[2024-09-16 00:14:29,347] {local_task_job.py:156} INFO - Task exited with return code 0
[2024-09-16 00:14:29,395] {local_task_job.py:273} INFO - 0 downstream tasks scheduled from follow-on schedule check
