[2024-09-16 00:04:27,092] {taskinstance.py:1159} INFO - Dependencies all met for <TaskInstance: BRONZER_GET_STONCKS.BRONZE_STONCKS_GOOG scheduled__2024-03-09T00:00:00+00:00 [queued]>
[2024-09-16 00:04:27,125] {taskinstance.py:1159} INFO - Dependencies all met for <TaskInstance: BRONZER_GET_STONCKS.BRONZE_STONCKS_GOOG scheduled__2024-03-09T00:00:00+00:00 [queued]>
[2024-09-16 00:04:27,126] {taskinstance.py:1356} INFO - 
--------------------------------------------------------------------------------
[2024-09-16 00:04:27,126] {taskinstance.py:1357} INFO - Starting attempt 1 of 1
[2024-09-16 00:04:27,126] {taskinstance.py:1358} INFO - 
--------------------------------------------------------------------------------
[2024-09-16 00:04:27,161] {taskinstance.py:1377} INFO - Executing <Task(_PythonDecoratedOperator): BRONZE_STONCKS_GOOG> on 2024-03-09 00:00:00+00:00
[2024-09-16 00:04:27,167] {standard_task_runner.py:52} INFO - Started process 24679 to run task
[2024-09-16 00:04:27,184] {standard_task_runner.py:79} INFO - Running: ['airflow', 'tasks', 'run', 'BRONZER_GET_STONCKS', 'BRONZE_STONCKS_GOOG', 'scheduled__2024-03-09T00:00:00+00:00', '--job-id', '390', '--raw', '--subdir', 'DAGS_FOLDER/get_stocks.py', '--cfg-path', '/tmp/tmp663xkspm', '--error-file', '/tmp/tmppi3l90_4']
[2024-09-16 00:04:27,185] {standard_task_runner.py:80} INFO - Job 390: Subtask BRONZE_STONCKS_GOOG
[2024-09-16 00:04:27,422] {task_command.py:370} INFO - Running <TaskInstance: BRONZER_GET_STONCKS.BRONZE_STONCKS_GOOG scheduled__2024-03-09T00:00:00+00:00 [running]> on host kaiwang.
[2024-09-16 00:04:27,540] {taskinstance.py:1569} INFO - Exporting the following env vars:
AIRFLOW_CTX_DAG_OWNER=airflow
AIRFLOW_CTX_DAG_ID=BRONZER_GET_STONCKS
AIRFLOW_CTX_TASK_ID=BRONZE_STONCKS_GOOG
AIRFLOW_CTX_EXECUTION_DATE=2024-03-09T00:00:00+00:00
AIRFLOW_CTX_TRY_NUMBER=1
AIRFLOW_CTX_DAG_RUN_ID=scheduled__2024-03-09T00:00:00+00:00
[2024-09-16 00:04:28,086] {python.py:173} INFO - Done. Returned value was: None
[2024-09-16 00:04:28,106] {taskinstance.py:1395} INFO - Marking task as SUCCESS. dag_id=BRONZER_GET_STONCKS, task_id=BRONZE_STONCKS_GOOG, execution_date=20240309T000000, start_date=20240916T030427, end_date=20240916T030428
[2024-09-16 00:04:28,167] {local_task_job.py:156} INFO - Task exited with return code 0
[2024-09-16 00:04:28,403] {local_task_job.py:273} INFO - 0 downstream tasks scheduled from follow-on schedule check
[2024-09-16 00:15:35,012] {taskinstance.py:1159} INFO - Dependencies all met for <TaskInstance: BRONZER_GET_STONCKS.BRONZE_STONCKS_GOOG scheduled__2024-03-09T00:00:00+00:00 [queued]>
[2024-09-16 00:15:35,046] {taskinstance.py:1159} INFO - Dependencies all met for <TaskInstance: BRONZER_GET_STONCKS.BRONZE_STONCKS_GOOG scheduled__2024-03-09T00:00:00+00:00 [queued]>
[2024-09-16 00:15:35,047] {taskinstance.py:1356} INFO - 
--------------------------------------------------------------------------------
[2024-09-16 00:15:35,047] {taskinstance.py:1357} INFO - Starting attempt 1 of 1
[2024-09-16 00:15:35,047] {taskinstance.py:1358} INFO - 
--------------------------------------------------------------------------------
[2024-09-16 00:15:35,120] {taskinstance.py:1377} INFO - Executing <Task(_PythonDecoratedOperator): BRONZE_STONCKS_GOOG> on 2024-03-09 00:00:00+00:00
[2024-09-16 00:15:35,147] {standard_task_runner.py:52} INFO - Started process 55388 to run task
[2024-09-16 00:15:35,170] {standard_task_runner.py:79} INFO - Running: ['airflow', 'tasks', 'run', 'BRONZER_GET_STONCKS', 'BRONZE_STONCKS_GOOG', 'scheduled__2024-03-09T00:00:00+00:00', '--job-id', '2156', '--raw', '--subdir', 'DAGS_FOLDER/get_stocks.py', '--cfg-path', '/tmp/tmpsynd5rlv', '--error-file', '/tmp/tmpe1ua_mr5']
[2024-09-16 00:15:35,171] {standard_task_runner.py:80} INFO - Job 2156: Subtask BRONZE_STONCKS_GOOG
[2024-09-16 00:15:35,416] {task_command.py:370} INFO - Running <TaskInstance: BRONZER_GET_STONCKS.BRONZE_STONCKS_GOOG scheduled__2024-03-09T00:00:00+00:00 [running]> on host kaiwang.
[2024-09-16 00:15:35,686] {taskinstance.py:1569} INFO - Exporting the following env vars:
AIRFLOW_CTX_DAG_OWNER=airflow
AIRFLOW_CTX_DAG_ID=BRONZER_GET_STONCKS
AIRFLOW_CTX_TASK_ID=BRONZE_STONCKS_GOOG
AIRFLOW_CTX_EXECUTION_DATE=2024-03-09T00:00:00+00:00
AIRFLOW_CTX_TRY_NUMBER=1
AIRFLOW_CTX_DAG_RUN_ID=scheduled__2024-03-09T00:00:00+00:00
[2024-09-16 00:15:36,313] {python.py:173} INFO - Done. Returned value was: None
[2024-09-16 00:15:36,407] {taskinstance.py:1395} INFO - Marking task as SUCCESS. dag_id=BRONZER_GET_STONCKS, task_id=BRONZE_STONCKS_GOOG, execution_date=20240309T000000, start_date=20240916T031535, end_date=20240916T031536
[2024-09-16 00:15:36,479] {local_task_job.py:156} INFO - Task exited with return code 0
[2024-09-16 00:15:36,722] {local_task_job.py:273} INFO - 0 downstream tasks scheduled from follow-on schedule check
