[2024-09-16 00:05:20,104] {taskinstance.py:1159} INFO - Dependencies all met for <TaskInstance: BRONZER_GET_STONCKS.BRONZE_STONCKS_AAPL scheduled__2024-04-26T00:00:00+00:00 [queued]>
[2024-09-16 00:05:20,139] {taskinstance.py:1159} INFO - Dependencies all met for <TaskInstance: BRONZER_GET_STONCKS.BRONZE_STONCKS_AAPL scheduled__2024-04-26T00:00:00+00:00 [queued]>
[2024-09-16 00:05:20,139] {taskinstance.py:1356} INFO - 
--------------------------------------------------------------------------------
[2024-09-16 00:05:20,139] {taskinstance.py:1357} INFO - Starting attempt 1 of 1
[2024-09-16 00:05:20,139] {taskinstance.py:1358} INFO - 
--------------------------------------------------------------------------------
[2024-09-16 00:05:20,181] {taskinstance.py:1377} INFO - Executing <Task(_PythonDecoratedOperator): BRONZE_STONCKS_AAPL> on 2024-04-26 00:00:00+00:00
[2024-09-16 00:05:20,194] {standard_task_runner.py:52} INFO - Started process 28777 to run task
[2024-09-16 00:05:20,223] {standard_task_runner.py:79} INFO - Running: ['airflow', 'tasks', 'run', 'BRONZER_GET_STONCKS', 'BRONZE_STONCKS_AAPL', 'scheduled__2024-04-26T00:00:00+00:00', '--job-id', '629', '--raw', '--subdir', 'DAGS_FOLDER/get_stocks.py', '--cfg-path', '/tmp/tmp6rvcb9jc', '--error-file', '/tmp/tmpobufvz2h']
[2024-09-16 00:05:20,225] {standard_task_runner.py:80} INFO - Job 629: Subtask BRONZE_STONCKS_AAPL
[2024-09-16 00:05:20,400] {task_command.py:370} INFO - Running <TaskInstance: BRONZER_GET_STONCKS.BRONZE_STONCKS_AAPL scheduled__2024-04-26T00:00:00+00:00 [running]> on host kaiwang.
[2024-09-16 00:05:20,654] {taskinstance.py:1569} INFO - Exporting the following env vars:
AIRFLOW_CTX_DAG_OWNER=airflow
AIRFLOW_CTX_DAG_ID=BRONZER_GET_STONCKS
AIRFLOW_CTX_TASK_ID=BRONZE_STONCKS_AAPL
AIRFLOW_CTX_EXECUTION_DATE=2024-04-26T00:00:00+00:00
AIRFLOW_CTX_TRY_NUMBER=1
AIRFLOW_CTX_DAG_RUN_ID=scheduled__2024-04-26T00:00:00+00:00
[2024-09-16 00:05:21,378] {python.py:173} INFO - Done. Returned value was: None
[2024-09-16 00:05:21,432] {taskinstance.py:1395} INFO - Marking task as SUCCESS. dag_id=BRONZER_GET_STONCKS, task_id=BRONZE_STONCKS_AAPL, execution_date=20240426T000000, start_date=20240916T030520, end_date=20240916T030521
[2024-09-16 00:05:21,477] {local_task_job.py:156} INFO - Task exited with return code 0
[2024-09-16 00:05:21,536] {local_task_job.py:273} INFO - 0 downstream tasks scheduled from follow-on schedule check
[2024-09-16 00:16:25,824] {taskinstance.py:1159} INFO - Dependencies all met for <TaskInstance: BRONZER_GET_STONCKS.BRONZE_STONCKS_AAPL scheduled__2024-04-26T00:00:00+00:00 [queued]>
[2024-09-16 00:16:25,873] {taskinstance.py:1159} INFO - Dependencies all met for <TaskInstance: BRONZER_GET_STONCKS.BRONZE_STONCKS_AAPL scheduled__2024-04-26T00:00:00+00:00 [queued]>
[2024-09-16 00:16:25,874] {taskinstance.py:1356} INFO - 
--------------------------------------------------------------------------------
[2024-09-16 00:16:25,899] {taskinstance.py:1357} INFO - Starting attempt 1 of 1
[2024-09-16 00:16:25,901] {taskinstance.py:1358} INFO - 
--------------------------------------------------------------------------------
[2024-09-16 00:16:25,964] {taskinstance.py:1377} INFO - Executing <Task(_PythonDecoratedOperator): BRONZE_STONCKS_AAPL> on 2024-04-26 00:00:00+00:00
[2024-09-16 00:16:26,005] {standard_task_runner.py:52} INFO - Started process 59517 to run task
[2024-09-16 00:16:26,020] {standard_task_runner.py:79} INFO - Running: ['airflow', 'tasks', 'run', 'BRONZER_GET_STONCKS', 'BRONZE_STONCKS_AAPL', 'scheduled__2024-04-26T00:00:00+00:00', '--job-id', '2396', '--raw', '--subdir', 'DAGS_FOLDER/get_stocks.py', '--cfg-path', '/tmp/tmp1xzcjblh', '--error-file', '/tmp/tmppn71f46_']
[2024-09-16 00:16:26,031] {standard_task_runner.py:80} INFO - Job 2396: Subtask BRONZE_STONCKS_AAPL
[2024-09-16 00:16:26,374] {task_command.py:370} INFO - Running <TaskInstance: BRONZER_GET_STONCKS.BRONZE_STONCKS_AAPL scheduled__2024-04-26T00:00:00+00:00 [running]> on host kaiwang.
[2024-09-16 00:16:26,722] {taskinstance.py:1569} INFO - Exporting the following env vars:
AIRFLOW_CTX_DAG_OWNER=airflow
AIRFLOW_CTX_DAG_ID=BRONZER_GET_STONCKS
AIRFLOW_CTX_TASK_ID=BRONZE_STONCKS_AAPL
AIRFLOW_CTX_EXECUTION_DATE=2024-04-26T00:00:00+00:00
AIRFLOW_CTX_TRY_NUMBER=1
AIRFLOW_CTX_DAG_RUN_ID=scheduled__2024-04-26T00:00:00+00:00
[2024-09-16 00:16:27,443] {python.py:173} INFO - Done. Returned value was: None
[2024-09-16 00:16:27,697] {taskinstance.py:1395} INFO - Marking task as SUCCESS. dag_id=BRONZER_GET_STONCKS, task_id=BRONZE_STONCKS_AAPL, execution_date=20240426T000000, start_date=20240916T031625, end_date=20240916T031627
[2024-09-16 00:16:27,818] {local_task_job.py:156} INFO - Task exited with return code 0
[2024-09-16 00:16:28,006] {local_task_job.py:273} INFO - 0 downstream tasks scheduled from follow-on schedule check
