[2024-09-16 00:07:52,935] {taskinstance.py:1159} INFO - Dependencies all met for <TaskInstance: BRONZER_GET_CRIPTOS.BRONZE_CRIPTO_BTC scheduled__2024-08-06T00:00:00+00:00 [queued]>
[2024-09-16 00:07:52,954] {taskinstance.py:1159} INFO - Dependencies all met for <TaskInstance: BRONZER_GET_CRIPTOS.BRONZE_CRIPTO_BTC scheduled__2024-08-06T00:00:00+00:00 [queued]>
[2024-09-16 00:07:52,955] {taskinstance.py:1356} INFO - 
--------------------------------------------------------------------------------
[2024-09-16 00:07:52,955] {taskinstance.py:1357} INFO - Starting attempt 1 of 1
[2024-09-16 00:07:52,955] {taskinstance.py:1358} INFO - 
--------------------------------------------------------------------------------
[2024-09-16 00:07:53,000] {taskinstance.py:1377} INFO - Executing <Task(_PythonDecoratedOperator): BRONZE_CRIPTO_BTC> on 2024-08-06 00:00:00+00:00
[2024-09-16 00:07:53,005] {standard_task_runner.py:52} INFO - Started process 41368 to run task
[2024-09-16 00:07:53,023] {standard_task_runner.py:79} INFO - Running: ['airflow', 'tasks', 'run', 'BRONZER_GET_CRIPTOS', 'BRONZE_CRIPTO_BTC', 'scheduled__2024-08-06T00:00:00+00:00', '--job-id', '1361', '--raw', '--subdir', 'DAGS_FOLDER/get_cripto.py', '--cfg-path', '/tmp/tmpg1gjzei9', '--error-file', '/tmp/tmpvfvs_w5j']
[2024-09-16 00:07:53,024] {standard_task_runner.py:80} INFO - Job 1361: Subtask BRONZE_CRIPTO_BTC
[2024-09-16 00:07:53,269] {task_command.py:370} INFO - Running <TaskInstance: BRONZER_GET_CRIPTOS.BRONZE_CRIPTO_BTC scheduled__2024-08-06T00:00:00+00:00 [running]> on host kaiwang.
[2024-09-16 00:07:53,463] {taskinstance.py:1569} INFO - Exporting the following env vars:
AIRFLOW_CTX_DAG_OWNER=airflow
AIRFLOW_CTX_DAG_ID=BRONZER_GET_CRIPTOS
AIRFLOW_CTX_TASK_ID=BRONZE_CRIPTO_BTC
AIRFLOW_CTX_EXECUTION_DATE=2024-08-06T00:00:00+00:00
AIRFLOW_CTX_TRY_NUMBER=1
AIRFLOW_CTX_DAG_RUN_ID=scheduled__2024-08-06T00:00:00+00:00
[2024-09-16 00:07:53,979] {python.py:173} INFO - Done. Returned value was: None
[2024-09-16 00:07:53,997] {taskinstance.py:1395} INFO - Marking task as SUCCESS. dag_id=BRONZER_GET_CRIPTOS, task_id=BRONZE_CRIPTO_BTC, execution_date=20240806T000000, start_date=20240916T030752, end_date=20240916T030753
[2024-09-16 00:07:54,041] {local_task_job.py:156} INFO - Task exited with return code 0
[2024-09-16 00:07:54,084] {local_task_job.py:273} INFO - 0 downstream tasks scheduled from follow-on schedule check
[2024-09-16 13:55:47,542] {taskinstance.py:1159} INFO - Dependencies all met for <TaskInstance: BRONZER_GET_CRIPTOS.BRONZE_CRIPTO_BTC scheduled__2024-08-06T00:00:00+00:00 [queued]>
[2024-09-16 13:55:47,562] {taskinstance.py:1159} INFO - Dependencies all met for <TaskInstance: BRONZER_GET_CRIPTOS.BRONZE_CRIPTO_BTC scheduled__2024-08-06T00:00:00+00:00 [queued]>
[2024-09-16 13:55:47,562] {taskinstance.py:1356} INFO - 
--------------------------------------------------------------------------------
[2024-09-16 13:55:47,562] {taskinstance.py:1357} INFO - Starting attempt 1 of 1
[2024-09-16 13:55:47,562] {taskinstance.py:1358} INFO - 
--------------------------------------------------------------------------------
[2024-09-16 13:55:47,602] {taskinstance.py:1377} INFO - Executing <Task(_PythonDecoratedOperator): BRONZE_CRIPTO_BTC> on 2024-08-06 00:00:00+00:00
[2024-09-16 13:55:47,610] {standard_task_runner.py:52} INFO - Started process 136349 to run task
[2024-09-16 13:55:47,630] {standard_task_runner.py:79} INFO - Running: ['airflow', 'tasks', 'run', 'BRONZER_GET_CRIPTOS', 'BRONZE_CRIPTO_BTC', 'scheduled__2024-08-06T00:00:00+00:00', '--job-id', '2459', '--raw', '--subdir', 'DAGS_FOLDER/get_cripto.py', '--cfg-path', '/tmp/tmpvmtacf6j', '--error-file', '/tmp/tmp2cogip7a']
[2024-09-16 13:55:47,631] {standard_task_runner.py:80} INFO - Job 2459: Subtask BRONZE_CRIPTO_BTC
[2024-09-16 13:55:47,854] {task_command.py:370} INFO - Running <TaskInstance: BRONZER_GET_CRIPTOS.BRONZE_CRIPTO_BTC scheduled__2024-08-06T00:00:00+00:00 [running]> on host kaiwang.
[2024-09-16 13:55:48,473] {taskinstance.py:1569} INFO - Exporting the following env vars:
AIRFLOW_CTX_DAG_OWNER=airflow
AIRFLOW_CTX_DAG_ID=BRONZER_GET_CRIPTOS
AIRFLOW_CTX_TASK_ID=BRONZE_CRIPTO_BTC
AIRFLOW_CTX_EXECUTION_DATE=2024-08-06T00:00:00+00:00
AIRFLOW_CTX_TRY_NUMBER=1
AIRFLOW_CTX_DAG_RUN_ID=scheduled__2024-08-06T00:00:00+00:00
[2024-09-16 13:55:49,027] {python.py:173} INFO - Done. Returned value was: None
[2024-09-16 13:55:49,064] {taskinstance.py:1395} INFO - Marking task as SUCCESS. dag_id=BRONZER_GET_CRIPTOS, task_id=BRONZE_CRIPTO_BTC, execution_date=20240806T000000, start_date=20240916T165547, end_date=20240916T165549
[2024-09-16 13:55:49,137] {local_task_job.py:156} INFO - Task exited with return code 0
[2024-09-16 13:55:49,254] {local_task_job.py:273} INFO - 0 downstream tasks scheduled from follow-on schedule check
