[2024-09-16 00:08:25,731] {taskinstance.py:1159} INFO - Dependencies all met for <TaskInstance: BRONZER_GET_CRIPTOS.BRONZE_CRIPTO_BTC scheduled__2024-09-07T00:00:00+00:00 [queued]>
[2024-09-16 00:08:25,764] {taskinstance.py:1159} INFO - Dependencies all met for <TaskInstance: BRONZER_GET_CRIPTOS.BRONZE_CRIPTO_BTC scheduled__2024-09-07T00:00:00+00:00 [queued]>
[2024-09-16 00:08:25,765] {taskinstance.py:1356} INFO - 
--------------------------------------------------------------------------------
[2024-09-16 00:08:25,765] {taskinstance.py:1357} INFO - Starting attempt 1 of 1
[2024-09-16 00:08:25,765] {taskinstance.py:1358} INFO - 
--------------------------------------------------------------------------------
[2024-09-16 00:08:25,803] {taskinstance.py:1377} INFO - Executing <Task(_PythonDecoratedOperator): BRONZE_CRIPTO_BTC> on 2024-09-07 00:00:00+00:00
[2024-09-16 00:08:25,809] {standard_task_runner.py:52} INFO - Started process 43123 to run task
[2024-09-16 00:08:25,849] {standard_task_runner.py:79} INFO - Running: ['airflow', 'tasks', 'run', 'BRONZER_GET_CRIPTOS', 'BRONZE_CRIPTO_BTC', 'scheduled__2024-09-07T00:00:00+00:00', '--job-id', '1461', '--raw', '--subdir', 'DAGS_FOLDER/get_cripto.py', '--cfg-path', '/tmp/tmp22l7trd4', '--error-file', '/tmp/tmpa7fvbk0y']
[2024-09-16 00:08:25,850] {standard_task_runner.py:80} INFO - Job 1461: Subtask BRONZE_CRIPTO_BTC
[2024-09-16 00:08:26,087] {task_command.py:370} INFO - Running <TaskInstance: BRONZER_GET_CRIPTOS.BRONZE_CRIPTO_BTC scheduled__2024-09-07T00:00:00+00:00 [running]> on host kaiwang.
[2024-09-16 00:08:26,294] {taskinstance.py:1569} INFO - Exporting the following env vars:
AIRFLOW_CTX_DAG_OWNER=airflow
AIRFLOW_CTX_DAG_ID=BRONZER_GET_CRIPTOS
AIRFLOW_CTX_TASK_ID=BRONZE_CRIPTO_BTC
AIRFLOW_CTX_EXECUTION_DATE=2024-09-07T00:00:00+00:00
AIRFLOW_CTX_TRY_NUMBER=1
AIRFLOW_CTX_DAG_RUN_ID=scheduled__2024-09-07T00:00:00+00:00
[2024-09-16 00:08:27,039] {python.py:173} INFO - Done. Returned value was: None
[2024-09-16 00:08:27,061] {taskinstance.py:1395} INFO - Marking task as SUCCESS. dag_id=BRONZER_GET_CRIPTOS, task_id=BRONZE_CRIPTO_BTC, execution_date=20240907T000000, start_date=20240916T030825, end_date=20240916T030827
[2024-09-16 00:08:27,084] {local_task_job.py:156} INFO - Task exited with return code 0
[2024-09-16 00:08:27,169] {local_task_job.py:273} INFO - 0 downstream tasks scheduled from follow-on schedule check
[2024-09-16 13:56:51,878] {taskinstance.py:1159} INFO - Dependencies all met for <TaskInstance: BRONZER_GET_CRIPTOS.BRONZE_CRIPTO_BTC scheduled__2024-09-07T00:00:00+00:00 [queued]>
[2024-09-16 13:56:51,901] {taskinstance.py:1159} INFO - Dependencies all met for <TaskInstance: BRONZER_GET_CRIPTOS.BRONZE_CRIPTO_BTC scheduled__2024-09-07T00:00:00+00:00 [queued]>
[2024-09-16 13:56:51,901] {taskinstance.py:1356} INFO - 
--------------------------------------------------------------------------------
[2024-09-16 13:56:51,901] {taskinstance.py:1357} INFO - Starting attempt 1 of 1
[2024-09-16 13:56:51,901] {taskinstance.py:1358} INFO - 
--------------------------------------------------------------------------------
[2024-09-16 13:56:51,953] {taskinstance.py:1377} INFO - Executing <Task(_PythonDecoratedOperator): BRONZE_CRIPTO_BTC> on 2024-09-07 00:00:00+00:00
[2024-09-16 13:56:51,959] {standard_task_runner.py:52} INFO - Started process 141031 to run task
[2024-09-16 13:56:51,969] {standard_task_runner.py:79} INFO - Running: ['airflow', 'tasks', 'run', 'BRONZER_GET_CRIPTOS', 'BRONZE_CRIPTO_BTC', 'scheduled__2024-09-07T00:00:00+00:00', '--job-id', '2672', '--raw', '--subdir', 'DAGS_FOLDER/get_cripto.py', '--cfg-path', '/tmp/tmp3tfs_cqv', '--error-file', '/tmp/tmpund91_91']
[2024-09-16 13:56:51,971] {standard_task_runner.py:80} INFO - Job 2672: Subtask BRONZE_CRIPTO_BTC
[2024-09-16 13:56:52,138] {task_command.py:370} INFO - Running <TaskInstance: BRONZER_GET_CRIPTOS.BRONZE_CRIPTO_BTC scheduled__2024-09-07T00:00:00+00:00 [running]> on host kaiwang.
[2024-09-16 13:56:52,657] {taskinstance.py:1569} INFO - Exporting the following env vars:
AIRFLOW_CTX_DAG_OWNER=airflow
AIRFLOW_CTX_DAG_ID=BRONZER_GET_CRIPTOS
AIRFLOW_CTX_TASK_ID=BRONZE_CRIPTO_BTC
AIRFLOW_CTX_EXECUTION_DATE=2024-09-07T00:00:00+00:00
AIRFLOW_CTX_TRY_NUMBER=1
AIRFLOW_CTX_DAG_RUN_ID=scheduled__2024-09-07T00:00:00+00:00
[2024-09-16 13:56:53,813] {python.py:173} INFO - Done. Returned value was: None
[2024-09-16 13:56:53,836] {taskinstance.py:1395} INFO - Marking task as SUCCESS. dag_id=BRONZER_GET_CRIPTOS, task_id=BRONZE_CRIPTO_BTC, execution_date=20240907T000000, start_date=20240916T165651, end_date=20240916T165653
[2024-09-16 13:56:53,871] {local_task_job.py:156} INFO - Task exited with return code 0
[2024-09-16 13:56:53,912] {local_task_job.py:273} INFO - 0 downstream tasks scheduled from follow-on schedule check
