[2024-09-16 00:04:42,822] {taskinstance.py:1159} INFO - Dependencies all met for <TaskInstance: BRONZER_GET_STONCKS.BRONZE_STONCKS_AAPL scheduled__2024-03-23T00:00:00+00:00 [queued]>
[2024-09-16 00:04:42,851] {taskinstance.py:1159} INFO - Dependencies all met for <TaskInstance: BRONZER_GET_STONCKS.BRONZE_STONCKS_AAPL scheduled__2024-03-23T00:00:00+00:00 [queued]>
[2024-09-16 00:04:42,851] {taskinstance.py:1356} INFO - 
--------------------------------------------------------------------------------
[2024-09-16 00:04:42,851] {taskinstance.py:1357} INFO - Starting attempt 1 of 1
[2024-09-16 00:04:42,852] {taskinstance.py:1358} INFO - 
--------------------------------------------------------------------------------
[2024-09-16 00:04:42,897] {taskinstance.py:1377} INFO - Executing <Task(_PythonDecoratedOperator): BRONZE_STONCKS_AAPL> on 2024-03-23 00:00:00+00:00
[2024-09-16 00:04:42,903] {standard_task_runner.py:52} INFO - Started process 25959 to run task
[2024-09-16 00:04:42,926] {standard_task_runner.py:79} INFO - Running: ['airflow', 'tasks', 'run', 'BRONZER_GET_STONCKS', 'BRONZE_STONCKS_AAPL', 'scheduled__2024-03-23T00:00:00+00:00', '--job-id', '457', '--raw', '--subdir', 'DAGS_FOLDER/get_stocks.py', '--cfg-path', '/tmp/tmpl6zocyw6', '--error-file', '/tmp/tmpy90_hr8c']
[2024-09-16 00:04:42,927] {standard_task_runner.py:80} INFO - Job 457: Subtask BRONZE_STONCKS_AAPL
[2024-09-16 00:04:43,125] {task_command.py:370} INFO - Running <TaskInstance: BRONZER_GET_STONCKS.BRONZE_STONCKS_AAPL scheduled__2024-03-23T00:00:00+00:00 [running]> on host kaiwang.
[2024-09-16 00:04:43,475] {taskinstance.py:1569} INFO - Exporting the following env vars:
AIRFLOW_CTX_DAG_OWNER=airflow
AIRFLOW_CTX_DAG_ID=BRONZER_GET_STONCKS
AIRFLOW_CTX_TASK_ID=BRONZE_STONCKS_AAPL
AIRFLOW_CTX_EXECUTION_DATE=2024-03-23T00:00:00+00:00
AIRFLOW_CTX_TRY_NUMBER=1
AIRFLOW_CTX_DAG_RUN_ID=scheduled__2024-03-23T00:00:00+00:00
[2024-09-16 00:04:44,257] {python.py:173} INFO - Done. Returned value was: None
[2024-09-16 00:04:44,406] {taskinstance.py:1395} INFO - Marking task as SUCCESS. dag_id=BRONZER_GET_STONCKS, task_id=BRONZE_STONCKS_AAPL, execution_date=20240323T000000, start_date=20240916T030442, end_date=20240916T030444
[2024-09-16 00:04:44,483] {local_task_job.py:156} INFO - Task exited with return code 0
[2024-09-16 00:04:44,643] {local_task_job.py:273} INFO - 0 downstream tasks scheduled from follow-on schedule check
[2024-09-16 00:15:49,810] {taskinstance.py:1159} INFO - Dependencies all met for <TaskInstance: BRONZER_GET_STONCKS.BRONZE_STONCKS_AAPL scheduled__2024-03-23T00:00:00+00:00 [queued]>
[2024-09-16 00:15:49,857] {taskinstance.py:1159} INFO - Dependencies all met for <TaskInstance: BRONZER_GET_STONCKS.BRONZE_STONCKS_AAPL scheduled__2024-03-23T00:00:00+00:00 [queued]>
[2024-09-16 00:15:49,857] {taskinstance.py:1356} INFO - 
--------------------------------------------------------------------------------
[2024-09-16 00:15:49,857] {taskinstance.py:1357} INFO - Starting attempt 1 of 1
[2024-09-16 00:15:49,857] {taskinstance.py:1358} INFO - 
--------------------------------------------------------------------------------
[2024-09-16 00:15:49,983] {taskinstance.py:1377} INFO - Executing <Task(_PythonDecoratedOperator): BRONZE_STONCKS_AAPL> on 2024-03-23 00:00:00+00:00
[2024-09-16 00:15:50,062] {standard_task_runner.py:79} INFO - Running: ['airflow', 'tasks', 'run', 'BRONZER_GET_STONCKS', 'BRONZE_STONCKS_AAPL', 'scheduled__2024-03-23T00:00:00+00:00', '--job-id', '2227', '--raw', '--subdir', 'DAGS_FOLDER/get_stocks.py', '--cfg-path', '/tmp/tmpe01eh_r6', '--error-file', '/tmp/tmp5fb6u4k0']
[2024-09-16 00:15:50,065] {standard_task_runner.py:80} INFO - Job 2227: Subtask BRONZE_STONCKS_AAPL
[2024-09-16 00:15:50,025] {standard_task_runner.py:52} INFO - Started process 56606 to run task
[2024-09-16 00:15:50,372] {task_command.py:370} INFO - Running <TaskInstance: BRONZER_GET_STONCKS.BRONZE_STONCKS_AAPL scheduled__2024-03-23T00:00:00+00:00 [running]> on host kaiwang.
[2024-09-16 00:15:50,918] {taskinstance.py:1569} INFO - Exporting the following env vars:
AIRFLOW_CTX_DAG_OWNER=airflow
AIRFLOW_CTX_DAG_ID=BRONZER_GET_STONCKS
AIRFLOW_CTX_TASK_ID=BRONZE_STONCKS_AAPL
AIRFLOW_CTX_EXECUTION_DATE=2024-03-23T00:00:00+00:00
AIRFLOW_CTX_TRY_NUMBER=1
AIRFLOW_CTX_DAG_RUN_ID=scheduled__2024-03-23T00:00:00+00:00
[2024-09-16 00:15:51,500] {python.py:173} INFO - Done. Returned value was: None
[2024-09-16 00:15:51,578] {taskinstance.py:1395} INFO - Marking task as SUCCESS. dag_id=BRONZER_GET_STONCKS, task_id=BRONZE_STONCKS_AAPL, execution_date=20240323T000000, start_date=20240916T031549, end_date=20240916T031551
[2024-09-16 00:15:51,612] {local_task_job.py:156} INFO - Task exited with return code 0
[2024-09-16 00:15:51,667] {local_task_job.py:273} INFO - 0 downstream tasks scheduled from follow-on schedule check
