[2024-09-16 00:04:20,452] {taskinstance.py:1159} INFO - Dependencies all met for <TaskInstance: BRONZER_GET_STONCKS.BRONZE_STONCKS_AAPL scheduled__2024-03-06T00:00:00+00:00 [queued]>
[2024-09-16 00:04:20,466] {taskinstance.py:1159} INFO - Dependencies all met for <TaskInstance: BRONZER_GET_STONCKS.BRONZE_STONCKS_AAPL scheduled__2024-03-06T00:00:00+00:00 [queued]>
[2024-09-16 00:04:20,466] {taskinstance.py:1356} INFO - 
--------------------------------------------------------------------------------
[2024-09-16 00:04:20,466] {taskinstance.py:1357} INFO - Starting attempt 1 of 1
[2024-09-16 00:04:20,466] {taskinstance.py:1358} INFO - 
--------------------------------------------------------------------------------
[2024-09-16 00:04:20,484] {taskinstance.py:1377} INFO - Executing <Task(_PythonDecoratedOperator): BRONZE_STONCKS_AAPL> on 2024-03-06 00:00:00+00:00
[2024-09-16 00:04:20,489] {standard_task_runner.py:52} INFO - Started process 24132 to run task
[2024-09-16 00:04:20,492] {standard_task_runner.py:79} INFO - Running: ['airflow', 'tasks', 'run', 'BRONZER_GET_STONCKS', 'BRONZE_STONCKS_AAPL', 'scheduled__2024-03-06T00:00:00+00:00', '--job-id', '355', '--raw', '--subdir', 'DAGS_FOLDER/get_stocks.py', '--cfg-path', '/tmp/tmp2esyp4vf', '--error-file', '/tmp/tmp75nq5g73']
[2024-09-16 00:04:20,493] {standard_task_runner.py:80} INFO - Job 355: Subtask BRONZE_STONCKS_AAPL
[2024-09-16 00:04:20,580] {task_command.py:370} INFO - Running <TaskInstance: BRONZER_GET_STONCKS.BRONZE_STONCKS_AAPL scheduled__2024-03-06T00:00:00+00:00 [running]> on host kaiwang.
[2024-09-16 00:04:20,685] {taskinstance.py:1569} INFO - Exporting the following env vars:
AIRFLOW_CTX_DAG_OWNER=airflow
AIRFLOW_CTX_DAG_ID=BRONZER_GET_STONCKS
AIRFLOW_CTX_TASK_ID=BRONZE_STONCKS_AAPL
AIRFLOW_CTX_EXECUTION_DATE=2024-03-06T00:00:00+00:00
AIRFLOW_CTX_TRY_NUMBER=1
AIRFLOW_CTX_DAG_RUN_ID=scheduled__2024-03-06T00:00:00+00:00
[2024-09-16 00:04:21,520] {python.py:173} INFO - Done. Returned value was: None
[2024-09-16 00:04:21,870] {taskinstance.py:1395} INFO - Marking task as SUCCESS. dag_id=BRONZER_GET_STONCKS, task_id=BRONZE_STONCKS_AAPL, execution_date=20240306T000000, start_date=20240916T030420, end_date=20240916T030421
[2024-09-16 00:04:21,954] {local_task_job.py:156} INFO - Task exited with return code 0
[2024-09-16 00:04:22,135] {local_task_job.py:273} INFO - 0 downstream tasks scheduled from follow-on schedule check
[2024-09-16 00:15:29,953] {taskinstance.py:1159} INFO - Dependencies all met for <TaskInstance: BRONZER_GET_STONCKS.BRONZE_STONCKS_AAPL scheduled__2024-03-06T00:00:00+00:00 [queued]>
[2024-09-16 00:15:29,991] {taskinstance.py:1159} INFO - Dependencies all met for <TaskInstance: BRONZER_GET_STONCKS.BRONZE_STONCKS_AAPL scheduled__2024-03-06T00:00:00+00:00 [queued]>
[2024-09-16 00:15:29,991] {taskinstance.py:1356} INFO - 
--------------------------------------------------------------------------------
[2024-09-16 00:15:29,991] {taskinstance.py:1357} INFO - Starting attempt 1 of 1
[2024-09-16 00:15:29,991] {taskinstance.py:1358} INFO - 
--------------------------------------------------------------------------------
[2024-09-16 00:15:30,056] {taskinstance.py:1377} INFO - Executing <Task(_PythonDecoratedOperator): BRONZE_STONCKS_AAPL> on 2024-03-06 00:00:00+00:00
[2024-09-16 00:15:30,085] {standard_task_runner.py:79} INFO - Running: ['airflow', 'tasks', 'run', 'BRONZER_GET_STONCKS', 'BRONZE_STONCKS_AAPL', 'scheduled__2024-03-06T00:00:00+00:00', '--job-id', '2126', '--raw', '--subdir', 'DAGS_FOLDER/get_stocks.py', '--cfg-path', '/tmp/tmpm1mebcye', '--error-file', '/tmp/tmpzstr7aby']
[2024-09-16 00:15:30,087] {standard_task_runner.py:80} INFO - Job 2126: Subtask BRONZE_STONCKS_AAPL
[2024-09-16 00:15:30,063] {standard_task_runner.py:52} INFO - Started process 54918 to run task
[2024-09-16 00:15:30,392] {task_command.py:370} INFO - Running <TaskInstance: BRONZER_GET_STONCKS.BRONZE_STONCKS_AAPL scheduled__2024-03-06T00:00:00+00:00 [running]> on host kaiwang.
[2024-09-16 00:15:30,731] {taskinstance.py:1569} INFO - Exporting the following env vars:
AIRFLOW_CTX_DAG_OWNER=airflow
AIRFLOW_CTX_DAG_ID=BRONZER_GET_STONCKS
AIRFLOW_CTX_TASK_ID=BRONZE_STONCKS_AAPL
AIRFLOW_CTX_EXECUTION_DATE=2024-03-06T00:00:00+00:00
AIRFLOW_CTX_TRY_NUMBER=1
AIRFLOW_CTX_DAG_RUN_ID=scheduled__2024-03-06T00:00:00+00:00
[2024-09-16 00:15:31,317] {python.py:173} INFO - Done. Returned value was: None
[2024-09-16 00:15:31,339] {taskinstance.py:1395} INFO - Marking task as SUCCESS. dag_id=BRONZER_GET_STONCKS, task_id=BRONZE_STONCKS_AAPL, execution_date=20240306T000000, start_date=20240916T031529, end_date=20240916T031531
[2024-09-16 00:15:31,377] {local_task_job.py:156} INFO - Task exited with return code 0
[2024-09-16 00:15:31,428] {local_task_job.py:273} INFO - 0 downstream tasks scheduled from follow-on schedule check
