[2024-09-16 00:04:26,927] {taskinstance.py:1159} INFO - Dependencies all met for <TaskInstance: BRONZER_GET_STONCKS.BRONZE_STONCKS_AAPL scheduled__2024-03-12T00:00:00+00:00 [queued]>
[2024-09-16 00:04:26,944] {taskinstance.py:1159} INFO - Dependencies all met for <TaskInstance: BRONZER_GET_STONCKS.BRONZE_STONCKS_AAPL scheduled__2024-03-12T00:00:00+00:00 [queued]>
[2024-09-16 00:04:26,944] {taskinstance.py:1356} INFO - 
--------------------------------------------------------------------------------
[2024-09-16 00:04:26,944] {taskinstance.py:1357} INFO - Starting attempt 1 of 1
[2024-09-16 00:04:26,944] {taskinstance.py:1358} INFO - 
--------------------------------------------------------------------------------
[2024-09-16 00:04:26,977] {taskinstance.py:1377} INFO - Executing <Task(_PythonDecoratedOperator): BRONZE_STONCKS_AAPL> on 2024-03-12 00:00:00+00:00
[2024-09-16 00:04:26,983] {standard_task_runner.py:52} INFO - Started process 24648 to run task
[2024-09-16 00:04:26,993] {standard_task_runner.py:79} INFO - Running: ['airflow', 'tasks', 'run', 'BRONZER_GET_STONCKS', 'BRONZE_STONCKS_AAPL', 'scheduled__2024-03-12T00:00:00+00:00', '--job-id', '385', '--raw', '--subdir', 'DAGS_FOLDER/get_stocks.py', '--cfg-path', '/tmp/tmpi0x9k0ak', '--error-file', '/tmp/tmpith1151m']
[2024-09-16 00:04:26,996] {standard_task_runner.py:80} INFO - Job 385: Subtask BRONZE_STONCKS_AAPL
[2024-09-16 00:04:27,142] {task_command.py:370} INFO - Running <TaskInstance: BRONZER_GET_STONCKS.BRONZE_STONCKS_AAPL scheduled__2024-03-12T00:00:00+00:00 [running]> on host kaiwang.
[2024-09-16 00:04:27,317] {taskinstance.py:1569} INFO - Exporting the following env vars:
AIRFLOW_CTX_DAG_OWNER=airflow
AIRFLOW_CTX_DAG_ID=BRONZER_GET_STONCKS
AIRFLOW_CTX_TASK_ID=BRONZE_STONCKS_AAPL
AIRFLOW_CTX_EXECUTION_DATE=2024-03-12T00:00:00+00:00
AIRFLOW_CTX_TRY_NUMBER=1
AIRFLOW_CTX_DAG_RUN_ID=scheduled__2024-03-12T00:00:00+00:00
[2024-09-16 00:04:27,881] {python.py:173} INFO - Done. Returned value was: None
[2024-09-16 00:04:27,899] {taskinstance.py:1395} INFO - Marking task as SUCCESS. dag_id=BRONZER_GET_STONCKS, task_id=BRONZE_STONCKS_AAPL, execution_date=20240312T000000, start_date=20240916T030426, end_date=20240916T030427
[2024-09-16 00:04:27,944] {local_task_job.py:156} INFO - Task exited with return code 0
[2024-09-16 00:04:27,992] {local_task_job.py:273} INFO - 0 downstream tasks scheduled from follow-on schedule check
[2024-09-16 00:15:34,583] {taskinstance.py:1159} INFO - Dependencies all met for <TaskInstance: BRONZER_GET_STONCKS.BRONZE_STONCKS_AAPL scheduled__2024-03-12T00:00:00+00:00 [queued]>
[2024-09-16 00:15:34,635] {taskinstance.py:1159} INFO - Dependencies all met for <TaskInstance: BRONZER_GET_STONCKS.BRONZE_STONCKS_AAPL scheduled__2024-03-12T00:00:00+00:00 [queued]>
[2024-09-16 00:15:34,635] {taskinstance.py:1356} INFO - 
--------------------------------------------------------------------------------
[2024-09-16 00:15:34,635] {taskinstance.py:1357} INFO - Starting attempt 1 of 1
[2024-09-16 00:15:34,636] {taskinstance.py:1358} INFO - 
--------------------------------------------------------------------------------
[2024-09-16 00:15:34,688] {taskinstance.py:1377} INFO - Executing <Task(_PythonDecoratedOperator): BRONZE_STONCKS_AAPL> on 2024-03-12 00:00:00+00:00
[2024-09-16 00:15:34,694] {standard_task_runner.py:52} INFO - Started process 55324 to run task
[2024-09-16 00:15:34,714] {standard_task_runner.py:79} INFO - Running: ['airflow', 'tasks', 'run', 'BRONZER_GET_STONCKS', 'BRONZE_STONCKS_AAPL', 'scheduled__2024-03-12T00:00:00+00:00', '--job-id', '2148', '--raw', '--subdir', 'DAGS_FOLDER/get_stocks.py', '--cfg-path', '/tmp/tmpmkn7w9ma', '--error-file', '/tmp/tmprhwwx2xe']
[2024-09-16 00:15:34,716] {standard_task_runner.py:80} INFO - Job 2148: Subtask BRONZE_STONCKS_AAPL
[2024-09-16 00:15:35,022] {task_command.py:370} INFO - Running <TaskInstance: BRONZER_GET_STONCKS.BRONZE_STONCKS_AAPL scheduled__2024-03-12T00:00:00+00:00 [running]> on host kaiwang.
[2024-09-16 00:15:35,278] {taskinstance.py:1569} INFO - Exporting the following env vars:
AIRFLOW_CTX_DAG_OWNER=airflow
AIRFLOW_CTX_DAG_ID=BRONZER_GET_STONCKS
AIRFLOW_CTX_TASK_ID=BRONZE_STONCKS_AAPL
AIRFLOW_CTX_EXECUTION_DATE=2024-03-12T00:00:00+00:00
AIRFLOW_CTX_TRY_NUMBER=1
AIRFLOW_CTX_DAG_RUN_ID=scheduled__2024-03-12T00:00:00+00:00
[2024-09-16 00:15:35,904] {python.py:173} INFO - Done. Returned value was: None
[2024-09-16 00:15:35,974] {taskinstance.py:1395} INFO - Marking task as SUCCESS. dag_id=BRONZER_GET_STONCKS, task_id=BRONZE_STONCKS_AAPL, execution_date=20240312T000000, start_date=20240916T031534, end_date=20240916T031535
[2024-09-16 00:15:36,032] {local_task_job.py:156} INFO - Task exited with return code 0
[2024-09-16 00:15:36,163] {local_task_job.py:273} INFO - 0 downstream tasks scheduled from follow-on schedule check
