[2024-09-16 00:07:12,583] {taskinstance.py:1159} INFO - Dependencies all met for <TaskInstance: BRONZER_GET_STONCKS.BRONZE_STONCKS_GOOG scheduled__2024-08-09T00:00:00+00:00 [queued]>
[2024-09-16 00:07:12,612] {taskinstance.py:1159} INFO - Dependencies all met for <TaskInstance: BRONZER_GET_STONCKS.BRONZE_STONCKS_GOOG scheduled__2024-08-09T00:00:00+00:00 [queued]>
[2024-09-16 00:07:12,613] {taskinstance.py:1356} INFO - 
--------------------------------------------------------------------------------
[2024-09-16 00:07:12,613] {taskinstance.py:1357} INFO - Starting attempt 1 of 1
[2024-09-16 00:07:12,613] {taskinstance.py:1358} INFO - 
--------------------------------------------------------------------------------
[2024-09-16 00:07:12,659] {taskinstance.py:1377} INFO - Executing <Task(_PythonDecoratedOperator): BRONZE_STONCKS_GOOG> on 2024-08-09 00:00:00+00:00
[2024-09-16 00:07:12,664] {standard_task_runner.py:52} INFO - Started process 38042 to run task
[2024-09-16 00:07:12,686] {standard_task_runner.py:79} INFO - Running: ['airflow', 'tasks', 'run', 'BRONZER_GET_STONCKS', 'BRONZE_STONCKS_GOOG', 'scheduled__2024-08-09T00:00:00+00:00', '--job-id', '1169', '--raw', '--subdir', 'DAGS_FOLDER/get_stocks.py', '--cfg-path', '/tmp/tmpw5ekefni', '--error-file', '/tmp/tmp3azsdg2f']
[2024-09-16 00:07:12,688] {standard_task_runner.py:80} INFO - Job 1169: Subtask BRONZE_STONCKS_GOOG
[2024-09-16 00:07:12,853] {task_command.py:370} INFO - Running <TaskInstance: BRONZER_GET_STONCKS.BRONZE_STONCKS_GOOG scheduled__2024-08-09T00:00:00+00:00 [running]> on host kaiwang.
[2024-09-16 00:07:13,112] {taskinstance.py:1569} INFO - Exporting the following env vars:
AIRFLOW_CTX_DAG_OWNER=airflow
AIRFLOW_CTX_DAG_ID=BRONZER_GET_STONCKS
AIRFLOW_CTX_TASK_ID=BRONZE_STONCKS_GOOG
AIRFLOW_CTX_EXECUTION_DATE=2024-08-09T00:00:00+00:00
AIRFLOW_CTX_TRY_NUMBER=1
AIRFLOW_CTX_DAG_RUN_ID=scheduled__2024-08-09T00:00:00+00:00
[2024-09-16 00:07:14,022] {python.py:173} INFO - Done. Returned value was: None
[2024-09-16 00:07:14,222] {taskinstance.py:1395} INFO - Marking task as SUCCESS. dag_id=BRONZER_GET_STONCKS, task_id=BRONZE_STONCKS_GOOG, execution_date=20240809T000000, start_date=20240916T030712, end_date=20240916T030714
[2024-09-16 00:07:14,277] {local_task_job.py:156} INFO - Task exited with return code 0
[2024-09-16 00:07:14,651] {local_task_job.py:273} INFO - 0 downstream tasks scheduled from follow-on schedule check
[2024-09-16 13:55:55,599] {taskinstance.py:1159} INFO - Dependencies all met for <TaskInstance: BRONZER_GET_STONCKS.BRONZE_STONCKS_GOOG scheduled__2024-08-09T00:00:00+00:00 [queued]>
[2024-09-16 13:55:55,620] {taskinstance.py:1159} INFO - Dependencies all met for <TaskInstance: BRONZER_GET_STONCKS.BRONZE_STONCKS_GOOG scheduled__2024-08-09T00:00:00+00:00 [queued]>
[2024-09-16 13:55:55,620] {taskinstance.py:1356} INFO - 
--------------------------------------------------------------------------------
[2024-09-16 13:55:55,621] {taskinstance.py:1357} INFO - Starting attempt 1 of 1
[2024-09-16 13:55:55,621] {taskinstance.py:1358} INFO - 
--------------------------------------------------------------------------------
[2024-09-16 13:55:55,650] {taskinstance.py:1377} INFO - Executing <Task(_PythonDecoratedOperator): BRONZE_STONCKS_GOOG> on 2024-08-09 00:00:00+00:00
[2024-09-16 13:55:55,657] {standard_task_runner.py:52} INFO - Started process 136924 to run task
[2024-09-16 13:55:55,661] {standard_task_runner.py:79} INFO - Running: ['airflow', 'tasks', 'run', 'BRONZER_GET_STONCKS', 'BRONZE_STONCKS_GOOG', 'scheduled__2024-08-09T00:00:00+00:00', '--job-id', '2483', '--raw', '--subdir', 'DAGS_FOLDER/get_stocks.py', '--cfg-path', '/tmp/tmpcilflsuw', '--error-file', '/tmp/tmp4ned5m56']
[2024-09-16 13:55:55,664] {standard_task_runner.py:80} INFO - Job 2483: Subtask BRONZE_STONCKS_GOOG
[2024-09-16 13:55:55,771] {task_command.py:370} INFO - Running <TaskInstance: BRONZER_GET_STONCKS.BRONZE_STONCKS_GOOG scheduled__2024-08-09T00:00:00+00:00 [running]> on host kaiwang.
[2024-09-16 13:55:56,132] {taskinstance.py:1569} INFO - Exporting the following env vars:
AIRFLOW_CTX_DAG_OWNER=airflow
AIRFLOW_CTX_DAG_ID=BRONZER_GET_STONCKS
AIRFLOW_CTX_TASK_ID=BRONZE_STONCKS_GOOG
AIRFLOW_CTX_EXECUTION_DATE=2024-08-09T00:00:00+00:00
AIRFLOW_CTX_TRY_NUMBER=1
AIRFLOW_CTX_DAG_RUN_ID=scheduled__2024-08-09T00:00:00+00:00
[2024-09-16 13:55:56,712] {python.py:173} INFO - Done. Returned value was: None
[2024-09-16 13:55:56,734] {taskinstance.py:1395} INFO - Marking task as SUCCESS. dag_id=BRONZER_GET_STONCKS, task_id=BRONZE_STONCKS_GOOG, execution_date=20240809T000000, start_date=20240916T165555, end_date=20240916T165556
[2024-09-16 13:55:56,801] {local_task_job.py:156} INFO - Task exited with return code 0
[2024-09-16 13:55:56,854] {local_task_job.py:273} INFO - 0 downstream tasks scheduled from follow-on schedule check
