[2024-09-16 00:06:25,708] {taskinstance.py:1159} INFO - Dependencies all met for <TaskInstance: BRONZER_GET_CRIPTOS.BRONZE_CRIPTO_BTC scheduled__2024-05-29T00:00:00+00:00 [queued]>
[2024-09-16 00:06:25,742] {taskinstance.py:1159} INFO - Dependencies all met for <TaskInstance: BRONZER_GET_CRIPTOS.BRONZE_CRIPTO_BTC scheduled__2024-05-29T00:00:00+00:00 [queued]>
[2024-09-16 00:06:25,742] {taskinstance.py:1356} INFO - 
--------------------------------------------------------------------------------
[2024-09-16 00:06:25,742] {taskinstance.py:1357} INFO - Starting attempt 1 of 1
[2024-09-16 00:06:25,742] {taskinstance.py:1358} INFO - 
--------------------------------------------------------------------------------
[2024-09-16 00:06:25,814] {taskinstance.py:1377} INFO - Executing <Task(_PythonDecoratedOperator): BRONZE_CRIPTO_BTC> on 2024-05-29 00:00:00+00:00
[2024-09-16 00:06:25,821] {standard_task_runner.py:52} INFO - Started process 34226 to run task
[2024-09-16 00:06:25,858] {standard_task_runner.py:79} INFO - Running: ['airflow', 'tasks', 'run', 'BRONZER_GET_CRIPTOS', 'BRONZE_CRIPTO_BTC', 'scheduled__2024-05-29T00:00:00+00:00', '--job-id', '940', '--raw', '--subdir', 'DAGS_FOLDER/get_cripto.py', '--cfg-path', '/tmp/tmpaavu4jxl', '--error-file', '/tmp/tmpghcu_2gt']
[2024-09-16 00:06:25,860] {standard_task_runner.py:80} INFO - Job 940: Subtask BRONZE_CRIPTO_BTC
[2024-09-16 00:06:26,230] {task_command.py:370} INFO - Running <TaskInstance: BRONZER_GET_CRIPTOS.BRONZE_CRIPTO_BTC scheduled__2024-05-29T00:00:00+00:00 [running]> on host kaiwang.
[2024-09-16 00:06:26,603] {taskinstance.py:1569} INFO - Exporting the following env vars:
AIRFLOW_CTX_DAG_OWNER=airflow
AIRFLOW_CTX_DAG_ID=BRONZER_GET_CRIPTOS
AIRFLOW_CTX_TASK_ID=BRONZE_CRIPTO_BTC
AIRFLOW_CTX_EXECUTION_DATE=2024-05-29T00:00:00+00:00
AIRFLOW_CTX_TRY_NUMBER=1
AIRFLOW_CTX_DAG_RUN_ID=scheduled__2024-05-29T00:00:00+00:00
[2024-09-16 00:06:29,907] {history.py:244} ERROR - $BTC: possibly delisted; no price data found  (1h 2024-05-26 -> 2024-05-29) (Yahoo error = "Data doesn't exist for startDate = 1716696000, endDate = 1716955200")
[2024-09-16 00:06:29,911] {python.py:173} INFO - Done. Returned value was: None
[2024-09-16 00:06:30,046] {taskinstance.py:1395} INFO - Marking task as SUCCESS. dag_id=BRONZER_GET_CRIPTOS, task_id=BRONZE_CRIPTO_BTC, execution_date=20240529T000000, start_date=20240916T030625, end_date=20240916T030630
[2024-09-16 00:06:30,156] {local_task_job.py:156} INFO - Task exited with return code 0
[2024-09-16 00:06:30,326] {local_task_job.py:273} INFO - 0 downstream tasks scheduled from follow-on schedule check
