[2024-09-16 00:04:32,173] {taskinstance.py:1159} INFO - Dependencies all met for <TaskInstance: BRONZER_GET_STONCKS.BRONZE_STONCKS_GOOG scheduled__2024-03-14T00:00:00+00:00 [queued]>
[2024-09-16 00:04:32,192] {taskinstance.py:1159} INFO - Dependencies all met for <TaskInstance: BRONZER_GET_STONCKS.BRONZE_STONCKS_GOOG scheduled__2024-03-14T00:00:00+00:00 [queued]>
[2024-09-16 00:04:32,192] {taskinstance.py:1356} INFO - 
--------------------------------------------------------------------------------
[2024-09-16 00:04:32,192] {taskinstance.py:1357} INFO - Starting attempt 1 of 1
[2024-09-16 00:04:32,193] {taskinstance.py:1358} INFO - 
--------------------------------------------------------------------------------
[2024-09-16 00:04:32,234] {taskinstance.py:1377} INFO - Executing <Task(_PythonDecoratedOperator): BRONZE_STONCKS_GOOG> on 2024-03-14 00:00:00+00:00
[2024-09-16 00:04:32,240] {standard_task_runner.py:52} INFO - Started process 25083 to run task
[2024-09-16 00:04:32,256] {standard_task_runner.py:79} INFO - Running: ['airflow', 'tasks', 'run', 'BRONZER_GET_STONCKS', 'BRONZE_STONCKS_GOOG', 'scheduled__2024-03-14T00:00:00+00:00', '--job-id', '412', '--raw', '--subdir', 'DAGS_FOLDER/get_stocks.py', '--cfg-path', '/tmp/tmpqcpw50m7', '--error-file', '/tmp/tmpxny417ch']
[2024-09-16 00:04:32,257] {standard_task_runner.py:80} INFO - Job 412: Subtask BRONZE_STONCKS_GOOG
[2024-09-16 00:04:32,477] {task_command.py:370} INFO - Running <TaskInstance: BRONZER_GET_STONCKS.BRONZE_STONCKS_GOOG scheduled__2024-03-14T00:00:00+00:00 [running]> on host kaiwang.
[2024-09-16 00:04:32,694] {taskinstance.py:1569} INFO - Exporting the following env vars:
AIRFLOW_CTX_DAG_OWNER=airflow
AIRFLOW_CTX_DAG_ID=BRONZER_GET_STONCKS
AIRFLOW_CTX_TASK_ID=BRONZE_STONCKS_GOOG
AIRFLOW_CTX_EXECUTION_DATE=2024-03-14T00:00:00+00:00
AIRFLOW_CTX_TRY_NUMBER=1
AIRFLOW_CTX_DAG_RUN_ID=scheduled__2024-03-14T00:00:00+00:00
[2024-09-16 00:04:33,299] {python.py:173} INFO - Done. Returned value was: None
[2024-09-16 00:04:33,321] {taskinstance.py:1395} INFO - Marking task as SUCCESS. dag_id=BRONZER_GET_STONCKS, task_id=BRONZE_STONCKS_GOOG, execution_date=20240314T000000, start_date=20240916T030432, end_date=20240916T030433
[2024-09-16 00:04:33,363] {local_task_job.py:156} INFO - Task exited with return code 0
[2024-09-16 00:04:33,408] {local_task_job.py:273} INFO - 0 downstream tasks scheduled from follow-on schedule check
[2024-09-16 00:15:39,832] {taskinstance.py:1159} INFO - Dependencies all met for <TaskInstance: BRONZER_GET_STONCKS.BRONZE_STONCKS_GOOG scheduled__2024-03-14T00:00:00+00:00 [queued]>
[2024-09-16 00:15:39,871] {taskinstance.py:1159} INFO - Dependencies all met for <TaskInstance: BRONZER_GET_STONCKS.BRONZE_STONCKS_GOOG scheduled__2024-03-14T00:00:00+00:00 [queued]>
[2024-09-16 00:15:39,871] {taskinstance.py:1356} INFO - 
--------------------------------------------------------------------------------
[2024-09-16 00:15:39,872] {taskinstance.py:1357} INFO - Starting attempt 1 of 1
[2024-09-16 00:15:39,872] {taskinstance.py:1358} INFO - 
--------------------------------------------------------------------------------
[2024-09-16 00:15:39,924] {taskinstance.py:1377} INFO - Executing <Task(_PythonDecoratedOperator): BRONZE_STONCKS_GOOG> on 2024-03-14 00:00:00+00:00
[2024-09-16 00:15:39,930] {standard_task_runner.py:52} INFO - Started process 55810 to run task
[2024-09-16 00:15:39,954] {standard_task_runner.py:79} INFO - Running: ['airflow', 'tasks', 'run', 'BRONZER_GET_STONCKS', 'BRONZE_STONCKS_GOOG', 'scheduled__2024-03-14T00:00:00+00:00', '--job-id', '2179', '--raw', '--subdir', 'DAGS_FOLDER/get_stocks.py', '--cfg-path', '/tmp/tmpw4sawgjv', '--error-file', '/tmp/tmpv8vss3yw']
[2024-09-16 00:15:39,959] {standard_task_runner.py:80} INFO - Job 2179: Subtask BRONZE_STONCKS_GOOG
[2024-09-16 00:15:40,302] {task_command.py:370} INFO - Running <TaskInstance: BRONZER_GET_STONCKS.BRONZE_STONCKS_GOOG scheduled__2024-03-14T00:00:00+00:00 [running]> on host kaiwang.
[2024-09-16 00:15:40,643] {taskinstance.py:1569} INFO - Exporting the following env vars:
AIRFLOW_CTX_DAG_OWNER=airflow
AIRFLOW_CTX_DAG_ID=BRONZER_GET_STONCKS
AIRFLOW_CTX_TASK_ID=BRONZE_STONCKS_GOOG
AIRFLOW_CTX_EXECUTION_DATE=2024-03-14T00:00:00+00:00
AIRFLOW_CTX_TRY_NUMBER=1
AIRFLOW_CTX_DAG_RUN_ID=scheduled__2024-03-14T00:00:00+00:00
[2024-09-16 00:15:41,398] {python.py:173} INFO - Done. Returned value was: None
[2024-09-16 00:15:41,489] {taskinstance.py:1395} INFO - Marking task as SUCCESS. dag_id=BRONZER_GET_STONCKS, task_id=BRONZE_STONCKS_GOOG, execution_date=20240314T000000, start_date=20240916T031539, end_date=20240916T031541
[2024-09-16 00:15:41,586] {local_task_job.py:156} INFO - Task exited with return code 0
[2024-09-16 00:15:41,698] {local_task_job.py:273} INFO - 0 downstream tasks scheduled from follow-on schedule check
