[2024-09-16 00:04:44,379] {taskinstance.py:1159} INFO - Dependencies all met for <TaskInstance: BRONZER_GET_STONCKS.BRONZE_STONCKS_AAPL scheduled__2024-03-27T00:00:00+00:00 [queued]>
[2024-09-16 00:04:44,428] {taskinstance.py:1159} INFO - Dependencies all met for <TaskInstance: BRONZER_GET_STONCKS.BRONZE_STONCKS_AAPL scheduled__2024-03-27T00:00:00+00:00 [queued]>
[2024-09-16 00:04:44,428] {taskinstance.py:1356} INFO - 
--------------------------------------------------------------------------------
[2024-09-16 00:04:44,428] {taskinstance.py:1357} INFO - Starting attempt 1 of 1
[2024-09-16 00:04:44,428] {taskinstance.py:1358} INFO - 
--------------------------------------------------------------------------------
[2024-09-16 00:04:44,526] {taskinstance.py:1377} INFO - Executing <Task(_PythonDecoratedOperator): BRONZE_STONCKS_AAPL> on 2024-03-27 00:00:00+00:00
[2024-09-16 00:04:44,560] {standard_task_runner.py:52} INFO - Started process 26104 to run task
[2024-09-16 00:04:44,583] {standard_task_runner.py:79} INFO - Running: ['airflow', 'tasks', 'run', 'BRONZER_GET_STONCKS', 'BRONZE_STONCKS_AAPL', 'scheduled__2024-03-27T00:00:00+00:00', '--job-id', '469', '--raw', '--subdir', 'DAGS_FOLDER/get_stocks.py', '--cfg-path', '/tmp/tmpy163ww5z', '--error-file', '/tmp/tmpepwqjur9']
[2024-09-16 00:04:44,584] {standard_task_runner.py:80} INFO - Job 469: Subtask BRONZE_STONCKS_AAPL
[2024-09-16 00:04:44,864] {task_command.py:370} INFO - Running <TaskInstance: BRONZER_GET_STONCKS.BRONZE_STONCKS_AAPL scheduled__2024-03-27T00:00:00+00:00 [running]> on host kaiwang.
[2024-09-16 00:04:45,206] {taskinstance.py:1569} INFO - Exporting the following env vars:
AIRFLOW_CTX_DAG_OWNER=airflow
AIRFLOW_CTX_DAG_ID=BRONZER_GET_STONCKS
AIRFLOW_CTX_TASK_ID=BRONZE_STONCKS_AAPL
AIRFLOW_CTX_EXECUTION_DATE=2024-03-27T00:00:00+00:00
AIRFLOW_CTX_TRY_NUMBER=1
AIRFLOW_CTX_DAG_RUN_ID=scheduled__2024-03-27T00:00:00+00:00
[2024-09-16 00:04:45,923] {python.py:173} INFO - Done. Returned value was: None
[2024-09-16 00:04:46,204] {taskinstance.py:1395} INFO - Marking task as SUCCESS. dag_id=BRONZER_GET_STONCKS, task_id=BRONZE_STONCKS_AAPL, execution_date=20240327T000000, start_date=20240916T030444, end_date=20240916T030446
[2024-09-16 00:04:46,264] {local_task_job.py:156} INFO - Task exited with return code 0
[2024-09-16 00:04:46,454] {local_task_job.py:273} INFO - 0 downstream tasks scheduled from follow-on schedule check
[2024-09-16 00:15:54,861] {taskinstance.py:1159} INFO - Dependencies all met for <TaskInstance: BRONZER_GET_STONCKS.BRONZE_STONCKS_AAPL scheduled__2024-03-27T00:00:00+00:00 [queued]>
[2024-09-16 00:15:54,883] {taskinstance.py:1159} INFO - Dependencies all met for <TaskInstance: BRONZER_GET_STONCKS.BRONZE_STONCKS_AAPL scheduled__2024-03-27T00:00:00+00:00 [queued]>
[2024-09-16 00:15:54,883] {taskinstance.py:1356} INFO - 
--------------------------------------------------------------------------------
[2024-09-16 00:15:54,883] {taskinstance.py:1357} INFO - Starting attempt 1 of 1
[2024-09-16 00:15:54,883] {taskinstance.py:1358} INFO - 
--------------------------------------------------------------------------------
[2024-09-16 00:15:54,960] {taskinstance.py:1377} INFO - Executing <Task(_PythonDecoratedOperator): BRONZE_STONCKS_AAPL> on 2024-03-27 00:00:00+00:00
[2024-09-16 00:15:54,966] {standard_task_runner.py:52} INFO - Started process 57010 to run task
[2024-09-16 00:15:54,990] {standard_task_runner.py:79} INFO - Running: ['airflow', 'tasks', 'run', 'BRONZER_GET_STONCKS', 'BRONZE_STONCKS_AAPL', 'scheduled__2024-03-27T00:00:00+00:00', '--job-id', '2249', '--raw', '--subdir', 'DAGS_FOLDER/get_stocks.py', '--cfg-path', '/tmp/tmpno9s3kcz', '--error-file', '/tmp/tmpdqtshg4v']
[2024-09-16 00:15:54,991] {standard_task_runner.py:80} INFO - Job 2249: Subtask BRONZE_STONCKS_AAPL
[2024-09-16 00:15:55,360] {task_command.py:370} INFO - Running <TaskInstance: BRONZER_GET_STONCKS.BRONZE_STONCKS_AAPL scheduled__2024-03-27T00:00:00+00:00 [running]> on host kaiwang.
[2024-09-16 00:15:55,708] {taskinstance.py:1569} INFO - Exporting the following env vars:
AIRFLOW_CTX_DAG_OWNER=airflow
AIRFLOW_CTX_DAG_ID=BRONZER_GET_STONCKS
AIRFLOW_CTX_TASK_ID=BRONZE_STONCKS_AAPL
AIRFLOW_CTX_EXECUTION_DATE=2024-03-27T00:00:00+00:00
AIRFLOW_CTX_TRY_NUMBER=1
AIRFLOW_CTX_DAG_RUN_ID=scheduled__2024-03-27T00:00:00+00:00
[2024-09-16 00:15:56,250] {python.py:173} INFO - Done. Returned value was: None
[2024-09-16 00:15:56,267] {taskinstance.py:1395} INFO - Marking task as SUCCESS. dag_id=BRONZER_GET_STONCKS, task_id=BRONZE_STONCKS_AAPL, execution_date=20240327T000000, start_date=20240916T031554, end_date=20240916T031556
[2024-09-16 00:15:56,304] {local_task_job.py:156} INFO - Task exited with return code 0
[2024-09-16 00:15:56,345] {local_task_job.py:273} INFO - 0 downstream tasks scheduled from follow-on schedule check
