[2024-09-16 00:04:26,994] {taskinstance.py:1159} INFO - Dependencies all met for <TaskInstance: BRONZER_GET_STONCKS.BRONZE_STONCKS_TSLA scheduled__2024-03-12T00:00:00+00:00 [queued]>
[2024-09-16 00:04:27,021] {taskinstance.py:1159} INFO - Dependencies all met for <TaskInstance: BRONZER_GET_STONCKS.BRONZE_STONCKS_TSLA scheduled__2024-03-12T00:00:00+00:00 [queued]>
[2024-09-16 00:04:27,022] {taskinstance.py:1356} INFO - 
--------------------------------------------------------------------------------
[2024-09-16 00:04:27,022] {taskinstance.py:1357} INFO - Starting attempt 1 of 1
[2024-09-16 00:04:27,022] {taskinstance.py:1358} INFO - 
--------------------------------------------------------------------------------
[2024-09-16 00:04:27,069] {taskinstance.py:1377} INFO - Executing <Task(_PythonDecoratedOperator): BRONZE_STONCKS_TSLA> on 2024-03-12 00:00:00+00:00
[2024-09-16 00:04:27,075] {standard_task_runner.py:52} INFO - Started process 24661 to run task
[2024-09-16 00:04:27,086] {standard_task_runner.py:79} INFO - Running: ['airflow', 'tasks', 'run', 'BRONZER_GET_STONCKS', 'BRONZE_STONCKS_TSLA', 'scheduled__2024-03-12T00:00:00+00:00', '--job-id', '388', '--raw', '--subdir', 'DAGS_FOLDER/get_stocks.py', '--cfg-path', '/tmp/tmp5dk8098s', '--error-file', '/tmp/tmp43i0rsox']
[2024-09-16 00:04:27,087] {standard_task_runner.py:80} INFO - Job 388: Subtask BRONZE_STONCKS_TSLA
[2024-09-16 00:04:27,288] {task_command.py:370} INFO - Running <TaskInstance: BRONZER_GET_STONCKS.BRONZE_STONCKS_TSLA scheduled__2024-03-12T00:00:00+00:00 [running]> on host kaiwang.
[2024-09-16 00:04:27,477] {taskinstance.py:1569} INFO - Exporting the following env vars:
AIRFLOW_CTX_DAG_OWNER=airflow
AIRFLOW_CTX_DAG_ID=BRONZER_GET_STONCKS
AIRFLOW_CTX_TASK_ID=BRONZE_STONCKS_TSLA
AIRFLOW_CTX_EXECUTION_DATE=2024-03-12T00:00:00+00:00
AIRFLOW_CTX_TRY_NUMBER=1
AIRFLOW_CTX_DAG_RUN_ID=scheduled__2024-03-12T00:00:00+00:00
[2024-09-16 00:04:28,076] {python.py:173} INFO - Done. Returned value was: None
[2024-09-16 00:04:28,097] {taskinstance.py:1395} INFO - Marking task as SUCCESS. dag_id=BRONZER_GET_STONCKS, task_id=BRONZE_STONCKS_TSLA, execution_date=20240312T000000, start_date=20240916T030426, end_date=20240916T030428
[2024-09-16 00:04:28,137] {local_task_job.py:156} INFO - Task exited with return code 0
[2024-09-16 00:04:28,398] {local_task_job.py:273} INFO - 0 downstream tasks scheduled from follow-on schedule check
[2024-09-16 00:15:35,254] {taskinstance.py:1159} INFO - Dependencies all met for <TaskInstance: BRONZER_GET_STONCKS.BRONZE_STONCKS_TSLA scheduled__2024-03-12T00:00:00+00:00 [queued]>
[2024-09-16 00:15:35,313] {taskinstance.py:1159} INFO - Dependencies all met for <TaskInstance: BRONZER_GET_STONCKS.BRONZE_STONCKS_TSLA scheduled__2024-03-12T00:00:00+00:00 [queued]>
[2024-09-16 00:15:35,313] {taskinstance.py:1356} INFO - 
--------------------------------------------------------------------------------
[2024-09-16 00:15:35,314] {taskinstance.py:1357} INFO - Starting attempt 1 of 1
[2024-09-16 00:15:35,314] {taskinstance.py:1358} INFO - 
--------------------------------------------------------------------------------
[2024-09-16 00:15:35,376] {taskinstance.py:1377} INFO - Executing <Task(_PythonDecoratedOperator): BRONZE_STONCKS_TSLA> on 2024-03-12 00:00:00+00:00
[2024-09-16 00:15:35,397] {standard_task_runner.py:52} INFO - Started process 55432 to run task
[2024-09-16 00:15:35,414] {standard_task_runner.py:79} INFO - Running: ['airflow', 'tasks', 'run', 'BRONZER_GET_STONCKS', 'BRONZE_STONCKS_TSLA', 'scheduled__2024-03-12T00:00:00+00:00', '--job-id', '2159', '--raw', '--subdir', 'DAGS_FOLDER/get_stocks.py', '--cfg-path', '/tmp/tmp1_le6vmm', '--error-file', '/tmp/tmp_dvaldj6']
[2024-09-16 00:15:35,415] {standard_task_runner.py:80} INFO - Job 2159: Subtask BRONZE_STONCKS_TSLA
[2024-09-16 00:15:35,580] {task_command.py:370} INFO - Running <TaskInstance: BRONZER_GET_STONCKS.BRONZE_STONCKS_TSLA scheduled__2024-03-12T00:00:00+00:00 [running]> on host kaiwang.
[2024-09-16 00:15:35,845] {taskinstance.py:1569} INFO - Exporting the following env vars:
AIRFLOW_CTX_DAG_OWNER=airflow
AIRFLOW_CTX_DAG_ID=BRONZER_GET_STONCKS
AIRFLOW_CTX_TASK_ID=BRONZE_STONCKS_TSLA
AIRFLOW_CTX_EXECUTION_DATE=2024-03-12T00:00:00+00:00
AIRFLOW_CTX_TRY_NUMBER=1
AIRFLOW_CTX_DAG_RUN_ID=scheduled__2024-03-12T00:00:00+00:00
[2024-09-16 00:15:36,716] {python.py:173} INFO - Done. Returned value was: None
[2024-09-16 00:15:36,750] {taskinstance.py:1395} INFO - Marking task as SUCCESS. dag_id=BRONZER_GET_STONCKS, task_id=BRONZE_STONCKS_TSLA, execution_date=20240312T000000, start_date=20240916T031535, end_date=20240916T031536
[2024-09-16 00:15:36,811] {local_task_job.py:156} INFO - Task exited with return code 0
[2024-09-16 00:15:36,956] {local_task_job.py:273} INFO - 0 downstream tasks scheduled from follow-on schedule check
