[2024-09-16 00:07:25,580] {taskinstance.py:1159} INFO - Dependencies all met for <TaskInstance: BRONZER_GET_STONCKS.BRONZE_STONCKS_MSFT scheduled__2024-08-23T00:00:00+00:00 [queued]>
[2024-09-16 00:07:25,604] {taskinstance.py:1159} INFO - Dependencies all met for <TaskInstance: BRONZER_GET_STONCKS.BRONZE_STONCKS_MSFT scheduled__2024-08-23T00:00:00+00:00 [queued]>
[2024-09-16 00:07:25,604] {taskinstance.py:1356} INFO - 
--------------------------------------------------------------------------------
[2024-09-16 00:07:25,604] {taskinstance.py:1357} INFO - Starting attempt 1 of 1
[2024-09-16 00:07:25,604] {taskinstance.py:1358} INFO - 
--------------------------------------------------------------------------------
[2024-09-16 00:07:25,622] {taskinstance.py:1377} INFO - Executing <Task(_PythonDecoratedOperator): BRONZE_STONCKS_MSFT> on 2024-08-23 00:00:00+00:00
[2024-09-16 00:07:25,629] {standard_task_runner.py:52} INFO - Started process 39159 to run task
[2024-09-16 00:07:25,635] {standard_task_runner.py:79} INFO - Running: ['airflow', 'tasks', 'run', 'BRONZER_GET_STONCKS', 'BRONZE_STONCKS_MSFT', 'scheduled__2024-08-23T00:00:00+00:00', '--job-id', '1232', '--raw', '--subdir', 'DAGS_FOLDER/get_stocks.py', '--cfg-path', '/tmp/tmppoecbrsb', '--error-file', '/tmp/tmpqu68u8wu']
[2024-09-16 00:07:25,636] {standard_task_runner.py:80} INFO - Job 1232: Subtask BRONZE_STONCKS_MSFT
[2024-09-16 00:07:25,807] {task_command.py:370} INFO - Running <TaskInstance: BRONZER_GET_STONCKS.BRONZE_STONCKS_MSFT scheduled__2024-08-23T00:00:00+00:00 [running]> on host kaiwang.
[2024-09-16 00:07:25,911] {taskinstance.py:1569} INFO - Exporting the following env vars:
AIRFLOW_CTX_DAG_OWNER=airflow
AIRFLOW_CTX_DAG_ID=BRONZER_GET_STONCKS
AIRFLOW_CTX_TASK_ID=BRONZE_STONCKS_MSFT
AIRFLOW_CTX_EXECUTION_DATE=2024-08-23T00:00:00+00:00
AIRFLOW_CTX_TRY_NUMBER=1
AIRFLOW_CTX_DAG_RUN_ID=scheduled__2024-08-23T00:00:00+00:00
[2024-09-16 00:07:26,616] {python.py:173} INFO - Done. Returned value was: None
[2024-09-16 00:07:26,734] {taskinstance.py:1395} INFO - Marking task as SUCCESS. dag_id=BRONZER_GET_STONCKS, task_id=BRONZE_STONCKS_MSFT, execution_date=20240823T000000, start_date=20240916T030725, end_date=20240916T030726
[2024-09-16 00:07:26,852] {local_task_job.py:156} INFO - Task exited with return code 0
[2024-09-16 00:07:27,061] {local_task_job.py:273} INFO - 0 downstream tasks scheduled from follow-on schedule check
[2024-09-16 13:56:20,057] {taskinstance.py:1159} INFO - Dependencies all met for <TaskInstance: BRONZER_GET_STONCKS.BRONZE_STONCKS_MSFT scheduled__2024-08-23T00:00:00+00:00 [queued]>
[2024-09-16 13:56:20,071] {taskinstance.py:1159} INFO - Dependencies all met for <TaskInstance: BRONZER_GET_STONCKS.BRONZE_STONCKS_MSFT scheduled__2024-08-23T00:00:00+00:00 [queued]>
[2024-09-16 13:56:20,071] {taskinstance.py:1356} INFO - 
--------------------------------------------------------------------------------
[2024-09-16 13:56:20,071] {taskinstance.py:1357} INFO - Starting attempt 1 of 1
[2024-09-16 13:56:20,071] {taskinstance.py:1358} INFO - 
--------------------------------------------------------------------------------
[2024-09-16 13:56:20,093] {taskinstance.py:1377} INFO - Executing <Task(_PythonDecoratedOperator): BRONZE_STONCKS_MSFT> on 2024-08-23 00:00:00+00:00
[2024-09-16 13:56:20,100] {standard_task_runner.py:52} INFO - Started process 138542 to run task
[2024-09-16 13:56:20,104] {standard_task_runner.py:79} INFO - Running: ['airflow', 'tasks', 'run', 'BRONZER_GET_STONCKS', 'BRONZE_STONCKS_MSFT', 'scheduled__2024-08-23T00:00:00+00:00', '--job-id', '2559', '--raw', '--subdir', 'DAGS_FOLDER/get_stocks.py', '--cfg-path', '/tmp/tmp8tbqxjp1', '--error-file', '/tmp/tmp6x4_bxaw']
[2024-09-16 13:56:20,105] {standard_task_runner.py:80} INFO - Job 2559: Subtask BRONZE_STONCKS_MSFT
[2024-09-16 13:56:20,232] {task_command.py:370} INFO - Running <TaskInstance: BRONZER_GET_STONCKS.BRONZE_STONCKS_MSFT scheduled__2024-08-23T00:00:00+00:00 [running]> on host kaiwang.
[2024-09-16 13:56:20,531] {taskinstance.py:1569} INFO - Exporting the following env vars:
AIRFLOW_CTX_DAG_OWNER=airflow
AIRFLOW_CTX_DAG_ID=BRONZER_GET_STONCKS
AIRFLOW_CTX_TASK_ID=BRONZE_STONCKS_MSFT
AIRFLOW_CTX_EXECUTION_DATE=2024-08-23T00:00:00+00:00
AIRFLOW_CTX_TRY_NUMBER=1
AIRFLOW_CTX_DAG_RUN_ID=scheduled__2024-08-23T00:00:00+00:00
[2024-09-16 13:56:21,058] {python.py:173} INFO - Done. Returned value was: None
[2024-09-16 13:56:21,073] {taskinstance.py:1395} INFO - Marking task as SUCCESS. dag_id=BRONZER_GET_STONCKS, task_id=BRONZE_STONCKS_MSFT, execution_date=20240823T000000, start_date=20240916T165620, end_date=20240916T165621
[2024-09-16 13:56:21,122] {local_task_job.py:156} INFO - Task exited with return code 0
[2024-09-16 13:56:21,164] {local_task_job.py:273} INFO - 0 downstream tasks scheduled from follow-on schedule check
