[2024-09-16 00:07:57,080] {taskinstance.py:1159} INFO - Dependencies all met for <TaskInstance: BRONZER_GET_CRIPTOS.BRONZE_CRIPTO_AVAX scheduled__2024-08-10T00:00:00+00:00 [queued]>
[2024-09-16 00:07:57,091] {taskinstance.py:1159} INFO - Dependencies all met for <TaskInstance: BRONZER_GET_CRIPTOS.BRONZE_CRIPTO_AVAX scheduled__2024-08-10T00:00:00+00:00 [queued]>
[2024-09-16 00:07:57,091] {taskinstance.py:1356} INFO - 
--------------------------------------------------------------------------------
[2024-09-16 00:07:57,092] {taskinstance.py:1357} INFO - Starting attempt 1 of 1
[2024-09-16 00:07:57,092] {taskinstance.py:1358} INFO - 
--------------------------------------------------------------------------------
[2024-09-16 00:07:57,106] {taskinstance.py:1377} INFO - Executing <Task(_PythonDecoratedOperator): BRONZE_CRIPTO_AVAX> on 2024-08-10 00:00:00+00:00
[2024-09-16 00:07:57,111] {standard_task_runner.py:52} INFO - Started process 41676 to run task
[2024-09-16 00:07:57,115] {standard_task_runner.py:79} INFO - Running: ['airflow', 'tasks', 'run', 'BRONZER_GET_CRIPTOS', 'BRONZE_CRIPTO_AVAX', 'scheduled__2024-08-10T00:00:00+00:00', '--job-id', '1377', '--raw', '--subdir', 'DAGS_FOLDER/get_cripto.py', '--cfg-path', '/tmp/tmpz1x6nil_', '--error-file', '/tmp/tmprna4jq5j']
[2024-09-16 00:07:57,117] {standard_task_runner.py:80} INFO - Job 1377: Subtask BRONZE_CRIPTO_AVAX
[2024-09-16 00:07:57,206] {task_command.py:370} INFO - Running <TaskInstance: BRONZER_GET_CRIPTOS.BRONZE_CRIPTO_AVAX scheduled__2024-08-10T00:00:00+00:00 [running]> on host kaiwang.
[2024-09-16 00:07:57,300] {taskinstance.py:1569} INFO - Exporting the following env vars:
AIRFLOW_CTX_DAG_OWNER=airflow
AIRFLOW_CTX_DAG_ID=BRONZER_GET_CRIPTOS
AIRFLOW_CTX_TASK_ID=BRONZE_CRIPTO_AVAX
AIRFLOW_CTX_EXECUTION_DATE=2024-08-10T00:00:00+00:00
AIRFLOW_CTX_TRY_NUMBER=1
AIRFLOW_CTX_DAG_RUN_ID=scheduled__2024-08-10T00:00:00+00:00
[2024-09-16 00:07:59,569] {history.py:122} ERROR - $AVAX: possibly delisted; no timezone found
[2024-09-16 00:07:59,573] {python.py:173} INFO - Done. Returned value was: None
[2024-09-16 00:07:59,590] {taskinstance.py:1395} INFO - Marking task as SUCCESS. dag_id=BRONZER_GET_CRIPTOS, task_id=BRONZE_CRIPTO_AVAX, execution_date=20240810T000000, start_date=20240916T030757, end_date=20240916T030759
[2024-09-16 00:07:59,621] {local_task_job.py:156} INFO - Task exited with return code 0
[2024-09-16 00:07:59,656] {local_task_job.py:273} INFO - 0 downstream tasks scheduled from follow-on schedule check
[2024-09-16 13:55:58,902] {taskinstance.py:1159} INFO - Dependencies all met for <TaskInstance: BRONZER_GET_CRIPTOS.BRONZE_CRIPTO_AVAX scheduled__2024-08-10T00:00:00+00:00 [queued]>
[2024-09-16 13:55:58,927] {taskinstance.py:1159} INFO - Dependencies all met for <TaskInstance: BRONZER_GET_CRIPTOS.BRONZE_CRIPTO_AVAX scheduled__2024-08-10T00:00:00+00:00 [queued]>
[2024-09-16 13:55:58,927] {taskinstance.py:1356} INFO - 
--------------------------------------------------------------------------------
[2024-09-16 13:55:58,927] {taskinstance.py:1357} INFO - Starting attempt 1 of 1
[2024-09-16 13:55:58,928] {taskinstance.py:1358} INFO - 
--------------------------------------------------------------------------------
[2024-09-16 13:55:58,974] {taskinstance.py:1377} INFO - Executing <Task(_PythonDecoratedOperator): BRONZE_CRIPTO_AVAX> on 2024-08-10 00:00:00+00:00
[2024-09-16 13:55:58,992] {standard_task_runner.py:79} INFO - Running: ['airflow', 'tasks', 'run', 'BRONZER_GET_CRIPTOS', 'BRONZE_CRIPTO_AVAX', 'scheduled__2024-08-10T00:00:00+00:00', '--job-id', '2495', '--raw', '--subdir', 'DAGS_FOLDER/get_cripto.py', '--cfg-path', '/tmp/tmplxwcec_u', '--error-file', '/tmp/tmpjh_pr9ao']
[2024-09-16 13:55:58,994] {standard_task_runner.py:80} INFO - Job 2495: Subtask BRONZE_CRIPTO_AVAX
[2024-09-16 13:55:58,981] {standard_task_runner.py:52} INFO - Started process 137111 to run task
[2024-09-16 13:55:59,270] {task_command.py:370} INFO - Running <TaskInstance: BRONZER_GET_CRIPTOS.BRONZE_CRIPTO_AVAX scheduled__2024-08-10T00:00:00+00:00 [running]> on host kaiwang.
[2024-09-16 13:55:59,936] {taskinstance.py:1569} INFO - Exporting the following env vars:
AIRFLOW_CTX_DAG_OWNER=airflow
AIRFLOW_CTX_DAG_ID=BRONZER_GET_CRIPTOS
AIRFLOW_CTX_TASK_ID=BRONZE_CRIPTO_AVAX
AIRFLOW_CTX_EXECUTION_DATE=2024-08-10T00:00:00+00:00
AIRFLOW_CTX_TRY_NUMBER=1
AIRFLOW_CTX_DAG_RUN_ID=scheduled__2024-08-10T00:00:00+00:00
[2024-09-16 13:56:03,802] {history.py:122} ERROR - $AVAX: possibly delisted; no timezone found
[2024-09-16 13:56:03,808] {python.py:173} INFO - Done. Returned value was: None
[2024-09-16 13:56:03,906] {taskinstance.py:1395} INFO - Marking task as SUCCESS. dag_id=BRONZER_GET_CRIPTOS, task_id=BRONZE_CRIPTO_AVAX, execution_date=20240810T000000, start_date=20240916T165558, end_date=20240916T165603
[2024-09-16 13:56:03,977] {local_task_job.py:156} INFO - Task exited with return code 0
[2024-09-16 13:56:04,084] {local_task_job.py:273} INFO - 0 downstream tasks scheduled from follow-on schedule check
