[2024-09-16 00:04:24,748] {taskinstance.py:1159} INFO - Dependencies all met for <TaskInstance: BRONZER_GET_CRIPTOS.BRONZE_CRIPTO_BTC scheduled__2024-03-05T00:00:00+00:00 [queued]>
[2024-09-16 00:04:24,772] {taskinstance.py:1159} INFO - Dependencies all met for <TaskInstance: BRONZER_GET_CRIPTOS.BRONZE_CRIPTO_BTC scheduled__2024-03-05T00:00:00+00:00 [queued]>
[2024-09-16 00:04:24,772] {taskinstance.py:1356} INFO - 
--------------------------------------------------------------------------------
[2024-09-16 00:04:24,772] {taskinstance.py:1357} INFO - Starting attempt 1 of 1
[2024-09-16 00:04:24,772] {taskinstance.py:1358} INFO - 
--------------------------------------------------------------------------------
[2024-09-16 00:04:24,796] {taskinstance.py:1377} INFO - Executing <Task(_PythonDecoratedOperator): BRONZE_CRIPTO_BTC> on 2024-03-05 00:00:00+00:00
[2024-09-16 00:04:24,802] {standard_task_runner.py:52} INFO - Started process 24478 to run task
[2024-09-16 00:04:24,817] {standard_task_runner.py:79} INFO - Running: ['airflow', 'tasks', 'run', 'BRONZER_GET_CRIPTOS', 'BRONZE_CRIPTO_BTC', 'scheduled__2024-03-05T00:00:00+00:00', '--job-id', '375', '--raw', '--subdir', 'DAGS_FOLDER/get_cripto.py', '--cfg-path', '/tmp/tmpqqz_s7sb', '--error-file', '/tmp/tmpu6742lc3']
[2024-09-16 00:04:24,818] {standard_task_runner.py:80} INFO - Job 375: Subtask BRONZE_CRIPTO_BTC
[2024-09-16 00:04:25,124] {task_command.py:370} INFO - Running <TaskInstance: BRONZER_GET_CRIPTOS.BRONZE_CRIPTO_BTC scheduled__2024-03-05T00:00:00+00:00 [running]> on host kaiwang.
[2024-09-16 00:04:25,572] {taskinstance.py:1569} INFO - Exporting the following env vars:
AIRFLOW_CTX_DAG_OWNER=airflow
AIRFLOW_CTX_DAG_ID=BRONZER_GET_CRIPTOS
AIRFLOW_CTX_TASK_ID=BRONZE_CRIPTO_BTC
AIRFLOW_CTX_EXECUTION_DATE=2024-03-05T00:00:00+00:00
AIRFLOW_CTX_TRY_NUMBER=1
AIRFLOW_CTX_DAG_RUN_ID=scheduled__2024-03-05T00:00:00+00:00
[2024-09-16 00:04:27,895] {history.py:244} ERROR - $BTC: possibly delisted; no price data found  (1h 2024-03-02 -> 2024-03-05) (Yahoo error = "Data doesn't exist for startDate = 1709355600, endDate = 1709614800")
[2024-09-16 00:04:27,898] {python.py:173} INFO - Done. Returned value was: None
[2024-09-16 00:04:27,916] {taskinstance.py:1395} INFO - Marking task as SUCCESS. dag_id=BRONZER_GET_CRIPTOS, task_id=BRONZE_CRIPTO_BTC, execution_date=20240305T000000, start_date=20240916T030424, end_date=20240916T030427
[2024-09-16 00:04:27,940] {local_task_job.py:156} INFO - Task exited with return code 0
[2024-09-16 00:04:28,102] {local_task_job.py:273} INFO - 0 downstream tasks scheduled from follow-on schedule check
[2024-09-16 00:15:40,561] {taskinstance.py:1159} INFO - Dependencies all met for <TaskInstance: BRONZER_GET_CRIPTOS.BRONZE_CRIPTO_BTC scheduled__2024-03-05T00:00:00+00:00 [queued]>
[2024-09-16 00:15:40,594] {taskinstance.py:1159} INFO - Dependencies all met for <TaskInstance: BRONZER_GET_CRIPTOS.BRONZE_CRIPTO_BTC scheduled__2024-03-05T00:00:00+00:00 [queued]>
[2024-09-16 00:15:40,594] {taskinstance.py:1356} INFO - 
--------------------------------------------------------------------------------
[2024-09-16 00:15:40,594] {taskinstance.py:1357} INFO - Starting attempt 1 of 1
[2024-09-16 00:15:40,594] {taskinstance.py:1358} INFO - 
--------------------------------------------------------------------------------
[2024-09-16 00:15:40,663] {taskinstance.py:1377} INFO - Executing <Task(_PythonDecoratedOperator): BRONZE_CRIPTO_BTC> on 2024-03-05 00:00:00+00:00
[2024-09-16 00:15:40,690] {standard_task_runner.py:79} INFO - Running: ['airflow', 'tasks', 'run', 'BRONZER_GET_CRIPTOS', 'BRONZE_CRIPTO_BTC', 'scheduled__2024-03-05T00:00:00+00:00', '--job-id', '2182', '--raw', '--subdir', 'DAGS_FOLDER/get_cripto.py', '--cfg-path', '/tmp/tmpe7tayn59', '--error-file', '/tmp/tmp6b51s9x1']
[2024-09-16 00:15:40,691] {standard_task_runner.py:80} INFO - Job 2182: Subtask BRONZE_CRIPTO_BTC
[2024-09-16 00:15:40,669] {standard_task_runner.py:52} INFO - Started process 55872 to run task
[2024-09-16 00:15:41,142] {task_command.py:370} INFO - Running <TaskInstance: BRONZER_GET_CRIPTOS.BRONZE_CRIPTO_BTC scheduled__2024-03-05T00:00:00+00:00 [running]> on host kaiwang.
[2024-09-16 00:15:41,633] {taskinstance.py:1569} INFO - Exporting the following env vars:
AIRFLOW_CTX_DAG_OWNER=airflow
AIRFLOW_CTX_DAG_ID=BRONZER_GET_CRIPTOS
AIRFLOW_CTX_TASK_ID=BRONZE_CRIPTO_BTC
AIRFLOW_CTX_EXECUTION_DATE=2024-03-05T00:00:00+00:00
AIRFLOW_CTX_TRY_NUMBER=1
AIRFLOW_CTX_DAG_RUN_ID=scheduled__2024-03-05T00:00:00+00:00
[2024-09-16 00:15:45,591] {history.py:244} ERROR - $BTC: possibly delisted; no price data found  (1h 2024-03-02 -> 2024-03-05) (Yahoo error = "Data doesn't exist for startDate = 1709355600, endDate = 1709614800")
[2024-09-16 00:15:45,596] {python.py:173} INFO - Done. Returned value was: None
[2024-09-16 00:15:45,709] {taskinstance.py:1395} INFO - Marking task as SUCCESS. dag_id=BRONZER_GET_CRIPTOS, task_id=BRONZE_CRIPTO_BTC, execution_date=20240305T000000, start_date=20240916T031540, end_date=20240916T031545
[2024-09-16 00:15:45,877] {local_task_job.py:156} INFO - Task exited with return code 0
[2024-09-16 00:15:46,112] {local_task_job.py:273} INFO - 0 downstream tasks scheduled from follow-on schedule check
