[2024-09-16 00:07:28,667] {taskinstance.py:1159} INFO - Dependencies all met for <TaskInstance: BRONZER_GET_CRIPTOS.BRONZE_CRIPTO_AVAX scheduled__2024-07-16T00:00:00+00:00 [queued]>
[2024-09-16 00:07:28,703] {taskinstance.py:1159} INFO - Dependencies all met for <TaskInstance: BRONZER_GET_CRIPTOS.BRONZE_CRIPTO_AVAX scheduled__2024-07-16T00:00:00+00:00 [queued]>
[2024-09-16 00:07:28,703] {taskinstance.py:1356} INFO - 
--------------------------------------------------------------------------------
[2024-09-16 00:07:28,703] {taskinstance.py:1357} INFO - Starting attempt 1 of 1
[2024-09-16 00:07:28,703] {taskinstance.py:1358} INFO - 
--------------------------------------------------------------------------------
[2024-09-16 00:07:28,768] {taskinstance.py:1377} INFO - Executing <Task(_PythonDecoratedOperator): BRONZE_CRIPTO_AVAX> on 2024-07-16 00:00:00+00:00
[2024-09-16 00:07:28,777] {standard_task_runner.py:52} INFO - Started process 39433 to run task
[2024-09-16 00:07:28,787] {standard_task_runner.py:79} INFO - Running: ['airflow', 'tasks', 'run', 'BRONZER_GET_CRIPTOS', 'BRONZE_CRIPTO_AVAX', 'scheduled__2024-07-16T00:00:00+00:00', '--job-id', '1248', '--raw', '--subdir', 'DAGS_FOLDER/get_cripto.py', '--cfg-path', '/tmp/tmpwssw2r72', '--error-file', '/tmp/tmp0y8_7s1g']
[2024-09-16 00:07:28,788] {standard_task_runner.py:80} INFO - Job 1248: Subtask BRONZE_CRIPTO_AVAX
[2024-09-16 00:07:28,953] {task_command.py:370} INFO - Running <TaskInstance: BRONZER_GET_CRIPTOS.BRONZE_CRIPTO_AVAX scheduled__2024-07-16T00:00:00+00:00 [running]> on host kaiwang.
[2024-09-16 00:07:29,118] {taskinstance.py:1569} INFO - Exporting the following env vars:
AIRFLOW_CTX_DAG_OWNER=airflow
AIRFLOW_CTX_DAG_ID=BRONZER_GET_CRIPTOS
AIRFLOW_CTX_TASK_ID=BRONZE_CRIPTO_AVAX
AIRFLOW_CTX_EXECUTION_DATE=2024-07-16T00:00:00+00:00
AIRFLOW_CTX_TRY_NUMBER=1
AIRFLOW_CTX_DAG_RUN_ID=scheduled__2024-07-16T00:00:00+00:00
[2024-09-16 00:07:31,422] {history.py:122} ERROR - $AVAX: possibly delisted; no timezone found
[2024-09-16 00:07:31,426] {python.py:173} INFO - Done. Returned value was: None
[2024-09-16 00:07:31,451] {taskinstance.py:1395} INFO - Marking task as SUCCESS. dag_id=BRONZER_GET_CRIPTOS, task_id=BRONZE_CRIPTO_AVAX, execution_date=20240716T000000, start_date=20240916T030728, end_date=20240916T030731
[2024-09-16 00:07:31,497] {local_task_job.py:156} INFO - Task exited with return code 0
[2024-09-16 00:07:31,550] {local_task_job.py:273} INFO - 0 downstream tasks scheduled from follow-on schedule check
