[2024-09-16 00:07:49,374] {taskinstance.py:1159} INFO - Dependencies all met for <TaskInstance: BRONZER_GET_STONCKS.BRONZE_STONCKS_GOOG scheduled__2024-09-12T00:00:00+00:00 [queued]>
[2024-09-16 00:07:49,405] {taskinstance.py:1159} INFO - Dependencies all met for <TaskInstance: BRONZER_GET_STONCKS.BRONZE_STONCKS_GOOG scheduled__2024-09-12T00:00:00+00:00 [queued]>
[2024-09-16 00:07:49,405] {taskinstance.py:1356} INFO - 
--------------------------------------------------------------------------------
[2024-09-16 00:07:49,405] {taskinstance.py:1357} INFO - Starting attempt 1 of 1
[2024-09-16 00:07:49,405] {taskinstance.py:1358} INFO - 
--------------------------------------------------------------------------------
[2024-09-16 00:07:49,449] {taskinstance.py:1377} INFO - Executing <Task(_PythonDecoratedOperator): BRONZE_STONCKS_GOOG> on 2024-09-12 00:00:00+00:00
[2024-09-16 00:07:49,455] {standard_task_runner.py:52} INFO - Started process 41068 to run task
[2024-09-16 00:07:49,483] {standard_task_runner.py:79} INFO - Running: ['airflow', 'tasks', 'run', 'BRONZER_GET_STONCKS', 'BRONZE_STONCKS_GOOG', 'scheduled__2024-09-12T00:00:00+00:00', '--job-id', '1342', '--raw', '--subdir', 'DAGS_FOLDER/get_stocks.py', '--cfg-path', '/tmp/tmp_lax98ae', '--error-file', '/tmp/tmptus5zd52']
[2024-09-16 00:07:49,484] {standard_task_runner.py:80} INFO - Job 1342: Subtask BRONZE_STONCKS_GOOG
[2024-09-16 00:07:49,674] {task_command.py:370} INFO - Running <TaskInstance: BRONZER_GET_STONCKS.BRONZE_STONCKS_GOOG scheduled__2024-09-12T00:00:00+00:00 [running]> on host kaiwang.
[2024-09-16 00:07:49,943] {taskinstance.py:1569} INFO - Exporting the following env vars:
AIRFLOW_CTX_DAG_OWNER=airflow
AIRFLOW_CTX_DAG_ID=BRONZER_GET_STONCKS
AIRFLOW_CTX_TASK_ID=BRONZE_STONCKS_GOOG
AIRFLOW_CTX_EXECUTION_DATE=2024-09-12T00:00:00+00:00
AIRFLOW_CTX_TRY_NUMBER=1
AIRFLOW_CTX_DAG_RUN_ID=scheduled__2024-09-12T00:00:00+00:00
[2024-09-16 00:07:50,868] {python.py:173} INFO - Done. Returned value was: None
[2024-09-16 00:07:51,146] {taskinstance.py:1395} INFO - Marking task as SUCCESS. dag_id=BRONZER_GET_STONCKS, task_id=BRONZE_STONCKS_GOOG, execution_date=20240912T000000, start_date=20240916T030749, end_date=20240916T030751
[2024-09-16 00:07:51,202] {local_task_job.py:156} INFO - Task exited with return code 0
[2024-09-16 00:07:51,509] {local_task_job.py:273} INFO - 0 downstream tasks scheduled from follow-on schedule check
[2024-09-16 13:56:48,861] {taskinstance.py:1159} INFO - Dependencies all met for <TaskInstance: BRONZER_GET_STONCKS.BRONZE_STONCKS_GOOG scheduled__2024-09-12T00:00:00+00:00 [queued]>
[2024-09-16 13:56:48,883] {taskinstance.py:1159} INFO - Dependencies all met for <TaskInstance: BRONZER_GET_STONCKS.BRONZE_STONCKS_GOOG scheduled__2024-09-12T00:00:00+00:00 [queued]>
[2024-09-16 13:56:48,886] {taskinstance.py:1356} INFO - 
--------------------------------------------------------------------------------
[2024-09-16 13:56:48,886] {taskinstance.py:1357} INFO - Starting attempt 1 of 1
[2024-09-16 13:56:48,886] {taskinstance.py:1358} INFO - 
--------------------------------------------------------------------------------
[2024-09-16 13:56:48,904] {taskinstance.py:1377} INFO - Executing <Task(_PythonDecoratedOperator): BRONZE_STONCKS_GOOG> on 2024-09-12 00:00:00+00:00
[2024-09-16 13:56:48,911] {standard_task_runner.py:52} INFO - Started process 140731 to run task
[2024-09-16 13:56:48,935] {standard_task_runner.py:79} INFO - Running: ['airflow', 'tasks', 'run', 'BRONZER_GET_STONCKS', 'BRONZE_STONCKS_GOOG', 'scheduled__2024-09-12T00:00:00+00:00', '--job-id', '2658', '--raw', '--subdir', 'DAGS_FOLDER/get_stocks.py', '--cfg-path', '/tmp/tmpa3m2qlj0', '--error-file', '/tmp/tmpn6x6k4np']
[2024-09-16 13:56:48,936] {standard_task_runner.py:80} INFO - Job 2658: Subtask BRONZE_STONCKS_GOOG
[2024-09-16 13:56:49,123] {task_command.py:370} INFO - Running <TaskInstance: BRONZER_GET_STONCKS.BRONZE_STONCKS_GOOG scheduled__2024-09-12T00:00:00+00:00 [running]> on host kaiwang.
[2024-09-16 13:56:49,746] {taskinstance.py:1569} INFO - Exporting the following env vars:
AIRFLOW_CTX_DAG_OWNER=airflow
AIRFLOW_CTX_DAG_ID=BRONZER_GET_STONCKS
AIRFLOW_CTX_TASK_ID=BRONZE_STONCKS_GOOG
AIRFLOW_CTX_EXECUTION_DATE=2024-09-12T00:00:00+00:00
AIRFLOW_CTX_TRY_NUMBER=1
AIRFLOW_CTX_DAG_RUN_ID=scheduled__2024-09-12T00:00:00+00:00
[2024-09-16 13:56:51,030] {python.py:173} INFO - Done. Returned value was: None
[2024-09-16 13:56:51,133] {taskinstance.py:1395} INFO - Marking task as SUCCESS. dag_id=BRONZER_GET_STONCKS, task_id=BRONZE_STONCKS_GOOG, execution_date=20240912T000000, start_date=20240916T165648, end_date=20240916T165651
[2024-09-16 13:56:51,212] {local_task_job.py:156} INFO - Task exited with return code 0
[2024-09-16 13:56:51,298] {local_task_job.py:273} INFO - 0 downstream tasks scheduled from follow-on schedule check
