[2024-09-16 00:03:30,284] {taskinstance.py:1159} INFO - Dependencies all met for <TaskInstance: BRONZER_GET_STONCKS.BRONZE_STONCKS_TSLA scheduled__2024-01-24T00:00:00+00:00 [queued]>
[2024-09-16 00:03:30,312] {taskinstance.py:1159} INFO - Dependencies all met for <TaskInstance: BRONZER_GET_STONCKS.BRONZE_STONCKS_TSLA scheduled__2024-01-24T00:00:00+00:00 [queued]>
[2024-09-16 00:03:30,313] {taskinstance.py:1356} INFO - 
--------------------------------------------------------------------------------
[2024-09-16 00:03:30,313] {taskinstance.py:1357} INFO - Starting attempt 1 of 1
[2024-09-16 00:03:30,313] {taskinstance.py:1358} INFO - 
--------------------------------------------------------------------------------
[2024-09-16 00:03:30,373] {taskinstance.py:1377} INFO - Executing <Task(_PythonDecoratedOperator): BRONZE_STONCKS_TSLA> on 2024-01-24 00:00:00+00:00
[2024-09-16 00:03:30,379] {standard_task_runner.py:52} INFO - Started process 20289 to run task
[2024-09-16 00:03:30,394] {standard_task_runner.py:79} INFO - Running: ['airflow', 'tasks', 'run', 'BRONZER_GET_STONCKS', 'BRONZE_STONCKS_TSLA', 'scheduled__2024-01-24T00:00:00+00:00', '--job-id', '136', '--raw', '--subdir', 'DAGS_FOLDER/get_stocks.py', '--cfg-path', '/tmp/tmpy49alej4', '--error-file', '/tmp/tmpekaoh7zh']
[2024-09-16 00:03:30,395] {standard_task_runner.py:80} INFO - Job 136: Subtask BRONZE_STONCKS_TSLA
[2024-09-16 00:03:30,655] {task_command.py:370} INFO - Running <TaskInstance: BRONZER_GET_STONCKS.BRONZE_STONCKS_TSLA scheduled__2024-01-24T00:00:00+00:00 [running]> on host kaiwang.
[2024-09-16 00:03:30,933] {taskinstance.py:1569} INFO - Exporting the following env vars:
AIRFLOW_CTX_DAG_OWNER=airflow
AIRFLOW_CTX_DAG_ID=BRONZER_GET_STONCKS
AIRFLOW_CTX_TASK_ID=BRONZE_STONCKS_TSLA
AIRFLOW_CTX_EXECUTION_DATE=2024-01-24T00:00:00+00:00
AIRFLOW_CTX_TRY_NUMBER=1
AIRFLOW_CTX_DAG_RUN_ID=scheduled__2024-01-24T00:00:00+00:00
[2024-09-16 00:03:31,580] {python.py:173} INFO - Done. Returned value was: None
[2024-09-16 00:03:31,643] {taskinstance.py:1395} INFO - Marking task as SUCCESS. dag_id=BRONZER_GET_STONCKS, task_id=BRONZE_STONCKS_TSLA, execution_date=20240124T000000, start_date=20240916T030330, end_date=20240916T030331
[2024-09-16 00:03:31,705] {local_task_job.py:156} INFO - Task exited with return code 0
[2024-09-16 00:03:31,851] {local_task_job.py:273} INFO - 0 downstream tasks scheduled from follow-on schedule check
[2024-09-16 00:13:11,094] {taskinstance.py:1159} INFO - Dependencies all met for <TaskInstance: BRONZER_GET_STONCKS.BRONZE_STONCKS_TSLA scheduled__2024-01-24T00:00:00+00:00 [queued]>
[2024-09-16 00:13:11,173] {taskinstance.py:1159} INFO - Dependencies all met for <TaskInstance: BRONZER_GET_STONCKS.BRONZE_STONCKS_TSLA scheduled__2024-01-24T00:00:00+00:00 [queued]>
[2024-09-16 00:13:11,174] {taskinstance.py:1356} INFO - 
--------------------------------------------------------------------------------
[2024-09-16 00:13:11,174] {taskinstance.py:1357} INFO - Starting attempt 1 of 1
[2024-09-16 00:13:11,174] {taskinstance.py:1358} INFO - 
--------------------------------------------------------------------------------
[2024-09-16 00:13:11,280] {taskinstance.py:1377} INFO - Executing <Task(_PythonDecoratedOperator): BRONZE_STONCKS_TSLA> on 2024-01-24 00:00:00+00:00
[2024-09-16 00:13:11,305] {standard_task_runner.py:52} INFO - Started process 45871 to run task
[2024-09-16 00:13:11,317] {standard_task_runner.py:79} INFO - Running: ['airflow', 'tasks', 'run', 'BRONZER_GET_STONCKS', 'BRONZE_STONCKS_TSLA', 'scheduled__2024-01-24T00:00:00+00:00', '--job-id', '1606', '--raw', '--subdir', 'DAGS_FOLDER/get_stocks.py', '--cfg-path', '/tmp/tmpowmco4f_', '--error-file', '/tmp/tmplqqyug4e']
[2024-09-16 00:13:11,318] {standard_task_runner.py:80} INFO - Job 1606: Subtask BRONZE_STONCKS_TSLA
[2024-09-16 00:13:11,601] {task_command.py:370} INFO - Running <TaskInstance: BRONZER_GET_STONCKS.BRONZE_STONCKS_TSLA scheduled__2024-01-24T00:00:00+00:00 [running]> on host kaiwang.
[2024-09-16 00:13:12,290] {taskinstance.py:1569} INFO - Exporting the following env vars:
AIRFLOW_CTX_DAG_OWNER=airflow
AIRFLOW_CTX_DAG_ID=BRONZER_GET_STONCKS
AIRFLOW_CTX_TASK_ID=BRONZE_STONCKS_TSLA
AIRFLOW_CTX_EXECUTION_DATE=2024-01-24T00:00:00+00:00
AIRFLOW_CTX_TRY_NUMBER=1
AIRFLOW_CTX_DAG_RUN_ID=scheduled__2024-01-24T00:00:00+00:00
[2024-09-16 00:13:12,955] {python.py:173} INFO - Done. Returned value was: None
[2024-09-16 00:13:13,014] {taskinstance.py:1395} INFO - Marking task as SUCCESS. dag_id=BRONZER_GET_STONCKS, task_id=BRONZE_STONCKS_TSLA, execution_date=20240124T000000, start_date=20240916T031311, end_date=20240916T031313
[2024-09-16 00:13:13,074] {local_task_job.py:156} INFO - Task exited with return code 0
[2024-09-16 00:13:13,224] {local_task_job.py:273} INFO - 0 downstream tasks scheduled from follow-on schedule check
[2024-09-16 00:14:44,453] {taskinstance.py:1159} INFO - Dependencies all met for <TaskInstance: BRONZER_GET_STONCKS.BRONZE_STONCKS_TSLA scheduled__2024-01-24T00:00:00+00:00 [queued]>
[2024-09-16 00:14:44,477] {taskinstance.py:1159} INFO - Dependencies all met for <TaskInstance: BRONZER_GET_STONCKS.BRONZE_STONCKS_TSLA scheduled__2024-01-24T00:00:00+00:00 [queued]>
[2024-09-16 00:14:44,477] {taskinstance.py:1356} INFO - 
--------------------------------------------------------------------------------
[2024-09-16 00:14:44,477] {taskinstance.py:1357} INFO - Starting attempt 1 of 1
[2024-09-16 00:14:44,477] {taskinstance.py:1358} INFO - 
--------------------------------------------------------------------------------
[2024-09-16 00:14:44,529] {taskinstance.py:1377} INFO - Executing <Task(_PythonDecoratedOperator): BRONZE_STONCKS_TSLA> on 2024-01-24 00:00:00+00:00
[2024-09-16 00:14:44,535] {standard_task_runner.py:52} INFO - Started process 51222 to run task
[2024-09-16 00:14:44,547] {standard_task_runner.py:79} INFO - Running: ['airflow', 'tasks', 'run', 'BRONZER_GET_STONCKS', 'BRONZE_STONCKS_TSLA', 'scheduled__2024-01-24T00:00:00+00:00', '--job-id', '1915', '--raw', '--subdir', 'DAGS_FOLDER/get_stocks.py', '--cfg-path', '/tmp/tmplfdi81lq', '--error-file', '/tmp/tmpdwdfna0c']
[2024-09-16 00:14:44,548] {standard_task_runner.py:80} INFO - Job 1915: Subtask BRONZE_STONCKS_TSLA
[2024-09-16 00:14:44,766] {task_command.py:370} INFO - Running <TaskInstance: BRONZER_GET_STONCKS.BRONZE_STONCKS_TSLA scheduled__2024-01-24T00:00:00+00:00 [running]> on host kaiwang.
[2024-09-16 00:14:44,892] {taskinstance.py:1569} INFO - Exporting the following env vars:
AIRFLOW_CTX_DAG_OWNER=airflow
AIRFLOW_CTX_DAG_ID=BRONZER_GET_STONCKS
AIRFLOW_CTX_TASK_ID=BRONZE_STONCKS_TSLA
AIRFLOW_CTX_EXECUTION_DATE=2024-01-24T00:00:00+00:00
AIRFLOW_CTX_TRY_NUMBER=1
AIRFLOW_CTX_DAG_RUN_ID=scheduled__2024-01-24T00:00:00+00:00
[2024-09-16 00:14:45,499] {python.py:173} INFO - Done. Returned value was: None
[2024-09-16 00:14:45,634] {taskinstance.py:1395} INFO - Marking task as SUCCESS. dag_id=BRONZER_GET_STONCKS, task_id=BRONZE_STONCKS_TSLA, execution_date=20240124T000000, start_date=20240916T031444, end_date=20240916T031445
[2024-09-16 00:14:45,700] {local_task_job.py:156} INFO - Task exited with return code 0
[2024-09-16 00:14:45,851] {local_task_job.py:273} INFO - 0 downstream tasks scheduled from follow-on schedule check
