[2024-09-16 00:04:23,043] {taskinstance.py:1159} INFO - Dependencies all met for <TaskInstance: BRONZER_GET_CRIPTOS.BRONZE_CRIPTO_ETH scheduled__2024-03-01T00:00:00+00:00 [queued]>
[2024-09-16 00:04:23,064] {taskinstance.py:1159} INFO - Dependencies all met for <TaskInstance: BRONZER_GET_CRIPTOS.BRONZE_CRIPTO_ETH scheduled__2024-03-01T00:00:00+00:00 [queued]>
[2024-09-16 00:04:23,064] {taskinstance.py:1356} INFO - 
--------------------------------------------------------------------------------
[2024-09-16 00:04:23,064] {taskinstance.py:1357} INFO - Starting attempt 1 of 1
[2024-09-16 00:04:23,064] {taskinstance.py:1358} INFO - 
--------------------------------------------------------------------------------
[2024-09-16 00:04:23,112] {taskinstance.py:1377} INFO - Executing <Task(_PythonDecoratedOperator): BRONZE_CRIPTO_ETH> on 2024-03-01 00:00:00+00:00
[2024-09-16 00:04:23,118] {standard_task_runner.py:52} INFO - Started process 24342 to run task
[2024-09-16 00:04:23,151] {standard_task_runner.py:79} INFO - Running: ['airflow', 'tasks', 'run', 'BRONZER_GET_CRIPTOS', 'BRONZE_CRIPTO_ETH', 'scheduled__2024-03-01T00:00:00+00:00', '--job-id', '363', '--raw', '--subdir', 'DAGS_FOLDER/get_cripto.py', '--cfg-path', '/tmp/tmpe7qt49d9', '--error-file', '/tmp/tmp6dvj8pap']
[2024-09-16 00:04:23,152] {standard_task_runner.py:80} INFO - Job 363: Subtask BRONZE_CRIPTO_ETH
[2024-09-16 00:04:23,408] {task_command.py:370} INFO - Running <TaskInstance: BRONZER_GET_CRIPTOS.BRONZE_CRIPTO_ETH scheduled__2024-03-01T00:00:00+00:00 [running]> on host kaiwang.
[2024-09-16 00:04:23,671] {taskinstance.py:1569} INFO - Exporting the following env vars:
AIRFLOW_CTX_DAG_OWNER=airflow
AIRFLOW_CTX_DAG_ID=BRONZER_GET_CRIPTOS
AIRFLOW_CTX_TASK_ID=BRONZE_CRIPTO_ETH
AIRFLOW_CTX_EXECUTION_DATE=2024-03-01T00:00:00+00:00
AIRFLOW_CTX_TRY_NUMBER=1
AIRFLOW_CTX_DAG_RUN_ID=scheduled__2024-03-01T00:00:00+00:00
[2024-09-16 00:04:26,952] {history.py:244} ERROR - $ETH: possibly delisted; no price data found  (1h 2024-02-27 -> 2024-03-01) (Yahoo error = "Data doesn't exist for startDate = 1709010000, endDate = 1709269200")
[2024-09-16 00:04:26,956] {python.py:173} INFO - Done. Returned value was: None
[2024-09-16 00:04:26,984] {taskinstance.py:1395} INFO - Marking task as SUCCESS. dag_id=BRONZER_GET_CRIPTOS, task_id=BRONZE_CRIPTO_ETH, execution_date=20240301T000000, start_date=20240916T030423, end_date=20240916T030426
[2024-09-16 00:04:27,030] {local_task_job.py:156} INFO - Task exited with return code 0
[2024-09-16 00:04:27,117] {local_task_job.py:273} INFO - 0 downstream tasks scheduled from follow-on schedule check
[2024-09-16 00:15:36,941] {taskinstance.py:1159} INFO - Dependencies all met for <TaskInstance: BRONZER_GET_CRIPTOS.BRONZE_CRIPTO_ETH scheduled__2024-03-01T00:00:00+00:00 [queued]>
[2024-09-16 00:15:36,992] {taskinstance.py:1159} INFO - Dependencies all met for <TaskInstance: BRONZER_GET_CRIPTOS.BRONZE_CRIPTO_ETH scheduled__2024-03-01T00:00:00+00:00 [queued]>
[2024-09-16 00:15:36,993] {taskinstance.py:1356} INFO - 
--------------------------------------------------------------------------------
[2024-09-16 00:15:36,993] {taskinstance.py:1357} INFO - Starting attempt 1 of 1
[2024-09-16 00:15:36,993] {taskinstance.py:1358} INFO - 
--------------------------------------------------------------------------------
[2024-09-16 00:15:37,013] {taskinstance.py:1377} INFO - Executing <Task(_PythonDecoratedOperator): BRONZE_CRIPTO_ETH> on 2024-03-01 00:00:00+00:00
[2024-09-16 00:15:37,026] {standard_task_runner.py:52} INFO - Started process 55575 to run task
[2024-09-16 00:15:37,067] {standard_task_runner.py:79} INFO - Running: ['airflow', 'tasks', 'run', 'BRONZER_GET_CRIPTOS', 'BRONZE_CRIPTO_ETH', 'scheduled__2024-03-01T00:00:00+00:00', '--job-id', '2164', '--raw', '--subdir', 'DAGS_FOLDER/get_cripto.py', '--cfg-path', '/tmp/tmpswui2i4h', '--error-file', '/tmp/tmparbjw9rw']
[2024-09-16 00:15:37,069] {standard_task_runner.py:80} INFO - Job 2164: Subtask BRONZE_CRIPTO_ETH
[2024-09-16 00:15:37,334] {task_command.py:370} INFO - Running <TaskInstance: BRONZER_GET_CRIPTOS.BRONZE_CRIPTO_ETH scheduled__2024-03-01T00:00:00+00:00 [running]> on host kaiwang.
[2024-09-16 00:15:37,546] {taskinstance.py:1569} INFO - Exporting the following env vars:
AIRFLOW_CTX_DAG_OWNER=airflow
AIRFLOW_CTX_DAG_ID=BRONZER_GET_CRIPTOS
AIRFLOW_CTX_TASK_ID=BRONZE_CRIPTO_ETH
AIRFLOW_CTX_EXECUTION_DATE=2024-03-01T00:00:00+00:00
AIRFLOW_CTX_TRY_NUMBER=1
AIRFLOW_CTX_DAG_RUN_ID=scheduled__2024-03-01T00:00:00+00:00
[2024-09-16 00:15:40,876] {history.py:244} ERROR - $ETH: possibly delisted; no price data found  (1h 2024-02-27 -> 2024-03-01) (Yahoo error = "Data doesn't exist for startDate = 1709010000, endDate = 1709269200")
[2024-09-16 00:15:40,880] {python.py:173} INFO - Done. Returned value was: None
[2024-09-16 00:15:40,979] {taskinstance.py:1395} INFO - Marking task as SUCCESS. dag_id=BRONZER_GET_CRIPTOS, task_id=BRONZE_CRIPTO_ETH, execution_date=20240301T000000, start_date=20240916T031536, end_date=20240916T031540
[2024-09-16 00:15:41,115] {local_task_job.py:156} INFO - Task exited with return code 0
[2024-09-16 00:15:41,320] {local_task_job.py:273} INFO - 0 downstream tasks scheduled from follow-on schedule check
