[2024-09-16 00:07:22,853] {taskinstance.py:1159} INFO - Dependencies all met for <TaskInstance: BRONZER_GET_CRIPTOS.BRONZE_CRIPTO_BTC scheduled__2024-07-10T00:00:00+00:00 [queued]>
[2024-09-16 00:07:22,881] {taskinstance.py:1159} INFO - Dependencies all met for <TaskInstance: BRONZER_GET_CRIPTOS.BRONZE_CRIPTO_BTC scheduled__2024-07-10T00:00:00+00:00 [queued]>
[2024-09-16 00:07:22,886] {taskinstance.py:1356} INFO - 
--------------------------------------------------------------------------------
[2024-09-16 00:07:22,886] {taskinstance.py:1357} INFO - Starting attempt 1 of 1
[2024-09-16 00:07:22,886] {taskinstance.py:1358} INFO - 
--------------------------------------------------------------------------------
[2024-09-16 00:07:22,937] {taskinstance.py:1377} INFO - Executing <Task(_PythonDecoratedOperator): BRONZE_CRIPTO_BTC> on 2024-07-10 00:00:00+00:00
[2024-09-16 00:07:22,959] {standard_task_runner.py:52} INFO - Started process 38858 to run task
[2024-09-16 00:07:22,999] {standard_task_runner.py:79} INFO - Running: ['airflow', 'tasks', 'run', 'BRONZER_GET_CRIPTOS', 'BRONZE_CRIPTO_BTC', 'scheduled__2024-07-10T00:00:00+00:00', '--job-id', '1209', '--raw', '--subdir', 'DAGS_FOLDER/get_cripto.py', '--cfg-path', '/tmp/tmp9p0az_tc', '--error-file', '/tmp/tmpaao2z0wr']
[2024-09-16 00:07:23,000] {standard_task_runner.py:80} INFO - Job 1209: Subtask BRONZE_CRIPTO_BTC
[2024-09-16 00:07:23,318] {task_command.py:370} INFO - Running <TaskInstance: BRONZER_GET_CRIPTOS.BRONZE_CRIPTO_BTC scheduled__2024-07-10T00:00:00+00:00 [running]> on host kaiwang.
[2024-09-16 00:07:23,696] {taskinstance.py:1569} INFO - Exporting the following env vars:
AIRFLOW_CTX_DAG_OWNER=airflow
AIRFLOW_CTX_DAG_ID=BRONZER_GET_CRIPTOS
AIRFLOW_CTX_TASK_ID=BRONZE_CRIPTO_BTC
AIRFLOW_CTX_EXECUTION_DATE=2024-07-10T00:00:00+00:00
AIRFLOW_CTX_TRY_NUMBER=1
AIRFLOW_CTX_DAG_RUN_ID=scheduled__2024-07-10T00:00:00+00:00
[2024-09-16 00:07:26,434] {history.py:244} ERROR - $BTC: possibly delisted; no price data found  (1h 2024-07-07 -> 2024-07-10) (Yahoo error = "Data doesn't exist for startDate = 1720324800, endDate = 1720584000")
[2024-09-16 00:07:26,440] {python.py:173} INFO - Done. Returned value was: None
[2024-09-16 00:07:26,503] {taskinstance.py:1395} INFO - Marking task as SUCCESS. dag_id=BRONZER_GET_CRIPTOS, task_id=BRONZE_CRIPTO_BTC, execution_date=20240710T000000, start_date=20240916T030722, end_date=20240916T030726
[2024-09-16 00:07:26,627] {local_task_job.py:156} INFO - Task exited with return code 0
[2024-09-16 00:07:26,928] {local_task_job.py:273} INFO - 0 downstream tasks scheduled from follow-on schedule check
