[2024-09-16 00:07:18,080] {taskinstance.py:1159} INFO - Dependencies all met for <TaskInstance: BRONZER_GET_STONCKS.BRONZE_STONCKS_GOOG scheduled__2024-08-16T00:00:00+00:00 [queued]>
[2024-09-16 00:07:18,103] {taskinstance.py:1159} INFO - Dependencies all met for <TaskInstance: BRONZER_GET_STONCKS.BRONZE_STONCKS_GOOG scheduled__2024-08-16T00:00:00+00:00 [queued]>
[2024-09-16 00:07:18,103] {taskinstance.py:1356} INFO - 
--------------------------------------------------------------------------------
[2024-09-16 00:07:18,104] {taskinstance.py:1357} INFO - Starting attempt 1 of 1
[2024-09-16 00:07:18,104] {taskinstance.py:1358} INFO - 
--------------------------------------------------------------------------------
[2024-09-16 00:07:18,145] {taskinstance.py:1377} INFO - Executing <Task(_PythonDecoratedOperator): BRONZE_STONCKS_GOOG> on 2024-08-16 00:00:00+00:00
[2024-09-16 00:07:18,151] {standard_task_runner.py:52} INFO - Started process 38532 to run task
[2024-09-16 00:07:18,179] {standard_task_runner.py:79} INFO - Running: ['airflow', 'tasks', 'run', 'BRONZER_GET_STONCKS', 'BRONZE_STONCKS_GOOG', 'scheduled__2024-08-16T00:00:00+00:00', '--job-id', '1197', '--raw', '--subdir', 'DAGS_FOLDER/get_stocks.py', '--cfg-path', '/tmp/tmp8quvl9xa', '--error-file', '/tmp/tmp6w7a709l']
[2024-09-16 00:07:18,180] {standard_task_runner.py:80} INFO - Job 1197: Subtask BRONZE_STONCKS_GOOG
[2024-09-16 00:07:18,335] {task_command.py:370} INFO - Running <TaskInstance: BRONZER_GET_STONCKS.BRONZE_STONCKS_GOOG scheduled__2024-08-16T00:00:00+00:00 [running]> on host kaiwang.
[2024-09-16 00:07:18,518] {taskinstance.py:1569} INFO - Exporting the following env vars:
AIRFLOW_CTX_DAG_OWNER=airflow
AIRFLOW_CTX_DAG_ID=BRONZER_GET_STONCKS
AIRFLOW_CTX_TASK_ID=BRONZE_STONCKS_GOOG
AIRFLOW_CTX_EXECUTION_DATE=2024-08-16T00:00:00+00:00
AIRFLOW_CTX_TRY_NUMBER=1
AIRFLOW_CTX_DAG_RUN_ID=scheduled__2024-08-16T00:00:00+00:00
[2024-09-16 00:07:19,071] {python.py:173} INFO - Done. Returned value was: None
[2024-09-16 00:07:19,111] {taskinstance.py:1395} INFO - Marking task as SUCCESS. dag_id=BRONZER_GET_STONCKS, task_id=BRONZE_STONCKS_GOOG, execution_date=20240816T000000, start_date=20240916T030718, end_date=20240916T030719
[2024-09-16 00:07:19,145] {local_task_job.py:156} INFO - Task exited with return code 0
[2024-09-16 00:07:19,243] {local_task_job.py:273} INFO - 0 downstream tasks scheduled from follow-on schedule check
[2024-09-16 13:56:09,296] {taskinstance.py:1159} INFO - Dependencies all met for <TaskInstance: BRONZER_GET_STONCKS.BRONZE_STONCKS_GOOG scheduled__2024-08-16T00:00:00+00:00 [queued]>
[2024-09-16 13:56:09,366] {taskinstance.py:1159} INFO - Dependencies all met for <TaskInstance: BRONZER_GET_STONCKS.BRONZE_STONCKS_GOOG scheduled__2024-08-16T00:00:00+00:00 [queued]>
[2024-09-16 13:56:09,366] {taskinstance.py:1356} INFO - 
--------------------------------------------------------------------------------
[2024-09-16 13:56:09,366] {taskinstance.py:1357} INFO - Starting attempt 1 of 1
[2024-09-16 13:56:09,366] {taskinstance.py:1358} INFO - 
--------------------------------------------------------------------------------
[2024-09-16 13:56:09,473] {taskinstance.py:1377} INFO - Executing <Task(_PythonDecoratedOperator): BRONZE_STONCKS_GOOG> on 2024-08-16 00:00:00+00:00
[2024-09-16 13:56:09,486] {standard_task_runner.py:52} INFO - Started process 137788 to run task
[2024-09-16 13:56:09,511] {standard_task_runner.py:79} INFO - Running: ['airflow', 'tasks', 'run', 'BRONZER_GET_STONCKS', 'BRONZE_STONCKS_GOOG', 'scheduled__2024-08-16T00:00:00+00:00', '--job-id', '2524', '--raw', '--subdir', 'DAGS_FOLDER/get_stocks.py', '--cfg-path', '/tmp/tmp95xgslvp', '--error-file', '/tmp/tmpu5skebhb']
[2024-09-16 13:56:09,512] {standard_task_runner.py:80} INFO - Job 2524: Subtask BRONZE_STONCKS_GOOG
[2024-09-16 13:56:09,791] {task_command.py:370} INFO - Running <TaskInstance: BRONZER_GET_STONCKS.BRONZE_STONCKS_GOOG scheduled__2024-08-16T00:00:00+00:00 [running]> on host kaiwang.
[2024-09-16 13:56:10,476] {taskinstance.py:1569} INFO - Exporting the following env vars:
AIRFLOW_CTX_DAG_OWNER=airflow
AIRFLOW_CTX_DAG_ID=BRONZER_GET_STONCKS
AIRFLOW_CTX_TASK_ID=BRONZE_STONCKS_GOOG
AIRFLOW_CTX_EXECUTION_DATE=2024-08-16T00:00:00+00:00
AIRFLOW_CTX_TRY_NUMBER=1
AIRFLOW_CTX_DAG_RUN_ID=scheduled__2024-08-16T00:00:00+00:00
[2024-09-16 13:56:11,077] {python.py:173} INFO - Done. Returned value was: None
[2024-09-16 13:56:11,123] {taskinstance.py:1395} INFO - Marking task as SUCCESS. dag_id=BRONZER_GET_STONCKS, task_id=BRONZE_STONCKS_GOOG, execution_date=20240816T000000, start_date=20240916T165609, end_date=20240916T165611
[2024-09-16 13:56:11,213] {local_task_job.py:156} INFO - Task exited with return code 0
[2024-09-16 13:56:11,391] {local_task_job.py:273} INFO - 0 downstream tasks scheduled from follow-on schedule check
