[2024-09-16 00:07:37,010] {taskinstance.py:1159} INFO - Dependencies all met for <TaskInstance: BRONZER_GET_CRIPTOS.BRONZE_CRIPTO_BTC scheduled__2024-07-20T00:00:00+00:00 [queued]>
[2024-09-16 00:07:37,046] {taskinstance.py:1159} INFO - Dependencies all met for <TaskInstance: BRONZER_GET_CRIPTOS.BRONZE_CRIPTO_BTC scheduled__2024-07-20T00:00:00+00:00 [queued]>
[2024-09-16 00:07:37,047] {taskinstance.py:1356} INFO - 
--------------------------------------------------------------------------------
[2024-09-16 00:07:37,047] {taskinstance.py:1357} INFO - Starting attempt 1 of 1
[2024-09-16 00:07:37,047] {taskinstance.py:1358} INFO - 
--------------------------------------------------------------------------------
[2024-09-16 00:07:37,131] {taskinstance.py:1377} INFO - Executing <Task(_PythonDecoratedOperator): BRONZE_CRIPTO_BTC> on 2024-07-20 00:00:00+00:00
[2024-09-16 00:07:37,136] {standard_task_runner.py:52} INFO - Started process 39998 to run task
[2024-09-16 00:07:37,166] {standard_task_runner.py:79} INFO - Running: ['airflow', 'tasks', 'run', 'BRONZER_GET_CRIPTOS', 'BRONZE_CRIPTO_BTC', 'scheduled__2024-07-20T00:00:00+00:00', '--job-id', '1282', '--raw', '--subdir', 'DAGS_FOLDER/get_cripto.py', '--cfg-path', '/tmp/tmpgcv9_0vw', '--error-file', '/tmp/tmp4o0225n_']
[2024-09-16 00:07:37,167] {standard_task_runner.py:80} INFO - Job 1282: Subtask BRONZE_CRIPTO_BTC
[2024-09-16 00:07:37,465] {task_command.py:370} INFO - Running <TaskInstance: BRONZER_GET_CRIPTOS.BRONZE_CRIPTO_BTC scheduled__2024-07-20T00:00:00+00:00 [running]> on host kaiwang.
[2024-09-16 00:07:37,792] {taskinstance.py:1569} INFO - Exporting the following env vars:
AIRFLOW_CTX_DAG_OWNER=airflow
AIRFLOW_CTX_DAG_ID=BRONZER_GET_CRIPTOS
AIRFLOW_CTX_TASK_ID=BRONZE_CRIPTO_BTC
AIRFLOW_CTX_EXECUTION_DATE=2024-07-20T00:00:00+00:00
AIRFLOW_CTX_TRY_NUMBER=1
AIRFLOW_CTX_DAG_RUN_ID=scheduled__2024-07-20T00:00:00+00:00
[2024-09-16 00:07:40,255] {history.py:244} ERROR - $BTC: possibly delisted; no price data found  (1h 2024-07-17 -> 2024-07-20) (Yahoo error = "Data doesn't exist for startDate = 1721188800, endDate = 1721448000")
[2024-09-16 00:07:40,258] {python.py:173} INFO - Done. Returned value was: None
[2024-09-16 00:07:40,302] {taskinstance.py:1395} INFO - Marking task as SUCCESS. dag_id=BRONZER_GET_CRIPTOS, task_id=BRONZE_CRIPTO_BTC, execution_date=20240720T000000, start_date=20240916T030737, end_date=20240916T030740
[2024-09-16 00:07:40,365] {local_task_job.py:156} INFO - Task exited with return code 0
[2024-09-16 00:07:40,468] {local_task_job.py:273} INFO - 0 downstream tasks scheduled from follow-on schedule check
