[2024-09-16 00:07:52,152] {taskinstance.py:1159} INFO - Dependencies all met for <TaskInstance: BRONZER_GET_CRIPTOS.BRONZE_CRIPTO_ETH scheduled__2024-08-02T00:00:00+00:00 [queued]>
[2024-09-16 00:07:52,187] {taskinstance.py:1159} INFO - Dependencies all met for <TaskInstance: BRONZER_GET_CRIPTOS.BRONZE_CRIPTO_ETH scheduled__2024-08-02T00:00:00+00:00 [queued]>
[2024-09-16 00:07:52,187] {taskinstance.py:1356} INFO - 
--------------------------------------------------------------------------------
[2024-09-16 00:07:52,187] {taskinstance.py:1357} INFO - Starting attempt 1 of 1
[2024-09-16 00:07:52,187] {taskinstance.py:1358} INFO - 
--------------------------------------------------------------------------------
[2024-09-16 00:07:52,220] {taskinstance.py:1377} INFO - Executing <Task(_PythonDecoratedOperator): BRONZE_CRIPTO_ETH> on 2024-08-02 00:00:00+00:00
[2024-09-16 00:07:52,226] {standard_task_runner.py:52} INFO - Started process 41279 to run task
[2024-09-16 00:07:52,245] {standard_task_runner.py:79} INFO - Running: ['airflow', 'tasks', 'run', 'BRONZER_GET_CRIPTOS', 'BRONZE_CRIPTO_ETH', 'scheduled__2024-08-02T00:00:00+00:00', '--job-id', '1352', '--raw', '--subdir', 'DAGS_FOLDER/get_cripto.py', '--cfg-path', '/tmp/tmpfjawujnv', '--error-file', '/tmp/tmpzdf6zxvg']
[2024-09-16 00:07:52,246] {standard_task_runner.py:80} INFO - Job 1352: Subtask BRONZE_CRIPTO_ETH
[2024-09-16 00:07:52,488] {task_command.py:370} INFO - Running <TaskInstance: BRONZER_GET_CRIPTOS.BRONZE_CRIPTO_ETH scheduled__2024-08-02T00:00:00+00:00 [running]> on host kaiwang.
[2024-09-16 00:07:52,757] {taskinstance.py:1569} INFO - Exporting the following env vars:
AIRFLOW_CTX_DAG_OWNER=airflow
AIRFLOW_CTX_DAG_ID=BRONZER_GET_CRIPTOS
AIRFLOW_CTX_TASK_ID=BRONZE_CRIPTO_ETH
AIRFLOW_CTX_EXECUTION_DATE=2024-08-02T00:00:00+00:00
AIRFLOW_CTX_TRY_NUMBER=1
AIRFLOW_CTX_DAG_RUN_ID=scheduled__2024-08-02T00:00:00+00:00
[2024-09-16 00:07:53,432] {python.py:173} INFO - Done. Returned value was: None
[2024-09-16 00:07:53,458] {taskinstance.py:1395} INFO - Marking task as SUCCESS. dag_id=BRONZER_GET_CRIPTOS, task_id=BRONZE_CRIPTO_ETH, execution_date=20240802T000000, start_date=20240916T030752, end_date=20240916T030753
[2024-09-16 00:07:53,525] {local_task_job.py:156} INFO - Task exited with return code 0
[2024-09-16 00:07:53,573] {local_task_job.py:273} INFO - 0 downstream tasks scheduled from follow-on schedule check
[2024-09-16 00:16:28,329] {taskinstance.py:1159} INFO - Dependencies all met for <TaskInstance: BRONZER_GET_CRIPTOS.BRONZE_CRIPTO_ETH scheduled__2024-08-02T00:00:00+00:00 [queued]>
[2024-09-16 00:16:28,370] {taskinstance.py:1159} INFO - Dependencies all met for <TaskInstance: BRONZER_GET_CRIPTOS.BRONZE_CRIPTO_ETH scheduled__2024-08-02T00:00:00+00:00 [queued]>
[2024-09-16 00:16:28,370] {taskinstance.py:1356} INFO - 
--------------------------------------------------------------------------------
[2024-09-16 00:16:28,370] {taskinstance.py:1357} INFO - Starting attempt 1 of 1
[2024-09-16 00:16:28,370] {taskinstance.py:1358} INFO - 
--------------------------------------------------------------------------------
[2024-09-16 00:16:28,407] {taskinstance.py:1377} INFO - Executing <Task(_PythonDecoratedOperator): BRONZE_CRIPTO_ETH> on 2024-08-02 00:00:00+00:00
[2024-09-16 00:16:28,412] {standard_task_runner.py:52} INFO - Started process 59759 to run task
[2024-09-16 00:16:28,422] {standard_task_runner.py:79} INFO - Running: ['airflow', 'tasks', 'run', 'BRONZER_GET_CRIPTOS', 'BRONZE_CRIPTO_ETH', 'scheduled__2024-08-02T00:00:00+00:00', '--job-id', '2410', '--raw', '--subdir', 'DAGS_FOLDER/get_cripto.py', '--cfg-path', '/tmp/tmpy5iml4lq', '--error-file', '/tmp/tmpk7peqoev']
[2024-09-16 00:16:28,423] {standard_task_runner.py:80} INFO - Job 2410: Subtask BRONZE_CRIPTO_ETH
[2024-09-16 00:16:28,545] {task_command.py:370} INFO - Running <TaskInstance: BRONZER_GET_CRIPTOS.BRONZE_CRIPTO_ETH scheduled__2024-08-02T00:00:00+00:00 [running]> on host kaiwang.
[2024-09-16 00:16:28,647] {taskinstance.py:1569} INFO - Exporting the following env vars:
AIRFLOW_CTX_DAG_OWNER=airflow
AIRFLOW_CTX_DAG_ID=BRONZER_GET_CRIPTOS
AIRFLOW_CTX_TASK_ID=BRONZE_CRIPTO_ETH
AIRFLOW_CTX_EXECUTION_DATE=2024-08-02T00:00:00+00:00
AIRFLOW_CTX_TRY_NUMBER=1
AIRFLOW_CTX_DAG_RUN_ID=scheduled__2024-08-02T00:00:00+00:00
[2024-09-16 00:16:29,346] {python.py:173} INFO - Done. Returned value was: None
[2024-09-16 00:16:29,423] {taskinstance.py:1395} INFO - Marking task as SUCCESS. dag_id=BRONZER_GET_CRIPTOS, task_id=BRONZE_CRIPTO_ETH, execution_date=20240802T000000, start_date=20240916T031628, end_date=20240916T031629
[2024-09-16 00:16:29,525] {local_task_job.py:156} INFO - Task exited with return code 0
[2024-09-16 00:16:29,760] {local_task_job.py:273} INFO - 0 downstream tasks scheduled from follow-on schedule check
[2024-09-16 13:55:44,383] {taskinstance.py:1159} INFO - Dependencies all met for <TaskInstance: BRONZER_GET_CRIPTOS.BRONZE_CRIPTO_ETH scheduled__2024-08-02T00:00:00+00:00 [queued]>
[2024-09-16 13:55:44,396] {taskinstance.py:1159} INFO - Dependencies all met for <TaskInstance: BRONZER_GET_CRIPTOS.BRONZE_CRIPTO_ETH scheduled__2024-08-02T00:00:00+00:00 [queued]>
[2024-09-16 13:55:44,396] {taskinstance.py:1356} INFO - 
--------------------------------------------------------------------------------
[2024-09-16 13:55:44,396] {taskinstance.py:1357} INFO - Starting attempt 1 of 1
[2024-09-16 13:55:44,396] {taskinstance.py:1358} INFO - 
--------------------------------------------------------------------------------
[2024-09-16 13:55:44,422] {taskinstance.py:1377} INFO - Executing <Task(_PythonDecoratedOperator): BRONZE_CRIPTO_ETH> on 2024-08-02 00:00:00+00:00
[2024-09-16 13:55:44,432] {standard_task_runner.py:52} INFO - Started process 136036 to run task
[2024-09-16 13:55:44,449] {standard_task_runner.py:79} INFO - Running: ['airflow', 'tasks', 'run', 'BRONZER_GET_CRIPTOS', 'BRONZE_CRIPTO_ETH', 'scheduled__2024-08-02T00:00:00+00:00', '--job-id', '2443', '--raw', '--subdir', 'DAGS_FOLDER/get_cripto.py', '--cfg-path', '/tmp/tmpg95974s1', '--error-file', '/tmp/tmp743tvaf6']
[2024-09-16 13:55:44,452] {standard_task_runner.py:80} INFO - Job 2443: Subtask BRONZE_CRIPTO_ETH
[2024-09-16 13:55:44,623] {task_command.py:370} INFO - Running <TaskInstance: BRONZER_GET_CRIPTOS.BRONZE_CRIPTO_ETH scheduled__2024-08-02T00:00:00+00:00 [running]> on host kaiwang.
[2024-09-16 13:55:45,428] {taskinstance.py:1569} INFO - Exporting the following env vars:
AIRFLOW_CTX_DAG_OWNER=airflow
AIRFLOW_CTX_DAG_ID=BRONZER_GET_CRIPTOS
AIRFLOW_CTX_TASK_ID=BRONZE_CRIPTO_ETH
AIRFLOW_CTX_EXECUTION_DATE=2024-08-02T00:00:00+00:00
AIRFLOW_CTX_TRY_NUMBER=1
AIRFLOW_CTX_DAG_RUN_ID=scheduled__2024-08-02T00:00:00+00:00
[2024-09-16 13:55:46,039] {python.py:173} INFO - Done. Returned value was: None
[2024-09-16 13:55:46,079] {taskinstance.py:1395} INFO - Marking task as SUCCESS. dag_id=BRONZER_GET_CRIPTOS, task_id=BRONZE_CRIPTO_ETH, execution_date=20240802T000000, start_date=20240916T165544, end_date=20240916T165546
[2024-09-16 13:55:46,134] {local_task_job.py:156} INFO - Task exited with return code 0
[2024-09-16 13:55:46,222] {local_task_job.py:273} INFO - 0 downstream tasks scheduled from follow-on schedule check
