[2024-09-16 00:05:08,744] {taskinstance.py:1159} INFO - Dependencies all met for <TaskInstance: BRONZER_GET_STONCKS.BRONZE_STONCKS_AAPL scheduled__2024-04-16T00:00:00+00:00 [queued]>
[2024-09-16 00:05:08,795] {taskinstance.py:1159} INFO - Dependencies all met for <TaskInstance: BRONZER_GET_STONCKS.BRONZE_STONCKS_AAPL scheduled__2024-04-16T00:00:00+00:00 [queued]>
[2024-09-16 00:05:08,796] {taskinstance.py:1356} INFO - 
--------------------------------------------------------------------------------
[2024-09-16 00:05:08,796] {taskinstance.py:1357} INFO - Starting attempt 1 of 1
[2024-09-16 00:05:08,796] {taskinstance.py:1358} INFO - 
--------------------------------------------------------------------------------
[2024-09-16 00:05:08,856] {taskinstance.py:1377} INFO - Executing <Task(_PythonDecoratedOperator): BRONZE_STONCKS_AAPL> on 2024-04-16 00:00:00+00:00
[2024-09-16 00:05:08,865] {standard_task_runner.py:52} INFO - Started process 27813 to run task
[2024-09-16 00:05:08,874] {standard_task_runner.py:79} INFO - Running: ['airflow', 'tasks', 'run', 'BRONZER_GET_STONCKS', 'BRONZE_STONCKS_AAPL', 'scheduled__2024-04-16T00:00:00+00:00', '--job-id', '570', '--raw', '--subdir', 'DAGS_FOLDER/get_stocks.py', '--cfg-path', '/tmp/tmp87mtn3d8', '--error-file', '/tmp/tmp0y12pmej']
[2024-09-16 00:05:08,876] {standard_task_runner.py:80} INFO - Job 570: Subtask BRONZE_STONCKS_AAPL
[2024-09-16 00:05:09,180] {task_command.py:370} INFO - Running <TaskInstance: BRONZER_GET_STONCKS.BRONZE_STONCKS_AAPL scheduled__2024-04-16T00:00:00+00:00 [running]> on host kaiwang.
[2024-09-16 00:05:09,534] {taskinstance.py:1569} INFO - Exporting the following env vars:
AIRFLOW_CTX_DAG_OWNER=airflow
AIRFLOW_CTX_DAG_ID=BRONZER_GET_STONCKS
AIRFLOW_CTX_TASK_ID=BRONZE_STONCKS_AAPL
AIRFLOW_CTX_EXECUTION_DATE=2024-04-16T00:00:00+00:00
AIRFLOW_CTX_TRY_NUMBER=1
AIRFLOW_CTX_DAG_RUN_ID=scheduled__2024-04-16T00:00:00+00:00
[2024-09-16 00:05:10,221] {python.py:173} INFO - Done. Returned value was: None
[2024-09-16 00:05:10,271] {taskinstance.py:1395} INFO - Marking task as SUCCESS. dag_id=BRONZER_GET_STONCKS, task_id=BRONZE_STONCKS_AAPL, execution_date=20240416T000000, start_date=20240916T030508, end_date=20240916T030510
[2024-09-16 00:05:10,350] {local_task_job.py:156} INFO - Task exited with return code 0
[2024-09-16 00:05:10,486] {local_task_job.py:273} INFO - 0 downstream tasks scheduled from follow-on schedule check
[2024-09-16 00:16:13,605] {taskinstance.py:1159} INFO - Dependencies all met for <TaskInstance: BRONZER_GET_STONCKS.BRONZE_STONCKS_AAPL scheduled__2024-04-16T00:00:00+00:00 [queued]>
[2024-09-16 00:16:13,651] {taskinstance.py:1159} INFO - Dependencies all met for <TaskInstance: BRONZER_GET_STONCKS.BRONZE_STONCKS_AAPL scheduled__2024-04-16T00:00:00+00:00 [queued]>
[2024-09-16 00:16:13,651] {taskinstance.py:1356} INFO - 
--------------------------------------------------------------------------------
[2024-09-16 00:16:13,652] {taskinstance.py:1357} INFO - Starting attempt 1 of 1
[2024-09-16 00:16:13,652] {taskinstance.py:1358} INFO - 
--------------------------------------------------------------------------------
[2024-09-16 00:16:13,723] {taskinstance.py:1377} INFO - Executing <Task(_PythonDecoratedOperator): BRONZE_STONCKS_AAPL> on 2024-04-16 00:00:00+00:00
[2024-09-16 00:16:13,731] {standard_task_runner.py:52} INFO - Started process 58522 to run task
[2024-09-16 00:16:13,751] {standard_task_runner.py:79} INFO - Running: ['airflow', 'tasks', 'run', 'BRONZER_GET_STONCKS', 'BRONZE_STONCKS_AAPL', 'scheduled__2024-04-16T00:00:00+00:00', '--job-id', '2334', '--raw', '--subdir', 'DAGS_FOLDER/get_stocks.py', '--cfg-path', '/tmp/tmpazcn5_zq', '--error-file', '/tmp/tmpej86pjj1']
[2024-09-16 00:16:13,763] {standard_task_runner.py:80} INFO - Job 2334: Subtask BRONZE_STONCKS_AAPL
[2024-09-16 00:16:14,149] {task_command.py:370} INFO - Running <TaskInstance: BRONZER_GET_STONCKS.BRONZE_STONCKS_AAPL scheduled__2024-04-16T00:00:00+00:00 [running]> on host kaiwang.
[2024-09-16 00:16:14,418] {taskinstance.py:1569} INFO - Exporting the following env vars:
AIRFLOW_CTX_DAG_OWNER=airflow
AIRFLOW_CTX_DAG_ID=BRONZER_GET_STONCKS
AIRFLOW_CTX_TASK_ID=BRONZE_STONCKS_AAPL
AIRFLOW_CTX_EXECUTION_DATE=2024-04-16T00:00:00+00:00
AIRFLOW_CTX_TRY_NUMBER=1
AIRFLOW_CTX_DAG_RUN_ID=scheduled__2024-04-16T00:00:00+00:00
[2024-09-16 00:16:15,254] {python.py:173} INFO - Done. Returned value was: None
[2024-09-16 00:16:15,490] {taskinstance.py:1395} INFO - Marking task as SUCCESS. dag_id=BRONZER_GET_STONCKS, task_id=BRONZE_STONCKS_AAPL, execution_date=20240416T000000, start_date=20240916T031613, end_date=20240916T031615
[2024-09-16 00:16:15,531] {local_task_job.py:156} INFO - Task exited with return code 0
[2024-09-16 00:16:15,712] {local_task_job.py:273} INFO - 0 downstream tasks scheduled from follow-on schedule check
