[2024-09-16 00:06:01,229] {taskinstance.py:1159} INFO - Dependencies all met for <TaskInstance: BRONZER_GET_CRIPTOS.BRONZE_CRIPTO_DOGE scheduled__2024-05-11T00:00:00+00:00 [queued]>
[2024-09-16 00:06:01,244] {taskinstance.py:1159} INFO - Dependencies all met for <TaskInstance: BRONZER_GET_CRIPTOS.BRONZE_CRIPTO_DOGE scheduled__2024-05-11T00:00:00+00:00 [queued]>
[2024-09-16 00:06:01,244] {taskinstance.py:1356} INFO - 
--------------------------------------------------------------------------------
[2024-09-16 00:06:01,244] {taskinstance.py:1357} INFO - Starting attempt 1 of 1
[2024-09-16 00:06:01,244] {taskinstance.py:1358} INFO - 
--------------------------------------------------------------------------------
[2024-09-16 00:06:01,292] {taskinstance.py:1377} INFO - Executing <Task(_PythonDecoratedOperator): BRONZE_CRIPTO_DOGE> on 2024-05-11 00:00:00+00:00
[2024-09-16 00:06:01,298] {standard_task_runner.py:52} INFO - Started process 32214 to run task
[2024-09-16 00:06:01,318] {standard_task_runner.py:79} INFO - Running: ['airflow', 'tasks', 'run', 'BRONZER_GET_CRIPTOS', 'BRONZE_CRIPTO_DOGE', 'scheduled__2024-05-11T00:00:00+00:00', '--job-id', '823', '--raw', '--subdir', 'DAGS_FOLDER/get_cripto.py', '--cfg-path', '/tmp/tmpvzvo7t5u', '--error-file', '/tmp/tmp2bj8sgfo']
[2024-09-16 00:06:01,319] {standard_task_runner.py:80} INFO - Job 823: Subtask BRONZE_CRIPTO_DOGE
[2024-09-16 00:06:01,537] {task_command.py:370} INFO - Running <TaskInstance: BRONZER_GET_CRIPTOS.BRONZE_CRIPTO_DOGE scheduled__2024-05-11T00:00:00+00:00 [running]> on host kaiwang.
[2024-09-16 00:06:01,799] {taskinstance.py:1569} INFO - Exporting the following env vars:
AIRFLOW_CTX_DAG_OWNER=airflow
AIRFLOW_CTX_DAG_ID=BRONZER_GET_CRIPTOS
AIRFLOW_CTX_TASK_ID=BRONZE_CRIPTO_DOGE
AIRFLOW_CTX_EXECUTION_DATE=2024-05-11T00:00:00+00:00
AIRFLOW_CTX_TRY_NUMBER=1
AIRFLOW_CTX_DAG_RUN_ID=scheduled__2024-05-11T00:00:00+00:00
[2024-09-16 00:06:04,864] {history.py:122} ERROR - $DOGE: possibly delisted; no timezone found
[2024-09-16 00:06:04,868] {python.py:173} INFO - Done. Returned value was: None
[2024-09-16 00:06:04,928] {taskinstance.py:1395} INFO - Marking task as SUCCESS. dag_id=BRONZER_GET_CRIPTOS, task_id=BRONZE_CRIPTO_DOGE, execution_date=20240511T000000, start_date=20240916T030601, end_date=20240916T030604
[2024-09-16 00:06:04,997] {local_task_job.py:156} INFO - Task exited with return code 0
[2024-09-16 00:06:05,314] {local_task_job.py:273} INFO - 0 downstream tasks scheduled from follow-on schedule check
