[2024-09-16 00:03:01,408] {taskinstance.py:1159} INFO - Dependencies all met for <TaskInstance: BRONZER_GET_STONCKS.BRONZE_STONCKS_AAPL scheduled__2024-01-04T00:00:00+00:00 [queued]>
[2024-09-16 00:03:01,446] {taskinstance.py:1159} INFO - Dependencies all met for <TaskInstance: BRONZER_GET_STONCKS.BRONZE_STONCKS_AAPL scheduled__2024-01-04T00:00:00+00:00 [queued]>
[2024-09-16 00:03:01,447] {taskinstance.py:1356} INFO - 
--------------------------------------------------------------------------------
[2024-09-16 00:03:01,447] {taskinstance.py:1357} INFO - Starting attempt 1 of 1
[2024-09-16 00:03:01,447] {taskinstance.py:1358} INFO - 
--------------------------------------------------------------------------------
[2024-09-16 00:03:01,509] {taskinstance.py:1377} INFO - Executing <Task(_PythonDecoratedOperator): BRONZE_STONCKS_AAPL> on 2024-01-04 00:00:00+00:00
[2024-09-16 00:03:01,519] {standard_task_runner.py:52} INFO - Started process 18388 to run task
[2024-09-16 00:03:01,553] {standard_task_runner.py:79} INFO - Running: ['airflow', 'tasks', 'run', 'BRONZER_GET_STONCKS', 'BRONZE_STONCKS_AAPL', 'scheduled__2024-01-04T00:00:00+00:00', '--job-id', '28', '--raw', '--subdir', 'DAGS_FOLDER/get_stocks.py', '--cfg-path', '/tmp/tmpap6ddjfo', '--error-file', '/tmp/tmp1s3_yyey']
[2024-09-16 00:03:01,554] {standard_task_runner.py:80} INFO - Job 28: Subtask BRONZE_STONCKS_AAPL
[2024-09-16 00:03:01,863] {task_command.py:370} INFO - Running <TaskInstance: BRONZER_GET_STONCKS.BRONZE_STONCKS_AAPL scheduled__2024-01-04T00:00:00+00:00 [running]> on host kaiwang.
[2024-09-16 00:03:02,093] {taskinstance.py:1569} INFO - Exporting the following env vars:
AIRFLOW_CTX_DAG_OWNER=airflow
AIRFLOW_CTX_DAG_ID=BRONZER_GET_STONCKS
AIRFLOW_CTX_TASK_ID=BRONZE_STONCKS_AAPL
AIRFLOW_CTX_EXECUTION_DATE=2024-01-04T00:00:00+00:00
AIRFLOW_CTX_TRY_NUMBER=1
AIRFLOW_CTX_DAG_RUN_ID=scheduled__2024-01-04T00:00:00+00:00
[2024-09-16 00:03:03,027] {python.py:173} INFO - Done. Returned value was: None
[2024-09-16 00:03:03,059] {taskinstance.py:1395} INFO - Marking task as SUCCESS. dag_id=BRONZER_GET_STONCKS, task_id=BRONZE_STONCKS_AAPL, execution_date=20240104T000000, start_date=20240916T030301, end_date=20240916T030303
[2024-09-16 00:03:03,100] {local_task_job.py:156} INFO - Task exited with return code 0
[2024-09-16 00:03:03,176] {local_task_job.py:273} INFO - 0 downstream tasks scheduled from follow-on schedule check
[2024-09-16 00:12:45,063] {taskinstance.py:1159} INFO - Dependencies all met for <TaskInstance: BRONZER_GET_STONCKS.BRONZE_STONCKS_AAPL scheduled__2024-01-04T00:00:00+00:00 [queued]>
[2024-09-16 00:12:45,084] {taskinstance.py:1159} INFO - Dependencies all met for <TaskInstance: BRONZER_GET_STONCKS.BRONZE_STONCKS_AAPL scheduled__2024-01-04T00:00:00+00:00 [queued]>
[2024-09-16 00:12:45,085] {taskinstance.py:1356} INFO - 
--------------------------------------------------------------------------------
[2024-09-16 00:12:45,085] {taskinstance.py:1357} INFO - Starting attempt 1 of 1
[2024-09-16 00:12:45,085] {taskinstance.py:1358} INFO - 
--------------------------------------------------------------------------------
[2024-09-16 00:12:45,188] {taskinstance.py:1377} INFO - Executing <Task(_PythonDecoratedOperator): BRONZE_STONCKS_AAPL> on 2024-01-04 00:00:00+00:00
[2024-09-16 00:12:45,194] {standard_task_runner.py:52} INFO - Started process 43938 to run task
[2024-09-16 00:12:45,235] {standard_task_runner.py:79} INFO - Running: ['airflow', 'tasks', 'run', 'BRONZER_GET_STONCKS', 'BRONZE_STONCKS_AAPL', 'scheduled__2024-01-04T00:00:00+00:00', '--job-id', '1501', '--raw', '--subdir', 'DAGS_FOLDER/get_stocks.py', '--cfg-path', '/tmp/tmp69ojcw9s', '--error-file', '/tmp/tmph4www59h']
[2024-09-16 00:12:45,236] {standard_task_runner.py:80} INFO - Job 1501: Subtask BRONZE_STONCKS_AAPL
[2024-09-16 00:12:45,436] {task_command.py:370} INFO - Running <TaskInstance: BRONZER_GET_STONCKS.BRONZE_STONCKS_AAPL scheduled__2024-01-04T00:00:00+00:00 [running]> on host kaiwang.
[2024-09-16 00:12:45,667] {taskinstance.py:1569} INFO - Exporting the following env vars:
AIRFLOW_CTX_DAG_OWNER=airflow
AIRFLOW_CTX_DAG_ID=BRONZER_GET_STONCKS
AIRFLOW_CTX_TASK_ID=BRONZE_STONCKS_AAPL
AIRFLOW_CTX_EXECUTION_DATE=2024-01-04T00:00:00+00:00
AIRFLOW_CTX_TRY_NUMBER=1
AIRFLOW_CTX_DAG_RUN_ID=scheduled__2024-01-04T00:00:00+00:00
[2024-09-16 00:12:46,194] {python.py:173} INFO - Done. Returned value was: None
[2024-09-16 00:12:46,210] {taskinstance.py:1395} INFO - Marking task as SUCCESS. dag_id=BRONZER_GET_STONCKS, task_id=BRONZE_STONCKS_AAPL, execution_date=20240104T000000, start_date=20240916T031245, end_date=20240916T031246
[2024-09-16 00:12:46,239] {local_task_job.py:156} INFO - Task exited with return code 0
[2024-09-16 00:12:46,339] {local_task_job.py:273} INFO - 0 downstream tasks scheduled from follow-on schedule check
[2024-09-16 00:14:20,539] {taskinstance.py:1159} INFO - Dependencies all met for <TaskInstance: BRONZER_GET_STONCKS.BRONZE_STONCKS_AAPL scheduled__2024-01-04T00:00:00+00:00 [queued]>
[2024-09-16 00:14:20,580] {taskinstance.py:1159} INFO - Dependencies all met for <TaskInstance: BRONZER_GET_STONCKS.BRONZE_STONCKS_AAPL scheduled__2024-01-04T00:00:00+00:00 [queued]>
[2024-09-16 00:14:20,580] {taskinstance.py:1356} INFO - 
--------------------------------------------------------------------------------
[2024-09-16 00:14:20,580] {taskinstance.py:1357} INFO - Starting attempt 1 of 1
[2024-09-16 00:14:20,580] {taskinstance.py:1358} INFO - 
--------------------------------------------------------------------------------
[2024-09-16 00:14:20,629] {taskinstance.py:1377} INFO - Executing <Task(_PythonDecoratedOperator): BRONZE_STONCKS_AAPL> on 2024-01-04 00:00:00+00:00
[2024-09-16 00:14:20,636] {standard_task_runner.py:52} INFO - Started process 49385 to run task
[2024-09-16 00:14:20,656] {standard_task_runner.py:79} INFO - Running: ['airflow', 'tasks', 'run', 'BRONZER_GET_STONCKS', 'BRONZE_STONCKS_AAPL', 'scheduled__2024-01-04T00:00:00+00:00', '--job-id', '1811', '--raw', '--subdir', 'DAGS_FOLDER/get_stocks.py', '--cfg-path', '/tmp/tmpa46x4ysu', '--error-file', '/tmp/tmpz7bl5dg7']
[2024-09-16 00:14:20,659] {standard_task_runner.py:80} INFO - Job 1811: Subtask BRONZE_STONCKS_AAPL
[2024-09-16 00:14:20,888] {task_command.py:370} INFO - Running <TaskInstance: BRONZER_GET_STONCKS.BRONZE_STONCKS_AAPL scheduled__2024-01-04T00:00:00+00:00 [running]> on host kaiwang.
[2024-09-16 00:14:21,158] {taskinstance.py:1569} INFO - Exporting the following env vars:
AIRFLOW_CTX_DAG_OWNER=airflow
AIRFLOW_CTX_DAG_ID=BRONZER_GET_STONCKS
AIRFLOW_CTX_TASK_ID=BRONZE_STONCKS_AAPL
AIRFLOW_CTX_EXECUTION_DATE=2024-01-04T00:00:00+00:00
AIRFLOW_CTX_TRY_NUMBER=1
AIRFLOW_CTX_DAG_RUN_ID=scheduled__2024-01-04T00:00:00+00:00
[2024-09-16 00:14:21,962] {python.py:173} INFO - Done. Returned value was: None
[2024-09-16 00:14:21,991] {taskinstance.py:1395} INFO - Marking task as SUCCESS. dag_id=BRONZER_GET_STONCKS, task_id=BRONZE_STONCKS_AAPL, execution_date=20240104T000000, start_date=20240916T031420, end_date=20240916T031421
[2024-09-16 00:14:22,036] {local_task_job.py:156} INFO - Task exited with return code 0
[2024-09-16 00:14:22,161] {local_task_job.py:273} INFO - 0 downstream tasks scheduled from follow-on schedule check
