[2024-09-16 00:07:52,228] {taskinstance.py:1159} INFO - Dependencies all met for <TaskInstance: BRONZER_GET_CRIPTOS.BRONZE_CRIPTO_BTC scheduled__2024-08-02T00:00:00+00:00 [queued]>
[2024-09-16 00:07:52,271] {taskinstance.py:1159} INFO - Dependencies all met for <TaskInstance: BRONZER_GET_CRIPTOS.BRONZE_CRIPTO_BTC scheduled__2024-08-02T00:00:00+00:00 [queued]>
[2024-09-16 00:07:52,271] {taskinstance.py:1356} INFO - 
--------------------------------------------------------------------------------
[2024-09-16 00:07:52,271] {taskinstance.py:1357} INFO - Starting attempt 1 of 1
[2024-09-16 00:07:52,271] {taskinstance.py:1358} INFO - 
--------------------------------------------------------------------------------
[2024-09-16 00:07:52,361] {taskinstance.py:1377} INFO - Executing <Task(_PythonDecoratedOperator): BRONZE_CRIPTO_BTC> on 2024-08-02 00:00:00+00:00
[2024-09-16 00:07:52,367] {standard_task_runner.py:52} INFO - Started process 41290 to run task
[2024-09-16 00:07:52,389] {standard_task_runner.py:79} INFO - Running: ['airflow', 'tasks', 'run', 'BRONZER_GET_CRIPTOS', 'BRONZE_CRIPTO_BTC', 'scheduled__2024-08-02T00:00:00+00:00', '--job-id', '1353', '--raw', '--subdir', 'DAGS_FOLDER/get_cripto.py', '--cfg-path', '/tmp/tmpwvq9zrze', '--error-file', '/tmp/tmp4ay7f5k1']
[2024-09-16 00:07:52,390] {standard_task_runner.py:80} INFO - Job 1353: Subtask BRONZE_CRIPTO_BTC
[2024-09-16 00:07:52,671] {task_command.py:370} INFO - Running <TaskInstance: BRONZER_GET_CRIPTOS.BRONZE_CRIPTO_BTC scheduled__2024-08-02T00:00:00+00:00 [running]> on host kaiwang.
[2024-09-16 00:07:52,909] {taskinstance.py:1569} INFO - Exporting the following env vars:
AIRFLOW_CTX_DAG_OWNER=airflow
AIRFLOW_CTX_DAG_ID=BRONZER_GET_CRIPTOS
AIRFLOW_CTX_TASK_ID=BRONZE_CRIPTO_BTC
AIRFLOW_CTX_EXECUTION_DATE=2024-08-02T00:00:00+00:00
AIRFLOW_CTX_TRY_NUMBER=1
AIRFLOW_CTX_DAG_RUN_ID=scheduled__2024-08-02T00:00:00+00:00
[2024-09-16 00:07:53,535] {python.py:173} INFO - Done. Returned value was: None
[2024-09-16 00:07:53,555] {taskinstance.py:1395} INFO - Marking task as SUCCESS. dag_id=BRONZER_GET_CRIPTOS, task_id=BRONZE_CRIPTO_BTC, execution_date=20240802T000000, start_date=20240916T030752, end_date=20240916T030753
[2024-09-16 00:07:53,605] {local_task_job.py:156} INFO - Task exited with return code 0
[2024-09-16 00:07:53,651] {local_task_job.py:273} INFO - 0 downstream tasks scheduled from follow-on schedule check
[2024-09-16 00:16:28,163] {taskinstance.py:1159} INFO - Dependencies all met for <TaskInstance: BRONZER_GET_CRIPTOS.BRONZE_CRIPTO_BTC scheduled__2024-08-02T00:00:00+00:00 [queued]>
[2024-09-16 00:16:28,210] {taskinstance.py:1159} INFO - Dependencies all met for <TaskInstance: BRONZER_GET_CRIPTOS.BRONZE_CRIPTO_BTC scheduled__2024-08-02T00:00:00+00:00 [queued]>
[2024-09-16 00:16:28,210] {taskinstance.py:1356} INFO - 
--------------------------------------------------------------------------------
[2024-09-16 00:16:28,210] {taskinstance.py:1357} INFO - Starting attempt 1 of 1
[2024-09-16 00:16:28,211] {taskinstance.py:1358} INFO - 
--------------------------------------------------------------------------------
[2024-09-16 00:16:28,293] {taskinstance.py:1377} INFO - Executing <Task(_PythonDecoratedOperator): BRONZE_CRIPTO_BTC> on 2024-08-02 00:00:00+00:00
[2024-09-16 00:16:28,301] {standard_task_runner.py:52} INFO - Started process 59744 to run task
[2024-09-16 00:16:28,310] {standard_task_runner.py:79} INFO - Running: ['airflow', 'tasks', 'run', 'BRONZER_GET_CRIPTOS', 'BRONZE_CRIPTO_BTC', 'scheduled__2024-08-02T00:00:00+00:00', '--job-id', '2409', '--raw', '--subdir', 'DAGS_FOLDER/get_cripto.py', '--cfg-path', '/tmp/tmp41uqnqpq', '--error-file', '/tmp/tmppy8c318i']
[2024-09-16 00:16:28,311] {standard_task_runner.py:80} INFO - Job 2409: Subtask BRONZE_CRIPTO_BTC
[2024-09-16 00:16:28,481] {task_command.py:370} INFO - Running <TaskInstance: BRONZER_GET_CRIPTOS.BRONZE_CRIPTO_BTC scheduled__2024-08-02T00:00:00+00:00 [running]> on host kaiwang.
[2024-09-16 00:16:28,611] {taskinstance.py:1569} INFO - Exporting the following env vars:
AIRFLOW_CTX_DAG_OWNER=airflow
AIRFLOW_CTX_DAG_ID=BRONZER_GET_CRIPTOS
AIRFLOW_CTX_TASK_ID=BRONZE_CRIPTO_BTC
AIRFLOW_CTX_EXECUTION_DATE=2024-08-02T00:00:00+00:00
AIRFLOW_CTX_TRY_NUMBER=1
AIRFLOW_CTX_DAG_RUN_ID=scheduled__2024-08-02T00:00:00+00:00
[2024-09-16 00:16:29,260] {python.py:173} INFO - Done. Returned value was: None
[2024-09-16 00:16:29,364] {taskinstance.py:1395} INFO - Marking task as SUCCESS. dag_id=BRONZER_GET_CRIPTOS, task_id=BRONZE_CRIPTO_BTC, execution_date=20240802T000000, start_date=20240916T031628, end_date=20240916T031629
[2024-09-16 00:16:29,428] {local_task_job.py:156} INFO - Task exited with return code 0
[2024-09-16 00:16:29,563] {local_task_job.py:273} INFO - 0 downstream tasks scheduled from follow-on schedule check
[2024-09-16 13:55:44,432] {taskinstance.py:1159} INFO - Dependencies all met for <TaskInstance: BRONZER_GET_CRIPTOS.BRONZE_CRIPTO_BTC scheduled__2024-08-02T00:00:00+00:00 [queued]>
[2024-09-16 13:55:44,454] {taskinstance.py:1159} INFO - Dependencies all met for <TaskInstance: BRONZER_GET_CRIPTOS.BRONZE_CRIPTO_BTC scheduled__2024-08-02T00:00:00+00:00 [queued]>
[2024-09-16 13:55:44,454] {taskinstance.py:1356} INFO - 
--------------------------------------------------------------------------------
[2024-09-16 13:55:44,455] {taskinstance.py:1357} INFO - Starting attempt 1 of 1
[2024-09-16 13:55:44,455] {taskinstance.py:1358} INFO - 
--------------------------------------------------------------------------------
[2024-09-16 13:55:44,475] {taskinstance.py:1377} INFO - Executing <Task(_PythonDecoratedOperator): BRONZE_CRIPTO_BTC> on 2024-08-02 00:00:00+00:00
[2024-09-16 13:55:44,486] {standard_task_runner.py:79} INFO - Running: ['airflow', 'tasks', 'run', 'BRONZER_GET_CRIPTOS', 'BRONZE_CRIPTO_BTC', 'scheduled__2024-08-02T00:00:00+00:00', '--job-id', '2444', '--raw', '--subdir', 'DAGS_FOLDER/get_cripto.py', '--cfg-path', '/tmp/tmpqbsvd0mg', '--error-file', '/tmp/tmpvtt89cmq']
[2024-09-16 13:55:44,488] {standard_task_runner.py:80} INFO - Job 2444: Subtask BRONZE_CRIPTO_BTC
[2024-09-16 13:55:44,481] {standard_task_runner.py:52} INFO - Started process 136048 to run task
[2024-09-16 13:55:44,690] {task_command.py:370} INFO - Running <TaskInstance: BRONZER_GET_CRIPTOS.BRONZE_CRIPTO_BTC scheduled__2024-08-02T00:00:00+00:00 [running]> on host kaiwang.
[2024-09-16 13:55:45,397] {taskinstance.py:1569} INFO - Exporting the following env vars:
AIRFLOW_CTX_DAG_OWNER=airflow
AIRFLOW_CTX_DAG_ID=BRONZER_GET_CRIPTOS
AIRFLOW_CTX_TASK_ID=BRONZE_CRIPTO_BTC
AIRFLOW_CTX_EXECUTION_DATE=2024-08-02T00:00:00+00:00
AIRFLOW_CTX_TRY_NUMBER=1
AIRFLOW_CTX_DAG_RUN_ID=scheduled__2024-08-02T00:00:00+00:00
[2024-09-16 13:55:46,063] {python.py:173} INFO - Done. Returned value was: None
[2024-09-16 13:55:46,096] {taskinstance.py:1395} INFO - Marking task as SUCCESS. dag_id=BRONZER_GET_CRIPTOS, task_id=BRONZE_CRIPTO_BTC, execution_date=20240802T000000, start_date=20240916T165544, end_date=20240916T165546
[2024-09-16 13:55:46,165] {local_task_job.py:156} INFO - Task exited with return code 0
[2024-09-16 13:55:46,285] {local_task_job.py:273} INFO - 0 downstream tasks scheduled from follow-on schedule check
