[2024-09-16 00:03:08,318] {taskinstance.py:1159} INFO - Dependencies all met for <TaskInstance: BRONZER_GET_CRIPTOS.BRONZE_CRIPTO_DOGE scheduled__2024-01-10T00:00:00+00:00 [queued]>
[2024-09-16 00:03:08,399] {taskinstance.py:1159} INFO - Dependencies all met for <TaskInstance: BRONZER_GET_CRIPTOS.BRONZE_CRIPTO_DOGE scheduled__2024-01-10T00:00:00+00:00 [queued]>
[2024-09-16 00:03:08,399] {taskinstance.py:1356} INFO - 
--------------------------------------------------------------------------------
[2024-09-16 00:03:08,399] {taskinstance.py:1357} INFO - Starting attempt 1 of 1
[2024-09-16 00:03:08,399] {taskinstance.py:1358} INFO - 
--------------------------------------------------------------------------------
[2024-09-16 00:03:08,594] {taskinstance.py:1377} INFO - Executing <Task(_PythonDecoratedOperator): BRONZE_CRIPTO_DOGE> on 2024-01-10 00:00:00+00:00
[2024-09-16 00:03:08,600] {standard_task_runner.py:52} INFO - Started process 18779 to run task
[2024-09-16 00:03:08,638] {standard_task_runner.py:79} INFO - Running: ['airflow', 'tasks', 'run', 'BRONZER_GET_CRIPTOS', 'BRONZE_CRIPTO_DOGE', 'scheduled__2024-01-10T00:00:00+00:00', '--job-id', '48', '--raw', '--subdir', 'DAGS_FOLDER/get_cripto.py', '--cfg-path', '/tmp/tmpw774mh49', '--error-file', '/tmp/tmplnn6iarv']
[2024-09-16 00:03:08,640] {standard_task_runner.py:80} INFO - Job 48: Subtask BRONZE_CRIPTO_DOGE
[2024-09-16 00:03:09,091] {task_command.py:370} INFO - Running <TaskInstance: BRONZER_GET_CRIPTOS.BRONZE_CRIPTO_DOGE scheduled__2024-01-10T00:00:00+00:00 [running]> on host kaiwang.
[2024-09-16 00:03:09,765] {taskinstance.py:1569} INFO - Exporting the following env vars:
AIRFLOW_CTX_DAG_OWNER=airflow
AIRFLOW_CTX_DAG_ID=BRONZER_GET_CRIPTOS
AIRFLOW_CTX_TASK_ID=BRONZE_CRIPTO_DOGE
AIRFLOW_CTX_EXECUTION_DATE=2024-01-10T00:00:00+00:00
AIRFLOW_CTX_TRY_NUMBER=1
AIRFLOW_CTX_DAG_RUN_ID=scheduled__2024-01-10T00:00:00+00:00
[2024-09-16 00:03:13,015] {history.py:122} ERROR - $DOGE: possibly delisted; no timezone found
[2024-09-16 00:03:13,020] {python.py:173} INFO - Done. Returned value was: None
[2024-09-16 00:03:13,073] {taskinstance.py:1395} INFO - Marking task as SUCCESS. dag_id=BRONZER_GET_CRIPTOS, task_id=BRONZE_CRIPTO_DOGE, execution_date=20240110T000000, start_date=20240916T030308, end_date=20240916T030313
[2024-09-16 00:03:13,168] {local_task_job.py:156} INFO - Task exited with return code 0
[2024-09-16 00:03:13,413] {local_task_job.py:273} INFO - 0 downstream tasks scheduled from follow-on schedule check
[2024-09-16 00:12:51,986] {taskinstance.py:1159} INFO - Dependencies all met for <TaskInstance: BRONZER_GET_CRIPTOS.BRONZE_CRIPTO_DOGE scheduled__2024-01-10T00:00:00+00:00 [queued]>
[2024-09-16 00:12:52,061] {taskinstance.py:1159} INFO - Dependencies all met for <TaskInstance: BRONZER_GET_CRIPTOS.BRONZE_CRIPTO_DOGE scheduled__2024-01-10T00:00:00+00:00 [queued]>
[2024-09-16 00:12:52,061] {taskinstance.py:1356} INFO - 
--------------------------------------------------------------------------------
[2024-09-16 00:12:52,061] {taskinstance.py:1357} INFO - Starting attempt 1 of 1
[2024-09-16 00:12:52,061] {taskinstance.py:1358} INFO - 
--------------------------------------------------------------------------------
[2024-09-16 00:12:52,150] {taskinstance.py:1377} INFO - Executing <Task(_PythonDecoratedOperator): BRONZE_CRIPTO_DOGE> on 2024-01-10 00:00:00+00:00
[2024-09-16 00:12:52,159] {standard_task_runner.py:52} INFO - Started process 44458 to run task
[2024-09-16 00:12:52,212] {standard_task_runner.py:79} INFO - Running: ['airflow', 'tasks', 'run', 'BRONZER_GET_CRIPTOS', 'BRONZE_CRIPTO_DOGE', 'scheduled__2024-01-10T00:00:00+00:00', '--job-id', '1533', '--raw', '--subdir', 'DAGS_FOLDER/get_cripto.py', '--cfg-path', '/tmp/tmppspofrme', '--error-file', '/tmp/tmpsguhyrf8']
[2024-09-16 00:12:52,222] {standard_task_runner.py:80} INFO - Job 1533: Subtask BRONZE_CRIPTO_DOGE
[2024-09-16 00:12:52,476] {task_command.py:370} INFO - Running <TaskInstance: BRONZER_GET_CRIPTOS.BRONZE_CRIPTO_DOGE scheduled__2024-01-10T00:00:00+00:00 [running]> on host kaiwang.
[2024-09-16 00:12:52,805] {taskinstance.py:1569} INFO - Exporting the following env vars:
AIRFLOW_CTX_DAG_OWNER=airflow
AIRFLOW_CTX_DAG_ID=BRONZER_GET_CRIPTOS
AIRFLOW_CTX_TASK_ID=BRONZE_CRIPTO_DOGE
AIRFLOW_CTX_EXECUTION_DATE=2024-01-10T00:00:00+00:00
AIRFLOW_CTX_TRY_NUMBER=1
AIRFLOW_CTX_DAG_RUN_ID=scheduled__2024-01-10T00:00:00+00:00
[2024-09-16 00:12:56,128] {history.py:122} ERROR - $DOGE: possibly delisted; no timezone found
[2024-09-16 00:12:56,134] {python.py:173} INFO - Done. Returned value was: None
[2024-09-16 00:12:56,230] {taskinstance.py:1395} INFO - Marking task as SUCCESS. dag_id=BRONZER_GET_CRIPTOS, task_id=BRONZE_CRIPTO_DOGE, execution_date=20240110T000000, start_date=20240916T031252, end_date=20240916T031256
[2024-09-16 00:12:56,340] {local_task_job.py:156} INFO - Task exited with return code 0
[2024-09-16 00:12:56,505] {local_task_job.py:273} INFO - 0 downstream tasks scheduled from follow-on schedule check
[2024-09-16 00:14:26,758] {taskinstance.py:1159} INFO - Dependencies all met for <TaskInstance: BRONZER_GET_CRIPTOS.BRONZE_CRIPTO_DOGE scheduled__2024-01-10T00:00:00+00:00 [queued]>
[2024-09-16 00:14:26,793] {taskinstance.py:1159} INFO - Dependencies all met for <TaskInstance: BRONZER_GET_CRIPTOS.BRONZE_CRIPTO_DOGE scheduled__2024-01-10T00:00:00+00:00 [queued]>
[2024-09-16 00:14:26,793] {taskinstance.py:1356} INFO - 
--------------------------------------------------------------------------------
[2024-09-16 00:14:26,793] {taskinstance.py:1357} INFO - Starting attempt 1 of 1
[2024-09-16 00:14:26,794] {taskinstance.py:1358} INFO - 
--------------------------------------------------------------------------------
[2024-09-16 00:14:26,894] {taskinstance.py:1377} INFO - Executing <Task(_PythonDecoratedOperator): BRONZE_CRIPTO_DOGE> on 2024-01-10 00:00:00+00:00
[2024-09-16 00:14:26,906] {standard_task_runner.py:52} INFO - Started process 49777 to run task
[2024-09-16 00:14:26,943] {standard_task_runner.py:79} INFO - Running: ['airflow', 'tasks', 'run', 'BRONZER_GET_CRIPTOS', 'BRONZE_CRIPTO_DOGE', 'scheduled__2024-01-10T00:00:00+00:00', '--job-id', '1823', '--raw', '--subdir', 'DAGS_FOLDER/get_cripto.py', '--cfg-path', '/tmp/tmpjnyengfq', '--error-file', '/tmp/tmpf41q9q3f']
[2024-09-16 00:14:26,944] {standard_task_runner.py:80} INFO - Job 1823: Subtask BRONZE_CRIPTO_DOGE
[2024-09-16 00:14:27,305] {task_command.py:370} INFO - Running <TaskInstance: BRONZER_GET_CRIPTOS.BRONZE_CRIPTO_DOGE scheduled__2024-01-10T00:00:00+00:00 [running]> on host kaiwang.
[2024-09-16 00:14:27,856] {taskinstance.py:1569} INFO - Exporting the following env vars:
AIRFLOW_CTX_DAG_OWNER=airflow
AIRFLOW_CTX_DAG_ID=BRONZER_GET_CRIPTOS
AIRFLOW_CTX_TASK_ID=BRONZE_CRIPTO_DOGE
AIRFLOW_CTX_EXECUTION_DATE=2024-01-10T00:00:00+00:00
AIRFLOW_CTX_TRY_NUMBER=1
AIRFLOW_CTX_DAG_RUN_ID=scheduled__2024-01-10T00:00:00+00:00
[2024-09-16 00:14:30,380] {history.py:122} ERROR - $DOGE: possibly delisted; no timezone found
[2024-09-16 00:14:30,385] {python.py:173} INFO - Done. Returned value was: None
[2024-09-16 00:14:30,498] {taskinstance.py:1395} INFO - Marking task as SUCCESS. dag_id=BRONZER_GET_CRIPTOS, task_id=BRONZE_CRIPTO_DOGE, execution_date=20240110T000000, start_date=20240916T031426, end_date=20240916T031430
[2024-09-16 00:14:30,611] {local_task_job.py:156} INFO - Task exited with return code 0
[2024-09-16 00:14:30,808] {local_task_job.py:273} INFO - 0 downstream tasks scheduled from follow-on schedule check
