[2024-09-16 00:04:07,179] {taskinstance.py:1159} INFO - Dependencies all met for <TaskInstance: BRONZER_GET_STONCKS.BRONZE_STONCKS_AAPL scheduled__2024-02-22T00:00:00+00:00 [queued]>
[2024-09-16 00:04:07,200] {taskinstance.py:1159} INFO - Dependencies all met for <TaskInstance: BRONZER_GET_STONCKS.BRONZE_STONCKS_AAPL scheduled__2024-02-22T00:00:00+00:00 [queued]>
[2024-09-16 00:04:07,200] {taskinstance.py:1356} INFO - 
--------------------------------------------------------------------------------
[2024-09-16 00:04:07,200] {taskinstance.py:1357} INFO - Starting attempt 1 of 1
[2024-09-16 00:04:07,200] {taskinstance.py:1358} INFO - 
--------------------------------------------------------------------------------
[2024-09-16 00:04:07,238] {taskinstance.py:1377} INFO - Executing <Task(_PythonDecoratedOperator): BRONZE_STONCKS_AAPL> on 2024-02-22 00:00:00+00:00
[2024-09-16 00:04:07,283] {standard_task_runner.py:52} INFO - Started process 23006 to run task
[2024-09-16 00:04:07,309] {standard_task_runner.py:79} INFO - Running: ['airflow', 'tasks', 'run', 'BRONZER_GET_STONCKS', 'BRONZE_STONCKS_AAPL', 'scheduled__2024-02-22T00:00:00+00:00', '--job-id', '294', '--raw', '--subdir', 'DAGS_FOLDER/get_stocks.py', '--cfg-path', '/tmp/tmp2cja978o', '--error-file', '/tmp/tmpp3kl1gqu']
[2024-09-16 00:04:07,310] {standard_task_runner.py:80} INFO - Job 294: Subtask BRONZE_STONCKS_AAPL
[2024-09-16 00:04:07,563] {task_command.py:370} INFO - Running <TaskInstance: BRONZER_GET_STONCKS.BRONZE_STONCKS_AAPL scheduled__2024-02-22T00:00:00+00:00 [running]> on host kaiwang.
[2024-09-16 00:04:07,919] {taskinstance.py:1569} INFO - Exporting the following env vars:
AIRFLOW_CTX_DAG_OWNER=airflow
AIRFLOW_CTX_DAG_ID=BRONZER_GET_STONCKS
AIRFLOW_CTX_TASK_ID=BRONZE_STONCKS_AAPL
AIRFLOW_CTX_EXECUTION_DATE=2024-02-22T00:00:00+00:00
AIRFLOW_CTX_TRY_NUMBER=1
AIRFLOW_CTX_DAG_RUN_ID=scheduled__2024-02-22T00:00:00+00:00
[2024-09-16 00:04:08,728] {python.py:173} INFO - Done. Returned value was: None
[2024-09-16 00:04:09,034] {taskinstance.py:1395} INFO - Marking task as SUCCESS. dag_id=BRONZER_GET_STONCKS, task_id=BRONZE_STONCKS_AAPL, execution_date=20240222T000000, start_date=20240916T030407, end_date=20240916T030409
[2024-09-16 00:04:09,095] {local_task_job.py:156} INFO - Task exited with return code 0
[2024-09-16 00:04:09,222] {local_task_job.py:273} INFO - 0 downstream tasks scheduled from follow-on schedule check
[2024-09-16 00:13:44,079] {taskinstance.py:1159} INFO - Dependencies all met for <TaskInstance: BRONZER_GET_STONCKS.BRONZE_STONCKS_AAPL scheduled__2024-02-22T00:00:00+00:00 [queued]>
[2024-09-16 00:13:44,109] {taskinstance.py:1159} INFO - Dependencies all met for <TaskInstance: BRONZER_GET_STONCKS.BRONZE_STONCKS_AAPL scheduled__2024-02-22T00:00:00+00:00 [queued]>
[2024-09-16 00:13:44,109] {taskinstance.py:1356} INFO - 
--------------------------------------------------------------------------------
[2024-09-16 00:13:44,109] {taskinstance.py:1357} INFO - Starting attempt 1 of 1
[2024-09-16 00:13:44,109] {taskinstance.py:1358} INFO - 
--------------------------------------------------------------------------------
[2024-09-16 00:13:44,158] {taskinstance.py:1377} INFO - Executing <Task(_PythonDecoratedOperator): BRONZE_STONCKS_AAPL> on 2024-02-22 00:00:00+00:00
[2024-09-16 00:13:44,166] {standard_task_runner.py:52} INFO - Started process 48589 to run task
[2024-09-16 00:13:44,221] {standard_task_runner.py:79} INFO - Running: ['airflow', 'tasks', 'run', 'BRONZER_GET_STONCKS', 'BRONZE_STONCKS_AAPL', 'scheduled__2024-02-22T00:00:00+00:00', '--job-id', '1763', '--raw', '--subdir', 'DAGS_FOLDER/get_stocks.py', '--cfg-path', '/tmp/tmpjjks15f8', '--error-file', '/tmp/tmp7n5sa0np']
[2024-09-16 00:13:44,222] {standard_task_runner.py:80} INFO - Job 1763: Subtask BRONZE_STONCKS_AAPL
[2024-09-16 00:13:44,505] {task_command.py:370} INFO - Running <TaskInstance: BRONZER_GET_STONCKS.BRONZE_STONCKS_AAPL scheduled__2024-02-22T00:00:00+00:00 [running]> on host kaiwang.
[2024-09-16 00:13:44,876] {taskinstance.py:1569} INFO - Exporting the following env vars:
AIRFLOW_CTX_DAG_OWNER=airflow
AIRFLOW_CTX_DAG_ID=BRONZER_GET_STONCKS
AIRFLOW_CTX_TASK_ID=BRONZE_STONCKS_AAPL
AIRFLOW_CTX_EXECUTION_DATE=2024-02-22T00:00:00+00:00
AIRFLOW_CTX_TRY_NUMBER=1
AIRFLOW_CTX_DAG_RUN_ID=scheduled__2024-02-22T00:00:00+00:00
[2024-09-16 00:13:45,568] {python.py:173} INFO - Done. Returned value was: None
[2024-09-16 00:13:45,601] {taskinstance.py:1395} INFO - Marking task as SUCCESS. dag_id=BRONZER_GET_STONCKS, task_id=BRONZE_STONCKS_AAPL, execution_date=20240222T000000, start_date=20240916T031344, end_date=20240916T031345
[2024-09-16 00:13:45,722] {local_task_job.py:156} INFO - Task exited with return code 0
[2024-09-16 00:13:45,840] {local_task_job.py:273} INFO - 0 downstream tasks scheduled from follow-on schedule check
[2024-09-16 00:15:13,639] {taskinstance.py:1159} INFO - Dependencies all met for <TaskInstance: BRONZER_GET_STONCKS.BRONZE_STONCKS_AAPL scheduled__2024-02-22T00:00:00+00:00 [queued]>
[2024-09-16 00:15:13,657] {taskinstance.py:1159} INFO - Dependencies all met for <TaskInstance: BRONZER_GET_STONCKS.BRONZE_STONCKS_AAPL scheduled__2024-02-22T00:00:00+00:00 [queued]>
[2024-09-16 00:15:13,657] {taskinstance.py:1356} INFO - 
--------------------------------------------------------------------------------
[2024-09-16 00:15:13,657] {taskinstance.py:1357} INFO - Starting attempt 1 of 1
[2024-09-16 00:15:13,657] {taskinstance.py:1358} INFO - 
--------------------------------------------------------------------------------
[2024-09-16 00:15:13,704] {taskinstance.py:1377} INFO - Executing <Task(_PythonDecoratedOperator): BRONZE_STONCKS_AAPL> on 2024-02-22 00:00:00+00:00
[2024-09-16 00:15:13,712] {standard_task_runner.py:52} INFO - Started process 53661 to run task
[2024-09-16 00:15:13,741] {standard_task_runner.py:79} INFO - Running: ['airflow', 'tasks', 'run', 'BRONZER_GET_STONCKS', 'BRONZE_STONCKS_AAPL', 'scheduled__2024-02-22T00:00:00+00:00', '--job-id', '2055', '--raw', '--subdir', 'DAGS_FOLDER/get_stocks.py', '--cfg-path', '/tmp/tmp8202cjhv', '--error-file', '/tmp/tmpru4fyo_y']
[2024-09-16 00:15:13,743] {standard_task_runner.py:80} INFO - Job 2055: Subtask BRONZE_STONCKS_AAPL
[2024-09-16 00:15:13,864] {task_command.py:370} INFO - Running <TaskInstance: BRONZER_GET_STONCKS.BRONZE_STONCKS_AAPL scheduled__2024-02-22T00:00:00+00:00 [running]> on host kaiwang.
[2024-09-16 00:15:14,092] {taskinstance.py:1569} INFO - Exporting the following env vars:
AIRFLOW_CTX_DAG_OWNER=airflow
AIRFLOW_CTX_DAG_ID=BRONZER_GET_STONCKS
AIRFLOW_CTX_TASK_ID=BRONZE_STONCKS_AAPL
AIRFLOW_CTX_EXECUTION_DATE=2024-02-22T00:00:00+00:00
AIRFLOW_CTX_TRY_NUMBER=1
AIRFLOW_CTX_DAG_RUN_ID=scheduled__2024-02-22T00:00:00+00:00
[2024-09-16 00:15:14,824] {python.py:173} INFO - Done. Returned value was: None
[2024-09-16 00:15:14,893] {taskinstance.py:1395} INFO - Marking task as SUCCESS. dag_id=BRONZER_GET_STONCKS, task_id=BRONZE_STONCKS_AAPL, execution_date=20240222T000000, start_date=20240916T031513, end_date=20240916T031514
[2024-09-16 00:15:14,952] {local_task_job.py:156} INFO - Task exited with return code 0
[2024-09-16 00:15:15,131] {local_task_job.py:273} INFO - 0 downstream tasks scheduled from follow-on schedule check
