[2024-09-16 00:05:03,741] {taskinstance.py:1159} INFO - Dependencies all met for <TaskInstance: BRONZER_GET_STONCKS.BRONZE_STONCKS_MSFT scheduled__2024-04-11T00:00:00+00:00 [queued]>
[2024-09-16 00:05:03,776] {taskinstance.py:1159} INFO - Dependencies all met for <TaskInstance: BRONZER_GET_STONCKS.BRONZE_STONCKS_MSFT scheduled__2024-04-11T00:00:00+00:00 [queued]>
[2024-09-16 00:05:03,776] {taskinstance.py:1356} INFO - 
--------------------------------------------------------------------------------
[2024-09-16 00:05:03,776] {taskinstance.py:1357} INFO - Starting attempt 1 of 1
[2024-09-16 00:05:03,776] {taskinstance.py:1358} INFO - 
--------------------------------------------------------------------------------
[2024-09-16 00:05:03,829] {taskinstance.py:1377} INFO - Executing <Task(_PythonDecoratedOperator): BRONZE_STONCKS_MSFT> on 2024-04-11 00:00:00+00:00
[2024-09-16 00:05:03,835] {standard_task_runner.py:52} INFO - Started process 27379 to run task
[2024-09-16 00:05:03,899] {standard_task_runner.py:79} INFO - Running: ['airflow', 'tasks', 'run', 'BRONZER_GET_STONCKS', 'BRONZE_STONCKS_MSFT', 'scheduled__2024-04-11T00:00:00+00:00', '--job-id', '544', '--raw', '--subdir', 'DAGS_FOLDER/get_stocks.py', '--cfg-path', '/tmp/tmp4xc2netg', '--error-file', '/tmp/tmpt_4ckdcd']
[2024-09-16 00:05:03,900] {standard_task_runner.py:80} INFO - Job 544: Subtask BRONZE_STONCKS_MSFT
[2024-09-16 00:05:04,309] {task_command.py:370} INFO - Running <TaskInstance: BRONZER_GET_STONCKS.BRONZE_STONCKS_MSFT scheduled__2024-04-11T00:00:00+00:00 [running]> on host kaiwang.
[2024-09-16 00:05:04,830] {taskinstance.py:1569} INFO - Exporting the following env vars:
AIRFLOW_CTX_DAG_OWNER=airflow
AIRFLOW_CTX_DAG_ID=BRONZER_GET_STONCKS
AIRFLOW_CTX_TASK_ID=BRONZE_STONCKS_MSFT
AIRFLOW_CTX_EXECUTION_DATE=2024-04-11T00:00:00+00:00
AIRFLOW_CTX_TRY_NUMBER=1
AIRFLOW_CTX_DAG_RUN_ID=scheduled__2024-04-11T00:00:00+00:00
[2024-09-16 00:05:05,874] {python.py:173} INFO - Done. Returned value was: None
[2024-09-16 00:05:05,933] {taskinstance.py:1395} INFO - Marking task as SUCCESS. dag_id=BRONZER_GET_STONCKS, task_id=BRONZE_STONCKS_MSFT, execution_date=20240411T000000, start_date=20240916T030503, end_date=20240916T030505
[2024-09-16 00:05:05,992] {local_task_job.py:156} INFO - Task exited with return code 0
[2024-09-16 00:05:06,135] {local_task_job.py:273} INFO - 0 downstream tasks scheduled from follow-on schedule check
[2024-09-16 00:16:07,309] {taskinstance.py:1159} INFO - Dependencies all met for <TaskInstance: BRONZER_GET_STONCKS.BRONZE_STONCKS_MSFT scheduled__2024-04-11T00:00:00+00:00 [queued]>
[2024-09-16 00:16:07,351] {taskinstance.py:1159} INFO - Dependencies all met for <TaskInstance: BRONZER_GET_STONCKS.BRONZE_STONCKS_MSFT scheduled__2024-04-11T00:00:00+00:00 [queued]>
[2024-09-16 00:16:07,352] {taskinstance.py:1356} INFO - 
--------------------------------------------------------------------------------
[2024-09-16 00:16:07,352] {taskinstance.py:1357} INFO - Starting attempt 1 of 1
[2024-09-16 00:16:07,352] {taskinstance.py:1358} INFO - 
--------------------------------------------------------------------------------
[2024-09-16 00:16:07,438] {taskinstance.py:1377} INFO - Executing <Task(_PythonDecoratedOperator): BRONZE_STONCKS_MSFT> on 2024-04-11 00:00:00+00:00
[2024-09-16 00:16:07,457] {standard_task_runner.py:52} INFO - Started process 58095 to run task
[2024-09-16 00:16:07,480] {standard_task_runner.py:79} INFO - Running: ['airflow', 'tasks', 'run', 'BRONZER_GET_STONCKS', 'BRONZE_STONCKS_MSFT', 'scheduled__2024-04-11T00:00:00+00:00', '--job-id', '2316', '--raw', '--subdir', 'DAGS_FOLDER/get_stocks.py', '--cfg-path', '/tmp/tmp1sm720ea', '--error-file', '/tmp/tmp7rgj42co']
[2024-09-16 00:16:07,481] {standard_task_runner.py:80} INFO - Job 2316: Subtask BRONZE_STONCKS_MSFT
[2024-09-16 00:16:07,786] {task_command.py:370} INFO - Running <TaskInstance: BRONZER_GET_STONCKS.BRONZE_STONCKS_MSFT scheduled__2024-04-11T00:00:00+00:00 [running]> on host kaiwang.
[2024-09-16 00:16:08,049] {taskinstance.py:1569} INFO - Exporting the following env vars:
AIRFLOW_CTX_DAG_OWNER=airflow
AIRFLOW_CTX_DAG_ID=BRONZER_GET_STONCKS
AIRFLOW_CTX_TASK_ID=BRONZE_STONCKS_MSFT
AIRFLOW_CTX_EXECUTION_DATE=2024-04-11T00:00:00+00:00
AIRFLOW_CTX_TRY_NUMBER=1
AIRFLOW_CTX_DAG_RUN_ID=scheduled__2024-04-11T00:00:00+00:00
[2024-09-16 00:16:09,103] {python.py:173} INFO - Done. Returned value was: None
[2024-09-16 00:16:09,132] {taskinstance.py:1395} INFO - Marking task as SUCCESS. dag_id=BRONZER_GET_STONCKS, task_id=BRONZE_STONCKS_MSFT, execution_date=20240411T000000, start_date=20240916T031607, end_date=20240916T031609
[2024-09-16 00:16:09,193] {local_task_job.py:156} INFO - Task exited with return code 0
[2024-09-16 00:16:09,236] {local_task_job.py:273} INFO - 0 downstream tasks scheduled from follow-on schedule check
