[2024-09-16 00:05:39,077] {taskinstance.py:1159} INFO - Dependencies all met for <TaskInstance: BRONZER_GET_STONCKS.BRONZE_STONCKS_TSLA scheduled__2024-05-14T00:00:00+00:00 [queued]>
[2024-09-16 00:05:39,094] {taskinstance.py:1159} INFO - Dependencies all met for <TaskInstance: BRONZER_GET_STONCKS.BRONZE_STONCKS_TSLA scheduled__2024-05-14T00:00:00+00:00 [queued]>
[2024-09-16 00:05:39,094] {taskinstance.py:1356} INFO - 
--------------------------------------------------------------------------------
[2024-09-16 00:05:39,094] {taskinstance.py:1357} INFO - Starting attempt 1 of 1
[2024-09-16 00:05:39,094] {taskinstance.py:1358} INFO - 
--------------------------------------------------------------------------------
[2024-09-16 00:05:39,109] {taskinstance.py:1377} INFO - Executing <Task(_PythonDecoratedOperator): BRONZE_STONCKS_TSLA> on 2024-05-14 00:00:00+00:00
[2024-09-16 00:05:39,114] {standard_task_runner.py:52} INFO - Started process 30374 to run task
[2024-09-16 00:05:39,119] {standard_task_runner.py:79} INFO - Running: ['airflow', 'tasks', 'run', 'BRONZER_GET_STONCKS', 'BRONZE_STONCKS_TSLA', 'scheduled__2024-05-14T00:00:00+00:00', '--job-id', '718', '--raw', '--subdir', 'DAGS_FOLDER/get_stocks.py', '--cfg-path', '/tmp/tmpvksb_cl2', '--error-file', '/tmp/tmpia70_orr']
[2024-09-16 00:05:39,120] {standard_task_runner.py:80} INFO - Job 718: Subtask BRONZE_STONCKS_TSLA
[2024-09-16 00:05:39,191] {task_command.py:370} INFO - Running <TaskInstance: BRONZER_GET_STONCKS.BRONZE_STONCKS_TSLA scheduled__2024-05-14T00:00:00+00:00 [running]> on host kaiwang.
[2024-09-16 00:05:39,267] {taskinstance.py:1569} INFO - Exporting the following env vars:
AIRFLOW_CTX_DAG_OWNER=airflow
AIRFLOW_CTX_DAG_ID=BRONZER_GET_STONCKS
AIRFLOW_CTX_TASK_ID=BRONZE_STONCKS_TSLA
AIRFLOW_CTX_EXECUTION_DATE=2024-05-14T00:00:00+00:00
AIRFLOW_CTX_TRY_NUMBER=1
AIRFLOW_CTX_DAG_RUN_ID=scheduled__2024-05-14T00:00:00+00:00
[2024-09-16 00:05:40,071] {python.py:173} INFO - Done. Returned value was: None
[2024-09-16 00:05:40,123] {taskinstance.py:1395} INFO - Marking task as SUCCESS. dag_id=BRONZER_GET_STONCKS, task_id=BRONZE_STONCKS_TSLA, execution_date=20240514T000000, start_date=20240916T030539, end_date=20240916T030540
[2024-09-16 00:05:40,180] {local_task_job.py:156} INFO - Task exited with return code 0
[2024-09-16 00:05:40,467] {local_task_job.py:273} INFO - 0 downstream tasks scheduled from follow-on schedule check
