[2024-09-16 00:03:00,820] {taskinstance.py:1159} INFO - Dependencies all met for <TaskInstance: BRONZER_GET_STONCKS.BRONZE_STONCKS_MSFT scheduled__2024-01-03T00:00:00+00:00 [queued]>
[2024-09-16 00:03:00,861] {taskinstance.py:1159} INFO - Dependencies all met for <TaskInstance: BRONZER_GET_STONCKS.BRONZE_STONCKS_MSFT scheduled__2024-01-03T00:00:00+00:00 [queued]>
[2024-09-16 00:03:00,861] {taskinstance.py:1356} INFO - 
--------------------------------------------------------------------------------
[2024-09-16 00:03:00,861] {taskinstance.py:1357} INFO - Starting attempt 1 of 1
[2024-09-16 00:03:00,861] {taskinstance.py:1358} INFO - 
--------------------------------------------------------------------------------
[2024-09-16 00:03:00,912] {taskinstance.py:1377} INFO - Executing <Task(_PythonDecoratedOperator): BRONZE_STONCKS_MSFT> on 2024-01-03 00:00:00+00:00
[2024-09-16 00:03:00,920] {standard_task_runner.py:52} INFO - Started process 18330 to run task
[2024-09-16 00:03:00,973] {standard_task_runner.py:79} INFO - Running: ['airflow', 'tasks', 'run', 'BRONZER_GET_STONCKS', 'BRONZE_STONCKS_MSFT', 'scheduled__2024-01-03T00:00:00+00:00', '--job-id', '23', '--raw', '--subdir', 'DAGS_FOLDER/get_stocks.py', '--cfg-path', '/tmp/tmpk6lmz45n', '--error-file', '/tmp/tmp96dcqidw']
[2024-09-16 00:03:00,974] {standard_task_runner.py:80} INFO - Job 23: Subtask BRONZE_STONCKS_MSFT
[2024-09-16 00:03:01,470] {task_command.py:370} INFO - Running <TaskInstance: BRONZER_GET_STONCKS.BRONZE_STONCKS_MSFT scheduled__2024-01-03T00:00:00+00:00 [running]> on host kaiwang.
[2024-09-16 00:03:01,892] {taskinstance.py:1569} INFO - Exporting the following env vars:
AIRFLOW_CTX_DAG_OWNER=airflow
AIRFLOW_CTX_DAG_ID=BRONZER_GET_STONCKS
AIRFLOW_CTX_TASK_ID=BRONZE_STONCKS_MSFT
AIRFLOW_CTX_EXECUTION_DATE=2024-01-03T00:00:00+00:00
AIRFLOW_CTX_TRY_NUMBER=1
AIRFLOW_CTX_DAG_RUN_ID=scheduled__2024-01-03T00:00:00+00:00
[2024-09-16 00:03:02,635] {python.py:173} INFO - Done. Returned value was: None
[2024-09-16 00:03:02,771] {taskinstance.py:1395} INFO - Marking task as SUCCESS. dag_id=BRONZER_GET_STONCKS, task_id=BRONZE_STONCKS_MSFT, execution_date=20240103T000000, start_date=20240916T030300, end_date=20240916T030302
[2024-09-16 00:03:02,888] {local_task_job.py:156} INFO - Task exited with return code 0
[2024-09-16 00:03:03,031] {local_task_job.py:273} INFO - 0 downstream tasks scheduled from follow-on schedule check
[2024-09-16 00:12:44,605] {taskinstance.py:1159} INFO - Dependencies all met for <TaskInstance: BRONZER_GET_STONCKS.BRONZE_STONCKS_MSFT scheduled__2024-01-03T00:00:00+00:00 [queued]>
[2024-09-16 00:12:44,622] {taskinstance.py:1159} INFO - Dependencies all met for <TaskInstance: BRONZER_GET_STONCKS.BRONZE_STONCKS_MSFT scheduled__2024-01-03T00:00:00+00:00 [queued]>
[2024-09-16 00:12:44,622] {taskinstance.py:1356} INFO - 
--------------------------------------------------------------------------------
[2024-09-16 00:12:44,622] {taskinstance.py:1357} INFO - Starting attempt 1 of 1
[2024-09-16 00:12:44,622] {taskinstance.py:1358} INFO - 
--------------------------------------------------------------------------------
[2024-09-16 00:12:44,665] {taskinstance.py:1377} INFO - Executing <Task(_PythonDecoratedOperator): BRONZE_STONCKS_MSFT> on 2024-01-03 00:00:00+00:00
[2024-09-16 00:12:44,670] {standard_task_runner.py:52} INFO - Started process 43882 to run task
[2024-09-16 00:12:44,676] {standard_task_runner.py:79} INFO - Running: ['airflow', 'tasks', 'run', 'BRONZER_GET_STONCKS', 'BRONZE_STONCKS_MSFT', 'scheduled__2024-01-03T00:00:00+00:00', '--job-id', '1497', '--raw', '--subdir', 'DAGS_FOLDER/get_stocks.py', '--cfg-path', '/tmp/tmpu78_09rk', '--error-file', '/tmp/tmpbr8dvyz7']
[2024-09-16 00:12:44,677] {standard_task_runner.py:80} INFO - Job 1497: Subtask BRONZE_STONCKS_MSFT
[2024-09-16 00:12:44,882] {task_command.py:370} INFO - Running <TaskInstance: BRONZER_GET_STONCKS.BRONZE_STONCKS_MSFT scheduled__2024-01-03T00:00:00+00:00 [running]> on host kaiwang.
[2024-09-16 00:12:45,182] {taskinstance.py:1569} INFO - Exporting the following env vars:
AIRFLOW_CTX_DAG_OWNER=airflow
AIRFLOW_CTX_DAG_ID=BRONZER_GET_STONCKS
AIRFLOW_CTX_TASK_ID=BRONZE_STONCKS_MSFT
AIRFLOW_CTX_EXECUTION_DATE=2024-01-03T00:00:00+00:00
AIRFLOW_CTX_TRY_NUMBER=1
AIRFLOW_CTX_DAG_RUN_ID=scheduled__2024-01-03T00:00:00+00:00
[2024-09-16 00:12:45,807] {python.py:173} INFO - Done. Returned value was: None
[2024-09-16 00:12:45,851] {taskinstance.py:1395} INFO - Marking task as SUCCESS. dag_id=BRONZER_GET_STONCKS, task_id=BRONZE_STONCKS_MSFT, execution_date=20240103T000000, start_date=20240916T031244, end_date=20240916T031245
[2024-09-16 00:12:45,878] {local_task_job.py:156} INFO - Task exited with return code 0
[2024-09-16 00:12:45,946] {local_task_job.py:273} INFO - 0 downstream tasks scheduled from follow-on schedule check
[2024-09-16 00:14:20,385] {taskinstance.py:1159} INFO - Dependencies all met for <TaskInstance: BRONZER_GET_STONCKS.BRONZE_STONCKS_MSFT scheduled__2024-01-03T00:00:00+00:00 [queued]>
[2024-09-16 00:14:20,448] {taskinstance.py:1159} INFO - Dependencies all met for <TaskInstance: BRONZER_GET_STONCKS.BRONZE_STONCKS_MSFT scheduled__2024-01-03T00:00:00+00:00 [queued]>
[2024-09-16 00:14:20,448] {taskinstance.py:1356} INFO - 
--------------------------------------------------------------------------------
[2024-09-16 00:14:20,448] {taskinstance.py:1357} INFO - Starting attempt 1 of 1
[2024-09-16 00:14:20,448] {taskinstance.py:1358} INFO - 
--------------------------------------------------------------------------------
[2024-09-16 00:14:20,529] {taskinstance.py:1377} INFO - Executing <Task(_PythonDecoratedOperator): BRONZE_STONCKS_MSFT> on 2024-01-03 00:00:00+00:00
[2024-09-16 00:14:20,534] {standard_task_runner.py:52} INFO - Started process 49372 to run task
[2024-09-16 00:14:20,557] {standard_task_runner.py:79} INFO - Running: ['airflow', 'tasks', 'run', 'BRONZER_GET_STONCKS', 'BRONZE_STONCKS_MSFT', 'scheduled__2024-01-03T00:00:00+00:00', '--job-id', '1809', '--raw', '--subdir', 'DAGS_FOLDER/get_stocks.py', '--cfg-path', '/tmp/tmp_54ecrrj', '--error-file', '/tmp/tmp7k57sx6g']
[2024-09-16 00:14:20,558] {standard_task_runner.py:80} INFO - Job 1809: Subtask BRONZE_STONCKS_MSFT
[2024-09-16 00:14:20,850] {task_command.py:370} INFO - Running <TaskInstance: BRONZER_GET_STONCKS.BRONZE_STONCKS_MSFT scheduled__2024-01-03T00:00:00+00:00 [running]> on host kaiwang.
[2024-09-16 00:14:21,061] {taskinstance.py:1569} INFO - Exporting the following env vars:
AIRFLOW_CTX_DAG_OWNER=airflow
AIRFLOW_CTX_DAG_ID=BRONZER_GET_STONCKS
AIRFLOW_CTX_TASK_ID=BRONZE_STONCKS_MSFT
AIRFLOW_CTX_EXECUTION_DATE=2024-01-03T00:00:00+00:00
AIRFLOW_CTX_TRY_NUMBER=1
AIRFLOW_CTX_DAG_RUN_ID=scheduled__2024-01-03T00:00:00+00:00
[2024-09-16 00:14:21,828] {python.py:173} INFO - Done. Returned value was: None
[2024-09-16 00:14:21,856] {taskinstance.py:1395} INFO - Marking task as SUCCESS. dag_id=BRONZER_GET_STONCKS, task_id=BRONZE_STONCKS_MSFT, execution_date=20240103T000000, start_date=20240916T031420, end_date=20240916T031421
[2024-09-16 00:14:21,921] {local_task_job.py:156} INFO - Task exited with return code 0
[2024-09-16 00:14:22,008] {local_task_job.py:273} INFO - 0 downstream tasks scheduled from follow-on schedule check
