[2024-09-16 00:08:07,043] {taskinstance.py:1159} INFO - Dependencies all met for <TaskInstance: BRONZER_GET_CRIPTOS.BRONZE_CRIPTO_ETH scheduled__2024-08-22T00:00:00+00:00 [queued]>
[2024-09-16 00:08:07,053] {taskinstance.py:1159} INFO - Dependencies all met for <TaskInstance: BRONZER_GET_CRIPTOS.BRONZE_CRIPTO_ETH scheduled__2024-08-22T00:00:00+00:00 [queued]>
[2024-09-16 00:08:07,053] {taskinstance.py:1356} INFO - 
--------------------------------------------------------------------------------
[2024-09-16 00:08:07,053] {taskinstance.py:1357} INFO - Starting attempt 1 of 1
[2024-09-16 00:08:07,053] {taskinstance.py:1358} INFO - 
--------------------------------------------------------------------------------
[2024-09-16 00:08:07,067] {taskinstance.py:1377} INFO - Executing <Task(_PythonDecoratedOperator): BRONZE_CRIPTO_ETH> on 2024-08-22 00:00:00+00:00
[2024-09-16 00:08:07,072] {standard_task_runner.py:52} INFO - Started process 42225 to run task
[2024-09-16 00:08:07,076] {standard_task_runner.py:79} INFO - Running: ['airflow', 'tasks', 'run', 'BRONZER_GET_CRIPTOS', 'BRONZE_CRIPTO_ETH', 'scheduled__2024-08-22T00:00:00+00:00', '--job-id', '1410', '--raw', '--subdir', 'DAGS_FOLDER/get_cripto.py', '--cfg-path', '/tmp/tmps620f3_h', '--error-file', '/tmp/tmp4cer9cvo']
[2024-09-16 00:08:07,077] {standard_task_runner.py:80} INFO - Job 1410: Subtask BRONZE_CRIPTO_ETH
[2024-09-16 00:08:07,152] {task_command.py:370} INFO - Running <TaskInstance: BRONZER_GET_CRIPTOS.BRONZE_CRIPTO_ETH scheduled__2024-08-22T00:00:00+00:00 [running]> on host kaiwang.
[2024-09-16 00:08:07,228] {taskinstance.py:1569} INFO - Exporting the following env vars:
AIRFLOW_CTX_DAG_OWNER=airflow
AIRFLOW_CTX_DAG_ID=BRONZER_GET_CRIPTOS
AIRFLOW_CTX_TASK_ID=BRONZE_CRIPTO_ETH
AIRFLOW_CTX_EXECUTION_DATE=2024-08-22T00:00:00+00:00
AIRFLOW_CTX_TRY_NUMBER=1
AIRFLOW_CTX_DAG_RUN_ID=scheduled__2024-08-22T00:00:00+00:00
[2024-09-16 00:08:07,725] {python.py:173} INFO - Done. Returned value was: None
[2024-09-16 00:08:07,740] {taskinstance.py:1395} INFO - Marking task as SUCCESS. dag_id=BRONZER_GET_CRIPTOS, task_id=BRONZE_CRIPTO_ETH, execution_date=20240822T000000, start_date=20240916T030807, end_date=20240916T030807
[2024-09-16 00:08:07,770] {local_task_job.py:156} INFO - Task exited with return code 0
[2024-09-16 00:08:07,814] {local_task_job.py:273} INFO - 0 downstream tasks scheduled from follow-on schedule check
[2024-09-16 13:56:23,251] {taskinstance.py:1159} INFO - Dependencies all met for <TaskInstance: BRONZER_GET_CRIPTOS.BRONZE_CRIPTO_ETH scheduled__2024-08-22T00:00:00+00:00 [queued]>
[2024-09-16 13:56:23,287] {taskinstance.py:1159} INFO - Dependencies all met for <TaskInstance: BRONZER_GET_CRIPTOS.BRONZE_CRIPTO_ETH scheduled__2024-08-22T00:00:00+00:00 [queued]>
[2024-09-16 13:56:23,287] {taskinstance.py:1356} INFO - 
--------------------------------------------------------------------------------
[2024-09-16 13:56:23,287] {taskinstance.py:1357} INFO - Starting attempt 1 of 1
[2024-09-16 13:56:23,287] {taskinstance.py:1358} INFO - 
--------------------------------------------------------------------------------
[2024-09-16 13:56:23,331] {taskinstance.py:1377} INFO - Executing <Task(_PythonDecoratedOperator): BRONZE_CRIPTO_ETH> on 2024-08-22 00:00:00+00:00
[2024-09-16 13:56:23,337] {standard_task_runner.py:52} INFO - Started process 138688 to run task
[2024-09-16 13:56:23,347] {standard_task_runner.py:79} INFO - Running: ['airflow', 'tasks', 'run', 'BRONZER_GET_CRIPTOS', 'BRONZE_CRIPTO_ETH', 'scheduled__2024-08-22T00:00:00+00:00', '--job-id', '2562', '--raw', '--subdir', 'DAGS_FOLDER/get_cripto.py', '--cfg-path', '/tmp/tmpo6wk0wn9', '--error-file', '/tmp/tmp3nqi2d0p']
[2024-09-16 13:56:23,349] {standard_task_runner.py:80} INFO - Job 2562: Subtask BRONZE_CRIPTO_ETH
[2024-09-16 13:56:23,526] {task_command.py:370} INFO - Running <TaskInstance: BRONZER_GET_CRIPTOS.BRONZE_CRIPTO_ETH scheduled__2024-08-22T00:00:00+00:00 [running]> on host kaiwang.
[2024-09-16 13:56:24,036] {taskinstance.py:1569} INFO - Exporting the following env vars:
AIRFLOW_CTX_DAG_OWNER=airflow
AIRFLOW_CTX_DAG_ID=BRONZER_GET_CRIPTOS
AIRFLOW_CTX_TASK_ID=BRONZE_CRIPTO_ETH
AIRFLOW_CTX_EXECUTION_DATE=2024-08-22T00:00:00+00:00
AIRFLOW_CTX_TRY_NUMBER=1
AIRFLOW_CTX_DAG_RUN_ID=scheduled__2024-08-22T00:00:00+00:00
[2024-09-16 13:56:24,725] {python.py:173} INFO - Done. Returned value was: None
[2024-09-16 13:56:24,797] {taskinstance.py:1395} INFO - Marking task as SUCCESS. dag_id=BRONZER_GET_CRIPTOS, task_id=BRONZE_CRIPTO_ETH, execution_date=20240822T000000, start_date=20240916T165623, end_date=20240916T165624
[2024-09-16 13:56:24,892] {local_task_job.py:156} INFO - Task exited with return code 0
[2024-09-16 13:56:25,050] {local_task_job.py:273} INFO - 0 downstream tasks scheduled from follow-on schedule check
