[2024-09-16 00:03:40,820] {taskinstance.py:1159} INFO - Dependencies all met for <TaskInstance: BRONZER_GET_CRIPTOS.BRONZE_CRIPTO_ETH scheduled__2024-02-02T00:00:00+00:00 [queued]>
[2024-09-16 00:03:40,834] {taskinstance.py:1159} INFO - Dependencies all met for <TaskInstance: BRONZER_GET_CRIPTOS.BRONZE_CRIPTO_ETH scheduled__2024-02-02T00:00:00+00:00 [queued]>
[2024-09-16 00:03:40,834] {taskinstance.py:1356} INFO - 
--------------------------------------------------------------------------------
[2024-09-16 00:03:40,834] {taskinstance.py:1357} INFO - Starting attempt 1 of 1
[2024-09-16 00:03:40,834] {taskinstance.py:1358} INFO - 
--------------------------------------------------------------------------------
[2024-09-16 00:03:40,863] {taskinstance.py:1377} INFO - Executing <Task(_PythonDecoratedOperator): BRONZE_CRIPTO_ETH> on 2024-02-02 00:00:00+00:00
[2024-09-16 00:03:40,870] {standard_task_runner.py:52} INFO - Started process 21184 to run task
[2024-09-16 00:03:40,875] {standard_task_runner.py:79} INFO - Running: ['airflow', 'tasks', 'run', 'BRONZER_GET_CRIPTOS', 'BRONZE_CRIPTO_ETH', 'scheduled__2024-02-02T00:00:00+00:00', '--job-id', '190', '--raw', '--subdir', 'DAGS_FOLDER/get_cripto.py', '--cfg-path', '/tmp/tmp4zja84rt', '--error-file', '/tmp/tmpx9dnn_87']
[2024-09-16 00:03:40,876] {standard_task_runner.py:80} INFO - Job 190: Subtask BRONZE_CRIPTO_ETH
[2024-09-16 00:03:41,012] {task_command.py:370} INFO - Running <TaskInstance: BRONZER_GET_CRIPTOS.BRONZE_CRIPTO_ETH scheduled__2024-02-02T00:00:00+00:00 [running]> on host kaiwang.
[2024-09-16 00:03:41,148] {taskinstance.py:1569} INFO - Exporting the following env vars:
AIRFLOW_CTX_DAG_OWNER=airflow
AIRFLOW_CTX_DAG_ID=BRONZER_GET_CRIPTOS
AIRFLOW_CTX_TASK_ID=BRONZE_CRIPTO_ETH
AIRFLOW_CTX_EXECUTION_DATE=2024-02-02T00:00:00+00:00
AIRFLOW_CTX_TRY_NUMBER=1
AIRFLOW_CTX_DAG_RUN_ID=scheduled__2024-02-02T00:00:00+00:00
[2024-09-16 00:03:44,508] {history.py:244} ERROR - $ETH: possibly delisted; no price data found  (1h 2024-01-30 -> 2024-02-02) (Yahoo error = "Data doesn't exist for startDate = 1706590800, endDate = 1706850000")
[2024-09-16 00:03:44,513] {python.py:173} INFO - Done. Returned value was: None
[2024-09-16 00:03:44,532] {taskinstance.py:1395} INFO - Marking task as SUCCESS. dag_id=BRONZER_GET_CRIPTOS, task_id=BRONZE_CRIPTO_ETH, execution_date=20240202T000000, start_date=20240916T030340, end_date=20240916T030344
[2024-09-16 00:03:44,556] {local_task_job.py:156} INFO - Task exited with return code 0
[2024-09-16 00:03:44,594] {local_task_job.py:273} INFO - 0 downstream tasks scheduled from follow-on schedule check
[2024-09-16 00:13:22,303] {taskinstance.py:1159} INFO - Dependencies all met for <TaskInstance: BRONZER_GET_CRIPTOS.BRONZE_CRIPTO_ETH scheduled__2024-02-02T00:00:00+00:00 [queued]>
[2024-09-16 00:13:22,323] {taskinstance.py:1159} INFO - Dependencies all met for <TaskInstance: BRONZER_GET_CRIPTOS.BRONZE_CRIPTO_ETH scheduled__2024-02-02T00:00:00+00:00 [queued]>
[2024-09-16 00:13:22,323] {taskinstance.py:1356} INFO - 
--------------------------------------------------------------------------------
[2024-09-16 00:13:22,323] {taskinstance.py:1357} INFO - Starting attempt 1 of 1
[2024-09-16 00:13:22,323] {taskinstance.py:1358} INFO - 
--------------------------------------------------------------------------------
[2024-09-16 00:13:22,359] {taskinstance.py:1377} INFO - Executing <Task(_PythonDecoratedOperator): BRONZE_CRIPTO_ETH> on 2024-02-02 00:00:00+00:00
[2024-09-16 00:13:22,382] {standard_task_runner.py:52} INFO - Started process 46840 to run task
[2024-09-16 00:13:22,385] {standard_task_runner.py:79} INFO - Running: ['airflow', 'tasks', 'run', 'BRONZER_GET_CRIPTOS', 'BRONZE_CRIPTO_ETH', 'scheduled__2024-02-02T00:00:00+00:00', '--job-id', '1663', '--raw', '--subdir', 'DAGS_FOLDER/get_cripto.py', '--cfg-path', '/tmp/tmp8os9h_t_', '--error-file', '/tmp/tmpgh_f_tqb']
[2024-09-16 00:13:22,387] {standard_task_runner.py:80} INFO - Job 1663: Subtask BRONZE_CRIPTO_ETH
[2024-09-16 00:13:22,507] {task_command.py:370} INFO - Running <TaskInstance: BRONZER_GET_CRIPTOS.BRONZE_CRIPTO_ETH scheduled__2024-02-02T00:00:00+00:00 [running]> on host kaiwang.
[2024-09-16 00:13:22,604] {taskinstance.py:1569} INFO - Exporting the following env vars:
AIRFLOW_CTX_DAG_OWNER=airflow
AIRFLOW_CTX_DAG_ID=BRONZER_GET_CRIPTOS
AIRFLOW_CTX_TASK_ID=BRONZE_CRIPTO_ETH
AIRFLOW_CTX_EXECUTION_DATE=2024-02-02T00:00:00+00:00
AIRFLOW_CTX_TRY_NUMBER=1
AIRFLOW_CTX_DAG_RUN_ID=scheduled__2024-02-02T00:00:00+00:00
[2024-09-16 00:13:25,580] {history.py:244} ERROR - $ETH: possibly delisted; no price data found  (1h 2024-01-30 -> 2024-02-02) (Yahoo error = "Data doesn't exist for startDate = 1706590800, endDate = 1706850000")
[2024-09-16 00:13:25,586] {python.py:173} INFO - Done. Returned value was: None
[2024-09-16 00:13:25,677] {taskinstance.py:1395} INFO - Marking task as SUCCESS. dag_id=BRONZER_GET_CRIPTOS, task_id=BRONZE_CRIPTO_ETH, execution_date=20240202T000000, start_date=20240916T031322, end_date=20240916T031325
[2024-09-16 00:13:25,791] {local_task_job.py:156} INFO - Task exited with return code 0
[2024-09-16 00:13:25,987] {local_task_job.py:273} INFO - 0 downstream tasks scheduled from follow-on schedule check
[2024-09-16 00:14:58,143] {taskinstance.py:1159} INFO - Dependencies all met for <TaskInstance: BRONZER_GET_CRIPTOS.BRONZE_CRIPTO_ETH scheduled__2024-02-02T00:00:00+00:00 [queued]>
[2024-09-16 00:14:58,187] {taskinstance.py:1159} INFO - Dependencies all met for <TaskInstance: BRONZER_GET_CRIPTOS.BRONZE_CRIPTO_ETH scheduled__2024-02-02T00:00:00+00:00 [queued]>
[2024-09-16 00:14:58,187] {taskinstance.py:1356} INFO - 
--------------------------------------------------------------------------------
[2024-09-16 00:14:58,188] {taskinstance.py:1357} INFO - Starting attempt 1 of 1
[2024-09-16 00:14:58,188] {taskinstance.py:1358} INFO - 
--------------------------------------------------------------------------------
[2024-09-16 00:14:58,250] {taskinstance.py:1377} INFO - Executing <Task(_PythonDecoratedOperator): BRONZE_CRIPTO_ETH> on 2024-02-02 00:00:00+00:00
[2024-09-16 00:14:58,259] {standard_task_runner.py:52} INFO - Started process 52353 to run task
[2024-09-16 00:14:58,305] {standard_task_runner.py:79} INFO - Running: ['airflow', 'tasks', 'run', 'BRONZER_GET_CRIPTOS', 'BRONZE_CRIPTO_ETH', 'scheduled__2024-02-02T00:00:00+00:00', '--job-id', '1976', '--raw', '--subdir', 'DAGS_FOLDER/get_cripto.py', '--cfg-path', '/tmp/tmp5f4ey110', '--error-file', '/tmp/tmpbqdvkdg5']
[2024-09-16 00:14:58,306] {standard_task_runner.py:80} INFO - Job 1976: Subtask BRONZE_CRIPTO_ETH
[2024-09-16 00:14:58,623] {task_command.py:370} INFO - Running <TaskInstance: BRONZER_GET_CRIPTOS.BRONZE_CRIPTO_ETH scheduled__2024-02-02T00:00:00+00:00 [running]> on host kaiwang.
[2024-09-16 00:14:58,992] {taskinstance.py:1569} INFO - Exporting the following env vars:
AIRFLOW_CTX_DAG_OWNER=airflow
AIRFLOW_CTX_DAG_ID=BRONZER_GET_CRIPTOS
AIRFLOW_CTX_TASK_ID=BRONZE_CRIPTO_ETH
AIRFLOW_CTX_EXECUTION_DATE=2024-02-02T00:00:00+00:00
AIRFLOW_CTX_TRY_NUMBER=1
AIRFLOW_CTX_DAG_RUN_ID=scheduled__2024-02-02T00:00:00+00:00
[2024-09-16 00:15:02,033] {history.py:244} ERROR - $ETH: possibly delisted; no price data found  (1h 2024-01-30 -> 2024-02-02) (Yahoo error = "Data doesn't exist for startDate = 1706590800, endDate = 1706850000")
[2024-09-16 00:15:02,037] {python.py:173} INFO - Done. Returned value was: None
[2024-09-16 00:15:02,141] {taskinstance.py:1395} INFO - Marking task as SUCCESS. dag_id=BRONZER_GET_CRIPTOS, task_id=BRONZE_CRIPTO_ETH, execution_date=20240202T000000, start_date=20240916T031458, end_date=20240916T031502
[2024-09-16 00:15:02,196] {local_task_job.py:156} INFO - Task exited with return code 0
[2024-09-16 00:15:02,501] {local_task_job.py:273} INFO - 0 downstream tasks scheduled from follow-on schedule check
