[2024-09-16 00:04:38,814] {taskinstance.py:1159} INFO - Dependencies all met for <TaskInstance: BRONZER_GET_CRIPTOS.BRONZE_CRIPTO_AVAX scheduled__2024-03-15T00:00:00+00:00 [queued]>
[2024-09-16 00:04:38,840] {taskinstance.py:1159} INFO - Dependencies all met for <TaskInstance: BRONZER_GET_CRIPTOS.BRONZE_CRIPTO_AVAX scheduled__2024-03-15T00:00:00+00:00 [queued]>
[2024-09-16 00:04:38,840] {taskinstance.py:1356} INFO - 
--------------------------------------------------------------------------------
[2024-09-16 00:04:38,840] {taskinstance.py:1357} INFO - Starting attempt 1 of 1
[2024-09-16 00:04:38,840] {taskinstance.py:1358} INFO - 
--------------------------------------------------------------------------------
[2024-09-16 00:04:38,863] {taskinstance.py:1377} INFO - Executing <Task(_PythonDecoratedOperator): BRONZE_CRIPTO_AVAX> on 2024-03-15 00:00:00+00:00
[2024-09-16 00:04:38,868] {standard_task_runner.py:52} INFO - Started process 25661 to run task
[2024-09-16 00:04:38,888] {standard_task_runner.py:79} INFO - Running: ['airflow', 'tasks', 'run', 'BRONZER_GET_CRIPTOS', 'BRONZE_CRIPTO_AVAX', 'scheduled__2024-03-15T00:00:00+00:00', '--job-id', '447', '--raw', '--subdir', 'DAGS_FOLDER/get_cripto.py', '--cfg-path', '/tmp/tmpwie29u9_', '--error-file', '/tmp/tmp9ao2dnse']
[2024-09-16 00:04:38,891] {standard_task_runner.py:80} INFO - Job 447: Subtask BRONZE_CRIPTO_AVAX
[2024-09-16 00:04:39,066] {task_command.py:370} INFO - Running <TaskInstance: BRONZER_GET_CRIPTOS.BRONZE_CRIPTO_AVAX scheduled__2024-03-15T00:00:00+00:00 [running]> on host kaiwang.
[2024-09-16 00:04:39,236] {taskinstance.py:1569} INFO - Exporting the following env vars:
AIRFLOW_CTX_DAG_OWNER=airflow
AIRFLOW_CTX_DAG_ID=BRONZER_GET_CRIPTOS
AIRFLOW_CTX_TASK_ID=BRONZE_CRIPTO_AVAX
AIRFLOW_CTX_EXECUTION_DATE=2024-03-15T00:00:00+00:00
AIRFLOW_CTX_TRY_NUMBER=1
AIRFLOW_CTX_DAG_RUN_ID=scheduled__2024-03-15T00:00:00+00:00
[2024-09-16 00:04:42,520] {history.py:122} ERROR - $AVAX: possibly delisted; no timezone found
[2024-09-16 00:04:42,524] {python.py:173} INFO - Done. Returned value was: None
[2024-09-16 00:04:42,598] {taskinstance.py:1395} INFO - Marking task as SUCCESS. dag_id=BRONZER_GET_CRIPTOS, task_id=BRONZE_CRIPTO_AVAX, execution_date=20240315T000000, start_date=20240916T030438, end_date=20240916T030442
[2024-09-16 00:04:42,652] {local_task_job.py:156} INFO - Task exited with return code 0
[2024-09-16 00:04:42,783] {local_task_job.py:273} INFO - 0 downstream tasks scheduled from follow-on schedule check
[2024-09-16 00:15:55,138] {taskinstance.py:1159} INFO - Dependencies all met for <TaskInstance: BRONZER_GET_CRIPTOS.BRONZE_CRIPTO_AVAX scheduled__2024-03-15T00:00:00+00:00 [queued]>
[2024-09-16 00:15:55,192] {taskinstance.py:1159} INFO - Dependencies all met for <TaskInstance: BRONZER_GET_CRIPTOS.BRONZE_CRIPTO_AVAX scheduled__2024-03-15T00:00:00+00:00 [queued]>
[2024-09-16 00:15:55,192] {taskinstance.py:1356} INFO - 
--------------------------------------------------------------------------------
[2024-09-16 00:15:55,192] {taskinstance.py:1357} INFO - Starting attempt 1 of 1
[2024-09-16 00:15:55,192] {taskinstance.py:1358} INFO - 
--------------------------------------------------------------------------------
[2024-09-16 00:15:55,294] {taskinstance.py:1377} INFO - Executing <Task(_PythonDecoratedOperator): BRONZE_CRIPTO_AVAX> on 2024-03-15 00:00:00+00:00
[2024-09-16 00:15:55,299] {standard_task_runner.py:52} INFO - Started process 57072 to run task
[2024-09-16 00:15:55,326] {standard_task_runner.py:79} INFO - Running: ['airflow', 'tasks', 'run', 'BRONZER_GET_CRIPTOS', 'BRONZE_CRIPTO_AVAX', 'scheduled__2024-03-15T00:00:00+00:00', '--job-id', '2256', '--raw', '--subdir', 'DAGS_FOLDER/get_cripto.py', '--cfg-path', '/tmp/tmpjzeyger3', '--error-file', '/tmp/tmpilk0n0ii']
[2024-09-16 00:15:55,328] {standard_task_runner.py:80} INFO - Job 2256: Subtask BRONZE_CRIPTO_AVAX
[2024-09-16 00:15:55,664] {task_command.py:370} INFO - Running <TaskInstance: BRONZER_GET_CRIPTOS.BRONZE_CRIPTO_AVAX scheduled__2024-03-15T00:00:00+00:00 [running]> on host kaiwang.
[2024-09-16 00:15:55,876] {taskinstance.py:1569} INFO - Exporting the following env vars:
AIRFLOW_CTX_DAG_OWNER=airflow
AIRFLOW_CTX_DAG_ID=BRONZER_GET_CRIPTOS
AIRFLOW_CTX_TASK_ID=BRONZE_CRIPTO_AVAX
AIRFLOW_CTX_EXECUTION_DATE=2024-03-15T00:00:00+00:00
AIRFLOW_CTX_TRY_NUMBER=1
AIRFLOW_CTX_DAG_RUN_ID=scheduled__2024-03-15T00:00:00+00:00
[2024-09-16 00:15:59,733] {history.py:122} ERROR - $AVAX: possibly delisted; no timezone found
[2024-09-16 00:15:59,737] {python.py:173} INFO - Done. Returned value was: None
[2024-09-16 00:15:59,784] {taskinstance.py:1395} INFO - Marking task as SUCCESS. dag_id=BRONZER_GET_CRIPTOS, task_id=BRONZE_CRIPTO_AVAX, execution_date=20240315T000000, start_date=20240916T031555, end_date=20240916T031559
[2024-09-16 00:15:59,861] {local_task_job.py:156} INFO - Task exited with return code 0
[2024-09-16 00:16:00,137] {local_task_job.py:273} INFO - 0 downstream tasks scheduled from follow-on schedule check
