[2024-09-16 00:04:13,985] {taskinstance.py:1159} INFO - Dependencies all met for <TaskInstance: BRONZER_GET_STONCKS.BRONZE_STONCKS_GOOG scheduled__2024-02-27T00:00:00+00:00 [queued]>
[2024-09-16 00:04:14,016] {taskinstance.py:1159} INFO - Dependencies all met for <TaskInstance: BRONZER_GET_STONCKS.BRONZE_STONCKS_GOOG scheduled__2024-02-27T00:00:00+00:00 [queued]>
[2024-09-16 00:04:14,016] {taskinstance.py:1356} INFO - 
--------------------------------------------------------------------------------
[2024-09-16 00:04:14,016] {taskinstance.py:1357} INFO - Starting attempt 1 of 1
[2024-09-16 00:04:14,016] {taskinstance.py:1358} INFO - 
--------------------------------------------------------------------------------
[2024-09-16 00:04:14,085] {taskinstance.py:1377} INFO - Executing <Task(_PythonDecoratedOperator): BRONZE_STONCKS_GOOG> on 2024-02-27 00:00:00+00:00
[2024-09-16 00:04:14,091] {standard_task_runner.py:52} INFO - Started process 23565 to run task
[2024-09-16 00:04:14,109] {standard_task_runner.py:79} INFO - Running: ['airflow', 'tasks', 'run', 'BRONZER_GET_STONCKS', 'BRONZE_STONCKS_GOOG', 'scheduled__2024-02-27T00:00:00+00:00', '--job-id', '324', '--raw', '--subdir', 'DAGS_FOLDER/get_stocks.py', '--cfg-path', '/tmp/tmplit33t5n', '--error-file', '/tmp/tmp4_wumz88']
[2024-09-16 00:04:14,110] {standard_task_runner.py:80} INFO - Job 324: Subtask BRONZE_STONCKS_GOOG
[2024-09-16 00:04:14,323] {task_command.py:370} INFO - Running <TaskInstance: BRONZER_GET_STONCKS.BRONZE_STONCKS_GOOG scheduled__2024-02-27T00:00:00+00:00 [running]> on host kaiwang.
[2024-09-16 00:04:14,595] {taskinstance.py:1569} INFO - Exporting the following env vars:
AIRFLOW_CTX_DAG_OWNER=airflow
AIRFLOW_CTX_DAG_ID=BRONZER_GET_STONCKS
AIRFLOW_CTX_TASK_ID=BRONZE_STONCKS_GOOG
AIRFLOW_CTX_EXECUTION_DATE=2024-02-27T00:00:00+00:00
AIRFLOW_CTX_TRY_NUMBER=1
AIRFLOW_CTX_DAG_RUN_ID=scheduled__2024-02-27T00:00:00+00:00
[2024-09-16 00:04:15,332] {python.py:173} INFO - Done. Returned value was: None
[2024-09-16 00:04:15,373] {taskinstance.py:1395} INFO - Marking task as SUCCESS. dag_id=BRONZER_GET_STONCKS, task_id=BRONZE_STONCKS_GOOG, execution_date=20240227T000000, start_date=20240916T030413, end_date=20240916T030415
[2024-09-16 00:04:15,408] {local_task_job.py:156} INFO - Task exited with return code 0
[2024-09-16 00:04:15,462] {local_task_job.py:273} INFO - 0 downstream tasks scheduled from follow-on schedule check
[2024-09-16 00:13:47,892] {taskinstance.py:1159} INFO - Dependencies all met for <TaskInstance: BRONZER_GET_STONCKS.BRONZE_STONCKS_GOOG scheduled__2024-02-27T00:00:00+00:00 [queued]>
[2024-09-16 00:13:47,917] {taskinstance.py:1159} INFO - Dependencies all met for <TaskInstance: BRONZER_GET_STONCKS.BRONZE_STONCKS_GOOG scheduled__2024-02-27T00:00:00+00:00 [queued]>
[2024-09-16 00:13:47,917] {taskinstance.py:1356} INFO - 
--------------------------------------------------------------------------------
[2024-09-16 00:13:47,917] {taskinstance.py:1357} INFO - Starting attempt 1 of 1
[2024-09-16 00:13:47,917] {taskinstance.py:1358} INFO - 
--------------------------------------------------------------------------------
[2024-09-16 00:13:47,962] {taskinstance.py:1377} INFO - Executing <Task(_PythonDecoratedOperator): BRONZE_STONCKS_GOOG> on 2024-02-27 00:00:00+00:00
[2024-09-16 00:13:47,968] {standard_task_runner.py:52} INFO - Started process 48934 to run task
[2024-09-16 00:13:47,986] {standard_task_runner.py:79} INFO - Running: ['airflow', 'tasks', 'run', 'BRONZER_GET_STONCKS', 'BRONZE_STONCKS_GOOG', 'scheduled__2024-02-27T00:00:00+00:00', '--job-id', '1780', '--raw', '--subdir', 'DAGS_FOLDER/get_stocks.py', '--cfg-path', '/tmp/tmpqdtxxayy', '--error-file', '/tmp/tmpej5nfct1']
[2024-09-16 00:13:47,989] {standard_task_runner.py:80} INFO - Job 1780: Subtask BRONZE_STONCKS_GOOG
[2024-09-16 00:13:48,125] {task_command.py:370} INFO - Running <TaskInstance: BRONZER_GET_STONCKS.BRONZE_STONCKS_GOOG scheduled__2024-02-27T00:00:00+00:00 [running]> on host kaiwang.
[2024-09-16 00:13:48,254] {taskinstance.py:1569} INFO - Exporting the following env vars:
AIRFLOW_CTX_DAG_OWNER=airflow
AIRFLOW_CTX_DAG_ID=BRONZER_GET_STONCKS
AIRFLOW_CTX_TASK_ID=BRONZE_STONCKS_GOOG
AIRFLOW_CTX_EXECUTION_DATE=2024-02-27T00:00:00+00:00
AIRFLOW_CTX_TRY_NUMBER=1
AIRFLOW_CTX_DAG_RUN_ID=scheduled__2024-02-27T00:00:00+00:00
[2024-09-16 00:13:48,911] {python.py:173} INFO - Done. Returned value was: None
[2024-09-16 00:13:48,962] {taskinstance.py:1395} INFO - Marking task as SUCCESS. dag_id=BRONZER_GET_STONCKS, task_id=BRONZE_STONCKS_GOOG, execution_date=20240227T000000, start_date=20240916T031347, end_date=20240916T031348
[2024-09-16 00:13:49,019] {local_task_job.py:156} INFO - Task exited with return code 0
[2024-09-16 00:13:49,083] {local_task_job.py:273} INFO - 0 downstream tasks scheduled from follow-on schedule check
[2024-09-16 00:13:49,132] {dagrun.py:562} INFO - Marking run <DagRun BRONZER_GET_STONCKS @ 2024-02-27 00:00:00+00:00: scheduled__2024-02-27T00:00:00+00:00, externally triggered: False> successful
[2024-09-16 00:13:49,133] {dagrun.py:607} INFO - DagRun Finished: dag_id=BRONZER_GET_STONCKS, execution_date=2024-02-27 00:00:00+00:00, run_id=scheduled__2024-02-27T00:00:00+00:00, run_start_date=2024-09-16 03:13:43.249727+00:00, run_end_date=2024-09-16 03:13:49.132976+00:00, run_duration=5.883249, state=success, external_trigger=False, run_type=scheduled, data_interval_start=2024-02-27 00:00:00+00:00, data_interval_end=2024-02-28 00:00:00+00:00, dag_hash=54ae87f9a2ad23046fa87f5699b879b0
[2024-09-16 00:15:24,279] {taskinstance.py:1159} INFO - Dependencies all met for <TaskInstance: BRONZER_GET_STONCKS.BRONZE_STONCKS_GOOG scheduled__2024-02-27T00:00:00+00:00 [queued]>
[2024-09-16 00:15:24,298] {taskinstance.py:1159} INFO - Dependencies all met for <TaskInstance: BRONZER_GET_STONCKS.BRONZE_STONCKS_GOOG scheduled__2024-02-27T00:00:00+00:00 [queued]>
[2024-09-16 00:15:24,298] {taskinstance.py:1356} INFO - 
--------------------------------------------------------------------------------
[2024-09-16 00:15:24,298] {taskinstance.py:1357} INFO - Starting attempt 1 of 1
[2024-09-16 00:15:24,298] {taskinstance.py:1358} INFO - 
--------------------------------------------------------------------------------
[2024-09-16 00:15:24,347] {taskinstance.py:1377} INFO - Executing <Task(_PythonDecoratedOperator): BRONZE_STONCKS_GOOG> on 2024-02-27 00:00:00+00:00
[2024-09-16 00:15:24,352] {standard_task_runner.py:52} INFO - Started process 54472 to run task
[2024-09-16 00:15:24,376] {standard_task_runner.py:79} INFO - Running: ['airflow', 'tasks', 'run', 'BRONZER_GET_STONCKS', 'BRONZE_STONCKS_GOOG', 'scheduled__2024-02-27T00:00:00+00:00', '--job-id', '2104', '--raw', '--subdir', 'DAGS_FOLDER/get_stocks.py', '--cfg-path', '/tmp/tmpdfa0mtrn', '--error-file', '/tmp/tmp46xw0jbw']
[2024-09-16 00:15:24,378] {standard_task_runner.py:80} INFO - Job 2104: Subtask BRONZE_STONCKS_GOOG
[2024-09-16 00:15:24,664] {task_command.py:370} INFO - Running <TaskInstance: BRONZER_GET_STONCKS.BRONZE_STONCKS_GOOG scheduled__2024-02-27T00:00:00+00:00 [running]> on host kaiwang.
[2024-09-16 00:15:24,932] {taskinstance.py:1569} INFO - Exporting the following env vars:
AIRFLOW_CTX_DAG_OWNER=airflow
AIRFLOW_CTX_DAG_ID=BRONZER_GET_STONCKS
AIRFLOW_CTX_TASK_ID=BRONZE_STONCKS_GOOG
AIRFLOW_CTX_EXECUTION_DATE=2024-02-27T00:00:00+00:00
AIRFLOW_CTX_TRY_NUMBER=1
AIRFLOW_CTX_DAG_RUN_ID=scheduled__2024-02-27T00:00:00+00:00
[2024-09-16 00:15:25,549] {python.py:173} INFO - Done. Returned value was: None
[2024-09-16 00:15:25,573] {taskinstance.py:1395} INFO - Marking task as SUCCESS. dag_id=BRONZER_GET_STONCKS, task_id=BRONZE_STONCKS_GOOG, execution_date=20240227T000000, start_date=20240916T031524, end_date=20240916T031525
[2024-09-16 00:15:25,636] {local_task_job.py:156} INFO - Task exited with return code 0
[2024-09-16 00:15:25,694] {local_task_job.py:273} INFO - 0 downstream tasks scheduled from follow-on schedule check
