[2024-09-16 00:03:18,497] {taskinstance.py:1159} INFO - Dependencies all met for <TaskInstance: BRONZER_GET_CRIPTOS.BRONZE_CRIPTO_BTC scheduled__2024-01-17T00:00:00+00:00 [queued]>
[2024-09-16 00:03:18,574] {taskinstance.py:1159} INFO - Dependencies all met for <TaskInstance: BRONZER_GET_CRIPTOS.BRONZE_CRIPTO_BTC scheduled__2024-01-17T00:00:00+00:00 [queued]>
[2024-09-16 00:03:18,574] {taskinstance.py:1356} INFO - 
--------------------------------------------------------------------------------
[2024-09-16 00:03:18,574] {taskinstance.py:1357} INFO - Starting attempt 1 of 1
[2024-09-16 00:03:18,574] {taskinstance.py:1358} INFO - 
--------------------------------------------------------------------------------
[2024-09-16 00:03:18,660] {taskinstance.py:1377} INFO - Executing <Task(_PythonDecoratedOperator): BRONZE_CRIPTO_BTC> on 2024-01-17 00:00:00+00:00
[2024-09-16 00:03:18,693] {standard_task_runner.py:52} INFO - Started process 19447 to run task
[2024-09-16 00:03:18,740] {standard_task_runner.py:79} INFO - Running: ['airflow', 'tasks', 'run', 'BRONZER_GET_CRIPTOS', 'BRONZE_CRIPTO_BTC', 'scheduled__2024-01-17T00:00:00+00:00', '--job-id', '87', '--raw', '--subdir', 'DAGS_FOLDER/get_cripto.py', '--cfg-path', '/tmp/tmplidtuoms', '--error-file', '/tmp/tmp9nh_swq9']
[2024-09-16 00:03:18,741] {standard_task_runner.py:80} INFO - Job 87: Subtask BRONZE_CRIPTO_BTC
[2024-09-16 00:03:19,220] {task_command.py:370} INFO - Running <TaskInstance: BRONZER_GET_CRIPTOS.BRONZE_CRIPTO_BTC scheduled__2024-01-17T00:00:00+00:00 [running]> on host kaiwang.
[2024-09-16 00:03:19,791] {taskinstance.py:1569} INFO - Exporting the following env vars:
AIRFLOW_CTX_DAG_OWNER=airflow
AIRFLOW_CTX_DAG_ID=BRONZER_GET_CRIPTOS
AIRFLOW_CTX_TASK_ID=BRONZE_CRIPTO_BTC
AIRFLOW_CTX_EXECUTION_DATE=2024-01-17T00:00:00+00:00
AIRFLOW_CTX_TRY_NUMBER=1
AIRFLOW_CTX_DAG_RUN_ID=scheduled__2024-01-17T00:00:00+00:00
[2024-09-16 00:03:23,417] {history.py:244} ERROR - $BTC: possibly delisted; no price data found  (1h 2024-01-14 -> 2024-01-17) (Yahoo error = "Data doesn't exist for startDate = 1705208400, endDate = 1705467600")
[2024-09-16 00:03:23,431] {python.py:173} INFO - Done. Returned value was: None
[2024-09-16 00:03:23,553] {taskinstance.py:1395} INFO - Marking task as SUCCESS. dag_id=BRONZER_GET_CRIPTOS, task_id=BRONZE_CRIPTO_BTC, execution_date=20240117T000000, start_date=20240916T030318, end_date=20240916T030323
[2024-09-16 00:03:23,656] {local_task_job.py:156} INFO - Task exited with return code 0
[2024-09-16 00:03:23,980] {local_task_job.py:273} INFO - 0 downstream tasks scheduled from follow-on schedule check
[2024-09-16 00:12:59,739] {taskinstance.py:1159} INFO - Dependencies all met for <TaskInstance: BRONZER_GET_CRIPTOS.BRONZE_CRIPTO_BTC scheduled__2024-01-17T00:00:00+00:00 [queued]>
[2024-09-16 00:12:59,766] {taskinstance.py:1159} INFO - Dependencies all met for <TaskInstance: BRONZER_GET_CRIPTOS.BRONZE_CRIPTO_BTC scheduled__2024-01-17T00:00:00+00:00 [queued]>
[2024-09-16 00:12:59,766] {taskinstance.py:1356} INFO - 
--------------------------------------------------------------------------------
[2024-09-16 00:12:59,766] {taskinstance.py:1357} INFO - Starting attempt 1 of 1
[2024-09-16 00:12:59,766] {taskinstance.py:1358} INFO - 
--------------------------------------------------------------------------------
[2024-09-16 00:12:59,795] {taskinstance.py:1377} INFO - Executing <Task(_PythonDecoratedOperator): BRONZE_CRIPTO_BTC> on 2024-01-17 00:00:00+00:00
[2024-09-16 00:12:59,800] {standard_task_runner.py:52} INFO - Started process 45046 to run task
[2024-09-16 00:12:59,823] {standard_task_runner.py:79} INFO - Running: ['airflow', 'tasks', 'run', 'BRONZER_GET_CRIPTOS', 'BRONZE_CRIPTO_BTC', 'scheduled__2024-01-17T00:00:00+00:00', '--job-id', '1565', '--raw', '--subdir', 'DAGS_FOLDER/get_cripto.py', '--cfg-path', '/tmp/tmpsh7frbhe', '--error-file', '/tmp/tmpal5rqkih']
[2024-09-16 00:12:59,824] {standard_task_runner.py:80} INFO - Job 1565: Subtask BRONZE_CRIPTO_BTC
[2024-09-16 00:12:59,949] {task_command.py:370} INFO - Running <TaskInstance: BRONZER_GET_CRIPTOS.BRONZE_CRIPTO_BTC scheduled__2024-01-17T00:00:00+00:00 [running]> on host kaiwang.
[2024-09-16 00:13:00,040] {taskinstance.py:1569} INFO - Exporting the following env vars:
AIRFLOW_CTX_DAG_OWNER=airflow
AIRFLOW_CTX_DAG_ID=BRONZER_GET_CRIPTOS
AIRFLOW_CTX_TASK_ID=BRONZE_CRIPTO_BTC
AIRFLOW_CTX_EXECUTION_DATE=2024-01-17T00:00:00+00:00
AIRFLOW_CTX_TRY_NUMBER=1
AIRFLOW_CTX_DAG_RUN_ID=scheduled__2024-01-17T00:00:00+00:00
[2024-09-16 00:13:03,088] {history.py:244} ERROR - $BTC: possibly delisted; no price data found  (1h 2024-01-14 -> 2024-01-17) (Yahoo error = "Data doesn't exist for startDate = 1705208400, endDate = 1705467600")
[2024-09-16 00:13:03,093] {python.py:173} INFO - Done. Returned value was: None
[2024-09-16 00:13:03,157] {taskinstance.py:1395} INFO - Marking task as SUCCESS. dag_id=BRONZER_GET_CRIPTOS, task_id=BRONZE_CRIPTO_BTC, execution_date=20240117T000000, start_date=20240916T031259, end_date=20240916T031303
[2024-09-16 00:13:03,226] {local_task_job.py:156} INFO - Task exited with return code 0
[2024-09-16 00:13:03,710] {local_task_job.py:273} INFO - 0 downstream tasks scheduled from follow-on schedule check
[2024-09-16 00:14:36,089] {taskinstance.py:1159} INFO - Dependencies all met for <TaskInstance: BRONZER_GET_CRIPTOS.BRONZE_CRIPTO_BTC scheduled__2024-01-17T00:00:00+00:00 [queued]>
[2024-09-16 00:14:36,130] {taskinstance.py:1159} INFO - Dependencies all met for <TaskInstance: BRONZER_GET_CRIPTOS.BRONZE_CRIPTO_BTC scheduled__2024-01-17T00:00:00+00:00 [queued]>
[2024-09-16 00:14:36,130] {taskinstance.py:1356} INFO - 
--------------------------------------------------------------------------------
[2024-09-16 00:14:36,130] {taskinstance.py:1357} INFO - Starting attempt 1 of 1
[2024-09-16 00:14:36,130] {taskinstance.py:1358} INFO - 
--------------------------------------------------------------------------------
[2024-09-16 00:14:36,212] {taskinstance.py:1377} INFO - Executing <Task(_PythonDecoratedOperator): BRONZE_CRIPTO_BTC> on 2024-01-17 00:00:00+00:00
[2024-09-16 00:14:36,222] {standard_task_runner.py:52} INFO - Started process 50546 to run task
[2024-09-16 00:14:36,262] {standard_task_runner.py:79} INFO - Running: ['airflow', 'tasks', 'run', 'BRONZER_GET_CRIPTOS', 'BRONZE_CRIPTO_BTC', 'scheduled__2024-01-17T00:00:00+00:00', '--job-id', '1877', '--raw', '--subdir', 'DAGS_FOLDER/get_cripto.py', '--cfg-path', '/tmp/tmp3p94yq2u', '--error-file', '/tmp/tmpuzk27wd3']
[2024-09-16 00:14:36,263] {standard_task_runner.py:80} INFO - Job 1877: Subtask BRONZE_CRIPTO_BTC
[2024-09-16 00:14:36,581] {task_command.py:370} INFO - Running <TaskInstance: BRONZER_GET_CRIPTOS.BRONZE_CRIPTO_BTC scheduled__2024-01-17T00:00:00+00:00 [running]> on host kaiwang.
[2024-09-16 00:14:36,925] {taskinstance.py:1569} INFO - Exporting the following env vars:
AIRFLOW_CTX_DAG_OWNER=airflow
AIRFLOW_CTX_DAG_ID=BRONZER_GET_CRIPTOS
AIRFLOW_CTX_TASK_ID=BRONZE_CRIPTO_BTC
AIRFLOW_CTX_EXECUTION_DATE=2024-01-17T00:00:00+00:00
AIRFLOW_CTX_TRY_NUMBER=1
AIRFLOW_CTX_DAG_RUN_ID=scheduled__2024-01-17T00:00:00+00:00
[2024-09-16 00:14:40,005] {history.py:244} ERROR - $BTC: possibly delisted; no price data found  (1h 2024-01-14 -> 2024-01-17) (Yahoo error = "Data doesn't exist for startDate = 1705208400, endDate = 1705467600")
[2024-09-16 00:14:40,016] {python.py:173} INFO - Done. Returned value was: None
[2024-09-16 00:14:40,310] {taskinstance.py:1395} INFO - Marking task as SUCCESS. dag_id=BRONZER_GET_CRIPTOS, task_id=BRONZE_CRIPTO_BTC, execution_date=20240117T000000, start_date=20240916T031436, end_date=20240916T031440
[2024-09-16 00:14:40,401] {local_task_job.py:156} INFO - Task exited with return code 0
[2024-09-16 00:14:40,823] {local_task_job.py:273} INFO - 0 downstream tasks scheduled from follow-on schedule check
