[2024-09-16 00:07:04,844] {taskinstance.py:1159} INFO - Dependencies all met for <TaskInstance: BRONZER_GET_STONCKS.BRONZE_STONCKS_AAPL scheduled__2024-08-02T00:00:00+00:00 [queued]>
[2024-09-16 00:07:04,921] {taskinstance.py:1159} INFO - Dependencies all met for <TaskInstance: BRONZER_GET_STONCKS.BRONZE_STONCKS_AAPL scheduled__2024-08-02T00:00:00+00:00 [queued]>
[2024-09-16 00:07:04,921] {taskinstance.py:1356} INFO - 
--------------------------------------------------------------------------------
[2024-09-16 00:07:04,921] {taskinstance.py:1357} INFO - Starting attempt 1 of 1
[2024-09-16 00:07:04,921] {taskinstance.py:1358} INFO - 
--------------------------------------------------------------------------------
[2024-09-16 00:07:04,997] {taskinstance.py:1377} INFO - Executing <Task(_PythonDecoratedOperator): BRONZE_STONCKS_AAPL> on 2024-08-02 00:00:00+00:00
[2024-09-16 00:07:05,023] {standard_task_runner.py:79} INFO - Running: ['airflow', 'tasks', 'run', 'BRONZER_GET_STONCKS', 'BRONZE_STONCKS_AAPL', 'scheduled__2024-08-02T00:00:00+00:00', '--job-id', '1128', '--raw', '--subdir', 'DAGS_FOLDER/get_stocks.py', '--cfg-path', '/tmp/tmp1e9d6ww9', '--error-file', '/tmp/tmphqfzezgo']
[2024-09-16 00:07:05,025] {standard_task_runner.py:80} INFO - Job 1128: Subtask BRONZE_STONCKS_AAPL
[2024-09-16 00:07:05,031] {standard_task_runner.py:52} INFO - Started process 37389 to run task
[2024-09-16 00:07:05,375] {task_command.py:370} INFO - Running <TaskInstance: BRONZER_GET_STONCKS.BRONZE_STONCKS_AAPL scheduled__2024-08-02T00:00:00+00:00 [running]> on host kaiwang.
[2024-09-16 00:07:05,746] {taskinstance.py:1569} INFO - Exporting the following env vars:
AIRFLOW_CTX_DAG_OWNER=airflow
AIRFLOW_CTX_DAG_ID=BRONZER_GET_STONCKS
AIRFLOW_CTX_TASK_ID=BRONZE_STONCKS_AAPL
AIRFLOW_CTX_EXECUTION_DATE=2024-08-02T00:00:00+00:00
AIRFLOW_CTX_TRY_NUMBER=1
AIRFLOW_CTX_DAG_RUN_ID=scheduled__2024-08-02T00:00:00+00:00
[2024-09-16 00:07:06,422] {python.py:173} INFO - Done. Returned value was: None
[2024-09-16 00:07:06,479] {taskinstance.py:1395} INFO - Marking task as SUCCESS. dag_id=BRONZER_GET_STONCKS, task_id=BRONZE_STONCKS_AAPL, execution_date=20240802T000000, start_date=20240916T030704, end_date=20240916T030706
[2024-09-16 00:07:06,526] {local_task_job.py:156} INFO - Task exited with return code 0
[2024-09-16 00:07:06,653] {local_task_job.py:273} INFO - 0 downstream tasks scheduled from follow-on schedule check
[2024-09-16 13:55:44,492] {taskinstance.py:1159} INFO - Dependencies all met for <TaskInstance: BRONZER_GET_STONCKS.BRONZE_STONCKS_AAPL scheduled__2024-08-02T00:00:00+00:00 [queued]>
[2024-09-16 13:55:44,511] {taskinstance.py:1159} INFO - Dependencies all met for <TaskInstance: BRONZER_GET_STONCKS.BRONZE_STONCKS_AAPL scheduled__2024-08-02T00:00:00+00:00 [queued]>
[2024-09-16 13:55:44,512] {taskinstance.py:1356} INFO - 
--------------------------------------------------------------------------------
[2024-09-16 13:55:44,512] {taskinstance.py:1357} INFO - Starting attempt 1 of 1
[2024-09-16 13:55:44,512] {taskinstance.py:1358} INFO - 
--------------------------------------------------------------------------------
[2024-09-16 13:55:44,536] {taskinstance.py:1377} INFO - Executing <Task(_PythonDecoratedOperator): BRONZE_STONCKS_AAPL> on 2024-08-02 00:00:00+00:00
[2024-09-16 13:55:44,542] {standard_task_runner.py:52} INFO - Started process 136061 to run task
[2024-09-16 13:55:44,563] {standard_task_runner.py:79} INFO - Running: ['airflow', 'tasks', 'run', 'BRONZER_GET_STONCKS', 'BRONZE_STONCKS_AAPL', 'scheduled__2024-08-02T00:00:00+00:00', '--job-id', '2446', '--raw', '--subdir', 'DAGS_FOLDER/get_stocks.py', '--cfg-path', '/tmp/tmp7xx6xeiw', '--error-file', '/tmp/tmpnsxx9jim']
[2024-09-16 13:55:44,564] {standard_task_runner.py:80} INFO - Job 2446: Subtask BRONZE_STONCKS_AAPL
[2024-09-16 13:55:44,770] {task_command.py:370} INFO - Running <TaskInstance: BRONZER_GET_STONCKS.BRONZE_STONCKS_AAPL scheduled__2024-08-02T00:00:00+00:00 [running]> on host kaiwang.
[2024-09-16 13:55:45,393] {taskinstance.py:1569} INFO - Exporting the following env vars:
AIRFLOW_CTX_DAG_OWNER=airflow
AIRFLOW_CTX_DAG_ID=BRONZER_GET_STONCKS
AIRFLOW_CTX_TASK_ID=BRONZE_STONCKS_AAPL
AIRFLOW_CTX_EXECUTION_DATE=2024-08-02T00:00:00+00:00
AIRFLOW_CTX_TRY_NUMBER=1
AIRFLOW_CTX_DAG_RUN_ID=scheduled__2024-08-02T00:00:00+00:00
[2024-09-16 13:55:45,978] {python.py:173} INFO - Done. Returned value was: None
[2024-09-16 13:55:46,044] {taskinstance.py:1395} INFO - Marking task as SUCCESS. dag_id=BRONZER_GET_STONCKS, task_id=BRONZE_STONCKS_AAPL, execution_date=20240802T000000, start_date=20240916T165544, end_date=20240916T165546
[2024-09-16 13:55:46,088] {local_task_job.py:156} INFO - Task exited with return code 0
[2024-09-16 13:55:46,216] {local_task_job.py:273} INFO - 0 downstream tasks scheduled from follow-on schedule check
