[2024-09-15 23:30:48,355] {taskinstance.py:1159} INFO - Dependencies all met for <TaskInstance: BRONZER_GET_STONCKS.BRONZE_STONCKS_MSFT scheduled__2024-02-06T00:00:00+00:00 [queued]>
[2024-09-15 23:30:48,359] {taskinstance.py:1159} INFO - Dependencies all met for <TaskInstance: BRONZER_GET_STONCKS.BRONZE_STONCKS_MSFT scheduled__2024-02-06T00:00:00+00:00 [queued]>
[2024-09-15 23:30:48,359] {taskinstance.py:1356} INFO - 
--------------------------------------------------------------------------------
[2024-09-15 23:30:48,359] {taskinstance.py:1357} INFO - Starting attempt 1 of 1
[2024-09-15 23:30:48,359] {taskinstance.py:1358} INFO - 
--------------------------------------------------------------------------------
[2024-09-15 23:30:48,371] {taskinstance.py:1377} INFO - Executing <Task(_PythonDecoratedOperator): BRONZE_STONCKS_MSFT> on 2024-02-06 00:00:00+00:00
[2024-09-15 23:30:48,374] {standard_task_runner.py:52} INFO - Started process 14792 to run task
[2024-09-15 23:30:48,376] {standard_task_runner.py:79} INFO - Running: ['airflow', 'tasks', 'run', 'BRONZER_GET_STONCKS', 'BRONZE_STONCKS_MSFT', 'scheduled__2024-02-06T00:00:00+00:00', '--job-id', '159', '--raw', '--subdir', 'DAGS_FOLDER/get_stocks.py', '--cfg-path', '/tmp/tmph4q_fuoc', '--error-file', '/tmp/tmp1gd43mgc']
[2024-09-15 23:30:48,377] {standard_task_runner.py:80} INFO - Job 159: Subtask BRONZE_STONCKS_MSFT
[2024-09-15 23:30:48,405] {task_command.py:370} INFO - Running <TaskInstance: BRONZER_GET_STONCKS.BRONZE_STONCKS_MSFT scheduled__2024-02-06T00:00:00+00:00 [running]> on host kaiwang.
[2024-09-15 23:30:48,444] {taskinstance.py:1569} INFO - Exporting the following env vars:
AIRFLOW_CTX_DAG_OWNER=airflow
AIRFLOW_CTX_DAG_ID=BRONZER_GET_STONCKS
AIRFLOW_CTX_TASK_ID=BRONZE_STONCKS_MSFT
AIRFLOW_CTX_EXECUTION_DATE=2024-02-06T00:00:00+00:00
AIRFLOW_CTX_TRY_NUMBER=1
AIRFLOW_CTX_DAG_RUN_ID=scheduled__2024-02-06T00:00:00+00:00
[2024-09-15 23:30:51,698] {history.py:244} ERROR - $MSFT: possibly delisted; no price data found  (1h 2024-02-03 -> 2024-01-03) (Yahoo error = "Invalid input - start date cannot be after end date. startDate = 1706936400, endDate = 1704258000")
[2024-09-15 23:30:51,700] {python.py:173} INFO - Done. Returned value was: None
[2024-09-15 23:30:51,705] {taskinstance.py:1395} INFO - Marking task as SUCCESS. dag_id=BRONZER_GET_STONCKS, task_id=BRONZE_STONCKS_MSFT, execution_date=20240206T000000, start_date=20240916T023048, end_date=20240916T023051
[2024-09-15 23:30:51,729] {local_task_job.py:156} INFO - Task exited with return code 0
[2024-09-15 23:30:51,754] {local_task_job.py:273} INFO - 0 downstream tasks scheduled from follow-on schedule check
[2024-09-16 00:03:47,139] {taskinstance.py:1159} INFO - Dependencies all met for <TaskInstance: BRONZER_GET_STONCKS.BRONZE_STONCKS_MSFT scheduled__2024-02-06T00:00:00+00:00 [queued]>
[2024-09-16 00:03:47,182] {taskinstance.py:1159} INFO - Dependencies all met for <TaskInstance: BRONZER_GET_STONCKS.BRONZE_STONCKS_MSFT scheduled__2024-02-06T00:00:00+00:00 [queued]>
[2024-09-16 00:03:47,182] {taskinstance.py:1356} INFO - 
--------------------------------------------------------------------------------
[2024-09-16 00:03:47,182] {taskinstance.py:1357} INFO - Starting attempt 1 of 1
[2024-09-16 00:03:47,183] {taskinstance.py:1358} INFO - 
--------------------------------------------------------------------------------
[2024-09-16 00:03:47,271] {taskinstance.py:1377} INFO - Executing <Task(_PythonDecoratedOperator): BRONZE_STONCKS_MSFT> on 2024-02-06 00:00:00+00:00
[2024-09-16 00:03:47,278] {standard_task_runner.py:52} INFO - Started process 21487 to run task
[2024-09-16 00:03:47,306] {standard_task_runner.py:79} INFO - Running: ['airflow', 'tasks', 'run', 'BRONZER_GET_STONCKS', 'BRONZE_STONCKS_MSFT', 'scheduled__2024-02-06T00:00:00+00:00', '--job-id', '199', '--raw', '--subdir', 'DAGS_FOLDER/get_stocks.py', '--cfg-path', '/tmp/tmp48zdt35k', '--error-file', '/tmp/tmpo2o5mgsy']
[2024-09-16 00:03:47,307] {standard_task_runner.py:80} INFO - Job 199: Subtask BRONZE_STONCKS_MSFT
[2024-09-16 00:03:47,603] {task_command.py:370} INFO - Running <TaskInstance: BRONZER_GET_STONCKS.BRONZE_STONCKS_MSFT scheduled__2024-02-06T00:00:00+00:00 [running]> on host kaiwang.
[2024-09-16 00:03:48,172] {taskinstance.py:1569} INFO - Exporting the following env vars:
AIRFLOW_CTX_DAG_OWNER=airflow
AIRFLOW_CTX_DAG_ID=BRONZER_GET_STONCKS
AIRFLOW_CTX_TASK_ID=BRONZE_STONCKS_MSFT
AIRFLOW_CTX_EXECUTION_DATE=2024-02-06T00:00:00+00:00
AIRFLOW_CTX_TRY_NUMBER=1
AIRFLOW_CTX_DAG_RUN_ID=scheduled__2024-02-06T00:00:00+00:00
[2024-09-16 00:03:49,085] {python.py:173} INFO - Done. Returned value was: None
[2024-09-16 00:03:49,214] {taskinstance.py:1395} INFO - Marking task as SUCCESS. dag_id=BRONZER_GET_STONCKS, task_id=BRONZE_STONCKS_MSFT, execution_date=20240206T000000, start_date=20240916T030347, end_date=20240916T030349
[2024-09-16 00:03:49,281] {local_task_job.py:156} INFO - Task exited with return code 0
[2024-09-16 00:03:49,456] {local_task_job.py:273} INFO - 0 downstream tasks scheduled from follow-on schedule check
[2024-09-16 00:13:25,111] {taskinstance.py:1159} INFO - Dependencies all met for <TaskInstance: BRONZER_GET_STONCKS.BRONZE_STONCKS_MSFT scheduled__2024-02-06T00:00:00+00:00 [queued]>
[2024-09-16 00:13:25,142] {taskinstance.py:1159} INFO - Dependencies all met for <TaskInstance: BRONZER_GET_STONCKS.BRONZE_STONCKS_MSFT scheduled__2024-02-06T00:00:00+00:00 [queued]>
[2024-09-16 00:13:25,142] {taskinstance.py:1356} INFO - 
--------------------------------------------------------------------------------
[2024-09-16 00:13:25,142] {taskinstance.py:1357} INFO - Starting attempt 1 of 1
[2024-09-16 00:13:25,142] {taskinstance.py:1358} INFO - 
--------------------------------------------------------------------------------
[2024-09-16 00:13:25,163] {taskinstance.py:1377} INFO - Executing <Task(_PythonDecoratedOperator): BRONZE_STONCKS_MSFT> on 2024-02-06 00:00:00+00:00
[2024-09-16 00:13:25,168] {standard_task_runner.py:52} INFO - Started process 47041 to run task
[2024-09-16 00:13:25,184] {standard_task_runner.py:79} INFO - Running: ['airflow', 'tasks', 'run', 'BRONZER_GET_STONCKS', 'BRONZE_STONCKS_MSFT', 'scheduled__2024-02-06T00:00:00+00:00', '--job-id', '1674', '--raw', '--subdir', 'DAGS_FOLDER/get_stocks.py', '--cfg-path', '/tmp/tmp1khwmux3', '--error-file', '/tmp/tmpkt7j1eiy']
[2024-09-16 00:13:25,185] {standard_task_runner.py:80} INFO - Job 1674: Subtask BRONZE_STONCKS_MSFT
[2024-09-16 00:13:25,408] {task_command.py:370} INFO - Running <TaskInstance: BRONZER_GET_STONCKS.BRONZE_STONCKS_MSFT scheduled__2024-02-06T00:00:00+00:00 [running]> on host kaiwang.
[2024-09-16 00:13:26,084] {taskinstance.py:1569} INFO - Exporting the following env vars:
AIRFLOW_CTX_DAG_OWNER=airflow
AIRFLOW_CTX_DAG_ID=BRONZER_GET_STONCKS
AIRFLOW_CTX_TASK_ID=BRONZE_STONCKS_MSFT
AIRFLOW_CTX_EXECUTION_DATE=2024-02-06T00:00:00+00:00
AIRFLOW_CTX_TRY_NUMBER=1
AIRFLOW_CTX_DAG_RUN_ID=scheduled__2024-02-06T00:00:00+00:00
[2024-09-16 00:13:26,702] {python.py:173} INFO - Done. Returned value was: None
[2024-09-16 00:13:26,743] {taskinstance.py:1395} INFO - Marking task as SUCCESS. dag_id=BRONZER_GET_STONCKS, task_id=BRONZE_STONCKS_MSFT, execution_date=20240206T000000, start_date=20240916T031325, end_date=20240916T031326
[2024-09-16 00:13:26,780] {local_task_job.py:156} INFO - Task exited with return code 0
[2024-09-16 00:13:26,836] {local_task_job.py:273} INFO - 0 downstream tasks scheduled from follow-on schedule check
[2024-09-16 00:14:59,507] {taskinstance.py:1159} INFO - Dependencies all met for <TaskInstance: BRONZER_GET_STONCKS.BRONZE_STONCKS_MSFT scheduled__2024-02-06T00:00:00+00:00 [queued]>
[2024-09-16 00:14:59,549] {taskinstance.py:1159} INFO - Dependencies all met for <TaskInstance: BRONZER_GET_STONCKS.BRONZE_STONCKS_MSFT scheduled__2024-02-06T00:00:00+00:00 [queued]>
[2024-09-16 00:14:59,550] {taskinstance.py:1356} INFO - 
--------------------------------------------------------------------------------
[2024-09-16 00:14:59,550] {taskinstance.py:1357} INFO - Starting attempt 1 of 1
[2024-09-16 00:14:59,550] {taskinstance.py:1358} INFO - 
--------------------------------------------------------------------------------
[2024-09-16 00:14:59,588] {taskinstance.py:1377} INFO - Executing <Task(_PythonDecoratedOperator): BRONZE_STONCKS_MSFT> on 2024-02-06 00:00:00+00:00
[2024-09-16 00:14:59,604] {standard_task_runner.py:52} INFO - Started process 52458 to run task
[2024-09-16 00:14:59,621] {standard_task_runner.py:79} INFO - Running: ['airflow', 'tasks', 'run', 'BRONZER_GET_STONCKS', 'BRONZE_STONCKS_MSFT', 'scheduled__2024-02-06T00:00:00+00:00', '--job-id', '1984', '--raw', '--subdir', 'DAGS_FOLDER/get_stocks.py', '--cfg-path', '/tmp/tmph7tl06v6', '--error-file', '/tmp/tmpzfl9pc7k']
[2024-09-16 00:14:59,622] {standard_task_runner.py:80} INFO - Job 1984: Subtask BRONZE_STONCKS_MSFT
[2024-09-16 00:14:59,932] {task_command.py:370} INFO - Running <TaskInstance: BRONZER_GET_STONCKS.BRONZE_STONCKS_MSFT scheduled__2024-02-06T00:00:00+00:00 [running]> on host kaiwang.
[2024-09-16 00:15:00,242] {taskinstance.py:1569} INFO - Exporting the following env vars:
AIRFLOW_CTX_DAG_OWNER=airflow
AIRFLOW_CTX_DAG_ID=BRONZER_GET_STONCKS
AIRFLOW_CTX_TASK_ID=BRONZE_STONCKS_MSFT
AIRFLOW_CTX_EXECUTION_DATE=2024-02-06T00:00:00+00:00
AIRFLOW_CTX_TRY_NUMBER=1
AIRFLOW_CTX_DAG_RUN_ID=scheduled__2024-02-06T00:00:00+00:00
[2024-09-16 00:15:00,890] {python.py:173} INFO - Done. Returned value was: None
[2024-09-16 00:15:00,927] {taskinstance.py:1395} INFO - Marking task as SUCCESS. dag_id=BRONZER_GET_STONCKS, task_id=BRONZE_STONCKS_MSFT, execution_date=20240206T000000, start_date=20240916T031459, end_date=20240916T031500
[2024-09-16 00:15:01,004] {local_task_job.py:156} INFO - Task exited with return code 0
[2024-09-16 00:15:01,247] {local_task_job.py:273} INFO - 0 downstream tasks scheduled from follow-on schedule check
