[2024-09-16 00:05:48,248] {taskinstance.py:1159} INFO - Dependencies all met for <TaskInstance: BRONZER_GET_CRIPTOS.BRONZE_CRIPTO_AVAX scheduled__2024-05-02T00:00:00+00:00 [queued]>
[2024-09-16 00:05:48,267] {taskinstance.py:1159} INFO - Dependencies all met for <TaskInstance: BRONZER_GET_CRIPTOS.BRONZE_CRIPTO_AVAX scheduled__2024-05-02T00:00:00+00:00 [queued]>
[2024-09-16 00:05:48,267] {taskinstance.py:1356} INFO - 
--------------------------------------------------------------------------------
[2024-09-16 00:05:48,267] {taskinstance.py:1357} INFO - Starting attempt 1 of 1
[2024-09-16 00:05:48,267] {taskinstance.py:1358} INFO - 
--------------------------------------------------------------------------------
[2024-09-16 00:05:48,392] {taskinstance.py:1377} INFO - Executing <Task(_PythonDecoratedOperator): BRONZE_CRIPTO_AVAX> on 2024-05-02 00:00:00+00:00
[2024-09-16 00:05:48,401] {standard_task_runner.py:52} INFO - Started process 31114 to run task
[2024-09-16 00:05:48,443] {standard_task_runner.py:79} INFO - Running: ['airflow', 'tasks', 'run', 'BRONZER_GET_CRIPTOS', 'BRONZE_CRIPTO_AVAX', 'scheduled__2024-05-02T00:00:00+00:00', '--job-id', '763', '--raw', '--subdir', 'DAGS_FOLDER/get_cripto.py', '--cfg-path', '/tmp/tmpvo2dwxmt', '--error-file', '/tmp/tmpxb91dqdl']
[2024-09-16 00:05:48,445] {standard_task_runner.py:80} INFO - Job 763: Subtask BRONZE_CRIPTO_AVAX
[2024-09-16 00:05:48,618] {task_command.py:370} INFO - Running <TaskInstance: BRONZER_GET_CRIPTOS.BRONZE_CRIPTO_AVAX scheduled__2024-05-02T00:00:00+00:00 [running]> on host kaiwang.
[2024-09-16 00:05:48,881] {taskinstance.py:1569} INFO - Exporting the following env vars:
AIRFLOW_CTX_DAG_OWNER=airflow
AIRFLOW_CTX_DAG_ID=BRONZER_GET_CRIPTOS
AIRFLOW_CTX_TASK_ID=BRONZE_CRIPTO_AVAX
AIRFLOW_CTX_EXECUTION_DATE=2024-05-02T00:00:00+00:00
AIRFLOW_CTX_TRY_NUMBER=1
AIRFLOW_CTX_DAG_RUN_ID=scheduled__2024-05-02T00:00:00+00:00
[2024-09-16 00:05:51,340] {history.py:122} ERROR - $AVAX: possibly delisted; no timezone found
[2024-09-16 00:05:51,348] {python.py:173} INFO - Done. Returned value was: None
[2024-09-16 00:05:51,410] {taskinstance.py:1395} INFO - Marking task as SUCCESS. dag_id=BRONZER_GET_CRIPTOS, task_id=BRONZE_CRIPTO_AVAX, execution_date=20240502T000000, start_date=20240916T030548, end_date=20240916T030551
[2024-09-16 00:05:51,497] {local_task_job.py:156} INFO - Task exited with return code 0
[2024-09-16 00:05:51,651] {local_task_job.py:273} INFO - 0 downstream tasks scheduled from follow-on schedule check
