[2024-09-16 00:04:20,391] {taskinstance.py:1159} INFO - Dependencies all met for <TaskInstance: BRONZER_GET_STONCKS.BRONZE_STONCKS_AAPL scheduled__2024-03-05T00:00:00+00:00 [queued]>
[2024-09-16 00:04:20,407] {taskinstance.py:1159} INFO - Dependencies all met for <TaskInstance: BRONZER_GET_STONCKS.BRONZE_STONCKS_AAPL scheduled__2024-03-05T00:00:00+00:00 [queued]>
[2024-09-16 00:04:20,407] {taskinstance.py:1356} INFO - 
--------------------------------------------------------------------------------
[2024-09-16 00:04:20,407] {taskinstance.py:1357} INFO - Starting attempt 1 of 1
[2024-09-16 00:04:20,407] {taskinstance.py:1358} INFO - 
--------------------------------------------------------------------------------
[2024-09-16 00:04:20,429] {taskinstance.py:1377} INFO - Executing <Task(_PythonDecoratedOperator): BRONZE_STONCKS_AAPL> on 2024-03-05 00:00:00+00:00
[2024-09-16 00:04:20,434] {standard_task_runner.py:52} INFO - Started process 24123 to run task
[2024-09-16 00:04:20,439] {standard_task_runner.py:79} INFO - Running: ['airflow', 'tasks', 'run', 'BRONZER_GET_STONCKS', 'BRONZE_STONCKS_AAPL', 'scheduled__2024-03-05T00:00:00+00:00', '--job-id', '353', '--raw', '--subdir', 'DAGS_FOLDER/get_stocks.py', '--cfg-path', '/tmp/tmpt183vnys', '--error-file', '/tmp/tmpky8pljy3']
[2024-09-16 00:04:20,440] {standard_task_runner.py:80} INFO - Job 353: Subtask BRONZE_STONCKS_AAPL
[2024-09-16 00:04:20,544] {task_command.py:370} INFO - Running <TaskInstance: BRONZER_GET_STONCKS.BRONZE_STONCKS_AAPL scheduled__2024-03-05T00:00:00+00:00 [running]> on host kaiwang.
[2024-09-16 00:04:20,645] {taskinstance.py:1569} INFO - Exporting the following env vars:
AIRFLOW_CTX_DAG_OWNER=airflow
AIRFLOW_CTX_DAG_ID=BRONZER_GET_STONCKS
AIRFLOW_CTX_TASK_ID=BRONZE_STONCKS_AAPL
AIRFLOW_CTX_EXECUTION_DATE=2024-03-05T00:00:00+00:00
AIRFLOW_CTX_TRY_NUMBER=1
AIRFLOW_CTX_DAG_RUN_ID=scheduled__2024-03-05T00:00:00+00:00
[2024-09-16 00:04:21,669] {python.py:173} INFO - Done. Returned value was: None
[2024-09-16 00:04:21,744] {taskinstance.py:1395} INFO - Marking task as SUCCESS. dag_id=BRONZER_GET_STONCKS, task_id=BRONZE_STONCKS_AAPL, execution_date=20240305T000000, start_date=20240916T030420, end_date=20240916T030421
[2024-09-16 00:04:21,782] {local_task_job.py:156} INFO - Task exited with return code 0
[2024-09-16 00:04:21,953] {local_task_job.py:273} INFO - 0 downstream tasks scheduled from follow-on schedule check
[2024-09-16 00:15:29,937] {taskinstance.py:1159} INFO - Dependencies all met for <TaskInstance: BRONZER_GET_STONCKS.BRONZE_STONCKS_AAPL scheduled__2024-03-05T00:00:00+00:00 [queued]>
[2024-09-16 00:15:29,967] {taskinstance.py:1159} INFO - Dependencies all met for <TaskInstance: BRONZER_GET_STONCKS.BRONZE_STONCKS_AAPL scheduled__2024-03-05T00:00:00+00:00 [queued]>
[2024-09-16 00:15:29,967] {taskinstance.py:1356} INFO - 
--------------------------------------------------------------------------------
[2024-09-16 00:15:29,967] {taskinstance.py:1357} INFO - Starting attempt 1 of 1
[2024-09-16 00:15:29,967] {taskinstance.py:1358} INFO - 
--------------------------------------------------------------------------------
[2024-09-16 00:15:30,064] {taskinstance.py:1377} INFO - Executing <Task(_PythonDecoratedOperator): BRONZE_STONCKS_AAPL> on 2024-03-05 00:00:00+00:00
[2024-09-16 00:15:30,111] {standard_task_runner.py:52} INFO - Started process 54926 to run task
[2024-09-16 00:15:30,141] {standard_task_runner.py:79} INFO - Running: ['airflow', 'tasks', 'run', 'BRONZER_GET_STONCKS', 'BRONZE_STONCKS_AAPL', 'scheduled__2024-03-05T00:00:00+00:00', '--job-id', '2122', '--raw', '--subdir', 'DAGS_FOLDER/get_stocks.py', '--cfg-path', '/tmp/tmpg0x01n6c', '--error-file', '/tmp/tmptdm7xa79']
[2024-09-16 00:15:30,143] {standard_task_runner.py:80} INFO - Job 2122: Subtask BRONZE_STONCKS_AAPL
[2024-09-16 00:15:30,486] {task_command.py:370} INFO - Running <TaskInstance: BRONZER_GET_STONCKS.BRONZE_STONCKS_AAPL scheduled__2024-03-05T00:00:00+00:00 [running]> on host kaiwang.
[2024-09-16 00:15:30,826] {taskinstance.py:1569} INFO - Exporting the following env vars:
AIRFLOW_CTX_DAG_OWNER=airflow
AIRFLOW_CTX_DAG_ID=BRONZER_GET_STONCKS
AIRFLOW_CTX_TASK_ID=BRONZE_STONCKS_AAPL
AIRFLOW_CTX_EXECUTION_DATE=2024-03-05T00:00:00+00:00
AIRFLOW_CTX_TRY_NUMBER=1
AIRFLOW_CTX_DAG_RUN_ID=scheduled__2024-03-05T00:00:00+00:00
[2024-09-16 00:15:31,382] {python.py:173} INFO - Done. Returned value was: None
[2024-09-16 00:15:31,403] {taskinstance.py:1395} INFO - Marking task as SUCCESS. dag_id=BRONZER_GET_STONCKS, task_id=BRONZE_STONCKS_AAPL, execution_date=20240305T000000, start_date=20240916T031529, end_date=20240916T031531
[2024-09-16 00:15:31,446] {local_task_job.py:156} INFO - Task exited with return code 0
[2024-09-16 00:15:31,506] {local_task_job.py:273} INFO - 0 downstream tasks scheduled from follow-on schedule check
