[2024-09-16 00:04:18,082] {taskinstance.py:1159} INFO - Dependencies all met for <TaskInstance: BRONZER_GET_STONCKS.BRONZE_STONCKS_TSLA scheduled__2024-03-01T00:00:00+00:00 [queued]>
[2024-09-16 00:04:18,105] {taskinstance.py:1159} INFO - Dependencies all met for <TaskInstance: BRONZER_GET_STONCKS.BRONZE_STONCKS_TSLA scheduled__2024-03-01T00:00:00+00:00 [queued]>
[2024-09-16 00:04:18,105] {taskinstance.py:1356} INFO - 
--------------------------------------------------------------------------------
[2024-09-16 00:04:18,105] {taskinstance.py:1357} INFO - Starting attempt 1 of 1
[2024-09-16 00:04:18,105] {taskinstance.py:1358} INFO - 
--------------------------------------------------------------------------------
[2024-09-16 00:04:18,128] {taskinstance.py:1377} INFO - Executing <Task(_PythonDecoratedOperator): BRONZE_STONCKS_TSLA> on 2024-03-01 00:00:00+00:00
[2024-09-16 00:04:18,134] {standard_task_runner.py:52} INFO - Started process 23919 to run task
[2024-09-16 00:04:18,164] {standard_task_runner.py:79} INFO - Running: ['airflow', 'tasks', 'run', 'BRONZER_GET_STONCKS', 'BRONZE_STONCKS_TSLA', 'scheduled__2024-03-01T00:00:00+00:00', '--job-id', '339', '--raw', '--subdir', 'DAGS_FOLDER/get_stocks.py', '--cfg-path', '/tmp/tmpztlj7rok', '--error-file', '/tmp/tmp1ktvyvg9']
[2024-09-16 00:04:18,165] {standard_task_runner.py:80} INFO - Job 339: Subtask BRONZE_STONCKS_TSLA
[2024-09-16 00:04:18,415] {task_command.py:370} INFO - Running <TaskInstance: BRONZER_GET_STONCKS.BRONZE_STONCKS_TSLA scheduled__2024-03-01T00:00:00+00:00 [running]> on host kaiwang.
[2024-09-16 00:04:18,665] {taskinstance.py:1569} INFO - Exporting the following env vars:
AIRFLOW_CTX_DAG_OWNER=airflow
AIRFLOW_CTX_DAG_ID=BRONZER_GET_STONCKS
AIRFLOW_CTX_TASK_ID=BRONZE_STONCKS_TSLA
AIRFLOW_CTX_EXECUTION_DATE=2024-03-01T00:00:00+00:00
AIRFLOW_CTX_TRY_NUMBER=1
AIRFLOW_CTX_DAG_RUN_ID=scheduled__2024-03-01T00:00:00+00:00
[2024-09-16 00:04:19,467] {python.py:173} INFO - Done. Returned value was: None
[2024-09-16 00:04:19,505] {taskinstance.py:1395} INFO - Marking task as SUCCESS. dag_id=BRONZER_GET_STONCKS, task_id=BRONZE_STONCKS_TSLA, execution_date=20240301T000000, start_date=20240916T030418, end_date=20240916T030419
[2024-09-16 00:04:19,530] {local_task_job.py:156} INFO - Task exited with return code 0
[2024-09-16 00:04:19,583] {local_task_job.py:273} INFO - 0 downstream tasks scheduled from follow-on schedule check
[2024-09-16 00:15:25,445] {taskinstance.py:1159} INFO - Dependencies all met for <TaskInstance: BRONZER_GET_STONCKS.BRONZE_STONCKS_TSLA scheduled__2024-03-01T00:00:00+00:00 [queued]>
[2024-09-16 00:15:25,456] {taskinstance.py:1159} INFO - Dependencies all met for <TaskInstance: BRONZER_GET_STONCKS.BRONZE_STONCKS_TSLA scheduled__2024-03-01T00:00:00+00:00 [queued]>
[2024-09-16 00:15:25,456] {taskinstance.py:1356} INFO - 
--------------------------------------------------------------------------------
[2024-09-16 00:15:25,457] {taskinstance.py:1357} INFO - Starting attempt 1 of 1
[2024-09-16 00:15:25,457] {taskinstance.py:1358} INFO - 
--------------------------------------------------------------------------------
[2024-09-16 00:15:25,471] {taskinstance.py:1377} INFO - Executing <Task(_PythonDecoratedOperator): BRONZE_STONCKS_TSLA> on 2024-03-01 00:00:00+00:00
[2024-09-16 00:15:25,477] {standard_task_runner.py:52} INFO - Started process 54580 to run task
[2024-09-16 00:15:25,490] {standard_task_runner.py:79} INFO - Running: ['airflow', 'tasks', 'run', 'BRONZER_GET_STONCKS', 'BRONZE_STONCKS_TSLA', 'scheduled__2024-03-01T00:00:00+00:00', '--job-id', '2111', '--raw', '--subdir', 'DAGS_FOLDER/get_stocks.py', '--cfg-path', '/tmp/tmprf8jc2to', '--error-file', '/tmp/tmpe9h5yq_k']
[2024-09-16 00:15:25,490] {standard_task_runner.py:80} INFO - Job 2111: Subtask BRONZE_STONCKS_TSLA
[2024-09-16 00:15:25,598] {task_command.py:370} INFO - Running <TaskInstance: BRONZER_GET_STONCKS.BRONZE_STONCKS_TSLA scheduled__2024-03-01T00:00:00+00:00 [running]> on host kaiwang.
[2024-09-16 00:15:25,713] {taskinstance.py:1569} INFO - Exporting the following env vars:
AIRFLOW_CTX_DAG_OWNER=airflow
AIRFLOW_CTX_DAG_ID=BRONZER_GET_STONCKS
AIRFLOW_CTX_TASK_ID=BRONZE_STONCKS_TSLA
AIRFLOW_CTX_EXECUTION_DATE=2024-03-01T00:00:00+00:00
AIRFLOW_CTX_TRY_NUMBER=1
AIRFLOW_CTX_DAG_RUN_ID=scheduled__2024-03-01T00:00:00+00:00
[2024-09-16 00:15:26,693] {python.py:173} INFO - Done. Returned value was: None
[2024-09-16 00:15:26,725] {taskinstance.py:1395} INFO - Marking task as SUCCESS. dag_id=BRONZER_GET_STONCKS, task_id=BRONZE_STONCKS_TSLA, execution_date=20240301T000000, start_date=20240916T031525, end_date=20240916T031526
[2024-09-16 00:15:26,747] {local_task_job.py:156} INFO - Task exited with return code 0
[2024-09-16 00:15:26,812] {local_task_job.py:273} INFO - 0 downstream tasks scheduled from follow-on schedule check
