[2024-09-16 00:07:48,103] {taskinstance.py:1159} INFO - Dependencies all met for <TaskInstance: BRONZER_GET_STONCKS.BRONZE_STONCKS_GOOG scheduled__2024-09-10T00:00:00+00:00 [queued]>
[2024-09-16 00:07:48,142] {taskinstance.py:1159} INFO - Dependencies all met for <TaskInstance: BRONZER_GET_STONCKS.BRONZE_STONCKS_GOOG scheduled__2024-09-10T00:00:00+00:00 [queued]>
[2024-09-16 00:07:48,142] {taskinstance.py:1356} INFO - 
--------------------------------------------------------------------------------
[2024-09-16 00:07:48,142] {taskinstance.py:1357} INFO - Starting attempt 1 of 1
[2024-09-16 00:07:48,142] {taskinstance.py:1358} INFO - 
--------------------------------------------------------------------------------
[2024-09-16 00:07:48,202] {taskinstance.py:1377} INFO - Executing <Task(_PythonDecoratedOperator): BRONZE_STONCKS_GOOG> on 2024-09-10 00:00:00+00:00
[2024-09-16 00:07:48,210] {standard_task_runner.py:52} INFO - Started process 40936 to run task
[2024-09-16 00:07:48,243] {standard_task_runner.py:79} INFO - Running: ['airflow', 'tasks', 'run', 'BRONZER_GET_STONCKS', 'BRONZE_STONCKS_GOOG', 'scheduled__2024-09-10T00:00:00+00:00', '--job-id', '1332', '--raw', '--subdir', 'DAGS_FOLDER/get_stocks.py', '--cfg-path', '/tmp/tmpbmc5hiqp', '--error-file', '/tmp/tmpf6zbs2r5']
[2024-09-16 00:07:48,244] {standard_task_runner.py:80} INFO - Job 1332: Subtask BRONZE_STONCKS_GOOG
[2024-09-16 00:07:48,523] {task_command.py:370} INFO - Running <TaskInstance: BRONZER_GET_STONCKS.BRONZE_STONCKS_GOOG scheduled__2024-09-10T00:00:00+00:00 [running]> on host kaiwang.
[2024-09-16 00:07:48,764] {taskinstance.py:1569} INFO - Exporting the following env vars:
AIRFLOW_CTX_DAG_OWNER=airflow
AIRFLOW_CTX_DAG_ID=BRONZER_GET_STONCKS
AIRFLOW_CTX_TASK_ID=BRONZE_STONCKS_GOOG
AIRFLOW_CTX_EXECUTION_DATE=2024-09-10T00:00:00+00:00
AIRFLOW_CTX_TRY_NUMBER=1
AIRFLOW_CTX_DAG_RUN_ID=scheduled__2024-09-10T00:00:00+00:00
[2024-09-16 00:07:49,343] {python.py:173} INFO - Done. Returned value was: None
[2024-09-16 00:07:49,507] {taskinstance.py:1395} INFO - Marking task as SUCCESS. dag_id=BRONZER_GET_STONCKS, task_id=BRONZE_STONCKS_GOOG, execution_date=20240910T000000, start_date=20240916T030748, end_date=20240916T030749
[2024-09-16 00:07:49,582] {local_task_job.py:156} INFO - Task exited with return code 0
[2024-09-16 00:07:49,751] {local_task_job.py:273} INFO - 0 downstream tasks scheduled from follow-on schedule check
[2024-09-16 13:56:44,198] {taskinstance.py:1159} INFO - Dependencies all met for <TaskInstance: BRONZER_GET_STONCKS.BRONZE_STONCKS_GOOG scheduled__2024-09-10T00:00:00+00:00 [queued]>
[2024-09-16 13:56:44,213] {taskinstance.py:1159} INFO - Dependencies all met for <TaskInstance: BRONZER_GET_STONCKS.BRONZE_STONCKS_GOOG scheduled__2024-09-10T00:00:00+00:00 [queued]>
[2024-09-16 13:56:44,213] {taskinstance.py:1356} INFO - 
--------------------------------------------------------------------------------
[2024-09-16 13:56:44,213] {taskinstance.py:1357} INFO - Starting attempt 1 of 1
[2024-09-16 13:56:44,213] {taskinstance.py:1358} INFO - 
--------------------------------------------------------------------------------
[2024-09-16 13:56:44,230] {taskinstance.py:1377} INFO - Executing <Task(_PythonDecoratedOperator): BRONZE_STONCKS_GOOG> on 2024-09-10 00:00:00+00:00
[2024-09-16 13:56:44,236] {standard_task_runner.py:52} INFO - Started process 140426 to run task
[2024-09-16 13:56:44,240] {standard_task_runner.py:79} INFO - Running: ['airflow', 'tasks', 'run', 'BRONZER_GET_STONCKS', 'BRONZE_STONCKS_GOOG', 'scheduled__2024-09-10T00:00:00+00:00', '--job-id', '2648', '--raw', '--subdir', 'DAGS_FOLDER/get_stocks.py', '--cfg-path', '/tmp/tmptglzcl1s', '--error-file', '/tmp/tmpw776w4y4']
[2024-09-16 13:56:44,241] {standard_task_runner.py:80} INFO - Job 2648: Subtask BRONZE_STONCKS_GOOG
[2024-09-16 13:56:44,317] {task_command.py:370} INFO - Running <TaskInstance: BRONZER_GET_STONCKS.BRONZE_STONCKS_GOOG scheduled__2024-09-10T00:00:00+00:00 [running]> on host kaiwang.
[2024-09-16 13:56:44,529] {taskinstance.py:1569} INFO - Exporting the following env vars:
AIRFLOW_CTX_DAG_OWNER=airflow
AIRFLOW_CTX_DAG_ID=BRONZER_GET_STONCKS
AIRFLOW_CTX_TASK_ID=BRONZE_STONCKS_GOOG
AIRFLOW_CTX_EXECUTION_DATE=2024-09-10T00:00:00+00:00
AIRFLOW_CTX_TRY_NUMBER=1
AIRFLOW_CTX_DAG_RUN_ID=scheduled__2024-09-10T00:00:00+00:00
[2024-09-16 13:56:45,674] {python.py:173} INFO - Done. Returned value was: None
[2024-09-16 13:56:45,700] {taskinstance.py:1395} INFO - Marking task as SUCCESS. dag_id=BRONZER_GET_STONCKS, task_id=BRONZE_STONCKS_GOOG, execution_date=20240910T000000, start_date=20240916T165644, end_date=20240916T165645
[2024-09-16 13:56:45,736] {local_task_job.py:156} INFO - Task exited with return code 0
[2024-09-16 13:56:45,781] {local_task_job.py:273} INFO - 0 downstream tasks scheduled from follow-on schedule check
