[2024-09-16 00:04:38,947] {taskinstance.py:1159} INFO - Dependencies all met for <TaskInstance: BRONZER_GET_STONCKS.BRONZE_STONCKS_MSFT scheduled__2024-03-21T00:00:00+00:00 [queued]>
[2024-09-16 00:04:38,961] {taskinstance.py:1159} INFO - Dependencies all met for <TaskInstance: BRONZER_GET_STONCKS.BRONZE_STONCKS_MSFT scheduled__2024-03-21T00:00:00+00:00 [queued]>
[2024-09-16 00:04:38,961] {taskinstance.py:1356} INFO - 
--------------------------------------------------------------------------------
[2024-09-16 00:04:38,961] {taskinstance.py:1357} INFO - Starting attempt 1 of 1
[2024-09-16 00:04:38,962] {taskinstance.py:1358} INFO - 
--------------------------------------------------------------------------------
[2024-09-16 00:04:38,988] {taskinstance.py:1377} INFO - Executing <Task(_PythonDecoratedOperator): BRONZE_STONCKS_MSFT> on 2024-03-21 00:00:00+00:00
[2024-09-16 00:04:38,992] {standard_task_runner.py:52} INFO - Started process 25685 to run task
[2024-09-16 00:04:39,000] {standard_task_runner.py:79} INFO - Running: ['airflow', 'tasks', 'run', 'BRONZER_GET_STONCKS', 'BRONZE_STONCKS_MSFT', 'scheduled__2024-03-21T00:00:00+00:00', '--job-id', '449', '--raw', '--subdir', 'DAGS_FOLDER/get_stocks.py', '--cfg-path', '/tmp/tmpddqhb0jj', '--error-file', '/tmp/tmpblav5q_t']
[2024-09-16 00:04:39,004] {standard_task_runner.py:80} INFO - Job 449: Subtask BRONZE_STONCKS_MSFT
[2024-09-16 00:04:39,162] {task_command.py:370} INFO - Running <TaskInstance: BRONZER_GET_STONCKS.BRONZE_STONCKS_MSFT scheduled__2024-03-21T00:00:00+00:00 [running]> on host kaiwang.
[2024-09-16 00:04:39,310] {taskinstance.py:1569} INFO - Exporting the following env vars:
AIRFLOW_CTX_DAG_OWNER=airflow
AIRFLOW_CTX_DAG_ID=BRONZER_GET_STONCKS
AIRFLOW_CTX_TASK_ID=BRONZE_STONCKS_MSFT
AIRFLOW_CTX_EXECUTION_DATE=2024-03-21T00:00:00+00:00
AIRFLOW_CTX_TRY_NUMBER=1
AIRFLOW_CTX_DAG_RUN_ID=scheduled__2024-03-21T00:00:00+00:00
[2024-09-16 00:04:40,230] {python.py:173} INFO - Done. Returned value was: None
[2024-09-16 00:04:40,250] {taskinstance.py:1395} INFO - Marking task as SUCCESS. dag_id=BRONZER_GET_STONCKS, task_id=BRONZE_STONCKS_MSFT, execution_date=20240321T000000, start_date=20240916T030438, end_date=20240916T030440
[2024-09-16 00:04:40,298] {local_task_job.py:156} INFO - Task exited with return code 0
[2024-09-16 00:04:40,343] {local_task_job.py:273} INFO - 0 downstream tasks scheduled from follow-on schedule check
[2024-09-16 00:15:48,262] {taskinstance.py:1159} INFO - Dependencies all met for <TaskInstance: BRONZER_GET_STONCKS.BRONZE_STONCKS_MSFT scheduled__2024-03-21T00:00:00+00:00 [queued]>
[2024-09-16 00:15:48,297] {taskinstance.py:1159} INFO - Dependencies all met for <TaskInstance: BRONZER_GET_STONCKS.BRONZE_STONCKS_MSFT scheduled__2024-03-21T00:00:00+00:00 [queued]>
[2024-09-16 00:15:48,297] {taskinstance.py:1356} INFO - 
--------------------------------------------------------------------------------
[2024-09-16 00:15:48,297] {taskinstance.py:1357} INFO - Starting attempt 1 of 1
[2024-09-16 00:15:48,297] {taskinstance.py:1358} INFO - 
--------------------------------------------------------------------------------
[2024-09-16 00:15:48,373] {taskinstance.py:1377} INFO - Executing <Task(_PythonDecoratedOperator): BRONZE_STONCKS_MSFT> on 2024-03-21 00:00:00+00:00
[2024-09-16 00:15:48,379] {standard_task_runner.py:52} INFO - Started process 56491 to run task
[2024-09-16 00:15:48,406] {standard_task_runner.py:79} INFO - Running: ['airflow', 'tasks', 'run', 'BRONZER_GET_STONCKS', 'BRONZE_STONCKS_MSFT', 'scheduled__2024-03-21T00:00:00+00:00', '--job-id', '2217', '--raw', '--subdir', 'DAGS_FOLDER/get_stocks.py', '--cfg-path', '/tmp/tmp38r0t6kt', '--error-file', '/tmp/tmpfjpdbloe']
[2024-09-16 00:15:48,407] {standard_task_runner.py:80} INFO - Job 2217: Subtask BRONZE_STONCKS_MSFT
[2024-09-16 00:15:48,715] {task_command.py:370} INFO - Running <TaskInstance: BRONZER_GET_STONCKS.BRONZE_STONCKS_MSFT scheduled__2024-03-21T00:00:00+00:00 [running]> on host kaiwang.
[2024-09-16 00:15:49,104] {taskinstance.py:1569} INFO - Exporting the following env vars:
AIRFLOW_CTX_DAG_OWNER=airflow
AIRFLOW_CTX_DAG_ID=BRONZER_GET_STONCKS
AIRFLOW_CTX_TASK_ID=BRONZE_STONCKS_MSFT
AIRFLOW_CTX_EXECUTION_DATE=2024-03-21T00:00:00+00:00
AIRFLOW_CTX_TRY_NUMBER=1
AIRFLOW_CTX_DAG_RUN_ID=scheduled__2024-03-21T00:00:00+00:00
[2024-09-16 00:15:49,844] {python.py:173} INFO - Done. Returned value was: None
[2024-09-16 00:15:49,896] {taskinstance.py:1395} INFO - Marking task as SUCCESS. dag_id=BRONZER_GET_STONCKS, task_id=BRONZE_STONCKS_MSFT, execution_date=20240321T000000, start_date=20240916T031548, end_date=20240916T031549
[2024-09-16 00:15:50,046] {local_task_job.py:156} INFO - Task exited with return code 0
[2024-09-16 00:15:50,405] {local_task_job.py:273} INFO - 0 downstream tasks scheduled from follow-on schedule check
