[2024-09-16 00:05:02,076] {taskinstance.py:1159} INFO - Dependencies all met for <TaskInstance: BRONZER_GET_STONCKS.BRONZE_STONCKS_GOOG scheduled__2024-04-09T00:00:00+00:00 [queued]>
[2024-09-16 00:05:02,129] {taskinstance.py:1159} INFO - Dependencies all met for <TaskInstance: BRONZER_GET_STONCKS.BRONZE_STONCKS_GOOG scheduled__2024-04-09T00:00:00+00:00 [queued]>
[2024-09-16 00:05:02,129] {taskinstance.py:1356} INFO - 
--------------------------------------------------------------------------------
[2024-09-16 00:05:02,129] {taskinstance.py:1357} INFO - Starting attempt 1 of 1
[2024-09-16 00:05:02,129] {taskinstance.py:1358} INFO - 
--------------------------------------------------------------------------------
[2024-09-16 00:05:02,215] {taskinstance.py:1377} INFO - Executing <Task(_PythonDecoratedOperator): BRONZE_STONCKS_GOOG> on 2024-04-09 00:00:00+00:00
[2024-09-16 00:05:02,224] {standard_task_runner.py:52} INFO - Started process 27278 to run task
[2024-09-16 00:05:02,256] {standard_task_runner.py:79} INFO - Running: ['airflow', 'tasks', 'run', 'BRONZER_GET_STONCKS', 'BRONZE_STONCKS_GOOG', 'scheduled__2024-04-09T00:00:00+00:00', '--job-id', '531', '--raw', '--subdir', 'DAGS_FOLDER/get_stocks.py', '--cfg-path', '/tmp/tmpzsz7l_jh', '--error-file', '/tmp/tmp0lfbe79i']
[2024-09-16 00:05:02,257] {standard_task_runner.py:80} INFO - Job 531: Subtask BRONZE_STONCKS_GOOG
[2024-09-16 00:05:02,814] {task_command.py:370} INFO - Running <TaskInstance: BRONZER_GET_STONCKS.BRONZE_STONCKS_GOOG scheduled__2024-04-09T00:00:00+00:00 [running]> on host kaiwang.
[2024-09-16 00:05:03,320] {taskinstance.py:1569} INFO - Exporting the following env vars:
AIRFLOW_CTX_DAG_OWNER=airflow
AIRFLOW_CTX_DAG_ID=BRONZER_GET_STONCKS
AIRFLOW_CTX_TASK_ID=BRONZE_STONCKS_GOOG
AIRFLOW_CTX_EXECUTION_DATE=2024-04-09T00:00:00+00:00
AIRFLOW_CTX_TRY_NUMBER=1
AIRFLOW_CTX_DAG_RUN_ID=scheduled__2024-04-09T00:00:00+00:00
[2024-09-16 00:05:04,012] {python.py:173} INFO - Done. Returned value was: None
[2024-09-16 00:05:04,304] {taskinstance.py:1395} INFO - Marking task as SUCCESS. dag_id=BRONZER_GET_STONCKS, task_id=BRONZE_STONCKS_GOOG, execution_date=20240409T000000, start_date=20240916T030502, end_date=20240916T030504
[2024-09-16 00:05:04,415] {local_task_job.py:156} INFO - Task exited with return code 0
[2024-09-16 00:05:04,694] {local_task_job.py:273} INFO - 0 downstream tasks scheduled from follow-on schedule check
[2024-09-16 00:16:06,846] {taskinstance.py:1159} INFO - Dependencies all met for <TaskInstance: BRONZER_GET_STONCKS.BRONZE_STONCKS_GOOG scheduled__2024-04-09T00:00:00+00:00 [queued]>
[2024-09-16 00:16:06,891] {taskinstance.py:1159} INFO - Dependencies all met for <TaskInstance: BRONZER_GET_STONCKS.BRONZE_STONCKS_GOOG scheduled__2024-04-09T00:00:00+00:00 [queued]>
[2024-09-16 00:16:06,891] {taskinstance.py:1356} INFO - 
--------------------------------------------------------------------------------
[2024-09-16 00:16:06,891] {taskinstance.py:1357} INFO - Starting attempt 1 of 1
[2024-09-16 00:16:06,891] {taskinstance.py:1358} INFO - 
--------------------------------------------------------------------------------
[2024-09-16 00:16:06,965] {taskinstance.py:1377} INFO - Executing <Task(_PythonDecoratedOperator): BRONZE_STONCKS_GOOG> on 2024-04-09 00:00:00+00:00
[2024-09-16 00:16:06,976] {standard_task_runner.py:52} INFO - Started process 58034 to run task
[2024-09-16 00:16:06,999] {standard_task_runner.py:79} INFO - Running: ['airflow', 'tasks', 'run', 'BRONZER_GET_STONCKS', 'BRONZE_STONCKS_GOOG', 'scheduled__2024-04-09T00:00:00+00:00', '--job-id', '2308', '--raw', '--subdir', 'DAGS_FOLDER/get_stocks.py', '--cfg-path', '/tmp/tmpc4l_omvo', '--error-file', '/tmp/tmpv9r4bbh1']
[2024-09-16 00:16:07,001] {standard_task_runner.py:80} INFO - Job 2308: Subtask BRONZE_STONCKS_GOOG
[2024-09-16 00:16:07,360] {task_command.py:370} INFO - Running <TaskInstance: BRONZER_GET_STONCKS.BRONZE_STONCKS_GOOG scheduled__2024-04-09T00:00:00+00:00 [running]> on host kaiwang.
[2024-09-16 00:16:07,795] {taskinstance.py:1569} INFO - Exporting the following env vars:
AIRFLOW_CTX_DAG_OWNER=airflow
AIRFLOW_CTX_DAG_ID=BRONZER_GET_STONCKS
AIRFLOW_CTX_TASK_ID=BRONZE_STONCKS_GOOG
AIRFLOW_CTX_EXECUTION_DATE=2024-04-09T00:00:00+00:00
AIRFLOW_CTX_TRY_NUMBER=1
AIRFLOW_CTX_DAG_RUN_ID=scheduled__2024-04-09T00:00:00+00:00
[2024-09-16 00:16:08,490] {python.py:173} INFO - Done. Returned value was: None
[2024-09-16 00:16:08,542] {taskinstance.py:1395} INFO - Marking task as SUCCESS. dag_id=BRONZER_GET_STONCKS, task_id=BRONZE_STONCKS_GOOG, execution_date=20240409T000000, start_date=20240916T031606, end_date=20240916T031608
[2024-09-16 00:16:08,639] {local_task_job.py:156} INFO - Task exited with return code 0
[2024-09-16 00:16:08,738] {local_task_job.py:273} INFO - 0 downstream tasks scheduled from follow-on schedule check
