[2024-09-16 00:06:57,970] {taskinstance.py:1159} INFO - Dependencies all met for <TaskInstance: BRONZER_GET_CRIPTOS.BRONZE_CRIPTO_BTC scheduled__2024-06-22T00:00:00+00:00 [queued]>
[2024-09-16 00:06:57,993] {taskinstance.py:1159} INFO - Dependencies all met for <TaskInstance: BRONZER_GET_CRIPTOS.BRONZE_CRIPTO_BTC scheduled__2024-06-22T00:00:00+00:00 [queued]>
[2024-09-16 00:06:57,993] {taskinstance.py:1356} INFO - 
--------------------------------------------------------------------------------
[2024-09-16 00:06:57,993] {taskinstance.py:1357} INFO - Starting attempt 1 of 1
[2024-09-16 00:06:57,993] {taskinstance.py:1358} INFO - 
--------------------------------------------------------------------------------
[2024-09-16 00:06:58,053] {taskinstance.py:1377} INFO - Executing <Task(_PythonDecoratedOperator): BRONZE_CRIPTO_BTC> on 2024-06-22 00:00:00+00:00
[2024-09-16 00:06:58,070] {standard_task_runner.py:52} INFO - Started process 36803 to run task
[2024-09-16 00:06:58,090] {standard_task_runner.py:79} INFO - Running: ['airflow', 'tasks', 'run', 'BRONZER_GET_CRIPTOS', 'BRONZE_CRIPTO_BTC', 'scheduled__2024-06-22T00:00:00+00:00', '--job-id', '1094', '--raw', '--subdir', 'DAGS_FOLDER/get_cripto.py', '--cfg-path', '/tmp/tmpo9bvdmt2', '--error-file', '/tmp/tmpz_v8ffdk']
[2024-09-16 00:06:58,105] {standard_task_runner.py:80} INFO - Job 1094: Subtask BRONZE_CRIPTO_BTC
[2024-09-16 00:06:58,353] {task_command.py:370} INFO - Running <TaskInstance: BRONZER_GET_CRIPTOS.BRONZE_CRIPTO_BTC scheduled__2024-06-22T00:00:00+00:00 [running]> on host kaiwang.
[2024-09-16 00:06:58,648] {taskinstance.py:1569} INFO - Exporting the following env vars:
AIRFLOW_CTX_DAG_OWNER=airflow
AIRFLOW_CTX_DAG_ID=BRONZER_GET_CRIPTOS
AIRFLOW_CTX_TASK_ID=BRONZE_CRIPTO_BTC
AIRFLOW_CTX_EXECUTION_DATE=2024-06-22T00:00:00+00:00
AIRFLOW_CTX_TRY_NUMBER=1
AIRFLOW_CTX_DAG_RUN_ID=scheduled__2024-06-22T00:00:00+00:00
[2024-09-16 00:07:01,855] {history.py:244} ERROR - $BTC: possibly delisted; no price data found  (1h 2024-06-19 -> 2024-06-22) (Yahoo error = "Data doesn't exist for startDate = 1718769600, endDate = 1719028800")
[2024-09-16 00:07:01,859] {python.py:173} INFO - Done. Returned value was: None
[2024-09-16 00:07:01,977] {taskinstance.py:1395} INFO - Marking task as SUCCESS. dag_id=BRONZER_GET_CRIPTOS, task_id=BRONZE_CRIPTO_BTC, execution_date=20240622T000000, start_date=20240916T030657, end_date=20240916T030701
[2024-09-16 00:07:02,095] {local_task_job.py:156} INFO - Task exited with return code 0
[2024-09-16 00:07:02,529] {local_task_job.py:273} INFO - 0 downstream tasks scheduled from follow-on schedule check
