[2024-09-16 00:04:18,254] {taskinstance.py:1159} INFO - Dependencies all met for <TaskInstance: BRONZER_GET_STONCKS.BRONZE_STONCKS_TSLA scheduled__2024-03-02T00:00:00+00:00 [queued]>
[2024-09-16 00:04:18,287] {taskinstance.py:1159} INFO - Dependencies all met for <TaskInstance: BRONZER_GET_STONCKS.BRONZE_STONCKS_TSLA scheduled__2024-03-02T00:00:00+00:00 [queued]>
[2024-09-16 00:04:18,288] {taskinstance.py:1356} INFO - 
--------------------------------------------------------------------------------
[2024-09-16 00:04:18,288] {taskinstance.py:1357} INFO - Starting attempt 1 of 1
[2024-09-16 00:04:18,288] {taskinstance.py:1358} INFO - 
--------------------------------------------------------------------------------
[2024-09-16 00:04:18,325] {taskinstance.py:1377} INFO - Executing <Task(_PythonDecoratedOperator): BRONZE_STONCKS_TSLA> on 2024-03-02 00:00:00+00:00
[2024-09-16 00:04:18,335] {standard_task_runner.py:52} INFO - Started process 23955 to run task
[2024-09-16 00:04:18,380] {standard_task_runner.py:79} INFO - Running: ['airflow', 'tasks', 'run', 'BRONZER_GET_STONCKS', 'BRONZE_STONCKS_TSLA', 'scheduled__2024-03-02T00:00:00+00:00', '--job-id', '349', '--raw', '--subdir', 'DAGS_FOLDER/get_stocks.py', '--cfg-path', '/tmp/tmpml_samwe', '--error-file', '/tmp/tmpv_f541p6']
[2024-09-16 00:04:18,380] {standard_task_runner.py:80} INFO - Job 349: Subtask BRONZE_STONCKS_TSLA
[2024-09-16 00:04:18,584] {task_command.py:370} INFO - Running <TaskInstance: BRONZER_GET_STONCKS.BRONZE_STONCKS_TSLA scheduled__2024-03-02T00:00:00+00:00 [running]> on host kaiwang.
[2024-09-16 00:04:18,742] {taskinstance.py:1569} INFO - Exporting the following env vars:
AIRFLOW_CTX_DAG_OWNER=airflow
AIRFLOW_CTX_DAG_ID=BRONZER_GET_STONCKS
AIRFLOW_CTX_TASK_ID=BRONZE_STONCKS_TSLA
AIRFLOW_CTX_EXECUTION_DATE=2024-03-02T00:00:00+00:00
AIRFLOW_CTX_TRY_NUMBER=1
AIRFLOW_CTX_DAG_RUN_ID=scheduled__2024-03-02T00:00:00+00:00
[2024-09-16 00:04:19,301] {python.py:173} INFO - Done. Returned value was: None
[2024-09-16 00:04:19,316] {taskinstance.py:1395} INFO - Marking task as SUCCESS. dag_id=BRONZER_GET_STONCKS, task_id=BRONZE_STONCKS_TSLA, execution_date=20240302T000000, start_date=20240916T030418, end_date=20240916T030419
[2024-09-16 00:04:19,358] {local_task_job.py:156} INFO - Task exited with return code 0
[2024-09-16 00:04:19,392] {local_task_job.py:273} INFO - 0 downstream tasks scheduled from follow-on schedule check
[2024-09-16 00:15:29,941] {taskinstance.py:1159} INFO - Dependencies all met for <TaskInstance: BRONZER_GET_STONCKS.BRONZE_STONCKS_TSLA scheduled__2024-03-02T00:00:00+00:00 [queued]>
[2024-09-16 00:15:30,003] {taskinstance.py:1159} INFO - Dependencies all met for <TaskInstance: BRONZER_GET_STONCKS.BRONZE_STONCKS_TSLA scheduled__2024-03-02T00:00:00+00:00 [queued]>
[2024-09-16 00:15:30,004] {taskinstance.py:1356} INFO - 
--------------------------------------------------------------------------------
[2024-09-16 00:15:30,004] {taskinstance.py:1357} INFO - Starting attempt 1 of 1
[2024-09-16 00:15:30,004] {taskinstance.py:1358} INFO - 
--------------------------------------------------------------------------------
[2024-09-16 00:15:30,076] {taskinstance.py:1377} INFO - Executing <Task(_PythonDecoratedOperator): BRONZE_STONCKS_TSLA> on 2024-03-02 00:00:00+00:00
[2024-09-16 00:15:30,100] {standard_task_runner.py:52} INFO - Started process 54924 to run task
[2024-09-16 00:15:30,126] {standard_task_runner.py:79} INFO - Running: ['airflow', 'tasks', 'run', 'BRONZER_GET_STONCKS', 'BRONZE_STONCKS_TSLA', 'scheduled__2024-03-02T00:00:00+00:00', '--job-id', '2121', '--raw', '--subdir', 'DAGS_FOLDER/get_stocks.py', '--cfg-path', '/tmp/tmp7e44lhg1', '--error-file', '/tmp/tmp26j73w7n']
[2024-09-16 00:15:30,127] {standard_task_runner.py:80} INFO - Job 2121: Subtask BRONZE_STONCKS_TSLA
[2024-09-16 00:15:30,514] {task_command.py:370} INFO - Running <TaskInstance: BRONZER_GET_STONCKS.BRONZE_STONCKS_TSLA scheduled__2024-03-02T00:00:00+00:00 [running]> on host kaiwang.
[2024-09-16 00:15:30,842] {taskinstance.py:1569} INFO - Exporting the following env vars:
AIRFLOW_CTX_DAG_OWNER=airflow
AIRFLOW_CTX_DAG_ID=BRONZER_GET_STONCKS
AIRFLOW_CTX_TASK_ID=BRONZE_STONCKS_TSLA
AIRFLOW_CTX_EXECUTION_DATE=2024-03-02T00:00:00+00:00
AIRFLOW_CTX_TRY_NUMBER=1
AIRFLOW_CTX_DAG_RUN_ID=scheduled__2024-03-02T00:00:00+00:00
[2024-09-16 00:15:31,579] {python.py:173} INFO - Done. Returned value was: None
[2024-09-16 00:15:31,615] {taskinstance.py:1395} INFO - Marking task as SUCCESS. dag_id=BRONZER_GET_STONCKS, task_id=BRONZE_STONCKS_TSLA, execution_date=20240302T000000, start_date=20240916T031529, end_date=20240916T031531
[2024-09-16 00:15:31,643] {local_task_job.py:156} INFO - Task exited with return code 0
[2024-09-16 00:15:31,686] {local_task_job.py:273} INFO - 0 downstream tasks scheduled from follow-on schedule check
