[2024-09-16 00:04:32,012] {taskinstance.py:1159} INFO - Dependencies all met for <TaskInstance: BRONZER_GET_STONCKS.BRONZE_STONCKS_AAPL scheduled__2024-03-14T00:00:00+00:00 [queued]>
[2024-09-16 00:04:32,053] {taskinstance.py:1159} INFO - Dependencies all met for <TaskInstance: BRONZER_GET_STONCKS.BRONZE_STONCKS_AAPL scheduled__2024-03-14T00:00:00+00:00 [queued]>
[2024-09-16 00:04:32,054] {taskinstance.py:1356} INFO - 
--------------------------------------------------------------------------------
[2024-09-16 00:04:32,054] {taskinstance.py:1357} INFO - Starting attempt 1 of 1
[2024-09-16 00:04:32,054] {taskinstance.py:1358} INFO - 
--------------------------------------------------------------------------------
[2024-09-16 00:04:32,103] {taskinstance.py:1377} INFO - Executing <Task(_PythonDecoratedOperator): BRONZE_STONCKS_AAPL> on 2024-03-14 00:00:00+00:00
[2024-09-16 00:04:32,110] {standard_task_runner.py:52} INFO - Started process 25078 to run task
[2024-09-16 00:04:32,137] {standard_task_runner.py:79} INFO - Running: ['airflow', 'tasks', 'run', 'BRONZER_GET_STONCKS', 'BRONZE_STONCKS_AAPL', 'scheduled__2024-03-14T00:00:00+00:00', '--job-id', '411', '--raw', '--subdir', 'DAGS_FOLDER/get_stocks.py', '--cfg-path', '/tmp/tmp5ucy0qfp', '--error-file', '/tmp/tmp0stkpy49']
[2024-09-16 00:04:32,138] {standard_task_runner.py:80} INFO - Job 411: Subtask BRONZE_STONCKS_AAPL
[2024-09-16 00:04:32,361] {task_command.py:370} INFO - Running <TaskInstance: BRONZER_GET_STONCKS.BRONZE_STONCKS_AAPL scheduled__2024-03-14T00:00:00+00:00 [running]> on host kaiwang.
[2024-09-16 00:04:32,588] {taskinstance.py:1569} INFO - Exporting the following env vars:
AIRFLOW_CTX_DAG_OWNER=airflow
AIRFLOW_CTX_DAG_ID=BRONZER_GET_STONCKS
AIRFLOW_CTX_TASK_ID=BRONZE_STONCKS_AAPL
AIRFLOW_CTX_EXECUTION_DATE=2024-03-14T00:00:00+00:00
AIRFLOW_CTX_TRY_NUMBER=1
AIRFLOW_CTX_DAG_RUN_ID=scheduled__2024-03-14T00:00:00+00:00
[2024-09-16 00:04:33,337] {python.py:173} INFO - Done. Returned value was: None
[2024-09-16 00:04:33,358] {taskinstance.py:1395} INFO - Marking task as SUCCESS. dag_id=BRONZER_GET_STONCKS, task_id=BRONZE_STONCKS_AAPL, execution_date=20240314T000000, start_date=20240916T030432, end_date=20240916T030433
[2024-09-16 00:04:33,392] {local_task_job.py:156} INFO - Task exited with return code 0
[2024-09-16 00:04:33,436] {local_task_job.py:273} INFO - 0 downstream tasks scheduled from follow-on schedule check
[2024-09-16 00:15:39,521] {taskinstance.py:1159} INFO - Dependencies all met for <TaskInstance: BRONZER_GET_STONCKS.BRONZE_STONCKS_AAPL scheduled__2024-03-14T00:00:00+00:00 [queued]>
[2024-09-16 00:15:39,551] {taskinstance.py:1159} INFO - Dependencies all met for <TaskInstance: BRONZER_GET_STONCKS.BRONZE_STONCKS_AAPL scheduled__2024-03-14T00:00:00+00:00 [queued]>
[2024-09-16 00:15:39,551] {taskinstance.py:1356} INFO - 
--------------------------------------------------------------------------------
[2024-09-16 00:15:39,551] {taskinstance.py:1357} INFO - Starting attempt 1 of 1
[2024-09-16 00:15:39,551] {taskinstance.py:1358} INFO - 
--------------------------------------------------------------------------------
[2024-09-16 00:15:39,587] {taskinstance.py:1377} INFO - Executing <Task(_PythonDecoratedOperator): BRONZE_STONCKS_AAPL> on 2024-03-14 00:00:00+00:00
[2024-09-16 00:15:39,596] {standard_task_runner.py:52} INFO - Started process 55776 to run task
[2024-09-16 00:15:39,622] {standard_task_runner.py:79} INFO - Running: ['airflow', 'tasks', 'run', 'BRONZER_GET_STONCKS', 'BRONZE_STONCKS_AAPL', 'scheduled__2024-03-14T00:00:00+00:00', '--job-id', '2177', '--raw', '--subdir', 'DAGS_FOLDER/get_stocks.py', '--cfg-path', '/tmp/tmpn1ocxznb', '--error-file', '/tmp/tmptcrx6j0i']
[2024-09-16 00:15:39,632] {standard_task_runner.py:80} INFO - Job 2177: Subtask BRONZE_STONCKS_AAPL
[2024-09-16 00:15:39,873] {task_command.py:370} INFO - Running <TaskInstance: BRONZER_GET_STONCKS.BRONZE_STONCKS_AAPL scheduled__2024-03-14T00:00:00+00:00 [running]> on host kaiwang.
[2024-09-16 00:15:40,394] {taskinstance.py:1569} INFO - Exporting the following env vars:
AIRFLOW_CTX_DAG_OWNER=airflow
AIRFLOW_CTX_DAG_ID=BRONZER_GET_STONCKS
AIRFLOW_CTX_TASK_ID=BRONZE_STONCKS_AAPL
AIRFLOW_CTX_EXECUTION_DATE=2024-03-14T00:00:00+00:00
AIRFLOW_CTX_TRY_NUMBER=1
AIRFLOW_CTX_DAG_RUN_ID=scheduled__2024-03-14T00:00:00+00:00
[2024-09-16 00:15:41,145] {python.py:173} INFO - Done. Returned value was: None
[2024-09-16 00:15:41,205] {taskinstance.py:1395} INFO - Marking task as SUCCESS. dag_id=BRONZER_GET_STONCKS, task_id=BRONZE_STONCKS_AAPL, execution_date=20240314T000000, start_date=20240916T031539, end_date=20240916T031541
[2024-09-16 00:15:41,277] {local_task_job.py:156} INFO - Task exited with return code 0
[2024-09-16 00:15:41,450] {local_task_job.py:273} INFO - 0 downstream tasks scheduled from follow-on schedule check
