[2024-09-16 00:03:37,114] {taskinstance.py:1159} INFO - Dependencies all met for <TaskInstance: BRONZER_GET_STONCKS.BRONZE_STONCKS_AAPL scheduled__2024-01-30T00:00:00+00:00 [queued]>
[2024-09-16 00:03:37,182] {taskinstance.py:1159} INFO - Dependencies all met for <TaskInstance: BRONZER_GET_STONCKS.BRONZE_STONCKS_AAPL scheduled__2024-01-30T00:00:00+00:00 [queued]>
[2024-09-16 00:03:37,183] {taskinstance.py:1356} INFO - 
--------------------------------------------------------------------------------
[2024-09-16 00:03:37,183] {taskinstance.py:1357} INFO - Starting attempt 1 of 1
[2024-09-16 00:03:37,183] {taskinstance.py:1358} INFO - 
--------------------------------------------------------------------------------
[2024-09-16 00:03:37,244] {taskinstance.py:1377} INFO - Executing <Task(_PythonDecoratedOperator): BRONZE_STONCKS_AAPL> on 2024-01-30 00:00:00+00:00
[2024-09-16 00:03:37,251] {standard_task_runner.py:52} INFO - Started process 20864 to run task
[2024-09-16 00:03:37,287] {standard_task_runner.py:79} INFO - Running: ['airflow', 'tasks', 'run', 'BRONZER_GET_STONCKS', 'BRONZE_STONCKS_AAPL', 'scheduled__2024-01-30T00:00:00+00:00', '--job-id', '169', '--raw', '--subdir', 'DAGS_FOLDER/get_stocks.py', '--cfg-path', '/tmp/tmpbo_xb6fv', '--error-file', '/tmp/tmpyit29auz']
[2024-09-16 00:03:37,304] {standard_task_runner.py:80} INFO - Job 169: Subtask BRONZE_STONCKS_AAPL
[2024-09-16 00:03:37,594] {task_command.py:370} INFO - Running <TaskInstance: BRONZER_GET_STONCKS.BRONZE_STONCKS_AAPL scheduled__2024-01-30T00:00:00+00:00 [running]> on host kaiwang.
[2024-09-16 00:03:37,902] {taskinstance.py:1569} INFO - Exporting the following env vars:
AIRFLOW_CTX_DAG_OWNER=airflow
AIRFLOW_CTX_DAG_ID=BRONZER_GET_STONCKS
AIRFLOW_CTX_TASK_ID=BRONZE_STONCKS_AAPL
AIRFLOW_CTX_EXECUTION_DATE=2024-01-30T00:00:00+00:00
AIRFLOW_CTX_TRY_NUMBER=1
AIRFLOW_CTX_DAG_RUN_ID=scheduled__2024-01-30T00:00:00+00:00
[2024-09-16 00:03:38,522] {python.py:173} INFO - Done. Returned value was: None
[2024-09-16 00:03:38,610] {taskinstance.py:1395} INFO - Marking task as SUCCESS. dag_id=BRONZER_GET_STONCKS, task_id=BRONZE_STONCKS_AAPL, execution_date=20240130T000000, start_date=20240916T030337, end_date=20240916T030338
[2024-09-16 00:03:38,692] {local_task_job.py:156} INFO - Task exited with return code 0
[2024-09-16 00:03:38,988] {local_task_job.py:273} INFO - 0 downstream tasks scheduled from follow-on schedule check
[2024-09-16 00:13:17,204] {taskinstance.py:1159} INFO - Dependencies all met for <TaskInstance: BRONZER_GET_STONCKS.BRONZE_STONCKS_AAPL scheduled__2024-01-30T00:00:00+00:00 [queued]>
[2024-09-16 00:13:17,277] {taskinstance.py:1159} INFO - Dependencies all met for <TaskInstance: BRONZER_GET_STONCKS.BRONZE_STONCKS_AAPL scheduled__2024-01-30T00:00:00+00:00 [queued]>
[2024-09-16 00:13:17,278] {taskinstance.py:1356} INFO - 
--------------------------------------------------------------------------------
[2024-09-16 00:13:17,278] {taskinstance.py:1357} INFO - Starting attempt 1 of 1
[2024-09-16 00:13:17,278] {taskinstance.py:1358} INFO - 
--------------------------------------------------------------------------------
[2024-09-16 00:13:17,326] {taskinstance.py:1377} INFO - Executing <Task(_PythonDecoratedOperator): BRONZE_STONCKS_AAPL> on 2024-01-30 00:00:00+00:00
[2024-09-16 00:13:17,338] {standard_task_runner.py:52} INFO - Started process 46409 to run task
[2024-09-16 00:13:17,356] {standard_task_runner.py:79} INFO - Running: ['airflow', 'tasks', 'run', 'BRONZER_GET_STONCKS', 'BRONZE_STONCKS_AAPL', 'scheduled__2024-01-30T00:00:00+00:00', '--job-id', '1638', '--raw', '--subdir', 'DAGS_FOLDER/get_stocks.py', '--cfg-path', '/tmp/tmpn5ay8j0n', '--error-file', '/tmp/tmpu_7ru34j']
[2024-09-16 00:13:17,357] {standard_task_runner.py:80} INFO - Job 1638: Subtask BRONZE_STONCKS_AAPL
[2024-09-16 00:13:17,536] {task_command.py:370} INFO - Running <TaskInstance: BRONZER_GET_STONCKS.BRONZE_STONCKS_AAPL scheduled__2024-01-30T00:00:00+00:00 [running]> on host kaiwang.
[2024-09-16 00:13:17,759] {taskinstance.py:1569} INFO - Exporting the following env vars:
AIRFLOW_CTX_DAG_OWNER=airflow
AIRFLOW_CTX_DAG_ID=BRONZER_GET_STONCKS
AIRFLOW_CTX_TASK_ID=BRONZE_STONCKS_AAPL
AIRFLOW_CTX_EXECUTION_DATE=2024-01-30T00:00:00+00:00
AIRFLOW_CTX_TRY_NUMBER=1
AIRFLOW_CTX_DAG_RUN_ID=scheduled__2024-01-30T00:00:00+00:00
[2024-09-16 00:13:18,575] {python.py:173} INFO - Done. Returned value was: None
[2024-09-16 00:13:18,645] {taskinstance.py:1395} INFO - Marking task as SUCCESS. dag_id=BRONZER_GET_STONCKS, task_id=BRONZE_STONCKS_AAPL, execution_date=20240130T000000, start_date=20240916T031317, end_date=20240916T031318
[2024-09-16 00:13:18,715] {local_task_job.py:156} INFO - Task exited with return code 0
[2024-09-16 00:13:18,855] {local_task_job.py:273} INFO - 0 downstream tasks scheduled from follow-on schedule check
[2024-09-16 00:14:50,032] {taskinstance.py:1159} INFO - Dependencies all met for <TaskInstance: BRONZER_GET_STONCKS.BRONZE_STONCKS_AAPL scheduled__2024-01-30T00:00:00+00:00 [queued]>
[2024-09-16 00:14:50,087] {taskinstance.py:1159} INFO - Dependencies all met for <TaskInstance: BRONZER_GET_STONCKS.BRONZE_STONCKS_AAPL scheduled__2024-01-30T00:00:00+00:00 [queued]>
[2024-09-16 00:14:50,087] {taskinstance.py:1356} INFO - 
--------------------------------------------------------------------------------
[2024-09-16 00:14:50,087] {taskinstance.py:1357} INFO - Starting attempt 1 of 1
[2024-09-16 00:14:50,094] {taskinstance.py:1358} INFO - 
--------------------------------------------------------------------------------
[2024-09-16 00:14:50,160] {taskinstance.py:1377} INFO - Executing <Task(_PythonDecoratedOperator): BRONZE_STONCKS_AAPL> on 2024-01-30 00:00:00+00:00
[2024-09-16 00:14:50,176] {standard_task_runner.py:79} INFO - Running: ['airflow', 'tasks', 'run', 'BRONZER_GET_STONCKS', 'BRONZE_STONCKS_AAPL', 'scheduled__2024-01-30T00:00:00+00:00', '--job-id', '1938', '--raw', '--subdir', 'DAGS_FOLDER/get_stocks.py', '--cfg-path', '/tmp/tmpecdxo5f6', '--error-file', '/tmp/tmph47c61ld']
[2024-09-16 00:14:50,190] {standard_task_runner.py:80} INFO - Job 1938: Subtask BRONZE_STONCKS_AAPL
[2024-09-16 00:14:50,166] {standard_task_runner.py:52} INFO - Started process 51643 to run task
[2024-09-16 00:14:50,622] {task_command.py:370} INFO - Running <TaskInstance: BRONZER_GET_STONCKS.BRONZE_STONCKS_AAPL scheduled__2024-01-30T00:00:00+00:00 [running]> on host kaiwang.
[2024-09-16 00:14:51,141] {taskinstance.py:1569} INFO - Exporting the following env vars:
AIRFLOW_CTX_DAG_OWNER=airflow
AIRFLOW_CTX_DAG_ID=BRONZER_GET_STONCKS
AIRFLOW_CTX_TASK_ID=BRONZE_STONCKS_AAPL
AIRFLOW_CTX_EXECUTION_DATE=2024-01-30T00:00:00+00:00
AIRFLOW_CTX_TRY_NUMBER=1
AIRFLOW_CTX_DAG_RUN_ID=scheduled__2024-01-30T00:00:00+00:00
[2024-09-16 00:14:51,822] {python.py:173} INFO - Done. Returned value was: None
[2024-09-16 00:14:51,882] {taskinstance.py:1395} INFO - Marking task as SUCCESS. dag_id=BRONZER_GET_STONCKS, task_id=BRONZE_STONCKS_AAPL, execution_date=20240130T000000, start_date=20240916T031450, end_date=20240916T031451
[2024-09-16 00:14:51,954] {local_task_job.py:156} INFO - Task exited with return code 0
[2024-09-16 00:14:52,080] {local_task_job.py:273} INFO - 0 downstream tasks scheduled from follow-on schedule check
