[2024-09-16 00:03:27,540] {taskinstance.py:1159} INFO - Dependencies all met for <TaskInstance: BRONZER_GET_CRIPTOS.BRONZE_CRIPTO_DOGE scheduled__2024-01-20T00:00:00+00:00 [queued]>
[2024-09-16 00:03:27,576] {taskinstance.py:1159} INFO - Dependencies all met for <TaskInstance: BRONZER_GET_CRIPTOS.BRONZE_CRIPTO_DOGE scheduled__2024-01-20T00:00:00+00:00 [queued]>
[2024-09-16 00:03:27,576] {taskinstance.py:1356} INFO - 
--------------------------------------------------------------------------------
[2024-09-16 00:03:27,576] {taskinstance.py:1357} INFO - Starting attempt 1 of 1
[2024-09-16 00:03:27,576] {taskinstance.py:1358} INFO - 
--------------------------------------------------------------------------------
[2024-09-16 00:03:27,639] {taskinstance.py:1377} INFO - Executing <Task(_PythonDecoratedOperator): BRONZE_CRIPTO_DOGE> on 2024-01-20 00:00:00+00:00
[2024-09-16 00:03:27,646] {standard_task_runner.py:52} INFO - Started process 20023 to run task
[2024-09-16 00:03:27,699] {standard_task_runner.py:79} INFO - Running: ['airflow', 'tasks', 'run', 'BRONZER_GET_CRIPTOS', 'BRONZE_CRIPTO_DOGE', 'scheduled__2024-01-20T00:00:00+00:00', '--job-id', '121', '--raw', '--subdir', 'DAGS_FOLDER/get_cripto.py', '--cfg-path', '/tmp/tmptpfsu88a', '--error-file', '/tmp/tmpjwwmyvrz']
[2024-09-16 00:03:27,700] {standard_task_runner.py:80} INFO - Job 121: Subtask BRONZE_CRIPTO_DOGE
[2024-09-16 00:03:27,971] {task_command.py:370} INFO - Running <TaskInstance: BRONZER_GET_CRIPTOS.BRONZE_CRIPTO_DOGE scheduled__2024-01-20T00:00:00+00:00 [running]> on host kaiwang.
[2024-09-16 00:03:28,305] {taskinstance.py:1569} INFO - Exporting the following env vars:
AIRFLOW_CTX_DAG_OWNER=airflow
AIRFLOW_CTX_DAG_ID=BRONZER_GET_CRIPTOS
AIRFLOW_CTX_TASK_ID=BRONZE_CRIPTO_DOGE
AIRFLOW_CTX_EXECUTION_DATE=2024-01-20T00:00:00+00:00
AIRFLOW_CTX_TRY_NUMBER=1
AIRFLOW_CTX_DAG_RUN_ID=scheduled__2024-01-20T00:00:00+00:00
[2024-09-16 00:03:31,258] {history.py:122} ERROR - $DOGE: possibly delisted; no timezone found
[2024-09-16 00:03:31,262] {python.py:173} INFO - Done. Returned value was: None
[2024-09-16 00:03:31,303] {taskinstance.py:1395} INFO - Marking task as SUCCESS. dag_id=BRONZER_GET_CRIPTOS, task_id=BRONZE_CRIPTO_DOGE, execution_date=20240120T000000, start_date=20240916T030327, end_date=20240916T030331
[2024-09-16 00:03:31,360] {local_task_job.py:156} INFO - Task exited with return code 0
[2024-09-16 00:03:31,489] {local_task_job.py:273} INFO - 0 downstream tasks scheduled from follow-on schedule check
[2024-09-16 00:13:07,617] {taskinstance.py:1159} INFO - Dependencies all met for <TaskInstance: BRONZER_GET_CRIPTOS.BRONZE_CRIPTO_DOGE scheduled__2024-01-20T00:00:00+00:00 [queued]>
[2024-09-16 00:13:07,634] {taskinstance.py:1159} INFO - Dependencies all met for <TaskInstance: BRONZER_GET_CRIPTOS.BRONZE_CRIPTO_DOGE scheduled__2024-01-20T00:00:00+00:00 [queued]>
[2024-09-16 00:13:07,634] {taskinstance.py:1356} INFO - 
--------------------------------------------------------------------------------
[2024-09-16 00:13:07,634] {taskinstance.py:1357} INFO - Starting attempt 1 of 1
[2024-09-16 00:13:07,634] {taskinstance.py:1358} INFO - 
--------------------------------------------------------------------------------
[2024-09-16 00:13:07,679] {taskinstance.py:1377} INFO - Executing <Task(_PythonDecoratedOperator): BRONZE_CRIPTO_DOGE> on 2024-01-20 00:00:00+00:00
[2024-09-16 00:13:07,687] {standard_task_runner.py:52} INFO - Started process 45622 to run task
[2024-09-16 00:13:07,706] {standard_task_runner.py:79} INFO - Running: ['airflow', 'tasks', 'run', 'BRONZER_GET_CRIPTOS', 'BRONZE_CRIPTO_DOGE', 'scheduled__2024-01-20T00:00:00+00:00', '--job-id', '1591', '--raw', '--subdir', 'DAGS_FOLDER/get_cripto.py', '--cfg-path', '/tmp/tmp0585b6k9', '--error-file', '/tmp/tmpj7co6kt0']
[2024-09-16 00:13:07,708] {standard_task_runner.py:80} INFO - Job 1591: Subtask BRONZE_CRIPTO_DOGE
[2024-09-16 00:13:07,882] {task_command.py:370} INFO - Running <TaskInstance: BRONZER_GET_CRIPTOS.BRONZE_CRIPTO_DOGE scheduled__2024-01-20T00:00:00+00:00 [running]> on host kaiwang.
[2024-09-16 00:13:08,091] {taskinstance.py:1569} INFO - Exporting the following env vars:
AIRFLOW_CTX_DAG_OWNER=airflow
AIRFLOW_CTX_DAG_ID=BRONZER_GET_CRIPTOS
AIRFLOW_CTX_TASK_ID=BRONZE_CRIPTO_DOGE
AIRFLOW_CTX_EXECUTION_DATE=2024-01-20T00:00:00+00:00
AIRFLOW_CTX_TRY_NUMBER=1
AIRFLOW_CTX_DAG_RUN_ID=scheduled__2024-01-20T00:00:00+00:00
[2024-09-16 00:13:10,939] {history.py:122} ERROR - $DOGE: possibly delisted; no timezone found
[2024-09-16 00:13:10,945] {python.py:173} INFO - Done. Returned value was: None
[2024-09-16 00:13:11,395] {taskinstance.py:1395} INFO - Marking task as SUCCESS. dag_id=BRONZER_GET_CRIPTOS, task_id=BRONZE_CRIPTO_DOGE, execution_date=20240120T000000, start_date=20240916T031307, end_date=20240916T031311
[2024-09-16 00:13:11,482] {local_task_job.py:156} INFO - Task exited with return code 0
[2024-09-16 00:13:11,658] {local_task_job.py:273} INFO - 0 downstream tasks scheduled from follow-on schedule check
[2024-09-16 00:14:42,369] {taskinstance.py:1159} INFO - Dependencies all met for <TaskInstance: BRONZER_GET_CRIPTOS.BRONZE_CRIPTO_DOGE scheduled__2024-01-20T00:00:00+00:00 [queued]>
[2024-09-16 00:14:42,446] {taskinstance.py:1159} INFO - Dependencies all met for <TaskInstance: BRONZER_GET_CRIPTOS.BRONZE_CRIPTO_DOGE scheduled__2024-01-20T00:00:00+00:00 [queued]>
[2024-09-16 00:14:42,446] {taskinstance.py:1356} INFO - 
--------------------------------------------------------------------------------
[2024-09-16 00:14:42,446] {taskinstance.py:1357} INFO - Starting attempt 1 of 1
[2024-09-16 00:14:42,446] {taskinstance.py:1358} INFO - 
--------------------------------------------------------------------------------
[2024-09-16 00:14:42,524] {taskinstance.py:1377} INFO - Executing <Task(_PythonDecoratedOperator): BRONZE_CRIPTO_DOGE> on 2024-01-20 00:00:00+00:00
[2024-09-16 00:14:42,536] {standard_task_runner.py:52} INFO - Started process 51057 to run task
[2024-09-16 00:14:42,557] {standard_task_runner.py:79} INFO - Running: ['airflow', 'tasks', 'run', 'BRONZER_GET_CRIPTOS', 'BRONZE_CRIPTO_DOGE', 'scheduled__2024-01-20T00:00:00+00:00', '--job-id', '1902', '--raw', '--subdir', 'DAGS_FOLDER/get_cripto.py', '--cfg-path', '/tmp/tmp4g9o5gok', '--error-file', '/tmp/tmpl_7wiuz3']
[2024-09-16 00:14:42,558] {standard_task_runner.py:80} INFO - Job 1902: Subtask BRONZE_CRIPTO_DOGE
[2024-09-16 00:14:42,852] {task_command.py:370} INFO - Running <TaskInstance: BRONZER_GET_CRIPTOS.BRONZE_CRIPTO_DOGE scheduled__2024-01-20T00:00:00+00:00 [running]> on host kaiwang.
[2024-09-16 00:14:43,223] {taskinstance.py:1569} INFO - Exporting the following env vars:
AIRFLOW_CTX_DAG_OWNER=airflow
AIRFLOW_CTX_DAG_ID=BRONZER_GET_CRIPTOS
AIRFLOW_CTX_TASK_ID=BRONZE_CRIPTO_DOGE
AIRFLOW_CTX_EXECUTION_DATE=2024-01-20T00:00:00+00:00
AIRFLOW_CTX_TRY_NUMBER=1
AIRFLOW_CTX_DAG_RUN_ID=scheduled__2024-01-20T00:00:00+00:00
[2024-09-16 00:14:45,649] {history.py:122} ERROR - $DOGE: possibly delisted; no timezone found
[2024-09-16 00:14:45,654] {python.py:173} INFO - Done. Returned value was: None
[2024-09-16 00:14:45,730] {taskinstance.py:1395} INFO - Marking task as SUCCESS. dag_id=BRONZER_GET_CRIPTOS, task_id=BRONZE_CRIPTO_DOGE, execution_date=20240120T000000, start_date=20240916T031442, end_date=20240916T031445
[2024-09-16 00:14:45,811] {local_task_job.py:156} INFO - Task exited with return code 0
[2024-09-16 00:14:45,961] {local_task_job.py:273} INFO - 0 downstream tasks scheduled from follow-on schedule check
