[2024-09-16 00:05:20,990] {taskinstance.py:1159} INFO - Dependencies all met for <TaskInstance: BRONZER_GET_CRIPTOS.BRONZE_CRIPTO_ETH scheduled__2024-04-12T00:00:00+00:00 [queued]>
[2024-09-16 00:05:21,003] {taskinstance.py:1159} INFO - Dependencies all met for <TaskInstance: BRONZER_GET_CRIPTOS.BRONZE_CRIPTO_ETH scheduled__2024-04-12T00:00:00+00:00 [queued]>
[2024-09-16 00:05:21,004] {taskinstance.py:1356} INFO - 
--------------------------------------------------------------------------------
[2024-09-16 00:05:21,004] {taskinstance.py:1357} INFO - Starting attempt 1 of 1
[2024-09-16 00:05:21,004] {taskinstance.py:1358} INFO - 
--------------------------------------------------------------------------------
[2024-09-16 00:05:21,024] {taskinstance.py:1377} INFO - Executing <Task(_PythonDecoratedOperator): BRONZE_CRIPTO_ETH> on 2024-04-12 00:00:00+00:00
[2024-09-16 00:05:21,030] {standard_task_runner.py:52} INFO - Started process 28855 to run task
[2024-09-16 00:05:21,035] {standard_task_runner.py:79} INFO - Running: ['airflow', 'tasks', 'run', 'BRONZER_GET_CRIPTOS', 'BRONZE_CRIPTO_ETH', 'scheduled__2024-04-12T00:00:00+00:00', '--job-id', '631', '--raw', '--subdir', 'DAGS_FOLDER/get_cripto.py', '--cfg-path', '/tmp/tmph2ewnb5o', '--error-file', '/tmp/tmp8wkejz05']
[2024-09-16 00:05:21,036] {standard_task_runner.py:80} INFO - Job 631: Subtask BRONZE_CRIPTO_ETH
[2024-09-16 00:05:21,150] {task_command.py:370} INFO - Running <TaskInstance: BRONZER_GET_CRIPTOS.BRONZE_CRIPTO_ETH scheduled__2024-04-12T00:00:00+00:00 [running]> on host kaiwang.
[2024-09-16 00:05:21,343] {taskinstance.py:1569} INFO - Exporting the following env vars:
AIRFLOW_CTX_DAG_OWNER=airflow
AIRFLOW_CTX_DAG_ID=BRONZER_GET_CRIPTOS
AIRFLOW_CTX_TASK_ID=BRONZE_CRIPTO_ETH
AIRFLOW_CTX_EXECUTION_DATE=2024-04-12T00:00:00+00:00
AIRFLOW_CTX_TRY_NUMBER=1
AIRFLOW_CTX_DAG_RUN_ID=scheduled__2024-04-12T00:00:00+00:00
[2024-09-16 00:05:24,789] {history.py:244} ERROR - $ETH: possibly delisted; no price data found  (1h 2024-04-09 -> 2024-04-12) (Yahoo error = "Data doesn't exist for startDate = 1712635200, endDate = 1712894400")
[2024-09-16 00:05:24,794] {python.py:173} INFO - Done. Returned value was: None
[2024-09-16 00:05:24,909] {taskinstance.py:1395} INFO - Marking task as SUCCESS. dag_id=BRONZER_GET_CRIPTOS, task_id=BRONZE_CRIPTO_ETH, execution_date=20240412T000000, start_date=20240916T030520, end_date=20240916T030524
[2024-09-16 00:05:24,968] {local_task_job.py:156} INFO - Task exited with return code 0
[2024-09-16 00:05:25,132] {local_task_job.py:273} INFO - 0 downstream tasks scheduled from follow-on schedule check
