[2024-09-16 00:05:52,022] {taskinstance.py:1159} INFO - Dependencies all met for <TaskInstance: BRONZER_GET_STONCKS.BRONZE_STONCKS_MSFT scheduled__2024-05-28T00:00:00+00:00 [queued]>
[2024-09-16 00:05:52,059] {taskinstance.py:1159} INFO - Dependencies all met for <TaskInstance: BRONZER_GET_STONCKS.BRONZE_STONCKS_MSFT scheduled__2024-05-28T00:00:00+00:00 [queued]>
[2024-09-16 00:05:52,059] {taskinstance.py:1356} INFO - 
--------------------------------------------------------------------------------
[2024-09-16 00:05:52,059] {taskinstance.py:1357} INFO - Starting attempt 1 of 1
[2024-09-16 00:05:52,059] {taskinstance.py:1358} INFO - 
--------------------------------------------------------------------------------
[2024-09-16 00:05:52,120] {taskinstance.py:1377} INFO - Executing <Task(_PythonDecoratedOperator): BRONZE_STONCKS_MSFT> on 2024-05-28 00:00:00+00:00
[2024-09-16 00:05:52,126] {standard_task_runner.py:52} INFO - Started process 31435 to run task
[2024-09-16 00:05:52,165] {standard_task_runner.py:79} INFO - Running: ['airflow', 'tasks', 'run', 'BRONZER_GET_STONCKS', 'BRONZE_STONCKS_MSFT', 'scheduled__2024-05-28T00:00:00+00:00', '--job-id', '780', '--raw', '--subdir', 'DAGS_FOLDER/get_stocks.py', '--cfg-path', '/tmp/tmpxp2rpea1', '--error-file', '/tmp/tmp1r7hh0m_']
[2024-09-16 00:05:52,168] {standard_task_runner.py:80} INFO - Job 780: Subtask BRONZE_STONCKS_MSFT
[2024-09-16 00:05:52,449] {task_command.py:370} INFO - Running <TaskInstance: BRONZER_GET_STONCKS.BRONZE_STONCKS_MSFT scheduled__2024-05-28T00:00:00+00:00 [running]> on host kaiwang.
[2024-09-16 00:05:52,851] {taskinstance.py:1569} INFO - Exporting the following env vars:
AIRFLOW_CTX_DAG_OWNER=airflow
AIRFLOW_CTX_DAG_ID=BRONZER_GET_STONCKS
AIRFLOW_CTX_TASK_ID=BRONZE_STONCKS_MSFT
AIRFLOW_CTX_EXECUTION_DATE=2024-05-28T00:00:00+00:00
AIRFLOW_CTX_TRY_NUMBER=1
AIRFLOW_CTX_DAG_RUN_ID=scheduled__2024-05-28T00:00:00+00:00
[2024-09-16 00:05:53,430] {history.py:244} ERROR - $MSFT: possibly delisted; no price data found  (1h 2024-05-25 -> 2024-05-28)
[2024-09-16 00:05:53,434] {python.py:173} INFO - Done. Returned value was: None
[2024-09-16 00:05:53,510] {taskinstance.py:1395} INFO - Marking task as SUCCESS. dag_id=BRONZER_GET_STONCKS, task_id=BRONZE_STONCKS_MSFT, execution_date=20240528T000000, start_date=20240916T030552, end_date=20240916T030553
[2024-09-16 00:05:53,568] {local_task_job.py:156} INFO - Task exited with return code 0
[2024-09-16 00:05:53,693] {local_task_job.py:273} INFO - 0 downstream tasks scheduled from follow-on schedule check
