[2024-09-16 00:07:48,699] {taskinstance.py:1159} INFO - Dependencies all met for <TaskInstance: BRONZER_GET_STONCKS.BRONZE_STONCKS_MSFT scheduled__2024-09-10T00:00:00+00:00 [queued]>
[2024-09-16 00:07:48,751] {taskinstance.py:1159} INFO - Dependencies all met for <TaskInstance: BRONZER_GET_STONCKS.BRONZE_STONCKS_MSFT scheduled__2024-09-10T00:00:00+00:00 [queued]>
[2024-09-16 00:07:48,751] {taskinstance.py:1356} INFO - 
--------------------------------------------------------------------------------
[2024-09-16 00:07:48,751] {taskinstance.py:1357} INFO - Starting attempt 1 of 1
[2024-09-16 00:07:48,751] {taskinstance.py:1358} INFO - 
--------------------------------------------------------------------------------
[2024-09-16 00:07:48,794] {taskinstance.py:1377} INFO - Executing <Task(_PythonDecoratedOperator): BRONZE_STONCKS_MSFT> on 2024-09-10 00:00:00+00:00
[2024-09-16 00:07:48,802] {standard_task_runner.py:52} INFO - Started process 40996 to run task
[2024-09-16 00:07:48,837] {standard_task_runner.py:79} INFO - Running: ['airflow', 'tasks', 'run', 'BRONZER_GET_STONCKS', 'BRONZE_STONCKS_MSFT', 'scheduled__2024-09-10T00:00:00+00:00', '--job-id', '1337', '--raw', '--subdir', 'DAGS_FOLDER/get_stocks.py', '--cfg-path', '/tmp/tmpxbskgx2f', '--error-file', '/tmp/tmphkui1fxc']
[2024-09-16 00:07:48,838] {standard_task_runner.py:80} INFO - Job 1337: Subtask BRONZE_STONCKS_MSFT
[2024-09-16 00:07:48,987] {task_command.py:370} INFO - Running <TaskInstance: BRONZER_GET_STONCKS.BRONZE_STONCKS_MSFT scheduled__2024-09-10T00:00:00+00:00 [running]> on host kaiwang.
[2024-09-16 00:07:49,272] {taskinstance.py:1569} INFO - Exporting the following env vars:
AIRFLOW_CTX_DAG_OWNER=airflow
AIRFLOW_CTX_DAG_ID=BRONZER_GET_STONCKS
AIRFLOW_CTX_TASK_ID=BRONZE_STONCKS_MSFT
AIRFLOW_CTX_EXECUTION_DATE=2024-09-10T00:00:00+00:00
AIRFLOW_CTX_TRY_NUMBER=1
AIRFLOW_CTX_DAG_RUN_ID=scheduled__2024-09-10T00:00:00+00:00
[2024-09-16 00:07:50,007] {python.py:173} INFO - Done. Returned value was: None
[2024-09-16 00:07:50,069] {taskinstance.py:1395} INFO - Marking task as SUCCESS. dag_id=BRONZER_GET_STONCKS, task_id=BRONZE_STONCKS_MSFT, execution_date=20240910T000000, start_date=20240916T030748, end_date=20240916T030750
[2024-09-16 00:07:50,132] {local_task_job.py:156} INFO - Task exited with return code 0
[2024-09-16 00:07:50,533] {local_task_job.py:273} INFO - 0 downstream tasks scheduled from follow-on schedule check
[2024-09-16 13:56:44,167] {taskinstance.py:1159} INFO - Dependencies all met for <TaskInstance: BRONZER_GET_STONCKS.BRONZE_STONCKS_MSFT scheduled__2024-09-10T00:00:00+00:00 [queued]>
[2024-09-16 13:56:44,178] {taskinstance.py:1159} INFO - Dependencies all met for <TaskInstance: BRONZER_GET_STONCKS.BRONZE_STONCKS_MSFT scheduled__2024-09-10T00:00:00+00:00 [queued]>
[2024-09-16 13:56:44,179] {taskinstance.py:1356} INFO - 
--------------------------------------------------------------------------------
[2024-09-16 13:56:44,179] {taskinstance.py:1357} INFO - Starting attempt 1 of 1
[2024-09-16 13:56:44,179] {taskinstance.py:1358} INFO - 
--------------------------------------------------------------------------------
[2024-09-16 13:56:44,190] {taskinstance.py:1377} INFO - Executing <Task(_PythonDecoratedOperator): BRONZE_STONCKS_MSFT> on 2024-09-10 00:00:00+00:00
[2024-09-16 13:56:44,197] {standard_task_runner.py:52} INFO - Started process 140423 to run task
[2024-09-16 13:56:44,201] {standard_task_runner.py:79} INFO - Running: ['airflow', 'tasks', 'run', 'BRONZER_GET_STONCKS', 'BRONZE_STONCKS_MSFT', 'scheduled__2024-09-10T00:00:00+00:00', '--job-id', '2647', '--raw', '--subdir', 'DAGS_FOLDER/get_stocks.py', '--cfg-path', '/tmp/tmpiygqnrzd', '--error-file', '/tmp/tmpn2tbn34o']
[2024-09-16 13:56:44,202] {standard_task_runner.py:80} INFO - Job 2647: Subtask BRONZE_STONCKS_MSFT
[2024-09-16 13:56:44,283] {task_command.py:370} INFO - Running <TaskInstance: BRONZER_GET_STONCKS.BRONZE_STONCKS_MSFT scheduled__2024-09-10T00:00:00+00:00 [running]> on host kaiwang.
[2024-09-16 13:56:44,492] {taskinstance.py:1569} INFO - Exporting the following env vars:
AIRFLOW_CTX_DAG_OWNER=airflow
AIRFLOW_CTX_DAG_ID=BRONZER_GET_STONCKS
AIRFLOW_CTX_TASK_ID=BRONZE_STONCKS_MSFT
AIRFLOW_CTX_EXECUTION_DATE=2024-09-10T00:00:00+00:00
AIRFLOW_CTX_TRY_NUMBER=1
AIRFLOW_CTX_DAG_RUN_ID=scheduled__2024-09-10T00:00:00+00:00
[2024-09-16 13:56:45,664] {python.py:173} INFO - Done. Returned value was: None
[2024-09-16 13:56:45,689] {taskinstance.py:1395} INFO - Marking task as SUCCESS. dag_id=BRONZER_GET_STONCKS, task_id=BRONZE_STONCKS_MSFT, execution_date=20240910T000000, start_date=20240916T165644, end_date=20240916T165645
[2024-09-16 13:56:45,737] {local_task_job.py:156} INFO - Task exited with return code 0
[2024-09-16 13:56:45,792] {local_task_job.py:273} INFO - 0 downstream tasks scheduled from follow-on schedule check
