[2024-09-16 00:08:13,620] {taskinstance.py:1159} INFO - Dependencies all met for <TaskInstance: BRONZER_GET_CRIPTOS.BRONZE_CRIPTO_DOGE scheduled__2024-08-27T00:00:00+00:00 [queued]>
[2024-09-16 00:08:13,639] {taskinstance.py:1159} INFO - Dependencies all met for <TaskInstance: BRONZER_GET_CRIPTOS.BRONZE_CRIPTO_DOGE scheduled__2024-08-27T00:00:00+00:00 [queued]>
[2024-09-16 00:08:13,640] {taskinstance.py:1356} INFO - 
--------------------------------------------------------------------------------
[2024-09-16 00:08:13,640] {taskinstance.py:1357} INFO - Starting attempt 1 of 1
[2024-09-16 00:08:13,640] {taskinstance.py:1358} INFO - 
--------------------------------------------------------------------------------
[2024-09-16 00:08:13,661] {taskinstance.py:1377} INFO - Executing <Task(_PythonDecoratedOperator): BRONZE_CRIPTO_DOGE> on 2024-08-27 00:00:00+00:00
[2024-09-16 00:08:13,666] {standard_task_runner.py:52} INFO - Started process 42440 to run task
[2024-09-16 00:08:13,677] {standard_task_runner.py:79} INFO - Running: ['airflow', 'tasks', 'run', 'BRONZER_GET_CRIPTOS', 'BRONZE_CRIPTO_DOGE', 'scheduled__2024-08-27T00:00:00+00:00', '--job-id', '1423', '--raw', '--subdir', 'DAGS_FOLDER/get_cripto.py', '--cfg-path', '/tmp/tmp9b6spz7p', '--error-file', '/tmp/tmpqoqdrv96']
[2024-09-16 00:08:13,678] {standard_task_runner.py:80} INFO - Job 1423: Subtask BRONZE_CRIPTO_DOGE
[2024-09-16 00:08:13,803] {task_command.py:370} INFO - Running <TaskInstance: BRONZER_GET_CRIPTOS.BRONZE_CRIPTO_DOGE scheduled__2024-08-27T00:00:00+00:00 [running]> on host kaiwang.
[2024-09-16 00:08:13,913] {taskinstance.py:1569} INFO - Exporting the following env vars:
AIRFLOW_CTX_DAG_OWNER=airflow
AIRFLOW_CTX_DAG_ID=BRONZER_GET_CRIPTOS
AIRFLOW_CTX_TASK_ID=BRONZE_CRIPTO_DOGE
AIRFLOW_CTX_EXECUTION_DATE=2024-08-27T00:00:00+00:00
AIRFLOW_CTX_TRY_NUMBER=1
AIRFLOW_CTX_DAG_RUN_ID=scheduled__2024-08-27T00:00:00+00:00
[2024-09-16 00:08:16,423] {history.py:122} ERROR - $DOGE: possibly delisted; no timezone found
[2024-09-16 00:08:16,427] {python.py:173} INFO - Done. Returned value was: None
[2024-09-16 00:08:16,450] {taskinstance.py:1395} INFO - Marking task as SUCCESS. dag_id=BRONZER_GET_CRIPTOS, task_id=BRONZE_CRIPTO_DOGE, execution_date=20240827T000000, start_date=20240916T030813, end_date=20240916T030816
[2024-09-16 00:08:16,509] {local_task_job.py:156} INFO - Task exited with return code 0
[2024-09-16 00:08:16,542] {local_task_job.py:273} INFO - 0 downstream tasks scheduled from follow-on schedule check
[2024-09-16 13:56:29,194] {taskinstance.py:1159} INFO - Dependencies all met for <TaskInstance: BRONZER_GET_CRIPTOS.BRONZE_CRIPTO_DOGE scheduled__2024-08-27T00:00:00+00:00 [queued]>
[2024-09-16 13:56:29,236] {taskinstance.py:1159} INFO - Dependencies all met for <TaskInstance: BRONZER_GET_CRIPTOS.BRONZE_CRIPTO_DOGE scheduled__2024-08-27T00:00:00+00:00 [queued]>
[2024-09-16 13:56:29,237] {taskinstance.py:1356} INFO - 
--------------------------------------------------------------------------------
[2024-09-16 13:56:29,237] {taskinstance.py:1357} INFO - Starting attempt 1 of 1
[2024-09-16 13:56:29,237] {taskinstance.py:1358} INFO - 
--------------------------------------------------------------------------------
[2024-09-16 13:56:29,275] {taskinstance.py:1377} INFO - Executing <Task(_PythonDecoratedOperator): BRONZE_CRIPTO_DOGE> on 2024-08-27 00:00:00+00:00
[2024-09-16 13:56:29,283] {standard_task_runner.py:52} INFO - Started process 139235 to run task
[2024-09-16 13:56:29,296] {standard_task_runner.py:79} INFO - Running: ['airflow', 'tasks', 'run', 'BRONZER_GET_CRIPTOS', 'BRONZE_CRIPTO_DOGE', 'scheduled__2024-08-27T00:00:00+00:00', '--job-id', '2589', '--raw', '--subdir', 'DAGS_FOLDER/get_cripto.py', '--cfg-path', '/tmp/tmprb5sxmjq', '--error-file', '/tmp/tmphta59xom']
[2024-09-16 13:56:29,298] {standard_task_runner.py:80} INFO - Job 2589: Subtask BRONZE_CRIPTO_DOGE
[2024-09-16 13:56:29,542] {task_command.py:370} INFO - Running <TaskInstance: BRONZER_GET_CRIPTOS.BRONZE_CRIPTO_DOGE scheduled__2024-08-27T00:00:00+00:00 [running]> on host kaiwang.
[2024-09-16 13:56:30,281] {taskinstance.py:1569} INFO - Exporting the following env vars:
AIRFLOW_CTX_DAG_OWNER=airflow
AIRFLOW_CTX_DAG_ID=BRONZER_GET_CRIPTOS
AIRFLOW_CTX_TASK_ID=BRONZE_CRIPTO_DOGE
AIRFLOW_CTX_EXECUTION_DATE=2024-08-27T00:00:00+00:00
AIRFLOW_CTX_TRY_NUMBER=1
AIRFLOW_CTX_DAG_RUN_ID=scheduled__2024-08-27T00:00:00+00:00
[2024-09-16 13:56:33,815] {history.py:122} ERROR - $DOGE: possibly delisted; no timezone found
[2024-09-16 13:56:33,820] {python.py:173} INFO - Done. Returned value was: None
[2024-09-16 13:56:33,877] {taskinstance.py:1395} INFO - Marking task as SUCCESS. dag_id=BRONZER_GET_CRIPTOS, task_id=BRONZE_CRIPTO_DOGE, execution_date=20240827T000000, start_date=20240916T165629, end_date=20240916T165633
[2024-09-16 13:56:33,953] {local_task_job.py:156} INFO - Task exited with return code 0
[2024-09-16 13:56:34,061] {local_task_job.py:273} INFO - 0 downstream tasks scheduled from follow-on schedule check
