[2024-09-16 00:06:43,064] {taskinstance.py:1159} INFO - Dependencies all met for <TaskInstance: BRONZER_GET_CRIPTOS.BRONZE_CRIPTO_ETH scheduled__2024-06-11T00:00:00+00:00 [queued]>
[2024-09-16 00:06:43,083] {taskinstance.py:1159} INFO - Dependencies all met for <TaskInstance: BRONZER_GET_CRIPTOS.BRONZE_CRIPTO_ETH scheduled__2024-06-11T00:00:00+00:00 [queued]>
[2024-09-16 00:06:43,083] {taskinstance.py:1356} INFO - 
--------------------------------------------------------------------------------
[2024-09-16 00:06:43,083] {taskinstance.py:1357} INFO - Starting attempt 1 of 1
[2024-09-16 00:06:43,083] {taskinstance.py:1358} INFO - 
--------------------------------------------------------------------------------
[2024-09-16 00:06:43,176] {taskinstance.py:1377} INFO - Executing <Task(_PythonDecoratedOperator): BRONZE_CRIPTO_ETH> on 2024-06-11 00:00:00+00:00
[2024-09-16 00:06:43,189] {standard_task_runner.py:52} INFO - Started process 35574 to run task
[2024-09-16 00:06:43,190] {standard_task_runner.py:79} INFO - Running: ['airflow', 'tasks', 'run', 'BRONZER_GET_CRIPTOS', 'BRONZE_CRIPTO_ETH', 'scheduled__2024-06-11T00:00:00+00:00', '--job-id', '1026', '--raw', '--subdir', 'DAGS_FOLDER/get_cripto.py', '--cfg-path', '/tmp/tmpetzxguvr', '--error-file', '/tmp/tmp8p5rab3y']
[2024-09-16 00:06:43,191] {standard_task_runner.py:80} INFO - Job 1026: Subtask BRONZE_CRIPTO_ETH
[2024-09-16 00:06:43,455] {task_command.py:370} INFO - Running <TaskInstance: BRONZER_GET_CRIPTOS.BRONZE_CRIPTO_ETH scheduled__2024-06-11T00:00:00+00:00 [running]> on host kaiwang.
[2024-09-16 00:06:43,829] {taskinstance.py:1569} INFO - Exporting the following env vars:
AIRFLOW_CTX_DAG_OWNER=airflow
AIRFLOW_CTX_DAG_ID=BRONZER_GET_CRIPTOS
AIRFLOW_CTX_TASK_ID=BRONZE_CRIPTO_ETH
AIRFLOW_CTX_EXECUTION_DATE=2024-06-11T00:00:00+00:00
AIRFLOW_CTX_TRY_NUMBER=1
AIRFLOW_CTX_DAG_RUN_ID=scheduled__2024-06-11T00:00:00+00:00
[2024-09-16 00:06:46,646] {history.py:244} ERROR - $ETH: possibly delisted; no price data found  (1h 2024-06-08 -> 2024-06-11) (Yahoo error = "Data doesn't exist for startDate = 1717819200, endDate = 1718078400")
[2024-09-16 00:06:46,655] {python.py:173} INFO - Done. Returned value was: None
[2024-09-16 00:06:46,779] {taskinstance.py:1395} INFO - Marking task as SUCCESS. dag_id=BRONZER_GET_CRIPTOS, task_id=BRONZE_CRIPTO_ETH, execution_date=20240611T000000, start_date=20240916T030643, end_date=20240916T030646
[2024-09-16 00:06:46,823] {local_task_job.py:156} INFO - Task exited with return code 0
[2024-09-16 00:06:46,948] {local_task_job.py:273} INFO - 0 downstream tasks scheduled from follow-on schedule check
