[2024-09-16 00:06:31,845] {taskinstance.py:1159} INFO - Dependencies all met for <TaskInstance: BRONZER_GET_CRIPTOS.BRONZE_CRIPTO_BTC scheduled__2024-06-04T00:00:00+00:00 [queued]>
[2024-09-16 00:06:31,875] {taskinstance.py:1159} INFO - Dependencies all met for <TaskInstance: BRONZER_GET_CRIPTOS.BRONZE_CRIPTO_BTC scheduled__2024-06-04T00:00:00+00:00 [queued]>
[2024-09-16 00:06:31,875] {taskinstance.py:1356} INFO - 
--------------------------------------------------------------------------------
[2024-09-16 00:06:31,875] {taskinstance.py:1357} INFO - Starting attempt 1 of 1
[2024-09-16 00:06:31,875] {taskinstance.py:1358} INFO - 
--------------------------------------------------------------------------------
[2024-09-16 00:06:31,955] {taskinstance.py:1377} INFO - Executing <Task(_PythonDecoratedOperator): BRONZE_CRIPTO_BTC> on 2024-06-04 00:00:00+00:00
[2024-09-16 00:06:31,992] {standard_task_runner.py:52} INFO - Started process 34780 to run task
[2024-09-16 00:06:32,018] {standard_task_runner.py:79} INFO - Running: ['airflow', 'tasks', 'run', 'BRONZER_GET_CRIPTOS', 'BRONZE_CRIPTO_BTC', 'scheduled__2024-06-04T00:00:00+00:00', '--job-id', '972', '--raw', '--subdir', 'DAGS_FOLDER/get_cripto.py', '--cfg-path', '/tmp/tmpy_wk006m', '--error-file', '/tmp/tmpr213rhh_']
[2024-09-16 00:06:32,019] {standard_task_runner.py:80} INFO - Job 972: Subtask BRONZE_CRIPTO_BTC
[2024-09-16 00:06:32,345] {task_command.py:370} INFO - Running <TaskInstance: BRONZER_GET_CRIPTOS.BRONZE_CRIPTO_BTC scheduled__2024-06-04T00:00:00+00:00 [running]> on host kaiwang.
[2024-09-16 00:06:32,738] {taskinstance.py:1569} INFO - Exporting the following env vars:
AIRFLOW_CTX_DAG_OWNER=airflow
AIRFLOW_CTX_DAG_ID=BRONZER_GET_CRIPTOS
AIRFLOW_CTX_TASK_ID=BRONZE_CRIPTO_BTC
AIRFLOW_CTX_EXECUTION_DATE=2024-06-04T00:00:00+00:00
AIRFLOW_CTX_TRY_NUMBER=1
AIRFLOW_CTX_DAG_RUN_ID=scheduled__2024-06-04T00:00:00+00:00
[2024-09-16 00:06:35,564] {history.py:244} ERROR - $BTC: possibly delisted; no price data found  (1h 2024-06-01 -> 2024-06-04) (Yahoo error = "Data doesn't exist for startDate = 1717214400, endDate = 1717473600")
[2024-09-16 00:06:35,568] {python.py:173} INFO - Done. Returned value was: None
[2024-09-16 00:06:35,591] {taskinstance.py:1395} INFO - Marking task as SUCCESS. dag_id=BRONZER_GET_CRIPTOS, task_id=BRONZE_CRIPTO_BTC, execution_date=20240604T000000, start_date=20240916T030631, end_date=20240916T030635
[2024-09-16 00:06:35,636] {local_task_job.py:156} INFO - Task exited with return code 0
[2024-09-16 00:06:35,699] {local_task_job.py:273} INFO - 0 downstream tasks scheduled from follow-on schedule check
