[2024-09-16 00:05:25,899] {taskinstance.py:1159} INFO - Dependencies all met for <TaskInstance: BRONZER_GET_STONCKS.BRONZE_STONCKS_MSFT scheduled__2024-04-30T00:00:00+00:00 [queued]>
[2024-09-16 00:05:25,914] {taskinstance.py:1159} INFO - Dependencies all met for <TaskInstance: BRONZER_GET_STONCKS.BRONZE_STONCKS_MSFT scheduled__2024-04-30T00:00:00+00:00 [queued]>
[2024-09-16 00:05:25,914] {taskinstance.py:1356} INFO - 
--------------------------------------------------------------------------------
[2024-09-16 00:05:25,914] {taskinstance.py:1357} INFO - Starting attempt 1 of 1
[2024-09-16 00:05:25,914] {taskinstance.py:1358} INFO - 
--------------------------------------------------------------------------------
[2024-09-16 00:05:25,970] {taskinstance.py:1377} INFO - Executing <Task(_PythonDecoratedOperator): BRONZE_STONCKS_MSFT> on 2024-04-30 00:00:00+00:00
[2024-09-16 00:05:25,983] {standard_task_runner.py:52} INFO - Started process 29255 to run task
[2024-09-16 00:05:26,022] {standard_task_runner.py:79} INFO - Running: ['airflow', 'tasks', 'run', 'BRONZER_GET_STONCKS', 'BRONZE_STONCKS_MSFT', 'scheduled__2024-04-30T00:00:00+00:00', '--job-id', '651', '--raw', '--subdir', 'DAGS_FOLDER/get_stocks.py', '--cfg-path', '/tmp/tmppwu8d37k', '--error-file', '/tmp/tmp02gcqy_f']
[2024-09-16 00:05:26,023] {standard_task_runner.py:80} INFO - Job 651: Subtask BRONZE_STONCKS_MSFT
[2024-09-16 00:05:26,307] {task_command.py:370} INFO - Running <TaskInstance: BRONZER_GET_STONCKS.BRONZE_STONCKS_MSFT scheduled__2024-04-30T00:00:00+00:00 [running]> on host kaiwang.
[2024-09-16 00:05:26,556] {taskinstance.py:1569} INFO - Exporting the following env vars:
AIRFLOW_CTX_DAG_OWNER=airflow
AIRFLOW_CTX_DAG_ID=BRONZER_GET_STONCKS
AIRFLOW_CTX_TASK_ID=BRONZE_STONCKS_MSFT
AIRFLOW_CTX_EXECUTION_DATE=2024-04-30T00:00:00+00:00
AIRFLOW_CTX_TRY_NUMBER=1
AIRFLOW_CTX_DAG_RUN_ID=scheduled__2024-04-30T00:00:00+00:00
[2024-09-16 00:05:27,124] {python.py:173} INFO - Done. Returned value was: None
[2024-09-16 00:05:27,151] {taskinstance.py:1395} INFO - Marking task as SUCCESS. dag_id=BRONZER_GET_STONCKS, task_id=BRONZE_STONCKS_MSFT, execution_date=20240430T000000, start_date=20240916T030525, end_date=20240916T030527
[2024-09-16 00:05:27,198] {local_task_job.py:156} INFO - Task exited with return code 0
[2024-09-16 00:05:27,363] {local_task_job.py:273} INFO - 0 downstream tasks scheduled from follow-on schedule check
[2024-09-16 00:16:27,426] {taskinstance.py:1159} INFO - Dependencies all met for <TaskInstance: BRONZER_GET_STONCKS.BRONZE_STONCKS_MSFT scheduled__2024-04-30T00:00:00+00:00 [queued]>
[2024-09-16 00:16:27,473] {taskinstance.py:1159} INFO - Dependencies all met for <TaskInstance: BRONZER_GET_STONCKS.BRONZE_STONCKS_MSFT scheduled__2024-04-30T00:00:00+00:00 [queued]>
[2024-09-16 00:16:27,473] {taskinstance.py:1356} INFO - 
--------------------------------------------------------------------------------
[2024-09-16 00:16:27,473] {taskinstance.py:1357} INFO - Starting attempt 1 of 1
[2024-09-16 00:16:27,473] {taskinstance.py:1358} INFO - 
--------------------------------------------------------------------------------
[2024-09-16 00:16:27,505] {taskinstance.py:1377} INFO - Executing <Task(_PythonDecoratedOperator): BRONZE_STONCKS_MSFT> on 2024-04-30 00:00:00+00:00
[2024-09-16 00:16:27,533] {standard_task_runner.py:52} INFO - Started process 59636 to run task
[2024-09-16 00:16:27,545] {standard_task_runner.py:79} INFO - Running: ['airflow', 'tasks', 'run', 'BRONZER_GET_STONCKS', 'BRONZE_STONCKS_MSFT', 'scheduled__2024-04-30T00:00:00+00:00', '--job-id', '2403', '--raw', '--subdir', 'DAGS_FOLDER/get_stocks.py', '--cfg-path', '/tmp/tmp0cin7cs9', '--error-file', '/tmp/tmp3ul8rn7c']
[2024-09-16 00:16:27,547] {standard_task_runner.py:80} INFO - Job 2403: Subtask BRONZE_STONCKS_MSFT
[2024-09-16 00:16:27,904] {task_command.py:370} INFO - Running <TaskInstance: BRONZER_GET_STONCKS.BRONZE_STONCKS_MSFT scheduled__2024-04-30T00:00:00+00:00 [running]> on host kaiwang.
[2024-09-16 00:16:28,239] {taskinstance.py:1569} INFO - Exporting the following env vars:
AIRFLOW_CTX_DAG_OWNER=airflow
AIRFLOW_CTX_DAG_ID=BRONZER_GET_STONCKS
AIRFLOW_CTX_TASK_ID=BRONZE_STONCKS_MSFT
AIRFLOW_CTX_EXECUTION_DATE=2024-04-30T00:00:00+00:00
AIRFLOW_CTX_TRY_NUMBER=1
AIRFLOW_CTX_DAG_RUN_ID=scheduled__2024-04-30T00:00:00+00:00
[2024-09-16 00:16:28,820] {python.py:173} INFO - Done. Returned value was: None
[2024-09-16 00:16:28,891] {taskinstance.py:1395} INFO - Marking task as SUCCESS. dag_id=BRONZER_GET_STONCKS, task_id=BRONZE_STONCKS_MSFT, execution_date=20240430T000000, start_date=20240916T031627, end_date=20240916T031628
[2024-09-16 00:16:28,923] {local_task_job.py:156} INFO - Task exited with return code 0
[2024-09-16 00:16:29,048] {local_task_job.py:273} INFO - 0 downstream tasks scheduled from follow-on schedule check
