[2024-09-16 00:07:48,985] {taskinstance.py:1159} INFO - Dependencies all met for <TaskInstance: BRONZER_GET_STONCKS.BRONZE_STONCKS_AAPL scheduled__2024-09-10T00:00:00+00:00 [queued]>
[2024-09-16 00:07:49,029] {taskinstance.py:1159} INFO - Dependencies all met for <TaskInstance: BRONZER_GET_STONCKS.BRONZE_STONCKS_AAPL scheduled__2024-09-10T00:00:00+00:00 [queued]>
[2024-09-16 00:07:49,030] {taskinstance.py:1356} INFO - 
--------------------------------------------------------------------------------
[2024-09-16 00:07:49,030] {taskinstance.py:1357} INFO - Starting attempt 1 of 1
[2024-09-16 00:07:49,030] {taskinstance.py:1358} INFO - 
--------------------------------------------------------------------------------
[2024-09-16 00:07:49,101] {taskinstance.py:1377} INFO - Executing <Task(_PythonDecoratedOperator): BRONZE_STONCKS_AAPL> on 2024-09-10 00:00:00+00:00
[2024-09-16 00:07:49,108] {standard_task_runner.py:52} INFO - Started process 41028 to run task
[2024-09-16 00:07:49,166] {standard_task_runner.py:79} INFO - Running: ['airflow', 'tasks', 'run', 'BRONZER_GET_STONCKS', 'BRONZE_STONCKS_AAPL', 'scheduled__2024-09-10T00:00:00+00:00', '--job-id', '1339', '--raw', '--subdir', 'DAGS_FOLDER/get_stocks.py', '--cfg-path', '/tmp/tmp42t0pfdk', '--error-file', '/tmp/tmpsvsv68pg']
[2024-09-16 00:07:49,168] {standard_task_runner.py:80} INFO - Job 1339: Subtask BRONZE_STONCKS_AAPL
[2024-09-16 00:07:49,331] {task_command.py:370} INFO - Running <TaskInstance: BRONZER_GET_STONCKS.BRONZE_STONCKS_AAPL scheduled__2024-09-10T00:00:00+00:00 [running]> on host kaiwang.
[2024-09-16 00:07:49,580] {taskinstance.py:1569} INFO - Exporting the following env vars:
AIRFLOW_CTX_DAG_OWNER=airflow
AIRFLOW_CTX_DAG_ID=BRONZER_GET_STONCKS
AIRFLOW_CTX_TASK_ID=BRONZE_STONCKS_AAPL
AIRFLOW_CTX_EXECUTION_DATE=2024-09-10T00:00:00+00:00
AIRFLOW_CTX_TRY_NUMBER=1
AIRFLOW_CTX_DAG_RUN_ID=scheduled__2024-09-10T00:00:00+00:00
[2024-09-16 00:07:50,280] {python.py:173} INFO - Done. Returned value was: None
[2024-09-16 00:07:50,533] {taskinstance.py:1395} INFO - Marking task as SUCCESS. dag_id=BRONZER_GET_STONCKS, task_id=BRONZE_STONCKS_AAPL, execution_date=20240910T000000, start_date=20240916T030748, end_date=20240916T030750
[2024-09-16 00:07:50,603] {local_task_job.py:156} INFO - Task exited with return code 0
[2024-09-16 00:07:50,751] {local_task_job.py:273} INFO - 0 downstream tasks scheduled from follow-on schedule check
[2024-09-16 13:56:44,593] {taskinstance.py:1159} INFO - Dependencies all met for <TaskInstance: BRONZER_GET_STONCKS.BRONZE_STONCKS_AAPL scheduled__2024-09-10T00:00:00+00:00 [queued]>
[2024-09-16 13:56:44,601] {taskinstance.py:1159} INFO - Dependencies all met for <TaskInstance: BRONZER_GET_STONCKS.BRONZE_STONCKS_AAPL scheduled__2024-09-10T00:00:00+00:00 [queued]>
[2024-09-16 13:56:44,601] {taskinstance.py:1356} INFO - 
--------------------------------------------------------------------------------
[2024-09-16 13:56:44,601] {taskinstance.py:1357} INFO - Starting attempt 1 of 1
[2024-09-16 13:56:44,601] {taskinstance.py:1358} INFO - 
--------------------------------------------------------------------------------
[2024-09-16 13:56:44,611] {taskinstance.py:1377} INFO - Executing <Task(_PythonDecoratedOperator): BRONZE_STONCKS_AAPL> on 2024-09-10 00:00:00+00:00
[2024-09-16 13:56:44,615] {standard_task_runner.py:52} INFO - Started process 140444 to run task
[2024-09-16 13:56:44,618] {standard_task_runner.py:79} INFO - Running: ['airflow', 'tasks', 'run', 'BRONZER_GET_STONCKS', 'BRONZE_STONCKS_AAPL', 'scheduled__2024-09-10T00:00:00+00:00', '--job-id', '2649', '--raw', '--subdir', 'DAGS_FOLDER/get_stocks.py', '--cfg-path', '/tmp/tmp1aewandy', '--error-file', '/tmp/tmpsd8bdsn6']
[2024-09-16 13:56:44,619] {standard_task_runner.py:80} INFO - Job 2649: Subtask BRONZE_STONCKS_AAPL
[2024-09-16 13:56:44,681] {task_command.py:370} INFO - Running <TaskInstance: BRONZER_GET_STONCKS.BRONZE_STONCKS_AAPL scheduled__2024-09-10T00:00:00+00:00 [running]> on host kaiwang.
[2024-09-16 13:56:44,866] {taskinstance.py:1569} INFO - Exporting the following env vars:
AIRFLOW_CTX_DAG_OWNER=airflow
AIRFLOW_CTX_DAG_ID=BRONZER_GET_STONCKS
AIRFLOW_CTX_TASK_ID=BRONZE_STONCKS_AAPL
AIRFLOW_CTX_EXECUTION_DATE=2024-09-10T00:00:00+00:00
AIRFLOW_CTX_TRY_NUMBER=1
AIRFLOW_CTX_DAG_RUN_ID=scheduled__2024-09-10T00:00:00+00:00
[2024-09-16 13:56:45,973] {python.py:173} INFO - Done. Returned value was: None
[2024-09-16 13:56:45,990] {taskinstance.py:1395} INFO - Marking task as SUCCESS. dag_id=BRONZER_GET_STONCKS, task_id=BRONZE_STONCKS_AAPL, execution_date=20240910T000000, start_date=20240916T165644, end_date=20240916T165645
[2024-09-16 13:56:46,038] {local_task_job.py:156} INFO - Task exited with return code 0
[2024-09-16 13:56:46,088] {local_task_job.py:273} INFO - 0 downstream tasks scheduled from follow-on schedule check
