[2024-09-16 00:03:02,303] {taskinstance.py:1159} INFO - Dependencies all met for <TaskInstance: BRONZER_GET_STONCKS.BRONZE_STONCKS_AAPL scheduled__2024-01-05T00:00:00+00:00 [queued]>
[2024-09-16 00:03:02,339] {taskinstance.py:1159} INFO - Dependencies all met for <TaskInstance: BRONZER_GET_STONCKS.BRONZE_STONCKS_AAPL scheduled__2024-01-05T00:00:00+00:00 [queued]>
[2024-09-16 00:03:02,339] {taskinstance.py:1356} INFO - 
--------------------------------------------------------------------------------
[2024-09-16 00:03:02,340] {taskinstance.py:1357} INFO - Starting attempt 1 of 1
[2024-09-16 00:03:02,340] {taskinstance.py:1358} INFO - 
--------------------------------------------------------------------------------
[2024-09-16 00:03:02,403] {taskinstance.py:1377} INFO - Executing <Task(_PythonDecoratedOperator): BRONZE_STONCKS_AAPL> on 2024-01-05 00:00:00+00:00
[2024-09-16 00:03:02,409] {standard_task_runner.py:52} INFO - Started process 18501 to run task
[2024-09-16 00:03:02,417] {standard_task_runner.py:79} INFO - Running: ['airflow', 'tasks', 'run', 'BRONZER_GET_STONCKS', 'BRONZE_STONCKS_AAPL', 'scheduled__2024-01-05T00:00:00+00:00', '--job-id', '33', '--raw', '--subdir', 'DAGS_FOLDER/get_stocks.py', '--cfg-path', '/tmp/tmphe8ugoap', '--error-file', '/tmp/tmpoldxegpt']
[2024-09-16 00:03:02,419] {standard_task_runner.py:80} INFO - Job 33: Subtask BRONZE_STONCKS_AAPL
[2024-09-16 00:03:02,731] {task_command.py:370} INFO - Running <TaskInstance: BRONZER_GET_STONCKS.BRONZE_STONCKS_AAPL scheduled__2024-01-05T00:00:00+00:00 [running]> on host kaiwang.
[2024-09-16 00:03:02,980] {taskinstance.py:1569} INFO - Exporting the following env vars:
AIRFLOW_CTX_DAG_OWNER=airflow
AIRFLOW_CTX_DAG_ID=BRONZER_GET_STONCKS
AIRFLOW_CTX_TASK_ID=BRONZE_STONCKS_AAPL
AIRFLOW_CTX_EXECUTION_DATE=2024-01-05T00:00:00+00:00
AIRFLOW_CTX_TRY_NUMBER=1
AIRFLOW_CTX_DAG_RUN_ID=scheduled__2024-01-05T00:00:00+00:00
[2024-09-16 00:03:03,594] {python.py:173} INFO - Done. Returned value was: None
[2024-09-16 00:03:03,671] {taskinstance.py:1395} INFO - Marking task as SUCCESS. dag_id=BRONZER_GET_STONCKS, task_id=BRONZE_STONCKS_AAPL, execution_date=20240105T000000, start_date=20240916T030302, end_date=20240916T030303
[2024-09-16 00:03:03,739] {local_task_job.py:156} INFO - Task exited with return code 0
[2024-09-16 00:03:03,951] {local_task_job.py:273} INFO - 0 downstream tasks scheduled from follow-on schedule check
[2024-09-16 00:12:45,291] {taskinstance.py:1159} INFO - Dependencies all met for <TaskInstance: BRONZER_GET_STONCKS.BRONZE_STONCKS_AAPL scheduled__2024-01-05T00:00:00+00:00 [queued]>
[2024-09-16 00:12:45,333] {taskinstance.py:1159} INFO - Dependencies all met for <TaskInstance: BRONZER_GET_STONCKS.BRONZE_STONCKS_AAPL scheduled__2024-01-05T00:00:00+00:00 [queued]>
[2024-09-16 00:12:45,333] {taskinstance.py:1356} INFO - 
--------------------------------------------------------------------------------
[2024-09-16 00:12:45,333] {taskinstance.py:1357} INFO - Starting attempt 1 of 1
[2024-09-16 00:12:45,333] {taskinstance.py:1358} INFO - 
--------------------------------------------------------------------------------
[2024-09-16 00:12:45,379] {taskinstance.py:1377} INFO - Executing <Task(_PythonDecoratedOperator): BRONZE_STONCKS_AAPL> on 2024-01-05 00:00:00+00:00
[2024-09-16 00:12:45,383] {standard_task_runner.py:52} INFO - Started process 43963 to run task
[2024-09-16 00:12:45,403] {standard_task_runner.py:79} INFO - Running: ['airflow', 'tasks', 'run', 'BRONZER_GET_STONCKS', 'BRONZE_STONCKS_AAPL', 'scheduled__2024-01-05T00:00:00+00:00', '--job-id', '1503', '--raw', '--subdir', 'DAGS_FOLDER/get_stocks.py', '--cfg-path', '/tmp/tmp07_hf8c_', '--error-file', '/tmp/tmpyeywix0h']
[2024-09-16 00:12:45,404] {standard_task_runner.py:80} INFO - Job 1503: Subtask BRONZE_STONCKS_AAPL
[2024-09-16 00:12:45,619] {task_command.py:370} INFO - Running <TaskInstance: BRONZER_GET_STONCKS.BRONZE_STONCKS_AAPL scheduled__2024-01-05T00:00:00+00:00 [running]> on host kaiwang.
[2024-09-16 00:12:45,833] {taskinstance.py:1569} INFO - Exporting the following env vars:
AIRFLOW_CTX_DAG_OWNER=airflow
AIRFLOW_CTX_DAG_ID=BRONZER_GET_STONCKS
AIRFLOW_CTX_TASK_ID=BRONZE_STONCKS_AAPL
AIRFLOW_CTX_EXECUTION_DATE=2024-01-05T00:00:00+00:00
AIRFLOW_CTX_TRY_NUMBER=1
AIRFLOW_CTX_DAG_RUN_ID=scheduled__2024-01-05T00:00:00+00:00
[2024-09-16 00:12:46,446] {python.py:173} INFO - Done. Returned value was: None
[2024-09-16 00:12:46,467] {taskinstance.py:1395} INFO - Marking task as SUCCESS. dag_id=BRONZER_GET_STONCKS, task_id=BRONZE_STONCKS_AAPL, execution_date=20240105T000000, start_date=20240916T031245, end_date=20240916T031246
[2024-09-16 00:12:46,492] {local_task_job.py:156} INFO - Task exited with return code 0
[2024-09-16 00:12:46,539] {local_task_job.py:273} INFO - 0 downstream tasks scheduled from follow-on schedule check
[2024-09-16 00:14:20,794] {taskinstance.py:1159} INFO - Dependencies all met for <TaskInstance: BRONZER_GET_STONCKS.BRONZE_STONCKS_AAPL scheduled__2024-01-05T00:00:00+00:00 [queued]>
[2024-09-16 00:14:20,868] {taskinstance.py:1159} INFO - Dependencies all met for <TaskInstance: BRONZER_GET_STONCKS.BRONZE_STONCKS_AAPL scheduled__2024-01-05T00:00:00+00:00 [queued]>
[2024-09-16 00:14:20,868] {taskinstance.py:1356} INFO - 
--------------------------------------------------------------------------------
[2024-09-16 00:14:20,868] {taskinstance.py:1357} INFO - Starting attempt 1 of 1
[2024-09-16 00:14:20,868] {taskinstance.py:1358} INFO - 
--------------------------------------------------------------------------------
[2024-09-16 00:14:20,912] {taskinstance.py:1377} INFO - Executing <Task(_PythonDecoratedOperator): BRONZE_STONCKS_AAPL> on 2024-01-05 00:00:00+00:00
[2024-09-16 00:14:20,917] {standard_task_runner.py:52} INFO - Started process 49425 to run task
[2024-09-16 00:14:20,932] {standard_task_runner.py:79} INFO - Running: ['airflow', 'tasks', 'run', 'BRONZER_GET_STONCKS', 'BRONZE_STONCKS_AAPL', 'scheduled__2024-01-05T00:00:00+00:00', '--job-id', '1816', '--raw', '--subdir', 'DAGS_FOLDER/get_stocks.py', '--cfg-path', '/tmp/tmpw12c82sb', '--error-file', '/tmp/tmpn_zshe2a']
[2024-09-16 00:14:20,967] {standard_task_runner.py:80} INFO - Job 1816: Subtask BRONZE_STONCKS_AAPL
[2024-09-16 00:14:21,205] {task_command.py:370} INFO - Running <TaskInstance: BRONZER_GET_STONCKS.BRONZE_STONCKS_AAPL scheduled__2024-01-05T00:00:00+00:00 [running]> on host kaiwang.
[2024-09-16 00:14:21,366] {taskinstance.py:1569} INFO - Exporting the following env vars:
AIRFLOW_CTX_DAG_OWNER=airflow
AIRFLOW_CTX_DAG_ID=BRONZER_GET_STONCKS
AIRFLOW_CTX_TASK_ID=BRONZE_STONCKS_AAPL
AIRFLOW_CTX_EXECUTION_DATE=2024-01-05T00:00:00+00:00
AIRFLOW_CTX_TRY_NUMBER=1
AIRFLOW_CTX_DAG_RUN_ID=scheduled__2024-01-05T00:00:00+00:00
[2024-09-16 00:14:22,155] {python.py:173} INFO - Done. Returned value was: None
[2024-09-16 00:14:22,189] {taskinstance.py:1395} INFO - Marking task as SUCCESS. dag_id=BRONZER_GET_STONCKS, task_id=BRONZE_STONCKS_AAPL, execution_date=20240105T000000, start_date=20240916T031420, end_date=20240916T031422
[2024-09-16 00:14:22,248] {local_task_job.py:156} INFO - Task exited with return code 0
[2024-09-16 00:14:22,316] {local_task_job.py:273} INFO - 0 downstream tasks scheduled from follow-on schedule check
