[2024-09-16 00:07:44,582] {taskinstance.py:1159} INFO - Dependencies all met for <TaskInstance: BRONZER_GET_STONCKS.BRONZE_STONCKS_GOOG scheduled__2024-09-06T00:00:00+00:00 [queued]>
[2024-09-16 00:07:44,605] {taskinstance.py:1159} INFO - Dependencies all met for <TaskInstance: BRONZER_GET_STONCKS.BRONZE_STONCKS_GOOG scheduled__2024-09-06T00:00:00+00:00 [queued]>
[2024-09-16 00:07:44,606] {taskinstance.py:1356} INFO - 
--------------------------------------------------------------------------------
[2024-09-16 00:07:44,606] {taskinstance.py:1357} INFO - Starting attempt 1 of 1
[2024-09-16 00:07:44,606] {taskinstance.py:1358} INFO - 
--------------------------------------------------------------------------------
[2024-09-16 00:07:44,661] {taskinstance.py:1377} INFO - Executing <Task(_PythonDecoratedOperator): BRONZE_STONCKS_GOOG> on 2024-09-06 00:00:00+00:00
[2024-09-16 00:07:44,667] {standard_task_runner.py:52} INFO - Started process 40639 to run task
[2024-09-16 00:07:44,687] {standard_task_runner.py:79} INFO - Running: ['airflow', 'tasks', 'run', 'BRONZER_GET_STONCKS', 'BRONZE_STONCKS_GOOG', 'scheduled__2024-09-06T00:00:00+00:00', '--job-id', '1319', '--raw', '--subdir', 'DAGS_FOLDER/get_stocks.py', '--cfg-path', '/tmp/tmpemf_8q5n', '--error-file', '/tmp/tmpc0ei0ub6']
[2024-09-16 00:07:44,688] {standard_task_runner.py:80} INFO - Job 1319: Subtask BRONZE_STONCKS_GOOG
[2024-09-16 00:07:45,071] {task_command.py:370} INFO - Running <TaskInstance: BRONZER_GET_STONCKS.BRONZE_STONCKS_GOOG scheduled__2024-09-06T00:00:00+00:00 [running]> on host kaiwang.
[2024-09-16 00:07:45,360] {taskinstance.py:1569} INFO - Exporting the following env vars:
AIRFLOW_CTX_DAG_OWNER=airflow
AIRFLOW_CTX_DAG_ID=BRONZER_GET_STONCKS
AIRFLOW_CTX_TASK_ID=BRONZE_STONCKS_GOOG
AIRFLOW_CTX_EXECUTION_DATE=2024-09-06T00:00:00+00:00
AIRFLOW_CTX_TRY_NUMBER=1
AIRFLOW_CTX_DAG_RUN_ID=scheduled__2024-09-06T00:00:00+00:00
[2024-09-16 00:07:46,017] {python.py:173} INFO - Done. Returned value was: None
[2024-09-16 00:07:46,088] {taskinstance.py:1395} INFO - Marking task as SUCCESS. dag_id=BRONZER_GET_STONCKS, task_id=BRONZE_STONCKS_GOOG, execution_date=20240906T000000, start_date=20240916T030744, end_date=20240916T030746
[2024-09-16 00:07:46,197] {local_task_job.py:156} INFO - Task exited with return code 0
[2024-09-16 00:07:46,436] {local_task_job.py:273} INFO - 0 downstream tasks scheduled from follow-on schedule check
[2024-09-16 13:56:39,700] {taskinstance.py:1159} INFO - Dependencies all met for <TaskInstance: BRONZER_GET_STONCKS.BRONZE_STONCKS_GOOG scheduled__2024-09-06T00:00:00+00:00 [queued]>
[2024-09-16 13:56:39,752] {taskinstance.py:1159} INFO - Dependencies all met for <TaskInstance: BRONZER_GET_STONCKS.BRONZE_STONCKS_GOOG scheduled__2024-09-06T00:00:00+00:00 [queued]>
[2024-09-16 13:56:39,752] {taskinstance.py:1356} INFO - 
--------------------------------------------------------------------------------
[2024-09-16 13:56:39,752] {taskinstance.py:1357} INFO - Starting attempt 1 of 1
[2024-09-16 13:56:39,752] {taskinstance.py:1358} INFO - 
--------------------------------------------------------------------------------
[2024-09-16 13:56:39,790] {taskinstance.py:1377} INFO - Executing <Task(_PythonDecoratedOperator): BRONZE_STONCKS_GOOG> on 2024-09-06 00:00:00+00:00
[2024-09-16 13:56:39,853] {standard_task_runner.py:52} INFO - Started process 140075 to run task
[2024-09-16 13:56:39,851] {standard_task_runner.py:79} INFO - Running: ['airflow', 'tasks', 'run', 'BRONZER_GET_STONCKS', 'BRONZE_STONCKS_GOOG', 'scheduled__2024-09-06T00:00:00+00:00', '--job-id', '2628', '--raw', '--subdir', 'DAGS_FOLDER/get_stocks.py', '--cfg-path', '/tmp/tmpg818k61s', '--error-file', '/tmp/tmprq91lgal']
[2024-09-16 13:56:39,860] {standard_task_runner.py:80} INFO - Job 2628: Subtask BRONZE_STONCKS_GOOG
[2024-09-16 13:56:40,161] {task_command.py:370} INFO - Running <TaskInstance: BRONZER_GET_STONCKS.BRONZE_STONCKS_GOOG scheduled__2024-09-06T00:00:00+00:00 [running]> on host kaiwang.
[2024-09-16 13:56:40,857] {taskinstance.py:1569} INFO - Exporting the following env vars:
AIRFLOW_CTX_DAG_OWNER=airflow
AIRFLOW_CTX_DAG_ID=BRONZER_GET_STONCKS
AIRFLOW_CTX_TASK_ID=BRONZE_STONCKS_GOOG
AIRFLOW_CTX_EXECUTION_DATE=2024-09-06T00:00:00+00:00
AIRFLOW_CTX_TRY_NUMBER=1
AIRFLOW_CTX_DAG_RUN_ID=scheduled__2024-09-06T00:00:00+00:00
[2024-09-16 13:56:42,116] {python.py:173} INFO - Done. Returned value was: None
[2024-09-16 13:56:42,258] {taskinstance.py:1395} INFO - Marking task as SUCCESS. dag_id=BRONZER_GET_STONCKS, task_id=BRONZE_STONCKS_GOOG, execution_date=20240906T000000, start_date=20240916T165639, end_date=20240916T165642
[2024-09-16 13:56:42,345] {local_task_job.py:156} INFO - Task exited with return code 0
[2024-09-16 13:56:42,449] {local_task_job.py:273} INFO - 0 downstream tasks scheduled from follow-on schedule check
