[2024-09-16 00:04:14,521] {taskinstance.py:1159} INFO - Dependencies all met for <TaskInstance: BRONZER_GET_STONCKS.BRONZE_STONCKS_AAPL scheduled__2024-02-28T00:00:00+00:00 [queued]>
[2024-09-16 00:04:14,552] {taskinstance.py:1159} INFO - Dependencies all met for <TaskInstance: BRONZER_GET_STONCKS.BRONZE_STONCKS_AAPL scheduled__2024-02-28T00:00:00+00:00 [queued]>
[2024-09-16 00:04:14,552] {taskinstance.py:1356} INFO - 
--------------------------------------------------------------------------------
[2024-09-16 00:04:14,552] {taskinstance.py:1357} INFO - Starting attempt 1 of 1
[2024-09-16 00:04:14,552] {taskinstance.py:1358} INFO - 
--------------------------------------------------------------------------------
[2024-09-16 00:04:14,614] {taskinstance.py:1377} INFO - Executing <Task(_PythonDecoratedOperator): BRONZE_STONCKS_AAPL> on 2024-02-28 00:00:00+00:00
[2024-09-16 00:04:14,622] {standard_task_runner.py:52} INFO - Started process 23616 to run task
[2024-09-16 00:04:14,654] {standard_task_runner.py:79} INFO - Running: ['airflow', 'tasks', 'run', 'BRONZER_GET_STONCKS', 'BRONZE_STONCKS_AAPL', 'scheduled__2024-02-28T00:00:00+00:00', '--job-id', '327', '--raw', '--subdir', 'DAGS_FOLDER/get_stocks.py', '--cfg-path', '/tmp/tmplz5cw7l4', '--error-file', '/tmp/tmpy61hhkgz']
[2024-09-16 00:04:14,655] {standard_task_runner.py:80} INFO - Job 327: Subtask BRONZE_STONCKS_AAPL
[2024-09-16 00:04:14,922] {task_command.py:370} INFO - Running <TaskInstance: BRONZER_GET_STONCKS.BRONZE_STONCKS_AAPL scheduled__2024-02-28T00:00:00+00:00 [running]> on host kaiwang.
[2024-09-16 00:04:15,198] {taskinstance.py:1569} INFO - Exporting the following env vars:
AIRFLOW_CTX_DAG_OWNER=airflow
AIRFLOW_CTX_DAG_ID=BRONZER_GET_STONCKS
AIRFLOW_CTX_TASK_ID=BRONZE_STONCKS_AAPL
AIRFLOW_CTX_EXECUTION_DATE=2024-02-28T00:00:00+00:00
AIRFLOW_CTX_TRY_NUMBER=1
AIRFLOW_CTX_DAG_RUN_ID=scheduled__2024-02-28T00:00:00+00:00
[2024-09-16 00:04:15,803] {python.py:173} INFO - Done. Returned value was: None
[2024-09-16 00:04:15,873] {taskinstance.py:1395} INFO - Marking task as SUCCESS. dag_id=BRONZER_GET_STONCKS, task_id=BRONZE_STONCKS_AAPL, execution_date=20240228T000000, start_date=20240916T030414, end_date=20240916T030415
[2024-09-16 00:04:15,915] {local_task_job.py:156} INFO - Task exited with return code 0
[2024-09-16 00:04:15,958] {local_task_job.py:273} INFO - 0 downstream tasks scheduled from follow-on schedule check
[2024-09-16 00:13:47,924] {taskinstance.py:1159} INFO - Dependencies all met for <TaskInstance: BRONZER_GET_STONCKS.BRONZE_STONCKS_AAPL scheduled__2024-02-28T00:00:00+00:00 [queued]>
[2024-09-16 00:13:47,948] {taskinstance.py:1159} INFO - Dependencies all met for <TaskInstance: BRONZER_GET_STONCKS.BRONZE_STONCKS_AAPL scheduled__2024-02-28T00:00:00+00:00 [queued]>
[2024-09-16 00:13:47,948] {taskinstance.py:1356} INFO - 
--------------------------------------------------------------------------------
[2024-09-16 00:13:47,948] {taskinstance.py:1357} INFO - Starting attempt 1 of 1
[2024-09-16 00:13:47,948] {taskinstance.py:1358} INFO - 
--------------------------------------------------------------------------------
[2024-09-16 00:13:47,979] {taskinstance.py:1377} INFO - Executing <Task(_PythonDecoratedOperator): BRONZE_STONCKS_AAPL> on 2024-02-28 00:00:00+00:00
[2024-09-16 00:13:47,986] {standard_task_runner.py:52} INFO - Started process 48936 to run task
[2024-09-16 00:13:47,991] {standard_task_runner.py:79} INFO - Running: ['airflow', 'tasks', 'run', 'BRONZER_GET_STONCKS', 'BRONZE_STONCKS_AAPL', 'scheduled__2024-02-28T00:00:00+00:00', '--job-id', '1782', '--raw', '--subdir', 'DAGS_FOLDER/get_stocks.py', '--cfg-path', '/tmp/tmp4687l2w_', '--error-file', '/tmp/tmpmpy976wd']
[2024-09-16 00:13:47,998] {standard_task_runner.py:80} INFO - Job 1782: Subtask BRONZE_STONCKS_AAPL
[2024-09-16 00:13:48,154] {task_command.py:370} INFO - Running <TaskInstance: BRONZER_GET_STONCKS.BRONZE_STONCKS_AAPL scheduled__2024-02-28T00:00:00+00:00 [running]> on host kaiwang.
[2024-09-16 00:13:48,315] {taskinstance.py:1569} INFO - Exporting the following env vars:
AIRFLOW_CTX_DAG_OWNER=airflow
AIRFLOW_CTX_DAG_ID=BRONZER_GET_STONCKS
AIRFLOW_CTX_TASK_ID=BRONZE_STONCKS_AAPL
AIRFLOW_CTX_EXECUTION_DATE=2024-02-28T00:00:00+00:00
AIRFLOW_CTX_TRY_NUMBER=1
AIRFLOW_CTX_DAG_RUN_ID=scheduled__2024-02-28T00:00:00+00:00
[2024-09-16 00:13:48,970] {python.py:173} INFO - Done. Returned value was: None
[2024-09-16 00:13:49,009] {taskinstance.py:1395} INFO - Marking task as SUCCESS. dag_id=BRONZER_GET_STONCKS, task_id=BRONZE_STONCKS_AAPL, execution_date=20240228T000000, start_date=20240916T031347, end_date=20240916T031349
[2024-09-16 00:13:49,057] {local_task_job.py:156} INFO - Task exited with return code 0
[2024-09-16 00:13:49,129] {local_task_job.py:273} INFO - 0 downstream tasks scheduled from follow-on schedule check
[2024-09-16 00:15:24,456] {taskinstance.py:1159} INFO - Dependencies all met for <TaskInstance: BRONZER_GET_STONCKS.BRONZE_STONCKS_AAPL scheduled__2024-02-28T00:00:00+00:00 [queued]>
[2024-09-16 00:15:24,500] {taskinstance.py:1159} INFO - Dependencies all met for <TaskInstance: BRONZER_GET_STONCKS.BRONZE_STONCKS_AAPL scheduled__2024-02-28T00:00:00+00:00 [queued]>
[2024-09-16 00:15:24,500] {taskinstance.py:1356} INFO - 
--------------------------------------------------------------------------------
[2024-09-16 00:15:24,500] {taskinstance.py:1357} INFO - Starting attempt 1 of 1
[2024-09-16 00:15:24,500] {taskinstance.py:1358} INFO - 
--------------------------------------------------------------------------------
[2024-09-16 00:15:24,539] {taskinstance.py:1377} INFO - Executing <Task(_PythonDecoratedOperator): BRONZE_STONCKS_AAPL> on 2024-02-28 00:00:00+00:00
[2024-09-16 00:15:24,544] {standard_task_runner.py:52} INFO - Started process 54498 to run task
[2024-09-16 00:15:24,572] {standard_task_runner.py:79} INFO - Running: ['airflow', 'tasks', 'run', 'BRONZER_GET_STONCKS', 'BRONZE_STONCKS_AAPL', 'scheduled__2024-02-28T00:00:00+00:00', '--job-id', '2105', '--raw', '--subdir', 'DAGS_FOLDER/get_stocks.py', '--cfg-path', '/tmp/tmpikaft4p8', '--error-file', '/tmp/tmpxfol40ma']
[2024-09-16 00:15:24,573] {standard_task_runner.py:80} INFO - Job 2105: Subtask BRONZE_STONCKS_AAPL
[2024-09-16 00:15:24,776] {task_command.py:370} INFO - Running <TaskInstance: BRONZER_GET_STONCKS.BRONZE_STONCKS_AAPL scheduled__2024-02-28T00:00:00+00:00 [running]> on host kaiwang.
[2024-09-16 00:15:24,994] {taskinstance.py:1569} INFO - Exporting the following env vars:
AIRFLOW_CTX_DAG_OWNER=airflow
AIRFLOW_CTX_DAG_ID=BRONZER_GET_STONCKS
AIRFLOW_CTX_TASK_ID=BRONZE_STONCKS_AAPL
AIRFLOW_CTX_EXECUTION_DATE=2024-02-28T00:00:00+00:00
AIRFLOW_CTX_TRY_NUMBER=1
AIRFLOW_CTX_DAG_RUN_ID=scheduled__2024-02-28T00:00:00+00:00
[2024-09-16 00:15:25,608] {python.py:173} INFO - Done. Returned value was: None
[2024-09-16 00:15:25,632] {taskinstance.py:1395} INFO - Marking task as SUCCESS. dag_id=BRONZER_GET_STONCKS, task_id=BRONZE_STONCKS_AAPL, execution_date=20240228T000000, start_date=20240916T031524, end_date=20240916T031525
[2024-09-16 00:15:25,665] {local_task_job.py:156} INFO - Task exited with return code 0
[2024-09-16 00:15:25,716] {local_task_job.py:273} INFO - 0 downstream tasks scheduled from follow-on schedule check
