[2024-09-16 00:04:18,233] {taskinstance.py:1159} INFO - Dependencies all met for <TaskInstance: BRONZER_GET_CRIPTOS.BRONZE_CRIPTO_BTC scheduled__2024-02-27T00:00:00+00:00 [queued]>
[2024-09-16 00:04:18,289] {taskinstance.py:1159} INFO - Dependencies all met for <TaskInstance: BRONZER_GET_CRIPTOS.BRONZE_CRIPTO_BTC scheduled__2024-02-27T00:00:00+00:00 [queued]>
[2024-09-16 00:04:18,289] {taskinstance.py:1356} INFO - 
--------------------------------------------------------------------------------
[2024-09-16 00:04:18,289] {taskinstance.py:1357} INFO - Starting attempt 1 of 1
[2024-09-16 00:04:18,289] {taskinstance.py:1358} INFO - 
--------------------------------------------------------------------------------
[2024-09-16 00:04:18,336] {taskinstance.py:1377} INFO - Executing <Task(_PythonDecoratedOperator): BRONZE_CRIPTO_BTC> on 2024-02-27 00:00:00+00:00
[2024-09-16 00:04:18,344] {standard_task_runner.py:52} INFO - Started process 23960 to run task
[2024-09-16 00:04:18,374] {standard_task_runner.py:79} INFO - Running: ['airflow', 'tasks', 'run', 'BRONZER_GET_CRIPTOS', 'BRONZE_CRIPTO_BTC', 'scheduled__2024-02-27T00:00:00+00:00', '--job-id', '346', '--raw', '--subdir', 'DAGS_FOLDER/get_cripto.py', '--cfg-path', '/tmp/tmp3qv9tt75', '--error-file', '/tmp/tmp5ac9xbc5']
[2024-09-16 00:04:18,375] {standard_task_runner.py:80} INFO - Job 346: Subtask BRONZE_CRIPTO_BTC
[2024-09-16 00:04:18,612] {task_command.py:370} INFO - Running <TaskInstance: BRONZER_GET_CRIPTOS.BRONZE_CRIPTO_BTC scheduled__2024-02-27T00:00:00+00:00 [running]> on host kaiwang.
[2024-09-16 00:04:18,746] {taskinstance.py:1569} INFO - Exporting the following env vars:
AIRFLOW_CTX_DAG_OWNER=airflow
AIRFLOW_CTX_DAG_ID=BRONZER_GET_CRIPTOS
AIRFLOW_CTX_TASK_ID=BRONZE_CRIPTO_BTC
AIRFLOW_CTX_EXECUTION_DATE=2024-02-27T00:00:00+00:00
AIRFLOW_CTX_TRY_NUMBER=1
AIRFLOW_CTX_DAG_RUN_ID=scheduled__2024-02-27T00:00:00+00:00
[2024-09-16 00:04:21,438] {history.py:244} ERROR - $BTC: possibly delisted; no price data found  (1h 2024-02-24 -> 2024-02-27) (Yahoo error = "Data doesn't exist for startDate = 1708750800, endDate = 1709010000")
[2024-09-16 00:04:21,448] {python.py:173} INFO - Done. Returned value was: None
[2024-09-16 00:04:21,554] {taskinstance.py:1395} INFO - Marking task as SUCCESS. dag_id=BRONZER_GET_CRIPTOS, task_id=BRONZE_CRIPTO_BTC, execution_date=20240227T000000, start_date=20240916T030418, end_date=20240916T030421
[2024-09-16 00:04:21,656] {local_task_job.py:156} INFO - Task exited with return code 0
[2024-09-16 00:04:21,905] {local_task_job.py:273} INFO - 0 downstream tasks scheduled from follow-on schedule check
[2024-09-16 00:15:30,072] {taskinstance.py:1159} INFO - Dependencies all met for <TaskInstance: BRONZER_GET_CRIPTOS.BRONZE_CRIPTO_BTC scheduled__2024-02-27T00:00:00+00:00 [queued]>
[2024-09-16 00:15:30,105] {taskinstance.py:1159} INFO - Dependencies all met for <TaskInstance: BRONZER_GET_CRIPTOS.BRONZE_CRIPTO_BTC scheduled__2024-02-27T00:00:00+00:00 [queued]>
[2024-09-16 00:15:30,105] {taskinstance.py:1356} INFO - 
--------------------------------------------------------------------------------
[2024-09-16 00:15:30,105] {taskinstance.py:1357} INFO - Starting attempt 1 of 1
[2024-09-16 00:15:30,105] {taskinstance.py:1358} INFO - 
--------------------------------------------------------------------------------
[2024-09-16 00:15:30,161] {taskinstance.py:1377} INFO - Executing <Task(_PythonDecoratedOperator): BRONZE_CRIPTO_BTC> on 2024-02-27 00:00:00+00:00
[2024-09-16 00:15:30,167] {standard_task_runner.py:52} INFO - Started process 54934 to run task
[2024-09-16 00:15:30,189] {standard_task_runner.py:79} INFO - Running: ['airflow', 'tasks', 'run', 'BRONZER_GET_CRIPTOS', 'BRONZE_CRIPTO_BTC', 'scheduled__2024-02-27T00:00:00+00:00', '--job-id', '2127', '--raw', '--subdir', 'DAGS_FOLDER/get_cripto.py', '--cfg-path', '/tmp/tmpnijvjoo4', '--error-file', '/tmp/tmp7o1ay_k4']
[2024-09-16 00:15:30,190] {standard_task_runner.py:80} INFO - Job 2127: Subtask BRONZE_CRIPTO_BTC
[2024-09-16 00:15:30,558] {task_command.py:370} INFO - Running <TaskInstance: BRONZER_GET_CRIPTOS.BRONZE_CRIPTO_BTC scheduled__2024-02-27T00:00:00+00:00 [running]> on host kaiwang.
[2024-09-16 00:15:30,919] {taskinstance.py:1569} INFO - Exporting the following env vars:
AIRFLOW_CTX_DAG_OWNER=airflow
AIRFLOW_CTX_DAG_ID=BRONZER_GET_CRIPTOS
AIRFLOW_CTX_TASK_ID=BRONZE_CRIPTO_BTC
AIRFLOW_CTX_EXECUTION_DATE=2024-02-27T00:00:00+00:00
AIRFLOW_CTX_TRY_NUMBER=1
AIRFLOW_CTX_DAG_RUN_ID=scheduled__2024-02-27T00:00:00+00:00
[2024-09-16 00:15:33,863] {history.py:244} ERROR - $BTC: possibly delisted; no price data found  (1h 2024-02-24 -> 2024-02-27) (Yahoo error = "Data doesn't exist for startDate = 1708750800, endDate = 1709010000")
[2024-09-16 00:15:33,867] {python.py:173} INFO - Done. Returned value was: None
[2024-09-16 00:15:33,969] {taskinstance.py:1395} INFO - Marking task as SUCCESS. dag_id=BRONZER_GET_CRIPTOS, task_id=BRONZE_CRIPTO_BTC, execution_date=20240227T000000, start_date=20240916T031530, end_date=20240916T031533
[2024-09-16 00:15:34,058] {local_task_job.py:156} INFO - Task exited with return code 0
[2024-09-16 00:15:34,223] {local_task_job.py:273} INFO - 0 downstream tasks scheduled from follow-on schedule check
