[2024-09-15 23:30:29,465] {taskinstance.py:1159} INFO - Dependencies all met for <TaskInstance: BRONZER_GET_STONCKS.BRONZE_STONCKS_AAPL scheduled__2024-02-03T00:00:00+00:00 [queued]>
[2024-09-15 23:30:29,469] {taskinstance.py:1159} INFO - Dependencies all met for <TaskInstance: BRONZER_GET_STONCKS.BRONZE_STONCKS_AAPL scheduled__2024-02-03T00:00:00+00:00 [queued]>
[2024-09-15 23:30:29,469] {taskinstance.py:1356} INFO - 
--------------------------------------------------------------------------------
[2024-09-15 23:30:29,469] {taskinstance.py:1357} INFO - Starting attempt 1 of 1
[2024-09-15 23:30:29,469] {taskinstance.py:1358} INFO - 
--------------------------------------------------------------------------------
[2024-09-15 23:30:29,481] {taskinstance.py:1377} INFO - Executing <Task(_PythonDecoratedOperator): BRONZE_STONCKS_AAPL> on 2024-02-03 00:00:00+00:00
[2024-09-15 23:30:29,483] {standard_task_runner.py:52} INFO - Started process 14736 to run task
[2024-09-15 23:30:29,486] {standard_task_runner.py:79} INFO - Running: ['airflow', 'tasks', 'run', 'BRONZER_GET_STONCKS', 'BRONZE_STONCKS_AAPL', 'scheduled__2024-02-03T00:00:00+00:00', '--job-id', '154', '--raw', '--subdir', 'DAGS_FOLDER/get_stocks.py', '--cfg-path', '/tmp/tmpm7uu__9l', '--error-file', '/tmp/tmpcq6cy78t']
[2024-09-15 23:30:29,486] {standard_task_runner.py:80} INFO - Job 154: Subtask BRONZE_STONCKS_AAPL
[2024-09-15 23:30:29,514] {task_command.py:370} INFO - Running <TaskInstance: BRONZER_GET_STONCKS.BRONZE_STONCKS_AAPL scheduled__2024-02-03T00:00:00+00:00 [running]> on host kaiwang.
[2024-09-15 23:30:29,552] {taskinstance.py:1569} INFO - Exporting the following env vars:
AIRFLOW_CTX_DAG_OWNER=airflow
AIRFLOW_CTX_DAG_ID=BRONZER_GET_STONCKS
AIRFLOW_CTX_TASK_ID=BRONZE_STONCKS_AAPL
AIRFLOW_CTX_EXECUTION_DATE=2024-02-03T00:00:00+00:00
AIRFLOW_CTX_TRY_NUMBER=1
AIRFLOW_CTX_DAG_RUN_ID=scheduled__2024-02-03T00:00:00+00:00
[2024-09-15 23:30:32,085] {history.py:244} ERROR - $AAPL: possibly delisted; no price data found  (1h 2024-01-31 -> 2024-01-03) (Yahoo error = "Invalid input - start date cannot be after end date. startDate = 1706677200, endDate = 1704258000")
[2024-09-15 23:30:32,088] {python.py:173} INFO - Done. Returned value was: None
[2024-09-15 23:30:32,095] {taskinstance.py:1395} INFO - Marking task as SUCCESS. dag_id=BRONZER_GET_STONCKS, task_id=BRONZE_STONCKS_AAPL, execution_date=20240203T000000, start_date=20240916T023029, end_date=20240916T023032
[2024-09-15 23:30:32,114] {local_task_job.py:156} INFO - Task exited with return code 0
[2024-09-15 23:30:32,125] {local_task_job.py:273} INFO - 0 downstream tasks scheduled from follow-on schedule check
[2024-09-16 00:03:46,473] {taskinstance.py:1159} INFO - Dependencies all met for <TaskInstance: BRONZER_GET_STONCKS.BRONZE_STONCKS_AAPL scheduled__2024-02-03T00:00:00+00:00 [queued]>
[2024-09-16 00:03:46,522] {taskinstance.py:1159} INFO - Dependencies all met for <TaskInstance: BRONZER_GET_STONCKS.BRONZE_STONCKS_AAPL scheduled__2024-02-03T00:00:00+00:00 [queued]>
[2024-09-16 00:03:46,522] {taskinstance.py:1356} INFO - 
--------------------------------------------------------------------------------
[2024-09-16 00:03:46,523] {taskinstance.py:1357} INFO - Starting attempt 1 of 1
[2024-09-16 00:03:46,523] {taskinstance.py:1358} INFO - 
--------------------------------------------------------------------------------
[2024-09-16 00:03:46,614] {taskinstance.py:1377} INFO - Executing <Task(_PythonDecoratedOperator): BRONZE_STONCKS_AAPL> on 2024-02-03 00:00:00+00:00
[2024-09-16 00:03:46,632] {standard_task_runner.py:52} INFO - Started process 21456 to run task
[2024-09-16 00:03:46,647] {standard_task_runner.py:79} INFO - Running: ['airflow', 'tasks', 'run', 'BRONZER_GET_STONCKS', 'BRONZE_STONCKS_AAPL', 'scheduled__2024-02-03T00:00:00+00:00', '--job-id', '197', '--raw', '--subdir', 'DAGS_FOLDER/get_stocks.py', '--cfg-path', '/tmp/tmpz3m9j62z', '--error-file', '/tmp/tmpabdvudna']
[2024-09-16 00:03:46,648] {standard_task_runner.py:80} INFO - Job 197: Subtask BRONZE_STONCKS_AAPL
[2024-09-16 00:03:47,013] {task_command.py:370} INFO - Running <TaskInstance: BRONZER_GET_STONCKS.BRONZE_STONCKS_AAPL scheduled__2024-02-03T00:00:00+00:00 [running]> on host kaiwang.
[2024-09-16 00:03:47,415] {taskinstance.py:1569} INFO - Exporting the following env vars:
AIRFLOW_CTX_DAG_OWNER=airflow
AIRFLOW_CTX_DAG_ID=BRONZER_GET_STONCKS
AIRFLOW_CTX_TASK_ID=BRONZE_STONCKS_AAPL
AIRFLOW_CTX_EXECUTION_DATE=2024-02-03T00:00:00+00:00
AIRFLOW_CTX_TRY_NUMBER=1
AIRFLOW_CTX_DAG_RUN_ID=scheduled__2024-02-03T00:00:00+00:00
[2024-09-16 00:03:48,383] {python.py:173} INFO - Done. Returned value was: None
[2024-09-16 00:03:49,209] {taskinstance.py:1395} INFO - Marking task as SUCCESS. dag_id=BRONZER_GET_STONCKS, task_id=BRONZE_STONCKS_AAPL, execution_date=20240203T000000, start_date=20240916T030346, end_date=20240916T030349
[2024-09-16 00:03:49,309] {local_task_job.py:156} INFO - Task exited with return code 0
[2024-09-16 00:03:49,502] {local_task_job.py:273} INFO - 0 downstream tasks scheduled from follow-on schedule check
[2024-09-16 00:13:24,593] {taskinstance.py:1159} INFO - Dependencies all met for <TaskInstance: BRONZER_GET_STONCKS.BRONZE_STONCKS_AAPL scheduled__2024-02-03T00:00:00+00:00 [queued]>
[2024-09-16 00:13:24,629] {taskinstance.py:1159} INFO - Dependencies all met for <TaskInstance: BRONZER_GET_STONCKS.BRONZE_STONCKS_AAPL scheduled__2024-02-03T00:00:00+00:00 [queued]>
[2024-09-16 00:13:24,630] {taskinstance.py:1356} INFO - 
--------------------------------------------------------------------------------
[2024-09-16 00:13:24,630] {taskinstance.py:1357} INFO - Starting attempt 1 of 1
[2024-09-16 00:13:24,630] {taskinstance.py:1358} INFO - 
--------------------------------------------------------------------------------
[2024-09-16 00:13:24,682] {taskinstance.py:1377} INFO - Executing <Task(_PythonDecoratedOperator): BRONZE_STONCKS_AAPL> on 2024-02-03 00:00:00+00:00
[2024-09-16 00:13:24,688] {standard_task_runner.py:52} INFO - Started process 47000 to run task
[2024-09-16 00:13:24,716] {standard_task_runner.py:79} INFO - Running: ['airflow', 'tasks', 'run', 'BRONZER_GET_STONCKS', 'BRONZE_STONCKS_AAPL', 'scheduled__2024-02-03T00:00:00+00:00', '--job-id', '1670', '--raw', '--subdir', 'DAGS_FOLDER/get_stocks.py', '--cfg-path', '/tmp/tmp4vd0y5ev', '--error-file', '/tmp/tmp1qdea_bu']
[2024-09-16 00:13:24,717] {standard_task_runner.py:80} INFO - Job 1670: Subtask BRONZE_STONCKS_AAPL
[2024-09-16 00:13:24,977] {task_command.py:370} INFO - Running <TaskInstance: BRONZER_GET_STONCKS.BRONZE_STONCKS_AAPL scheduled__2024-02-03T00:00:00+00:00 [running]> on host kaiwang.
[2024-09-16 00:13:25,330] {taskinstance.py:1569} INFO - Exporting the following env vars:
AIRFLOW_CTX_DAG_OWNER=airflow
AIRFLOW_CTX_DAG_ID=BRONZER_GET_STONCKS
AIRFLOW_CTX_TASK_ID=BRONZE_STONCKS_AAPL
AIRFLOW_CTX_EXECUTION_DATE=2024-02-03T00:00:00+00:00
AIRFLOW_CTX_TRY_NUMBER=1
AIRFLOW_CTX_DAG_RUN_ID=scheduled__2024-02-03T00:00:00+00:00
[2024-09-16 00:13:26,092] {python.py:173} INFO - Done. Returned value was: None
[2024-09-16 00:13:26,185] {taskinstance.py:1395} INFO - Marking task as SUCCESS. dag_id=BRONZER_GET_STONCKS, task_id=BRONZE_STONCKS_AAPL, execution_date=20240203T000000, start_date=20240916T031324, end_date=20240916T031326
[2024-09-16 00:13:26,278] {local_task_job.py:156} INFO - Task exited with return code 0
[2024-09-16 00:13:26,401] {local_task_job.py:273} INFO - 0 downstream tasks scheduled from follow-on schedule check
[2024-09-16 00:14:57,905] {taskinstance.py:1159} INFO - Dependencies all met for <TaskInstance: BRONZER_GET_STONCKS.BRONZE_STONCKS_AAPL scheduled__2024-02-03T00:00:00+00:00 [queued]>
[2024-09-16 00:14:57,945] {taskinstance.py:1159} INFO - Dependencies all met for <TaskInstance: BRONZER_GET_STONCKS.BRONZE_STONCKS_AAPL scheduled__2024-02-03T00:00:00+00:00 [queued]>
[2024-09-16 00:14:57,945] {taskinstance.py:1356} INFO - 
--------------------------------------------------------------------------------
[2024-09-16 00:14:57,945] {taskinstance.py:1357} INFO - Starting attempt 1 of 1
[2024-09-16 00:14:57,946] {taskinstance.py:1358} INFO - 
--------------------------------------------------------------------------------
[2024-09-16 00:14:58,025] {taskinstance.py:1377} INFO - Executing <Task(_PythonDecoratedOperator): BRONZE_STONCKS_AAPL> on 2024-02-03 00:00:00+00:00
[2024-09-16 00:14:58,047] {standard_task_runner.py:79} INFO - Running: ['airflow', 'tasks', 'run', 'BRONZER_GET_STONCKS', 'BRONZE_STONCKS_AAPL', 'scheduled__2024-02-03T00:00:00+00:00', '--job-id', '1974', '--raw', '--subdir', 'DAGS_FOLDER/get_stocks.py', '--cfg-path', '/tmp/tmp62xlbgl7', '--error-file', '/tmp/tmpihlhzp05']
[2024-09-16 00:14:58,049] {standard_task_runner.py:80} INFO - Job 1974: Subtask BRONZE_STONCKS_AAPL
[2024-09-16 00:14:58,031] {standard_task_runner.py:52} INFO - Started process 52336 to run task
[2024-09-16 00:14:58,351] {task_command.py:370} INFO - Running <TaskInstance: BRONZER_GET_STONCKS.BRONZE_STONCKS_AAPL scheduled__2024-02-03T00:00:00+00:00 [running]> on host kaiwang.
[2024-09-16 00:14:58,687] {taskinstance.py:1569} INFO - Exporting the following env vars:
AIRFLOW_CTX_DAG_OWNER=airflow
AIRFLOW_CTX_DAG_ID=BRONZER_GET_STONCKS
AIRFLOW_CTX_TASK_ID=BRONZE_STONCKS_AAPL
AIRFLOW_CTX_EXECUTION_DATE=2024-02-03T00:00:00+00:00
AIRFLOW_CTX_TRY_NUMBER=1
AIRFLOW_CTX_DAG_RUN_ID=scheduled__2024-02-03T00:00:00+00:00
[2024-09-16 00:14:59,359] {python.py:173} INFO - Done. Returned value was: None
[2024-09-16 00:14:59,442] {taskinstance.py:1395} INFO - Marking task as SUCCESS. dag_id=BRONZER_GET_STONCKS, task_id=BRONZE_STONCKS_AAPL, execution_date=20240203T000000, start_date=20240916T031457, end_date=20240916T031459
[2024-09-16 00:14:59,501] {local_task_job.py:156} INFO - Task exited with return code 0
[2024-09-16 00:14:59,675] {local_task_job.py:273} INFO - 0 downstream tasks scheduled from follow-on schedule check
