[2024-09-16 00:06:11,086] {taskinstance.py:1159} INFO - Dependencies all met for <TaskInstance: BRONZER_GET_STONCKS.BRONZE_STONCKS_MSFT scheduled__2024-06-13T00:00:00+00:00 [queued]>
[2024-09-16 00:06:11,098] {taskinstance.py:1159} INFO - Dependencies all met for <TaskInstance: BRONZER_GET_STONCKS.BRONZE_STONCKS_MSFT scheduled__2024-06-13T00:00:00+00:00 [queued]>
[2024-09-16 00:06:11,098] {taskinstance.py:1356} INFO - 
--------------------------------------------------------------------------------
[2024-09-16 00:06:11,098] {taskinstance.py:1357} INFO - Starting attempt 1 of 1
[2024-09-16 00:06:11,098] {taskinstance.py:1358} INFO - 
--------------------------------------------------------------------------------
[2024-09-16 00:06:11,123] {taskinstance.py:1377} INFO - Executing <Task(_PythonDecoratedOperator): BRONZE_STONCKS_MSFT> on 2024-06-13 00:00:00+00:00
[2024-09-16 00:06:11,130] {standard_task_runner.py:52} INFO - Started process 33011 to run task
[2024-09-16 00:06:11,139] {standard_task_runner.py:79} INFO - Running: ['airflow', 'tasks', 'run', 'BRONZER_GET_STONCKS', 'BRONZE_STONCKS_MSFT', 'scheduled__2024-06-13T00:00:00+00:00', '--job-id', '872', '--raw', '--subdir', 'DAGS_FOLDER/get_stocks.py', '--cfg-path', '/tmp/tmprahs6m_i', '--error-file', '/tmp/tmpvfk2_60g']
[2024-09-16 00:06:11,140] {standard_task_runner.py:80} INFO - Job 872: Subtask BRONZE_STONCKS_MSFT
[2024-09-16 00:06:11,287] {task_command.py:370} INFO - Running <TaskInstance: BRONZER_GET_STONCKS.BRONZE_STONCKS_MSFT scheduled__2024-06-13T00:00:00+00:00 [running]> on host kaiwang.
[2024-09-16 00:06:11,555] {taskinstance.py:1569} INFO - Exporting the following env vars:
AIRFLOW_CTX_DAG_OWNER=airflow
AIRFLOW_CTX_DAG_ID=BRONZER_GET_STONCKS
AIRFLOW_CTX_TASK_ID=BRONZE_STONCKS_MSFT
AIRFLOW_CTX_EXECUTION_DATE=2024-06-13T00:00:00+00:00
AIRFLOW_CTX_TRY_NUMBER=1
AIRFLOW_CTX_DAG_RUN_ID=scheduled__2024-06-13T00:00:00+00:00
[2024-09-16 00:06:12,116] {python.py:173} INFO - Done. Returned value was: None
[2024-09-16 00:06:12,157] {taskinstance.py:1395} INFO - Marking task as SUCCESS. dag_id=BRONZER_GET_STONCKS, task_id=BRONZE_STONCKS_MSFT, execution_date=20240613T000000, start_date=20240916T030611, end_date=20240916T030612
[2024-09-16 00:06:12,205] {local_task_job.py:156} INFO - Task exited with return code 0
[2024-09-16 00:06:12,602] {local_task_job.py:273} INFO - 0 downstream tasks scheduled from follow-on schedule check
