[2024-09-16 00:08:03,140] {taskinstance.py:1159} INFO - Dependencies all met for <TaskInstance: BRONZER_GET_CRIPTOS.BRONZE_CRIPTO_AVAX scheduled__2024-08-16T00:00:00+00:00 [queued]>
[2024-09-16 00:08:03,166] {taskinstance.py:1159} INFO - Dependencies all met for <TaskInstance: BRONZER_GET_CRIPTOS.BRONZE_CRIPTO_AVAX scheduled__2024-08-16T00:00:00+00:00 [queued]>
[2024-09-16 00:08:03,166] {taskinstance.py:1356} INFO - 
--------------------------------------------------------------------------------
[2024-09-16 00:08:03,166] {taskinstance.py:1357} INFO - Starting attempt 1 of 1
[2024-09-16 00:08:03,166] {taskinstance.py:1358} INFO - 
--------------------------------------------------------------------------------
[2024-09-16 00:08:03,186] {taskinstance.py:1377} INFO - Executing <Task(_PythonDecoratedOperator): BRONZE_CRIPTO_AVAX> on 2024-08-16 00:00:00+00:00
[2024-09-16 00:08:03,192] {standard_task_runner.py:52} INFO - Started process 41917 to run task
[2024-09-16 00:08:03,210] {standard_task_runner.py:79} INFO - Running: ['airflow', 'tasks', 'run', 'BRONZER_GET_CRIPTOS', 'BRONZE_CRIPTO_AVAX', 'scheduled__2024-08-16T00:00:00+00:00', '--job-id', '1392', '--raw', '--subdir', 'DAGS_FOLDER/get_cripto.py', '--cfg-path', '/tmp/tmp5zcmcr4t', '--error-file', '/tmp/tmp2oovp0_t']
[2024-09-16 00:08:03,211] {standard_task_runner.py:80} INFO - Job 1392: Subtask BRONZE_CRIPTO_AVAX
[2024-09-16 00:08:03,404] {task_command.py:370} INFO - Running <TaskInstance: BRONZER_GET_CRIPTOS.BRONZE_CRIPTO_AVAX scheduled__2024-08-16T00:00:00+00:00 [running]> on host kaiwang.
[2024-09-16 00:08:03,576] {taskinstance.py:1569} INFO - Exporting the following env vars:
AIRFLOW_CTX_DAG_OWNER=airflow
AIRFLOW_CTX_DAG_ID=BRONZER_GET_CRIPTOS
AIRFLOW_CTX_TASK_ID=BRONZE_CRIPTO_AVAX
AIRFLOW_CTX_EXECUTION_DATE=2024-08-16T00:00:00+00:00
AIRFLOW_CTX_TRY_NUMBER=1
AIRFLOW_CTX_DAG_RUN_ID=scheduled__2024-08-16T00:00:00+00:00
[2024-09-16 00:08:05,938] {history.py:122} ERROR - $AVAX: possibly delisted; no timezone found
[2024-09-16 00:08:05,942] {python.py:173} INFO - Done. Returned value was: None
[2024-09-16 00:08:06,035] {taskinstance.py:1395} INFO - Marking task as SUCCESS. dag_id=BRONZER_GET_CRIPTOS, task_id=BRONZE_CRIPTO_AVAX, execution_date=20240816T000000, start_date=20240916T030803, end_date=20240916T030806
[2024-09-16 00:08:06,130] {local_task_job.py:156} INFO - Task exited with return code 0
[2024-09-16 00:08:06,268] {local_task_job.py:273} INFO - 0 downstream tasks scheduled from follow-on schedule check
[2024-09-16 13:56:11,303] {taskinstance.py:1159} INFO - Dependencies all met for <TaskInstance: BRONZER_GET_CRIPTOS.BRONZE_CRIPTO_AVAX scheduled__2024-08-16T00:00:00+00:00 [queued]>
[2024-09-16 13:56:11,373] {taskinstance.py:1159} INFO - Dependencies all met for <TaskInstance: BRONZER_GET_CRIPTOS.BRONZE_CRIPTO_AVAX scheduled__2024-08-16T00:00:00+00:00 [queued]>
[2024-09-16 13:56:11,373] {taskinstance.py:1356} INFO - 
--------------------------------------------------------------------------------
[2024-09-16 13:56:11,373] {taskinstance.py:1357} INFO - Starting attempt 1 of 1
[2024-09-16 13:56:11,373] {taskinstance.py:1358} INFO - 
--------------------------------------------------------------------------------
[2024-09-16 13:56:11,412] {taskinstance.py:1377} INFO - Executing <Task(_PythonDecoratedOperator): BRONZE_CRIPTO_AVAX> on 2024-08-16 00:00:00+00:00
[2024-09-16 13:56:11,427] {standard_task_runner.py:52} INFO - Started process 137942 to run task
[2024-09-16 13:56:11,484] {standard_task_runner.py:79} INFO - Running: ['airflow', 'tasks', 'run', 'BRONZER_GET_CRIPTOS', 'BRONZE_CRIPTO_AVAX', 'scheduled__2024-08-16T00:00:00+00:00', '--job-id', '2532', '--raw', '--subdir', 'DAGS_FOLDER/get_cripto.py', '--cfg-path', '/tmp/tmpg93_a5z5', '--error-file', '/tmp/tmpmwqg1iuk']
[2024-09-16 13:56:11,487] {standard_task_runner.py:80} INFO - Job 2532: Subtask BRONZE_CRIPTO_AVAX
[2024-09-16 13:56:11,781] {task_command.py:370} INFO - Running <TaskInstance: BRONZER_GET_CRIPTOS.BRONZE_CRIPTO_AVAX scheduled__2024-08-16T00:00:00+00:00 [running]> on host kaiwang.
[2024-09-16 13:56:12,876] {taskinstance.py:1569} INFO - Exporting the following env vars:
AIRFLOW_CTX_DAG_OWNER=airflow
AIRFLOW_CTX_DAG_ID=BRONZER_GET_CRIPTOS
AIRFLOW_CTX_TASK_ID=BRONZE_CRIPTO_AVAX
AIRFLOW_CTX_EXECUTION_DATE=2024-08-16T00:00:00+00:00
AIRFLOW_CTX_TRY_NUMBER=1
AIRFLOW_CTX_DAG_RUN_ID=scheduled__2024-08-16T00:00:00+00:00
[2024-09-16 13:56:16,212] {history.py:122} ERROR - $AVAX: possibly delisted; no timezone found
[2024-09-16 13:56:16,216] {python.py:173} INFO - Done. Returned value was: None
[2024-09-16 13:56:16,250] {taskinstance.py:1395} INFO - Marking task as SUCCESS. dag_id=BRONZER_GET_CRIPTOS, task_id=BRONZE_CRIPTO_AVAX, execution_date=20240816T000000, start_date=20240916T165611, end_date=20240916T165616
[2024-09-16 13:56:16,305] {local_task_job.py:156} INFO - Task exited with return code 0
[2024-09-16 13:56:16,439] {local_task_job.py:273} INFO - 0 downstream tasks scheduled from follow-on schedule check
