[2024-09-16 00:03:53,773] {taskinstance.py:1159} INFO - Dependencies all met for <TaskInstance: BRONZER_GET_STONCKS.BRONZE_STONCKS_AAPL scheduled__2024-02-10T00:00:00+00:00 [queued]>
[2024-09-16 00:03:53,892] {taskinstance.py:1159} INFO - Dependencies all met for <TaskInstance: BRONZER_GET_STONCKS.BRONZE_STONCKS_AAPL scheduled__2024-02-10T00:00:00+00:00 [queued]>
[2024-09-16 00:03:53,892] {taskinstance.py:1356} INFO - 
--------------------------------------------------------------------------------
[2024-09-16 00:03:54,024] {taskinstance.py:1357} INFO - Starting attempt 1 of 1
[2024-09-16 00:03:54,024] {taskinstance.py:1358} INFO - 
--------------------------------------------------------------------------------
[2024-09-16 00:03:54,111] {taskinstance.py:1377} INFO - Executing <Task(_PythonDecoratedOperator): BRONZE_STONCKS_AAPL> on 2024-02-10 00:00:00+00:00
[2024-09-16 00:03:54,117] {standard_task_runner.py:52} INFO - Started process 21963 to run task
[2024-09-16 00:03:54,185] {standard_task_runner.py:79} INFO - Running: ['airflow', 'tasks', 'run', 'BRONZER_GET_STONCKS', 'BRONZE_STONCKS_AAPL', 'scheduled__2024-02-10T00:00:00+00:00', '--job-id', '231', '--raw', '--subdir', 'DAGS_FOLDER/get_stocks.py', '--cfg-path', '/tmp/tmpg0cm9wi0', '--error-file', '/tmp/tmp2ogs2laq']
[2024-09-16 00:03:54,187] {standard_task_runner.py:80} INFO - Job 231: Subtask BRONZE_STONCKS_AAPL
[2024-09-16 00:03:54,626] {task_command.py:370} INFO - Running <TaskInstance: BRONZER_GET_STONCKS.BRONZE_STONCKS_AAPL scheduled__2024-02-10T00:00:00+00:00 [running]> on host kaiwang.
[2024-09-16 00:03:54,941] {taskinstance.py:1569} INFO - Exporting the following env vars:
AIRFLOW_CTX_DAG_OWNER=airflow
AIRFLOW_CTX_DAG_ID=BRONZER_GET_STONCKS
AIRFLOW_CTX_TASK_ID=BRONZE_STONCKS_AAPL
AIRFLOW_CTX_EXECUTION_DATE=2024-02-10T00:00:00+00:00
AIRFLOW_CTX_TRY_NUMBER=1
AIRFLOW_CTX_DAG_RUN_ID=scheduled__2024-02-10T00:00:00+00:00
[2024-09-16 00:03:55,583] {python.py:173} INFO - Done. Returned value was: None
[2024-09-16 00:03:55,638] {taskinstance.py:1395} INFO - Marking task as SUCCESS. dag_id=BRONZER_GET_STONCKS, task_id=BRONZE_STONCKS_AAPL, execution_date=20240210T000000, start_date=20240916T030353, end_date=20240916T030355
[2024-09-16 00:03:55,726] {local_task_job.py:156} INFO - Task exited with return code 0
[2024-09-16 00:03:55,878] {local_task_job.py:273} INFO - 0 downstream tasks scheduled from follow-on schedule check
[2024-09-16 00:13:30,736] {taskinstance.py:1159} INFO - Dependencies all met for <TaskInstance: BRONZER_GET_STONCKS.BRONZE_STONCKS_AAPL scheduled__2024-02-10T00:00:00+00:00 [queued]>
[2024-09-16 00:13:30,806] {taskinstance.py:1159} INFO - Dependencies all met for <TaskInstance: BRONZER_GET_STONCKS.BRONZE_STONCKS_AAPL scheduled__2024-02-10T00:00:00+00:00 [queued]>
[2024-09-16 00:13:30,806] {taskinstance.py:1356} INFO - 
--------------------------------------------------------------------------------
[2024-09-16 00:13:30,806] {taskinstance.py:1357} INFO - Starting attempt 1 of 1
[2024-09-16 00:13:30,806] {taskinstance.py:1358} INFO - 
--------------------------------------------------------------------------------
[2024-09-16 00:13:30,871] {taskinstance.py:1377} INFO - Executing <Task(_PythonDecoratedOperator): BRONZE_STONCKS_AAPL> on 2024-02-10 00:00:00+00:00
[2024-09-16 00:13:30,877] {standard_task_runner.py:52} INFO - Started process 47524 to run task
[2024-09-16 00:13:30,911] {standard_task_runner.py:79} INFO - Running: ['airflow', 'tasks', 'run', 'BRONZER_GET_STONCKS', 'BRONZE_STONCKS_AAPL', 'scheduled__2024-02-10T00:00:00+00:00', '--job-id', '1700', '--raw', '--subdir', 'DAGS_FOLDER/get_stocks.py', '--cfg-path', '/tmp/tmpxjbb2u8h', '--error-file', '/tmp/tmpodbfexvz']
[2024-09-16 00:13:30,913] {standard_task_runner.py:80} INFO - Job 1700: Subtask BRONZE_STONCKS_AAPL
[2024-09-16 00:13:31,256] {task_command.py:370} INFO - Running <TaskInstance: BRONZER_GET_STONCKS.BRONZE_STONCKS_AAPL scheduled__2024-02-10T00:00:00+00:00 [running]> on host kaiwang.
[2024-09-16 00:13:31,662] {taskinstance.py:1569} INFO - Exporting the following env vars:
AIRFLOW_CTX_DAG_OWNER=airflow
AIRFLOW_CTX_DAG_ID=BRONZER_GET_STONCKS
AIRFLOW_CTX_TASK_ID=BRONZE_STONCKS_AAPL
AIRFLOW_CTX_EXECUTION_DATE=2024-02-10T00:00:00+00:00
AIRFLOW_CTX_TRY_NUMBER=1
AIRFLOW_CTX_DAG_RUN_ID=scheduled__2024-02-10T00:00:00+00:00
[2024-09-16 00:13:32,462] {python.py:173} INFO - Done. Returned value was: None
[2024-09-16 00:13:32,537] {taskinstance.py:1395} INFO - Marking task as SUCCESS. dag_id=BRONZER_GET_STONCKS, task_id=BRONZE_STONCKS_AAPL, execution_date=20240210T000000, start_date=20240916T031330, end_date=20240916T031332
[2024-09-16 00:13:32,609] {local_task_job.py:156} INFO - Task exited with return code 0
[2024-09-16 00:13:32,745] {local_task_job.py:273} INFO - 0 downstream tasks scheduled from follow-on schedule check
[2024-09-16 00:15:03,889] {taskinstance.py:1159} INFO - Dependencies all met for <TaskInstance: BRONZER_GET_STONCKS.BRONZE_STONCKS_AAPL scheduled__2024-02-10T00:00:00+00:00 [queued]>
[2024-09-16 00:15:03,932] {taskinstance.py:1159} INFO - Dependencies all met for <TaskInstance: BRONZER_GET_STONCKS.BRONZE_STONCKS_AAPL scheduled__2024-02-10T00:00:00+00:00 [queued]>
[2024-09-16 00:15:03,932] {taskinstance.py:1356} INFO - 
--------------------------------------------------------------------------------
[2024-09-16 00:15:03,932] {taskinstance.py:1357} INFO - Starting attempt 1 of 1
[2024-09-16 00:15:03,933] {taskinstance.py:1358} INFO - 
--------------------------------------------------------------------------------
[2024-09-16 00:15:03,981] {taskinstance.py:1377} INFO - Executing <Task(_PythonDecoratedOperator): BRONZE_STONCKS_AAPL> on 2024-02-10 00:00:00+00:00
[2024-09-16 00:15:03,987] {standard_task_runner.py:52} INFO - Started process 52840 to run task
[2024-09-16 00:15:04,018] {standard_task_runner.py:79} INFO - Running: ['airflow', 'tasks', 'run', 'BRONZER_GET_STONCKS', 'BRONZE_STONCKS_AAPL', 'scheduled__2024-02-10T00:00:00+00:00', '--job-id', '2003', '--raw', '--subdir', 'DAGS_FOLDER/get_stocks.py', '--cfg-path', '/tmp/tmpwg7xmmly', '--error-file', '/tmp/tmpif78zkrd']
[2024-09-16 00:15:04,019] {standard_task_runner.py:80} INFO - Job 2003: Subtask BRONZE_STONCKS_AAPL
[2024-09-16 00:15:04,323] {task_command.py:370} INFO - Running <TaskInstance: BRONZER_GET_STONCKS.BRONZE_STONCKS_AAPL scheduled__2024-02-10T00:00:00+00:00 [running]> on host kaiwang.
[2024-09-16 00:15:04,584] {taskinstance.py:1569} INFO - Exporting the following env vars:
AIRFLOW_CTX_DAG_OWNER=airflow
AIRFLOW_CTX_DAG_ID=BRONZER_GET_STONCKS
AIRFLOW_CTX_TASK_ID=BRONZE_STONCKS_AAPL
AIRFLOW_CTX_EXECUTION_DATE=2024-02-10T00:00:00+00:00
AIRFLOW_CTX_TRY_NUMBER=1
AIRFLOW_CTX_DAG_RUN_ID=scheduled__2024-02-10T00:00:00+00:00
[2024-09-16 00:15:05,244] {python.py:173} INFO - Done. Returned value was: None
[2024-09-16 00:15:05,269] {taskinstance.py:1395} INFO - Marking task as SUCCESS. dag_id=BRONZER_GET_STONCKS, task_id=BRONZE_STONCKS_AAPL, execution_date=20240210T000000, start_date=20240916T031503, end_date=20240916T031505
[2024-09-16 00:15:05,306] {local_task_job.py:156} INFO - Task exited with return code 0
[2024-09-16 00:15:05,390] {local_task_job.py:273} INFO - 0 downstream tasks scheduled from follow-on schedule check
