[2024-09-16 00:05:03,622] {taskinstance.py:1159} INFO - Dependencies all met for <TaskInstance: BRONZER_GET_STONCKS.BRONZE_STONCKS_AAPL scheduled__2024-04-11T00:00:00+00:00 [queued]>
[2024-09-16 00:05:03,662] {taskinstance.py:1159} INFO - Dependencies all met for <TaskInstance: BRONZER_GET_STONCKS.BRONZE_STONCKS_AAPL scheduled__2024-04-11T00:00:00+00:00 [queued]>
[2024-09-16 00:05:03,662] {taskinstance.py:1356} INFO - 
--------------------------------------------------------------------------------
[2024-09-16 00:05:03,662] {taskinstance.py:1357} INFO - Starting attempt 1 of 1
[2024-09-16 00:05:03,662] {taskinstance.py:1358} INFO - 
--------------------------------------------------------------------------------
[2024-09-16 00:05:03,732] {taskinstance.py:1377} INFO - Executing <Task(_PythonDecoratedOperator): BRONZE_STONCKS_AAPL> on 2024-04-11 00:00:00+00:00
[2024-09-16 00:05:03,738] {standard_task_runner.py:52} INFO - Started process 27367 to run task
[2024-09-16 00:05:03,760] {standard_task_runner.py:79} INFO - Running: ['airflow', 'tasks', 'run', 'BRONZER_GET_STONCKS', 'BRONZE_STONCKS_AAPL', 'scheduled__2024-04-11T00:00:00+00:00', '--job-id', '545', '--raw', '--subdir', 'DAGS_FOLDER/get_stocks.py', '--cfg-path', '/tmp/tmpwwz3pkrg', '--error-file', '/tmp/tmp07xa8mih']
[2024-09-16 00:05:03,762] {standard_task_runner.py:80} INFO - Job 545: Subtask BRONZE_STONCKS_AAPL
[2024-09-16 00:05:04,251] {task_command.py:370} INFO - Running <TaskInstance: BRONZER_GET_STONCKS.BRONZE_STONCKS_AAPL scheduled__2024-04-11T00:00:00+00:00 [running]> on host kaiwang.
[2024-09-16 00:05:05,205] {taskinstance.py:1569} INFO - Exporting the following env vars:
AIRFLOW_CTX_DAG_OWNER=airflow
AIRFLOW_CTX_DAG_ID=BRONZER_GET_STONCKS
AIRFLOW_CTX_TASK_ID=BRONZE_STONCKS_AAPL
AIRFLOW_CTX_EXECUTION_DATE=2024-04-11T00:00:00+00:00
AIRFLOW_CTX_TRY_NUMBER=1
AIRFLOW_CTX_DAG_RUN_ID=scheduled__2024-04-11T00:00:00+00:00
[2024-09-16 00:05:06,043] {python.py:173} INFO - Done. Returned value was: None
[2024-09-16 00:05:06,092] {taskinstance.py:1395} INFO - Marking task as SUCCESS. dag_id=BRONZER_GET_STONCKS, task_id=BRONZE_STONCKS_AAPL, execution_date=20240411T000000, start_date=20240916T030503, end_date=20240916T030506
[2024-09-16 00:05:06,156] {local_task_job.py:156} INFO - Task exited with return code 0
[2024-09-16 00:05:06,334] {local_task_job.py:273} INFO - 0 downstream tasks scheduled from follow-on schedule check
[2024-09-16 00:16:06,730] {taskinstance.py:1159} INFO - Dependencies all met for <TaskInstance: BRONZER_GET_STONCKS.BRONZE_STONCKS_AAPL scheduled__2024-04-11T00:00:00+00:00 [queued]>
[2024-09-16 00:16:06,791] {taskinstance.py:1159} INFO - Dependencies all met for <TaskInstance: BRONZER_GET_STONCKS.BRONZE_STONCKS_AAPL scheduled__2024-04-11T00:00:00+00:00 [queued]>
[2024-09-16 00:16:06,804] {taskinstance.py:1356} INFO - 
--------------------------------------------------------------------------------
[2024-09-16 00:16:06,804] {taskinstance.py:1357} INFO - Starting attempt 1 of 1
[2024-09-16 00:16:06,804] {taskinstance.py:1358} INFO - 
--------------------------------------------------------------------------------
[2024-09-16 00:16:06,895] {taskinstance.py:1377} INFO - Executing <Task(_PythonDecoratedOperator): BRONZE_STONCKS_AAPL> on 2024-04-11 00:00:00+00:00
[2024-09-16 00:16:06,901] {standard_task_runner.py:52} INFO - Started process 58025 to run task
[2024-09-16 00:16:06,916] {standard_task_runner.py:79} INFO - Running: ['airflow', 'tasks', 'run', 'BRONZER_GET_STONCKS', 'BRONZE_STONCKS_AAPL', 'scheduled__2024-04-11T00:00:00+00:00', '--job-id', '2304', '--raw', '--subdir', 'DAGS_FOLDER/get_stocks.py', '--cfg-path', '/tmp/tmpro4qz85q', '--error-file', '/tmp/tmp8g6civqj']
[2024-09-16 00:16:06,917] {standard_task_runner.py:80} INFO - Job 2304: Subtask BRONZE_STONCKS_AAPL
[2024-09-16 00:16:07,303] {task_command.py:370} INFO - Running <TaskInstance: BRONZER_GET_STONCKS.BRONZE_STONCKS_AAPL scheduled__2024-04-11T00:00:00+00:00 [running]> on host kaiwang.
[2024-09-16 00:16:07,782] {taskinstance.py:1569} INFO - Exporting the following env vars:
AIRFLOW_CTX_DAG_OWNER=airflow
AIRFLOW_CTX_DAG_ID=BRONZER_GET_STONCKS
AIRFLOW_CTX_TASK_ID=BRONZE_STONCKS_AAPL
AIRFLOW_CTX_EXECUTION_DATE=2024-04-11T00:00:00+00:00
AIRFLOW_CTX_TRY_NUMBER=1
AIRFLOW_CTX_DAG_RUN_ID=scheduled__2024-04-11T00:00:00+00:00
[2024-09-16 00:16:08,444] {python.py:173} INFO - Done. Returned value was: None
[2024-09-16 00:16:08,483] {taskinstance.py:1395} INFO - Marking task as SUCCESS. dag_id=BRONZER_GET_STONCKS, task_id=BRONZE_STONCKS_AAPL, execution_date=20240411T000000, start_date=20240916T031606, end_date=20240916T031608
[2024-09-16 00:16:08,544] {local_task_job.py:156} INFO - Task exited with return code 0
[2024-09-16 00:16:08,671] {local_task_job.py:273} INFO - 0 downstream tasks scheduled from follow-on schedule check
