[2024-09-16 00:07:25,628] {taskinstance.py:1159} INFO - Dependencies all met for <TaskInstance: BRONZER_GET_STONCKS.BRONZE_STONCKS_TSLA scheduled__2024-08-23T00:00:00+00:00 [queued]>
[2024-09-16 00:07:25,641] {taskinstance.py:1159} INFO - Dependencies all met for <TaskInstance: BRONZER_GET_STONCKS.BRONZE_STONCKS_TSLA scheduled__2024-08-23T00:00:00+00:00 [queued]>
[2024-09-16 00:07:25,641] {taskinstance.py:1356} INFO - 
--------------------------------------------------------------------------------
[2024-09-16 00:07:25,641] {taskinstance.py:1357} INFO - Starting attempt 1 of 1
[2024-09-16 00:07:25,641] {taskinstance.py:1358} INFO - 
--------------------------------------------------------------------------------
[2024-09-16 00:07:25,664] {taskinstance.py:1377} INFO - Executing <Task(_PythonDecoratedOperator): BRONZE_STONCKS_TSLA> on 2024-08-23 00:00:00+00:00
[2024-09-16 00:07:25,670] {standard_task_runner.py:52} INFO - Started process 39165 to run task
[2024-09-16 00:07:25,704] {standard_task_runner.py:79} INFO - Running: ['airflow', 'tasks', 'run', 'BRONZER_GET_STONCKS', 'BRONZE_STONCKS_TSLA', 'scheduled__2024-08-23T00:00:00+00:00', '--job-id', '1233', '--raw', '--subdir', 'DAGS_FOLDER/get_stocks.py', '--cfg-path', '/tmp/tmpma98u75g', '--error-file', '/tmp/tmpneb0rdjp']
[2024-09-16 00:07:25,705] {standard_task_runner.py:80} INFO - Job 1233: Subtask BRONZE_STONCKS_TSLA
[2024-09-16 00:07:25,851] {task_command.py:370} INFO - Running <TaskInstance: BRONZER_GET_STONCKS.BRONZE_STONCKS_TSLA scheduled__2024-08-23T00:00:00+00:00 [running]> on host kaiwang.
[2024-09-16 00:07:25,937] {taskinstance.py:1569} INFO - Exporting the following env vars:
AIRFLOW_CTX_DAG_OWNER=airflow
AIRFLOW_CTX_DAG_ID=BRONZER_GET_STONCKS
AIRFLOW_CTX_TASK_ID=BRONZE_STONCKS_TSLA
AIRFLOW_CTX_EXECUTION_DATE=2024-08-23T00:00:00+00:00
AIRFLOW_CTX_TRY_NUMBER=1
AIRFLOW_CTX_DAG_RUN_ID=scheduled__2024-08-23T00:00:00+00:00
[2024-09-16 00:07:26,520] {python.py:173} INFO - Done. Returned value was: None
[2024-09-16 00:07:26,607] {taskinstance.py:1395} INFO - Marking task as SUCCESS. dag_id=BRONZER_GET_STONCKS, task_id=BRONZE_STONCKS_TSLA, execution_date=20240823T000000, start_date=20240916T030725, end_date=20240916T030726
[2024-09-16 00:07:26,692] {local_task_job.py:156} INFO - Task exited with return code 0
[2024-09-16 00:07:26,838] {local_task_job.py:273} INFO - 0 downstream tasks scheduled from follow-on schedule check
[2024-09-16 13:56:20,014] {taskinstance.py:1159} INFO - Dependencies all met for <TaskInstance: BRONZER_GET_STONCKS.BRONZE_STONCKS_TSLA scheduled__2024-08-23T00:00:00+00:00 [queued]>
[2024-09-16 13:56:20,032] {taskinstance.py:1159} INFO - Dependencies all met for <TaskInstance: BRONZER_GET_STONCKS.BRONZE_STONCKS_TSLA scheduled__2024-08-23T00:00:00+00:00 [queued]>
[2024-09-16 13:56:20,032] {taskinstance.py:1356} INFO - 
--------------------------------------------------------------------------------
[2024-09-16 13:56:20,033] {taskinstance.py:1357} INFO - Starting attempt 1 of 1
[2024-09-16 13:56:20,033] {taskinstance.py:1358} INFO - 
--------------------------------------------------------------------------------
[2024-09-16 13:56:20,051] {taskinstance.py:1377} INFO - Executing <Task(_PythonDecoratedOperator): BRONZE_STONCKS_TSLA> on 2024-08-23 00:00:00+00:00
[2024-09-16 13:56:20,057] {standard_task_runner.py:52} INFO - Started process 138537 to run task
[2024-09-16 13:56:20,060] {standard_task_runner.py:79} INFO - Running: ['airflow', 'tasks', 'run', 'BRONZER_GET_STONCKS', 'BRONZE_STONCKS_TSLA', 'scheduled__2024-08-23T00:00:00+00:00', '--job-id', '2558', '--raw', '--subdir', 'DAGS_FOLDER/get_stocks.py', '--cfg-path', '/tmp/tmpfl5y45kk', '--error-file', '/tmp/tmpf1jcmj0q']
[2024-09-16 13:56:20,062] {standard_task_runner.py:80} INFO - Job 2558: Subtask BRONZE_STONCKS_TSLA
[2024-09-16 13:56:20,180] {task_command.py:370} INFO - Running <TaskInstance: BRONZER_GET_STONCKS.BRONZE_STONCKS_TSLA scheduled__2024-08-23T00:00:00+00:00 [running]> on host kaiwang.
[2024-09-16 13:56:20,486] {taskinstance.py:1569} INFO - Exporting the following env vars:
AIRFLOW_CTX_DAG_OWNER=airflow
AIRFLOW_CTX_DAG_ID=BRONZER_GET_STONCKS
AIRFLOW_CTX_TASK_ID=BRONZE_STONCKS_TSLA
AIRFLOW_CTX_EXECUTION_DATE=2024-08-23T00:00:00+00:00
AIRFLOW_CTX_TRY_NUMBER=1
AIRFLOW_CTX_DAG_RUN_ID=scheduled__2024-08-23T00:00:00+00:00
[2024-09-16 13:56:21,012] {python.py:173} INFO - Done. Returned value was: None
[2024-09-16 13:56:21,026] {taskinstance.py:1395} INFO - Marking task as SUCCESS. dag_id=BRONZER_GET_STONCKS, task_id=BRONZE_STONCKS_TSLA, execution_date=20240823T000000, start_date=20240916T165620, end_date=20240916T165621
[2024-09-16 13:56:21,078] {local_task_job.py:156} INFO - Task exited with return code 0
[2024-09-16 13:56:21,119] {local_task_job.py:273} INFO - 0 downstream tasks scheduled from follow-on schedule check
