[2024-09-16 00:07:17,054] {taskinstance.py:1159} INFO - Dependencies all met for <TaskInstance: BRONZER_GET_CRIPTOS.BRONZE_CRIPTO_DOGE scheduled__2024-07-06T00:00:00+00:00 [queued]>
[2024-09-16 00:07:17,084] {taskinstance.py:1159} INFO - Dependencies all met for <TaskInstance: BRONZER_GET_CRIPTOS.BRONZE_CRIPTO_DOGE scheduled__2024-07-06T00:00:00+00:00 [queued]>
[2024-09-16 00:07:17,085] {taskinstance.py:1356} INFO - 
--------------------------------------------------------------------------------
[2024-09-16 00:07:17,085] {taskinstance.py:1357} INFO - Starting attempt 1 of 1
[2024-09-16 00:07:17,085] {taskinstance.py:1358} INFO - 
--------------------------------------------------------------------------------
[2024-09-16 00:07:17,140] {taskinstance.py:1377} INFO - Executing <Task(_PythonDecoratedOperator): BRONZE_CRIPTO_DOGE> on 2024-07-06 00:00:00+00:00
[2024-09-16 00:07:17,149] {standard_task_runner.py:52} INFO - Started process 38421 to run task
[2024-09-16 00:07:17,175] {standard_task_runner.py:79} INFO - Running: ['airflow', 'tasks', 'run', 'BRONZER_GET_CRIPTOS', 'BRONZE_CRIPTO_DOGE', 'scheduled__2024-07-06T00:00:00+00:00', '--job-id', '1188', '--raw', '--subdir', 'DAGS_FOLDER/get_cripto.py', '--cfg-path', '/tmp/tmpmha5c27u', '--error-file', '/tmp/tmpv3jzw0nr']
[2024-09-16 00:07:17,176] {standard_task_runner.py:80} INFO - Job 1188: Subtask BRONZE_CRIPTO_DOGE
[2024-09-16 00:07:17,439] {task_command.py:370} INFO - Running <TaskInstance: BRONZER_GET_CRIPTOS.BRONZE_CRIPTO_DOGE scheduled__2024-07-06T00:00:00+00:00 [running]> on host kaiwang.
[2024-09-16 00:07:17,676] {taskinstance.py:1569} INFO - Exporting the following env vars:
AIRFLOW_CTX_DAG_OWNER=airflow
AIRFLOW_CTX_DAG_ID=BRONZER_GET_CRIPTOS
AIRFLOW_CTX_TASK_ID=BRONZE_CRIPTO_DOGE
AIRFLOW_CTX_EXECUTION_DATE=2024-07-06T00:00:00+00:00
AIRFLOW_CTX_TRY_NUMBER=1
AIRFLOW_CTX_DAG_RUN_ID=scheduled__2024-07-06T00:00:00+00:00
[2024-09-16 00:07:20,283] {history.py:122} ERROR - $DOGE: possibly delisted; no timezone found
[2024-09-16 00:07:20,288] {python.py:173} INFO - Done. Returned value was: None
[2024-09-16 00:07:20,369] {taskinstance.py:1395} INFO - Marking task as SUCCESS. dag_id=BRONZER_GET_CRIPTOS, task_id=BRONZE_CRIPTO_DOGE, execution_date=20240706T000000, start_date=20240916T030717, end_date=20240916T030720
[2024-09-16 00:07:20,455] {local_task_job.py:156} INFO - Task exited with return code 0
[2024-09-16 00:07:20,616] {local_task_job.py:273} INFO - 0 downstream tasks scheduled from follow-on schedule check
