[2024-09-15 23:29:16,030] {taskinstance.py:1159} INFO - Dependencies all met for <TaskInstance: BRONZER_GET_STONCKS.BRONZE_GOOG scheduled__2024-01-27T00:00:00+00:00 [queued]>
[2024-09-15 23:29:16,035] {taskinstance.py:1159} INFO - Dependencies all met for <TaskInstance: BRONZER_GET_STONCKS.BRONZE_GOOG scheduled__2024-01-27T00:00:00+00:00 [queued]>
[2024-09-15 23:29:16,035] {taskinstance.py:1356} INFO - 
--------------------------------------------------------------------------------
[2024-09-15 23:29:16,035] {taskinstance.py:1357} INFO - Starting attempt 1 of 1
[2024-09-15 23:29:16,035] {taskinstance.py:1358} INFO - 
--------------------------------------------------------------------------------
[2024-09-15 23:29:16,047] {taskinstance.py:1377} INFO - Executing <Task(_PythonDecoratedOperator): BRONZE_GOOG> on 2024-01-27 00:00:00+00:00
[2024-09-15 23:29:16,049] {standard_task_runner.py:52} INFO - Started process 14516 to run task
[2024-09-15 23:29:16,052] {standard_task_runner.py:79} INFO - Running: ['airflow', 'tasks', 'run', 'BRONZER_GET_STONCKS', 'BRONZE_GOOG', 'scheduled__2024-01-27T00:00:00+00:00', '--job-id', '138', '--raw', '--subdir', 'DAGS_FOLDER/get_stocks.py', '--cfg-path', '/tmp/tmp2o5l42u5', '--error-file', '/tmp/tmpbww05i_5']
[2024-09-15 23:29:16,052] {standard_task_runner.py:80} INFO - Job 138: Subtask BRONZE_GOOG
[2024-09-15 23:29:16,081] {task_command.py:370} INFO - Running <TaskInstance: BRONZER_GET_STONCKS.BRONZE_GOOG scheduled__2024-01-27T00:00:00+00:00 [running]> on host kaiwang.
[2024-09-15 23:29:16,121] {taskinstance.py:1569} INFO - Exporting the following env vars:
AIRFLOW_CTX_DAG_OWNER=airflow
AIRFLOW_CTX_DAG_ID=BRONZER_GET_STONCKS
AIRFLOW_CTX_TASK_ID=BRONZE_GOOG
AIRFLOW_CTX_EXECUTION_DATE=2024-01-27T00:00:00+00:00
AIRFLOW_CTX_TRY_NUMBER=1
AIRFLOW_CTX_DAG_RUN_ID=scheduled__2024-01-27T00:00:00+00:00
[2024-09-15 23:29:18,837] {history.py:244} ERROR - $GOOG: possibly delisted; no price data found  (1h 2024-01-24 -> 2024-01-03) (Yahoo error = "Invalid input - start date cannot be after end date. startDate = 1706072400, endDate = 1704258000")
[2024-09-15 23:29:18,839] {python.py:173} INFO - Done. Returned value was: None
[2024-09-15 23:29:18,844] {taskinstance.py:1395} INFO - Marking task as SUCCESS. dag_id=BRONZER_GET_STONCKS, task_id=BRONZE_GOOG, execution_date=20240127T000000, start_date=20240916T022916, end_date=20240916T022918
[2024-09-15 23:29:18,881] {local_task_job.py:156} INFO - Task exited with return code 0
[2024-09-15 23:29:18,890] {local_task_job.py:273} INFO - 0 downstream tasks scheduled from follow-on schedule check
