[2024-09-16 00:03:09,109] {taskinstance.py:1159} INFO - Dependencies all met for <TaskInstance: BRONZER_GET_STONCKS.BRONZE_STONCKS_MSFT scheduled__2024-01-10T00:00:00+00:00 [queued]>
[2024-09-16 00:03:09,200] {taskinstance.py:1159} INFO - Dependencies all met for <TaskInstance: BRONZER_GET_STONCKS.BRONZE_STONCKS_MSFT scheduled__2024-01-10T00:00:00+00:00 [queued]>
[2024-09-16 00:03:09,200] {taskinstance.py:1356} INFO - 
--------------------------------------------------------------------------------
[2024-09-16 00:03:09,200] {taskinstance.py:1357} INFO - Starting attempt 1 of 1
[2024-09-16 00:03:09,200] {taskinstance.py:1358} INFO - 
--------------------------------------------------------------------------------
[2024-09-16 00:03:09,289] {taskinstance.py:1377} INFO - Executing <Task(_PythonDecoratedOperator): BRONZE_STONCKS_MSFT> on 2024-01-10 00:00:00+00:00
[2024-09-16 00:03:09,307] {standard_task_runner.py:52} INFO - Started process 18853 to run task
[2024-09-16 00:03:09,340] {standard_task_runner.py:79} INFO - Running: ['airflow', 'tasks', 'run', 'BRONZER_GET_STONCKS', 'BRONZE_STONCKS_MSFT', 'scheduled__2024-01-10T00:00:00+00:00', '--job-id', '54', '--raw', '--subdir', 'DAGS_FOLDER/get_stocks.py', '--cfg-path', '/tmp/tmp_ie5qtdb', '--error-file', '/tmp/tmpotw01arb']
[2024-09-16 00:03:09,341] {standard_task_runner.py:80} INFO - Job 54: Subtask BRONZE_STONCKS_MSFT
[2024-09-16 00:03:10,043] {task_command.py:370} INFO - Running <TaskInstance: BRONZER_GET_STONCKS.BRONZE_STONCKS_MSFT scheduled__2024-01-10T00:00:00+00:00 [running]> on host kaiwang.
[2024-09-16 00:03:10,460] {taskinstance.py:1569} INFO - Exporting the following env vars:
AIRFLOW_CTX_DAG_OWNER=airflow
AIRFLOW_CTX_DAG_ID=BRONZER_GET_STONCKS
AIRFLOW_CTX_TASK_ID=BRONZE_STONCKS_MSFT
AIRFLOW_CTX_EXECUTION_DATE=2024-01-10T00:00:00+00:00
AIRFLOW_CTX_TRY_NUMBER=1
AIRFLOW_CTX_DAG_RUN_ID=scheduled__2024-01-10T00:00:00+00:00
[2024-09-16 00:03:11,347] {python.py:173} INFO - Done. Returned value was: None
[2024-09-16 00:03:11,380] {taskinstance.py:1395} INFO - Marking task as SUCCESS. dag_id=BRONZER_GET_STONCKS, task_id=BRONZE_STONCKS_MSFT, execution_date=20240110T000000, start_date=20240916T030309, end_date=20240916T030311
[2024-09-16 00:03:11,444] {local_task_job.py:156} INFO - Task exited with return code 0
[2024-09-16 00:03:11,490] {local_task_job.py:273} INFO - 0 downstream tasks scheduled from follow-on schedule check
[2024-09-16 00:12:51,306] {taskinstance.py:1159} INFO - Dependencies all met for <TaskInstance: BRONZER_GET_STONCKS.BRONZE_STONCKS_MSFT scheduled__2024-01-10T00:00:00+00:00 [queued]>
[2024-09-16 00:12:51,365] {taskinstance.py:1159} INFO - Dependencies all met for <TaskInstance: BRONZER_GET_STONCKS.BRONZE_STONCKS_MSFT scheduled__2024-01-10T00:00:00+00:00 [queued]>
[2024-09-16 00:12:51,365] {taskinstance.py:1356} INFO - 
--------------------------------------------------------------------------------
[2024-09-16 00:12:51,365] {taskinstance.py:1357} INFO - Starting attempt 1 of 1
[2024-09-16 00:12:51,365] {taskinstance.py:1358} INFO - 
--------------------------------------------------------------------------------
[2024-09-16 00:12:51,502] {taskinstance.py:1377} INFO - Executing <Task(_PythonDecoratedOperator): BRONZE_STONCKS_MSFT> on 2024-01-10 00:00:00+00:00
[2024-09-16 00:12:51,506] {standard_task_runner.py:52} INFO - Started process 44373 to run task
[2024-09-16 00:12:51,542] {standard_task_runner.py:79} INFO - Running: ['airflow', 'tasks', 'run', 'BRONZER_GET_STONCKS', 'BRONZE_STONCKS_MSFT', 'scheduled__2024-01-10T00:00:00+00:00', '--job-id', '1524', '--raw', '--subdir', 'DAGS_FOLDER/get_stocks.py', '--cfg-path', '/tmp/tmpkhebtf4g', '--error-file', '/tmp/tmp3g5frbdo']
[2024-09-16 00:12:51,543] {standard_task_runner.py:80} INFO - Job 1524: Subtask BRONZE_STONCKS_MSFT
[2024-09-16 00:12:51,923] {task_command.py:370} INFO - Running <TaskInstance: BRONZER_GET_STONCKS.BRONZE_STONCKS_MSFT scheduled__2024-01-10T00:00:00+00:00 [running]> on host kaiwang.
[2024-09-16 00:12:52,377] {taskinstance.py:1569} INFO - Exporting the following env vars:
AIRFLOW_CTX_DAG_OWNER=airflow
AIRFLOW_CTX_DAG_ID=BRONZER_GET_STONCKS
AIRFLOW_CTX_TASK_ID=BRONZE_STONCKS_MSFT
AIRFLOW_CTX_EXECUTION_DATE=2024-01-10T00:00:00+00:00
AIRFLOW_CTX_TRY_NUMBER=1
AIRFLOW_CTX_DAG_RUN_ID=scheduled__2024-01-10T00:00:00+00:00
[2024-09-16 00:12:53,141] {python.py:173} INFO - Done. Returned value was: None
[2024-09-16 00:12:53,208] {taskinstance.py:1395} INFO - Marking task as SUCCESS. dag_id=BRONZER_GET_STONCKS, task_id=BRONZE_STONCKS_MSFT, execution_date=20240110T000000, start_date=20240916T031251, end_date=20240916T031253
[2024-09-16 00:12:53,274] {local_task_job.py:156} INFO - Task exited with return code 0
[2024-09-16 00:12:53,346] {local_task_job.py:273} INFO - 0 downstream tasks scheduled from follow-on schedule check
[2024-09-16 00:14:27,012] {taskinstance.py:1159} INFO - Dependencies all met for <TaskInstance: BRONZER_GET_STONCKS.BRONZE_STONCKS_MSFT scheduled__2024-01-10T00:00:00+00:00 [queued]>
[2024-09-16 00:14:27,080] {taskinstance.py:1159} INFO - Dependencies all met for <TaskInstance: BRONZER_GET_STONCKS.BRONZE_STONCKS_MSFT scheduled__2024-01-10T00:00:00+00:00 [queued]>
[2024-09-16 00:14:27,080] {taskinstance.py:1356} INFO - 
--------------------------------------------------------------------------------
[2024-09-16 00:14:27,080] {taskinstance.py:1357} INFO - Starting attempt 1 of 1
[2024-09-16 00:14:27,080] {taskinstance.py:1358} INFO - 
--------------------------------------------------------------------------------
[2024-09-16 00:14:27,179] {taskinstance.py:1377} INFO - Executing <Task(_PythonDecoratedOperator): BRONZE_STONCKS_MSFT> on 2024-01-10 00:00:00+00:00
[2024-09-16 00:14:27,186] {standard_task_runner.py:52} INFO - Started process 49820 to run task
[2024-09-16 00:14:27,220] {standard_task_runner.py:79} INFO - Running: ['airflow', 'tasks', 'run', 'BRONZER_GET_STONCKS', 'BRONZE_STONCKS_MSFT', 'scheduled__2024-01-10T00:00:00+00:00', '--job-id', '1830', '--raw', '--subdir', 'DAGS_FOLDER/get_stocks.py', '--cfg-path', '/tmp/tmpso4eaui5', '--error-file', '/tmp/tmpe8s4nb9l']
[2024-09-16 00:14:27,227] {standard_task_runner.py:80} INFO - Job 1830: Subtask BRONZE_STONCKS_MSFT
[2024-09-16 00:14:27,566] {task_command.py:370} INFO - Running <TaskInstance: BRONZER_GET_STONCKS.BRONZE_STONCKS_MSFT scheduled__2024-01-10T00:00:00+00:00 [running]> on host kaiwang.
[2024-09-16 00:14:28,149] {taskinstance.py:1569} INFO - Exporting the following env vars:
AIRFLOW_CTX_DAG_OWNER=airflow
AIRFLOW_CTX_DAG_ID=BRONZER_GET_STONCKS
AIRFLOW_CTX_TASK_ID=BRONZE_STONCKS_MSFT
AIRFLOW_CTX_EXECUTION_DATE=2024-01-10T00:00:00+00:00
AIRFLOW_CTX_TRY_NUMBER=1
AIRFLOW_CTX_DAG_RUN_ID=scheduled__2024-01-10T00:00:00+00:00
[2024-09-16 00:14:29,537] {python.py:173} INFO - Done. Returned value was: None
[2024-09-16 00:14:29,555] {taskinstance.py:1395} INFO - Marking task as SUCCESS. dag_id=BRONZER_GET_STONCKS, task_id=BRONZE_STONCKS_MSFT, execution_date=20240110T000000, start_date=20240916T031427, end_date=20240916T031429
[2024-09-16 00:14:29,574] {local_task_job.py:156} INFO - Task exited with return code 0
[2024-09-16 00:14:29,619] {local_task_job.py:273} INFO - 0 downstream tasks scheduled from follow-on schedule check
