[2024-09-16 00:03:19,557] {taskinstance.py:1159} INFO - Dependencies all met for <TaskInstance: BRONZER_GET_CRIPTOS.BRONZE_CRIPTO_ETH scheduled__2024-01-17T00:00:00+00:00 [queued]>
[2024-09-16 00:03:19,646] {taskinstance.py:1159} INFO - Dependencies all met for <TaskInstance: BRONZER_GET_CRIPTOS.BRONZE_CRIPTO_ETH scheduled__2024-01-17T00:00:00+00:00 [queued]>
[2024-09-16 00:03:19,647] {taskinstance.py:1356} INFO - 
--------------------------------------------------------------------------------
[2024-09-16 00:03:19,647] {taskinstance.py:1357} INFO - Starting attempt 1 of 1
[2024-09-16 00:03:19,647] {taskinstance.py:1358} INFO - 
--------------------------------------------------------------------------------
[2024-09-16 00:03:19,701] {taskinstance.py:1377} INFO - Executing <Task(_PythonDecoratedOperator): BRONZE_CRIPTO_ETH> on 2024-01-17 00:00:00+00:00
[2024-09-16 00:03:19,717] {standard_task_runner.py:52} INFO - Started process 19533 to run task
[2024-09-16 00:03:19,738] {standard_task_runner.py:79} INFO - Running: ['airflow', 'tasks', 'run', 'BRONZER_GET_CRIPTOS', 'BRONZE_CRIPTO_ETH', 'scheduled__2024-01-17T00:00:00+00:00', '--job-id', '91', '--raw', '--subdir', 'DAGS_FOLDER/get_cripto.py', '--cfg-path', '/tmp/tmpzc127pwd', '--error-file', '/tmp/tmpzjsr9_wo']
[2024-09-16 00:03:19,739] {standard_task_runner.py:80} INFO - Job 91: Subtask BRONZE_CRIPTO_ETH
[2024-09-16 00:03:20,006] {task_command.py:370} INFO - Running <TaskInstance: BRONZER_GET_CRIPTOS.BRONZE_CRIPTO_ETH scheduled__2024-01-17T00:00:00+00:00 [running]> on host kaiwang.
[2024-09-16 00:03:20,377] {taskinstance.py:1569} INFO - Exporting the following env vars:
AIRFLOW_CTX_DAG_OWNER=airflow
AIRFLOW_CTX_DAG_ID=BRONZER_GET_CRIPTOS
AIRFLOW_CTX_TASK_ID=BRONZE_CRIPTO_ETH
AIRFLOW_CTX_EXECUTION_DATE=2024-01-17T00:00:00+00:00
AIRFLOW_CTX_TRY_NUMBER=1
AIRFLOW_CTX_DAG_RUN_ID=scheduled__2024-01-17T00:00:00+00:00
[2024-09-16 00:03:23,285] {history.py:244} ERROR - $ETH: possibly delisted; no price data found  (1h 2024-01-14 -> 2024-01-17) (Yahoo error = "Data doesn't exist for startDate = 1705208400, endDate = 1705467600")
[2024-09-16 00:03:23,290] {python.py:173} INFO - Done. Returned value was: None
[2024-09-16 00:03:23,522] {taskinstance.py:1395} INFO - Marking task as SUCCESS. dag_id=BRONZER_GET_CRIPTOS, task_id=BRONZE_CRIPTO_ETH, execution_date=20240117T000000, start_date=20240916T030319, end_date=20240916T030323
[2024-09-16 00:03:23,597] {local_task_job.py:156} INFO - Task exited with return code 0
[2024-09-16 00:03:23,822] {local_task_job.py:273} INFO - 0 downstream tasks scheduled from follow-on schedule check
[2024-09-16 00:12:59,797] {taskinstance.py:1159} INFO - Dependencies all met for <TaskInstance: BRONZER_GET_CRIPTOS.BRONZE_CRIPTO_ETH scheduled__2024-01-17T00:00:00+00:00 [queued]>
[2024-09-16 00:12:59,814] {taskinstance.py:1159} INFO - Dependencies all met for <TaskInstance: BRONZER_GET_CRIPTOS.BRONZE_CRIPTO_ETH scheduled__2024-01-17T00:00:00+00:00 [queued]>
[2024-09-16 00:12:59,814] {taskinstance.py:1356} INFO - 
--------------------------------------------------------------------------------
[2024-09-16 00:12:59,814] {taskinstance.py:1357} INFO - Starting attempt 1 of 1
[2024-09-16 00:12:59,814] {taskinstance.py:1358} INFO - 
--------------------------------------------------------------------------------
[2024-09-16 00:12:59,878] {taskinstance.py:1377} INFO - Executing <Task(_PythonDecoratedOperator): BRONZE_CRIPTO_ETH> on 2024-01-17 00:00:00+00:00
[2024-09-16 00:12:59,883] {standard_task_runner.py:52} INFO - Started process 45061 to run task
[2024-09-16 00:12:59,905] {standard_task_runner.py:79} INFO - Running: ['airflow', 'tasks', 'run', 'BRONZER_GET_CRIPTOS', 'BRONZE_CRIPTO_ETH', 'scheduled__2024-01-17T00:00:00+00:00', '--job-id', '1566', '--raw', '--subdir', 'DAGS_FOLDER/get_cripto.py', '--cfg-path', '/tmp/tmpj6uec349', '--error-file', '/tmp/tmpiggcmk_t']
[2024-09-16 00:12:59,906] {standard_task_runner.py:80} INFO - Job 1566: Subtask BRONZE_CRIPTO_ETH
[2024-09-16 00:12:59,999] {task_command.py:370} INFO - Running <TaskInstance: BRONZER_GET_CRIPTOS.BRONZE_CRIPTO_ETH scheduled__2024-01-17T00:00:00+00:00 [running]> on host kaiwang.
[2024-09-16 00:13:00,074] {taskinstance.py:1569} INFO - Exporting the following env vars:
AIRFLOW_CTX_DAG_OWNER=airflow
AIRFLOW_CTX_DAG_ID=BRONZER_GET_CRIPTOS
AIRFLOW_CTX_TASK_ID=BRONZE_CRIPTO_ETH
AIRFLOW_CTX_EXECUTION_DATE=2024-01-17T00:00:00+00:00
AIRFLOW_CTX_TRY_NUMBER=1
AIRFLOW_CTX_DAG_RUN_ID=scheduled__2024-01-17T00:00:00+00:00
[2024-09-16 00:13:03,238] {history.py:244} ERROR - $ETH: possibly delisted; no price data found  (1h 2024-01-14 -> 2024-01-17) (Yahoo error = "Data doesn't exist for startDate = 1705208400, endDate = 1705467600")
[2024-09-16 00:13:03,242] {python.py:173} INFO - Done. Returned value was: None
[2024-09-16 00:13:03,649] {taskinstance.py:1395} INFO - Marking task as SUCCESS. dag_id=BRONZER_GET_CRIPTOS, task_id=BRONZE_CRIPTO_ETH, execution_date=20240117T000000, start_date=20240916T031259, end_date=20240916T031303
[2024-09-16 00:13:03,709] {local_task_job.py:156} INFO - Task exited with return code 0
[2024-09-16 00:13:04,252] {local_task_job.py:273} INFO - 0 downstream tasks scheduled from follow-on schedule check
[2024-09-16 00:14:36,607] {taskinstance.py:1159} INFO - Dependencies all met for <TaskInstance: BRONZER_GET_CRIPTOS.BRONZE_CRIPTO_ETH scheduled__2024-01-17T00:00:00+00:00 [queued]>
[2024-09-16 00:14:36,667] {taskinstance.py:1159} INFO - Dependencies all met for <TaskInstance: BRONZER_GET_CRIPTOS.BRONZE_CRIPTO_ETH scheduled__2024-01-17T00:00:00+00:00 [queued]>
[2024-09-16 00:14:36,667] {taskinstance.py:1356} INFO - 
--------------------------------------------------------------------------------
[2024-09-16 00:14:36,667] {taskinstance.py:1357} INFO - Starting attempt 1 of 1
[2024-09-16 00:14:36,668] {taskinstance.py:1358} INFO - 
--------------------------------------------------------------------------------
[2024-09-16 00:14:36,703] {taskinstance.py:1377} INFO - Executing <Task(_PythonDecoratedOperator): BRONZE_CRIPTO_ETH> on 2024-01-17 00:00:00+00:00
[2024-09-16 00:14:36,746] {standard_task_runner.py:79} INFO - Running: ['airflow', 'tasks', 'run', 'BRONZER_GET_CRIPTOS', 'BRONZE_CRIPTO_ETH', 'scheduled__2024-01-17T00:00:00+00:00', '--job-id', '1879', '--raw', '--subdir', 'DAGS_FOLDER/get_cripto.py', '--cfg-path', '/tmp/tmpsz73px86', '--error-file', '/tmp/tmpdev_qp1l']
[2024-09-16 00:14:36,747] {standard_task_runner.py:80} INFO - Job 1879: Subtask BRONZE_CRIPTO_ETH
[2024-09-16 00:14:36,713] {standard_task_runner.py:52} INFO - Started process 50591 to run task
[2024-09-16 00:14:36,989] {task_command.py:370} INFO - Running <TaskInstance: BRONZER_GET_CRIPTOS.BRONZE_CRIPTO_ETH scheduled__2024-01-17T00:00:00+00:00 [running]> on host kaiwang.
[2024-09-16 00:14:37,291] {taskinstance.py:1569} INFO - Exporting the following env vars:
AIRFLOW_CTX_DAG_OWNER=airflow
AIRFLOW_CTX_DAG_ID=BRONZER_GET_CRIPTOS
AIRFLOW_CTX_TASK_ID=BRONZE_CRIPTO_ETH
AIRFLOW_CTX_EXECUTION_DATE=2024-01-17T00:00:00+00:00
AIRFLOW_CTX_TRY_NUMBER=1
AIRFLOW_CTX_DAG_RUN_ID=scheduled__2024-01-17T00:00:00+00:00
[2024-09-16 00:14:40,067] {history.py:244} ERROR - $ETH: possibly delisted; no price data found  (1h 2024-01-14 -> 2024-01-17) (Yahoo error = "Data doesn't exist for startDate = 1705208400, endDate = 1705467600")
[2024-09-16 00:14:40,071] {python.py:173} INFO - Done. Returned value was: None
[2024-09-16 00:14:40,344] {taskinstance.py:1395} INFO - Marking task as SUCCESS. dag_id=BRONZER_GET_CRIPTOS, task_id=BRONZE_CRIPTO_ETH, execution_date=20240117T000000, start_date=20240916T031436, end_date=20240916T031440
[2024-09-16 00:14:40,449] {local_task_job.py:156} INFO - Task exited with return code 0
[2024-09-16 00:14:40,842] {local_task_job.py:273} INFO - 0 downstream tasks scheduled from follow-on schedule check
