[2024-09-16 00:07:23,142] {taskinstance.py:1159} INFO - Dependencies all met for <TaskInstance: BRONZER_GET_CRIPTOS.BRONZE_CRIPTO_AVAX scheduled__2024-07-11T00:00:00+00:00 [queued]>
[2024-09-16 00:07:23,180] {taskinstance.py:1159} INFO - Dependencies all met for <TaskInstance: BRONZER_GET_CRIPTOS.BRONZE_CRIPTO_AVAX scheduled__2024-07-11T00:00:00+00:00 [queued]>
[2024-09-16 00:07:23,180] {taskinstance.py:1356} INFO - 
--------------------------------------------------------------------------------
[2024-09-16 00:07:23,180] {taskinstance.py:1357} INFO - Starting attempt 1 of 1
[2024-09-16 00:07:23,180] {taskinstance.py:1358} INFO - 
--------------------------------------------------------------------------------
[2024-09-16 00:07:23,224] {taskinstance.py:1377} INFO - Executing <Task(_PythonDecoratedOperator): BRONZE_CRIPTO_AVAX> on 2024-07-11 00:00:00+00:00
[2024-09-16 00:07:23,236] {standard_task_runner.py:52} INFO - Started process 38884 to run task
[2024-09-16 00:07:23,285] {standard_task_runner.py:79} INFO - Running: ['airflow', 'tasks', 'run', 'BRONZER_GET_CRIPTOS', 'BRONZE_CRIPTO_AVAX', 'scheduled__2024-07-11T00:00:00+00:00', '--job-id', '1214', '--raw', '--subdir', 'DAGS_FOLDER/get_cripto.py', '--cfg-path', '/tmp/tmpjz8dp1s4', '--error-file', '/tmp/tmprftpah_7']
[2024-09-16 00:07:23,286] {standard_task_runner.py:80} INFO - Job 1214: Subtask BRONZE_CRIPTO_AVAX
[2024-09-16 00:07:23,563] {task_command.py:370} INFO - Running <TaskInstance: BRONZER_GET_CRIPTOS.BRONZE_CRIPTO_AVAX scheduled__2024-07-11T00:00:00+00:00 [running]> on host kaiwang.
[2024-09-16 00:07:23,919] {taskinstance.py:1569} INFO - Exporting the following env vars:
AIRFLOW_CTX_DAG_OWNER=airflow
AIRFLOW_CTX_DAG_ID=BRONZER_GET_CRIPTOS
AIRFLOW_CTX_TASK_ID=BRONZE_CRIPTO_AVAX
AIRFLOW_CTX_EXECUTION_DATE=2024-07-11T00:00:00+00:00
AIRFLOW_CTX_TRY_NUMBER=1
AIRFLOW_CTX_DAG_RUN_ID=scheduled__2024-07-11T00:00:00+00:00
[2024-09-16 00:07:26,647] {history.py:122} ERROR - $AVAX: possibly delisted; no timezone found
[2024-09-16 00:07:26,652] {python.py:173} INFO - Done. Returned value was: None
[2024-09-16 00:07:26,729] {taskinstance.py:1395} INFO - Marking task as SUCCESS. dag_id=BRONZER_GET_CRIPTOS, task_id=BRONZE_CRIPTO_AVAX, execution_date=20240711T000000, start_date=20240916T030723, end_date=20240916T030726
[2024-09-16 00:07:26,796] {local_task_job.py:156} INFO - Task exited with return code 0
[2024-09-16 00:07:26,984] {local_task_job.py:273} INFO - 0 downstream tasks scheduled from follow-on schedule check
