[2024-09-16 00:06:38,664] {taskinstance.py:1159} INFO - Dependencies all met for <TaskInstance: BRONZER_GET_STONCKS.BRONZE_STONCKS_MSFT scheduled__2024-07-10T00:00:00+00:00 [queued]>
[2024-09-16 00:06:38,707] {taskinstance.py:1159} INFO - Dependencies all met for <TaskInstance: BRONZER_GET_STONCKS.BRONZE_STONCKS_MSFT scheduled__2024-07-10T00:00:00+00:00 [queued]>
[2024-09-16 00:06:38,707] {taskinstance.py:1356} INFO - 
--------------------------------------------------------------------------------
[2024-09-16 00:06:38,707] {taskinstance.py:1357} INFO - Starting attempt 1 of 1
[2024-09-16 00:06:38,707] {taskinstance.py:1358} INFO - 
--------------------------------------------------------------------------------
[2024-09-16 00:06:38,755] {taskinstance.py:1377} INFO - Executing <Task(_PythonDecoratedOperator): BRONZE_STONCKS_MSFT> on 2024-07-10 00:00:00+00:00
[2024-09-16 00:06:38,761] {standard_task_runner.py:52} INFO - Started process 35304 to run task
[2024-09-16 00:06:38,799] {standard_task_runner.py:79} INFO - Running: ['airflow', 'tasks', 'run', 'BRONZER_GET_STONCKS', 'BRONZE_STONCKS_MSFT', 'scheduled__2024-07-10T00:00:00+00:00', '--job-id', '1002', '--raw', '--subdir', 'DAGS_FOLDER/get_stocks.py', '--cfg-path', '/tmp/tmpov3gyfa0', '--error-file', '/tmp/tmp61r599qm']
[2024-09-16 00:06:38,800] {standard_task_runner.py:80} INFO - Job 1002: Subtask BRONZE_STONCKS_MSFT
[2024-09-16 00:06:39,108] {task_command.py:370} INFO - Running <TaskInstance: BRONZER_GET_STONCKS.BRONZE_STONCKS_MSFT scheduled__2024-07-10T00:00:00+00:00 [running]> on host kaiwang.
[2024-09-16 00:06:39,461] {taskinstance.py:1569} INFO - Exporting the following env vars:
AIRFLOW_CTX_DAG_OWNER=airflow
AIRFLOW_CTX_DAG_ID=BRONZER_GET_STONCKS
AIRFLOW_CTX_TASK_ID=BRONZE_STONCKS_MSFT
AIRFLOW_CTX_EXECUTION_DATE=2024-07-10T00:00:00+00:00
AIRFLOW_CTX_TRY_NUMBER=1
AIRFLOW_CTX_DAG_RUN_ID=scheduled__2024-07-10T00:00:00+00:00
[2024-09-16 00:06:43,102] {python.py:173} INFO - Done. Returned value was: None
[2024-09-16 00:06:43,134] {taskinstance.py:1395} INFO - Marking task as SUCCESS. dag_id=BRONZER_GET_STONCKS, task_id=BRONZE_STONCKS_MSFT, execution_date=20240710T000000, start_date=20240916T030638, end_date=20240916T030643
[2024-09-16 00:06:43,185] {local_task_job.py:156} INFO - Task exited with return code 0
[2024-09-16 00:06:43,293] {local_task_job.py:273} INFO - 0 downstream tasks scheduled from follow-on schedule check
