[2024-09-16 00:03:38,967] {taskinstance.py:1159} INFO - Dependencies all met for <TaskInstance: BRONZER_GET_CRIPTOS.BRONZE_CRIPTO_AVAX scheduled__2024-01-31T00:00:00+00:00 [queued]>
[2024-09-16 00:03:39,019] {taskinstance.py:1159} INFO - Dependencies all met for <TaskInstance: BRONZER_GET_CRIPTOS.BRONZE_CRIPTO_AVAX scheduled__2024-01-31T00:00:00+00:00 [queued]>
[2024-09-16 00:03:39,019] {taskinstance.py:1356} INFO - 
--------------------------------------------------------------------------------
[2024-09-16 00:03:39,019] {taskinstance.py:1357} INFO - Starting attempt 1 of 1
[2024-09-16 00:03:39,019] {taskinstance.py:1358} INFO - 
--------------------------------------------------------------------------------
[2024-09-16 00:03:39,072] {taskinstance.py:1377} INFO - Executing <Task(_PythonDecoratedOperator): BRONZE_CRIPTO_AVAX> on 2024-01-31 00:00:00+00:00
[2024-09-16 00:03:39,080] {standard_task_runner.py:52} INFO - Started process 21021 to run task
[2024-09-16 00:03:39,117] {standard_task_runner.py:79} INFO - Running: ['airflow', 'tasks', 'run', 'BRONZER_GET_CRIPTOS', 'BRONZE_CRIPTO_AVAX', 'scheduled__2024-01-31T00:00:00+00:00', '--job-id', '174', '--raw', '--subdir', 'DAGS_FOLDER/get_cripto.py', '--cfg-path', '/tmp/tmp5gno5kq_', '--error-file', '/tmp/tmp9horlbzj']
[2024-09-16 00:03:39,118] {standard_task_runner.py:80} INFO - Job 174: Subtask BRONZE_CRIPTO_AVAX
[2024-09-16 00:03:39,428] {task_command.py:370} INFO - Running <TaskInstance: BRONZER_GET_CRIPTOS.BRONZE_CRIPTO_AVAX scheduled__2024-01-31T00:00:00+00:00 [running]> on host kaiwang.
[2024-09-16 00:03:39,679] {taskinstance.py:1569} INFO - Exporting the following env vars:
AIRFLOW_CTX_DAG_OWNER=airflow
AIRFLOW_CTX_DAG_ID=BRONZER_GET_CRIPTOS
AIRFLOW_CTX_TASK_ID=BRONZE_CRIPTO_AVAX
AIRFLOW_CTX_EXECUTION_DATE=2024-01-31T00:00:00+00:00
AIRFLOW_CTX_TRY_NUMBER=1
AIRFLOW_CTX_DAG_RUN_ID=scheduled__2024-01-31T00:00:00+00:00
[2024-09-16 00:03:42,978] {history.py:122} ERROR - $AVAX: possibly delisted; no timezone found
[2024-09-16 00:03:42,988] {python.py:173} INFO - Done. Returned value was: None
[2024-09-16 00:03:43,039] {taskinstance.py:1395} INFO - Marking task as SUCCESS. dag_id=BRONZER_GET_CRIPTOS, task_id=BRONZE_CRIPTO_AVAX, execution_date=20240131T000000, start_date=20240916T030338, end_date=20240916T030343
[2024-09-16 00:03:43,069] {local_task_job.py:156} INFO - Task exited with return code 0
[2024-09-16 00:03:43,113] {local_task_job.py:273} INFO - 0 downstream tasks scheduled from follow-on schedule check
[2024-09-16 00:13:19,559] {taskinstance.py:1159} INFO - Dependencies all met for <TaskInstance: BRONZER_GET_CRIPTOS.BRONZE_CRIPTO_AVAX scheduled__2024-01-31T00:00:00+00:00 [queued]>
[2024-09-16 00:13:19,589] {taskinstance.py:1159} INFO - Dependencies all met for <TaskInstance: BRONZER_GET_CRIPTOS.BRONZE_CRIPTO_AVAX scheduled__2024-01-31T00:00:00+00:00 [queued]>
[2024-09-16 00:13:19,589] {taskinstance.py:1356} INFO - 
--------------------------------------------------------------------------------
[2024-09-16 00:13:19,590] {taskinstance.py:1357} INFO - Starting attempt 1 of 1
[2024-09-16 00:13:19,590] {taskinstance.py:1358} INFO - 
--------------------------------------------------------------------------------
[2024-09-16 00:13:19,640] {taskinstance.py:1377} INFO - Executing <Task(_PythonDecoratedOperator): BRONZE_CRIPTO_AVAX> on 2024-01-31 00:00:00+00:00
[2024-09-16 00:13:19,649] {standard_task_runner.py:52} INFO - Started process 46621 to run task
[2024-09-16 00:13:19,678] {standard_task_runner.py:79} INFO - Running: ['airflow', 'tasks', 'run', 'BRONZER_GET_CRIPTOS', 'BRONZE_CRIPTO_AVAX', 'scheduled__2024-01-31T00:00:00+00:00', '--job-id', '1646', '--raw', '--subdir', 'DAGS_FOLDER/get_cripto.py', '--cfg-path', '/tmp/tmpqbrjupfl', '--error-file', '/tmp/tmpq0_vq0c6']
[2024-09-16 00:13:19,679] {standard_task_runner.py:80} INFO - Job 1646: Subtask BRONZE_CRIPTO_AVAX
[2024-09-16 00:13:20,221] {task_command.py:370} INFO - Running <TaskInstance: BRONZER_GET_CRIPTOS.BRONZE_CRIPTO_AVAX scheduled__2024-01-31T00:00:00+00:00 [running]> on host kaiwang.
[2024-09-16 00:13:20,701] {taskinstance.py:1569} INFO - Exporting the following env vars:
AIRFLOW_CTX_DAG_OWNER=airflow
AIRFLOW_CTX_DAG_ID=BRONZER_GET_CRIPTOS
AIRFLOW_CTX_TASK_ID=BRONZE_CRIPTO_AVAX
AIRFLOW_CTX_EXECUTION_DATE=2024-01-31T00:00:00+00:00
AIRFLOW_CTX_TRY_NUMBER=1
AIRFLOW_CTX_DAG_RUN_ID=scheduled__2024-01-31T00:00:00+00:00
[2024-09-16 00:13:23,323] {history.py:122} ERROR - $AVAX: possibly delisted; no timezone found
[2024-09-16 00:13:23,327] {python.py:173} INFO - Done. Returned value was: None
[2024-09-16 00:13:23,376] {taskinstance.py:1395} INFO - Marking task as SUCCESS. dag_id=BRONZER_GET_CRIPTOS, task_id=BRONZE_CRIPTO_AVAX, execution_date=20240131T000000, start_date=20240916T031319, end_date=20240916T031323
[2024-09-16 00:13:23,411] {local_task_job.py:156} INFO - Task exited with return code 0
[2024-09-16 00:13:23,556] {local_task_job.py:273} INFO - 0 downstream tasks scheduled from follow-on schedule check
[2024-09-16 00:14:56,743] {taskinstance.py:1159} INFO - Dependencies all met for <TaskInstance: BRONZER_GET_CRIPTOS.BRONZE_CRIPTO_AVAX scheduled__2024-01-31T00:00:00+00:00 [queued]>
[2024-09-16 00:14:56,806] {taskinstance.py:1159} INFO - Dependencies all met for <TaskInstance: BRONZER_GET_CRIPTOS.BRONZE_CRIPTO_AVAX scheduled__2024-01-31T00:00:00+00:00 [queued]>
[2024-09-16 00:14:56,806] {taskinstance.py:1356} INFO - 
--------------------------------------------------------------------------------
[2024-09-16 00:14:56,806] {taskinstance.py:1357} INFO - Starting attempt 1 of 1
[2024-09-16 00:14:56,806] {taskinstance.py:1358} INFO - 
--------------------------------------------------------------------------------
[2024-09-16 00:14:56,932] {taskinstance.py:1377} INFO - Executing <Task(_PythonDecoratedOperator): BRONZE_CRIPTO_AVAX> on 2024-01-31 00:00:00+00:00
[2024-09-16 00:14:56,940] {standard_task_runner.py:52} INFO - Started process 52249 to run task
[2024-09-16 00:14:56,971] {standard_task_runner.py:79} INFO - Running: ['airflow', 'tasks', 'run', 'BRONZER_GET_CRIPTOS', 'BRONZE_CRIPTO_AVAX', 'scheduled__2024-01-31T00:00:00+00:00', '--job-id', '1967', '--raw', '--subdir', 'DAGS_FOLDER/get_cripto.py', '--cfg-path', '/tmp/tmpn70msp9v', '--error-file', '/tmp/tmpqpebks_0']
[2024-09-16 00:14:56,976] {standard_task_runner.py:80} INFO - Job 1967: Subtask BRONZE_CRIPTO_AVAX
[2024-09-16 00:14:57,284] {task_command.py:370} INFO - Running <TaskInstance: BRONZER_GET_CRIPTOS.BRONZE_CRIPTO_AVAX scheduled__2024-01-31T00:00:00+00:00 [running]> on host kaiwang.
[2024-09-16 00:14:57,620] {taskinstance.py:1569} INFO - Exporting the following env vars:
AIRFLOW_CTX_DAG_OWNER=airflow
AIRFLOW_CTX_DAG_ID=BRONZER_GET_CRIPTOS
AIRFLOW_CTX_TASK_ID=BRONZE_CRIPTO_AVAX
AIRFLOW_CTX_EXECUTION_DATE=2024-01-31T00:00:00+00:00
AIRFLOW_CTX_TRY_NUMBER=1
AIRFLOW_CTX_DAG_RUN_ID=scheduled__2024-01-31T00:00:00+00:00
[2024-09-16 00:15:00,622] {history.py:122} ERROR - $AVAX: possibly delisted; no timezone found
[2024-09-16 00:15:00,628] {python.py:173} INFO - Done. Returned value was: None
[2024-09-16 00:15:00,684] {taskinstance.py:1395} INFO - Marking task as SUCCESS. dag_id=BRONZER_GET_CRIPTOS, task_id=BRONZE_CRIPTO_AVAX, execution_date=20240131T000000, start_date=20240916T031456, end_date=20240916T031500
[2024-09-16 00:15:00,733] {local_task_job.py:156} INFO - Task exited with return code 0
[2024-09-16 00:15:00,862] {local_task_job.py:273} INFO - 0 downstream tasks scheduled from follow-on schedule check
