[2024-09-16 00:04:37,127] {taskinstance.py:1159} INFO - Dependencies all met for <TaskInstance: BRONZER_GET_STONCKS.BRONZE_STONCKS_AAPL scheduled__2024-03-19T00:00:00+00:00 [queued]>
[2024-09-16 00:04:37,188] {taskinstance.py:1159} INFO - Dependencies all met for <TaskInstance: BRONZER_GET_STONCKS.BRONZE_STONCKS_AAPL scheduled__2024-03-19T00:00:00+00:00 [queued]>
[2024-09-16 00:04:37,188] {taskinstance.py:1356} INFO - 
--------------------------------------------------------------------------------
[2024-09-16 00:04:37,188] {taskinstance.py:1357} INFO - Starting attempt 1 of 1
[2024-09-16 00:04:37,188] {taskinstance.py:1358} INFO - 
--------------------------------------------------------------------------------
[2024-09-16 00:04:37,256] {taskinstance.py:1377} INFO - Executing <Task(_PythonDecoratedOperator): BRONZE_STONCKS_AAPL> on 2024-03-19 00:00:00+00:00
[2024-09-16 00:04:37,283] {standard_task_runner.py:52} INFO - Started process 25509 to run task
[2024-09-16 00:04:37,306] {standard_task_runner.py:79} INFO - Running: ['airflow', 'tasks', 'run', 'BRONZER_GET_STONCKS', 'BRONZE_STONCKS_AAPL', 'scheduled__2024-03-19T00:00:00+00:00', '--job-id', '434', '--raw', '--subdir', 'DAGS_FOLDER/get_stocks.py', '--cfg-path', '/tmp/tmpg_a6br1b', '--error-file', '/tmp/tmpfx33e50p']
[2024-09-16 00:04:37,307] {standard_task_runner.py:80} INFO - Job 434: Subtask BRONZE_STONCKS_AAPL
[2024-09-16 00:04:37,657] {task_command.py:370} INFO - Running <TaskInstance: BRONZER_GET_STONCKS.BRONZE_STONCKS_AAPL scheduled__2024-03-19T00:00:00+00:00 [running]> on host kaiwang.
[2024-09-16 00:04:38,042] {taskinstance.py:1569} INFO - Exporting the following env vars:
AIRFLOW_CTX_DAG_OWNER=airflow
AIRFLOW_CTX_DAG_ID=BRONZER_GET_STONCKS
AIRFLOW_CTX_TASK_ID=BRONZE_STONCKS_AAPL
AIRFLOW_CTX_EXECUTION_DATE=2024-03-19T00:00:00+00:00
AIRFLOW_CTX_TRY_NUMBER=1
AIRFLOW_CTX_DAG_RUN_ID=scheduled__2024-03-19T00:00:00+00:00
[2024-09-16 00:04:38,734] {python.py:173} INFO - Done. Returned value was: None
[2024-09-16 00:04:38,825] {taskinstance.py:1395} INFO - Marking task as SUCCESS. dag_id=BRONZER_GET_STONCKS, task_id=BRONZE_STONCKS_AAPL, execution_date=20240319T000000, start_date=20240916T030437, end_date=20240916T030438
[2024-09-16 00:04:38,895] {local_task_job.py:156} INFO - Task exited with return code 0
[2024-09-16 00:04:38,970] {local_task_job.py:273} INFO - 0 downstream tasks scheduled from follow-on schedule check
[2024-09-16 00:15:43,193] {taskinstance.py:1159} INFO - Dependencies all met for <TaskInstance: BRONZER_GET_STONCKS.BRONZE_STONCKS_AAPL scheduled__2024-03-19T00:00:00+00:00 [queued]>
[2024-09-16 00:15:43,213] {taskinstance.py:1159} INFO - Dependencies all met for <TaskInstance: BRONZER_GET_STONCKS.BRONZE_STONCKS_AAPL scheduled__2024-03-19T00:00:00+00:00 [queued]>
[2024-09-16 00:15:43,213] {taskinstance.py:1356} INFO - 
--------------------------------------------------------------------------------
[2024-09-16 00:15:43,213] {taskinstance.py:1357} INFO - Starting attempt 1 of 1
[2024-09-16 00:15:43,213] {taskinstance.py:1358} INFO - 
--------------------------------------------------------------------------------
[2024-09-16 00:15:43,265] {taskinstance.py:1377} INFO - Executing <Task(_PythonDecoratedOperator): BRONZE_STONCKS_AAPL> on 2024-03-19 00:00:00+00:00
[2024-09-16 00:15:43,271] {standard_task_runner.py:52} INFO - Started process 56085 to run task
[2024-09-16 00:15:43,280] {standard_task_runner.py:79} INFO - Running: ['airflow', 'tasks', 'run', 'BRONZER_GET_STONCKS', 'BRONZE_STONCKS_AAPL', 'scheduled__2024-03-19T00:00:00+00:00', '--job-id', '2197', '--raw', '--subdir', 'DAGS_FOLDER/get_stocks.py', '--cfg-path', '/tmp/tmpyec3o5vq', '--error-file', '/tmp/tmp9u2qgwk3']
[2024-09-16 00:15:43,281] {standard_task_runner.py:80} INFO - Job 2197: Subtask BRONZE_STONCKS_AAPL
[2024-09-16 00:15:43,525] {task_command.py:370} INFO - Running <TaskInstance: BRONZER_GET_STONCKS.BRONZE_STONCKS_AAPL scheduled__2024-03-19T00:00:00+00:00 [running]> on host kaiwang.
[2024-09-16 00:15:43,756] {taskinstance.py:1569} INFO - Exporting the following env vars:
AIRFLOW_CTX_DAG_OWNER=airflow
AIRFLOW_CTX_DAG_ID=BRONZER_GET_STONCKS
AIRFLOW_CTX_TASK_ID=BRONZE_STONCKS_AAPL
AIRFLOW_CTX_EXECUTION_DATE=2024-03-19T00:00:00+00:00
AIRFLOW_CTX_TRY_NUMBER=1
AIRFLOW_CTX_DAG_RUN_ID=scheduled__2024-03-19T00:00:00+00:00
[2024-09-16 00:15:44,318] {python.py:173} INFO - Done. Returned value was: None
[2024-09-16 00:15:44,335] {taskinstance.py:1395} INFO - Marking task as SUCCESS. dag_id=BRONZER_GET_STONCKS, task_id=BRONZE_STONCKS_AAPL, execution_date=20240319T000000, start_date=20240916T031543, end_date=20240916T031544
[2024-09-16 00:15:44,377] {local_task_job.py:156} INFO - Task exited with return code 0
[2024-09-16 00:15:44,416] {local_task_job.py:273} INFO - 0 downstream tasks scheduled from follow-on schedule check
