[2024-09-16 00:08:25,816] {taskinstance.py:1159} INFO - Dependencies all met for <TaskInstance: BRONZER_GET_CRIPTOS.BRONZE_CRIPTO_AVAX scheduled__2024-09-10T00:00:00+00:00 [queued]>
[2024-09-16 00:08:25,839] {taskinstance.py:1159} INFO - Dependencies all met for <TaskInstance: BRONZER_GET_CRIPTOS.BRONZE_CRIPTO_AVAX scheduled__2024-09-10T00:00:00+00:00 [queued]>
[2024-09-16 00:08:25,839] {taskinstance.py:1356} INFO - 
--------------------------------------------------------------------------------
[2024-09-16 00:08:25,839] {taskinstance.py:1357} INFO - Starting attempt 1 of 1
[2024-09-16 00:08:25,839] {taskinstance.py:1358} INFO - 
--------------------------------------------------------------------------------
[2024-09-16 00:08:25,893] {taskinstance.py:1377} INFO - Executing <Task(_PythonDecoratedOperator): BRONZE_CRIPTO_AVAX> on 2024-09-10 00:00:00+00:00
[2024-09-16 00:08:25,898] {standard_task_runner.py:52} INFO - Started process 43138 to run task
[2024-09-16 00:08:25,957] {standard_task_runner.py:79} INFO - Running: ['airflow', 'tasks', 'run', 'BRONZER_GET_CRIPTOS', 'BRONZE_CRIPTO_AVAX', 'scheduled__2024-09-10T00:00:00+00:00', '--job-id', '1462', '--raw', '--subdir', 'DAGS_FOLDER/get_cripto.py', '--cfg-path', '/tmp/tmp8jlh4x6_', '--error-file', '/tmp/tmpwkb7uga9']
[2024-09-16 00:08:25,958] {standard_task_runner.py:80} INFO - Job 1462: Subtask BRONZE_CRIPTO_AVAX
[2024-09-16 00:08:26,134] {task_command.py:370} INFO - Running <TaskInstance: BRONZER_GET_CRIPTOS.BRONZE_CRIPTO_AVAX scheduled__2024-09-10T00:00:00+00:00 [running]> on host kaiwang.
[2024-09-16 00:08:26,351] {taskinstance.py:1569} INFO - Exporting the following env vars:
AIRFLOW_CTX_DAG_OWNER=airflow
AIRFLOW_CTX_DAG_ID=BRONZER_GET_CRIPTOS
AIRFLOW_CTX_TASK_ID=BRONZE_CRIPTO_AVAX
AIRFLOW_CTX_EXECUTION_DATE=2024-09-10T00:00:00+00:00
AIRFLOW_CTX_TRY_NUMBER=1
AIRFLOW_CTX_DAG_RUN_ID=scheduled__2024-09-10T00:00:00+00:00
[2024-09-16 00:08:28,645] {history.py:122} ERROR - $AVAX: possibly delisted; no timezone found
[2024-09-16 00:08:28,647] {python.py:173} INFO - Done. Returned value was: None
[2024-09-16 00:08:28,662] {taskinstance.py:1395} INFO - Marking task as SUCCESS. dag_id=BRONZER_GET_CRIPTOS, task_id=BRONZE_CRIPTO_AVAX, execution_date=20240910T000000, start_date=20240916T030825, end_date=20240916T030828
[2024-09-16 00:08:28,707] {local_task_job.py:156} INFO - Task exited with return code 0
[2024-09-16 00:08:28,739] {local_task_job.py:273} INFO - 0 downstream tasks scheduled from follow-on schedule check
[2024-09-16 13:56:52,623] {taskinstance.py:1159} INFO - Dependencies all met for <TaskInstance: BRONZER_GET_CRIPTOS.BRONZE_CRIPTO_AVAX scheduled__2024-09-10T00:00:00+00:00 [queued]>
[2024-09-16 13:56:52,647] {taskinstance.py:1159} INFO - Dependencies all met for <TaskInstance: BRONZER_GET_CRIPTOS.BRONZE_CRIPTO_AVAX scheduled__2024-09-10T00:00:00+00:00 [queued]>
[2024-09-16 13:56:52,647] {taskinstance.py:1356} INFO - 
--------------------------------------------------------------------------------
[2024-09-16 13:56:52,647] {taskinstance.py:1357} INFO - Starting attempt 1 of 1
[2024-09-16 13:56:52,647] {taskinstance.py:1358} INFO - 
--------------------------------------------------------------------------------
[2024-09-16 13:56:52,681] {taskinstance.py:1377} INFO - Executing <Task(_PythonDecoratedOperator): BRONZE_CRIPTO_AVAX> on 2024-09-10 00:00:00+00:00
[2024-09-16 13:56:52,689] {standard_task_runner.py:52} INFO - Started process 141075 to run task
[2024-09-16 13:56:52,697] {standard_task_runner.py:79} INFO - Running: ['airflow', 'tasks', 'run', 'BRONZER_GET_CRIPTOS', 'BRONZE_CRIPTO_AVAX', 'scheduled__2024-09-10T00:00:00+00:00', '--job-id', '2675', '--raw', '--subdir', 'DAGS_FOLDER/get_cripto.py', '--cfg-path', '/tmp/tmpczq6dy4h', '--error-file', '/tmp/tmpbxplxezb']
[2024-09-16 13:56:52,698] {standard_task_runner.py:80} INFO - Job 2675: Subtask BRONZE_CRIPTO_AVAX
[2024-09-16 13:56:52,874] {task_command.py:370} INFO - Running <TaskInstance: BRONZER_GET_CRIPTOS.BRONZE_CRIPTO_AVAX scheduled__2024-09-10T00:00:00+00:00 [running]> on host kaiwang.
[2024-09-16 13:56:53,414] {taskinstance.py:1569} INFO - Exporting the following env vars:
AIRFLOW_CTX_DAG_OWNER=airflow
AIRFLOW_CTX_DAG_ID=BRONZER_GET_CRIPTOS
AIRFLOW_CTX_TASK_ID=BRONZE_CRIPTO_AVAX
AIRFLOW_CTX_EXECUTION_DATE=2024-09-10T00:00:00+00:00
AIRFLOW_CTX_TRY_NUMBER=1
AIRFLOW_CTX_DAG_RUN_ID=scheduled__2024-09-10T00:00:00+00:00
[2024-09-16 13:56:57,294] {history.py:122} ERROR - $AVAX: possibly delisted; no timezone found
[2024-09-16 13:56:57,297] {python.py:173} INFO - Done. Returned value was: None
[2024-09-16 13:56:57,352] {taskinstance.py:1395} INFO - Marking task as SUCCESS. dag_id=BRONZER_GET_CRIPTOS, task_id=BRONZE_CRIPTO_AVAX, execution_date=20240910T000000, start_date=20240916T165652, end_date=20240916T165657
[2024-09-16 13:56:57,388] {local_task_job.py:156} INFO - Task exited with return code 0
[2024-09-16 13:56:57,434] {local_task_job.py:273} INFO - 0 downstream tasks scheduled from follow-on schedule check
