[2024-09-16 00:07:41,897] {taskinstance.py:1159} INFO - Dependencies all met for <TaskInstance: BRONZER_GET_CRIPTOS.BRONZE_CRIPTO_BTC scheduled__2024-07-26T00:00:00+00:00 [queued]>
[2024-09-16 00:07:41,958] {taskinstance.py:1159} INFO - Dependencies all met for <TaskInstance: BRONZER_GET_CRIPTOS.BRONZE_CRIPTO_BTC scheduled__2024-07-26T00:00:00+00:00 [queued]>
[2024-09-16 00:07:41,958] {taskinstance.py:1356} INFO - 
--------------------------------------------------------------------------------
[2024-09-16 00:07:41,959] {taskinstance.py:1357} INFO - Starting attempt 1 of 1
[2024-09-16 00:07:41,959] {taskinstance.py:1358} INFO - 
--------------------------------------------------------------------------------
[2024-09-16 00:07:42,036] {taskinstance.py:1377} INFO - Executing <Task(_PythonDecoratedOperator): BRONZE_CRIPTO_BTC> on 2024-07-26 00:00:00+00:00
[2024-09-16 00:07:42,050] {standard_task_runner.py:52} INFO - Started process 40439 to run task
[2024-09-16 00:07:42,091] {standard_task_runner.py:79} INFO - Running: ['airflow', 'tasks', 'run', 'BRONZER_GET_CRIPTOS', 'BRONZE_CRIPTO_BTC', 'scheduled__2024-07-26T00:00:00+00:00', '--job-id', '1302', '--raw', '--subdir', 'DAGS_FOLDER/get_cripto.py', '--cfg-path', '/tmp/tmpl6wms27i', '--error-file', '/tmp/tmpkwfak9f9']
[2024-09-16 00:07:42,092] {standard_task_runner.py:80} INFO - Job 1302: Subtask BRONZE_CRIPTO_BTC
[2024-09-16 00:07:42,357] {task_command.py:370} INFO - Running <TaskInstance: BRONZER_GET_CRIPTOS.BRONZE_CRIPTO_BTC scheduled__2024-07-26T00:00:00+00:00 [running]> on host kaiwang.
[2024-09-16 00:07:42,623] {taskinstance.py:1569} INFO - Exporting the following env vars:
AIRFLOW_CTX_DAG_OWNER=airflow
AIRFLOW_CTX_DAG_ID=BRONZER_GET_CRIPTOS
AIRFLOW_CTX_TASK_ID=BRONZE_CRIPTO_BTC
AIRFLOW_CTX_EXECUTION_DATE=2024-07-26T00:00:00+00:00
AIRFLOW_CTX_TRY_NUMBER=1
AIRFLOW_CTX_DAG_RUN_ID=scheduled__2024-07-26T00:00:00+00:00
[2024-09-16 00:07:45,829] {history.py:244} ERROR - $BTC: possibly delisted; no price data found  (1h 2024-07-23 -> 2024-07-26) (Yahoo error = "Data doesn't exist for startDate = 1721707200, endDate = 1721966400")
[2024-09-16 00:07:45,833] {python.py:173} INFO - Done. Returned value was: None
[2024-09-16 00:07:45,988] {taskinstance.py:1395} INFO - Marking task as SUCCESS. dag_id=BRONZER_GET_CRIPTOS, task_id=BRONZE_CRIPTO_BTC, execution_date=20240726T000000, start_date=20240916T030741, end_date=20240916T030745
[2024-09-16 00:07:46,102] {local_task_job.py:156} INFO - Task exited with return code 0
[2024-09-16 00:07:46,398] {local_task_job.py:273} INFO - 0 downstream tasks scheduled from follow-on schedule check
