[2024-09-16 00:05:06,371] {taskinstance.py:1159} INFO - Dependencies all met for <TaskInstance: BRONZER_GET_CRIPTOS.BRONZE_CRIPTO_AVAX scheduled__2024-04-02T00:00:00+00:00 [queued]>
[2024-09-16 00:05:06,382] {taskinstance.py:1159} INFO - Dependencies all met for <TaskInstance: BRONZER_GET_CRIPTOS.BRONZE_CRIPTO_AVAX scheduled__2024-04-02T00:00:00+00:00 [queued]>
[2024-09-16 00:05:06,383] {taskinstance.py:1356} INFO - 
--------------------------------------------------------------------------------
[2024-09-16 00:05:06,383] {taskinstance.py:1357} INFO - Starting attempt 1 of 1
[2024-09-16 00:05:06,383] {taskinstance.py:1358} INFO - 
--------------------------------------------------------------------------------
[2024-09-16 00:05:06,400] {taskinstance.py:1377} INFO - Executing <Task(_PythonDecoratedOperator): BRONZE_CRIPTO_AVAX> on 2024-04-02 00:00:00+00:00
[2024-09-16 00:05:06,406] {standard_task_runner.py:52} INFO - Started process 27644 to run task
[2024-09-16 00:05:06,410] {standard_task_runner.py:79} INFO - Running: ['airflow', 'tasks', 'run', 'BRONZER_GET_CRIPTOS', 'BRONZE_CRIPTO_AVAX', 'scheduled__2024-04-02T00:00:00+00:00', '--job-id', '561', '--raw', '--subdir', 'DAGS_FOLDER/get_cripto.py', '--cfg-path', '/tmp/tmphpfswmtl', '--error-file', '/tmp/tmpfhftmk14']
[2024-09-16 00:05:06,411] {standard_task_runner.py:80} INFO - Job 561: Subtask BRONZE_CRIPTO_AVAX
[2024-09-16 00:05:06,497] {task_command.py:370} INFO - Running <TaskInstance: BRONZER_GET_CRIPTOS.BRONZE_CRIPTO_AVAX scheduled__2024-04-02T00:00:00+00:00 [running]> on host kaiwang.
[2024-09-16 00:05:06,587] {taskinstance.py:1569} INFO - Exporting the following env vars:
AIRFLOW_CTX_DAG_OWNER=airflow
AIRFLOW_CTX_DAG_ID=BRONZER_GET_CRIPTOS
AIRFLOW_CTX_TASK_ID=BRONZE_CRIPTO_AVAX
AIRFLOW_CTX_EXECUTION_DATE=2024-04-02T00:00:00+00:00
AIRFLOW_CTX_TRY_NUMBER=1
AIRFLOW_CTX_DAG_RUN_ID=scheduled__2024-04-02T00:00:00+00:00
[2024-09-16 00:05:09,348] {history.py:122} ERROR - $AVAX: possibly delisted; no timezone found
[2024-09-16 00:05:09,353] {python.py:173} INFO - Done. Returned value was: None
[2024-09-16 00:05:09,469] {taskinstance.py:1395} INFO - Marking task as SUCCESS. dag_id=BRONZER_GET_CRIPTOS, task_id=BRONZE_CRIPTO_AVAX, execution_date=20240402T000000, start_date=20240916T030506, end_date=20240916T030509
[2024-09-16 00:05:09,504] {local_task_job.py:156} INFO - Task exited with return code 0
[2024-09-16 00:05:09,671] {local_task_job.py:273} INFO - 0 downstream tasks scheduled from follow-on schedule check
[2024-09-16 00:16:20,505] {taskinstance.py:1159} INFO - Dependencies all met for <TaskInstance: BRONZER_GET_CRIPTOS.BRONZE_CRIPTO_AVAX scheduled__2024-04-02T00:00:00+00:00 [queued]>
[2024-09-16 00:16:20,580] {taskinstance.py:1159} INFO - Dependencies all met for <TaskInstance: BRONZER_GET_CRIPTOS.BRONZE_CRIPTO_AVAX scheduled__2024-04-02T00:00:00+00:00 [queued]>
[2024-09-16 00:16:20,581] {taskinstance.py:1356} INFO - 
--------------------------------------------------------------------------------
[2024-09-16 00:16:20,581] {taskinstance.py:1357} INFO - Starting attempt 1 of 1
[2024-09-16 00:16:20,581] {taskinstance.py:1358} INFO - 
--------------------------------------------------------------------------------
[2024-09-16 00:16:20,645] {taskinstance.py:1377} INFO - Executing <Task(_PythonDecoratedOperator): BRONZE_CRIPTO_AVAX> on 2024-04-02 00:00:00+00:00
[2024-09-16 00:16:20,650] {standard_task_runner.py:52} INFO - Started process 59123 to run task
[2024-09-16 00:16:20,662] {standard_task_runner.py:79} INFO - Running: ['airflow', 'tasks', 'run', 'BRONZER_GET_CRIPTOS', 'BRONZE_CRIPTO_AVAX', 'scheduled__2024-04-02T00:00:00+00:00', '--job-id', '2373', '--raw', '--subdir', 'DAGS_FOLDER/get_cripto.py', '--cfg-path', '/tmp/tmpv23n1p2u', '--error-file', '/tmp/tmpl2n4nx68']
[2024-09-16 00:16:20,664] {standard_task_runner.py:80} INFO - Job 2373: Subtask BRONZE_CRIPTO_AVAX
[2024-09-16 00:16:20,882] {task_command.py:370} INFO - Running <TaskInstance: BRONZER_GET_CRIPTOS.BRONZE_CRIPTO_AVAX scheduled__2024-04-02T00:00:00+00:00 [running]> on host kaiwang.
[2024-09-16 00:16:21,262] {taskinstance.py:1569} INFO - Exporting the following env vars:
AIRFLOW_CTX_DAG_OWNER=airflow
AIRFLOW_CTX_DAG_ID=BRONZER_GET_CRIPTOS
AIRFLOW_CTX_TASK_ID=BRONZE_CRIPTO_AVAX
AIRFLOW_CTX_EXECUTION_DATE=2024-04-02T00:00:00+00:00
AIRFLOW_CTX_TRY_NUMBER=1
AIRFLOW_CTX_DAG_RUN_ID=scheduled__2024-04-02T00:00:00+00:00
[2024-09-16 00:16:24,014] {history.py:122} ERROR - $AVAX: possibly delisted; no timezone found
[2024-09-16 00:16:24,021] {python.py:173} INFO - Done. Returned value was: None
[2024-09-16 00:16:24,183] {taskinstance.py:1395} INFO - Marking task as SUCCESS. dag_id=BRONZER_GET_CRIPTOS, task_id=BRONZE_CRIPTO_AVAX, execution_date=20240402T000000, start_date=20240916T031620, end_date=20240916T031624
[2024-09-16 00:16:24,283] {local_task_job.py:156} INFO - Task exited with return code 0
[2024-09-16 00:16:24,474] {local_task_job.py:273} INFO - 0 downstream tasks scheduled from follow-on schedule check
