[2024-09-16 00:03:35,629] {taskinstance.py:1159} INFO - Dependencies all met for <TaskInstance: BRONZER_GET_STONCKS.BRONZE_STONCKS_MSFT scheduled__2024-01-27T00:00:00+00:00 [queued]>
[2024-09-16 00:03:35,675] {taskinstance.py:1159} INFO - Dependencies all met for <TaskInstance: BRONZER_GET_STONCKS.BRONZE_STONCKS_MSFT scheduled__2024-01-27T00:00:00+00:00 [queued]>
[2024-09-16 00:03:35,675] {taskinstance.py:1356} INFO - 
--------------------------------------------------------------------------------
[2024-09-16 00:03:35,675] {taskinstance.py:1357} INFO - Starting attempt 1 of 1
[2024-09-16 00:03:35,675] {taskinstance.py:1358} INFO - 
--------------------------------------------------------------------------------
[2024-09-16 00:03:35,737] {taskinstance.py:1377} INFO - Executing <Task(_PythonDecoratedOperator): BRONZE_STONCKS_MSFT> on 2024-01-27 00:00:00+00:00
[2024-09-16 00:03:35,743] {standard_task_runner.py:52} INFO - Started process 20732 to run task
[2024-09-16 00:03:35,789] {standard_task_runner.py:79} INFO - Running: ['airflow', 'tasks', 'run', 'BRONZER_GET_STONCKS', 'BRONZE_STONCKS_MSFT', 'scheduled__2024-01-27T00:00:00+00:00', '--job-id', '162', '--raw', '--subdir', 'DAGS_FOLDER/get_stocks.py', '--cfg-path', '/tmp/tmpwlrm8gd5', '--error-file', '/tmp/tmpgpzf8xjl']
[2024-09-16 00:03:35,790] {standard_task_runner.py:80} INFO - Job 162: Subtask BRONZE_STONCKS_MSFT
[2024-09-16 00:03:36,097] {task_command.py:370} INFO - Running <TaskInstance: BRONZER_GET_STONCKS.BRONZE_STONCKS_MSFT scheduled__2024-01-27T00:00:00+00:00 [running]> on host kaiwang.
[2024-09-16 00:03:36,412] {taskinstance.py:1569} INFO - Exporting the following env vars:
AIRFLOW_CTX_DAG_OWNER=airflow
AIRFLOW_CTX_DAG_ID=BRONZER_GET_STONCKS
AIRFLOW_CTX_TASK_ID=BRONZE_STONCKS_MSFT
AIRFLOW_CTX_EXECUTION_DATE=2024-01-27T00:00:00+00:00
AIRFLOW_CTX_TRY_NUMBER=1
AIRFLOW_CTX_DAG_RUN_ID=scheduled__2024-01-27T00:00:00+00:00
[2024-09-16 00:03:37,033] {python.py:173} INFO - Done. Returned value was: None
[2024-09-16 00:03:37,119] {taskinstance.py:1395} INFO - Marking task as SUCCESS. dag_id=BRONZER_GET_STONCKS, task_id=BRONZE_STONCKS_MSFT, execution_date=20240127T000000, start_date=20240916T030335, end_date=20240916T030337
[2024-09-16 00:03:37,180] {local_task_job.py:156} INFO - Task exited with return code 0
[2024-09-16 00:03:37,353] {local_task_job.py:273} INFO - 0 downstream tasks scheduled from follow-on schedule check
[2024-09-16 00:13:15,333] {taskinstance.py:1159} INFO - Dependencies all met for <TaskInstance: BRONZER_GET_STONCKS.BRONZE_STONCKS_MSFT scheduled__2024-01-27T00:00:00+00:00 [queued]>
[2024-09-16 00:13:15,354] {taskinstance.py:1159} INFO - Dependencies all met for <TaskInstance: BRONZER_GET_STONCKS.BRONZE_STONCKS_MSFT scheduled__2024-01-27T00:00:00+00:00 [queued]>
[2024-09-16 00:13:15,354] {taskinstance.py:1356} INFO - 
--------------------------------------------------------------------------------
[2024-09-16 00:13:15,362] {taskinstance.py:1357} INFO - Starting attempt 1 of 1
[2024-09-16 00:13:15,362] {taskinstance.py:1358} INFO - 
--------------------------------------------------------------------------------
[2024-09-16 00:13:15,409] {taskinstance.py:1377} INFO - Executing <Task(_PythonDecoratedOperator): BRONZE_STONCKS_MSFT> on 2024-01-27 00:00:00+00:00
[2024-09-16 00:13:15,417] {standard_task_runner.py:52} INFO - Started process 46241 to run task
[2024-09-16 00:13:15,446] {standard_task_runner.py:79} INFO - Running: ['airflow', 'tasks', 'run', 'BRONZER_GET_STONCKS', 'BRONZE_STONCKS_MSFT', 'scheduled__2024-01-27T00:00:00+00:00', '--job-id', '1627', '--raw', '--subdir', 'DAGS_FOLDER/get_stocks.py', '--cfg-path', '/tmp/tmp1xfrzphm', '--error-file', '/tmp/tmp3pmq2_f1']
[2024-09-16 00:13:15,447] {standard_task_runner.py:80} INFO - Job 1627: Subtask BRONZE_STONCKS_MSFT
[2024-09-16 00:13:15,747] {task_command.py:370} INFO - Running <TaskInstance: BRONZER_GET_STONCKS.BRONZE_STONCKS_MSFT scheduled__2024-01-27T00:00:00+00:00 [running]> on host kaiwang.
[2024-09-16 00:13:16,063] {taskinstance.py:1569} INFO - Exporting the following env vars:
AIRFLOW_CTX_DAG_OWNER=airflow
AIRFLOW_CTX_DAG_ID=BRONZER_GET_STONCKS
AIRFLOW_CTX_TASK_ID=BRONZE_STONCKS_MSFT
AIRFLOW_CTX_EXECUTION_DATE=2024-01-27T00:00:00+00:00
AIRFLOW_CTX_TRY_NUMBER=1
AIRFLOW_CTX_DAG_RUN_ID=scheduled__2024-01-27T00:00:00+00:00
[2024-09-16 00:13:16,759] {python.py:173} INFO - Done. Returned value was: None
[2024-09-16 00:13:16,813] {taskinstance.py:1395} INFO - Marking task as SUCCESS. dag_id=BRONZER_GET_STONCKS, task_id=BRONZE_STONCKS_MSFT, execution_date=20240127T000000, start_date=20240916T031315, end_date=20240916T031316
[2024-09-16 00:13:16,933] {local_task_job.py:156} INFO - Task exited with return code 0
[2024-09-16 00:13:17,097] {local_task_job.py:273} INFO - 0 downstream tasks scheduled from follow-on schedule check
[2024-09-16 00:14:50,158] {taskinstance.py:1159} INFO - Dependencies all met for <TaskInstance: BRONZER_GET_STONCKS.BRONZE_STONCKS_MSFT scheduled__2024-01-27T00:00:00+00:00 [queued]>
[2024-09-16 00:14:50,182] {taskinstance.py:1159} INFO - Dependencies all met for <TaskInstance: BRONZER_GET_STONCKS.BRONZE_STONCKS_MSFT scheduled__2024-01-27T00:00:00+00:00 [queued]>
[2024-09-16 00:14:50,182] {taskinstance.py:1356} INFO - 
--------------------------------------------------------------------------------
[2024-09-16 00:14:50,182] {taskinstance.py:1357} INFO - Starting attempt 1 of 1
[2024-09-16 00:14:50,182] {taskinstance.py:1358} INFO - 
--------------------------------------------------------------------------------
[2024-09-16 00:14:50,275] {taskinstance.py:1377} INFO - Executing <Task(_PythonDecoratedOperator): BRONZE_STONCKS_MSFT> on 2024-01-27 00:00:00+00:00
[2024-09-16 00:14:50,282] {standard_task_runner.py:52} INFO - Started process 51654 to run task
[2024-09-16 00:14:50,308] {standard_task_runner.py:79} INFO - Running: ['airflow', 'tasks', 'run', 'BRONZER_GET_STONCKS', 'BRONZE_STONCKS_MSFT', 'scheduled__2024-01-27T00:00:00+00:00', '--job-id', '1937', '--raw', '--subdir', 'DAGS_FOLDER/get_stocks.py', '--cfg-path', '/tmp/tmpo00n2mb6', '--error-file', '/tmp/tmpgm5dd0bk']
[2024-09-16 00:14:50,309] {standard_task_runner.py:80} INFO - Job 1937: Subtask BRONZE_STONCKS_MSFT
[2024-09-16 00:14:50,661] {task_command.py:370} INFO - Running <TaskInstance: BRONZER_GET_STONCKS.BRONZE_STONCKS_MSFT scheduled__2024-01-27T00:00:00+00:00 [running]> on host kaiwang.
[2024-09-16 00:14:50,990] {taskinstance.py:1569} INFO - Exporting the following env vars:
AIRFLOW_CTX_DAG_OWNER=airflow
AIRFLOW_CTX_DAG_ID=BRONZER_GET_STONCKS
AIRFLOW_CTX_TASK_ID=BRONZE_STONCKS_MSFT
AIRFLOW_CTX_EXECUTION_DATE=2024-01-27T00:00:00+00:00
AIRFLOW_CTX_TRY_NUMBER=1
AIRFLOW_CTX_DAG_RUN_ID=scheduled__2024-01-27T00:00:00+00:00
[2024-09-16 00:14:51,783] {python.py:173} INFO - Done. Returned value was: None
[2024-09-16 00:14:51,860] {taskinstance.py:1395} INFO - Marking task as SUCCESS. dag_id=BRONZER_GET_STONCKS, task_id=BRONZE_STONCKS_MSFT, execution_date=20240127T000000, start_date=20240916T031450, end_date=20240916T031451
[2024-09-16 00:14:51,942] {local_task_job.py:156} INFO - Task exited with return code 0
[2024-09-16 00:14:52,126] {local_task_job.py:273} INFO - 0 downstream tasks scheduled from follow-on schedule check
