[2024-09-16 00:03:55,768] {taskinstance.py:1159} INFO - Dependencies all met for <TaskInstance: BRONZER_GET_STONCKS.BRONZE_STONCKS_MSFT scheduled__2024-02-14T00:00:00+00:00 [queued]>
[2024-09-16 00:03:55,842] {taskinstance.py:1159} INFO - Dependencies all met for <TaskInstance: BRONZER_GET_STONCKS.BRONZE_STONCKS_MSFT scheduled__2024-02-14T00:00:00+00:00 [queued]>
[2024-09-16 00:03:55,843] {taskinstance.py:1356} INFO - 
--------------------------------------------------------------------------------
[2024-09-16 00:03:55,843] {taskinstance.py:1357} INFO - Starting attempt 1 of 1
[2024-09-16 00:03:55,843] {taskinstance.py:1358} INFO - 
--------------------------------------------------------------------------------
[2024-09-16 00:03:55,914] {taskinstance.py:1377} INFO - Executing <Task(_PythonDecoratedOperator): BRONZE_STONCKS_MSFT> on 2024-02-14 00:00:00+00:00
[2024-09-16 00:03:55,937] {standard_task_runner.py:52} INFO - Started process 22160 to run task
[2024-09-16 00:03:56,003] {standard_task_runner.py:79} INFO - Running: ['airflow', 'tasks', 'run', 'BRONZER_GET_STONCKS', 'BRONZE_STONCKS_MSFT', 'scheduled__2024-02-14T00:00:00+00:00', '--job-id', '240', '--raw', '--subdir', 'DAGS_FOLDER/get_stocks.py', '--cfg-path', '/tmp/tmp_6u2kjhs', '--error-file', '/tmp/tmpptp38b6d']
[2024-09-16 00:03:56,004] {standard_task_runner.py:80} INFO - Job 240: Subtask BRONZE_STONCKS_MSFT
[2024-09-16 00:03:56,391] {task_command.py:370} INFO - Running <TaskInstance: BRONZER_GET_STONCKS.BRONZE_STONCKS_MSFT scheduled__2024-02-14T00:00:00+00:00 [running]> on host kaiwang.
[2024-09-16 00:03:56,854] {taskinstance.py:1569} INFO - Exporting the following env vars:
AIRFLOW_CTX_DAG_OWNER=airflow
AIRFLOW_CTX_DAG_ID=BRONZER_GET_STONCKS
AIRFLOW_CTX_TASK_ID=BRONZE_STONCKS_MSFT
AIRFLOW_CTX_EXECUTION_DATE=2024-02-14T00:00:00+00:00
AIRFLOW_CTX_TRY_NUMBER=1
AIRFLOW_CTX_DAG_RUN_ID=scheduled__2024-02-14T00:00:00+00:00
[2024-09-16 00:03:57,597] {python.py:173} INFO - Done. Returned value was: None
[2024-09-16 00:03:57,656] {taskinstance.py:1395} INFO - Marking task as SUCCESS. dag_id=BRONZER_GET_STONCKS, task_id=BRONZE_STONCKS_MSFT, execution_date=20240214T000000, start_date=20240916T030355, end_date=20240916T030357
[2024-09-16 00:03:57,699] {local_task_job.py:156} INFO - Task exited with return code 0
[2024-09-16 00:03:58,223] {local_task_job.py:273} INFO - 0 downstream tasks scheduled from follow-on schedule check
[2024-09-16 00:13:33,605] {taskinstance.py:1159} INFO - Dependencies all met for <TaskInstance: BRONZER_GET_STONCKS.BRONZE_STONCKS_MSFT scheduled__2024-02-14T00:00:00+00:00 [queued]>
[2024-09-16 00:13:33,651] {taskinstance.py:1159} INFO - Dependencies all met for <TaskInstance: BRONZER_GET_STONCKS.BRONZE_STONCKS_MSFT scheduled__2024-02-14T00:00:00+00:00 [queued]>
[2024-09-16 00:13:33,651] {taskinstance.py:1356} INFO - 
--------------------------------------------------------------------------------
[2024-09-16 00:13:33,651] {taskinstance.py:1357} INFO - Starting attempt 1 of 1
[2024-09-16 00:13:33,651] {taskinstance.py:1358} INFO - 
--------------------------------------------------------------------------------
[2024-09-16 00:13:33,724] {taskinstance.py:1377} INFO - Executing <Task(_PythonDecoratedOperator): BRONZE_STONCKS_MSFT> on 2024-02-14 00:00:00+00:00
[2024-09-16 00:13:33,730] {standard_task_runner.py:52} INFO - Started process 47745 to run task
[2024-09-16 00:13:33,759] {standard_task_runner.py:79} INFO - Running: ['airflow', 'tasks', 'run', 'BRONZER_GET_STONCKS', 'BRONZE_STONCKS_MSFT', 'scheduled__2024-02-14T00:00:00+00:00', '--job-id', '1714', '--raw', '--subdir', 'DAGS_FOLDER/get_stocks.py', '--cfg-path', '/tmp/tmpf7wvnha7', '--error-file', '/tmp/tmpnenw1tk7']
[2024-09-16 00:13:33,760] {standard_task_runner.py:80} INFO - Job 1714: Subtask BRONZE_STONCKS_MSFT
[2024-09-16 00:13:34,014] {task_command.py:370} INFO - Running <TaskInstance: BRONZER_GET_STONCKS.BRONZE_STONCKS_MSFT scheduled__2024-02-14T00:00:00+00:00 [running]> on host kaiwang.
[2024-09-16 00:13:34,387] {taskinstance.py:1569} INFO - Exporting the following env vars:
AIRFLOW_CTX_DAG_OWNER=airflow
AIRFLOW_CTX_DAG_ID=BRONZER_GET_STONCKS
AIRFLOW_CTX_TASK_ID=BRONZE_STONCKS_MSFT
AIRFLOW_CTX_EXECUTION_DATE=2024-02-14T00:00:00+00:00
AIRFLOW_CTX_TRY_NUMBER=1
AIRFLOW_CTX_DAG_RUN_ID=scheduled__2024-02-14T00:00:00+00:00
[2024-09-16 00:13:35,056] {python.py:173} INFO - Done. Returned value was: None
[2024-09-16 00:13:35,094] {taskinstance.py:1395} INFO - Marking task as SUCCESS. dag_id=BRONZER_GET_STONCKS, task_id=BRONZE_STONCKS_MSFT, execution_date=20240214T000000, start_date=20240916T031333, end_date=20240916T031335
[2024-09-16 00:13:35,155] {local_task_job.py:156} INFO - Task exited with return code 0
[2024-09-16 00:13:35,319] {local_task_job.py:273} INFO - 0 downstream tasks scheduled from follow-on schedule check
[2024-09-16 00:15:05,069] {taskinstance.py:1159} INFO - Dependencies all met for <TaskInstance: BRONZER_GET_STONCKS.BRONZE_STONCKS_MSFT scheduled__2024-02-14T00:00:00+00:00 [queued]>
[2024-09-16 00:15:05,083] {taskinstance.py:1159} INFO - Dependencies all met for <TaskInstance: BRONZER_GET_STONCKS.BRONZE_STONCKS_MSFT scheduled__2024-02-14T00:00:00+00:00 [queued]>
[2024-09-16 00:15:05,083] {taskinstance.py:1356} INFO - 
--------------------------------------------------------------------------------
[2024-09-16 00:15:05,083] {taskinstance.py:1357} INFO - Starting attempt 1 of 1
[2024-09-16 00:15:05,083] {taskinstance.py:1358} INFO - 
--------------------------------------------------------------------------------
[2024-09-16 00:15:05,134] {taskinstance.py:1377} INFO - Executing <Task(_PythonDecoratedOperator): BRONZE_STONCKS_MSFT> on 2024-02-14 00:00:00+00:00
[2024-09-16 00:15:05,141] {standard_task_runner.py:52} INFO - Started process 52982 to run task
[2024-09-16 00:15:05,158] {standard_task_runner.py:79} INFO - Running: ['airflow', 'tasks', 'run', 'BRONZER_GET_STONCKS', 'BRONZE_STONCKS_MSFT', 'scheduled__2024-02-14T00:00:00+00:00', '--job-id', '2017', '--raw', '--subdir', 'DAGS_FOLDER/get_stocks.py', '--cfg-path', '/tmp/tmp2s22neof', '--error-file', '/tmp/tmpythujgx0']
[2024-09-16 00:15:05,159] {standard_task_runner.py:80} INFO - Job 2017: Subtask BRONZE_STONCKS_MSFT
[2024-09-16 00:15:05,304] {task_command.py:370} INFO - Running <TaskInstance: BRONZER_GET_STONCKS.BRONZE_STONCKS_MSFT scheduled__2024-02-14T00:00:00+00:00 [running]> on host kaiwang.
[2024-09-16 00:15:05,486] {taskinstance.py:1569} INFO - Exporting the following env vars:
AIRFLOW_CTX_DAG_OWNER=airflow
AIRFLOW_CTX_DAG_ID=BRONZER_GET_STONCKS
AIRFLOW_CTX_TASK_ID=BRONZE_STONCKS_MSFT
AIRFLOW_CTX_EXECUTION_DATE=2024-02-14T00:00:00+00:00
AIRFLOW_CTX_TRY_NUMBER=1
AIRFLOW_CTX_DAG_RUN_ID=scheduled__2024-02-14T00:00:00+00:00
[2024-09-16 00:15:06,228] {python.py:173} INFO - Done. Returned value was: None
[2024-09-16 00:15:06,278] {taskinstance.py:1395} INFO - Marking task as SUCCESS. dag_id=BRONZER_GET_STONCKS, task_id=BRONZE_STONCKS_MSFT, execution_date=20240214T000000, start_date=20240916T031505, end_date=20240916T031506
[2024-09-16 00:15:06,331] {local_task_job.py:156} INFO - Task exited with return code 0
[2024-09-16 00:15:06,394] {local_task_job.py:273} INFO - 0 downstream tasks scheduled from follow-on schedule check
