[2024-09-16 00:03:39,271] {taskinstance.py:1159} INFO - Dependencies all met for <TaskInstance: BRONZER_GET_CRIPTOS.BRONZE_CRIPTO_DOGE scheduled__2024-01-31T00:00:00+00:00 [queued]>
[2024-09-16 00:03:39,305] {taskinstance.py:1159} INFO - Dependencies all met for <TaskInstance: BRONZER_GET_CRIPTOS.BRONZE_CRIPTO_DOGE scheduled__2024-01-31T00:00:00+00:00 [queued]>
[2024-09-16 00:03:39,305] {taskinstance.py:1356} INFO - 
--------------------------------------------------------------------------------
[2024-09-16 00:03:39,305] {taskinstance.py:1357} INFO - Starting attempt 1 of 1
[2024-09-16 00:03:39,305] {taskinstance.py:1358} INFO - 
--------------------------------------------------------------------------------
[2024-09-16 00:03:39,371] {taskinstance.py:1377} INFO - Executing <Task(_PythonDecoratedOperator): BRONZE_CRIPTO_DOGE> on 2024-01-31 00:00:00+00:00
[2024-09-16 00:03:39,379] {standard_task_runner.py:52} INFO - Started process 21042 to run task
[2024-09-16 00:03:39,417] {standard_task_runner.py:79} INFO - Running: ['airflow', 'tasks', 'run', 'BRONZER_GET_CRIPTOS', 'BRONZE_CRIPTO_DOGE', 'scheduled__2024-01-31T00:00:00+00:00', '--job-id', '177', '--raw', '--subdir', 'DAGS_FOLDER/get_cripto.py', '--cfg-path', '/tmp/tmp_6bukmw2', '--error-file', '/tmp/tmpjmpl9qr8']
[2024-09-16 00:03:39,418] {standard_task_runner.py:80} INFO - Job 177: Subtask BRONZE_CRIPTO_DOGE
[2024-09-16 00:03:39,640] {task_command.py:370} INFO - Running <TaskInstance: BRONZER_GET_CRIPTOS.BRONZE_CRIPTO_DOGE scheduled__2024-01-31T00:00:00+00:00 [running]> on host kaiwang.
[2024-09-16 00:03:39,912] {taskinstance.py:1569} INFO - Exporting the following env vars:
AIRFLOW_CTX_DAG_OWNER=airflow
AIRFLOW_CTX_DAG_ID=BRONZER_GET_CRIPTOS
AIRFLOW_CTX_TASK_ID=BRONZE_CRIPTO_DOGE
AIRFLOW_CTX_EXECUTION_DATE=2024-01-31T00:00:00+00:00
AIRFLOW_CTX_TRY_NUMBER=1
AIRFLOW_CTX_DAG_RUN_ID=scheduled__2024-01-31T00:00:00+00:00
[2024-09-16 00:03:42,642] {history.py:122} ERROR - $DOGE: possibly delisted; no timezone found
[2024-09-16 00:03:42,645] {python.py:173} INFO - Done. Returned value was: None
[2024-09-16 00:03:42,658] {taskinstance.py:1395} INFO - Marking task as SUCCESS. dag_id=BRONZER_GET_CRIPTOS, task_id=BRONZE_CRIPTO_DOGE, execution_date=20240131T000000, start_date=20240916T030339, end_date=20240916T030342
[2024-09-16 00:03:42,710] {local_task_job.py:156} INFO - Task exited with return code 0
[2024-09-16 00:03:42,749] {local_task_job.py:273} INFO - 0 downstream tasks scheduled from follow-on schedule check
[2024-09-16 00:13:19,915] {taskinstance.py:1159} INFO - Dependencies all met for <TaskInstance: BRONZER_GET_CRIPTOS.BRONZE_CRIPTO_DOGE scheduled__2024-01-31T00:00:00+00:00 [queued]>
[2024-09-16 00:13:19,958] {taskinstance.py:1159} INFO - Dependencies all met for <TaskInstance: BRONZER_GET_CRIPTOS.BRONZE_CRIPTO_DOGE scheduled__2024-01-31T00:00:00+00:00 [queued]>
[2024-09-16 00:13:19,966] {taskinstance.py:1356} INFO - 
--------------------------------------------------------------------------------
[2024-09-16 00:13:19,974] {taskinstance.py:1357} INFO - Starting attempt 1 of 1
[2024-09-16 00:13:19,975] {taskinstance.py:1358} INFO - 
--------------------------------------------------------------------------------
[2024-09-16 00:13:20,129] {taskinstance.py:1377} INFO - Executing <Task(_PythonDecoratedOperator): BRONZE_CRIPTO_DOGE> on 2024-01-31 00:00:00+00:00
[2024-09-16 00:13:20,139] {standard_task_runner.py:52} INFO - Started process 46640 to run task
[2024-09-16 00:13:20,163] {standard_task_runner.py:79} INFO - Running: ['airflow', 'tasks', 'run', 'BRONZER_GET_CRIPTOS', 'BRONZE_CRIPTO_DOGE', 'scheduled__2024-01-31T00:00:00+00:00', '--job-id', '1647', '--raw', '--subdir', 'DAGS_FOLDER/get_cripto.py', '--cfg-path', '/tmp/tmpzx1u1jqw', '--error-file', '/tmp/tmp2y8vwg2y']
[2024-09-16 00:13:20,164] {standard_task_runner.py:80} INFO - Job 1647: Subtask BRONZE_CRIPTO_DOGE
[2024-09-16 00:13:20,432] {task_command.py:370} INFO - Running <TaskInstance: BRONZER_GET_CRIPTOS.BRONZE_CRIPTO_DOGE scheduled__2024-01-31T00:00:00+00:00 [running]> on host kaiwang.
[2024-09-16 00:13:20,825] {taskinstance.py:1569} INFO - Exporting the following env vars:
AIRFLOW_CTX_DAG_OWNER=airflow
AIRFLOW_CTX_DAG_ID=BRONZER_GET_CRIPTOS
AIRFLOW_CTX_TASK_ID=BRONZE_CRIPTO_DOGE
AIRFLOW_CTX_EXECUTION_DATE=2024-01-31T00:00:00+00:00
AIRFLOW_CTX_TRY_NUMBER=1
AIRFLOW_CTX_DAG_RUN_ID=scheduled__2024-01-31T00:00:00+00:00
[2024-09-16 00:13:23,850] {history.py:122} ERROR - $DOGE: possibly delisted; no timezone found
[2024-09-16 00:13:23,854] {python.py:173} INFO - Done. Returned value was: None
[2024-09-16 00:13:23,992] {taskinstance.py:1395} INFO - Marking task as SUCCESS. dag_id=BRONZER_GET_CRIPTOS, task_id=BRONZE_CRIPTO_DOGE, execution_date=20240131T000000, start_date=20240916T031319, end_date=20240916T031323
[2024-09-16 00:13:24,060] {local_task_job.py:156} INFO - Task exited with return code 0
[2024-09-16 00:13:24,203] {local_task_job.py:273} INFO - 0 downstream tasks scheduled from follow-on schedule check
[2024-09-16 00:14:56,951] {taskinstance.py:1159} INFO - Dependencies all met for <TaskInstance: BRONZER_GET_CRIPTOS.BRONZE_CRIPTO_DOGE scheduled__2024-01-31T00:00:00+00:00 [queued]>
[2024-09-16 00:14:56,992] {taskinstance.py:1159} INFO - Dependencies all met for <TaskInstance: BRONZER_GET_CRIPTOS.BRONZE_CRIPTO_DOGE scheduled__2024-01-31T00:00:00+00:00 [queued]>
[2024-09-16 00:14:56,992] {taskinstance.py:1356} INFO - 
--------------------------------------------------------------------------------
[2024-09-16 00:14:56,993] {taskinstance.py:1357} INFO - Starting attempt 1 of 1
[2024-09-16 00:14:56,993] {taskinstance.py:1358} INFO - 
--------------------------------------------------------------------------------
[2024-09-16 00:14:57,047] {taskinstance.py:1377} INFO - Executing <Task(_PythonDecoratedOperator): BRONZE_CRIPTO_DOGE> on 2024-01-31 00:00:00+00:00
[2024-09-16 00:14:57,089] {standard_task_runner.py:52} INFO - Started process 52251 to run task
[2024-09-16 00:14:57,117] {standard_task_runner.py:79} INFO - Running: ['airflow', 'tasks', 'run', 'BRONZER_GET_CRIPTOS', 'BRONZE_CRIPTO_DOGE', 'scheduled__2024-01-31T00:00:00+00:00', '--job-id', '1968', '--raw', '--subdir', 'DAGS_FOLDER/get_cripto.py', '--cfg-path', '/tmp/tmp9qtess37', '--error-file', '/tmp/tmpc7b1whxt']
[2024-09-16 00:14:57,118] {standard_task_runner.py:80} INFO - Job 1968: Subtask BRONZE_CRIPTO_DOGE
[2024-09-16 00:14:57,460] {task_command.py:370} INFO - Running <TaskInstance: BRONZER_GET_CRIPTOS.BRONZE_CRIPTO_DOGE scheduled__2024-01-31T00:00:00+00:00 [running]> on host kaiwang.
[2024-09-16 00:14:57,814] {taskinstance.py:1569} INFO - Exporting the following env vars:
AIRFLOW_CTX_DAG_OWNER=airflow
AIRFLOW_CTX_DAG_ID=BRONZER_GET_CRIPTOS
AIRFLOW_CTX_TASK_ID=BRONZE_CRIPTO_DOGE
AIRFLOW_CTX_EXECUTION_DATE=2024-01-31T00:00:00+00:00
AIRFLOW_CTX_TRY_NUMBER=1
AIRFLOW_CTX_DAG_RUN_ID=scheduled__2024-01-31T00:00:00+00:00
[2024-09-16 00:15:01,054] {history.py:122} ERROR - $DOGE: possibly delisted; no timezone found
[2024-09-16 00:15:01,077] {python.py:173} INFO - Done. Returned value was: None
[2024-09-16 00:15:01,154] {taskinstance.py:1395} INFO - Marking task as SUCCESS. dag_id=BRONZER_GET_CRIPTOS, task_id=BRONZE_CRIPTO_DOGE, execution_date=20240131T000000, start_date=20240916T031456, end_date=20240916T031501
[2024-09-16 00:15:01,244] {local_task_job.py:156} INFO - Task exited with return code 0
[2024-09-16 00:15:01,429] {local_task_job.py:273} INFO - 0 downstream tasks scheduled from follow-on schedule check
