[2024-09-16 00:05:02,234] {taskinstance.py:1159} INFO - Dependencies all met for <TaskInstance: BRONZER_GET_STONCKS.BRONZE_STONCKS_AAPL scheduled__2024-04-09T00:00:00+00:00 [queued]>
[2024-09-16 00:05:02,308] {taskinstance.py:1159} INFO - Dependencies all met for <TaskInstance: BRONZER_GET_STONCKS.BRONZE_STONCKS_AAPL scheduled__2024-04-09T00:00:00+00:00 [queued]>
[2024-09-16 00:05:02,309] {taskinstance.py:1356} INFO - 
--------------------------------------------------------------------------------
[2024-09-16 00:05:02,309] {taskinstance.py:1357} INFO - Starting attempt 1 of 1
[2024-09-16 00:05:02,309] {taskinstance.py:1358} INFO - 
--------------------------------------------------------------------------------
[2024-09-16 00:05:02,492] {taskinstance.py:1377} INFO - Executing <Task(_PythonDecoratedOperator): BRONZE_STONCKS_AAPL> on 2024-04-09 00:00:00+00:00
[2024-09-16 00:05:02,498] {standard_task_runner.py:52} INFO - Started process 27282 to run task
[2024-09-16 00:05:02,514] {standard_task_runner.py:79} INFO - Running: ['airflow', 'tasks', 'run', 'BRONZER_GET_STONCKS', 'BRONZE_STONCKS_AAPL', 'scheduled__2024-04-09T00:00:00+00:00', '--job-id', '532', '--raw', '--subdir', 'DAGS_FOLDER/get_stocks.py', '--cfg-path', '/tmp/tmpdcu9xxu0', '--error-file', '/tmp/tmp09gjqssy']
[2024-09-16 00:05:02,515] {standard_task_runner.py:80} INFO - Job 532: Subtask BRONZE_STONCKS_AAPL
[2024-09-16 00:05:02,871] {task_command.py:370} INFO - Running <TaskInstance: BRONZER_GET_STONCKS.BRONZE_STONCKS_AAPL scheduled__2024-04-09T00:00:00+00:00 [running]> on host kaiwang.
[2024-09-16 00:05:03,312] {taskinstance.py:1569} INFO - Exporting the following env vars:
AIRFLOW_CTX_DAG_OWNER=airflow
AIRFLOW_CTX_DAG_ID=BRONZER_GET_STONCKS
AIRFLOW_CTX_TASK_ID=BRONZE_STONCKS_AAPL
AIRFLOW_CTX_EXECUTION_DATE=2024-04-09T00:00:00+00:00
AIRFLOW_CTX_TRY_NUMBER=1
AIRFLOW_CTX_DAG_RUN_ID=scheduled__2024-04-09T00:00:00+00:00
[2024-09-16 00:05:04,250] {python.py:173} INFO - Done. Returned value was: None
[2024-09-16 00:05:04,381] {taskinstance.py:1395} INFO - Marking task as SUCCESS. dag_id=BRONZER_GET_STONCKS, task_id=BRONZE_STONCKS_AAPL, execution_date=20240409T000000, start_date=20240916T030502, end_date=20240916T030504
[2024-09-16 00:05:04,496] {local_task_job.py:156} INFO - Task exited with return code 0
[2024-09-16 00:05:04,775] {local_task_job.py:273} INFO - 0 downstream tasks scheduled from follow-on schedule check
[2024-09-16 00:16:07,003] {taskinstance.py:1159} INFO - Dependencies all met for <TaskInstance: BRONZER_GET_STONCKS.BRONZE_STONCKS_AAPL scheduled__2024-04-09T00:00:00+00:00 [queued]>
[2024-09-16 00:16:07,029] {taskinstance.py:1159} INFO - Dependencies all met for <TaskInstance: BRONZER_GET_STONCKS.BRONZE_STONCKS_AAPL scheduled__2024-04-09T00:00:00+00:00 [queued]>
[2024-09-16 00:16:07,029] {taskinstance.py:1356} INFO - 
--------------------------------------------------------------------------------
[2024-09-16 00:16:07,029] {taskinstance.py:1357} INFO - Starting attempt 1 of 1
[2024-09-16 00:16:07,029] {taskinstance.py:1358} INFO - 
--------------------------------------------------------------------------------
[2024-09-16 00:16:07,068] {taskinstance.py:1377} INFO - Executing <Task(_PythonDecoratedOperator): BRONZE_STONCKS_AAPL> on 2024-04-09 00:00:00+00:00
[2024-09-16 00:16:07,094] {standard_task_runner.py:52} INFO - Started process 58046 to run task
[2024-09-16 00:16:07,113] {standard_task_runner.py:79} INFO - Running: ['airflow', 'tasks', 'run', 'BRONZER_GET_STONCKS', 'BRONZE_STONCKS_AAPL', 'scheduled__2024-04-09T00:00:00+00:00', '--job-id', '2313', '--raw', '--subdir', 'DAGS_FOLDER/get_stocks.py', '--cfg-path', '/tmp/tmpmecf0sx3', '--error-file', '/tmp/tmpakuw0oqr']
[2024-09-16 00:16:07,114] {standard_task_runner.py:80} INFO - Job 2313: Subtask BRONZE_STONCKS_AAPL
[2024-09-16 00:16:07,408] {task_command.py:370} INFO - Running <TaskInstance: BRONZER_GET_STONCKS.BRONZE_STONCKS_AAPL scheduled__2024-04-09T00:00:00+00:00 [running]> on host kaiwang.
[2024-09-16 00:16:07,810] {taskinstance.py:1569} INFO - Exporting the following env vars:
AIRFLOW_CTX_DAG_OWNER=airflow
AIRFLOW_CTX_DAG_ID=BRONZER_GET_STONCKS
AIRFLOW_CTX_TASK_ID=BRONZE_STONCKS_AAPL
AIRFLOW_CTX_EXECUTION_DATE=2024-04-09T00:00:00+00:00
AIRFLOW_CTX_TRY_NUMBER=1
AIRFLOW_CTX_DAG_RUN_ID=scheduled__2024-04-09T00:00:00+00:00
[2024-09-16 00:16:08,619] {python.py:173} INFO - Done. Returned value was: None
[2024-09-16 00:16:08,659] {taskinstance.py:1395} INFO - Marking task as SUCCESS. dag_id=BRONZER_GET_STONCKS, task_id=BRONZE_STONCKS_AAPL, execution_date=20240409T000000, start_date=20240916T031607, end_date=20240916T031608
[2024-09-16 00:16:08,729] {local_task_job.py:156} INFO - Task exited with return code 0
[2024-09-16 00:16:08,806] {local_task_job.py:273} INFO - 0 downstream tasks scheduled from follow-on schedule check
