[2024-09-16 00:04:30,995] {taskinstance.py:1159} INFO - Dependencies all met for <TaskInstance: BRONZER_GET_STONCKS.BRONZE_STONCKS_MSFT scheduled__2024-03-13T00:00:00+00:00 [queued]>
[2024-09-16 00:04:31,042] {taskinstance.py:1159} INFO - Dependencies all met for <TaskInstance: BRONZER_GET_STONCKS.BRONZE_STONCKS_MSFT scheduled__2024-03-13T00:00:00+00:00 [queued]>
[2024-09-16 00:04:31,042] {taskinstance.py:1356} INFO - 
--------------------------------------------------------------------------------
[2024-09-16 00:04:31,042] {taskinstance.py:1357} INFO - Starting attempt 1 of 1
[2024-09-16 00:04:31,042] {taskinstance.py:1358} INFO - 
--------------------------------------------------------------------------------
[2024-09-16 00:04:31,106] {taskinstance.py:1377} INFO - Executing <Task(_PythonDecoratedOperator): BRONZE_STONCKS_MSFT> on 2024-03-13 00:00:00+00:00
[2024-09-16 00:04:31,138] {standard_task_runner.py:52} INFO - Started process 24989 to run task
[2024-09-16 00:04:31,173] {standard_task_runner.py:79} INFO - Running: ['airflow', 'tasks', 'run', 'BRONZER_GET_STONCKS', 'BRONZE_STONCKS_MSFT', 'scheduled__2024-03-13T00:00:00+00:00', '--job-id', '401', '--raw', '--subdir', 'DAGS_FOLDER/get_stocks.py', '--cfg-path', '/tmp/tmpxsm1v9fc', '--error-file', '/tmp/tmp0yhq9pp7']
[2024-09-16 00:04:31,175] {standard_task_runner.py:80} INFO - Job 401: Subtask BRONZE_STONCKS_MSFT
[2024-09-16 00:04:31,423] {task_command.py:370} INFO - Running <TaskInstance: BRONZER_GET_STONCKS.BRONZE_STONCKS_MSFT scheduled__2024-03-13T00:00:00+00:00 [running]> on host kaiwang.
[2024-09-16 00:04:31,795] {taskinstance.py:1569} INFO - Exporting the following env vars:
AIRFLOW_CTX_DAG_OWNER=airflow
AIRFLOW_CTX_DAG_ID=BRONZER_GET_STONCKS
AIRFLOW_CTX_TASK_ID=BRONZE_STONCKS_MSFT
AIRFLOW_CTX_EXECUTION_DATE=2024-03-13T00:00:00+00:00
AIRFLOW_CTX_TRY_NUMBER=1
AIRFLOW_CTX_DAG_RUN_ID=scheduled__2024-03-13T00:00:00+00:00
[2024-09-16 00:04:32,418] {python.py:173} INFO - Done. Returned value was: None
[2024-09-16 00:04:32,479] {taskinstance.py:1395} INFO - Marking task as SUCCESS. dag_id=BRONZER_GET_STONCKS, task_id=BRONZE_STONCKS_MSFT, execution_date=20240313T000000, start_date=20240916T030430, end_date=20240916T030432
[2024-09-16 00:04:32,551] {local_task_job.py:156} INFO - Task exited with return code 0
[2024-09-16 00:04:32,686] {local_task_job.py:273} INFO - 0 downstream tasks scheduled from follow-on schedule check
[2024-09-16 00:15:37,736] {taskinstance.py:1159} INFO - Dependencies all met for <TaskInstance: BRONZER_GET_STONCKS.BRONZE_STONCKS_MSFT scheduled__2024-03-13T00:00:00+00:00 [queued]>
[2024-09-16 00:15:37,759] {taskinstance.py:1159} INFO - Dependencies all met for <TaskInstance: BRONZER_GET_STONCKS.BRONZE_STONCKS_MSFT scheduled__2024-03-13T00:00:00+00:00 [queued]>
[2024-09-16 00:15:37,759] {taskinstance.py:1356} INFO - 
--------------------------------------------------------------------------------
[2024-09-16 00:15:37,759] {taskinstance.py:1357} INFO - Starting attempt 1 of 1
[2024-09-16 00:15:37,759] {taskinstance.py:1358} INFO - 
--------------------------------------------------------------------------------
[2024-09-16 00:15:37,782] {taskinstance.py:1377} INFO - Executing <Task(_PythonDecoratedOperator): BRONZE_STONCKS_MSFT> on 2024-03-13 00:00:00+00:00
[2024-09-16 00:15:37,789] {standard_task_runner.py:52} INFO - Started process 55639 to run task
[2024-09-16 00:15:37,794] {standard_task_runner.py:79} INFO - Running: ['airflow', 'tasks', 'run', 'BRONZER_GET_STONCKS', 'BRONZE_STONCKS_MSFT', 'scheduled__2024-03-13T00:00:00+00:00', '--job-id', '2171', '--raw', '--subdir', 'DAGS_FOLDER/get_stocks.py', '--cfg-path', '/tmp/tmpwsom5d05', '--error-file', '/tmp/tmpxd8a_az9']
[2024-09-16 00:15:37,795] {standard_task_runner.py:80} INFO - Job 2171: Subtask BRONZE_STONCKS_MSFT
[2024-09-16 00:15:37,917] {task_command.py:370} INFO - Running <TaskInstance: BRONZER_GET_STONCKS.BRONZE_STONCKS_MSFT scheduled__2024-03-13T00:00:00+00:00 [running]> on host kaiwang.
[2024-09-16 00:15:38,117] {taskinstance.py:1569} INFO - Exporting the following env vars:
AIRFLOW_CTX_DAG_OWNER=airflow
AIRFLOW_CTX_DAG_ID=BRONZER_GET_STONCKS
AIRFLOW_CTX_TASK_ID=BRONZE_STONCKS_MSFT
AIRFLOW_CTX_EXECUTION_DATE=2024-03-13T00:00:00+00:00
AIRFLOW_CTX_TRY_NUMBER=1
AIRFLOW_CTX_DAG_RUN_ID=scheduled__2024-03-13T00:00:00+00:00
[2024-09-16 00:15:38,807] {python.py:173} INFO - Done. Returned value was: None
[2024-09-16 00:15:38,947] {taskinstance.py:1395} INFO - Marking task as SUCCESS. dag_id=BRONZER_GET_STONCKS, task_id=BRONZE_STONCKS_MSFT, execution_date=20240313T000000, start_date=20240916T031537, end_date=20240916T031538
[2024-09-16 00:15:39,025] {local_task_job.py:156} INFO - Task exited with return code 0
[2024-09-16 00:15:39,367] {local_task_job.py:273} INFO - 0 downstream tasks scheduled from follow-on schedule check
