[2024-09-15 20:04:17,612] {taskinstance.py:1159} INFO - Dependencies all met for <TaskInstance: BRONZER_GET_STONCKS.BRONZE_GOOG scheduled__2024-01-18T00:00:00+00:00 [queued]>
[2024-09-15 20:04:17,616] {taskinstance.py:1159} INFO - Dependencies all met for <TaskInstance: BRONZER_GET_STONCKS.BRONZE_GOOG scheduled__2024-01-18T00:00:00+00:00 [queued]>
[2024-09-15 20:04:17,616] {taskinstance.py:1356} INFO - 
--------------------------------------------------------------------------------
[2024-09-15 20:04:17,616] {taskinstance.py:1357} INFO - Starting attempt 1 of 1
[2024-09-15 20:04:17,616] {taskinstance.py:1358} INFO - 
--------------------------------------------------------------------------------
[2024-09-15 20:04:17,627] {taskinstance.py:1377} INFO - Executing <Task(_PythonDecoratedOperator): BRONZE_GOOG> on 2024-01-18 00:00:00+00:00
[2024-09-15 20:04:17,629] {standard_task_runner.py:52} INFO - Started process 11576 to run task
[2024-09-15 20:04:17,631] {standard_task_runner.py:79} INFO - Running: ['airflow', 'tasks', 'run', 'BRONZER_GET_STONCKS', 'BRONZE_GOOG', 'scheduled__2024-01-18T00:00:00+00:00', '--job-id', '59', '--raw', '--subdir', 'DAGS_FOLDER/get_stocks.py', '--cfg-path', '/tmp/tmpkbq0o8h5', '--error-file', '/tmp/tmplfh7znf0']
[2024-09-15 20:04:17,632] {standard_task_runner.py:80} INFO - Job 59: Subtask BRONZE_GOOG
[2024-09-15 20:04:17,658] {task_command.py:370} INFO - Running <TaskInstance: BRONZER_GET_STONCKS.BRONZE_GOOG scheduled__2024-01-18T00:00:00+00:00 [running]> on host kaiwang.
[2024-09-15 20:04:17,696] {taskinstance.py:1569} INFO - Exporting the following env vars:
AIRFLOW_CTX_DAG_OWNER=airflow
AIRFLOW_CTX_DAG_ID=BRONZER_GET_STONCKS
AIRFLOW_CTX_TASK_ID=BRONZE_GOOG
AIRFLOW_CTX_EXECUTION_DATE=2024-01-18T00:00:00+00:00
AIRFLOW_CTX_TRY_NUMBER=1
AIRFLOW_CTX_DAG_RUN_ID=scheduled__2024-01-18T00:00:00+00:00
[2024-09-15 20:04:17,696] {taskinstance.py:1889} ERROR - Task failed with exception
Traceback (most recent call last):
  File "/usr/lib/python3.10/pathlib.py", line 1175, in mkdir
    self._accessor.mkdir(self, mode)
FileNotFoundError: [Errno 2] No such file or directory: '/datalake/GOOG'

During handling of the above exception, another exception occurred:

Traceback (most recent call last):
  File "/home/kaiwang/Documents/airflow_celeby/venv/lib/python3.10/site-packages/airflow/decorators/base.py", line 179, in execute
    return_value = super().execute(context)
  File "/home/kaiwang/Documents/airflow_celeby/venv/lib/python3.10/site-packages/airflow/operators/python.py", line 171, in execute
    return_value = self.execute_callable()
  File "/home/kaiwang/Documents/airflow_celeby/venv/lib/python3.10/site-packages/airflow/operators/python.py", line 189, in execute_callable
    return self.python_callable(*self.op_args, **self.op_kwargs)
  File "/home/kaiwang/Documents/airflow_celeby/dags/get_stocks.py", line 21, in get_history
    (Path(file_path).parent).mkdir(parents=True, exist_ok=True)
  File "/usr/lib/python3.10/pathlib.py", line 1179, in mkdir
    self.parent.mkdir(parents=True, exist_ok=True)
  File "/usr/lib/python3.10/pathlib.py", line 1175, in mkdir
    self._accessor.mkdir(self, mode)
PermissionError: [Errno 13] Permission denied: '/datalake'
[2024-09-15 20:04:17,699] {taskinstance.py:1395} INFO - Marking task as FAILED. dag_id=BRONZER_GET_STONCKS, task_id=BRONZE_GOOG, execution_date=20240118T000000, start_date=20240915T230417, end_date=20240915T230417
[2024-09-15 20:04:17,707] {standard_task_runner.py:92} ERROR - Failed to execute job 59 for task BRONZE_GOOG ([Errno 13] Permission denied: '/datalake'; 11576)
[2024-09-15 20:04:17,724] {local_task_job.py:156} INFO - Task exited with return code 1
[2024-09-15 20:04:17,733] {local_task_job.py:273} INFO - 0 downstream tasks scheduled from follow-on schedule check
[2024-09-15 20:07:49,592] {taskinstance.py:1159} INFO - Dependencies all met for <TaskInstance: BRONZER_GET_STONCKS.BRONZE_GOOG scheduled__2024-01-18T00:00:00+00:00 [queued]>
[2024-09-15 20:07:49,597] {taskinstance.py:1159} INFO - Dependencies all met for <TaskInstance: BRONZER_GET_STONCKS.BRONZE_GOOG scheduled__2024-01-18T00:00:00+00:00 [queued]>
[2024-09-15 20:07:49,597] {taskinstance.py:1356} INFO - 
--------------------------------------------------------------------------------
[2024-09-15 20:07:49,597] {taskinstance.py:1357} INFO - Starting attempt 1 of 1
[2024-09-15 20:07:49,597] {taskinstance.py:1358} INFO - 
--------------------------------------------------------------------------------
[2024-09-15 20:07:49,607] {taskinstance.py:1377} INFO - Executing <Task(_PythonDecoratedOperator): BRONZE_GOOG> on 2024-01-18 00:00:00+00:00
[2024-09-15 20:07:49,609] {standard_task_runner.py:52} INFO - Started process 12396 to run task
[2024-09-15 20:07:49,611] {standard_task_runner.py:79} INFO - Running: ['airflow', 'tasks', 'run', 'BRONZER_GET_STONCKS', 'BRONZE_GOOG', 'scheduled__2024-01-18T00:00:00+00:00', '--job-id', '66', '--raw', '--subdir', 'DAGS_FOLDER/get_stocks.py', '--cfg-path', '/tmp/tmpxh03tjg4', '--error-file', '/tmp/tmp0ztdceby']
[2024-09-15 20:07:49,612] {standard_task_runner.py:80} INFO - Job 66: Subtask BRONZE_GOOG
[2024-09-15 20:07:49,639] {task_command.py:370} INFO - Running <TaskInstance: BRONZER_GET_STONCKS.BRONZE_GOOG scheduled__2024-01-18T00:00:00+00:00 [running]> on host kaiwang.
[2024-09-15 20:07:49,678] {taskinstance.py:1569} INFO - Exporting the following env vars:
AIRFLOW_CTX_DAG_OWNER=airflow
AIRFLOW_CTX_DAG_ID=BRONZER_GET_STONCKS
AIRFLOW_CTX_TASK_ID=BRONZE_GOOG
AIRFLOW_CTX_EXECUTION_DATE=2024-01-18T00:00:00+00:00
AIRFLOW_CTX_TRY_NUMBER=1
AIRFLOW_CTX_DAG_RUN_ID=scheduled__2024-01-18T00:00:00+00:00
[2024-09-15 20:07:52,827] {history.py:244} ERROR - $GOOG: possibly delisted; no price data found  (1h 2024-01-15 -> 2024-01-03) (Yahoo error = "Invalid input - start date cannot be after end date. startDate = 1705294800, endDate = 1704258000")
[2024-09-15 20:07:52,830] {python.py:173} INFO - Done. Returned value was: None
[2024-09-15 20:07:52,834] {taskinstance.py:1395} INFO - Marking task as SUCCESS. dag_id=BRONZER_GET_STONCKS, task_id=BRONZE_GOOG, execution_date=20240118T000000, start_date=20240915T230749, end_date=20240915T230752
[2024-09-15 20:07:52,882] {local_task_job.py:156} INFO - Task exited with return code 0
[2024-09-15 20:07:52,893] {local_task_job.py:273} INFO - 0 downstream tasks scheduled from follow-on schedule check
[2024-09-15 20:11:17,347] {taskinstance.py:1159} INFO - Dependencies all met for <TaskInstance: BRONZER_GET_STONCKS.BRONZE_GOOG scheduled__2024-01-18T00:00:00+00:00 [queued]>
[2024-09-15 20:11:17,352] {taskinstance.py:1159} INFO - Dependencies all met for <TaskInstance: BRONZER_GET_STONCKS.BRONZE_GOOG scheduled__2024-01-18T00:00:00+00:00 [queued]>
[2024-09-15 20:11:17,352] {taskinstance.py:1356} INFO - 
--------------------------------------------------------------------------------
[2024-09-15 20:11:17,352] {taskinstance.py:1357} INFO - Starting attempt 1 of 1
[2024-09-15 20:11:17,352] {taskinstance.py:1358} INFO - 
--------------------------------------------------------------------------------
[2024-09-15 20:11:17,362] {taskinstance.py:1377} INFO - Executing <Task(_PythonDecoratedOperator): BRONZE_GOOG> on 2024-01-18 00:00:00+00:00
[2024-09-15 20:11:17,365] {standard_task_runner.py:52} INFO - Started process 12904 to run task
[2024-09-15 20:11:17,367] {standard_task_runner.py:79} INFO - Running: ['airflow', 'tasks', 'run', 'BRONZER_GET_STONCKS', 'BRONZE_GOOG', 'scheduled__2024-01-18T00:00:00+00:00', '--job-id', '110', '--raw', '--subdir', 'DAGS_FOLDER/get_stocks.py', '--cfg-path', '/tmp/tmpilzcmca7', '--error-file', '/tmp/tmpx_nhc47x']
[2024-09-15 20:11:17,368] {standard_task_runner.py:80} INFO - Job 110: Subtask BRONZE_GOOG
[2024-09-15 20:11:17,402] {task_command.py:370} INFO - Running <TaskInstance: BRONZER_GET_STONCKS.BRONZE_GOOG scheduled__2024-01-18T00:00:00+00:00 [running]> on host kaiwang.
[2024-09-15 20:11:17,440] {taskinstance.py:1569} INFO - Exporting the following env vars:
AIRFLOW_CTX_DAG_OWNER=airflow
AIRFLOW_CTX_DAG_ID=BRONZER_GET_STONCKS
AIRFLOW_CTX_TASK_ID=BRONZE_GOOG
AIRFLOW_CTX_EXECUTION_DATE=2024-01-18T00:00:00+00:00
AIRFLOW_CTX_TRY_NUMBER=1
AIRFLOW_CTX_DAG_RUN_ID=scheduled__2024-01-18T00:00:00+00:00
[2024-09-15 20:11:17,441] {taskinstance.py:1889} ERROR - Task failed with exception
Traceback (most recent call last):
  File "/usr/lib/python3.10/pathlib.py", line 1175, in mkdir
    self._accessor.mkdir(self, mode)
FileNotFoundError: [Errno 2] No such file or directory: '/datalake/GOOG'

During handling of the above exception, another exception occurred:

Traceback (most recent call last):
  File "/home/kaiwang/Documents/airflow_celeby/venv/lib/python3.10/site-packages/airflow/decorators/base.py", line 179, in execute
    return_value = super().execute(context)
  File "/home/kaiwang/Documents/airflow_celeby/venv/lib/python3.10/site-packages/airflow/operators/python.py", line 171, in execute
    return_value = self.execute_callable()
  File "/home/kaiwang/Documents/airflow_celeby/venv/lib/python3.10/site-packages/airflow/operators/python.py", line 189, in execute_callable
    return self.python_callable(*self.op_args, **self.op_kwargs)
  File "/home/kaiwang/Documents/airflow_celeby/dags/get_stocks.py", line 21, in get_history
    (Path(file_path).parent).mkdir(parents=True, exist_ok=True)
  File "/usr/lib/python3.10/pathlib.py", line 1179, in mkdir
    self.parent.mkdir(parents=True, exist_ok=True)
  File "/usr/lib/python3.10/pathlib.py", line 1175, in mkdir
    self._accessor.mkdir(self, mode)
PermissionError: [Errno 13] Permission denied: '/datalake'
[2024-09-15 20:11:17,443] {taskinstance.py:1395} INFO - Marking task as FAILED. dag_id=BRONZER_GET_STONCKS, task_id=BRONZE_GOOG, execution_date=20240118T000000, start_date=20240915T231117, end_date=20240915T231117
[2024-09-15 20:11:17,451] {standard_task_runner.py:92} ERROR - Failed to execute job 110 for task BRONZE_GOOG ([Errno 13] Permission denied: '/datalake'; 12904)
[2024-09-15 20:11:17,460] {local_task_job.py:156} INFO - Task exited with return code 1
[2024-09-15 20:11:17,474] {local_task_job.py:273} INFO - 0 downstream tasks scheduled from follow-on schedule check
[2024-09-15 20:13:44,044] {taskinstance.py:1159} INFO - Dependencies all met for <TaskInstance: BRONZER_GET_STONCKS.BRONZE_GOOG scheduled__2024-01-18T00:00:00+00:00 [queued]>
[2024-09-15 20:13:44,048] {taskinstance.py:1159} INFO - Dependencies all met for <TaskInstance: BRONZER_GET_STONCKS.BRONZE_GOOG scheduled__2024-01-18T00:00:00+00:00 [queued]>
[2024-09-15 20:13:44,049] {taskinstance.py:1356} INFO - 
--------------------------------------------------------------------------------
[2024-09-15 20:13:44,049] {taskinstance.py:1357} INFO - Starting attempt 1 of 1
[2024-09-15 20:13:44,049] {taskinstance.py:1358} INFO - 
--------------------------------------------------------------------------------
[2024-09-15 20:13:44,060] {taskinstance.py:1377} INFO - Executing <Task(_PythonDecoratedOperator): BRONZE_GOOG> on 2024-01-18 00:00:00+00:00
[2024-09-15 20:13:44,063] {standard_task_runner.py:52} INFO - Started process 13512 to run task
[2024-09-15 20:13:44,065] {standard_task_runner.py:79} INFO - Running: ['airflow', 'tasks', 'run', 'BRONZER_GET_STONCKS', 'BRONZE_GOOG', 'scheduled__2024-01-18T00:00:00+00:00', '--job-id', '110', '--raw', '--subdir', 'DAGS_FOLDER/get_stocks.py', '--cfg-path', '/tmp/tmp93gj1jkq', '--error-file', '/tmp/tmpcv0kfaho']
[2024-09-15 20:13:44,066] {standard_task_runner.py:80} INFO - Job 110: Subtask BRONZE_GOOG
[2024-09-15 20:13:44,094] {task_command.py:370} INFO - Running <TaskInstance: BRONZER_GET_STONCKS.BRONZE_GOOG scheduled__2024-01-18T00:00:00+00:00 [running]> on host kaiwang.
[2024-09-15 20:13:44,135] {taskinstance.py:1569} INFO - Exporting the following env vars:
AIRFLOW_CTX_DAG_OWNER=airflow
AIRFLOW_CTX_DAG_ID=BRONZER_GET_STONCKS
AIRFLOW_CTX_TASK_ID=BRONZE_GOOG
AIRFLOW_CTX_EXECUTION_DATE=2024-01-18T00:00:00+00:00
AIRFLOW_CTX_TRY_NUMBER=1
AIRFLOW_CTX_DAG_RUN_ID=scheduled__2024-01-18T00:00:00+00:00
[2024-09-15 20:13:47,969] {history.py:244} ERROR - $GOOG: possibly delisted; no price data found  (1h 2024-01-15 -> 2024-01-03) (Yahoo error = "Invalid input - start date cannot be after end date. startDate = 1705294800, endDate = 1704258000")
[2024-09-15 20:13:47,972] {python.py:173} INFO - Done. Returned value was: None
[2024-09-15 20:13:47,976] {taskinstance.py:1395} INFO - Marking task as SUCCESS. dag_id=BRONZER_GET_STONCKS, task_id=BRONZE_GOOG, execution_date=20240118T000000, start_date=20240915T231344, end_date=20240915T231347
[2024-09-15 20:13:48,022] {local_task_job.py:156} INFO - Task exited with return code 0
[2024-09-15 20:13:48,050] {local_task_job.py:273} INFO - 0 downstream tasks scheduled from follow-on schedule check
[2024-09-15 20:18:50,414] {taskinstance.py:1159} INFO - Dependencies all met for <TaskInstance: BRONZER_GET_STONCKS.BRONZE_GOOG scheduled__2024-01-18T00:00:00+00:00 [queued]>
[2024-09-15 20:18:50,419] {taskinstance.py:1159} INFO - Dependencies all met for <TaskInstance: BRONZER_GET_STONCKS.BRONZE_GOOG scheduled__2024-01-18T00:00:00+00:00 [queued]>
[2024-09-15 20:18:50,419] {taskinstance.py:1356} INFO - 
--------------------------------------------------------------------------------
[2024-09-15 20:18:50,419] {taskinstance.py:1357} INFO - Starting attempt 1 of 1
[2024-09-15 20:18:50,419] {taskinstance.py:1358} INFO - 
--------------------------------------------------------------------------------
[2024-09-15 20:18:50,429] {taskinstance.py:1377} INFO - Executing <Task(_PythonDecoratedOperator): BRONZE_GOOG> on 2024-01-18 00:00:00+00:00
[2024-09-15 20:18:50,432] {standard_task_runner.py:52} INFO - Started process 14170 to run task
[2024-09-15 20:18:50,434] {standard_task_runner.py:79} INFO - Running: ['airflow', 'tasks', 'run', 'BRONZER_GET_STONCKS', 'BRONZE_GOOG', 'scheduled__2024-01-18T00:00:00+00:00', '--job-id', '110', '--raw', '--subdir', 'DAGS_FOLDER/get_stocks.py', '--cfg-path', '/tmp/tmp5ngy3_ck', '--error-file', '/tmp/tmp8yvwo07c']
[2024-09-15 20:18:50,434] {standard_task_runner.py:80} INFO - Job 110: Subtask BRONZE_GOOG
[2024-09-15 20:18:50,462] {task_command.py:370} INFO - Running <TaskInstance: BRONZER_GET_STONCKS.BRONZE_GOOG scheduled__2024-01-18T00:00:00+00:00 [running]> on host kaiwang.
[2024-09-15 20:18:50,502] {taskinstance.py:1569} INFO - Exporting the following env vars:
AIRFLOW_CTX_DAG_OWNER=airflow
AIRFLOW_CTX_DAG_ID=BRONZER_GET_STONCKS
AIRFLOW_CTX_TASK_ID=BRONZE_GOOG
AIRFLOW_CTX_EXECUTION_DATE=2024-01-18T00:00:00+00:00
AIRFLOW_CTX_TRY_NUMBER=1
AIRFLOW_CTX_DAG_RUN_ID=scheduled__2024-01-18T00:00:00+00:00
[2024-09-15 20:18:54,185] {history.py:244} ERROR - $GOOG: possibly delisted; no price data found  (1h 2024-01-15 -> 2024-01-03) (Yahoo error = "Invalid input - start date cannot be after end date. startDate = 1705294800, endDate = 1704258000")
[2024-09-15 20:18:54,188] {python.py:173} INFO - Done. Returned value was: None
[2024-09-15 20:18:54,192] {taskinstance.py:1395} INFO - Marking task as SUCCESS. dag_id=BRONZER_GET_STONCKS, task_id=BRONZE_GOOG, execution_date=20240118T000000, start_date=20240915T231850, end_date=20240915T231854
[2024-09-15 20:18:54,237] {local_task_job.py:156} INFO - Task exited with return code 0
[2024-09-15 20:18:54,266] {local_task_job.py:273} INFO - 0 downstream tasks scheduled from follow-on schedule check
