[2024-09-16 00:04:24,203] {taskinstance.py:1159} INFO - Dependencies all met for <TaskInstance: BRONZER_GET_CRIPTOS.BRONZE_CRIPTO_ETH scheduled__2024-03-02T00:00:00+00:00 [queued]>
[2024-09-16 00:04:24,245] {taskinstance.py:1159} INFO - Dependencies all met for <TaskInstance: BRONZER_GET_CRIPTOS.BRONZE_CRIPTO_ETH scheduled__2024-03-02T00:00:00+00:00 [queued]>
[2024-09-16 00:04:24,245] {taskinstance.py:1356} INFO - 
--------------------------------------------------------------------------------
[2024-09-16 00:04:24,245] {taskinstance.py:1357} INFO - Starting attempt 1 of 1
[2024-09-16 00:04:24,245] {taskinstance.py:1358} INFO - 
--------------------------------------------------------------------------------
[2024-09-16 00:04:24,372] {taskinstance.py:1377} INFO - Executing <Task(_PythonDecoratedOperator): BRONZE_CRIPTO_ETH> on 2024-03-02 00:00:00+00:00
[2024-09-16 00:04:24,378] {standard_task_runner.py:52} INFO - Started process 24447 to run task
[2024-09-16 00:04:24,404] {standard_task_runner.py:79} INFO - Running: ['airflow', 'tasks', 'run', 'BRONZER_GET_CRIPTOS', 'BRONZE_CRIPTO_ETH', 'scheduled__2024-03-02T00:00:00+00:00', '--job-id', '373', '--raw', '--subdir', 'DAGS_FOLDER/get_cripto.py', '--cfg-path', '/tmp/tmplb76ldww', '--error-file', '/tmp/tmpzju17lkv']
[2024-09-16 00:04:24,405] {standard_task_runner.py:80} INFO - Job 373: Subtask BRONZE_CRIPTO_ETH
[2024-09-16 00:04:24,652] {task_command.py:370} INFO - Running <TaskInstance: BRONZER_GET_CRIPTOS.BRONZE_CRIPTO_ETH scheduled__2024-03-02T00:00:00+00:00 [running]> on host kaiwang.
[2024-09-16 00:04:24,953] {taskinstance.py:1569} INFO - Exporting the following env vars:
AIRFLOW_CTX_DAG_OWNER=airflow
AIRFLOW_CTX_DAG_ID=BRONZER_GET_CRIPTOS
AIRFLOW_CTX_TASK_ID=BRONZE_CRIPTO_ETH
AIRFLOW_CTX_EXECUTION_DATE=2024-03-02T00:00:00+00:00
AIRFLOW_CTX_TRY_NUMBER=1
AIRFLOW_CTX_DAG_RUN_ID=scheduled__2024-03-02T00:00:00+00:00
[2024-09-16 00:04:27,261] {history.py:244} ERROR - $ETH: possibly delisted; no price data found  (1h 2024-02-28 -> 2024-03-02) (Yahoo error = "Data doesn't exist for startDate = 1709096400, endDate = 1709355600")
[2024-09-16 00:04:27,266] {python.py:173} INFO - Done. Returned value was: None
[2024-09-16 00:04:27,322] {taskinstance.py:1395} INFO - Marking task as SUCCESS. dag_id=BRONZER_GET_CRIPTOS, task_id=BRONZE_CRIPTO_ETH, execution_date=20240302T000000, start_date=20240916T030424, end_date=20240916T030427
[2024-09-16 00:04:27,392] {local_task_job.py:156} INFO - Task exited with return code 0
[2024-09-16 00:04:27,482] {local_task_job.py:273} INFO - 0 downstream tasks scheduled from follow-on schedule check
[2024-09-16 00:15:37,715] {taskinstance.py:1159} INFO - Dependencies all met for <TaskInstance: BRONZER_GET_CRIPTOS.BRONZE_CRIPTO_ETH scheduled__2024-03-02T00:00:00+00:00 [queued]>
[2024-09-16 00:15:37,746] {taskinstance.py:1159} INFO - Dependencies all met for <TaskInstance: BRONZER_GET_CRIPTOS.BRONZE_CRIPTO_ETH scheduled__2024-03-02T00:00:00+00:00 [queued]>
[2024-09-16 00:15:37,746] {taskinstance.py:1356} INFO - 
--------------------------------------------------------------------------------
[2024-09-16 00:15:37,746] {taskinstance.py:1357} INFO - Starting attempt 1 of 1
[2024-09-16 00:15:37,746] {taskinstance.py:1358} INFO - 
--------------------------------------------------------------------------------
[2024-09-16 00:15:37,769] {taskinstance.py:1377} INFO - Executing <Task(_PythonDecoratedOperator): BRONZE_CRIPTO_ETH> on 2024-03-02 00:00:00+00:00
[2024-09-16 00:15:37,775] {standard_task_runner.py:52} INFO - Started process 55636 to run task
[2024-09-16 00:15:37,781] {standard_task_runner.py:79} INFO - Running: ['airflow', 'tasks', 'run', 'BRONZER_GET_CRIPTOS', 'BRONZE_CRIPTO_ETH', 'scheduled__2024-03-02T00:00:00+00:00', '--job-id', '2170', '--raw', '--subdir', 'DAGS_FOLDER/get_cripto.py', '--cfg-path', '/tmp/tmpcdapxf6n', '--error-file', '/tmp/tmpwkhi2895']
[2024-09-16 00:15:37,783] {standard_task_runner.py:80} INFO - Job 2170: Subtask BRONZE_CRIPTO_ETH
[2024-09-16 00:15:37,957] {task_command.py:370} INFO - Running <TaskInstance: BRONZER_GET_CRIPTOS.BRONZE_CRIPTO_ETH scheduled__2024-03-02T00:00:00+00:00 [running]> on host kaiwang.
[2024-09-16 00:15:38,224] {taskinstance.py:1569} INFO - Exporting the following env vars:
AIRFLOW_CTX_DAG_OWNER=airflow
AIRFLOW_CTX_DAG_ID=BRONZER_GET_CRIPTOS
AIRFLOW_CTX_TASK_ID=BRONZE_CRIPTO_ETH
AIRFLOW_CTX_EXECUTION_DATE=2024-03-02T00:00:00+00:00
AIRFLOW_CTX_TRY_NUMBER=1
AIRFLOW_CTX_DAG_RUN_ID=scheduled__2024-03-02T00:00:00+00:00
[2024-09-16 00:15:42,175] {history.py:244} ERROR - $ETH: possibly delisted; no price data found  (1h 2024-02-28 -> 2024-03-02) (Yahoo error = "Data doesn't exist for startDate = 1709096400, endDate = 1709355600")
[2024-09-16 00:15:42,180] {python.py:173} INFO - Done. Returned value was: None
[2024-09-16 00:15:42,237] {taskinstance.py:1395} INFO - Marking task as SUCCESS. dag_id=BRONZER_GET_CRIPTOS, task_id=BRONZE_CRIPTO_ETH, execution_date=20240302T000000, start_date=20240916T031537, end_date=20240916T031542
[2024-09-16 00:15:42,290] {local_task_job.py:156} INFO - Task exited with return code 0
[2024-09-16 00:15:42,426] {local_task_job.py:273} INFO - 0 downstream tasks scheduled from follow-on schedule check
