[2024-09-16 00:04:05,853] {taskinstance.py:1159} INFO - Dependencies all met for <TaskInstance: BRONZER_GET_STONCKS.BRONZE_STONCKS_TSLA scheduled__2024-02-21T00:00:00+00:00 [queued]>
[2024-09-16 00:04:05,895] {taskinstance.py:1159} INFO - Dependencies all met for <TaskInstance: BRONZER_GET_STONCKS.BRONZE_STONCKS_TSLA scheduled__2024-02-21T00:00:00+00:00 [queued]>
[2024-09-16 00:04:05,895] {taskinstance.py:1356} INFO - 
--------------------------------------------------------------------------------
[2024-09-16 00:04:05,895] {taskinstance.py:1357} INFO - Starting attempt 1 of 1
[2024-09-16 00:04:05,895] {taskinstance.py:1358} INFO - 
--------------------------------------------------------------------------------
[2024-09-16 00:04:05,952] {taskinstance.py:1377} INFO - Executing <Task(_PythonDecoratedOperator): BRONZE_STONCKS_TSLA> on 2024-02-21 00:00:00+00:00
[2024-09-16 00:04:05,973] {standard_task_runner.py:52} INFO - Started process 22931 to run task
[2024-09-16 00:04:06,005] {standard_task_runner.py:79} INFO - Running: ['airflow', 'tasks', 'run', 'BRONZER_GET_STONCKS', 'BRONZE_STONCKS_TSLA', 'scheduled__2024-02-21T00:00:00+00:00', '--job-id', '288', '--raw', '--subdir', 'DAGS_FOLDER/get_stocks.py', '--cfg-path', '/tmp/tmpnwcvye_k', '--error-file', '/tmp/tmpqcz_9saw']
[2024-09-16 00:04:06,006] {standard_task_runner.py:80} INFO - Job 288: Subtask BRONZE_STONCKS_TSLA
[2024-09-16 00:04:06,436] {task_command.py:370} INFO - Running <TaskInstance: BRONZER_GET_STONCKS.BRONZE_STONCKS_TSLA scheduled__2024-02-21T00:00:00+00:00 [running]> on host kaiwang.
[2024-09-16 00:04:06,812] {taskinstance.py:1569} INFO - Exporting the following env vars:
AIRFLOW_CTX_DAG_OWNER=airflow
AIRFLOW_CTX_DAG_ID=BRONZER_GET_STONCKS
AIRFLOW_CTX_TASK_ID=BRONZE_STONCKS_TSLA
AIRFLOW_CTX_EXECUTION_DATE=2024-02-21T00:00:00+00:00
AIRFLOW_CTX_TRY_NUMBER=1
AIRFLOW_CTX_DAG_RUN_ID=scheduled__2024-02-21T00:00:00+00:00
[2024-09-16 00:04:07,551] {python.py:173} INFO - Done. Returned value was: None
[2024-09-16 00:04:07,617] {taskinstance.py:1395} INFO - Marking task as SUCCESS. dag_id=BRONZER_GET_STONCKS, task_id=BRONZE_STONCKS_TSLA, execution_date=20240221T000000, start_date=20240916T030405, end_date=20240916T030407
[2024-09-16 00:04:07,724] {local_task_job.py:156} INFO - Task exited with return code 0
[2024-09-16 00:04:08,101] {local_task_job.py:273} INFO - 0 downstream tasks scheduled from follow-on schedule check
[2024-09-16 00:13:42,158] {taskinstance.py:1159} INFO - Dependencies all met for <TaskInstance: BRONZER_GET_STONCKS.BRONZE_STONCKS_TSLA scheduled__2024-02-21T00:00:00+00:00 [queued]>
[2024-09-16 00:13:42,191] {taskinstance.py:1159} INFO - Dependencies all met for <TaskInstance: BRONZER_GET_STONCKS.BRONZE_STONCKS_TSLA scheduled__2024-02-21T00:00:00+00:00 [queued]>
[2024-09-16 00:13:42,191] {taskinstance.py:1356} INFO - 
--------------------------------------------------------------------------------
[2024-09-16 00:13:42,191] {taskinstance.py:1357} INFO - Starting attempt 1 of 1
[2024-09-16 00:13:42,191] {taskinstance.py:1358} INFO - 
--------------------------------------------------------------------------------
[2024-09-16 00:13:42,226] {taskinstance.py:1377} INFO - Executing <Task(_PythonDecoratedOperator): BRONZE_STONCKS_TSLA> on 2024-02-21 00:00:00+00:00
[2024-09-16 00:13:42,231] {standard_task_runner.py:52} INFO - Started process 48475 to run task
[2024-09-16 00:13:42,248] {standard_task_runner.py:79} INFO - Running: ['airflow', 'tasks', 'run', 'BRONZER_GET_STONCKS', 'BRONZE_STONCKS_TSLA', 'scheduled__2024-02-21T00:00:00+00:00', '--job-id', '1758', '--raw', '--subdir', 'DAGS_FOLDER/get_stocks.py', '--cfg-path', '/tmp/tmphskhugi2', '--error-file', '/tmp/tmphx3x0roa']
[2024-09-16 00:13:42,249] {standard_task_runner.py:80} INFO - Job 1758: Subtask BRONZE_STONCKS_TSLA
[2024-09-16 00:13:42,436] {task_command.py:370} INFO - Running <TaskInstance: BRONZER_GET_STONCKS.BRONZE_STONCKS_TSLA scheduled__2024-02-21T00:00:00+00:00 [running]> on host kaiwang.
[2024-09-16 00:13:42,583] {taskinstance.py:1569} INFO - Exporting the following env vars:
AIRFLOW_CTX_DAG_OWNER=airflow
AIRFLOW_CTX_DAG_ID=BRONZER_GET_STONCKS
AIRFLOW_CTX_TASK_ID=BRONZE_STONCKS_TSLA
AIRFLOW_CTX_EXECUTION_DATE=2024-02-21T00:00:00+00:00
AIRFLOW_CTX_TRY_NUMBER=1
AIRFLOW_CTX_DAG_RUN_ID=scheduled__2024-02-21T00:00:00+00:00
[2024-09-16 00:13:43,188] {python.py:173} INFO - Done. Returned value was: None
[2024-09-16 00:13:43,488] {taskinstance.py:1395} INFO - Marking task as SUCCESS. dag_id=BRONZER_GET_STONCKS, task_id=BRONZE_STONCKS_TSLA, execution_date=20240221T000000, start_date=20240916T031342, end_date=20240916T031343
[2024-09-16 00:13:43,580] {local_task_job.py:156} INFO - Task exited with return code 0
[2024-09-16 00:13:43,708] {local_task_job.py:273} INFO - 0 downstream tasks scheduled from follow-on schedule check
[2024-09-16 00:15:13,304] {taskinstance.py:1159} INFO - Dependencies all met for <TaskInstance: BRONZER_GET_STONCKS.BRONZE_STONCKS_TSLA scheduled__2024-02-21T00:00:00+00:00 [queued]>
[2024-09-16 00:15:13,329] {taskinstance.py:1159} INFO - Dependencies all met for <TaskInstance: BRONZER_GET_STONCKS.BRONZE_STONCKS_TSLA scheduled__2024-02-21T00:00:00+00:00 [queued]>
[2024-09-16 00:15:13,330] {taskinstance.py:1356} INFO - 
--------------------------------------------------------------------------------
[2024-09-16 00:15:13,330] {taskinstance.py:1357} INFO - Starting attempt 1 of 1
[2024-09-16 00:15:13,330] {taskinstance.py:1358} INFO - 
--------------------------------------------------------------------------------
[2024-09-16 00:15:13,362] {taskinstance.py:1377} INFO - Executing <Task(_PythonDecoratedOperator): BRONZE_STONCKS_TSLA> on 2024-02-21 00:00:00+00:00
[2024-09-16 00:15:13,368] {standard_task_runner.py:52} INFO - Started process 53627 to run task
[2024-09-16 00:15:13,386] {standard_task_runner.py:79} INFO - Running: ['airflow', 'tasks', 'run', 'BRONZER_GET_STONCKS', 'BRONZE_STONCKS_TSLA', 'scheduled__2024-02-21T00:00:00+00:00', '--job-id', '2051', '--raw', '--subdir', 'DAGS_FOLDER/get_stocks.py', '--cfg-path', '/tmp/tmpgjwxwa__', '--error-file', '/tmp/tmplyxw9pis']
[2024-09-16 00:15:13,387] {standard_task_runner.py:80} INFO - Job 2051: Subtask BRONZE_STONCKS_TSLA
[2024-09-16 00:15:13,561] {task_command.py:370} INFO - Running <TaskInstance: BRONZER_GET_STONCKS.BRONZE_STONCKS_TSLA scheduled__2024-02-21T00:00:00+00:00 [running]> on host kaiwang.
[2024-09-16 00:15:13,790] {taskinstance.py:1569} INFO - Exporting the following env vars:
AIRFLOW_CTX_DAG_OWNER=airflow
AIRFLOW_CTX_DAG_ID=BRONZER_GET_STONCKS
AIRFLOW_CTX_TASK_ID=BRONZE_STONCKS_TSLA
AIRFLOW_CTX_EXECUTION_DATE=2024-02-21T00:00:00+00:00
AIRFLOW_CTX_TRY_NUMBER=1
AIRFLOW_CTX_DAG_RUN_ID=scheduled__2024-02-21T00:00:00+00:00
[2024-09-16 00:15:14,533] {python.py:173} INFO - Done. Returned value was: None
[2024-09-16 00:15:14,781] {taskinstance.py:1395} INFO - Marking task as SUCCESS. dag_id=BRONZER_GET_STONCKS, task_id=BRONZE_STONCKS_TSLA, execution_date=20240221T000000, start_date=20240916T031513, end_date=20240916T031514
[2024-09-16 00:15:14,903] {local_task_job.py:156} INFO - Task exited with return code 0
[2024-09-16 00:15:15,082] {local_task_job.py:273} INFO - 0 downstream tasks scheduled from follow-on schedule check
