[2024-09-16 00:03:30,150] {taskinstance.py:1159} INFO - Dependencies all met for <TaskInstance: BRONZER_GET_STONCKS.BRONZE_STONCKS_GOOG scheduled__2024-01-24T00:00:00+00:00 [queued]>
[2024-09-16 00:03:30,202] {taskinstance.py:1159} INFO - Dependencies all met for <TaskInstance: BRONZER_GET_STONCKS.BRONZE_STONCKS_GOOG scheduled__2024-01-24T00:00:00+00:00 [queued]>
[2024-09-16 00:03:30,202] {taskinstance.py:1356} INFO - 
--------------------------------------------------------------------------------
[2024-09-16 00:03:30,202] {taskinstance.py:1357} INFO - Starting attempt 1 of 1
[2024-09-16 00:03:30,202] {taskinstance.py:1358} INFO - 
--------------------------------------------------------------------------------
[2024-09-16 00:03:30,271] {taskinstance.py:1377} INFO - Executing <Task(_PythonDecoratedOperator): BRONZE_STONCKS_GOOG> on 2024-01-24 00:00:00+00:00
[2024-09-16 00:03:30,277] {standard_task_runner.py:52} INFO - Started process 20280 to run task
[2024-09-16 00:03:30,295] {standard_task_runner.py:79} INFO - Running: ['airflow', 'tasks', 'run', 'BRONZER_GET_STONCKS', 'BRONZE_STONCKS_GOOG', 'scheduled__2024-01-24T00:00:00+00:00', '--job-id', '133', '--raw', '--subdir', 'DAGS_FOLDER/get_stocks.py', '--cfg-path', '/tmp/tmpxzc_2em4', '--error-file', '/tmp/tmpillahw9c']
[2024-09-16 00:03:30,296] {standard_task_runner.py:80} INFO - Job 133: Subtask BRONZE_STONCKS_GOOG
[2024-09-16 00:03:30,492] {task_command.py:370} INFO - Running <TaskInstance: BRONZER_GET_STONCKS.BRONZE_STONCKS_GOOG scheduled__2024-01-24T00:00:00+00:00 [running]> on host kaiwang.
[2024-09-16 00:03:30,771] {taskinstance.py:1569} INFO - Exporting the following env vars:
AIRFLOW_CTX_DAG_OWNER=airflow
AIRFLOW_CTX_DAG_ID=BRONZER_GET_STONCKS
AIRFLOW_CTX_TASK_ID=BRONZE_STONCKS_GOOG
AIRFLOW_CTX_EXECUTION_DATE=2024-01-24T00:00:00+00:00
AIRFLOW_CTX_TRY_NUMBER=1
AIRFLOW_CTX_DAG_RUN_ID=scheduled__2024-01-24T00:00:00+00:00
[2024-09-16 00:03:31,556] {python.py:173} INFO - Done. Returned value was: None
[2024-09-16 00:03:31,609] {taskinstance.py:1395} INFO - Marking task as SUCCESS. dag_id=BRONZER_GET_STONCKS, task_id=BRONZE_STONCKS_GOOG, execution_date=20240124T000000, start_date=20240916T030330, end_date=20240916T030331
[2024-09-16 00:03:31,682] {local_task_job.py:156} INFO - Task exited with return code 0
[2024-09-16 00:03:31,827] {local_task_job.py:273} INFO - 0 downstream tasks scheduled from follow-on schedule check
[2024-09-16 00:13:11,435] {taskinstance.py:1159} INFO - Dependencies all met for <TaskInstance: BRONZER_GET_STONCKS.BRONZE_STONCKS_GOOG scheduled__2024-01-24T00:00:00+00:00 [queued]>
[2024-09-16 00:13:11,473] {taskinstance.py:1159} INFO - Dependencies all met for <TaskInstance: BRONZER_GET_STONCKS.BRONZE_STONCKS_GOOG scheduled__2024-01-24T00:00:00+00:00 [queued]>
[2024-09-16 00:13:11,473] {taskinstance.py:1356} INFO - 
--------------------------------------------------------------------------------
[2024-09-16 00:13:11,473] {taskinstance.py:1357} INFO - Starting attempt 1 of 1
[2024-09-16 00:13:11,473] {taskinstance.py:1358} INFO - 
--------------------------------------------------------------------------------
[2024-09-16 00:13:11,592] {taskinstance.py:1377} INFO - Executing <Task(_PythonDecoratedOperator): BRONZE_STONCKS_GOOG> on 2024-01-24 00:00:00+00:00
[2024-09-16 00:13:11,597] {standard_task_runner.py:52} INFO - Started process 45910 to run task
[2024-09-16 00:13:11,636] {standard_task_runner.py:79} INFO - Running: ['airflow', 'tasks', 'run', 'BRONZER_GET_STONCKS', 'BRONZE_STONCKS_GOOG', 'scheduled__2024-01-24T00:00:00+00:00', '--job-id', '1608', '--raw', '--subdir', 'DAGS_FOLDER/get_stocks.py', '--cfg-path', '/tmp/tmpgynqai5_', '--error-file', '/tmp/tmpo37e4260']
[2024-09-16 00:13:11,644] {standard_task_runner.py:80} INFO - Job 1608: Subtask BRONZE_STONCKS_GOOG
[2024-09-16 00:13:12,009] {task_command.py:370} INFO - Running <TaskInstance: BRONZER_GET_STONCKS.BRONZE_STONCKS_GOOG scheduled__2024-01-24T00:00:00+00:00 [running]> on host kaiwang.
[2024-09-16 00:13:12,317] {taskinstance.py:1569} INFO - Exporting the following env vars:
AIRFLOW_CTX_DAG_OWNER=airflow
AIRFLOW_CTX_DAG_ID=BRONZER_GET_STONCKS
AIRFLOW_CTX_TASK_ID=BRONZE_STONCKS_GOOG
AIRFLOW_CTX_EXECUTION_DATE=2024-01-24T00:00:00+00:00
AIRFLOW_CTX_TRY_NUMBER=1
AIRFLOW_CTX_DAG_RUN_ID=scheduled__2024-01-24T00:00:00+00:00
[2024-09-16 00:13:13,038] {python.py:173} INFO - Done. Returned value was: None
[2024-09-16 00:13:13,079] {taskinstance.py:1395} INFO - Marking task as SUCCESS. dag_id=BRONZER_GET_STONCKS, task_id=BRONZE_STONCKS_GOOG, execution_date=20240124T000000, start_date=20240916T031311, end_date=20240916T031313
[2024-09-16 00:13:13,159] {local_task_job.py:156} INFO - Task exited with return code 0
[2024-09-16 00:13:13,582] {local_task_job.py:273} INFO - 0 downstream tasks scheduled from follow-on schedule check
[2024-09-16 00:14:44,290] {taskinstance.py:1159} INFO - Dependencies all met for <TaskInstance: BRONZER_GET_STONCKS.BRONZE_STONCKS_GOOG scheduled__2024-01-24T00:00:00+00:00 [queued]>
[2024-09-16 00:14:44,336] {taskinstance.py:1159} INFO - Dependencies all met for <TaskInstance: BRONZER_GET_STONCKS.BRONZE_STONCKS_GOOG scheduled__2024-01-24T00:00:00+00:00 [queued]>
[2024-09-16 00:14:44,336] {taskinstance.py:1356} INFO - 
--------------------------------------------------------------------------------
[2024-09-16 00:14:44,336] {taskinstance.py:1357} INFO - Starting attempt 1 of 1
[2024-09-16 00:14:44,336] {taskinstance.py:1358} INFO - 
--------------------------------------------------------------------------------
[2024-09-16 00:14:44,386] {taskinstance.py:1377} INFO - Executing <Task(_PythonDecoratedOperator): BRONZE_STONCKS_GOOG> on 2024-01-24 00:00:00+00:00
[2024-09-16 00:14:44,392] {standard_task_runner.py:52} INFO - Started process 51207 to run task
[2024-09-16 00:14:44,414] {standard_task_runner.py:79} INFO - Running: ['airflow', 'tasks', 'run', 'BRONZER_GET_STONCKS', 'BRONZE_STONCKS_GOOG', 'scheduled__2024-01-24T00:00:00+00:00', '--job-id', '1914', '--raw', '--subdir', 'DAGS_FOLDER/get_stocks.py', '--cfg-path', '/tmp/tmp9m3osrzi', '--error-file', '/tmp/tmpbsus80l4']
[2024-09-16 00:14:44,415] {standard_task_runner.py:80} INFO - Job 1914: Subtask BRONZE_STONCKS_GOOG
[2024-09-16 00:14:44,651] {task_command.py:370} INFO - Running <TaskInstance: BRONZER_GET_STONCKS.BRONZE_STONCKS_GOOG scheduled__2024-01-24T00:00:00+00:00 [running]> on host kaiwang.
[2024-09-16 00:14:44,829] {taskinstance.py:1569} INFO - Exporting the following env vars:
AIRFLOW_CTX_DAG_OWNER=airflow
AIRFLOW_CTX_DAG_ID=BRONZER_GET_STONCKS
AIRFLOW_CTX_TASK_ID=BRONZE_STONCKS_GOOG
AIRFLOW_CTX_EXECUTION_DATE=2024-01-24T00:00:00+00:00
AIRFLOW_CTX_TRY_NUMBER=1
AIRFLOW_CTX_DAG_RUN_ID=scheduled__2024-01-24T00:00:00+00:00
[2024-09-16 00:14:45,383] {python.py:173} INFO - Done. Returned value was: None
[2024-09-16 00:14:45,407] {taskinstance.py:1395} INFO - Marking task as SUCCESS. dag_id=BRONZER_GET_STONCKS, task_id=BRONZE_STONCKS_GOOG, execution_date=20240124T000000, start_date=20240916T031444, end_date=20240916T031445
[2024-09-16 00:14:45,456] {local_task_job.py:156} INFO - Task exited with return code 0
[2024-09-16 00:14:45,632] {local_task_job.py:273} INFO - 0 downstream tasks scheduled from follow-on schedule check
