[2024-09-16 00:06:50,310] {taskinstance.py:1159} INFO - Dependencies all met for <TaskInstance: BRONZER_GET_CRIPTOS.BRONZE_CRIPTO_AVAX scheduled__2024-06-14T00:00:00+00:00 [queued]>
[2024-09-16 00:06:50,348] {taskinstance.py:1159} INFO - Dependencies all met for <TaskInstance: BRONZER_GET_CRIPTOS.BRONZE_CRIPTO_AVAX scheduled__2024-06-14T00:00:00+00:00 [queued]>
[2024-09-16 00:06:50,348] {taskinstance.py:1356} INFO - 
--------------------------------------------------------------------------------
[2024-09-16 00:06:50,348] {taskinstance.py:1357} INFO - Starting attempt 1 of 1
[2024-09-16 00:06:50,348] {taskinstance.py:1358} INFO - 
--------------------------------------------------------------------------------
[2024-09-16 00:06:50,395] {taskinstance.py:1377} INFO - Executing <Task(_PythonDecoratedOperator): BRONZE_CRIPTO_AVAX> on 2024-06-14 00:00:00+00:00
[2024-09-16 00:06:50,404] {standard_task_runner.py:52} INFO - Started process 36181 to run task
[2024-09-16 00:06:50,436] {standard_task_runner.py:79} INFO - Running: ['airflow', 'tasks', 'run', 'BRONZER_GET_CRIPTOS', 'BRONZE_CRIPTO_AVAX', 'scheduled__2024-06-14T00:00:00+00:00', '--job-id', '1051', '--raw', '--subdir', 'DAGS_FOLDER/get_cripto.py', '--cfg-path', '/tmp/tmp9mbjnys3', '--error-file', '/tmp/tmpp2eu9xr_']
[2024-09-16 00:06:50,438] {standard_task_runner.py:80} INFO - Job 1051: Subtask BRONZE_CRIPTO_AVAX
[2024-09-16 00:06:50,807] {task_command.py:370} INFO - Running <TaskInstance: BRONZER_GET_CRIPTOS.BRONZE_CRIPTO_AVAX scheduled__2024-06-14T00:00:00+00:00 [running]> on host kaiwang.
[2024-09-16 00:06:51,188] {taskinstance.py:1569} INFO - Exporting the following env vars:
AIRFLOW_CTX_DAG_OWNER=airflow
AIRFLOW_CTX_DAG_ID=BRONZER_GET_CRIPTOS
AIRFLOW_CTX_TASK_ID=BRONZE_CRIPTO_AVAX
AIRFLOW_CTX_EXECUTION_DATE=2024-06-14T00:00:00+00:00
AIRFLOW_CTX_TRY_NUMBER=1
AIRFLOW_CTX_DAG_RUN_ID=scheduled__2024-06-14T00:00:00+00:00
[2024-09-16 00:06:54,818] {history.py:122} ERROR - $AVAX: possibly delisted; no timezone found
[2024-09-16 00:06:54,822] {python.py:173} INFO - Done. Returned value was: None
[2024-09-16 00:06:55,207] {taskinstance.py:1395} INFO - Marking task as SUCCESS. dag_id=BRONZER_GET_CRIPTOS, task_id=BRONZE_CRIPTO_AVAX, execution_date=20240614T000000, start_date=20240916T030650, end_date=20240916T030655
[2024-09-16 00:06:55,301] {local_task_job.py:156} INFO - Task exited with return code 0
[2024-09-16 00:06:55,678] {local_task_job.py:273} INFO - 0 downstream tasks scheduled from follow-on schedule check
