[2024-09-16 00:06:51,233] {taskinstance.py:1159} INFO - Dependencies all met for <TaskInstance: BRONZER_GET_CRIPTOS.BRONZE_CRIPTO_BTC scheduled__2024-06-18T00:00:00+00:00 [queued]>
[2024-09-16 00:06:51,272] {taskinstance.py:1159} INFO - Dependencies all met for <TaskInstance: BRONZER_GET_CRIPTOS.BRONZE_CRIPTO_BTC scheduled__2024-06-18T00:00:00+00:00 [queued]>
[2024-09-16 00:06:51,272] {taskinstance.py:1356} INFO - 
--------------------------------------------------------------------------------
[2024-09-16 00:06:51,272] {taskinstance.py:1357} INFO - Starting attempt 1 of 1
[2024-09-16 00:06:51,272] {taskinstance.py:1358} INFO - 
--------------------------------------------------------------------------------
[2024-09-16 00:06:51,322] {taskinstance.py:1377} INFO - Executing <Task(_PythonDecoratedOperator): BRONZE_CRIPTO_BTC> on 2024-06-18 00:00:00+00:00
[2024-09-16 00:06:51,328] {standard_task_runner.py:52} INFO - Started process 36269 to run task
[2024-09-16 00:06:51,368] {standard_task_runner.py:79} INFO - Running: ['airflow', 'tasks', 'run', 'BRONZER_GET_CRIPTOS', 'BRONZE_CRIPTO_BTC', 'scheduled__2024-06-18T00:00:00+00:00', '--job-id', '1062', '--raw', '--subdir', 'DAGS_FOLDER/get_cripto.py', '--cfg-path', '/tmp/tmprfou2gq2', '--error-file', '/tmp/tmp13bqzina']
[2024-09-16 00:06:51,369] {standard_task_runner.py:80} INFO - Job 1062: Subtask BRONZE_CRIPTO_BTC
[2024-09-16 00:06:51,623] {task_command.py:370} INFO - Running <TaskInstance: BRONZER_GET_CRIPTOS.BRONZE_CRIPTO_BTC scheduled__2024-06-18T00:00:00+00:00 [running]> on host kaiwang.
[2024-09-16 00:06:51,893] {taskinstance.py:1569} INFO - Exporting the following env vars:
AIRFLOW_CTX_DAG_OWNER=airflow
AIRFLOW_CTX_DAG_ID=BRONZER_GET_CRIPTOS
AIRFLOW_CTX_TASK_ID=BRONZE_CRIPTO_BTC
AIRFLOW_CTX_EXECUTION_DATE=2024-06-18T00:00:00+00:00
AIRFLOW_CTX_TRY_NUMBER=1
AIRFLOW_CTX_DAG_RUN_ID=scheduled__2024-06-18T00:00:00+00:00
[2024-09-16 00:06:54,562] {history.py:244} ERROR - $BTC: possibly delisted; no price data found  (1h 2024-06-15 -> 2024-06-18) (Yahoo error = "Data doesn't exist for startDate = 1718424000, endDate = 1718683200")
[2024-09-16 00:06:54,566] {python.py:173} INFO - Done. Returned value was: None
[2024-09-16 00:06:54,625] {taskinstance.py:1395} INFO - Marking task as SUCCESS. dag_id=BRONZER_GET_CRIPTOS, task_id=BRONZE_CRIPTO_BTC, execution_date=20240618T000000, start_date=20240916T030651, end_date=20240916T030654
[2024-09-16 00:06:54,678] {local_task_job.py:156} INFO - Task exited with return code 0
[2024-09-16 00:06:54,844] {local_task_job.py:273} INFO - 0 downstream tasks scheduled from follow-on schedule check
