[2024-09-16 00:07:48,127] {taskinstance.py:1159} INFO - Dependencies all met for <TaskInstance: BRONZER_GET_CRIPTOS.BRONZE_CRIPTO_AVAX scheduled__2024-08-01T00:00:00+00:00 [queued]>
[2024-09-16 00:07:48,160] {taskinstance.py:1159} INFO - Dependencies all met for <TaskInstance: BRONZER_GET_CRIPTOS.BRONZE_CRIPTO_AVAX scheduled__2024-08-01T00:00:00+00:00 [queued]>
[2024-09-16 00:07:48,161] {taskinstance.py:1356} INFO - 
--------------------------------------------------------------------------------
[2024-09-16 00:07:48,161] {taskinstance.py:1357} INFO - Starting attempt 1 of 1
[2024-09-16 00:07:48,161] {taskinstance.py:1358} INFO - 
--------------------------------------------------------------------------------
[2024-09-16 00:07:48,183] {taskinstance.py:1377} INFO - Executing <Task(_PythonDecoratedOperator): BRONZE_CRIPTO_AVAX> on 2024-08-01 00:00:00+00:00
[2024-09-16 00:07:48,194] {standard_task_runner.py:52} INFO - Started process 40933 to run task
[2024-09-16 00:07:48,206] {standard_task_runner.py:79} INFO - Running: ['airflow', 'tasks', 'run', 'BRONZER_GET_CRIPTOS', 'BRONZE_CRIPTO_AVAX', 'scheduled__2024-08-01T00:00:00+00:00', '--job-id', '1333', '--raw', '--subdir', 'DAGS_FOLDER/get_cripto.py', '--cfg-path', '/tmp/tmpdn9h46oq', '--error-file', '/tmp/tmpvf5pf0k2']
[2024-09-16 00:07:48,207] {standard_task_runner.py:80} INFO - Job 1333: Subtask BRONZE_CRIPTO_AVAX
[2024-09-16 00:07:48,405] {task_command.py:370} INFO - Running <TaskInstance: BRONZER_GET_CRIPTOS.BRONZE_CRIPTO_AVAX scheduled__2024-08-01T00:00:00+00:00 [running]> on host kaiwang.
[2024-09-16 00:07:48,710] {taskinstance.py:1569} INFO - Exporting the following env vars:
AIRFLOW_CTX_DAG_OWNER=airflow
AIRFLOW_CTX_DAG_ID=BRONZER_GET_CRIPTOS
AIRFLOW_CTX_TASK_ID=BRONZE_CRIPTO_AVAX
AIRFLOW_CTX_EXECUTION_DATE=2024-08-01T00:00:00+00:00
AIRFLOW_CTX_TRY_NUMBER=1
AIRFLOW_CTX_DAG_RUN_ID=scheduled__2024-08-01T00:00:00+00:00
[2024-09-16 00:07:51,819] {history.py:122} ERROR - $AVAX: possibly delisted; no timezone found
[2024-09-16 00:07:51,833] {python.py:173} INFO - Done. Returned value was: None
[2024-09-16 00:07:52,028] {taskinstance.py:1395} INFO - Marking task as SUCCESS. dag_id=BRONZER_GET_CRIPTOS, task_id=BRONZE_CRIPTO_AVAX, execution_date=20240801T000000, start_date=20240916T030748, end_date=20240916T030752
[2024-09-16 00:07:52,107] {local_task_job.py:156} INFO - Task exited with return code 0
[2024-09-16 00:07:52,368] {local_task_job.py:273} INFO - 0 downstream tasks scheduled from follow-on schedule check
[2024-09-16 00:16:28,105] {taskinstance.py:1159} INFO - Dependencies all met for <TaskInstance: BRONZER_GET_CRIPTOS.BRONZE_CRIPTO_AVAX scheduled__2024-08-01T00:00:00+00:00 [queued]>
[2024-09-16 00:16:28,162] {taskinstance.py:1159} INFO - Dependencies all met for <TaskInstance: BRONZER_GET_CRIPTOS.BRONZE_CRIPTO_AVAX scheduled__2024-08-01T00:00:00+00:00 [queued]>
[2024-09-16 00:16:28,162] {taskinstance.py:1356} INFO - 
--------------------------------------------------------------------------------
[2024-09-16 00:16:28,162] {taskinstance.py:1357} INFO - Starting attempt 1 of 1
[2024-09-16 00:16:28,162] {taskinstance.py:1358} INFO - 
--------------------------------------------------------------------------------
[2024-09-16 00:16:28,255] {taskinstance.py:1377} INFO - Executing <Task(_PythonDecoratedOperator): BRONZE_CRIPTO_AVAX> on 2024-08-01 00:00:00+00:00
[2024-09-16 00:16:28,261] {standard_task_runner.py:52} INFO - Started process 59739 to run task
[2024-09-16 00:16:28,281] {standard_task_runner.py:79} INFO - Running: ['airflow', 'tasks', 'run', 'BRONZER_GET_CRIPTOS', 'BRONZE_CRIPTO_AVAX', 'scheduled__2024-08-01T00:00:00+00:00', '--job-id', '2407', '--raw', '--subdir', 'DAGS_FOLDER/get_cripto.py', '--cfg-path', '/tmp/tmpmihf7iha', '--error-file', '/tmp/tmpfl8zypvc']
[2024-09-16 00:16:28,282] {standard_task_runner.py:80} INFO - Job 2407: Subtask BRONZE_CRIPTO_AVAX
[2024-09-16 00:16:28,451] {task_command.py:370} INFO - Running <TaskInstance: BRONZER_GET_CRIPTOS.BRONZE_CRIPTO_AVAX scheduled__2024-08-01T00:00:00+00:00 [running]> on host kaiwang.
[2024-09-16 00:16:28,592] {taskinstance.py:1569} INFO - Exporting the following env vars:
AIRFLOW_CTX_DAG_OWNER=airflow
AIRFLOW_CTX_DAG_ID=BRONZER_GET_CRIPTOS
AIRFLOW_CTX_TASK_ID=BRONZE_CRIPTO_AVAX
AIRFLOW_CTX_EXECUTION_DATE=2024-08-01T00:00:00+00:00
AIRFLOW_CTX_TRY_NUMBER=1
AIRFLOW_CTX_DAG_RUN_ID=scheduled__2024-08-01T00:00:00+00:00
[2024-09-16 00:16:31,507] {history.py:122} ERROR - $AVAX: possibly delisted; no timezone found
[2024-09-16 00:16:31,534] {python.py:173} INFO - Done. Returned value was: None
[2024-09-16 00:16:31,607] {taskinstance.py:1395} INFO - Marking task as SUCCESS. dag_id=BRONZER_GET_CRIPTOS, task_id=BRONZE_CRIPTO_AVAX, execution_date=20240801T000000, start_date=20240916T031628, end_date=20240916T031631
[2024-09-16 00:16:31,710] {local_task_job.py:156} INFO - Task exited with return code 0
[2024-09-16 00:16:31,824] {local_task_job.py:273} INFO - 0 downstream tasks scheduled from follow-on schedule check
[2024-09-16 00:16:31,930] {dagrun.py:562} INFO - Marking run <DagRun BRONZER_GET_CRIPTOS @ 2024-08-01 00:00:00+00:00: scheduled__2024-08-01T00:00:00+00:00, externally triggered: False> successful
[2024-09-16 00:16:31,930] {dagrun.py:607} INFO - DagRun Finished: dag_id=BRONZER_GET_CRIPTOS, execution_date=2024-08-01 00:00:00+00:00, run_id=scheduled__2024-08-01T00:00:00+00:00, run_start_date=2024-09-16 03:16:22.719772+00:00, run_end_date=2024-09-16 03:16:31.930609+00:00, run_duration=9.210837, state=success, external_trigger=False, run_type=scheduled, data_interval_start=2024-08-01 00:00:00+00:00, data_interval_end=2024-08-02 00:00:00+00:00, dag_hash=ed841937b8f00acd13159d137f4e87e2
[2024-09-16 13:52:12,977] {taskinstance.py:1159} INFO - Dependencies all met for <TaskInstance: BRONZER_GET_CRIPTOS.BRONZE_CRIPTO_AVAX scheduled__2024-08-01T00:00:00+00:00 [queued]>
[2024-09-16 13:52:12,985] {taskinstance.py:1159} INFO - Dependencies all met for <TaskInstance: BRONZER_GET_CRIPTOS.BRONZE_CRIPTO_AVAX scheduled__2024-08-01T00:00:00+00:00 [queued]>
[2024-09-16 13:52:12,985] {taskinstance.py:1356} INFO - 
--------------------------------------------------------------------------------
[2024-09-16 13:52:12,985] {taskinstance.py:1357} INFO - Starting attempt 1 of 1
[2024-09-16 13:52:12,985] {taskinstance.py:1358} INFO - 
--------------------------------------------------------------------------------
[2024-09-16 13:52:12,994] {taskinstance.py:1377} INFO - Executing <Task(_PythonDecoratedOperator): BRONZE_CRIPTO_AVAX> on 2024-08-01 00:00:00+00:00
[2024-09-16 13:52:13,003] {standard_task_runner.py:52} INFO - Started process 134766 to run task
[2024-09-16 13:52:13,011] {standard_task_runner.py:79} INFO - Running: ['airflow', 'tasks', 'run', 'BRONZER_GET_CRIPTOS', 'BRONZE_CRIPTO_AVAX', 'scheduled__2024-08-01T00:00:00+00:00', '--job-id', '2430', '--raw', '--subdir', 'DAGS_FOLDER/get_cripto.py', '--cfg-path', '/tmp/tmpoqtwargq', '--error-file', '/tmp/tmpzvutoi6w']
[2024-09-16 13:52:13,013] {standard_task_runner.py:80} INFO - Job 2430: Subtask BRONZE_CRIPTO_AVAX
[2024-09-16 13:52:13,088] {task_command.py:370} INFO - Running <TaskInstance: BRONZER_GET_CRIPTOS.BRONZE_CRIPTO_AVAX scheduled__2024-08-01T00:00:00+00:00 [running]> on host kaiwang.
[2024-09-16 13:52:13,299] {taskinstance.py:1569} INFO - Exporting the following env vars:
AIRFLOW_CTX_DAG_OWNER=airflow
AIRFLOW_CTX_DAG_ID=BRONZER_GET_CRIPTOS
AIRFLOW_CTX_TASK_ID=BRONZE_CRIPTO_AVAX
AIRFLOW_CTX_EXECUTION_DATE=2024-08-01T00:00:00+00:00
AIRFLOW_CTX_TRY_NUMBER=1
AIRFLOW_CTX_DAG_RUN_ID=scheduled__2024-08-01T00:00:00+00:00
[2024-09-16 13:52:16,630] {history.py:122} ERROR - $AVAX: possibly delisted; no timezone found
[2024-09-16 13:52:16,632] {python.py:173} INFO - Done. Returned value was: None
[2024-09-16 13:52:16,645] {taskinstance.py:1395} INFO - Marking task as SUCCESS. dag_id=BRONZER_GET_CRIPTOS, task_id=BRONZE_CRIPTO_AVAX, execution_date=20240801T000000, start_date=20240916T165212, end_date=20240916T165216
[2024-09-16 13:52:16,687] {local_task_job.py:156} INFO - Task exited with return code 0
[2024-09-16 13:52:16,742] {local_task_job.py:273} INFO - 0 downstream tasks scheduled from follow-on schedule check
[2024-09-16 13:55:42,406] {taskinstance.py:1159} INFO - Dependencies all met for <TaskInstance: BRONZER_GET_CRIPTOS.BRONZE_CRIPTO_AVAX scheduled__2024-08-01T00:00:00+00:00 [queued]>
[2024-09-16 13:55:42,425] {taskinstance.py:1159} INFO - Dependencies all met for <TaskInstance: BRONZER_GET_CRIPTOS.BRONZE_CRIPTO_AVAX scheduled__2024-08-01T00:00:00+00:00 [queued]>
[2024-09-16 13:55:42,425] {taskinstance.py:1356} INFO - 
--------------------------------------------------------------------------------
[2024-09-16 13:55:42,425] {taskinstance.py:1357} INFO - Starting attempt 1 of 1
[2024-09-16 13:55:42,425] {taskinstance.py:1358} INFO - 
--------------------------------------------------------------------------------
[2024-09-16 13:55:42,456] {taskinstance.py:1377} INFO - Executing <Task(_PythonDecoratedOperator): BRONZE_CRIPTO_AVAX> on 2024-08-01 00:00:00+00:00
[2024-09-16 13:55:42,466] {standard_task_runner.py:52} INFO - Started process 135879 to run task
[2024-09-16 13:55:42,477] {standard_task_runner.py:79} INFO - Running: ['airflow', 'tasks', 'run', 'BRONZER_GET_CRIPTOS', 'BRONZE_CRIPTO_AVAX', 'scheduled__2024-08-01T00:00:00+00:00', '--job-id', '2438', '--raw', '--subdir', 'DAGS_FOLDER/get_cripto.py', '--cfg-path', '/tmp/tmpqnbpa92c', '--error-file', '/tmp/tmpuca7pemy']
[2024-09-16 13:55:42,478] {standard_task_runner.py:80} INFO - Job 2438: Subtask BRONZE_CRIPTO_AVAX
[2024-09-16 13:55:42,607] {task_command.py:370} INFO - Running <TaskInstance: BRONZER_GET_CRIPTOS.BRONZE_CRIPTO_AVAX scheduled__2024-08-01T00:00:00+00:00 [running]> on host kaiwang.
[2024-09-16 13:55:43,195] {taskinstance.py:1569} INFO - Exporting the following env vars:
AIRFLOW_CTX_DAG_OWNER=airflow
AIRFLOW_CTX_DAG_ID=BRONZER_GET_CRIPTOS
AIRFLOW_CTX_TASK_ID=BRONZE_CRIPTO_AVAX
AIRFLOW_CTX_EXECUTION_DATE=2024-08-01T00:00:00+00:00
AIRFLOW_CTX_TRY_NUMBER=1
AIRFLOW_CTX_DAG_RUN_ID=scheduled__2024-08-01T00:00:00+00:00
[2024-09-16 13:55:46,425] {history.py:122} ERROR - $AVAX: possibly delisted; no timezone found
[2024-09-16 13:55:46,429] {python.py:173} INFO - Done. Returned value was: None
[2024-09-16 13:55:46,483] {taskinstance.py:1395} INFO - Marking task as SUCCESS. dag_id=BRONZER_GET_CRIPTOS, task_id=BRONZE_CRIPTO_AVAX, execution_date=20240801T000000, start_date=20240916T165542, end_date=20240916T165546
[2024-09-16 13:55:46,544] {local_task_job.py:156} INFO - Task exited with return code 0
[2024-09-16 13:55:46,650] {local_task_job.py:273} INFO - 0 downstream tasks scheduled from follow-on schedule check
