[2024-09-16 00:07:06,142] {taskinstance.py:1159} INFO - Dependencies all met for <TaskInstance: BRONZER_GET_STONCKS.BRONZE_STONCKS_MSFT scheduled__2024-08-02T00:00:00+00:00 [queued]>
[2024-09-16 00:07:06,197] {taskinstance.py:1159} INFO - Dependencies all met for <TaskInstance: BRONZER_GET_STONCKS.BRONZE_STONCKS_MSFT scheduled__2024-08-02T00:00:00+00:00 [queued]>
[2024-09-16 00:07:06,197] {taskinstance.py:1356} INFO - 
--------------------------------------------------------------------------------
[2024-09-16 00:07:06,197] {taskinstance.py:1357} INFO - Starting attempt 1 of 1
[2024-09-16 00:07:06,197] {taskinstance.py:1358} INFO - 
--------------------------------------------------------------------------------
[2024-09-16 00:07:06,294] {taskinstance.py:1377} INFO - Executing <Task(_PythonDecoratedOperator): BRONZE_STONCKS_MSFT> on 2024-08-02 00:00:00+00:00
[2024-09-16 00:07:06,307] {standard_task_runner.py:52} INFO - Started process 37505 to run task
[2024-09-16 00:07:06,332] {standard_task_runner.py:79} INFO - Running: ['airflow', 'tasks', 'run', 'BRONZER_GET_STONCKS', 'BRONZE_STONCKS_MSFT', 'scheduled__2024-08-02T00:00:00+00:00', '--job-id', '1136', '--raw', '--subdir', 'DAGS_FOLDER/get_stocks.py', '--cfg-path', '/tmp/tmpg2uj0gaz', '--error-file', '/tmp/tmp3ajpe5sx']
[2024-09-16 00:07:06,334] {standard_task_runner.py:80} INFO - Job 1136: Subtask BRONZE_STONCKS_MSFT
[2024-09-16 00:07:06,561] {task_command.py:370} INFO - Running <TaskInstance: BRONZER_GET_STONCKS.BRONZE_STONCKS_MSFT scheduled__2024-08-02T00:00:00+00:00 [running]> on host kaiwang.
[2024-09-16 00:07:06,791] {taskinstance.py:1569} INFO - Exporting the following env vars:
AIRFLOW_CTX_DAG_OWNER=airflow
AIRFLOW_CTX_DAG_ID=BRONZER_GET_STONCKS
AIRFLOW_CTX_TASK_ID=BRONZE_STONCKS_MSFT
AIRFLOW_CTX_EXECUTION_DATE=2024-08-02T00:00:00+00:00
AIRFLOW_CTX_TRY_NUMBER=1
AIRFLOW_CTX_DAG_RUN_ID=scheduled__2024-08-02T00:00:00+00:00
[2024-09-16 00:07:07,393] {python.py:173} INFO - Done. Returned value was: None
[2024-09-16 00:07:07,419] {taskinstance.py:1395} INFO - Marking task as SUCCESS. dag_id=BRONZER_GET_STONCKS, task_id=BRONZE_STONCKS_MSFT, execution_date=20240802T000000, start_date=20240916T030706, end_date=20240916T030707
[2024-09-16 00:07:07,484] {local_task_job.py:156} INFO - Task exited with return code 0
[2024-09-16 00:07:07,554] {local_task_job.py:273} INFO - 0 downstream tasks scheduled from follow-on schedule check
[2024-09-16 13:55:44,689] {taskinstance.py:1159} INFO - Dependencies all met for <TaskInstance: BRONZER_GET_STONCKS.BRONZE_STONCKS_MSFT scheduled__2024-08-02T00:00:00+00:00 [queued]>
[2024-09-16 13:55:44,734] {taskinstance.py:1159} INFO - Dependencies all met for <TaskInstance: BRONZER_GET_STONCKS.BRONZE_STONCKS_MSFT scheduled__2024-08-02T00:00:00+00:00 [queued]>
[2024-09-16 13:55:44,734] {taskinstance.py:1356} INFO - 
--------------------------------------------------------------------------------
[2024-09-16 13:55:44,734] {taskinstance.py:1357} INFO - Starting attempt 1 of 1
[2024-09-16 13:55:44,735] {taskinstance.py:1358} INFO - 
--------------------------------------------------------------------------------
[2024-09-16 13:55:44,800] {taskinstance.py:1377} INFO - Executing <Task(_PythonDecoratedOperator): BRONZE_STONCKS_MSFT> on 2024-08-02 00:00:00+00:00
[2024-09-16 13:55:44,825] {standard_task_runner.py:79} INFO - Running: ['airflow', 'tasks', 'run', 'BRONZER_GET_STONCKS', 'BRONZE_STONCKS_MSFT', 'scheduled__2024-08-02T00:00:00+00:00', '--job-id', '2449', '--raw', '--subdir', 'DAGS_FOLDER/get_stocks.py', '--cfg-path', '/tmp/tmpv996jl9c', '--error-file', '/tmp/tmpeke6msbv']
[2024-09-16 13:55:44,827] {standard_task_runner.py:80} INFO - Job 2449: Subtask BRONZE_STONCKS_MSFT
[2024-09-16 13:55:44,810] {standard_task_runner.py:52} INFO - Started process 136093 to run task
[2024-09-16 13:55:45,105] {task_command.py:370} INFO - Running <TaskInstance: BRONZER_GET_STONCKS.BRONZE_STONCKS_MSFT scheduled__2024-08-02T00:00:00+00:00 [running]> on host kaiwang.
[2024-09-16 13:55:45,647] {taskinstance.py:1569} INFO - Exporting the following env vars:
AIRFLOW_CTX_DAG_OWNER=airflow
AIRFLOW_CTX_DAG_ID=BRONZER_GET_STONCKS
AIRFLOW_CTX_TASK_ID=BRONZE_STONCKS_MSFT
AIRFLOW_CTX_EXECUTION_DATE=2024-08-02T00:00:00+00:00
AIRFLOW_CTX_TRY_NUMBER=1
AIRFLOW_CTX_DAG_RUN_ID=scheduled__2024-08-02T00:00:00+00:00
[2024-09-16 13:55:46,259] {python.py:173} INFO - Done. Returned value was: None
[2024-09-16 13:55:46,328] {taskinstance.py:1395} INFO - Marking task as SUCCESS. dag_id=BRONZER_GET_STONCKS, task_id=BRONZE_STONCKS_MSFT, execution_date=20240802T000000, start_date=20240916T165544, end_date=20240916T165546
[2024-09-16 13:55:46,399] {local_task_job.py:156} INFO - Task exited with return code 0
[2024-09-16 13:55:46,521] {local_task_job.py:273} INFO - 0 downstream tasks scheduled from follow-on schedule check
