[2024-09-16 00:03:02,228] {taskinstance.py:1159} INFO - Dependencies all met for <TaskInstance: BRONZER_GET_STONCKS.BRONZE_STONCKS_TSLA scheduled__2024-01-04T00:00:00+00:00 [queued]>
[2024-09-16 00:03:02,288] {taskinstance.py:1159} INFO - Dependencies all met for <TaskInstance: BRONZER_GET_STONCKS.BRONZE_STONCKS_TSLA scheduled__2024-01-04T00:00:00+00:00 [queued]>
[2024-09-16 00:03:02,288] {taskinstance.py:1356} INFO - 
--------------------------------------------------------------------------------
[2024-09-16 00:03:02,288] {taskinstance.py:1357} INFO - Starting attempt 1 of 1
[2024-09-16 00:03:02,288] {taskinstance.py:1358} INFO - 
--------------------------------------------------------------------------------
[2024-09-16 00:03:02,328] {taskinstance.py:1377} INFO - Executing <Task(_PythonDecoratedOperator): BRONZE_STONCKS_TSLA> on 2024-01-04 00:00:00+00:00
[2024-09-16 00:03:02,333] {standard_task_runner.py:52} INFO - Started process 18488 to run task
[2024-09-16 00:03:02,340] {standard_task_runner.py:79} INFO - Running: ['airflow', 'tasks', 'run', 'BRONZER_GET_STONCKS', 'BRONZE_STONCKS_TSLA', 'scheduled__2024-01-04T00:00:00+00:00', '--job-id', '32', '--raw', '--subdir', 'DAGS_FOLDER/get_stocks.py', '--cfg-path', '/tmp/tmp3f03gg44', '--error-file', '/tmp/tmpx7fj_vrg']
[2024-09-16 00:03:02,341] {standard_task_runner.py:80} INFO - Job 32: Subtask BRONZE_STONCKS_TSLA
[2024-09-16 00:03:02,621] {task_command.py:370} INFO - Running <TaskInstance: BRONZER_GET_STONCKS.BRONZE_STONCKS_TSLA scheduled__2024-01-04T00:00:00+00:00 [running]> on host kaiwang.
[2024-09-16 00:03:02,926] {taskinstance.py:1569} INFO - Exporting the following env vars:
AIRFLOW_CTX_DAG_OWNER=airflow
AIRFLOW_CTX_DAG_ID=BRONZER_GET_STONCKS
AIRFLOW_CTX_TASK_ID=BRONZE_STONCKS_TSLA
AIRFLOW_CTX_EXECUTION_DATE=2024-01-04T00:00:00+00:00
AIRFLOW_CTX_TRY_NUMBER=1
AIRFLOW_CTX_DAG_RUN_ID=scheduled__2024-01-04T00:00:00+00:00
[2024-09-16 00:03:03,538] {python.py:173} INFO - Done. Returned value was: None
[2024-09-16 00:03:03,684] {taskinstance.py:1395} INFO - Marking task as SUCCESS. dag_id=BRONZER_GET_STONCKS, task_id=BRONZE_STONCKS_TSLA, execution_date=20240104T000000, start_date=20240916T030302, end_date=20240916T030303
[2024-09-16 00:03:03,778] {local_task_job.py:156} INFO - Task exited with return code 0
[2024-09-16 00:03:04,077] {local_task_job.py:273} INFO - 0 downstream tasks scheduled from follow-on schedule check
[2024-09-16 00:12:44,997] {taskinstance.py:1159} INFO - Dependencies all met for <TaskInstance: BRONZER_GET_STONCKS.BRONZE_STONCKS_TSLA scheduled__2024-01-04T00:00:00+00:00 [queued]>
[2024-09-16 00:12:45,021] {taskinstance.py:1159} INFO - Dependencies all met for <TaskInstance: BRONZER_GET_STONCKS.BRONZE_STONCKS_TSLA scheduled__2024-01-04T00:00:00+00:00 [queued]>
[2024-09-16 00:12:45,021] {taskinstance.py:1356} INFO - 
--------------------------------------------------------------------------------
[2024-09-16 00:12:45,021] {taskinstance.py:1357} INFO - Starting attempt 1 of 1
[2024-09-16 00:12:45,021] {taskinstance.py:1358} INFO - 
--------------------------------------------------------------------------------
[2024-09-16 00:12:45,056] {taskinstance.py:1377} INFO - Executing <Task(_PythonDecoratedOperator): BRONZE_STONCKS_TSLA> on 2024-01-04 00:00:00+00:00
[2024-09-16 00:12:45,060] {standard_task_runner.py:52} INFO - Started process 43924 to run task
[2024-09-16 00:12:45,074] {standard_task_runner.py:79} INFO - Running: ['airflow', 'tasks', 'run', 'BRONZER_GET_STONCKS', 'BRONZE_STONCKS_TSLA', 'scheduled__2024-01-04T00:00:00+00:00', '--job-id', '1500', '--raw', '--subdir', 'DAGS_FOLDER/get_stocks.py', '--cfg-path', '/tmp/tmphtjhzah3', '--error-file', '/tmp/tmpj9lcc9n2']
[2024-09-16 00:12:45,075] {standard_task_runner.py:80} INFO - Job 1500: Subtask BRONZE_STONCKS_TSLA
[2024-09-16 00:12:45,280] {task_command.py:370} INFO - Running <TaskInstance: BRONZER_GET_STONCKS.BRONZE_STONCKS_TSLA scheduled__2024-01-04T00:00:00+00:00 [running]> on host kaiwang.
[2024-09-16 00:12:45,574] {taskinstance.py:1569} INFO - Exporting the following env vars:
AIRFLOW_CTX_DAG_OWNER=airflow
AIRFLOW_CTX_DAG_ID=BRONZER_GET_STONCKS
AIRFLOW_CTX_TASK_ID=BRONZE_STONCKS_TSLA
AIRFLOW_CTX_EXECUTION_DATE=2024-01-04T00:00:00+00:00
AIRFLOW_CTX_TRY_NUMBER=1
AIRFLOW_CTX_DAG_RUN_ID=scheduled__2024-01-04T00:00:00+00:00
[2024-09-16 00:12:46,374] {python.py:173} INFO - Done. Returned value was: None
[2024-09-16 00:12:46,397] {taskinstance.py:1395} INFO - Marking task as SUCCESS. dag_id=BRONZER_GET_STONCKS, task_id=BRONZE_STONCKS_TSLA, execution_date=20240104T000000, start_date=20240916T031244, end_date=20240916T031246
[2024-09-16 00:12:46,419] {local_task_job.py:156} INFO - Task exited with return code 0
[2024-09-16 00:12:46,472] {local_task_job.py:273} INFO - 0 downstream tasks scheduled from follow-on schedule check
[2024-09-16 00:14:20,625] {taskinstance.py:1159} INFO - Dependencies all met for <TaskInstance: BRONZER_GET_STONCKS.BRONZE_STONCKS_TSLA scheduled__2024-01-04T00:00:00+00:00 [queued]>
[2024-09-16 00:14:20,678] {taskinstance.py:1159} INFO - Dependencies all met for <TaskInstance: BRONZER_GET_STONCKS.BRONZE_STONCKS_TSLA scheduled__2024-01-04T00:00:00+00:00 [queued]>
[2024-09-16 00:14:20,678] {taskinstance.py:1356} INFO - 
--------------------------------------------------------------------------------
[2024-09-16 00:14:20,678] {taskinstance.py:1357} INFO - Starting attempt 1 of 1
[2024-09-16 00:14:20,678] {taskinstance.py:1358} INFO - 
--------------------------------------------------------------------------------
[2024-09-16 00:14:20,720] {taskinstance.py:1377} INFO - Executing <Task(_PythonDecoratedOperator): BRONZE_STONCKS_TSLA> on 2024-01-04 00:00:00+00:00
[2024-09-16 00:14:20,750] {standard_task_runner.py:52} INFO - Started process 49402 to run task
[2024-09-16 00:14:20,777] {standard_task_runner.py:79} INFO - Running: ['airflow', 'tasks', 'run', 'BRONZER_GET_STONCKS', 'BRONZE_STONCKS_TSLA', 'scheduled__2024-01-04T00:00:00+00:00', '--job-id', '1812', '--raw', '--subdir', 'DAGS_FOLDER/get_stocks.py', '--cfg-path', '/tmp/tmp84oihiaj', '--error-file', '/tmp/tmpbymeuomj']
[2024-09-16 00:14:20,778] {standard_task_runner.py:80} INFO - Job 1812: Subtask BRONZE_STONCKS_TSLA
[2024-09-16 00:14:20,993] {task_command.py:370} INFO - Running <TaskInstance: BRONZER_GET_STONCKS.BRONZE_STONCKS_TSLA scheduled__2024-01-04T00:00:00+00:00 [running]> on host kaiwang.
[2024-09-16 00:14:21,222] {taskinstance.py:1569} INFO - Exporting the following env vars:
AIRFLOW_CTX_DAG_OWNER=airflow
AIRFLOW_CTX_DAG_ID=BRONZER_GET_STONCKS
AIRFLOW_CTX_TASK_ID=BRONZE_STONCKS_TSLA
AIRFLOW_CTX_EXECUTION_DATE=2024-01-04T00:00:00+00:00
AIRFLOW_CTX_TRY_NUMBER=1
AIRFLOW_CTX_DAG_RUN_ID=scheduled__2024-01-04T00:00:00+00:00
[2024-09-16 00:14:21,873] {python.py:173} INFO - Done. Returned value was: None
[2024-09-16 00:14:21,903] {taskinstance.py:1395} INFO - Marking task as SUCCESS. dag_id=BRONZER_GET_STONCKS, task_id=BRONZE_STONCKS_TSLA, execution_date=20240104T000000, start_date=20240916T031420, end_date=20240916T031421
[2024-09-16 00:14:21,955] {local_task_job.py:156} INFO - Task exited with return code 0
[2024-09-16 00:14:22,033] {local_task_job.py:273} INFO - 0 downstream tasks scheduled from follow-on schedule check
