[2024-09-16 00:04:49,773] {taskinstance.py:1159} INFO - Dependencies all met for <TaskInstance: BRONZER_GET_CRIPTOS.BRONZE_CRIPTO_DOGE scheduled__2024-03-21T00:00:00+00:00 [queued]>
[2024-09-16 00:04:49,811] {taskinstance.py:1159} INFO - Dependencies all met for <TaskInstance: BRONZER_GET_CRIPTOS.BRONZE_CRIPTO_DOGE scheduled__2024-03-21T00:00:00+00:00 [queued]>
[2024-09-16 00:04:49,811] {taskinstance.py:1356} INFO - 
--------------------------------------------------------------------------------
[2024-09-16 00:04:49,811] {taskinstance.py:1357} INFO - Starting attempt 1 of 1
[2024-09-16 00:04:49,811] {taskinstance.py:1358} INFO - 
--------------------------------------------------------------------------------
[2024-09-16 00:04:49,887] {taskinstance.py:1377} INFO - Executing <Task(_PythonDecoratedOperator): BRONZE_CRIPTO_DOGE> on 2024-03-21 00:00:00+00:00
[2024-09-16 00:04:49,915] {standard_task_runner.py:52} INFO - Started process 26430 to run task
[2024-09-16 00:04:49,945] {standard_task_runner.py:79} INFO - Running: ['airflow', 'tasks', 'run', 'BRONZER_GET_CRIPTOS', 'BRONZE_CRIPTO_DOGE', 'scheduled__2024-03-21T00:00:00+00:00', '--job-id', '488', '--raw', '--subdir', 'DAGS_FOLDER/get_cripto.py', '--cfg-path', '/tmp/tmpavkwfrcd', '--error-file', '/tmp/tmpmfw_kkh_']
[2024-09-16 00:04:49,953] {standard_task_runner.py:80} INFO - Job 488: Subtask BRONZE_CRIPTO_DOGE
[2024-09-16 00:04:50,276] {task_command.py:370} INFO - Running <TaskInstance: BRONZER_GET_CRIPTOS.BRONZE_CRIPTO_DOGE scheduled__2024-03-21T00:00:00+00:00 [running]> on host kaiwang.
[2024-09-16 00:04:50,629] {taskinstance.py:1569} INFO - Exporting the following env vars:
AIRFLOW_CTX_DAG_OWNER=airflow
AIRFLOW_CTX_DAG_ID=BRONZER_GET_CRIPTOS
AIRFLOW_CTX_TASK_ID=BRONZE_CRIPTO_DOGE
AIRFLOW_CTX_EXECUTION_DATE=2024-03-21T00:00:00+00:00
AIRFLOW_CTX_TRY_NUMBER=1
AIRFLOW_CTX_DAG_RUN_ID=scheduled__2024-03-21T00:00:00+00:00
[2024-09-16 00:04:53,366] {history.py:122} ERROR - $DOGE: possibly delisted; no timezone found
[2024-09-16 00:04:53,375] {python.py:173} INFO - Done. Returned value was: None
[2024-09-16 00:04:53,582] {taskinstance.py:1395} INFO - Marking task as SUCCESS. dag_id=BRONZER_GET_CRIPTOS, task_id=BRONZE_CRIPTO_DOGE, execution_date=20240321T000000, start_date=20240916T030449, end_date=20240916T030453
[2024-09-16 00:04:53,642] {local_task_job.py:156} INFO - Task exited with return code 0
[2024-09-16 00:04:53,831] {local_task_job.py:273} INFO - 0 downstream tasks scheduled from follow-on schedule check
[2024-09-16 00:16:02,287] {taskinstance.py:1159} INFO - Dependencies all met for <TaskInstance: BRONZER_GET_CRIPTOS.BRONZE_CRIPTO_DOGE scheduled__2024-03-21T00:00:00+00:00 [queued]>
[2024-09-16 00:16:02,332] {taskinstance.py:1159} INFO - Dependencies all met for <TaskInstance: BRONZER_GET_CRIPTOS.BRONZE_CRIPTO_DOGE scheduled__2024-03-21T00:00:00+00:00 [queued]>
[2024-09-16 00:16:02,332] {taskinstance.py:1356} INFO - 
--------------------------------------------------------------------------------
[2024-09-16 00:16:02,332] {taskinstance.py:1357} INFO - Starting attempt 1 of 1
[2024-09-16 00:16:02,333] {taskinstance.py:1358} INFO - 
--------------------------------------------------------------------------------
[2024-09-16 00:16:02,380] {taskinstance.py:1377} INFO - Executing <Task(_PythonDecoratedOperator): BRONZE_CRIPTO_DOGE> on 2024-03-21 00:00:00+00:00
[2024-09-16 00:16:02,395] {standard_task_runner.py:52} INFO - Started process 57648 to run task
[2024-09-16 00:16:02,410] {standard_task_runner.py:79} INFO - Running: ['airflow', 'tasks', 'run', 'BRONZER_GET_CRIPTOS', 'BRONZE_CRIPTO_DOGE', 'scheduled__2024-03-21T00:00:00+00:00', '--job-id', '2288', '--raw', '--subdir', 'DAGS_FOLDER/get_cripto.py', '--cfg-path', '/tmp/tmpgjkymeo8', '--error-file', '/tmp/tmpw6n_v2rr']
[2024-09-16 00:16:02,411] {standard_task_runner.py:80} INFO - Job 2288: Subtask BRONZE_CRIPTO_DOGE
[2024-09-16 00:16:02,681] {task_command.py:370} INFO - Running <TaskInstance: BRONZER_GET_CRIPTOS.BRONZE_CRIPTO_DOGE scheduled__2024-03-21T00:00:00+00:00 [running]> on host kaiwang.
[2024-09-16 00:16:02,944] {taskinstance.py:1569} INFO - Exporting the following env vars:
AIRFLOW_CTX_DAG_OWNER=airflow
AIRFLOW_CTX_DAG_ID=BRONZER_GET_CRIPTOS
AIRFLOW_CTX_TASK_ID=BRONZE_CRIPTO_DOGE
AIRFLOW_CTX_EXECUTION_DATE=2024-03-21T00:00:00+00:00
AIRFLOW_CTX_TRY_NUMBER=1
AIRFLOW_CTX_DAG_RUN_ID=scheduled__2024-03-21T00:00:00+00:00
[2024-09-16 00:16:06,603] {history.py:122} ERROR - $DOGE: possibly delisted; no timezone found
[2024-09-16 00:16:06,608] {python.py:173} INFO - Done. Returned value was: None
[2024-09-16 00:16:06,706] {taskinstance.py:1395} INFO - Marking task as SUCCESS. dag_id=BRONZER_GET_CRIPTOS, task_id=BRONZE_CRIPTO_DOGE, execution_date=20240321T000000, start_date=20240916T031602, end_date=20240916T031606
[2024-09-16 00:16:06,792] {local_task_job.py:156} INFO - Task exited with return code 0
[2024-09-16 00:16:07,139] {local_task_job.py:273} INFO - 0 downstream tasks scheduled from follow-on schedule check
