[2024-09-16 00:07:16,573] {taskinstance.py:1159} INFO - Dependencies all met for <TaskInstance: BRONZER_GET_STONCKS.BRONZE_STONCKS_AAPL scheduled__2024-08-14T00:00:00+00:00 [queued]>
[2024-09-16 00:07:16,620] {taskinstance.py:1159} INFO - Dependencies all met for <TaskInstance: BRONZER_GET_STONCKS.BRONZE_STONCKS_AAPL scheduled__2024-08-14T00:00:00+00:00 [queued]>
[2024-09-16 00:07:16,620] {taskinstance.py:1356} INFO - 
--------------------------------------------------------------------------------
[2024-09-16 00:07:16,620] {taskinstance.py:1357} INFO - Starting attempt 1 of 1
[2024-09-16 00:07:16,620] {taskinstance.py:1358} INFO - 
--------------------------------------------------------------------------------
[2024-09-16 00:07:16,684] {taskinstance.py:1377} INFO - Executing <Task(_PythonDecoratedOperator): BRONZE_STONCKS_AAPL> on 2024-08-14 00:00:00+00:00
[2024-09-16 00:07:16,689] {standard_task_runner.py:52} INFO - Started process 38389 to run task
[2024-09-16 00:07:16,742] {standard_task_runner.py:79} INFO - Running: ['airflow', 'tasks', 'run', 'BRONZER_GET_STONCKS', 'BRONZE_STONCKS_AAPL', 'scheduled__2024-08-14T00:00:00+00:00', '--job-id', '1185', '--raw', '--subdir', 'DAGS_FOLDER/get_stocks.py', '--cfg-path', '/tmp/tmpd44sm93n', '--error-file', '/tmp/tmpcx7dbknf']
[2024-09-16 00:07:16,743] {standard_task_runner.py:80} INFO - Job 1185: Subtask BRONZE_STONCKS_AAPL
[2024-09-16 00:07:17,080] {task_command.py:370} INFO - Running <TaskInstance: BRONZER_GET_STONCKS.BRONZE_STONCKS_AAPL scheduled__2024-08-14T00:00:00+00:00 [running]> on host kaiwang.
[2024-09-16 00:07:17,371] {taskinstance.py:1569} INFO - Exporting the following env vars:
AIRFLOW_CTX_DAG_OWNER=airflow
AIRFLOW_CTX_DAG_ID=BRONZER_GET_STONCKS
AIRFLOW_CTX_TASK_ID=BRONZE_STONCKS_AAPL
AIRFLOW_CTX_EXECUTION_DATE=2024-08-14T00:00:00+00:00
AIRFLOW_CTX_TRY_NUMBER=1
AIRFLOW_CTX_DAG_RUN_ID=scheduled__2024-08-14T00:00:00+00:00
[2024-09-16 00:07:18,016] {python.py:173} INFO - Done. Returned value was: None
[2024-09-16 00:07:18,049] {taskinstance.py:1395} INFO - Marking task as SUCCESS. dag_id=BRONZER_GET_STONCKS, task_id=BRONZE_STONCKS_AAPL, execution_date=20240814T000000, start_date=20240916T030716, end_date=20240916T030718
[2024-09-16 00:07:18,142] {local_task_job.py:156} INFO - Task exited with return code 0
[2024-09-16 00:07:18,212] {local_task_job.py:273} INFO - 0 downstream tasks scheduled from follow-on schedule check
[2024-09-16 13:56:03,929] {taskinstance.py:1159} INFO - Dependencies all met for <TaskInstance: BRONZER_GET_STONCKS.BRONZE_STONCKS_AAPL scheduled__2024-08-14T00:00:00+00:00 [queued]>
[2024-09-16 13:56:03,952] {taskinstance.py:1159} INFO - Dependencies all met for <TaskInstance: BRONZER_GET_STONCKS.BRONZE_STONCKS_AAPL scheduled__2024-08-14T00:00:00+00:00 [queued]>
[2024-09-16 13:56:03,952] {taskinstance.py:1356} INFO - 
--------------------------------------------------------------------------------
[2024-09-16 13:56:03,952] {taskinstance.py:1357} INFO - Starting attempt 1 of 1
[2024-09-16 13:56:03,953] {taskinstance.py:1358} INFO - 
--------------------------------------------------------------------------------
[2024-09-16 13:56:03,989] {taskinstance.py:1377} INFO - Executing <Task(_PythonDecoratedOperator): BRONZE_STONCKS_AAPL> on 2024-08-14 00:00:00+00:00
[2024-09-16 13:56:03,994] {standard_task_runner.py:52} INFO - Started process 137436 to run task
[2024-09-16 13:56:04,004] {standard_task_runner.py:79} INFO - Running: ['airflow', 'tasks', 'run', 'BRONZER_GET_STONCKS', 'BRONZE_STONCKS_AAPL', 'scheduled__2024-08-14T00:00:00+00:00', '--job-id', '2511', '--raw', '--subdir', 'DAGS_FOLDER/get_stocks.py', '--cfg-path', '/tmp/tmpskjee5sn', '--error-file', '/tmp/tmpdphimiur']
[2024-09-16 13:56:04,006] {standard_task_runner.py:80} INFO - Job 2511: Subtask BRONZE_STONCKS_AAPL
[2024-09-16 13:56:04,377] {task_command.py:370} INFO - Running <TaskInstance: BRONZER_GET_STONCKS.BRONZE_STONCKS_AAPL scheduled__2024-08-14T00:00:00+00:00 [running]> on host kaiwang.
[2024-09-16 13:56:04,473] {taskinstance.py:1569} INFO - Exporting the following env vars:
AIRFLOW_CTX_DAG_OWNER=airflow
AIRFLOW_CTX_DAG_ID=BRONZER_GET_STONCKS
AIRFLOW_CTX_TASK_ID=BRONZE_STONCKS_AAPL
AIRFLOW_CTX_EXECUTION_DATE=2024-08-14T00:00:00+00:00
AIRFLOW_CTX_TRY_NUMBER=1
AIRFLOW_CTX_DAG_RUN_ID=scheduled__2024-08-14T00:00:00+00:00
[2024-09-16 13:56:05,022] {python.py:173} INFO - Done. Returned value was: None
[2024-09-16 13:56:05,036] {taskinstance.py:1395} INFO - Marking task as SUCCESS. dag_id=BRONZER_GET_STONCKS, task_id=BRONZE_STONCKS_AAPL, execution_date=20240814T000000, start_date=20240916T165603, end_date=20240916T165605
[2024-09-16 13:56:05,067] {local_task_job.py:156} INFO - Task exited with return code 0
[2024-09-16 13:56:05,175] {local_task_job.py:273} INFO - 0 downstream tasks scheduled from follow-on schedule check
