[2024-09-16 00:04:53,589] {taskinstance.py:1159} INFO - Dependencies all met for <TaskInstance: BRONZER_GET_CRIPTOS.BRONZE_CRIPTO_BTC scheduled__2024-03-23T00:00:00+00:00 [queued]>
[2024-09-16 00:04:53,675] {taskinstance.py:1159} INFO - Dependencies all met for <TaskInstance: BRONZER_GET_CRIPTOS.BRONZE_CRIPTO_BTC scheduled__2024-03-23T00:00:00+00:00 [queued]>
[2024-09-16 00:04:53,675] {taskinstance.py:1356} INFO - 
--------------------------------------------------------------------------------
[2024-09-16 00:04:53,675] {taskinstance.py:1357} INFO - Starting attempt 1 of 1
[2024-09-16 00:04:53,676] {taskinstance.py:1358} INFO - 
--------------------------------------------------------------------------------
[2024-09-16 00:04:53,747] {taskinstance.py:1377} INFO - Executing <Task(_PythonDecoratedOperator): BRONZE_CRIPTO_BTC> on 2024-03-23 00:00:00+00:00
[2024-09-16 00:04:53,776] {standard_task_runner.py:52} INFO - Started process 26766 to run task
[2024-09-16 00:04:53,816] {standard_task_runner.py:79} INFO - Running: ['airflow', 'tasks', 'run', 'BRONZER_GET_CRIPTOS', 'BRONZE_CRIPTO_BTC', 'scheduled__2024-03-23T00:00:00+00:00', '--job-id', '507', '--raw', '--subdir', 'DAGS_FOLDER/get_cripto.py', '--cfg-path', '/tmp/tmpwwcvh8c5', '--error-file', '/tmp/tmpqq8nk2vi']
[2024-09-16 00:04:53,817] {standard_task_runner.py:80} INFO - Job 507: Subtask BRONZE_CRIPTO_BTC
[2024-09-16 00:04:54,061] {task_command.py:370} INFO - Running <TaskInstance: BRONZER_GET_CRIPTOS.BRONZE_CRIPTO_BTC scheduled__2024-03-23T00:00:00+00:00 [running]> on host kaiwang.
[2024-09-16 00:04:54,294] {taskinstance.py:1569} INFO - Exporting the following env vars:
AIRFLOW_CTX_DAG_OWNER=airflow
AIRFLOW_CTX_DAG_ID=BRONZER_GET_CRIPTOS
AIRFLOW_CTX_TASK_ID=BRONZE_CRIPTO_BTC
AIRFLOW_CTX_EXECUTION_DATE=2024-03-23T00:00:00+00:00
AIRFLOW_CTX_TRY_NUMBER=1
AIRFLOW_CTX_DAG_RUN_ID=scheduled__2024-03-23T00:00:00+00:00
[2024-09-16 00:04:56,940] {history.py:244} ERROR - $BTC: possibly delisted; no price data found  (1h 2024-03-20 -> 2024-03-23) (Yahoo error = "Data doesn't exist for startDate = 1710907200, endDate = 1711166400")
[2024-09-16 00:04:56,943] {python.py:173} INFO - Done. Returned value was: None
[2024-09-16 00:04:56,989] {taskinstance.py:1395} INFO - Marking task as SUCCESS. dag_id=BRONZER_GET_CRIPTOS, task_id=BRONZE_CRIPTO_BTC, execution_date=20240323T000000, start_date=20240916T030453, end_date=20240916T030456
[2024-09-16 00:04:57,078] {local_task_job.py:156} INFO - Task exited with return code 0
[2024-09-16 00:04:57,173] {local_task_job.py:273} INFO - 0 downstream tasks scheduled from follow-on schedule check
[2024-09-16 00:16:06,713] {taskinstance.py:1159} INFO - Dependencies all met for <TaskInstance: BRONZER_GET_CRIPTOS.BRONZE_CRIPTO_BTC scheduled__2024-03-23T00:00:00+00:00 [queued]>
[2024-09-16 00:16:06,729] {taskinstance.py:1159} INFO - Dependencies all met for <TaskInstance: BRONZER_GET_CRIPTOS.BRONZE_CRIPTO_BTC scheduled__2024-03-23T00:00:00+00:00 [queued]>
[2024-09-16 00:16:06,729] {taskinstance.py:1356} INFO - 
--------------------------------------------------------------------------------
[2024-09-16 00:16:06,729] {taskinstance.py:1357} INFO - Starting attempt 1 of 1
[2024-09-16 00:16:06,729] {taskinstance.py:1358} INFO - 
--------------------------------------------------------------------------------
[2024-09-16 00:16:06,792] {taskinstance.py:1377} INFO - Executing <Task(_PythonDecoratedOperator): BRONZE_CRIPTO_BTC> on 2024-03-23 00:00:00+00:00
[2024-09-16 00:16:06,814] {standard_task_runner.py:52} INFO - Started process 58008 to run task
[2024-09-16 00:16:06,847] {standard_task_runner.py:79} INFO - Running: ['airflow', 'tasks', 'run', 'BRONZER_GET_CRIPTOS', 'BRONZE_CRIPTO_BTC', 'scheduled__2024-03-23T00:00:00+00:00', '--job-id', '2306', '--raw', '--subdir', 'DAGS_FOLDER/get_cripto.py', '--cfg-path', '/tmp/tmp5u904u6y', '--error-file', '/tmp/tmpoaeg7yw1']
[2024-09-16 00:16:06,848] {standard_task_runner.py:80} INFO - Job 2306: Subtask BRONZE_CRIPTO_BTC
[2024-09-16 00:16:07,154] {task_command.py:370} INFO - Running <TaskInstance: BRONZER_GET_CRIPTOS.BRONZE_CRIPTO_BTC scheduled__2024-03-23T00:00:00+00:00 [running]> on host kaiwang.
[2024-09-16 00:16:07,510] {taskinstance.py:1569} INFO - Exporting the following env vars:
AIRFLOW_CTX_DAG_OWNER=airflow
AIRFLOW_CTX_DAG_ID=BRONZER_GET_CRIPTOS
AIRFLOW_CTX_TASK_ID=BRONZE_CRIPTO_BTC
AIRFLOW_CTX_EXECUTION_DATE=2024-03-23T00:00:00+00:00
AIRFLOW_CTX_TRY_NUMBER=1
AIRFLOW_CTX_DAG_RUN_ID=scheduled__2024-03-23T00:00:00+00:00
[2024-09-16 00:16:10,440] {history.py:244} ERROR - $BTC: possibly delisted; no price data found  (1h 2024-03-20 -> 2024-03-23) (Yahoo error = "Data doesn't exist for startDate = 1710907200, endDate = 1711166400")
[2024-09-16 00:16:10,450] {python.py:173} INFO - Done. Returned value was: None
[2024-09-16 00:16:10,487] {taskinstance.py:1395} INFO - Marking task as SUCCESS. dag_id=BRONZER_GET_CRIPTOS, task_id=BRONZE_CRIPTO_BTC, execution_date=20240323T000000, start_date=20240916T031606, end_date=20240916T031610
[2024-09-16 00:16:10,524] {local_task_job.py:156} INFO - Task exited with return code 0
[2024-09-16 00:16:10,558] {local_task_job.py:273} INFO - 0 downstream tasks scheduled from follow-on schedule check
