[2024-09-16 00:08:18,758] {taskinstance.py:1159} INFO - Dependencies all met for <TaskInstance: BRONZER_GET_CRIPTOS.BRONZE_CRIPTO_DOGE scheduled__2024-09-04T00:00:00+00:00 [queued]>
[2024-09-16 00:08:18,769] {taskinstance.py:1159} INFO - Dependencies all met for <TaskInstance: BRONZER_GET_CRIPTOS.BRONZE_CRIPTO_DOGE scheduled__2024-09-04T00:00:00+00:00 [queued]>
[2024-09-16 00:08:18,769] {taskinstance.py:1356} INFO - 
--------------------------------------------------------------------------------
[2024-09-16 00:08:18,769] {taskinstance.py:1357} INFO - Starting attempt 1 of 1
[2024-09-16 00:08:18,769] {taskinstance.py:1358} INFO - 
--------------------------------------------------------------------------------
[2024-09-16 00:08:18,791] {taskinstance.py:1377} INFO - Executing <Task(_PythonDecoratedOperator): BRONZE_CRIPTO_DOGE> on 2024-09-04 00:00:00+00:00
[2024-09-16 00:08:18,798] {standard_task_runner.py:52} INFO - Started process 42838 to run task
[2024-09-16 00:08:18,812] {standard_task_runner.py:79} INFO - Running: ['airflow', 'tasks', 'run', 'BRONZER_GET_CRIPTOS', 'BRONZE_CRIPTO_DOGE', 'scheduled__2024-09-04T00:00:00+00:00', '--job-id', '1443', '--raw', '--subdir', 'DAGS_FOLDER/get_cripto.py', '--cfg-path', '/tmp/tmpbdyhpl_p', '--error-file', '/tmp/tmpksbo4x84']
[2024-09-16 00:08:18,814] {standard_task_runner.py:80} INFO - Job 1443: Subtask BRONZE_CRIPTO_DOGE
[2024-09-16 00:08:18,996] {task_command.py:370} INFO - Running <TaskInstance: BRONZER_GET_CRIPTOS.BRONZE_CRIPTO_DOGE scheduled__2024-09-04T00:00:00+00:00 [running]> on host kaiwang.
[2024-09-16 00:08:19,295] {taskinstance.py:1569} INFO - Exporting the following env vars:
AIRFLOW_CTX_DAG_OWNER=airflow
AIRFLOW_CTX_DAG_ID=BRONZER_GET_CRIPTOS
AIRFLOW_CTX_TASK_ID=BRONZE_CRIPTO_DOGE
AIRFLOW_CTX_EXECUTION_DATE=2024-09-04T00:00:00+00:00
AIRFLOW_CTX_TRY_NUMBER=1
AIRFLOW_CTX_DAG_RUN_ID=scheduled__2024-09-04T00:00:00+00:00
[2024-09-16 00:08:21,862] {history.py:122} ERROR - $DOGE: possibly delisted; no timezone found
[2024-09-16 00:08:21,865] {python.py:173} INFO - Done. Returned value was: None
[2024-09-16 00:08:21,880] {taskinstance.py:1395} INFO - Marking task as SUCCESS. dag_id=BRONZER_GET_CRIPTOS, task_id=BRONZE_CRIPTO_DOGE, execution_date=20240904T000000, start_date=20240916T030818, end_date=20240916T030821
[2024-09-16 00:08:21,919] {local_task_job.py:156} INFO - Task exited with return code 0
[2024-09-16 00:08:21,959] {local_task_job.py:273} INFO - 0 downstream tasks scheduled from follow-on schedule check
[2024-09-16 13:56:43,228] {taskinstance.py:1159} INFO - Dependencies all met for <TaskInstance: BRONZER_GET_CRIPTOS.BRONZE_CRIPTO_DOGE scheduled__2024-09-04T00:00:00+00:00 [queued]>
[2024-09-16 13:56:43,241] {taskinstance.py:1159} INFO - Dependencies all met for <TaskInstance: BRONZER_GET_CRIPTOS.BRONZE_CRIPTO_DOGE scheduled__2024-09-04T00:00:00+00:00 [queued]>
[2024-09-16 13:56:43,241] {taskinstance.py:1356} INFO - 
--------------------------------------------------------------------------------
[2024-09-16 13:56:43,242] {taskinstance.py:1357} INFO - Starting attempt 1 of 1
[2024-09-16 13:56:43,242] {taskinstance.py:1358} INFO - 
--------------------------------------------------------------------------------
[2024-09-16 13:56:43,257] {taskinstance.py:1377} INFO - Executing <Task(_PythonDecoratedOperator): BRONZE_CRIPTO_DOGE> on 2024-09-04 00:00:00+00:00
[2024-09-16 13:56:43,264] {standard_task_runner.py:52} INFO - Started process 140342 to run task
[2024-09-16 13:56:43,269] {standard_task_runner.py:79} INFO - Running: ['airflow', 'tasks', 'run', 'BRONZER_GET_CRIPTOS', 'BRONZE_CRIPTO_DOGE', 'scheduled__2024-09-04T00:00:00+00:00', '--job-id', '2643', '--raw', '--subdir', 'DAGS_FOLDER/get_cripto.py', '--cfg-path', '/tmp/tmpcpjkwspb', '--error-file', '/tmp/tmp3b9p3yb4']
[2024-09-16 13:56:43,270] {standard_task_runner.py:80} INFO - Job 2643: Subtask BRONZE_CRIPTO_DOGE
[2024-09-16 13:56:43,419] {task_command.py:370} INFO - Running <TaskInstance: BRONZER_GET_CRIPTOS.BRONZE_CRIPTO_DOGE scheduled__2024-09-04T00:00:00+00:00 [running]> on host kaiwang.
[2024-09-16 13:56:43,798] {taskinstance.py:1569} INFO - Exporting the following env vars:
AIRFLOW_CTX_DAG_OWNER=airflow
AIRFLOW_CTX_DAG_ID=BRONZER_GET_CRIPTOS
AIRFLOW_CTX_TASK_ID=BRONZE_CRIPTO_DOGE
AIRFLOW_CTX_EXECUTION_DATE=2024-09-04T00:00:00+00:00
AIRFLOW_CTX_TRY_NUMBER=1
AIRFLOW_CTX_DAG_RUN_ID=scheduled__2024-09-04T00:00:00+00:00
[2024-09-16 13:56:47,533] {history.py:122} ERROR - $DOGE: possibly delisted; no timezone found
[2024-09-16 13:56:47,537] {python.py:173} INFO - Done. Returned value was: None
[2024-09-16 13:56:47,559] {taskinstance.py:1395} INFO - Marking task as SUCCESS. dag_id=BRONZER_GET_CRIPTOS, task_id=BRONZE_CRIPTO_DOGE, execution_date=20240904T000000, start_date=20240916T165643, end_date=20240916T165647
[2024-09-16 13:56:47,623] {local_task_job.py:156} INFO - Task exited with return code 0
[2024-09-16 13:56:47,683] {local_task_job.py:273} INFO - 0 downstream tasks scheduled from follow-on schedule check
