[2024-09-16 00:07:05,683] {taskinstance.py:1159} INFO - Dependencies all met for <TaskInstance: BRONZER_GET_CRIPTOS.BRONZE_CRIPTO_DOGE scheduled__2024-06-28T00:00:00+00:00 [queued]>
[2024-09-16 00:07:05,739] {taskinstance.py:1159} INFO - Dependencies all met for <TaskInstance: BRONZER_GET_CRIPTOS.BRONZE_CRIPTO_DOGE scheduled__2024-06-28T00:00:00+00:00 [queued]>
[2024-09-16 00:07:05,739] {taskinstance.py:1356} INFO - 
--------------------------------------------------------------------------------
[2024-09-16 00:07:05,739] {taskinstance.py:1357} INFO - Starting attempt 1 of 1
[2024-09-16 00:07:05,739] {taskinstance.py:1358} INFO - 
--------------------------------------------------------------------------------
[2024-09-16 00:07:05,801] {taskinstance.py:1377} INFO - Executing <Task(_PythonDecoratedOperator): BRONZE_CRIPTO_DOGE> on 2024-06-28 00:00:00+00:00
[2024-09-16 00:07:05,807] {standard_task_runner.py:52} INFO - Started process 37446 to run task
[2024-09-16 00:07:05,828] {standard_task_runner.py:79} INFO - Running: ['airflow', 'tasks', 'run', 'BRONZER_GET_CRIPTOS', 'BRONZE_CRIPTO_DOGE', 'scheduled__2024-06-28T00:00:00+00:00', '--job-id', '1131', '--raw', '--subdir', 'DAGS_FOLDER/get_cripto.py', '--cfg-path', '/tmp/tmpbnyr6lyf', '--error-file', '/tmp/tmp_nycz_tu']
[2024-09-16 00:07:05,829] {standard_task_runner.py:80} INFO - Job 1131: Subtask BRONZE_CRIPTO_DOGE
[2024-09-16 00:07:06,036] {task_command.py:370} INFO - Running <TaskInstance: BRONZER_GET_CRIPTOS.BRONZE_CRIPTO_DOGE scheduled__2024-06-28T00:00:00+00:00 [running]> on host kaiwang.
[2024-09-16 00:07:06,336] {taskinstance.py:1569} INFO - Exporting the following env vars:
AIRFLOW_CTX_DAG_OWNER=airflow
AIRFLOW_CTX_DAG_ID=BRONZER_GET_CRIPTOS
AIRFLOW_CTX_TASK_ID=BRONZE_CRIPTO_DOGE
AIRFLOW_CTX_EXECUTION_DATE=2024-06-28T00:00:00+00:00
AIRFLOW_CTX_TRY_NUMBER=1
AIRFLOW_CTX_DAG_RUN_ID=scheduled__2024-06-28T00:00:00+00:00
[2024-09-16 00:07:09,030] {history.py:122} ERROR - $DOGE: possibly delisted; no timezone found
[2024-09-16 00:07:09,039] {python.py:173} INFO - Done. Returned value was: None
[2024-09-16 00:07:09,080] {taskinstance.py:1395} INFO - Marking task as SUCCESS. dag_id=BRONZER_GET_CRIPTOS, task_id=BRONZE_CRIPTO_DOGE, execution_date=20240628T000000, start_date=20240916T030705, end_date=20240916T030709
[2024-09-16 00:07:09,191] {local_task_job.py:156} INFO - Task exited with return code 0
[2024-09-16 00:07:09,446] {local_task_job.py:273} INFO - 0 downstream tasks scheduled from follow-on schedule check
