[2024-09-16 00:04:23,716] {taskinstance.py:1159} INFO - Dependencies all met for <TaskInstance: BRONZER_GET_CRIPTOS.BRONZE_CRIPTO_BTC scheduled__2024-03-02T00:00:00+00:00 [queued]>
[2024-09-16 00:04:23,735] {taskinstance.py:1159} INFO - Dependencies all met for <TaskInstance: BRONZER_GET_CRIPTOS.BRONZE_CRIPTO_BTC scheduled__2024-03-02T00:00:00+00:00 [queued]>
[2024-09-16 00:04:23,736] {taskinstance.py:1356} INFO - 
--------------------------------------------------------------------------------
[2024-09-16 00:04:23,736] {taskinstance.py:1357} INFO - Starting attempt 1 of 1
[2024-09-16 00:04:23,736] {taskinstance.py:1358} INFO - 
--------------------------------------------------------------------------------
[2024-09-16 00:04:23,805] {taskinstance.py:1377} INFO - Executing <Task(_PythonDecoratedOperator): BRONZE_CRIPTO_BTC> on 2024-03-02 00:00:00+00:00
[2024-09-16 00:04:23,814] {standard_task_runner.py:52} INFO - Started process 24403 to run task
[2024-09-16 00:04:23,838] {standard_task_runner.py:79} INFO - Running: ['airflow', 'tasks', 'run', 'BRONZER_GET_CRIPTOS', 'BRONZE_CRIPTO_BTC', 'scheduled__2024-03-02T00:00:00+00:00', '--job-id', '368', '--raw', '--subdir', 'DAGS_FOLDER/get_cripto.py', '--cfg-path', '/tmp/tmpmp7c285q', '--error-file', '/tmp/tmpnymcu0vn']
[2024-09-16 00:04:23,839] {standard_task_runner.py:80} INFO - Job 368: Subtask BRONZE_CRIPTO_BTC
[2024-09-16 00:04:24,025] {task_command.py:370} INFO - Running <TaskInstance: BRONZER_GET_CRIPTOS.BRONZE_CRIPTO_BTC scheduled__2024-03-02T00:00:00+00:00 [running]> on host kaiwang.
[2024-09-16 00:04:24,362] {taskinstance.py:1569} INFO - Exporting the following env vars:
AIRFLOW_CTX_DAG_OWNER=airflow
AIRFLOW_CTX_DAG_ID=BRONZER_GET_CRIPTOS
AIRFLOW_CTX_TASK_ID=BRONZE_CRIPTO_BTC
AIRFLOW_CTX_EXECUTION_DATE=2024-03-02T00:00:00+00:00
AIRFLOW_CTX_TRY_NUMBER=1
AIRFLOW_CTX_DAG_RUN_ID=scheduled__2024-03-02T00:00:00+00:00
[2024-09-16 00:04:26,986] {history.py:244} ERROR - $BTC: possibly delisted; no price data found  (1h 2024-02-28 -> 2024-03-02) (Yahoo error = "Data doesn't exist for startDate = 1709096400, endDate = 1709355600")
[2024-09-16 00:04:26,990] {python.py:173} INFO - Done. Returned value was: None
[2024-09-16 00:04:27,018] {taskinstance.py:1395} INFO - Marking task as SUCCESS. dag_id=BRONZER_GET_CRIPTOS, task_id=BRONZE_CRIPTO_BTC, execution_date=20240302T000000, start_date=20240916T030423, end_date=20240916T030427
[2024-09-16 00:04:27,100] {local_task_job.py:156} INFO - Task exited with return code 0
[2024-09-16 00:04:27,199] {local_task_job.py:273} INFO - 0 downstream tasks scheduled from follow-on schedule check
[2024-09-16 00:15:37,464] {taskinstance.py:1159} INFO - Dependencies all met for <TaskInstance: BRONZER_GET_CRIPTOS.BRONZE_CRIPTO_BTC scheduled__2024-03-02T00:00:00+00:00 [queued]>
[2024-09-16 00:15:37,504] {taskinstance.py:1159} INFO - Dependencies all met for <TaskInstance: BRONZER_GET_CRIPTOS.BRONZE_CRIPTO_BTC scheduled__2024-03-02T00:00:00+00:00 [queued]>
[2024-09-16 00:15:37,505] {taskinstance.py:1356} INFO - 
--------------------------------------------------------------------------------
[2024-09-16 00:15:37,505] {taskinstance.py:1357} INFO - Starting attempt 1 of 1
[2024-09-16 00:15:37,505] {taskinstance.py:1358} INFO - 
--------------------------------------------------------------------------------
[2024-09-16 00:15:37,538] {taskinstance.py:1377} INFO - Executing <Task(_PythonDecoratedOperator): BRONZE_CRIPTO_BTC> on 2024-03-02 00:00:00+00:00
[2024-09-16 00:15:37,545] {standard_task_runner.py:52} INFO - Started process 55609 to run task
[2024-09-16 00:15:37,551] {standard_task_runner.py:79} INFO - Running: ['airflow', 'tasks', 'run', 'BRONZER_GET_CRIPTOS', 'BRONZE_CRIPTO_BTC', 'scheduled__2024-03-02T00:00:00+00:00', '--job-id', '2168', '--raw', '--subdir', 'DAGS_FOLDER/get_cripto.py', '--cfg-path', '/tmp/tmpa5qliasa', '--error-file', '/tmp/tmprok33rxu']
[2024-09-16 00:15:37,552] {standard_task_runner.py:80} INFO - Job 2168: Subtask BRONZE_CRIPTO_BTC
[2024-09-16 00:15:37,728] {task_command.py:370} INFO - Running <TaskInstance: BRONZER_GET_CRIPTOS.BRONZE_CRIPTO_BTC scheduled__2024-03-02T00:00:00+00:00 [running]> on host kaiwang.
[2024-09-16 00:15:37,899] {taskinstance.py:1569} INFO - Exporting the following env vars:
AIRFLOW_CTX_DAG_OWNER=airflow
AIRFLOW_CTX_DAG_ID=BRONZER_GET_CRIPTOS
AIRFLOW_CTX_TASK_ID=BRONZE_CRIPTO_BTC
AIRFLOW_CTX_EXECUTION_DATE=2024-03-02T00:00:00+00:00
AIRFLOW_CTX_TRY_NUMBER=1
AIRFLOW_CTX_DAG_RUN_ID=scheduled__2024-03-02T00:00:00+00:00
[2024-09-16 00:15:40,785] {history.py:244} ERROR - $BTC: possibly delisted; no price data found  (1h 2024-02-28 -> 2024-03-02) (Yahoo error = "Data doesn't exist for startDate = 1709096400, endDate = 1709355600")
[2024-09-16 00:15:40,789] {python.py:173} INFO - Done. Returned value was: None
[2024-09-16 00:15:40,900] {taskinstance.py:1395} INFO - Marking task as SUCCESS. dag_id=BRONZER_GET_CRIPTOS, task_id=BRONZE_CRIPTO_BTC, execution_date=20240302T000000, start_date=20240916T031537, end_date=20240916T031540
[2024-09-16 00:15:40,975] {local_task_job.py:156} INFO - Task exited with return code 0
[2024-09-16 00:15:41,151] {local_task_job.py:273} INFO - 0 downstream tasks scheduled from follow-on schedule check
