[2024-09-16 00:08:13,619] {taskinstance.py:1159} INFO - Dependencies all met for <TaskInstance: BRONZER_GET_CRIPTOS.BRONZE_CRIPTO_AVAX scheduled__2024-08-28T00:00:00+00:00 [queued]>
[2024-09-16 00:08:13,639] {taskinstance.py:1159} INFO - Dependencies all met for <TaskInstance: BRONZER_GET_CRIPTOS.BRONZE_CRIPTO_AVAX scheduled__2024-08-28T00:00:00+00:00 [queued]>
[2024-09-16 00:08:13,639] {taskinstance.py:1356} INFO - 
--------------------------------------------------------------------------------
[2024-09-16 00:08:13,640] {taskinstance.py:1357} INFO - Starting attempt 1 of 1
[2024-09-16 00:08:13,640] {taskinstance.py:1358} INFO - 
--------------------------------------------------------------------------------
[2024-09-16 00:08:13,681] {taskinstance.py:1377} INFO - Executing <Task(_PythonDecoratedOperator): BRONZE_CRIPTO_AVAX> on 2024-08-28 00:00:00+00:00
[2024-09-16 00:08:13,686] {standard_task_runner.py:52} INFO - Started process 42445 to run task
[2024-09-16 00:08:13,702] {standard_task_runner.py:79} INFO - Running: ['airflow', 'tasks', 'run', 'BRONZER_GET_CRIPTOS', 'BRONZE_CRIPTO_AVAX', 'scheduled__2024-08-28T00:00:00+00:00', '--job-id', '1424', '--raw', '--subdir', 'DAGS_FOLDER/get_cripto.py', '--cfg-path', '/tmp/tmp5v__uky2', '--error-file', '/tmp/tmpfzrazn41']
[2024-09-16 00:08:13,704] {standard_task_runner.py:80} INFO - Job 1424: Subtask BRONZE_CRIPTO_AVAX
[2024-09-16 00:08:13,819] {task_command.py:370} INFO - Running <TaskInstance: BRONZER_GET_CRIPTOS.BRONZE_CRIPTO_AVAX scheduled__2024-08-28T00:00:00+00:00 [running]> on host kaiwang.
[2024-09-16 00:08:13,929] {taskinstance.py:1569} INFO - Exporting the following env vars:
AIRFLOW_CTX_DAG_OWNER=airflow
AIRFLOW_CTX_DAG_ID=BRONZER_GET_CRIPTOS
AIRFLOW_CTX_TASK_ID=BRONZE_CRIPTO_AVAX
AIRFLOW_CTX_EXECUTION_DATE=2024-08-28T00:00:00+00:00
AIRFLOW_CTX_TRY_NUMBER=1
AIRFLOW_CTX_DAG_RUN_ID=scheduled__2024-08-28T00:00:00+00:00
[2024-09-16 00:08:16,595] {history.py:122} ERROR - $AVAX: possibly delisted; no timezone found
[2024-09-16 00:08:16,598] {python.py:173} INFO - Done. Returned value was: None
[2024-09-16 00:08:16,616] {taskinstance.py:1395} INFO - Marking task as SUCCESS. dag_id=BRONZER_GET_CRIPTOS, task_id=BRONZE_CRIPTO_AVAX, execution_date=20240828T000000, start_date=20240916T030813, end_date=20240916T030816
[2024-09-16 00:08:16,648] {local_task_job.py:156} INFO - Task exited with return code 0
[2024-09-16 00:08:16,858] {local_task_job.py:273} INFO - 0 downstream tasks scheduled from follow-on schedule check
[2024-09-16 13:56:30,480] {taskinstance.py:1159} INFO - Dependencies all met for <TaskInstance: BRONZER_GET_CRIPTOS.BRONZE_CRIPTO_AVAX scheduled__2024-08-28T00:00:00+00:00 [queued]>
[2024-09-16 13:56:30,508] {taskinstance.py:1159} INFO - Dependencies all met for <TaskInstance: BRONZER_GET_CRIPTOS.BRONZE_CRIPTO_AVAX scheduled__2024-08-28T00:00:00+00:00 [queued]>
[2024-09-16 13:56:30,509] {taskinstance.py:1356} INFO - 
--------------------------------------------------------------------------------
[2024-09-16 13:56:30,509] {taskinstance.py:1357} INFO - Starting attempt 1 of 1
[2024-09-16 13:56:30,509] {taskinstance.py:1358} INFO - 
--------------------------------------------------------------------------------
[2024-09-16 13:56:30,527] {taskinstance.py:1377} INFO - Executing <Task(_PythonDecoratedOperator): BRONZE_CRIPTO_AVAX> on 2024-08-28 00:00:00+00:00
[2024-09-16 13:56:30,534] {standard_task_runner.py:52} INFO - Started process 139325 to run task
[2024-09-16 13:56:30,559] {standard_task_runner.py:79} INFO - Running: ['airflow', 'tasks', 'run', 'BRONZER_GET_CRIPTOS', 'BRONZE_CRIPTO_AVAX', 'scheduled__2024-08-28T00:00:00+00:00', '--job-id', '2597', '--raw', '--subdir', 'DAGS_FOLDER/get_cripto.py', '--cfg-path', '/tmp/tmp3jykkhsy', '--error-file', '/tmp/tmpsmvzkabl']
[2024-09-16 13:56:30,560] {standard_task_runner.py:80} INFO - Job 2597: Subtask BRONZE_CRIPTO_AVAX
[2024-09-16 13:56:30,712] {task_command.py:370} INFO - Running <TaskInstance: BRONZER_GET_CRIPTOS.BRONZE_CRIPTO_AVAX scheduled__2024-08-28T00:00:00+00:00 [running]> on host kaiwang.
[2024-09-16 13:56:31,184] {taskinstance.py:1569} INFO - Exporting the following env vars:
AIRFLOW_CTX_DAG_OWNER=airflow
AIRFLOW_CTX_DAG_ID=BRONZER_GET_CRIPTOS
AIRFLOW_CTX_TASK_ID=BRONZE_CRIPTO_AVAX
AIRFLOW_CTX_EXECUTION_DATE=2024-08-28T00:00:00+00:00
AIRFLOW_CTX_TRY_NUMBER=1
AIRFLOW_CTX_DAG_RUN_ID=scheduled__2024-08-28T00:00:00+00:00
[2024-09-16 13:56:35,587] {history.py:122} ERROR - $AVAX: possibly delisted; no timezone found
[2024-09-16 13:56:35,590] {python.py:173} INFO - Done. Returned value was: None
[2024-09-16 13:56:35,605] {taskinstance.py:1395} INFO - Marking task as SUCCESS. dag_id=BRONZER_GET_CRIPTOS, task_id=BRONZE_CRIPTO_AVAX, execution_date=20240828T000000, start_date=20240916T165630, end_date=20240916T165635
[2024-09-16 13:56:35,639] {local_task_job.py:156} INFO - Task exited with return code 0
[2024-09-16 13:56:35,670] {local_task_job.py:273} INFO - 0 downstream tasks scheduled from follow-on schedule check
