[2024-09-16 00:05:13,809] {taskinstance.py:1159} INFO - Dependencies all met for <TaskInstance: BRONZER_GET_STONCKS.BRONZE_STONCKS_GOOG scheduled__2024-04-19T00:00:00+00:00 [queued]>
[2024-09-16 00:05:13,831] {taskinstance.py:1159} INFO - Dependencies all met for <TaskInstance: BRONZER_GET_STONCKS.BRONZE_STONCKS_GOOG scheduled__2024-04-19T00:00:00+00:00 [queued]>
[2024-09-16 00:05:13,831] {taskinstance.py:1356} INFO - 
--------------------------------------------------------------------------------
[2024-09-16 00:05:13,832] {taskinstance.py:1357} INFO - Starting attempt 1 of 1
[2024-09-16 00:05:13,832] {taskinstance.py:1358} INFO - 
--------------------------------------------------------------------------------
[2024-09-16 00:05:13,906] {taskinstance.py:1377} INFO - Executing <Task(_PythonDecoratedOperator): BRONZE_STONCKS_GOOG> on 2024-04-19 00:00:00+00:00
[2024-09-16 00:05:13,915] {standard_task_runner.py:52} INFO - Started process 28208 to run task
[2024-09-16 00:05:13,927] {standard_task_runner.py:79} INFO - Running: ['airflow', 'tasks', 'run', 'BRONZER_GET_STONCKS', 'BRONZE_STONCKS_GOOG', 'scheduled__2024-04-19T00:00:00+00:00', '--job-id', '598', '--raw', '--subdir', 'DAGS_FOLDER/get_stocks.py', '--cfg-path', '/tmp/tmpn0gnzy2e', '--error-file', '/tmp/tmp8jhy65u4']
[2024-09-16 00:05:13,928] {standard_task_runner.py:80} INFO - Job 598: Subtask BRONZE_STONCKS_GOOG
[2024-09-16 00:05:14,209] {task_command.py:370} INFO - Running <TaskInstance: BRONZER_GET_STONCKS.BRONZE_STONCKS_GOOG scheduled__2024-04-19T00:00:00+00:00 [running]> on host kaiwang.
[2024-09-16 00:05:14,428] {taskinstance.py:1569} INFO - Exporting the following env vars:
AIRFLOW_CTX_DAG_OWNER=airflow
AIRFLOW_CTX_DAG_ID=BRONZER_GET_STONCKS
AIRFLOW_CTX_TASK_ID=BRONZE_STONCKS_GOOG
AIRFLOW_CTX_EXECUTION_DATE=2024-04-19T00:00:00+00:00
AIRFLOW_CTX_TRY_NUMBER=1
AIRFLOW_CTX_DAG_RUN_ID=scheduled__2024-04-19T00:00:00+00:00
[2024-09-16 00:05:15,275] {python.py:173} INFO - Done. Returned value was: None
[2024-09-16 00:05:15,323] {taskinstance.py:1395} INFO - Marking task as SUCCESS. dag_id=BRONZER_GET_STONCKS, task_id=BRONZE_STONCKS_GOOG, execution_date=20240419T000000, start_date=20240916T030513, end_date=20240916T030515
[2024-09-16 00:05:15,380] {local_task_job.py:156} INFO - Task exited with return code 0
[2024-09-16 00:05:15,429] {local_task_job.py:273} INFO - 0 downstream tasks scheduled from follow-on schedule check
[2024-09-16 00:16:16,583] {taskinstance.py:1159} INFO - Dependencies all met for <TaskInstance: BRONZER_GET_STONCKS.BRONZE_STONCKS_GOOG scheduled__2024-04-19T00:00:00+00:00 [queued]>
[2024-09-16 00:16:16,626] {taskinstance.py:1159} INFO - Dependencies all met for <TaskInstance: BRONZER_GET_STONCKS.BRONZE_STONCKS_GOOG scheduled__2024-04-19T00:00:00+00:00 [queued]>
[2024-09-16 00:16:16,627] {taskinstance.py:1356} INFO - 
--------------------------------------------------------------------------------
[2024-09-16 00:16:16,627] {taskinstance.py:1357} INFO - Starting attempt 1 of 1
[2024-09-16 00:16:16,627] {taskinstance.py:1358} INFO - 
--------------------------------------------------------------------------------
[2024-09-16 00:16:16,681] {taskinstance.py:1377} INFO - Executing <Task(_PythonDecoratedOperator): BRONZE_STONCKS_GOOG> on 2024-04-19 00:00:00+00:00
[2024-09-16 00:16:16,689] {standard_task_runner.py:52} INFO - Started process 58788 to run task
[2024-09-16 00:16:16,706] {standard_task_runner.py:79} INFO - Running: ['airflow', 'tasks', 'run', 'BRONZER_GET_STONCKS', 'BRONZE_STONCKS_GOOG', 'scheduled__2024-04-19T00:00:00+00:00', '--job-id', '2351', '--raw', '--subdir', 'DAGS_FOLDER/get_stocks.py', '--cfg-path', '/tmp/tmpi3icv2zc', '--error-file', '/tmp/tmpa9yflq7b']
[2024-09-16 00:16:16,716] {standard_task_runner.py:80} INFO - Job 2351: Subtask BRONZE_STONCKS_GOOG
[2024-09-16 00:16:16,967] {task_command.py:370} INFO - Running <TaskInstance: BRONZER_GET_STONCKS.BRONZE_STONCKS_GOOG scheduled__2024-04-19T00:00:00+00:00 [running]> on host kaiwang.
[2024-09-16 00:16:17,187] {taskinstance.py:1569} INFO - Exporting the following env vars:
AIRFLOW_CTX_DAG_OWNER=airflow
AIRFLOW_CTX_DAG_ID=BRONZER_GET_STONCKS
AIRFLOW_CTX_TASK_ID=BRONZE_STONCKS_GOOG
AIRFLOW_CTX_EXECUTION_DATE=2024-04-19T00:00:00+00:00
AIRFLOW_CTX_TRY_NUMBER=1
AIRFLOW_CTX_DAG_RUN_ID=scheduled__2024-04-19T00:00:00+00:00
[2024-09-16 00:16:17,808] {python.py:173} INFO - Done. Returned value was: None
[2024-09-16 00:16:18,084] {taskinstance.py:1395} INFO - Marking task as SUCCESS. dag_id=BRONZER_GET_STONCKS, task_id=BRONZE_STONCKS_GOOG, execution_date=20240419T000000, start_date=20240916T031616, end_date=20240916T031618
[2024-09-16 00:16:18,225] {local_task_job.py:156} INFO - Task exited with return code 0
[2024-09-16 00:16:18,550] {local_task_job.py:273} INFO - 0 downstream tasks scheduled from follow-on schedule check
