[2024-09-16 00:04:43,913] {taskinstance.py:1159} INFO - Dependencies all met for <TaskInstance: BRONZER_GET_STONCKS.BRONZE_STONCKS_TSLA scheduled__2024-03-26T00:00:00+00:00 [queued]>
[2024-09-16 00:04:43,962] {taskinstance.py:1159} INFO - Dependencies all met for <TaskInstance: BRONZER_GET_STONCKS.BRONZE_STONCKS_TSLA scheduled__2024-03-26T00:00:00+00:00 [queued]>
[2024-09-16 00:04:43,962] {taskinstance.py:1356} INFO - 
--------------------------------------------------------------------------------
[2024-09-16 00:04:43,962] {taskinstance.py:1357} INFO - Starting attempt 1 of 1
[2024-09-16 00:04:43,962] {taskinstance.py:1358} INFO - 
--------------------------------------------------------------------------------
[2024-09-16 00:04:44,001] {taskinstance.py:1377} INFO - Executing <Task(_PythonDecoratedOperator): BRONZE_STONCKS_TSLA> on 2024-03-26 00:00:00+00:00
[2024-09-16 00:04:44,021] {standard_task_runner.py:52} INFO - Started process 26043 to run task
[2024-09-16 00:04:44,049] {standard_task_runner.py:79} INFO - Running: ['airflow', 'tasks', 'run', 'BRONZER_GET_STONCKS', 'BRONZE_STONCKS_TSLA', 'scheduled__2024-03-26T00:00:00+00:00', '--job-id', '463', '--raw', '--subdir', 'DAGS_FOLDER/get_stocks.py', '--cfg-path', '/tmp/tmp3ntosi95', '--error-file', '/tmp/tmp4q55ewor']
[2024-09-16 00:04:44,050] {standard_task_runner.py:80} INFO - Job 463: Subtask BRONZE_STONCKS_TSLA
[2024-09-16 00:04:44,324] {task_command.py:370} INFO - Running <TaskInstance: BRONZER_GET_STONCKS.BRONZE_STONCKS_TSLA scheduled__2024-03-26T00:00:00+00:00 [running]> on host kaiwang.
[2024-09-16 00:04:44,743] {taskinstance.py:1569} INFO - Exporting the following env vars:
AIRFLOW_CTX_DAG_OWNER=airflow
AIRFLOW_CTX_DAG_ID=BRONZER_GET_STONCKS
AIRFLOW_CTX_TASK_ID=BRONZE_STONCKS_TSLA
AIRFLOW_CTX_EXECUTION_DATE=2024-03-26T00:00:00+00:00
AIRFLOW_CTX_TRY_NUMBER=1
AIRFLOW_CTX_DAG_RUN_ID=scheduled__2024-03-26T00:00:00+00:00
[2024-09-16 00:04:45,435] {python.py:173} INFO - Done. Returned value was: None
[2024-09-16 00:04:45,644] {taskinstance.py:1395} INFO - Marking task as SUCCESS. dag_id=BRONZER_GET_STONCKS, task_id=BRONZE_STONCKS_TSLA, execution_date=20240326T000000, start_date=20240916T030443, end_date=20240916T030445
[2024-09-16 00:04:45,714] {local_task_job.py:156} INFO - Task exited with return code 0
[2024-09-16 00:04:45,929] {local_task_job.py:273} INFO - 0 downstream tasks scheduled from follow-on schedule check
[2024-09-16 00:15:50,236] {taskinstance.py:1159} INFO - Dependencies all met for <TaskInstance: BRONZER_GET_STONCKS.BRONZE_STONCKS_TSLA scheduled__2024-03-26T00:00:00+00:00 [queued]>
[2024-09-16 00:15:50,267] {taskinstance.py:1159} INFO - Dependencies all met for <TaskInstance: BRONZER_GET_STONCKS.BRONZE_STONCKS_TSLA scheduled__2024-03-26T00:00:00+00:00 [queued]>
[2024-09-16 00:15:50,268] {taskinstance.py:1356} INFO - 
--------------------------------------------------------------------------------
[2024-09-16 00:15:50,268] {taskinstance.py:1357} INFO - Starting attempt 1 of 1
[2024-09-16 00:15:50,268] {taskinstance.py:1358} INFO - 
--------------------------------------------------------------------------------
[2024-09-16 00:15:50,312] {taskinstance.py:1377} INFO - Executing <Task(_PythonDecoratedOperator): BRONZE_STONCKS_TSLA> on 2024-03-26 00:00:00+00:00
[2024-09-16 00:15:50,317] {standard_task_runner.py:52} INFO - Started process 56639 to run task
[2024-09-16 00:15:50,336] {standard_task_runner.py:79} INFO - Running: ['airflow', 'tasks', 'run', 'BRONZER_GET_STONCKS', 'BRONZE_STONCKS_TSLA', 'scheduled__2024-03-26T00:00:00+00:00', '--job-id', '2231', '--raw', '--subdir', 'DAGS_FOLDER/get_stocks.py', '--cfg-path', '/tmp/tmp2a1zb4nb', '--error-file', '/tmp/tmpczsks186']
[2024-09-16 00:15:50,337] {standard_task_runner.py:80} INFO - Job 2231: Subtask BRONZE_STONCKS_TSLA
[2024-09-16 00:15:50,675] {task_command.py:370} INFO - Running <TaskInstance: BRONZER_GET_STONCKS.BRONZE_STONCKS_TSLA scheduled__2024-03-26T00:00:00+00:00 [running]> on host kaiwang.
[2024-09-16 00:15:50,935] {taskinstance.py:1569} INFO - Exporting the following env vars:
AIRFLOW_CTX_DAG_OWNER=airflow
AIRFLOW_CTX_DAG_ID=BRONZER_GET_STONCKS
AIRFLOW_CTX_TASK_ID=BRONZE_STONCKS_TSLA
AIRFLOW_CTX_EXECUTION_DATE=2024-03-26T00:00:00+00:00
AIRFLOW_CTX_TRY_NUMBER=1
AIRFLOW_CTX_DAG_RUN_ID=scheduled__2024-03-26T00:00:00+00:00
[2024-09-16 00:15:51,535] {python.py:173} INFO - Done. Returned value was: None
[2024-09-16 00:15:51,555] {taskinstance.py:1395} INFO - Marking task as SUCCESS. dag_id=BRONZER_GET_STONCKS, task_id=BRONZE_STONCKS_TSLA, execution_date=20240326T000000, start_date=20240916T031550, end_date=20240916T031551
[2024-09-16 00:15:51,611] {local_task_job.py:156} INFO - Task exited with return code 0
[2024-09-16 00:15:51,670] {local_task_job.py:273} INFO - 0 downstream tasks scheduled from follow-on schedule check
