[2024-09-16 00:07:53,659] {taskinstance.py:1159} INFO - Dependencies all met for <TaskInstance: BRONZER_GET_CRIPTOS.BRONZE_CRIPTO_BTC scheduled__2024-08-07T00:00:00+00:00 [queued]>
[2024-09-16 00:07:53,674] {taskinstance.py:1159} INFO - Dependencies all met for <TaskInstance: BRONZER_GET_CRIPTOS.BRONZE_CRIPTO_BTC scheduled__2024-08-07T00:00:00+00:00 [queued]>
[2024-09-16 00:07:53,674] {taskinstance.py:1356} INFO - 
--------------------------------------------------------------------------------
[2024-09-16 00:07:53,675] {taskinstance.py:1357} INFO - Starting attempt 1 of 1
[2024-09-16 00:07:53,675] {taskinstance.py:1358} INFO - 
--------------------------------------------------------------------------------
[2024-09-16 00:07:53,693] {taskinstance.py:1377} INFO - Executing <Task(_PythonDecoratedOperator): BRONZE_CRIPTO_BTC> on 2024-08-07 00:00:00+00:00
[2024-09-16 00:07:53,698] {standard_task_runner.py:52} INFO - Started process 41457 to run task
[2024-09-16 00:07:53,702] {standard_task_runner.py:79} INFO - Running: ['airflow', 'tasks', 'run', 'BRONZER_GET_CRIPTOS', 'BRONZE_CRIPTO_BTC', 'scheduled__2024-08-07T00:00:00+00:00', '--job-id', '1366', '--raw', '--subdir', 'DAGS_FOLDER/get_cripto.py', '--cfg-path', '/tmp/tmpl3jfvztx', '--error-file', '/tmp/tmpgw8gv8gx']
[2024-09-16 00:07:53,703] {standard_task_runner.py:80} INFO - Job 1366: Subtask BRONZE_CRIPTO_BTC
[2024-09-16 00:07:53,768] {task_command.py:370} INFO - Running <TaskInstance: BRONZER_GET_CRIPTOS.BRONZE_CRIPTO_BTC scheduled__2024-08-07T00:00:00+00:00 [running]> on host kaiwang.
[2024-09-16 00:07:53,836] {taskinstance.py:1569} INFO - Exporting the following env vars:
AIRFLOW_CTX_DAG_OWNER=airflow
AIRFLOW_CTX_DAG_ID=BRONZER_GET_CRIPTOS
AIRFLOW_CTX_TASK_ID=BRONZE_CRIPTO_BTC
AIRFLOW_CTX_EXECUTION_DATE=2024-08-07T00:00:00+00:00
AIRFLOW_CTX_TRY_NUMBER=1
AIRFLOW_CTX_DAG_RUN_ID=scheduled__2024-08-07T00:00:00+00:00
[2024-09-16 00:07:54,364] {python.py:173} INFO - Done. Returned value was: None
[2024-09-16 00:07:54,395] {taskinstance.py:1395} INFO - Marking task as SUCCESS. dag_id=BRONZER_GET_CRIPTOS, task_id=BRONZE_CRIPTO_BTC, execution_date=20240807T000000, start_date=20240916T030753, end_date=20240916T030754
[2024-09-16 00:07:54,435] {local_task_job.py:156} INFO - Task exited with return code 0
[2024-09-16 00:07:54,482] {local_task_job.py:273} INFO - 0 downstream tasks scheduled from follow-on schedule check
[2024-09-16 13:55:47,763] {taskinstance.py:1159} INFO - Dependencies all met for <TaskInstance: BRONZER_GET_CRIPTOS.BRONZE_CRIPTO_BTC scheduled__2024-08-07T00:00:00+00:00 [queued]>
[2024-09-16 13:55:47,800] {taskinstance.py:1159} INFO - Dependencies all met for <TaskInstance: BRONZER_GET_CRIPTOS.BRONZE_CRIPTO_BTC scheduled__2024-08-07T00:00:00+00:00 [queued]>
[2024-09-16 13:55:47,801] {taskinstance.py:1356} INFO - 
--------------------------------------------------------------------------------
[2024-09-16 13:55:47,801] {taskinstance.py:1357} INFO - Starting attempt 1 of 1
[2024-09-16 13:55:47,801] {taskinstance.py:1358} INFO - 
--------------------------------------------------------------------------------
[2024-09-16 13:55:47,820] {taskinstance.py:1377} INFO - Executing <Task(_PythonDecoratedOperator): BRONZE_CRIPTO_BTC> on 2024-08-07 00:00:00+00:00
[2024-09-16 13:55:47,827] {standard_task_runner.py:52} INFO - Started process 136370 to run task
[2024-09-16 13:55:47,831] {standard_task_runner.py:79} INFO - Running: ['airflow', 'tasks', 'run', 'BRONZER_GET_CRIPTOS', 'BRONZE_CRIPTO_BTC', 'scheduled__2024-08-07T00:00:00+00:00', '--job-id', '2462', '--raw', '--subdir', 'DAGS_FOLDER/get_cripto.py', '--cfg-path', '/tmp/tmpbo307qm7', '--error-file', '/tmp/tmp57k6yiaz']
[2024-09-16 13:55:47,853] {standard_task_runner.py:80} INFO - Job 2462: Subtask BRONZE_CRIPTO_BTC
[2024-09-16 13:55:48,065] {task_command.py:370} INFO - Running <TaskInstance: BRONZER_GET_CRIPTOS.BRONZE_CRIPTO_BTC scheduled__2024-08-07T00:00:00+00:00 [running]> on host kaiwang.
[2024-09-16 13:55:48,533] {taskinstance.py:1569} INFO - Exporting the following env vars:
AIRFLOW_CTX_DAG_OWNER=airflow
AIRFLOW_CTX_DAG_ID=BRONZER_GET_CRIPTOS
AIRFLOW_CTX_TASK_ID=BRONZE_CRIPTO_BTC
AIRFLOW_CTX_EXECUTION_DATE=2024-08-07T00:00:00+00:00
AIRFLOW_CTX_TRY_NUMBER=1
AIRFLOW_CTX_DAG_RUN_ID=scheduled__2024-08-07T00:00:00+00:00
[2024-09-16 13:55:49,115] {python.py:173} INFO - Done. Returned value was: None
[2024-09-16 13:55:49,158] {taskinstance.py:1395} INFO - Marking task as SUCCESS. dag_id=BRONZER_GET_CRIPTOS, task_id=BRONZE_CRIPTO_BTC, execution_date=20240807T000000, start_date=20240916T165547, end_date=20240916T165549
[2024-09-16 13:55:49,227] {local_task_job.py:156} INFO - Task exited with return code 0
[2024-09-16 13:55:49,287] {local_task_job.py:273} INFO - 0 downstream tasks scheduled from follow-on schedule check
