[2024-09-16 00:04:56,914] {taskinstance.py:1159} INFO - Dependencies all met for <TaskInstance: BRONZER_GET_STONCKS.BRONZE_STONCKS_TSLA scheduled__2024-04-05T00:00:00+00:00 [queued]>
[2024-09-16 00:04:56,936] {taskinstance.py:1159} INFO - Dependencies all met for <TaskInstance: BRONZER_GET_STONCKS.BRONZE_STONCKS_TSLA scheduled__2024-04-05T00:00:00+00:00 [queued]>
[2024-09-16 00:04:56,936] {taskinstance.py:1356} INFO - 
--------------------------------------------------------------------------------
[2024-09-16 00:04:56,936] {taskinstance.py:1357} INFO - Starting attempt 1 of 1
[2024-09-16 00:04:56,936] {taskinstance.py:1358} INFO - 
--------------------------------------------------------------------------------
[2024-09-16 00:04:56,994] {taskinstance.py:1377} INFO - Executing <Task(_PythonDecoratedOperator): BRONZE_STONCKS_TSLA> on 2024-04-05 00:00:00+00:00
[2024-09-16 00:04:57,006] {standard_task_runner.py:52} INFO - Started process 27066 to run task
[2024-09-16 00:04:57,025] {standard_task_runner.py:79} INFO - Running: ['airflow', 'tasks', 'run', 'BRONZER_GET_STONCKS', 'BRONZE_STONCKS_TSLA', 'scheduled__2024-04-05T00:00:00+00:00', '--job-id', '527', '--raw', '--subdir', 'DAGS_FOLDER/get_stocks.py', '--cfg-path', '/tmp/tmp2v9zwwjw', '--error-file', '/tmp/tmpjqk5lcw5']
[2024-09-16 00:04:57,026] {standard_task_runner.py:80} INFO - Job 527: Subtask BRONZE_STONCKS_TSLA
[2024-09-16 00:04:57,187] {task_command.py:370} INFO - Running <TaskInstance: BRONZER_GET_STONCKS.BRONZE_STONCKS_TSLA scheduled__2024-04-05T00:00:00+00:00 [running]> on host kaiwang.
[2024-09-16 00:04:57,317] {taskinstance.py:1569} INFO - Exporting the following env vars:
AIRFLOW_CTX_DAG_OWNER=airflow
AIRFLOW_CTX_DAG_ID=BRONZER_GET_STONCKS
AIRFLOW_CTX_TASK_ID=BRONZE_STONCKS_TSLA
AIRFLOW_CTX_EXECUTION_DATE=2024-04-05T00:00:00+00:00
AIRFLOW_CTX_TRY_NUMBER=1
AIRFLOW_CTX_DAG_RUN_ID=scheduled__2024-04-05T00:00:00+00:00
[2024-09-16 00:04:57,876] {python.py:173} INFO - Done. Returned value was: None
[2024-09-16 00:04:57,900] {taskinstance.py:1395} INFO - Marking task as SUCCESS. dag_id=BRONZER_GET_STONCKS, task_id=BRONZE_STONCKS_TSLA, execution_date=20240405T000000, start_date=20240916T030456, end_date=20240916T030457
[2024-09-16 00:04:57,960] {local_task_job.py:156} INFO - Task exited with return code 0
[2024-09-16 00:04:58,027] {local_task_job.py:273} INFO - 0 downstream tasks scheduled from follow-on schedule check
[2024-09-16 00:16:03,207] {taskinstance.py:1159} INFO - Dependencies all met for <TaskInstance: BRONZER_GET_STONCKS.BRONZE_STONCKS_TSLA scheduled__2024-04-05T00:00:00+00:00 [queued]>
[2024-09-16 00:16:03,247] {taskinstance.py:1159} INFO - Dependencies all met for <TaskInstance: BRONZER_GET_STONCKS.BRONZE_STONCKS_TSLA scheduled__2024-04-05T00:00:00+00:00 [queued]>
[2024-09-16 00:16:03,248] {taskinstance.py:1356} INFO - 
--------------------------------------------------------------------------------
[2024-09-16 00:16:03,248] {taskinstance.py:1357} INFO - Starting attempt 1 of 1
[2024-09-16 00:16:03,248] {taskinstance.py:1358} INFO - 
--------------------------------------------------------------------------------
[2024-09-16 00:16:03,278] {taskinstance.py:1377} INFO - Executing <Task(_PythonDecoratedOperator): BRONZE_STONCKS_TSLA> on 2024-04-05 00:00:00+00:00
[2024-09-16 00:16:03,286] {standard_task_runner.py:52} INFO - Started process 57735 to run task
[2024-09-16 00:16:03,299] {standard_task_runner.py:79} INFO - Running: ['airflow', 'tasks', 'run', 'BRONZER_GET_STONCKS', 'BRONZE_STONCKS_TSLA', 'scheduled__2024-04-05T00:00:00+00:00', '--job-id', '2293', '--raw', '--subdir', 'DAGS_FOLDER/get_stocks.py', '--cfg-path', '/tmp/tmp2dqawfh9', '--error-file', '/tmp/tmpl_imbtzw']
[2024-09-16 00:16:03,300] {standard_task_runner.py:80} INFO - Job 2293: Subtask BRONZE_STONCKS_TSLA
[2024-09-16 00:16:03,452] {task_command.py:370} INFO - Running <TaskInstance: BRONZER_GET_STONCKS.BRONZE_STONCKS_TSLA scheduled__2024-04-05T00:00:00+00:00 [running]> on host kaiwang.
[2024-09-16 00:16:03,621] {taskinstance.py:1569} INFO - Exporting the following env vars:
AIRFLOW_CTX_DAG_OWNER=airflow
AIRFLOW_CTX_DAG_ID=BRONZER_GET_STONCKS
AIRFLOW_CTX_TASK_ID=BRONZE_STONCKS_TSLA
AIRFLOW_CTX_EXECUTION_DATE=2024-04-05T00:00:00+00:00
AIRFLOW_CTX_TRY_NUMBER=1
AIRFLOW_CTX_DAG_RUN_ID=scheduled__2024-04-05T00:00:00+00:00
[2024-09-16 00:16:04,121] {python.py:173} INFO - Done. Returned value was: None
[2024-09-16 00:16:04,138] {taskinstance.py:1395} INFO - Marking task as SUCCESS. dag_id=BRONZER_GET_STONCKS, task_id=BRONZE_STONCKS_TSLA, execution_date=20240405T000000, start_date=20240916T031603, end_date=20240916T031604
[2024-09-16 00:16:04,169] {local_task_job.py:156} INFO - Task exited with return code 0
[2024-09-16 00:16:04,212] {local_task_job.py:273} INFO - 0 downstream tasks scheduled from follow-on schedule check
