[2024-09-16 00:07:25,665] {taskinstance.py:1159} INFO - Dependencies all met for <TaskInstance: BRONZER_GET_STONCKS.BRONZE_STONCKS_AAPL scheduled__2024-08-23T00:00:00+00:00 [queued]>
[2024-09-16 00:07:25,695] {taskinstance.py:1159} INFO - Dependencies all met for <TaskInstance: BRONZER_GET_STONCKS.BRONZE_STONCKS_AAPL scheduled__2024-08-23T00:00:00+00:00 [queued]>
[2024-09-16 00:07:25,696] {taskinstance.py:1356} INFO - 
--------------------------------------------------------------------------------
[2024-09-16 00:07:25,696] {taskinstance.py:1357} INFO - Starting attempt 1 of 1
[2024-09-16 00:07:25,696] {taskinstance.py:1358} INFO - 
--------------------------------------------------------------------------------
[2024-09-16 00:07:25,717] {taskinstance.py:1377} INFO - Executing <Task(_PythonDecoratedOperator): BRONZE_STONCKS_AAPL> on 2024-08-23 00:00:00+00:00
[2024-09-16 00:07:25,722] {standard_task_runner.py:52} INFO - Started process 39171 to run task
[2024-09-16 00:07:25,737] {standard_task_runner.py:79} INFO - Running: ['airflow', 'tasks', 'run', 'BRONZER_GET_STONCKS', 'BRONZE_STONCKS_AAPL', 'scheduled__2024-08-23T00:00:00+00:00', '--job-id', '1234', '--raw', '--subdir', 'DAGS_FOLDER/get_stocks.py', '--cfg-path', '/tmp/tmppxawrk21', '--error-file', '/tmp/tmpv6x03c6k']
[2024-09-16 00:07:25,738] {standard_task_runner.py:80} INFO - Job 1234: Subtask BRONZE_STONCKS_AAPL
[2024-09-16 00:07:25,867] {task_command.py:370} INFO - Running <TaskInstance: BRONZER_GET_STONCKS.BRONZE_STONCKS_AAPL scheduled__2024-08-23T00:00:00+00:00 [running]> on host kaiwang.
[2024-09-16 00:07:25,949] {taskinstance.py:1569} INFO - Exporting the following env vars:
AIRFLOW_CTX_DAG_OWNER=airflow
AIRFLOW_CTX_DAG_ID=BRONZER_GET_STONCKS
AIRFLOW_CTX_TASK_ID=BRONZE_STONCKS_AAPL
AIRFLOW_CTX_EXECUTION_DATE=2024-08-23T00:00:00+00:00
AIRFLOW_CTX_TRY_NUMBER=1
AIRFLOW_CTX_DAG_RUN_ID=scheduled__2024-08-23T00:00:00+00:00
[2024-09-16 00:07:26,600] {python.py:173} INFO - Done. Returned value was: None
[2024-09-16 00:07:26,691] {taskinstance.py:1395} INFO - Marking task as SUCCESS. dag_id=BRONZER_GET_STONCKS, task_id=BRONZE_STONCKS_AAPL, execution_date=20240823T000000, start_date=20240916T030725, end_date=20240916T030726
[2024-09-16 00:07:26,794] {local_task_job.py:156} INFO - Task exited with return code 0
[2024-09-16 00:07:26,983] {local_task_job.py:273} INFO - 0 downstream tasks scheduled from follow-on schedule check
[2024-09-16 13:56:20,103] {taskinstance.py:1159} INFO - Dependencies all met for <TaskInstance: BRONZER_GET_STONCKS.BRONZE_STONCKS_AAPL scheduled__2024-08-23T00:00:00+00:00 [queued]>
[2024-09-16 13:56:20,120] {taskinstance.py:1159} INFO - Dependencies all met for <TaskInstance: BRONZER_GET_STONCKS.BRONZE_STONCKS_AAPL scheduled__2024-08-23T00:00:00+00:00 [queued]>
[2024-09-16 13:56:20,120] {taskinstance.py:1356} INFO - 
--------------------------------------------------------------------------------
[2024-09-16 13:56:20,120] {taskinstance.py:1357} INFO - Starting attempt 1 of 1
[2024-09-16 13:56:20,120] {taskinstance.py:1358} INFO - 
--------------------------------------------------------------------------------
[2024-09-16 13:56:20,141] {taskinstance.py:1377} INFO - Executing <Task(_PythonDecoratedOperator): BRONZE_STONCKS_AAPL> on 2024-08-23 00:00:00+00:00
[2024-09-16 13:56:20,151] {standard_task_runner.py:52} INFO - Started process 138548 to run task
[2024-09-16 13:56:20,157] {standard_task_runner.py:79} INFO - Running: ['airflow', 'tasks', 'run', 'BRONZER_GET_STONCKS', 'BRONZE_STONCKS_AAPL', 'scheduled__2024-08-23T00:00:00+00:00', '--job-id', '2560', '--raw', '--subdir', 'DAGS_FOLDER/get_stocks.py', '--cfg-path', '/tmp/tmpabvk_zhf', '--error-file', '/tmp/tmpnd0_yuzx']
[2024-09-16 13:56:20,158] {standard_task_runner.py:80} INFO - Job 2560: Subtask BRONZE_STONCKS_AAPL
[2024-09-16 13:56:20,268] {task_command.py:370} INFO - Running <TaskInstance: BRONZER_GET_STONCKS.BRONZE_STONCKS_AAPL scheduled__2024-08-23T00:00:00+00:00 [running]> on host kaiwang.
[2024-09-16 13:56:20,553] {taskinstance.py:1569} INFO - Exporting the following env vars:
AIRFLOW_CTX_DAG_OWNER=airflow
AIRFLOW_CTX_DAG_ID=BRONZER_GET_STONCKS
AIRFLOW_CTX_TASK_ID=BRONZE_STONCKS_AAPL
AIRFLOW_CTX_EXECUTION_DATE=2024-08-23T00:00:00+00:00
AIRFLOW_CTX_TRY_NUMBER=1
AIRFLOW_CTX_DAG_RUN_ID=scheduled__2024-08-23T00:00:00+00:00
[2024-09-16 13:56:21,095] {python.py:173} INFO - Done. Returned value was: None
[2024-09-16 13:56:21,120] {taskinstance.py:1395} INFO - Marking task as SUCCESS. dag_id=BRONZER_GET_STONCKS, task_id=BRONZE_STONCKS_AAPL, execution_date=20240823T000000, start_date=20240916T165620, end_date=20240916T165621
[2024-09-16 13:56:21,174] {local_task_job.py:156} INFO - Task exited with return code 0
[2024-09-16 13:56:21,219] {local_task_job.py:273} INFO - 0 downstream tasks scheduled from follow-on schedule check
