[2024-09-16 00:02:58,027] {taskinstance.py:1159} INFO - Dependencies all met for <TaskInstance: BRONZER_GET_CRIPTOS.BRONZE_CRIPTO_BTC scheduled__2024-01-05T00:00:00+00:00 [queued]>
[2024-09-16 00:02:58,128] {taskinstance.py:1159} INFO - Dependencies all met for <TaskInstance: BRONZER_GET_CRIPTOS.BRONZE_CRIPTO_BTC scheduled__2024-01-05T00:00:00+00:00 [queued]>
[2024-09-16 00:02:58,128] {taskinstance.py:1356} INFO - 
--------------------------------------------------------------------------------
[2024-09-16 00:02:58,128] {taskinstance.py:1357} INFO - Starting attempt 1 of 1
[2024-09-16 00:02:58,129] {taskinstance.py:1358} INFO - 
--------------------------------------------------------------------------------
[2024-09-16 00:02:58,222] {taskinstance.py:1377} INFO - Executing <Task(_PythonDecoratedOperator): BRONZE_CRIPTO_BTC> on 2024-01-05 00:00:00+00:00
[2024-09-16 00:02:58,227] {standard_task_runner.py:52} INFO - Started process 18259 to run task
[2024-09-16 00:02:58,270] {standard_task_runner.py:79} INFO - Running: ['airflow', 'tasks', 'run', 'BRONZER_GET_CRIPTOS', 'BRONZE_CRIPTO_BTC', 'scheduled__2024-01-05T00:00:00+00:00', '--job-id', '16', '--raw', '--subdir', 'DAGS_FOLDER/get_cripto.py', '--cfg-path', '/tmp/tmpfzwtdm9c', '--error-file', '/tmp/tmp85vicawa']
[2024-09-16 00:02:58,271] {standard_task_runner.py:80} INFO - Job 16: Subtask BRONZE_CRIPTO_BTC
[2024-09-16 00:02:58,614] {task_command.py:370} INFO - Running <TaskInstance: BRONZER_GET_CRIPTOS.BRONZE_CRIPTO_BTC scheduled__2024-01-05T00:00:00+00:00 [running]> on host kaiwang.
[2024-09-16 00:02:59,110] {taskinstance.py:1569} INFO - Exporting the following env vars:
AIRFLOW_CTX_DAG_OWNER=airflow
AIRFLOW_CTX_DAG_ID=BRONZER_GET_CRIPTOS
AIRFLOW_CTX_TASK_ID=BRONZE_CRIPTO_BTC
AIRFLOW_CTX_EXECUTION_DATE=2024-01-05T00:00:00+00:00
AIRFLOW_CTX_TRY_NUMBER=1
AIRFLOW_CTX_DAG_RUN_ID=scheduled__2024-01-05T00:00:00+00:00
[2024-09-16 00:03:02,445] {history.py:244} ERROR - $BTC: possibly delisted; no price data found  (1h 2024-01-02 -> 2024-01-05) (Yahoo error = "Data doesn't exist for startDate = 1704171600, endDate = 1704430800")
[2024-09-16 00:03:02,455] {python.py:173} INFO - Done. Returned value was: None
[2024-09-16 00:03:02,528] {taskinstance.py:1395} INFO - Marking task as SUCCESS. dag_id=BRONZER_GET_CRIPTOS, task_id=BRONZE_CRIPTO_BTC, execution_date=20240105T000000, start_date=20240916T030258, end_date=20240916T030302
[2024-09-16 00:03:02,583] {local_task_job.py:156} INFO - Task exited with return code 0
[2024-09-16 00:03:02,759] {local_task_job.py:273} INFO - 0 downstream tasks scheduled from follow-on schedule check
[2024-09-16 00:12:42,730] {taskinstance.py:1159} INFO - Dependencies all met for <TaskInstance: BRONZER_GET_CRIPTOS.BRONZE_CRIPTO_BTC scheduled__2024-01-05T00:00:00+00:00 [queued]>
[2024-09-16 00:12:42,750] {taskinstance.py:1159} INFO - Dependencies all met for <TaskInstance: BRONZER_GET_CRIPTOS.BRONZE_CRIPTO_BTC scheduled__2024-01-05T00:00:00+00:00 [queued]>
[2024-09-16 00:12:42,750] {taskinstance.py:1356} INFO - 
--------------------------------------------------------------------------------
[2024-09-16 00:12:42,750] {taskinstance.py:1357} INFO - Starting attempt 1 of 1
[2024-09-16 00:12:42,750] {taskinstance.py:1358} INFO - 
--------------------------------------------------------------------------------
[2024-09-16 00:12:42,791] {taskinstance.py:1377} INFO - Executing <Task(_PythonDecoratedOperator): BRONZE_CRIPTO_BTC> on 2024-01-05 00:00:00+00:00
[2024-09-16 00:12:42,795] {standard_task_runner.py:52} INFO - Started process 43769 to run task
[2024-09-16 00:12:42,807] {standard_task_runner.py:79} INFO - Running: ['airflow', 'tasks', 'run', 'BRONZER_GET_CRIPTOS', 'BRONZE_CRIPTO_BTC', 'scheduled__2024-01-05T00:00:00+00:00', '--job-id', '1488', '--raw', '--subdir', 'DAGS_FOLDER/get_cripto.py', '--cfg-path', '/tmp/tmpsawqpaj0', '--error-file', '/tmp/tmpc5tezy_c']
[2024-09-16 00:12:42,808] {standard_task_runner.py:80} INFO - Job 1488: Subtask BRONZE_CRIPTO_BTC
[2024-09-16 00:12:43,035] {task_command.py:370} INFO - Running <TaskInstance: BRONZER_GET_CRIPTOS.BRONZE_CRIPTO_BTC scheduled__2024-01-05T00:00:00+00:00 [running]> on host kaiwang.
[2024-09-16 00:12:43,271] {taskinstance.py:1569} INFO - Exporting the following env vars:
AIRFLOW_CTX_DAG_OWNER=airflow
AIRFLOW_CTX_DAG_ID=BRONZER_GET_CRIPTOS
AIRFLOW_CTX_TASK_ID=BRONZE_CRIPTO_BTC
AIRFLOW_CTX_EXECUTION_DATE=2024-01-05T00:00:00+00:00
AIRFLOW_CTX_TRY_NUMBER=1
AIRFLOW_CTX_DAG_RUN_ID=scheduled__2024-01-05T00:00:00+00:00
[2024-09-16 00:12:46,084] {history.py:244} ERROR - $BTC: possibly delisted; no price data found  (1h 2024-01-02 -> 2024-01-05) (Yahoo error = "Data doesn't exist for startDate = 1704171600, endDate = 1704430800")
[2024-09-16 00:12:46,088] {python.py:173} INFO - Done. Returned value was: None
[2024-09-16 00:12:46,106] {taskinstance.py:1395} INFO - Marking task as SUCCESS. dag_id=BRONZER_GET_CRIPTOS, task_id=BRONZE_CRIPTO_BTC, execution_date=20240105T000000, start_date=20240916T031242, end_date=20240916T031246
[2024-09-16 00:12:46,139] {local_task_job.py:156} INFO - Task exited with return code 0
[2024-09-16 00:12:46,175] {local_task_job.py:273} INFO - 0 downstream tasks scheduled from follow-on schedule check
[2024-09-16 00:14:19,907] {taskinstance.py:1159} INFO - Dependencies all met for <TaskInstance: BRONZER_GET_CRIPTOS.BRONZE_CRIPTO_BTC scheduled__2024-01-05T00:00:00+00:00 [queued]>
[2024-09-16 00:14:19,951] {taskinstance.py:1159} INFO - Dependencies all met for <TaskInstance: BRONZER_GET_CRIPTOS.BRONZE_CRIPTO_BTC scheduled__2024-01-05T00:00:00+00:00 [queued]>
[2024-09-16 00:14:19,951] {taskinstance.py:1356} INFO - 
--------------------------------------------------------------------------------
[2024-09-16 00:14:19,951] {taskinstance.py:1357} INFO - Starting attempt 1 of 1
[2024-09-16 00:14:19,951] {taskinstance.py:1358} INFO - 
--------------------------------------------------------------------------------
[2024-09-16 00:14:20,000] {taskinstance.py:1377} INFO - Executing <Task(_PythonDecoratedOperator): BRONZE_CRIPTO_BTC> on 2024-01-05 00:00:00+00:00
[2024-09-16 00:14:20,005] {standard_task_runner.py:52} INFO - Started process 49314 to run task
[2024-09-16 00:14:20,025] {standard_task_runner.py:79} INFO - Running: ['airflow', 'tasks', 'run', 'BRONZER_GET_CRIPTOS', 'BRONZE_CRIPTO_BTC', 'scheduled__2024-01-05T00:00:00+00:00', '--job-id', '1801', '--raw', '--subdir', 'DAGS_FOLDER/get_cripto.py', '--cfg-path', '/tmp/tmpi95s21lz', '--error-file', '/tmp/tmp31xqbu12']
[2024-09-16 00:14:20,042] {standard_task_runner.py:80} INFO - Job 1801: Subtask BRONZE_CRIPTO_BTC
[2024-09-16 00:14:20,288] {task_command.py:370} INFO - Running <TaskInstance: BRONZER_GET_CRIPTOS.BRONZE_CRIPTO_BTC scheduled__2024-01-05T00:00:00+00:00 [running]> on host kaiwang.
[2024-09-16 00:14:20,513] {taskinstance.py:1569} INFO - Exporting the following env vars:
AIRFLOW_CTX_DAG_OWNER=airflow
AIRFLOW_CTX_DAG_ID=BRONZER_GET_CRIPTOS
AIRFLOW_CTX_TASK_ID=BRONZE_CRIPTO_BTC
AIRFLOW_CTX_EXECUTION_DATE=2024-01-05T00:00:00+00:00
AIRFLOW_CTX_TRY_NUMBER=1
AIRFLOW_CTX_DAG_RUN_ID=scheduled__2024-01-05T00:00:00+00:00
[2024-09-16 00:14:22,859] {history.py:244} ERROR - $BTC: possibly delisted; no price data found  (1h 2024-01-02 -> 2024-01-05) (Yahoo error = "Data doesn't exist for startDate = 1704171600, endDate = 1704430800")
[2024-09-16 00:14:22,862] {python.py:173} INFO - Done. Returned value was: None
[2024-09-16 00:14:22,877] {taskinstance.py:1395} INFO - Marking task as SUCCESS. dag_id=BRONZER_GET_CRIPTOS, task_id=BRONZE_CRIPTO_BTC, execution_date=20240105T000000, start_date=20240916T031419, end_date=20240916T031422
[2024-09-16 00:14:22,918] {local_task_job.py:156} INFO - Task exited with return code 0
[2024-09-16 00:14:22,953] {local_task_job.py:273} INFO - 0 downstream tasks scheduled from follow-on schedule check
