[2024-09-16 00:08:03,556] {taskinstance.py:1159} INFO - Dependencies all met for <TaskInstance: BRONZER_GET_CRIPTOS.BRONZE_CRIPTO_DOGE scheduled__2024-08-17T00:00:00+00:00 [queued]>
[2024-09-16 00:08:03,567] {taskinstance.py:1159} INFO - Dependencies all met for <TaskInstance: BRONZER_GET_CRIPTOS.BRONZE_CRIPTO_DOGE scheduled__2024-08-17T00:00:00+00:00 [queued]>
[2024-09-16 00:08:03,567] {taskinstance.py:1356} INFO - 
--------------------------------------------------------------------------------
[2024-09-16 00:08:03,567] {taskinstance.py:1357} INFO - Starting attempt 1 of 1
[2024-09-16 00:08:03,567] {taskinstance.py:1358} INFO - 
--------------------------------------------------------------------------------
[2024-09-16 00:08:03,583] {taskinstance.py:1377} INFO - Executing <Task(_PythonDecoratedOperator): BRONZE_CRIPTO_DOGE> on 2024-08-17 00:00:00+00:00
[2024-09-16 00:08:03,588] {standard_task_runner.py:52} INFO - Started process 41961 to run task
[2024-09-16 00:08:03,592] {standard_task_runner.py:79} INFO - Running: ['airflow', 'tasks', 'run', 'BRONZER_GET_CRIPTOS', 'BRONZE_CRIPTO_DOGE', 'scheduled__2024-08-17T00:00:00+00:00', '--job-id', '1396', '--raw', '--subdir', 'DAGS_FOLDER/get_cripto.py', '--cfg-path', '/tmp/tmp7d0ymy_u', '--error-file', '/tmp/tmpgbd2t077']
[2024-09-16 00:08:03,593] {standard_task_runner.py:80} INFO - Job 1396: Subtask BRONZE_CRIPTO_DOGE
[2024-09-16 00:08:03,691] {task_command.py:370} INFO - Running <TaskInstance: BRONZER_GET_CRIPTOS.BRONZE_CRIPTO_DOGE scheduled__2024-08-17T00:00:00+00:00 [running]> on host kaiwang.
[2024-09-16 00:08:03,773] {taskinstance.py:1569} INFO - Exporting the following env vars:
AIRFLOW_CTX_DAG_OWNER=airflow
AIRFLOW_CTX_DAG_ID=BRONZER_GET_CRIPTOS
AIRFLOW_CTX_TASK_ID=BRONZE_CRIPTO_DOGE
AIRFLOW_CTX_EXECUTION_DATE=2024-08-17T00:00:00+00:00
AIRFLOW_CTX_TRY_NUMBER=1
AIRFLOW_CTX_DAG_RUN_ID=scheduled__2024-08-17T00:00:00+00:00
[2024-09-16 00:08:06,227] {history.py:122} ERROR - $DOGE: possibly delisted; no timezone found
[2024-09-16 00:08:06,232] {python.py:173} INFO - Done. Returned value was: None
[2024-09-16 00:08:06,280] {taskinstance.py:1395} INFO - Marking task as SUCCESS. dag_id=BRONZER_GET_CRIPTOS, task_id=BRONZE_CRIPTO_DOGE, execution_date=20240817T000000, start_date=20240916T030803, end_date=20240916T030806
[2024-09-16 00:08:06,347] {local_task_job.py:156} INFO - Task exited with return code 0
[2024-09-16 00:08:06,428] {local_task_job.py:273} INFO - 0 downstream tasks scheduled from follow-on schedule check
[2024-09-16 13:56:12,729] {taskinstance.py:1159} INFO - Dependencies all met for <TaskInstance: BRONZER_GET_CRIPTOS.BRONZE_CRIPTO_DOGE scheduled__2024-08-17T00:00:00+00:00 [queued]>
[2024-09-16 13:56:12,770] {taskinstance.py:1159} INFO - Dependencies all met for <TaskInstance: BRONZER_GET_CRIPTOS.BRONZE_CRIPTO_DOGE scheduled__2024-08-17T00:00:00+00:00 [queued]>
[2024-09-16 13:56:12,770] {taskinstance.py:1356} INFO - 
--------------------------------------------------------------------------------
[2024-09-16 13:56:12,770] {taskinstance.py:1357} INFO - Starting attempt 1 of 1
[2024-09-16 13:56:12,770] {taskinstance.py:1358} INFO - 
--------------------------------------------------------------------------------
[2024-09-16 13:56:12,833] {taskinstance.py:1377} INFO - Executing <Task(_PythonDecoratedOperator): BRONZE_CRIPTO_DOGE> on 2024-08-17 00:00:00+00:00
[2024-09-16 13:56:12,857] {standard_task_runner.py:79} INFO - Running: ['airflow', 'tasks', 'run', 'BRONZER_GET_CRIPTOS', 'BRONZE_CRIPTO_DOGE', 'scheduled__2024-08-17T00:00:00+00:00', '--job-id', '2534', '--raw', '--subdir', 'DAGS_FOLDER/get_cripto.py', '--cfg-path', '/tmp/tmphrpe2jxb', '--error-file', '/tmp/tmp00qklrbl']
[2024-09-16 13:56:12,859] {standard_task_runner.py:80} INFO - Job 2534: Subtask BRONZE_CRIPTO_DOGE
[2024-09-16 13:56:12,841] {standard_task_runner.py:52} INFO - Started process 138034 to run task
[2024-09-16 13:56:13,167] {task_command.py:370} INFO - Running <TaskInstance: BRONZER_GET_CRIPTOS.BRONZE_CRIPTO_DOGE scheduled__2024-08-17T00:00:00+00:00 [running]> on host kaiwang.
[2024-09-16 13:56:14,127] {taskinstance.py:1569} INFO - Exporting the following env vars:
AIRFLOW_CTX_DAG_OWNER=airflow
AIRFLOW_CTX_DAG_ID=BRONZER_GET_CRIPTOS
AIRFLOW_CTX_TASK_ID=BRONZE_CRIPTO_DOGE
AIRFLOW_CTX_EXECUTION_DATE=2024-08-17T00:00:00+00:00
AIRFLOW_CTX_TRY_NUMBER=1
AIRFLOW_CTX_DAG_RUN_ID=scheduled__2024-08-17T00:00:00+00:00
[2024-09-16 13:56:18,233] {history.py:122} ERROR - $DOGE: possibly delisted; no timezone found
[2024-09-16 13:56:18,236] {python.py:173} INFO - Done. Returned value was: None
[2024-09-16 13:56:18,286] {taskinstance.py:1395} INFO - Marking task as SUCCESS. dag_id=BRONZER_GET_CRIPTOS, task_id=BRONZE_CRIPTO_DOGE, execution_date=20240817T000000, start_date=20240916T165612, end_date=20240916T165618
[2024-09-16 13:56:18,368] {local_task_job.py:156} INFO - Task exited with return code 0
[2024-09-16 13:56:18,484] {local_task_job.py:273} INFO - 0 downstream tasks scheduled from follow-on schedule check
