[2024-09-16 00:04:46,610] {taskinstance.py:1159} INFO - Dependencies all met for <TaskInstance: BRONZER_GET_CRIPTOS.BRONZE_CRIPTO_ETH scheduled__2024-03-19T00:00:00+00:00 [queued]>
[2024-09-16 00:04:46,650] {taskinstance.py:1159} INFO - Dependencies all met for <TaskInstance: BRONZER_GET_CRIPTOS.BRONZE_CRIPTO_ETH scheduled__2024-03-19T00:00:00+00:00 [queued]>
[2024-09-16 00:04:46,650] {taskinstance.py:1356} INFO - 
--------------------------------------------------------------------------------
[2024-09-16 00:04:46,651] {taskinstance.py:1357} INFO - Starting attempt 1 of 1
[2024-09-16 00:04:46,651] {taskinstance.py:1358} INFO - 
--------------------------------------------------------------------------------
[2024-09-16 00:04:46,695] {taskinstance.py:1377} INFO - Executing <Task(_PythonDecoratedOperator): BRONZE_CRIPTO_ETH> on 2024-03-19 00:00:00+00:00
[2024-09-16 00:04:46,704] {standard_task_runner.py:52} INFO - Started process 26271 to run task
[2024-09-16 00:04:46,724] {standard_task_runner.py:79} INFO - Running: ['airflow', 'tasks', 'run', 'BRONZER_GET_CRIPTOS', 'BRONZE_CRIPTO_ETH', 'scheduled__2024-03-19T00:00:00+00:00', '--job-id', '477', '--raw', '--subdir', 'DAGS_FOLDER/get_cripto.py', '--cfg-path', '/tmp/tmpfejocx40', '--error-file', '/tmp/tmphz3hxekl']
[2024-09-16 00:04:46,725] {standard_task_runner.py:80} INFO - Job 477: Subtask BRONZE_CRIPTO_ETH
[2024-09-16 00:04:47,042] {task_command.py:370} INFO - Running <TaskInstance: BRONZER_GET_CRIPTOS.BRONZE_CRIPTO_ETH scheduled__2024-03-19T00:00:00+00:00 [running]> on host kaiwang.
[2024-09-16 00:04:47,576] {taskinstance.py:1569} INFO - Exporting the following env vars:
AIRFLOW_CTX_DAG_OWNER=airflow
AIRFLOW_CTX_DAG_ID=BRONZER_GET_CRIPTOS
AIRFLOW_CTX_TASK_ID=BRONZE_CRIPTO_ETH
AIRFLOW_CTX_EXECUTION_DATE=2024-03-19T00:00:00+00:00
AIRFLOW_CTX_TRY_NUMBER=1
AIRFLOW_CTX_DAG_RUN_ID=scheduled__2024-03-19T00:00:00+00:00
[2024-09-16 00:04:50,693] {history.py:244} ERROR - $ETH: possibly delisted; no price data found  (1h 2024-03-16 -> 2024-03-19) (Yahoo error = "Data doesn't exist for startDate = 1710561600, endDate = 1710820800")
[2024-09-16 00:04:50,698] {python.py:173} INFO - Done. Returned value was: None
[2024-09-16 00:04:50,758] {taskinstance.py:1395} INFO - Marking task as SUCCESS. dag_id=BRONZER_GET_CRIPTOS, task_id=BRONZE_CRIPTO_ETH, execution_date=20240319T000000, start_date=20240916T030446, end_date=20240916T030450
[2024-09-16 00:04:50,827] {local_task_job.py:156} INFO - Task exited with return code 0
[2024-09-16 00:04:50,984] {local_task_job.py:273} INFO - 0 downstream tasks scheduled from follow-on schedule check
[2024-09-16 00:15:59,803] {taskinstance.py:1159} INFO - Dependencies all met for <TaskInstance: BRONZER_GET_CRIPTOS.BRONZE_CRIPTO_ETH scheduled__2024-03-19T00:00:00+00:00 [queued]>
[2024-09-16 00:15:59,871] {taskinstance.py:1159} INFO - Dependencies all met for <TaskInstance: BRONZER_GET_CRIPTOS.BRONZE_CRIPTO_ETH scheduled__2024-03-19T00:00:00+00:00 [queued]>
[2024-09-16 00:15:59,871] {taskinstance.py:1356} INFO - 
--------------------------------------------------------------------------------
[2024-09-16 00:15:59,871] {taskinstance.py:1357} INFO - Starting attempt 1 of 1
[2024-09-16 00:15:59,871] {taskinstance.py:1358} INFO - 
--------------------------------------------------------------------------------
[2024-09-16 00:15:59,927] {taskinstance.py:1377} INFO - Executing <Task(_PythonDecoratedOperator): BRONZE_CRIPTO_ETH> on 2024-03-19 00:00:00+00:00
[2024-09-16 00:15:59,933] {standard_task_runner.py:52} INFO - Started process 57455 to run task
[2024-09-16 00:15:59,966] {standard_task_runner.py:79} INFO - Running: ['airflow', 'tasks', 'run', 'BRONZER_GET_CRIPTOS', 'BRONZE_CRIPTO_ETH', 'scheduled__2024-03-19T00:00:00+00:00', '--job-id', '2271', '--raw', '--subdir', 'DAGS_FOLDER/get_cripto.py', '--cfg-path', '/tmp/tmpn75au5hw', '--error-file', '/tmp/tmpcbg4zaw0']
[2024-09-16 00:15:59,967] {standard_task_runner.py:80} INFO - Job 2271: Subtask BRONZE_CRIPTO_ETH
[2024-09-16 00:16:00,268] {task_command.py:370} INFO - Running <TaskInstance: BRONZER_GET_CRIPTOS.BRONZE_CRIPTO_ETH scheduled__2024-03-19T00:00:00+00:00 [running]> on host kaiwang.
[2024-09-16 00:16:00,732] {taskinstance.py:1569} INFO - Exporting the following env vars:
AIRFLOW_CTX_DAG_OWNER=airflow
AIRFLOW_CTX_DAG_ID=BRONZER_GET_CRIPTOS
AIRFLOW_CTX_TASK_ID=BRONZE_CRIPTO_ETH
AIRFLOW_CTX_EXECUTION_DATE=2024-03-19T00:00:00+00:00
AIRFLOW_CTX_TRY_NUMBER=1
AIRFLOW_CTX_DAG_RUN_ID=scheduled__2024-03-19T00:00:00+00:00
[2024-09-16 00:16:03,390] {history.py:244} ERROR - $ETH: possibly delisted; no price data found  (1h 2024-03-16 -> 2024-03-19) (Yahoo error = "Data doesn't exist for startDate = 1710561600, endDate = 1710820800")
[2024-09-16 00:16:03,394] {python.py:173} INFO - Done. Returned value was: None
[2024-09-16 00:16:03,419] {taskinstance.py:1395} INFO - Marking task as SUCCESS. dag_id=BRONZER_GET_CRIPTOS, task_id=BRONZE_CRIPTO_ETH, execution_date=20240319T000000, start_date=20240916T031559, end_date=20240916T031603
[2024-09-16 00:16:03,486] {local_task_job.py:156} INFO - Task exited with return code 0
[2024-09-16 00:16:03,574] {local_task_job.py:273} INFO - 0 downstream tasks scheduled from follow-on schedule check
