[2024-09-16 00:04:03,791] {taskinstance.py:1159} INFO - Dependencies all met for <TaskInstance: BRONZER_GET_CRIPTOS.BRONZE_CRIPTO_AVAX scheduled__2024-02-15T00:00:00+00:00 [queued]>
[2024-09-16 00:04:03,833] {taskinstance.py:1159} INFO - Dependencies all met for <TaskInstance: BRONZER_GET_CRIPTOS.BRONZE_CRIPTO_AVAX scheduled__2024-02-15T00:00:00+00:00 [queued]>
[2024-09-16 00:04:03,833] {taskinstance.py:1356} INFO - 
--------------------------------------------------------------------------------
[2024-09-16 00:04:03,833] {taskinstance.py:1357} INFO - Starting attempt 1 of 1
[2024-09-16 00:04:03,833] {taskinstance.py:1358} INFO - 
--------------------------------------------------------------------------------
[2024-09-16 00:04:03,864] {taskinstance.py:1377} INFO - Executing <Task(_PythonDecoratedOperator): BRONZE_CRIPTO_AVAX> on 2024-02-15 00:00:00+00:00
[2024-09-16 00:04:03,869] {standard_task_runner.py:52} INFO - Started process 22822 to run task
[2024-09-16 00:04:03,913] {standard_task_runner.py:79} INFO - Running: ['airflow', 'tasks', 'run', 'BRONZER_GET_CRIPTOS', 'BRONZE_CRIPTO_AVAX', 'scheduled__2024-02-15T00:00:00+00:00', '--job-id', '278', '--raw', '--subdir', 'DAGS_FOLDER/get_cripto.py', '--cfg-path', '/tmp/tmp1b661qqn', '--error-file', '/tmp/tmpeslq7pmc']
[2024-09-16 00:04:03,914] {standard_task_runner.py:80} INFO - Job 278: Subtask BRONZE_CRIPTO_AVAX
[2024-09-16 00:04:04,092] {task_command.py:370} INFO - Running <TaskInstance: BRONZER_GET_CRIPTOS.BRONZE_CRIPTO_AVAX scheduled__2024-02-15T00:00:00+00:00 [running]> on host kaiwang.
[2024-09-16 00:04:04,359] {taskinstance.py:1569} INFO - Exporting the following env vars:
AIRFLOW_CTX_DAG_OWNER=airflow
AIRFLOW_CTX_DAG_ID=BRONZER_GET_CRIPTOS
AIRFLOW_CTX_TASK_ID=BRONZE_CRIPTO_AVAX
AIRFLOW_CTX_EXECUTION_DATE=2024-02-15T00:00:00+00:00
AIRFLOW_CTX_TRY_NUMBER=1
AIRFLOW_CTX_DAG_RUN_ID=scheduled__2024-02-15T00:00:00+00:00
[2024-09-16 00:04:07,892] {history.py:122} ERROR - $AVAX: possibly delisted; no timezone found
[2024-09-16 00:04:07,898] {python.py:173} INFO - Done. Returned value was: None
[2024-09-16 00:04:08,060] {taskinstance.py:1395} INFO - Marking task as SUCCESS. dag_id=BRONZER_GET_CRIPTOS, task_id=BRONZE_CRIPTO_AVAX, execution_date=20240215T000000, start_date=20240916T030403, end_date=20240916T030408
[2024-09-16 00:04:08,209] {local_task_job.py:156} INFO - Task exited with return code 0
[2024-09-16 00:04:08,717] {local_task_job.py:273} INFO - 0 downstream tasks scheduled from follow-on schedule check
[2024-09-16 00:13:41,273] {taskinstance.py:1159} INFO - Dependencies all met for <TaskInstance: BRONZER_GET_CRIPTOS.BRONZE_CRIPTO_AVAX scheduled__2024-02-15T00:00:00+00:00 [queued]>
[2024-09-16 00:13:41,288] {taskinstance.py:1159} INFO - Dependencies all met for <TaskInstance: BRONZER_GET_CRIPTOS.BRONZE_CRIPTO_AVAX scheduled__2024-02-15T00:00:00+00:00 [queued]>
[2024-09-16 00:13:41,288] {taskinstance.py:1356} INFO - 
--------------------------------------------------------------------------------
[2024-09-16 00:13:41,288] {taskinstance.py:1357} INFO - Starting attempt 1 of 1
[2024-09-16 00:13:41,289] {taskinstance.py:1358} INFO - 
--------------------------------------------------------------------------------
[2024-09-16 00:13:41,357] {taskinstance.py:1377} INFO - Executing <Task(_PythonDecoratedOperator): BRONZE_CRIPTO_AVAX> on 2024-02-15 00:00:00+00:00
[2024-09-16 00:13:41,377] {standard_task_runner.py:52} INFO - Started process 48374 to run task
[2024-09-16 00:13:41,406] {standard_task_runner.py:79} INFO - Running: ['airflow', 'tasks', 'run', 'BRONZER_GET_CRIPTOS', 'BRONZE_CRIPTO_AVAX', 'scheduled__2024-02-15T00:00:00+00:00', '--job-id', '1751', '--raw', '--subdir', 'DAGS_FOLDER/get_cripto.py', '--cfg-path', '/tmp/tmpt1ygk3b1', '--error-file', '/tmp/tmpjky9xc0n']
[2024-09-16 00:13:41,407] {standard_task_runner.py:80} INFO - Job 1751: Subtask BRONZE_CRIPTO_AVAX
[2024-09-16 00:13:41,737] {task_command.py:370} INFO - Running <TaskInstance: BRONZER_GET_CRIPTOS.BRONZE_CRIPTO_AVAX scheduled__2024-02-15T00:00:00+00:00 [running]> on host kaiwang.
[2024-09-16 00:13:42,081] {taskinstance.py:1569} INFO - Exporting the following env vars:
AIRFLOW_CTX_DAG_OWNER=airflow
AIRFLOW_CTX_DAG_ID=BRONZER_GET_CRIPTOS
AIRFLOW_CTX_TASK_ID=BRONZE_CRIPTO_AVAX
AIRFLOW_CTX_EXECUTION_DATE=2024-02-15T00:00:00+00:00
AIRFLOW_CTX_TRY_NUMBER=1
AIRFLOW_CTX_DAG_RUN_ID=scheduled__2024-02-15T00:00:00+00:00
[2024-09-16 00:13:45,437] {history.py:122} ERROR - $AVAX: possibly delisted; no timezone found
[2024-09-16 00:13:45,442] {python.py:173} INFO - Done. Returned value was: None
[2024-09-16 00:13:45,471] {taskinstance.py:1395} INFO - Marking task as SUCCESS. dag_id=BRONZER_GET_CRIPTOS, task_id=BRONZE_CRIPTO_AVAX, execution_date=20240215T000000, start_date=20240916T031341, end_date=20240916T031345
[2024-09-16 00:13:45,555] {local_task_job.py:156} INFO - Task exited with return code 0
[2024-09-16 00:13:45,827] {local_task_job.py:273} INFO - 0 downstream tasks scheduled from follow-on schedule check
[2024-09-16 00:15:16,903] {taskinstance.py:1159} INFO - Dependencies all met for <TaskInstance: BRONZER_GET_CRIPTOS.BRONZE_CRIPTO_AVAX scheduled__2024-02-15T00:00:00+00:00 [queued]>
[2024-09-16 00:15:16,941] {taskinstance.py:1159} INFO - Dependencies all met for <TaskInstance: BRONZER_GET_CRIPTOS.BRONZE_CRIPTO_AVAX scheduled__2024-02-15T00:00:00+00:00 [queued]>
[2024-09-16 00:15:16,941] {taskinstance.py:1356} INFO - 
--------------------------------------------------------------------------------
[2024-09-16 00:15:16,941] {taskinstance.py:1357} INFO - Starting attempt 1 of 1
[2024-09-16 00:15:16,941] {taskinstance.py:1358} INFO - 
--------------------------------------------------------------------------------
[2024-09-16 00:15:16,987] {taskinstance.py:1377} INFO - Executing <Task(_PythonDecoratedOperator): BRONZE_CRIPTO_AVAX> on 2024-02-15 00:00:00+00:00
[2024-09-16 00:15:16,993] {standard_task_runner.py:52} INFO - Started process 53925 to run task
[2024-09-16 00:15:17,018] {standard_task_runner.py:79} INFO - Running: ['airflow', 'tasks', 'run', 'BRONZER_GET_CRIPTOS', 'BRONZE_CRIPTO_AVAX', 'scheduled__2024-02-15T00:00:00+00:00', '--job-id', '2072', '--raw', '--subdir', 'DAGS_FOLDER/get_cripto.py', '--cfg-path', '/tmp/tmpkq91uq_y', '--error-file', '/tmp/tmpc3fwp_sf']
[2024-09-16 00:15:17,022] {standard_task_runner.py:80} INFO - Job 2072: Subtask BRONZE_CRIPTO_AVAX
[2024-09-16 00:15:17,344] {task_command.py:370} INFO - Running <TaskInstance: BRONZER_GET_CRIPTOS.BRONZE_CRIPTO_AVAX scheduled__2024-02-15T00:00:00+00:00 [running]> on host kaiwang.
[2024-09-16 00:15:17,609] {taskinstance.py:1569} INFO - Exporting the following env vars:
AIRFLOW_CTX_DAG_OWNER=airflow
AIRFLOW_CTX_DAG_ID=BRONZER_GET_CRIPTOS
AIRFLOW_CTX_TASK_ID=BRONZE_CRIPTO_AVAX
AIRFLOW_CTX_EXECUTION_DATE=2024-02-15T00:00:00+00:00
AIRFLOW_CTX_TRY_NUMBER=1
AIRFLOW_CTX_DAG_RUN_ID=scheduled__2024-02-15T00:00:00+00:00
[2024-09-16 00:15:20,801] {history.py:122} ERROR - $AVAX: possibly delisted; no timezone found
[2024-09-16 00:15:20,805] {python.py:173} INFO - Done. Returned value was: None
[2024-09-16 00:15:21,039] {taskinstance.py:1395} INFO - Marking task as SUCCESS. dag_id=BRONZER_GET_CRIPTOS, task_id=BRONZE_CRIPTO_AVAX, execution_date=20240215T000000, start_date=20240916T031516, end_date=20240916T031521
[2024-09-16 00:15:21,119] {local_task_job.py:156} INFO - Task exited with return code 0
[2024-09-16 00:15:21,472] {local_task_job.py:273} INFO - 0 downstream tasks scheduled from follow-on schedule check
