[2024-09-16 00:07:11,457] {taskinstance.py:1159} INFO - Dependencies all met for <TaskInstance: BRONZER_GET_STONCKS.BRONZE_STONCKS_MSFT scheduled__2024-08-08T00:00:00+00:00 [queued]>
[2024-09-16 00:07:11,497] {taskinstance.py:1159} INFO - Dependencies all met for <TaskInstance: BRONZER_GET_STONCKS.BRONZE_STONCKS_MSFT scheduled__2024-08-08T00:00:00+00:00 [queued]>
[2024-09-16 00:07:11,498] {taskinstance.py:1356} INFO - 
--------------------------------------------------------------------------------
[2024-09-16 00:07:11,498] {taskinstance.py:1357} INFO - Starting attempt 1 of 1
[2024-09-16 00:07:11,498] {taskinstance.py:1358} INFO - 
--------------------------------------------------------------------------------
[2024-09-16 00:07:11,584] {taskinstance.py:1377} INFO - Executing <Task(_PythonDecoratedOperator): BRONZE_STONCKS_MSFT> on 2024-08-08 00:00:00+00:00
[2024-09-16 00:07:11,605] {standard_task_runner.py:52} INFO - Started process 37939 to run task
[2024-09-16 00:07:11,637] {standard_task_runner.py:79} INFO - Running: ['airflow', 'tasks', 'run', 'BRONZER_GET_STONCKS', 'BRONZE_STONCKS_MSFT', 'scheduled__2024-08-08T00:00:00+00:00', '--job-id', '1160', '--raw', '--subdir', 'DAGS_FOLDER/get_stocks.py', '--cfg-path', '/tmp/tmpv1ti9mhp', '--error-file', '/tmp/tmphpoulksp']
[2024-09-16 00:07:11,638] {standard_task_runner.py:80} INFO - Job 1160: Subtask BRONZE_STONCKS_MSFT
[2024-09-16 00:07:11,951] {task_command.py:370} INFO - Running <TaskInstance: BRONZER_GET_STONCKS.BRONZE_STONCKS_MSFT scheduled__2024-08-08T00:00:00+00:00 [running]> on host kaiwang.
[2024-09-16 00:07:12,247] {taskinstance.py:1569} INFO - Exporting the following env vars:
AIRFLOW_CTX_DAG_OWNER=airflow
AIRFLOW_CTX_DAG_ID=BRONZER_GET_STONCKS
AIRFLOW_CTX_TASK_ID=BRONZE_STONCKS_MSFT
AIRFLOW_CTX_EXECUTION_DATE=2024-08-08T00:00:00+00:00
AIRFLOW_CTX_TRY_NUMBER=1
AIRFLOW_CTX_DAG_RUN_ID=scheduled__2024-08-08T00:00:00+00:00
[2024-09-16 00:07:13,287] {python.py:173} INFO - Done. Returned value was: None
[2024-09-16 00:07:13,313] {taskinstance.py:1395} INFO - Marking task as SUCCESS. dag_id=BRONZER_GET_STONCKS, task_id=BRONZE_STONCKS_MSFT, execution_date=20240808T000000, start_date=20240916T030711, end_date=20240916T030713
[2024-09-16 00:07:13,380] {local_task_job.py:156} INFO - Task exited with return code 0
[2024-09-16 00:07:13,493] {local_task_job.py:273} INFO - 0 downstream tasks scheduled from follow-on schedule check
[2024-09-16 13:55:52,978] {taskinstance.py:1159} INFO - Dependencies all met for <TaskInstance: BRONZER_GET_STONCKS.BRONZE_STONCKS_MSFT scheduled__2024-08-08T00:00:00+00:00 [queued]>
[2024-09-16 13:55:53,000] {taskinstance.py:1159} INFO - Dependencies all met for <TaskInstance: BRONZER_GET_STONCKS.BRONZE_STONCKS_MSFT scheduled__2024-08-08T00:00:00+00:00 [queued]>
[2024-09-16 13:55:53,001] {taskinstance.py:1356} INFO - 
--------------------------------------------------------------------------------
[2024-09-16 13:55:53,001] {taskinstance.py:1357} INFO - Starting attempt 1 of 1
[2024-09-16 13:55:53,001] {taskinstance.py:1358} INFO - 
--------------------------------------------------------------------------------
[2024-09-16 13:55:53,037] {taskinstance.py:1377} INFO - Executing <Task(_PythonDecoratedOperator): BRONZE_STONCKS_MSFT> on 2024-08-08 00:00:00+00:00
[2024-09-16 13:55:53,046] {standard_task_runner.py:52} INFO - Started process 136781 to run task
[2024-09-16 13:55:53,050] {standard_task_runner.py:79} INFO - Running: ['airflow', 'tasks', 'run', 'BRONZER_GET_STONCKS', 'BRONZE_STONCKS_MSFT', 'scheduled__2024-08-08T00:00:00+00:00', '--job-id', '2480', '--raw', '--subdir', 'DAGS_FOLDER/get_stocks.py', '--cfg-path', '/tmp/tmppkcuavxp', '--error-file', '/tmp/tmpfwwfcncz']
[2024-09-16 13:55:53,053] {standard_task_runner.py:80} INFO - Job 2480: Subtask BRONZE_STONCKS_MSFT
[2024-09-16 13:55:53,228] {task_command.py:370} INFO - Running <TaskInstance: BRONZER_GET_STONCKS.BRONZE_STONCKS_MSFT scheduled__2024-08-08T00:00:00+00:00 [running]> on host kaiwang.
[2024-09-16 13:55:53,667] {taskinstance.py:1569} INFO - Exporting the following env vars:
AIRFLOW_CTX_DAG_OWNER=airflow
AIRFLOW_CTX_DAG_ID=BRONZER_GET_STONCKS
AIRFLOW_CTX_TASK_ID=BRONZE_STONCKS_MSFT
AIRFLOW_CTX_EXECUTION_DATE=2024-08-08T00:00:00+00:00
AIRFLOW_CTX_TRY_NUMBER=1
AIRFLOW_CTX_DAG_RUN_ID=scheduled__2024-08-08T00:00:00+00:00
[2024-09-16 13:55:54,252] {python.py:173} INFO - Done. Returned value was: None
[2024-09-16 13:55:54,345] {taskinstance.py:1395} INFO - Marking task as SUCCESS. dag_id=BRONZER_GET_STONCKS, task_id=BRONZE_STONCKS_MSFT, execution_date=20240808T000000, start_date=20240916T165552, end_date=20240916T165554
[2024-09-16 13:55:54,480] {local_task_job.py:156} INFO - Task exited with return code 0
[2024-09-16 13:55:54,642] {local_task_job.py:273} INFO - 0 downstream tasks scheduled from follow-on schedule check
