[2024-09-16 00:05:03,940] {taskinstance.py:1159} INFO - Dependencies all met for <TaskInstance: BRONZER_GET_CRIPTOS.BRONZE_CRIPTO_ETH scheduled__2024-03-29T00:00:00+00:00 [queued]>
[2024-09-16 00:05:03,960] {taskinstance.py:1159} INFO - Dependencies all met for <TaskInstance: BRONZER_GET_CRIPTOS.BRONZE_CRIPTO_ETH scheduled__2024-03-29T00:00:00+00:00 [queued]>
[2024-09-16 00:05:03,961] {taskinstance.py:1356} INFO - 
--------------------------------------------------------------------------------
[2024-09-16 00:05:03,961] {taskinstance.py:1357} INFO - Starting attempt 1 of 1
[2024-09-16 00:05:03,961] {taskinstance.py:1358} INFO - 
--------------------------------------------------------------------------------
[2024-09-16 00:05:04,038] {taskinstance.py:1377} INFO - Executing <Task(_PythonDecoratedOperator): BRONZE_CRIPTO_ETH> on 2024-03-29 00:00:00+00:00
[2024-09-16 00:05:04,108] {standard_task_runner.py:79} INFO - Running: ['airflow', 'tasks', 'run', 'BRONZER_GET_CRIPTOS', 'BRONZE_CRIPTO_ETH', 'scheduled__2024-03-29T00:00:00+00:00', '--job-id', '547', '--raw', '--subdir', 'DAGS_FOLDER/get_cripto.py', '--cfg-path', '/tmp/tmp4un2l9li', '--error-file', '/tmp/tmpb39r4tjn']
[2024-09-16 00:05:04,110] {standard_task_runner.py:80} INFO - Job 547: Subtask BRONZE_CRIPTO_ETH
[2024-09-16 00:05:04,050] {standard_task_runner.py:52} INFO - Started process 27410 to run task
[2024-09-16 00:05:04,796] {task_command.py:370} INFO - Running <TaskInstance: BRONZER_GET_CRIPTOS.BRONZE_CRIPTO_ETH scheduled__2024-03-29T00:00:00+00:00 [running]> on host kaiwang.
[2024-09-16 00:05:05,856] {taskinstance.py:1569} INFO - Exporting the following env vars:
AIRFLOW_CTX_DAG_OWNER=airflow
AIRFLOW_CTX_DAG_ID=BRONZER_GET_CRIPTOS
AIRFLOW_CTX_TASK_ID=BRONZE_CRIPTO_ETH
AIRFLOW_CTX_EXECUTION_DATE=2024-03-29T00:00:00+00:00
AIRFLOW_CTX_TRY_NUMBER=1
AIRFLOW_CTX_DAG_RUN_ID=scheduled__2024-03-29T00:00:00+00:00
[2024-09-16 00:05:08,976] {history.py:244} ERROR - $ETH: possibly delisted; no price data found  (1h 2024-03-26 -> 2024-03-29) (Yahoo error = "Data doesn't exist for startDate = 1711425600, endDate = 1711684800")
[2024-09-16 00:05:08,988] {python.py:173} INFO - Done. Returned value was: None
[2024-09-16 00:05:09,047] {taskinstance.py:1395} INFO - Marking task as SUCCESS. dag_id=BRONZER_GET_CRIPTOS, task_id=BRONZE_CRIPTO_ETH, execution_date=20240329T000000, start_date=20240916T030503, end_date=20240916T030509
[2024-09-16 00:05:09,121] {local_task_job.py:156} INFO - Task exited with return code 0
[2024-09-16 00:05:09,459] {local_task_job.py:273} INFO - 0 downstream tasks scheduled from follow-on schedule check
[2024-09-16 00:16:16,974] {taskinstance.py:1159} INFO - Dependencies all met for <TaskInstance: BRONZER_GET_CRIPTOS.BRONZE_CRIPTO_ETH scheduled__2024-03-29T00:00:00+00:00 [queued]>
[2024-09-16 00:16:16,997] {taskinstance.py:1159} INFO - Dependencies all met for <TaskInstance: BRONZER_GET_CRIPTOS.BRONZE_CRIPTO_ETH scheduled__2024-03-29T00:00:00+00:00 [queued]>
[2024-09-16 00:16:16,997] {taskinstance.py:1356} INFO - 
--------------------------------------------------------------------------------
[2024-09-16 00:16:16,997] {taskinstance.py:1357} INFO - Starting attempt 1 of 1
[2024-09-16 00:16:16,997] {taskinstance.py:1358} INFO - 
--------------------------------------------------------------------------------
[2024-09-16 00:16:17,053] {taskinstance.py:1377} INFO - Executing <Task(_PythonDecoratedOperator): BRONZE_CRIPTO_ETH> on 2024-03-29 00:00:00+00:00
[2024-09-16 00:16:17,077] {standard_task_runner.py:79} INFO - Running: ['airflow', 'tasks', 'run', 'BRONZER_GET_CRIPTOS', 'BRONZE_CRIPTO_ETH', 'scheduled__2024-03-29T00:00:00+00:00', '--job-id', '2355', '--raw', '--subdir', 'DAGS_FOLDER/get_cripto.py', '--cfg-path', '/tmp/tmpzghit88u', '--error-file', '/tmp/tmpbv2kaq7h']
[2024-09-16 00:16:17,078] {standard_task_runner.py:80} INFO - Job 2355: Subtask BRONZE_CRIPTO_ETH
[2024-09-16 00:16:17,058] {standard_task_runner.py:52} INFO - Started process 58832 to run task
[2024-09-16 00:16:17,350] {task_command.py:370} INFO - Running <TaskInstance: BRONZER_GET_CRIPTOS.BRONZE_CRIPTO_ETH scheduled__2024-03-29T00:00:00+00:00 [running]> on host kaiwang.
[2024-09-16 00:16:17,638] {taskinstance.py:1569} INFO - Exporting the following env vars:
AIRFLOW_CTX_DAG_OWNER=airflow
AIRFLOW_CTX_DAG_ID=BRONZER_GET_CRIPTOS
AIRFLOW_CTX_TASK_ID=BRONZE_CRIPTO_ETH
AIRFLOW_CTX_EXECUTION_DATE=2024-03-29T00:00:00+00:00
AIRFLOW_CTX_TRY_NUMBER=1
AIRFLOW_CTX_DAG_RUN_ID=scheduled__2024-03-29T00:00:00+00:00
[2024-09-16 00:16:20,687] {history.py:244} ERROR - $ETH: possibly delisted; no price data found  (1h 2024-03-26 -> 2024-03-29) (Yahoo error = "Data doesn't exist for startDate = 1711425600, endDate = 1711684800")
[2024-09-16 00:16:20,691] {python.py:173} INFO - Done. Returned value was: None
[2024-09-16 00:16:20,936] {taskinstance.py:1395} INFO - Marking task as SUCCESS. dag_id=BRONZER_GET_CRIPTOS, task_id=BRONZE_CRIPTO_ETH, execution_date=20240329T000000, start_date=20240916T031616, end_date=20240916T031620
[2024-09-16 00:16:21,058] {local_task_job.py:156} INFO - Task exited with return code 0
[2024-09-16 00:16:21,429] {local_task_job.py:273} INFO - 0 downstream tasks scheduled from follow-on schedule check
