[2024-09-16 00:04:32,816] {taskinstance.py:1159} INFO - Dependencies all met for <TaskInstance: BRONZER_GET_STONCKS.BRONZE_STONCKS_TSLA scheduled__2024-03-15T00:00:00+00:00 [queued]>
[2024-09-16 00:04:32,841] {taskinstance.py:1159} INFO - Dependencies all met for <TaskInstance: BRONZER_GET_STONCKS.BRONZE_STONCKS_TSLA scheduled__2024-03-15T00:00:00+00:00 [queued]>
[2024-09-16 00:04:32,841] {taskinstance.py:1356} INFO - 
--------------------------------------------------------------------------------
[2024-09-16 00:04:32,841] {taskinstance.py:1357} INFO - Starting attempt 1 of 1
[2024-09-16 00:04:32,841] {taskinstance.py:1358} INFO - 
--------------------------------------------------------------------------------
[2024-09-16 00:04:32,884] {taskinstance.py:1377} INFO - Executing <Task(_PythonDecoratedOperator): BRONZE_STONCKS_TSLA> on 2024-03-15 00:00:00+00:00
[2024-09-16 00:04:32,889] {standard_task_runner.py:52} INFO - Started process 25158 to run task
[2024-09-16 00:04:32,908] {standard_task_runner.py:79} INFO - Running: ['airflow', 'tasks', 'run', 'BRONZER_GET_STONCKS', 'BRONZE_STONCKS_TSLA', 'scheduled__2024-03-15T00:00:00+00:00', '--job-id', '418', '--raw', '--subdir', 'DAGS_FOLDER/get_stocks.py', '--cfg-path', '/tmp/tmphlgq4xo0', '--error-file', '/tmp/tmp7m8tyke3']
[2024-09-16 00:04:32,909] {standard_task_runner.py:80} INFO - Job 418: Subtask BRONZE_STONCKS_TSLA
[2024-09-16 00:04:33,058] {task_command.py:370} INFO - Running <TaskInstance: BRONZER_GET_STONCKS.BRONZE_STONCKS_TSLA scheduled__2024-03-15T00:00:00+00:00 [running]> on host kaiwang.
[2024-09-16 00:04:33,241] {taskinstance.py:1569} INFO - Exporting the following env vars:
AIRFLOW_CTX_DAG_OWNER=airflow
AIRFLOW_CTX_DAG_ID=BRONZER_GET_STONCKS
AIRFLOW_CTX_TASK_ID=BRONZE_STONCKS_TSLA
AIRFLOW_CTX_EXECUTION_DATE=2024-03-15T00:00:00+00:00
AIRFLOW_CTX_TRY_NUMBER=1
AIRFLOW_CTX_DAG_RUN_ID=scheduled__2024-03-15T00:00:00+00:00
[2024-09-16 00:04:34,972] {python.py:173} INFO - Done. Returned value was: None
[2024-09-16 00:04:35,063] {taskinstance.py:1395} INFO - Marking task as SUCCESS. dag_id=BRONZER_GET_STONCKS, task_id=BRONZE_STONCKS_TSLA, execution_date=20240315T000000, start_date=20240916T030432, end_date=20240916T030435
[2024-09-16 00:04:35,128] {local_task_job.py:156} INFO - Task exited with return code 0
[2024-09-16 00:04:35,274] {local_task_job.py:273} INFO - 0 downstream tasks scheduled from follow-on schedule check
[2024-09-16 00:15:41,603] {taskinstance.py:1159} INFO - Dependencies all met for <TaskInstance: BRONZER_GET_STONCKS.BRONZE_STONCKS_TSLA scheduled__2024-03-15T00:00:00+00:00 [queued]>
[2024-09-16 00:15:41,650] {taskinstance.py:1159} INFO - Dependencies all met for <TaskInstance: BRONZER_GET_STONCKS.BRONZE_STONCKS_TSLA scheduled__2024-03-15T00:00:00+00:00 [queued]>
[2024-09-16 00:15:41,651] {taskinstance.py:1356} INFO - 
--------------------------------------------------------------------------------
[2024-09-16 00:15:41,653] {taskinstance.py:1357} INFO - Starting attempt 1 of 1
[2024-09-16 00:15:41,653] {taskinstance.py:1358} INFO - 
--------------------------------------------------------------------------------
[2024-09-16 00:15:41,720] {taskinstance.py:1377} INFO - Executing <Task(_PythonDecoratedOperator): BRONZE_STONCKS_TSLA> on 2024-03-15 00:00:00+00:00
[2024-09-16 00:15:41,727] {standard_task_runner.py:52} INFO - Started process 55949 to run task
[2024-09-16 00:15:41,756] {standard_task_runner.py:79} INFO - Running: ['airflow', 'tasks', 'run', 'BRONZER_GET_STONCKS', 'BRONZE_STONCKS_TSLA', 'scheduled__2024-03-15T00:00:00+00:00', '--job-id', '2186', '--raw', '--subdir', 'DAGS_FOLDER/get_stocks.py', '--cfg-path', '/tmp/tmpf0mp4_q7', '--error-file', '/tmp/tmp3e4pfnvk']
[2024-09-16 00:15:41,757] {standard_task_runner.py:80} INFO - Job 2186: Subtask BRONZE_STONCKS_TSLA
[2024-09-16 00:15:42,115] {task_command.py:370} INFO - Running <TaskInstance: BRONZER_GET_STONCKS.BRONZE_STONCKS_TSLA scheduled__2024-03-15T00:00:00+00:00 [running]> on host kaiwang.
[2024-09-16 00:15:42,523] {taskinstance.py:1569} INFO - Exporting the following env vars:
AIRFLOW_CTX_DAG_OWNER=airflow
AIRFLOW_CTX_DAG_ID=BRONZER_GET_STONCKS
AIRFLOW_CTX_TASK_ID=BRONZE_STONCKS_TSLA
AIRFLOW_CTX_EXECUTION_DATE=2024-03-15T00:00:00+00:00
AIRFLOW_CTX_TRY_NUMBER=1
AIRFLOW_CTX_DAG_RUN_ID=scheduled__2024-03-15T00:00:00+00:00
[2024-09-16 00:15:43,167] {python.py:173} INFO - Done. Returned value was: None
[2024-09-16 00:15:43,233] {taskinstance.py:1395} INFO - Marking task as SUCCESS. dag_id=BRONZER_GET_STONCKS, task_id=BRONZE_STONCKS_TSLA, execution_date=20240315T000000, start_date=20240916T031541, end_date=20240916T031543
[2024-09-16 00:15:43,287] {local_task_job.py:156} INFO - Task exited with return code 0
[2024-09-16 00:15:43,385] {local_task_job.py:273} INFO - 0 downstream tasks scheduled from follow-on schedule check
