[2024-09-16 00:04:00,711] {taskinstance.py:1159} INFO - Dependencies all met for <TaskInstance: BRONZER_GET_STONCKS.BRONZE_STONCKS_GOOG scheduled__2024-02-17T00:00:00+00:00 [queued]>
[2024-09-16 00:04:00,725] {taskinstance.py:1159} INFO - Dependencies all met for <TaskInstance: BRONZER_GET_STONCKS.BRONZE_STONCKS_GOOG scheduled__2024-02-17T00:00:00+00:00 [queued]>
[2024-09-16 00:04:00,726] {taskinstance.py:1356} INFO - 
--------------------------------------------------------------------------------
[2024-09-16 00:04:00,726] {taskinstance.py:1357} INFO - Starting attempt 1 of 1
[2024-09-16 00:04:00,726] {taskinstance.py:1358} INFO - 
--------------------------------------------------------------------------------
[2024-09-16 00:04:00,766] {taskinstance.py:1377} INFO - Executing <Task(_PythonDecoratedOperator): BRONZE_STONCKS_GOOG> on 2024-02-17 00:00:00+00:00
[2024-09-16 00:04:00,772] {standard_task_runner.py:52} INFO - Started process 22516 to run task
[2024-09-16 00:04:00,781] {standard_task_runner.py:79} INFO - Running: ['airflow', 'tasks', 'run', 'BRONZER_GET_STONCKS', 'BRONZE_STONCKS_GOOG', 'scheduled__2024-02-17T00:00:00+00:00', '--job-id', '267', '--raw', '--subdir', 'DAGS_FOLDER/get_stocks.py', '--cfg-path', '/tmp/tmp93ari1hn', '--error-file', '/tmp/tmps3top8_z']
[2024-09-16 00:04:00,782] {standard_task_runner.py:80} INFO - Job 267: Subtask BRONZE_STONCKS_GOOG
[2024-09-16 00:04:00,949] {task_command.py:370} INFO - Running <TaskInstance: BRONZER_GET_STONCKS.BRONZE_STONCKS_GOOG scheduled__2024-02-17T00:00:00+00:00 [running]> on host kaiwang.
[2024-09-16 00:04:01,287] {taskinstance.py:1569} INFO - Exporting the following env vars:
AIRFLOW_CTX_DAG_OWNER=airflow
AIRFLOW_CTX_DAG_ID=BRONZER_GET_STONCKS
AIRFLOW_CTX_TASK_ID=BRONZE_STONCKS_GOOG
AIRFLOW_CTX_EXECUTION_DATE=2024-02-17T00:00:00+00:00
AIRFLOW_CTX_TRY_NUMBER=1
AIRFLOW_CTX_DAG_RUN_ID=scheduled__2024-02-17T00:00:00+00:00
[2024-09-16 00:04:02,052] {python.py:173} INFO - Done. Returned value was: None
[2024-09-16 00:04:02,133] {taskinstance.py:1395} INFO - Marking task as SUCCESS. dag_id=BRONZER_GET_STONCKS, task_id=BRONZE_STONCKS_GOOG, execution_date=20240217T000000, start_date=20240916T030400, end_date=20240916T030402
[2024-09-16 00:04:02,203] {local_task_job.py:156} INFO - Task exited with return code 0
[2024-09-16 00:04:02,295] {local_task_job.py:273} INFO - 0 downstream tasks scheduled from follow-on schedule check
[2024-09-16 00:13:37,663] {taskinstance.py:1159} INFO - Dependencies all met for <TaskInstance: BRONZER_GET_STONCKS.BRONZE_STONCKS_GOOG scheduled__2024-02-17T00:00:00+00:00 [queued]>
[2024-09-16 00:13:37,709] {taskinstance.py:1159} INFO - Dependencies all met for <TaskInstance: BRONZER_GET_STONCKS.BRONZE_STONCKS_GOOG scheduled__2024-02-17T00:00:00+00:00 [queued]>
[2024-09-16 00:13:37,709] {taskinstance.py:1356} INFO - 
--------------------------------------------------------------------------------
[2024-09-16 00:13:37,709] {taskinstance.py:1357} INFO - Starting attempt 1 of 1
[2024-09-16 00:13:37,709] {taskinstance.py:1358} INFO - 
--------------------------------------------------------------------------------
[2024-09-16 00:13:37,769] {taskinstance.py:1377} INFO - Executing <Task(_PythonDecoratedOperator): BRONZE_STONCKS_GOOG> on 2024-02-17 00:00:00+00:00
[2024-09-16 00:13:37,793] {standard_task_runner.py:52} INFO - Started process 48081 to run task
[2024-09-16 00:13:37,795] {standard_task_runner.py:79} INFO - Running: ['airflow', 'tasks', 'run', 'BRONZER_GET_STONCKS', 'BRONZE_STONCKS_GOOG', 'scheduled__2024-02-17T00:00:00+00:00', '--job-id', '1733', '--raw', '--subdir', 'DAGS_FOLDER/get_stocks.py', '--cfg-path', '/tmp/tmp0iwpydw7', '--error-file', '/tmp/tmp67ks1mc0']
[2024-09-16 00:13:37,796] {standard_task_runner.py:80} INFO - Job 1733: Subtask BRONZE_STONCKS_GOOG
[2024-09-16 00:13:38,066] {task_command.py:370} INFO - Running <TaskInstance: BRONZER_GET_STONCKS.BRONZE_STONCKS_GOOG scheduled__2024-02-17T00:00:00+00:00 [running]> on host kaiwang.
[2024-09-16 00:13:38,371] {taskinstance.py:1569} INFO - Exporting the following env vars:
AIRFLOW_CTX_DAG_OWNER=airflow
AIRFLOW_CTX_DAG_ID=BRONZER_GET_STONCKS
AIRFLOW_CTX_TASK_ID=BRONZE_STONCKS_GOOG
AIRFLOW_CTX_EXECUTION_DATE=2024-02-17T00:00:00+00:00
AIRFLOW_CTX_TRY_NUMBER=1
AIRFLOW_CTX_DAG_RUN_ID=scheduled__2024-02-17T00:00:00+00:00
[2024-09-16 00:13:39,198] {python.py:173} INFO - Done. Returned value was: None
[2024-09-16 00:13:39,317] {taskinstance.py:1395} INFO - Marking task as SUCCESS. dag_id=BRONZER_GET_STONCKS, task_id=BRONZE_STONCKS_GOOG, execution_date=20240217T000000, start_date=20240916T031337, end_date=20240916T031339
[2024-09-16 00:13:39,375] {local_task_job.py:156} INFO - Task exited with return code 0
[2024-09-16 00:13:39,535] {local_task_job.py:273} INFO - 0 downstream tasks scheduled from follow-on schedule check
[2024-09-16 00:15:11,183] {taskinstance.py:1159} INFO - Dependencies all met for <TaskInstance: BRONZER_GET_STONCKS.BRONZE_STONCKS_GOOG scheduled__2024-02-17T00:00:00+00:00 [queued]>
[2024-09-16 00:15:11,210] {taskinstance.py:1159} INFO - Dependencies all met for <TaskInstance: BRONZER_GET_STONCKS.BRONZE_STONCKS_GOOG scheduled__2024-02-17T00:00:00+00:00 [queued]>
[2024-09-16 00:15:11,210] {taskinstance.py:1356} INFO - 
--------------------------------------------------------------------------------
[2024-09-16 00:15:11,210] {taskinstance.py:1357} INFO - Starting attempt 1 of 1
[2024-09-16 00:15:11,210] {taskinstance.py:1358} INFO - 
--------------------------------------------------------------------------------
[2024-09-16 00:15:11,230] {taskinstance.py:1377} INFO - Executing <Task(_PythonDecoratedOperator): BRONZE_STONCKS_GOOG> on 2024-02-17 00:00:00+00:00
[2024-09-16 00:15:11,236] {standard_task_runner.py:52} INFO - Started process 53453 to run task
[2024-09-16 00:15:11,246] {standard_task_runner.py:79} INFO - Running: ['airflow', 'tasks', 'run', 'BRONZER_GET_STONCKS', 'BRONZE_STONCKS_GOOG', 'scheduled__2024-02-17T00:00:00+00:00', '--job-id', '2044', '--raw', '--subdir', 'DAGS_FOLDER/get_stocks.py', '--cfg-path', '/tmp/tmpn7rradb5', '--error-file', '/tmp/tmp7_h56jxv']
[2024-09-16 00:15:11,248] {standard_task_runner.py:80} INFO - Job 2044: Subtask BRONZE_STONCKS_GOOG
[2024-09-16 00:15:11,386] {task_command.py:370} INFO - Running <TaskInstance: BRONZER_GET_STONCKS.BRONZE_STONCKS_GOOG scheduled__2024-02-17T00:00:00+00:00 [running]> on host kaiwang.
[2024-09-16 00:15:11,575] {taskinstance.py:1569} INFO - Exporting the following env vars:
AIRFLOW_CTX_DAG_OWNER=airflow
AIRFLOW_CTX_DAG_ID=BRONZER_GET_STONCKS
AIRFLOW_CTX_TASK_ID=BRONZE_STONCKS_GOOG
AIRFLOW_CTX_EXECUTION_DATE=2024-02-17T00:00:00+00:00
AIRFLOW_CTX_TRY_NUMBER=1
AIRFLOW_CTX_DAG_RUN_ID=scheduled__2024-02-17T00:00:00+00:00
[2024-09-16 00:15:12,173] {python.py:173} INFO - Done. Returned value was: None
[2024-09-16 00:15:12,285] {taskinstance.py:1395} INFO - Marking task as SUCCESS. dag_id=BRONZER_GET_STONCKS, task_id=BRONZE_STONCKS_GOOG, execution_date=20240217T000000, start_date=20240916T031511, end_date=20240916T031512
[2024-09-16 00:15:12,341] {local_task_job.py:156} INFO - Task exited with return code 0
[2024-09-16 00:15:12,650] {local_task_job.py:273} INFO - 0 downstream tasks scheduled from follow-on schedule check
