[2024-09-16 00:05:47,557] {taskinstance.py:1159} INFO - Dependencies all met for <TaskInstance: BRONZER_GET_CRIPTOS.BRONZE_CRIPTO_ETH scheduled__2024-05-02T00:00:00+00:00 [queued]>
[2024-09-16 00:05:47,582] {taskinstance.py:1159} INFO - Dependencies all met for <TaskInstance: BRONZER_GET_CRIPTOS.BRONZE_CRIPTO_ETH scheduled__2024-05-02T00:00:00+00:00 [queued]>
[2024-09-16 00:05:47,582] {taskinstance.py:1356} INFO - 
--------------------------------------------------------------------------------
[2024-09-16 00:05:47,583] {taskinstance.py:1357} INFO - Starting attempt 1 of 1
[2024-09-16 00:05:47,583] {taskinstance.py:1358} INFO - 
--------------------------------------------------------------------------------
[2024-09-16 00:05:47,644] {taskinstance.py:1377} INFO - Executing <Task(_PythonDecoratedOperator): BRONZE_CRIPTO_ETH> on 2024-05-02 00:00:00+00:00
[2024-09-16 00:05:47,650] {standard_task_runner.py:52} INFO - Started process 31006 to run task
[2024-09-16 00:05:47,674] {standard_task_runner.py:79} INFO - Running: ['airflow', 'tasks', 'run', 'BRONZER_GET_CRIPTOS', 'BRONZE_CRIPTO_ETH', 'scheduled__2024-05-02T00:00:00+00:00', '--job-id', '757', '--raw', '--subdir', 'DAGS_FOLDER/get_cripto.py', '--cfg-path', '/tmp/tmpfh9h0z7e', '--error-file', '/tmp/tmpc5wgzzzu']
[2024-09-16 00:05:47,675] {standard_task_runner.py:80} INFO - Job 757: Subtask BRONZE_CRIPTO_ETH
[2024-09-16 00:05:47,982] {task_command.py:370} INFO - Running <TaskInstance: BRONZER_GET_CRIPTOS.BRONZE_CRIPTO_ETH scheduled__2024-05-02T00:00:00+00:00 [running]> on host kaiwang.
[2024-09-16 00:05:48,271] {taskinstance.py:1569} INFO - Exporting the following env vars:
AIRFLOW_CTX_DAG_OWNER=airflow
AIRFLOW_CTX_DAG_ID=BRONZER_GET_CRIPTOS
AIRFLOW_CTX_TASK_ID=BRONZE_CRIPTO_ETH
AIRFLOW_CTX_EXECUTION_DATE=2024-05-02T00:00:00+00:00
AIRFLOW_CTX_TRY_NUMBER=1
AIRFLOW_CTX_DAG_RUN_ID=scheduled__2024-05-02T00:00:00+00:00
[2024-09-16 00:05:51,920] {history.py:244} ERROR - $ETH: possibly delisted; no price data found  (1h 2024-04-29 -> 2024-05-02) (Yahoo error = "Data doesn't exist for startDate = 1714363200, endDate = 1714622400")
[2024-09-16 00:05:51,924] {python.py:173} INFO - Done. Returned value was: None
[2024-09-16 00:05:51,996] {taskinstance.py:1395} INFO - Marking task as SUCCESS. dag_id=BRONZER_GET_CRIPTOS, task_id=BRONZE_CRIPTO_ETH, execution_date=20240502T000000, start_date=20240916T030547, end_date=20240916T030551
[2024-09-16 00:05:52,074] {local_task_job.py:156} INFO - Task exited with return code 0
[2024-09-16 00:05:52,418] {local_task_job.py:273} INFO - 0 downstream tasks scheduled from follow-on schedule check
