[2024-09-16 00:07:41,040] {taskinstance.py:1159} INFO - Dependencies all met for <TaskInstance: BRONZER_GET_CRIPTOS.BRONZE_CRIPTO_ETH scheduled__2024-07-25T00:00:00+00:00 [queued]>
[2024-09-16 00:07:41,103] {taskinstance.py:1159} INFO - Dependencies all met for <TaskInstance: BRONZER_GET_CRIPTOS.BRONZE_CRIPTO_ETH scheduled__2024-07-25T00:00:00+00:00 [queued]>
[2024-09-16 00:07:41,103] {taskinstance.py:1356} INFO - 
--------------------------------------------------------------------------------
[2024-09-16 00:07:41,103] {taskinstance.py:1357} INFO - Starting attempt 1 of 1
[2024-09-16 00:07:41,103] {taskinstance.py:1358} INFO - 
--------------------------------------------------------------------------------
[2024-09-16 00:07:41,147] {taskinstance.py:1377} INFO - Executing <Task(_PythonDecoratedOperator): BRONZE_CRIPTO_ETH> on 2024-07-25 00:00:00+00:00
[2024-09-16 00:07:41,153] {standard_task_runner.py:52} INFO - Started process 40380 to run task
[2024-09-16 00:07:41,185] {standard_task_runner.py:79} INFO - Running: ['airflow', 'tasks', 'run', 'BRONZER_GET_CRIPTOS', 'BRONZE_CRIPTO_ETH', 'scheduled__2024-07-25T00:00:00+00:00', '--job-id', '1300', '--raw', '--subdir', 'DAGS_FOLDER/get_cripto.py', '--cfg-path', '/tmp/tmpbo5fxgvq', '--error-file', '/tmp/tmpuwn_gpmf']
[2024-09-16 00:07:41,187] {standard_task_runner.py:80} INFO - Job 1300: Subtask BRONZE_CRIPTO_ETH
[2024-09-16 00:07:41,421] {task_command.py:370} INFO - Running <TaskInstance: BRONZER_GET_CRIPTOS.BRONZE_CRIPTO_ETH scheduled__2024-07-25T00:00:00+00:00 [running]> on host kaiwang.
[2024-09-16 00:07:41,617] {taskinstance.py:1569} INFO - Exporting the following env vars:
AIRFLOW_CTX_DAG_OWNER=airflow
AIRFLOW_CTX_DAG_ID=BRONZER_GET_CRIPTOS
AIRFLOW_CTX_TASK_ID=BRONZE_CRIPTO_ETH
AIRFLOW_CTX_EXECUTION_DATE=2024-07-25T00:00:00+00:00
AIRFLOW_CTX_TRY_NUMBER=1
AIRFLOW_CTX_DAG_RUN_ID=scheduled__2024-07-25T00:00:00+00:00
[2024-09-16 00:07:42,232] {python.py:173} INFO - Done. Returned value was: None
[2024-09-16 00:07:42,370] {taskinstance.py:1395} INFO - Marking task as SUCCESS. dag_id=BRONZER_GET_CRIPTOS, task_id=BRONZE_CRIPTO_ETH, execution_date=20240725T000000, start_date=20240916T030741, end_date=20240916T030742
[2024-09-16 00:07:42,455] {local_task_job.py:156} INFO - Task exited with return code 0
[2024-09-16 00:07:42,884] {local_task_job.py:273} INFO - 0 downstream tasks scheduled from follow-on schedule check
