[2024-09-16 00:03:10,978] {taskinstance.py:1159} INFO - Dependencies all met for <TaskInstance: BRONZER_GET_STONCKS.BRONZE_STONCKS_GOOG scheduled__2024-01-11T00:00:00+00:00 [queued]>
[2024-09-16 00:03:10,995] {taskinstance.py:1159} INFO - Dependencies all met for <TaskInstance: BRONZER_GET_STONCKS.BRONZE_STONCKS_GOOG scheduled__2024-01-11T00:00:00+00:00 [queued]>
[2024-09-16 00:03:10,996] {taskinstance.py:1356} INFO - 
--------------------------------------------------------------------------------
[2024-09-16 00:03:10,996] {taskinstance.py:1357} INFO - Starting attempt 1 of 1
[2024-09-16 00:03:10,996] {taskinstance.py:1358} INFO - 
--------------------------------------------------------------------------------
[2024-09-16 00:03:11,021] {taskinstance.py:1377} INFO - Executing <Task(_PythonDecoratedOperator): BRONZE_STONCKS_GOOG> on 2024-01-11 00:00:00+00:00
[2024-09-16 00:03:11,027] {standard_task_runner.py:52} INFO - Started process 19022 to run task
[2024-09-16 00:03:11,036] {standard_task_runner.py:79} INFO - Running: ['airflow', 'tasks', 'run', 'BRONZER_GET_STONCKS', 'BRONZE_STONCKS_GOOG', 'scheduled__2024-01-11T00:00:00+00:00', '--job-id', '65', '--raw', '--subdir', 'DAGS_FOLDER/get_stocks.py', '--cfg-path', '/tmp/tmpo17k46h2', '--error-file', '/tmp/tmp6zdlnlv7']
[2024-09-16 00:03:11,042] {standard_task_runner.py:80} INFO - Job 65: Subtask BRONZE_STONCKS_GOOG
[2024-09-16 00:03:11,177] {task_command.py:370} INFO - Running <TaskInstance: BRONZER_GET_STONCKS.BRONZE_STONCKS_GOOG scheduled__2024-01-11T00:00:00+00:00 [running]> on host kaiwang.
[2024-09-16 00:03:11,312] {taskinstance.py:1569} INFO - Exporting the following env vars:
AIRFLOW_CTX_DAG_OWNER=airflow
AIRFLOW_CTX_DAG_ID=BRONZER_GET_STONCKS
AIRFLOW_CTX_TASK_ID=BRONZE_STONCKS_GOOG
AIRFLOW_CTX_EXECUTION_DATE=2024-01-11T00:00:00+00:00
AIRFLOW_CTX_TRY_NUMBER=1
AIRFLOW_CTX_DAG_RUN_ID=scheduled__2024-01-11T00:00:00+00:00
[2024-09-16 00:03:12,190] {python.py:173} INFO - Done. Returned value was: None
[2024-09-16 00:03:12,230] {taskinstance.py:1395} INFO - Marking task as SUCCESS. dag_id=BRONZER_GET_STONCKS, task_id=BRONZE_STONCKS_GOOG, execution_date=20240111T000000, start_date=20240916T030310, end_date=20240916T030312
[2024-09-16 00:03:12,296] {local_task_job.py:156} INFO - Task exited with return code 0
[2024-09-16 00:03:12,376] {local_task_job.py:273} INFO - 0 downstream tasks scheduled from follow-on schedule check
[2024-09-16 00:12:53,437] {taskinstance.py:1159} INFO - Dependencies all met for <TaskInstance: BRONZER_GET_STONCKS.BRONZE_STONCKS_GOOG scheduled__2024-01-11T00:00:00+00:00 [queued]>
[2024-09-16 00:12:53,454] {taskinstance.py:1159} INFO - Dependencies all met for <TaskInstance: BRONZER_GET_STONCKS.BRONZE_STONCKS_GOOG scheduled__2024-01-11T00:00:00+00:00 [queued]>
[2024-09-16 00:12:53,455] {taskinstance.py:1356} INFO - 
--------------------------------------------------------------------------------
[2024-09-16 00:12:53,455] {taskinstance.py:1357} INFO - Starting attempt 1 of 1
[2024-09-16 00:12:53,455] {taskinstance.py:1358} INFO - 
--------------------------------------------------------------------------------
[2024-09-16 00:12:53,473] {taskinstance.py:1377} INFO - Executing <Task(_PythonDecoratedOperator): BRONZE_STONCKS_GOOG> on 2024-01-11 00:00:00+00:00
[2024-09-16 00:12:53,479] {standard_task_runner.py:52} INFO - Started process 44569 to run task
[2024-09-16 00:12:53,494] {standard_task_runner.py:79} INFO - Running: ['airflow', 'tasks', 'run', 'BRONZER_GET_STONCKS', 'BRONZE_STONCKS_GOOG', 'scheduled__2024-01-11T00:00:00+00:00', '--job-id', '1537', '--raw', '--subdir', 'DAGS_FOLDER/get_stocks.py', '--cfg-path', '/tmp/tmptvj19k47', '--error-file', '/tmp/tmpm7q01rz7']
[2024-09-16 00:12:53,495] {standard_task_runner.py:80} INFO - Job 1537: Subtask BRONZE_STONCKS_GOOG
[2024-09-16 00:12:53,632] {task_command.py:370} INFO - Running <TaskInstance: BRONZER_GET_STONCKS.BRONZE_STONCKS_GOOG scheduled__2024-01-11T00:00:00+00:00 [running]> on host kaiwang.
[2024-09-16 00:12:53,769] {taskinstance.py:1569} INFO - Exporting the following env vars:
AIRFLOW_CTX_DAG_OWNER=airflow
AIRFLOW_CTX_DAG_ID=BRONZER_GET_STONCKS
AIRFLOW_CTX_TASK_ID=BRONZE_STONCKS_GOOG
AIRFLOW_CTX_EXECUTION_DATE=2024-01-11T00:00:00+00:00
AIRFLOW_CTX_TRY_NUMBER=1
AIRFLOW_CTX_DAG_RUN_ID=scheduled__2024-01-11T00:00:00+00:00
[2024-09-16 00:12:54,569] {python.py:173} INFO - Done. Returned value was: None
[2024-09-16 00:12:54,707] {taskinstance.py:1395} INFO - Marking task as SUCCESS. dag_id=BRONZER_GET_STONCKS, task_id=BRONZE_STONCKS_GOOG, execution_date=20240111T000000, start_date=20240916T031253, end_date=20240916T031254
[2024-09-16 00:12:54,834] {local_task_job.py:156} INFO - Task exited with return code 0
[2024-09-16 00:12:55,143] {local_task_job.py:273} INFO - 0 downstream tasks scheduled from follow-on schedule check
[2024-09-16 00:14:28,187] {taskinstance.py:1159} INFO - Dependencies all met for <TaskInstance: BRONZER_GET_STONCKS.BRONZE_STONCKS_GOOG scheduled__2024-01-11T00:00:00+00:00 [queued]>
[2024-09-16 00:14:28,255] {taskinstance.py:1159} INFO - Dependencies all met for <TaskInstance: BRONZER_GET_STONCKS.BRONZE_STONCKS_GOOG scheduled__2024-01-11T00:00:00+00:00 [queued]>
[2024-09-16 00:14:28,255] {taskinstance.py:1356} INFO - 
--------------------------------------------------------------------------------
[2024-09-16 00:14:28,256] {taskinstance.py:1357} INFO - Starting attempt 1 of 1
[2024-09-16 00:14:28,256] {taskinstance.py:1358} INFO - 
--------------------------------------------------------------------------------
[2024-09-16 00:14:28,336] {taskinstance.py:1377} INFO - Executing <Task(_PythonDecoratedOperator): BRONZE_STONCKS_GOOG> on 2024-01-11 00:00:00+00:00
[2024-09-16 00:14:28,357] {standard_task_runner.py:52} INFO - Started process 49995 to run task
[2024-09-16 00:14:28,376] {standard_task_runner.py:79} INFO - Running: ['airflow', 'tasks', 'run', 'BRONZER_GET_STONCKS', 'BRONZE_STONCKS_GOOG', 'scheduled__2024-01-11T00:00:00+00:00', '--job-id', '1850', '--raw', '--subdir', 'DAGS_FOLDER/get_stocks.py', '--cfg-path', '/tmp/tmpo4vbe0hb', '--error-file', '/tmp/tmpt577lzfd']
[2024-09-16 00:14:28,379] {standard_task_runner.py:80} INFO - Job 1850: Subtask BRONZE_STONCKS_GOOG
[2024-09-16 00:14:28,561] {task_command.py:370} INFO - Running <TaskInstance: BRONZER_GET_STONCKS.BRONZE_STONCKS_GOOG scheduled__2024-01-11T00:00:00+00:00 [running]> on host kaiwang.
[2024-09-16 00:14:28,659] {taskinstance.py:1569} INFO - Exporting the following env vars:
AIRFLOW_CTX_DAG_OWNER=airflow
AIRFLOW_CTX_DAG_ID=BRONZER_GET_STONCKS
AIRFLOW_CTX_TASK_ID=BRONZE_STONCKS_GOOG
AIRFLOW_CTX_EXECUTION_DATE=2024-01-11T00:00:00+00:00
AIRFLOW_CTX_TRY_NUMBER=1
AIRFLOW_CTX_DAG_RUN_ID=scheduled__2024-01-11T00:00:00+00:00
[2024-09-16 00:14:29,189] {python.py:173} INFO - Done. Returned value was: None
[2024-09-16 00:14:29,207] {taskinstance.py:1395} INFO - Marking task as SUCCESS. dag_id=BRONZER_GET_STONCKS, task_id=BRONZE_STONCKS_GOOG, execution_date=20240111T000000, start_date=20240916T031428, end_date=20240916T031429
[2024-09-16 00:14:29,240] {local_task_job.py:156} INFO - Task exited with return code 0
[2024-09-16 00:14:29,297] {local_task_job.py:273} INFO - 0 downstream tasks scheduled from follow-on schedule check
