[2024-09-16 00:08:13,321] {taskinstance.py:1159} INFO - Dependencies all met for <TaskInstance: BRONZER_GET_CRIPTOS.BRONZE_CRIPTO_BTC scheduled__2024-08-24T00:00:00+00:00 [queued]>
[2024-09-16 00:08:13,351] {taskinstance.py:1159} INFO - Dependencies all met for <TaskInstance: BRONZER_GET_CRIPTOS.BRONZE_CRIPTO_BTC scheduled__2024-08-24T00:00:00+00:00 [queued]>
[2024-09-16 00:08:13,352] {taskinstance.py:1356} INFO - 
--------------------------------------------------------------------------------
[2024-09-16 00:08:13,352] {taskinstance.py:1357} INFO - Starting attempt 1 of 1
[2024-09-16 00:08:13,352] {taskinstance.py:1358} INFO - 
--------------------------------------------------------------------------------
[2024-09-16 00:08:13,389] {taskinstance.py:1377} INFO - Executing <Task(_PythonDecoratedOperator): BRONZE_CRIPTO_BTC> on 2024-08-24 00:00:00+00:00
[2024-09-16 00:08:13,401] {standard_task_runner.py:52} INFO - Started process 42400 to run task
[2024-09-16 00:08:13,434] {standard_task_runner.py:79} INFO - Running: ['airflow', 'tasks', 'run', 'BRONZER_GET_CRIPTOS', 'BRONZE_CRIPTO_BTC', 'scheduled__2024-08-24T00:00:00+00:00', '--job-id', '1418', '--raw', '--subdir', 'DAGS_FOLDER/get_cripto.py', '--cfg-path', '/tmp/tmpoiu_dnxq', '--error-file', '/tmp/tmpqsianerj']
[2024-09-16 00:08:13,434] {standard_task_runner.py:80} INFO - Job 1418: Subtask BRONZE_CRIPTO_BTC
[2024-09-16 00:08:13,610] {task_command.py:370} INFO - Running <TaskInstance: BRONZER_GET_CRIPTOS.BRONZE_CRIPTO_BTC scheduled__2024-08-24T00:00:00+00:00 [running]> on host kaiwang.
[2024-09-16 00:08:13,773] {taskinstance.py:1569} INFO - Exporting the following env vars:
AIRFLOW_CTX_DAG_OWNER=airflow
AIRFLOW_CTX_DAG_ID=BRONZER_GET_CRIPTOS
AIRFLOW_CTX_TASK_ID=BRONZE_CRIPTO_BTC
AIRFLOW_CTX_EXECUTION_DATE=2024-08-24T00:00:00+00:00
AIRFLOW_CTX_TRY_NUMBER=1
AIRFLOW_CTX_DAG_RUN_ID=scheduled__2024-08-24T00:00:00+00:00
[2024-09-16 00:08:14,344] {python.py:173} INFO - Done. Returned value was: None
[2024-09-16 00:08:14,370] {taskinstance.py:1395} INFO - Marking task as SUCCESS. dag_id=BRONZER_GET_CRIPTOS, task_id=BRONZE_CRIPTO_BTC, execution_date=20240824T000000, start_date=20240916T030813, end_date=20240916T030814
[2024-09-16 00:08:14,401] {local_task_job.py:156} INFO - Task exited with return code 0
[2024-09-16 00:08:14,455] {local_task_job.py:273} INFO - 0 downstream tasks scheduled from follow-on schedule check
[2024-09-16 13:56:25,648] {taskinstance.py:1159} INFO - Dependencies all met for <TaskInstance: BRONZER_GET_CRIPTOS.BRONZE_CRIPTO_BTC scheduled__2024-08-24T00:00:00+00:00 [queued]>
[2024-09-16 13:56:25,695] {taskinstance.py:1159} INFO - Dependencies all met for <TaskInstance: BRONZER_GET_CRIPTOS.BRONZE_CRIPTO_BTC scheduled__2024-08-24T00:00:00+00:00 [queued]>
[2024-09-16 13:56:25,696] {taskinstance.py:1356} INFO - 
--------------------------------------------------------------------------------
[2024-09-16 13:56:25,696] {taskinstance.py:1357} INFO - Starting attempt 1 of 1
[2024-09-16 13:56:25,696] {taskinstance.py:1358} INFO - 
--------------------------------------------------------------------------------
[2024-09-16 13:56:25,715] {taskinstance.py:1377} INFO - Executing <Task(_PythonDecoratedOperator): BRONZE_CRIPTO_BTC> on 2024-08-24 00:00:00+00:00
[2024-09-16 13:56:25,725] {standard_task_runner.py:52} INFO - Started process 138888 to run task
[2024-09-16 13:56:25,737] {standard_task_runner.py:79} INFO - Running: ['airflow', 'tasks', 'run', 'BRONZER_GET_CRIPTOS', 'BRONZE_CRIPTO_BTC', 'scheduled__2024-08-24T00:00:00+00:00', '--job-id', '2576', '--raw', '--subdir', 'DAGS_FOLDER/get_cripto.py', '--cfg-path', '/tmp/tmpubvgt4h8', '--error-file', '/tmp/tmp4j7qe9u1']
[2024-09-16 13:56:25,738] {standard_task_runner.py:80} INFO - Job 2576: Subtask BRONZE_CRIPTO_BTC
[2024-09-16 13:56:25,848] {task_command.py:370} INFO - Running <TaskInstance: BRONZER_GET_CRIPTOS.BRONZE_CRIPTO_BTC scheduled__2024-08-24T00:00:00+00:00 [running]> on host kaiwang.
[2024-09-16 13:56:26,246] {taskinstance.py:1569} INFO - Exporting the following env vars:
AIRFLOW_CTX_DAG_OWNER=airflow
AIRFLOW_CTX_DAG_ID=BRONZER_GET_CRIPTOS
AIRFLOW_CTX_TASK_ID=BRONZE_CRIPTO_BTC
AIRFLOW_CTX_EXECUTION_DATE=2024-08-24T00:00:00+00:00
AIRFLOW_CTX_TRY_NUMBER=1
AIRFLOW_CTX_DAG_RUN_ID=scheduled__2024-08-24T00:00:00+00:00
[2024-09-16 13:56:28,270] {python.py:173} INFO - Done. Returned value was: None
[2024-09-16 13:56:28,316] {taskinstance.py:1395} INFO - Marking task as SUCCESS. dag_id=BRONZER_GET_CRIPTOS, task_id=BRONZE_CRIPTO_BTC, execution_date=20240824T000000, start_date=20240916T165625, end_date=20240916T165628
[2024-09-16 13:56:28,383] {local_task_job.py:156} INFO - Task exited with return code 0
[2024-09-16 13:56:28,571] {local_task_job.py:273} INFO - 0 downstream tasks scheduled from follow-on schedule check
