[2024-09-16 00:07:06,103] {taskinstance.py:1159} INFO - Dependencies all met for <TaskInstance: BRONZER_GET_STONCKS.BRONZE_STONCKS_TSLA scheduled__2024-08-03T00:00:00+00:00 [queued]>
[2024-09-16 00:07:06,134] {taskinstance.py:1159} INFO - Dependencies all met for <TaskInstance: BRONZER_GET_STONCKS.BRONZE_STONCKS_TSLA scheduled__2024-08-03T00:00:00+00:00 [queued]>
[2024-09-16 00:07:06,135] {taskinstance.py:1356} INFO - 
--------------------------------------------------------------------------------
[2024-09-16 00:07:06,135] {taskinstance.py:1357} INFO - Starting attempt 1 of 1
[2024-09-16 00:07:06,135] {taskinstance.py:1358} INFO - 
--------------------------------------------------------------------------------
[2024-09-16 00:07:06,199] {taskinstance.py:1377} INFO - Executing <Task(_PythonDecoratedOperator): BRONZE_STONCKS_TSLA> on 2024-08-03 00:00:00+00:00
[2024-09-16 00:07:06,204] {standard_task_runner.py:52} INFO - Started process 37491 to run task
[2024-09-16 00:07:06,226] {standard_task_runner.py:79} INFO - Running: ['airflow', 'tasks', 'run', 'BRONZER_GET_STONCKS', 'BRONZE_STONCKS_TSLA', 'scheduled__2024-08-03T00:00:00+00:00', '--job-id', '1134', '--raw', '--subdir', 'DAGS_FOLDER/get_stocks.py', '--cfg-path', '/tmp/tmpxagag29y', '--error-file', '/tmp/tmpr0z6n8w9']
[2024-09-16 00:07:06,227] {standard_task_runner.py:80} INFO - Job 1134: Subtask BRONZE_STONCKS_TSLA
[2024-09-16 00:07:06,520] {task_command.py:370} INFO - Running <TaskInstance: BRONZER_GET_STONCKS.BRONZE_STONCKS_TSLA scheduled__2024-08-03T00:00:00+00:00 [running]> on host kaiwang.
[2024-09-16 00:07:06,795] {taskinstance.py:1569} INFO - Exporting the following env vars:
AIRFLOW_CTX_DAG_OWNER=airflow
AIRFLOW_CTX_DAG_ID=BRONZER_GET_STONCKS
AIRFLOW_CTX_TASK_ID=BRONZE_STONCKS_TSLA
AIRFLOW_CTX_EXECUTION_DATE=2024-08-03T00:00:00+00:00
AIRFLOW_CTX_TRY_NUMBER=1
AIRFLOW_CTX_DAG_RUN_ID=scheduled__2024-08-03T00:00:00+00:00
[2024-09-16 00:07:07,458] {python.py:173} INFO - Done. Returned value was: None
[2024-09-16 00:07:07,585] {taskinstance.py:1395} INFO - Marking task as SUCCESS. dag_id=BRONZER_GET_STONCKS, task_id=BRONZE_STONCKS_TSLA, execution_date=20240803T000000, start_date=20240916T030706, end_date=20240916T030707
[2024-09-16 00:07:07,662] {local_task_job.py:156} INFO - Task exited with return code 0
[2024-09-16 00:07:07,810] {local_task_job.py:273} INFO - 0 downstream tasks scheduled from follow-on schedule check
[2024-09-16 13:55:47,471] {taskinstance.py:1159} INFO - Dependencies all met for <TaskInstance: BRONZER_GET_STONCKS.BRONZE_STONCKS_TSLA scheduled__2024-08-03T00:00:00+00:00 [queued]>
[2024-09-16 13:55:47,491] {taskinstance.py:1159} INFO - Dependencies all met for <TaskInstance: BRONZER_GET_STONCKS.BRONZE_STONCKS_TSLA scheduled__2024-08-03T00:00:00+00:00 [queued]>
[2024-09-16 13:55:47,492] {taskinstance.py:1356} INFO - 
--------------------------------------------------------------------------------
[2024-09-16 13:55:47,492] {taskinstance.py:1357} INFO - Starting attempt 1 of 1
[2024-09-16 13:55:47,492] {taskinstance.py:1358} INFO - 
--------------------------------------------------------------------------------
[2024-09-16 13:55:47,562] {taskinstance.py:1377} INFO - Executing <Task(_PythonDecoratedOperator): BRONZE_STONCKS_TSLA> on 2024-08-03 00:00:00+00:00
[2024-09-16 13:55:47,580] {standard_task_runner.py:52} INFO - Started process 136342 to run task
[2024-09-16 13:55:47,590] {standard_task_runner.py:79} INFO - Running: ['airflow', 'tasks', 'run', 'BRONZER_GET_STONCKS', 'BRONZE_STONCKS_TSLA', 'scheduled__2024-08-03T00:00:00+00:00', '--job-id', '2458', '--raw', '--subdir', 'DAGS_FOLDER/get_stocks.py', '--cfg-path', '/tmp/tmpoc1ovz1y', '--error-file', '/tmp/tmpcs7sj5hz']
[2024-09-16 13:55:47,591] {standard_task_runner.py:80} INFO - Job 2458: Subtask BRONZE_STONCKS_TSLA
[2024-09-16 13:55:47,774] {task_command.py:370} INFO - Running <TaskInstance: BRONZER_GET_STONCKS.BRONZE_STONCKS_TSLA scheduled__2024-08-03T00:00:00+00:00 [running]> on host kaiwang.
[2024-09-16 13:55:48,385] {taskinstance.py:1569} INFO - Exporting the following env vars:
AIRFLOW_CTX_DAG_OWNER=airflow
AIRFLOW_CTX_DAG_ID=BRONZER_GET_STONCKS
AIRFLOW_CTX_TASK_ID=BRONZE_STONCKS_TSLA
AIRFLOW_CTX_EXECUTION_DATE=2024-08-03T00:00:00+00:00
AIRFLOW_CTX_TRY_NUMBER=1
AIRFLOW_CTX_DAG_RUN_ID=scheduled__2024-08-03T00:00:00+00:00
[2024-09-16 13:55:48,994] {python.py:173} INFO - Done. Returned value was: None
[2024-09-16 13:55:49,050] {taskinstance.py:1395} INFO - Marking task as SUCCESS. dag_id=BRONZER_GET_STONCKS, task_id=BRONZE_STONCKS_TSLA, execution_date=20240803T000000, start_date=20240916T165547, end_date=20240916T165549
[2024-09-16 13:55:49,091] {local_task_job.py:156} INFO - Task exited with return code 0
[2024-09-16 13:55:49,205] {local_task_job.py:273} INFO - 0 downstream tasks scheduled from follow-on schedule check
