[2024-09-16 00:04:02,143] {taskinstance.py:1159} INFO - Dependencies all met for <TaskInstance: BRONZER_GET_STONCKS.BRONZE_STONCKS_GOOG scheduled__2024-02-20T00:00:00+00:00 [queued]>
[2024-09-16 00:04:02,170] {taskinstance.py:1159} INFO - Dependencies all met for <TaskInstance: BRONZER_GET_STONCKS.BRONZE_STONCKS_GOOG scheduled__2024-02-20T00:00:00+00:00 [queued]>
[2024-09-16 00:04:02,170] {taskinstance.py:1356} INFO - 
--------------------------------------------------------------------------------
[2024-09-16 00:04:02,170] {taskinstance.py:1357} INFO - Starting attempt 1 of 1
[2024-09-16 00:04:02,170] {taskinstance.py:1358} INFO - 
--------------------------------------------------------------------------------
[2024-09-16 00:04:02,236] {taskinstance.py:1377} INFO - Executing <Task(_PythonDecoratedOperator): BRONZE_STONCKS_GOOG> on 2024-02-20 00:00:00+00:00
[2024-09-16 00:04:02,240] {standard_task_runner.py:52} INFO - Started process 22654 to run task
[2024-09-16 00:04:02,266] {standard_task_runner.py:79} INFO - Running: ['airflow', 'tasks', 'run', 'BRONZER_GET_STONCKS', 'BRONZE_STONCKS_GOOG', 'scheduled__2024-02-20T00:00:00+00:00', '--job-id', '272', '--raw', '--subdir', 'DAGS_FOLDER/get_stocks.py', '--cfg-path', '/tmp/tmpusb_rppx', '--error-file', '/tmp/tmp9f1fxque']
[2024-09-16 00:04:02,268] {standard_task_runner.py:80} INFO - Job 272: Subtask BRONZE_STONCKS_GOOG
[2024-09-16 00:04:02,389] {task_command.py:370} INFO - Running <TaskInstance: BRONZER_GET_STONCKS.BRONZE_STONCKS_GOOG scheduled__2024-02-20T00:00:00+00:00 [running]> on host kaiwang.
[2024-09-16 00:04:02,600] {taskinstance.py:1569} INFO - Exporting the following env vars:
AIRFLOW_CTX_DAG_OWNER=airflow
AIRFLOW_CTX_DAG_ID=BRONZER_GET_STONCKS
AIRFLOW_CTX_TASK_ID=BRONZE_STONCKS_GOOG
AIRFLOW_CTX_EXECUTION_DATE=2024-02-20T00:00:00+00:00
AIRFLOW_CTX_TRY_NUMBER=1
AIRFLOW_CTX_DAG_RUN_ID=scheduled__2024-02-20T00:00:00+00:00
[2024-09-16 00:04:03,262] {history.py:244} ERROR - $GOOG: possibly delisted; no price data found  (1h 2024-02-17 -> 2024-02-20)
[2024-09-16 00:04:03,266] {python.py:173} INFO - Done. Returned value was: None
[2024-09-16 00:04:03,318] {taskinstance.py:1395} INFO - Marking task as SUCCESS. dag_id=BRONZER_GET_STONCKS, task_id=BRONZE_STONCKS_GOOG, execution_date=20240220T000000, start_date=20240916T030402, end_date=20240916T030403
[2024-09-16 00:04:03,392] {local_task_job.py:156} INFO - Task exited with return code 0
[2024-09-16 00:04:03,526] {local_task_job.py:273} INFO - 0 downstream tasks scheduled from follow-on schedule check
[2024-09-16 00:13:38,538] {taskinstance.py:1159} INFO - Dependencies all met for <TaskInstance: BRONZER_GET_STONCKS.BRONZE_STONCKS_GOOG scheduled__2024-02-20T00:00:00+00:00 [queued]>
[2024-09-16 00:13:38,547] {taskinstance.py:1159} INFO - Dependencies all met for <TaskInstance: BRONZER_GET_STONCKS.BRONZE_STONCKS_GOOG scheduled__2024-02-20T00:00:00+00:00 [queued]>
[2024-09-16 00:13:38,547] {taskinstance.py:1356} INFO - 
--------------------------------------------------------------------------------
[2024-09-16 00:13:38,548] {taskinstance.py:1357} INFO - Starting attempt 1 of 1
[2024-09-16 00:13:38,548] {taskinstance.py:1358} INFO - 
--------------------------------------------------------------------------------
[2024-09-16 00:13:38,558] {taskinstance.py:1377} INFO - Executing <Task(_PythonDecoratedOperator): BRONZE_STONCKS_GOOG> on 2024-02-20 00:00:00+00:00
[2024-09-16 00:13:38,562] {standard_task_runner.py:52} INFO - Started process 48175 to run task
[2024-09-16 00:13:38,567] {standard_task_runner.py:79} INFO - Running: ['airflow', 'tasks', 'run', 'BRONZER_GET_STONCKS', 'BRONZE_STONCKS_GOOG', 'scheduled__2024-02-20T00:00:00+00:00', '--job-id', '1741', '--raw', '--subdir', 'DAGS_FOLDER/get_stocks.py', '--cfg-path', '/tmp/tmp6wzh5ifz', '--error-file', '/tmp/tmp66mdpqx2']
[2024-09-16 00:13:38,568] {standard_task_runner.py:80} INFO - Job 1741: Subtask BRONZE_STONCKS_GOOG
[2024-09-16 00:13:38,665] {task_command.py:370} INFO - Running <TaskInstance: BRONZER_GET_STONCKS.BRONZE_STONCKS_GOOG scheduled__2024-02-20T00:00:00+00:00 [running]> on host kaiwang.
[2024-09-16 00:13:38,768] {taskinstance.py:1569} INFO - Exporting the following env vars:
AIRFLOW_CTX_DAG_OWNER=airflow
AIRFLOW_CTX_DAG_ID=BRONZER_GET_STONCKS
AIRFLOW_CTX_TASK_ID=BRONZE_STONCKS_GOOG
AIRFLOW_CTX_EXECUTION_DATE=2024-02-20T00:00:00+00:00
AIRFLOW_CTX_TRY_NUMBER=1
AIRFLOW_CTX_DAG_RUN_ID=scheduled__2024-02-20T00:00:00+00:00
[2024-09-16 00:13:39,518] {history.py:244} ERROR - $GOOG: possibly delisted; no price data found  (1h 2024-02-17 -> 2024-02-20)
[2024-09-16 00:13:39,522] {python.py:173} INFO - Done. Returned value was: None
[2024-09-16 00:13:39,764] {taskinstance.py:1395} INFO - Marking task as SUCCESS. dag_id=BRONZER_GET_STONCKS, task_id=BRONZE_STONCKS_GOOG, execution_date=20240220T000000, start_date=20240916T031338, end_date=20240916T031339
[2024-09-16 00:13:39,833] {local_task_job.py:156} INFO - Task exited with return code 0
[2024-09-16 00:13:39,993] {local_task_job.py:273} INFO - 0 downstream tasks scheduled from follow-on schedule check
[2024-09-16 00:15:11,435] {taskinstance.py:1159} INFO - Dependencies all met for <TaskInstance: BRONZER_GET_STONCKS.BRONZE_STONCKS_GOOG scheduled__2024-02-20T00:00:00+00:00 [queued]>
[2024-09-16 00:15:11,455] {taskinstance.py:1159} INFO - Dependencies all met for <TaskInstance: BRONZER_GET_STONCKS.BRONZE_STONCKS_GOOG scheduled__2024-02-20T00:00:00+00:00 [queued]>
[2024-09-16 00:15:11,455] {taskinstance.py:1356} INFO - 
--------------------------------------------------------------------------------
[2024-09-16 00:15:11,455] {taskinstance.py:1357} INFO - Starting attempt 1 of 1
[2024-09-16 00:15:11,455] {taskinstance.py:1358} INFO - 
--------------------------------------------------------------------------------
[2024-09-16 00:15:11,498] {taskinstance.py:1377} INFO - Executing <Task(_PythonDecoratedOperator): BRONZE_STONCKS_GOOG> on 2024-02-20 00:00:00+00:00
[2024-09-16 00:15:11,504] {standard_task_runner.py:52} INFO - Started process 53487 to run task
[2024-09-16 00:15:11,514] {standard_task_runner.py:79} INFO - Running: ['airflow', 'tasks', 'run', 'BRONZER_GET_STONCKS', 'BRONZE_STONCKS_GOOG', 'scheduled__2024-02-20T00:00:00+00:00', '--job-id', '2047', '--raw', '--subdir', 'DAGS_FOLDER/get_stocks.py', '--cfg-path', '/tmp/tmpd533go0e', '--error-file', '/tmp/tmpghmw0qb2']
[2024-09-16 00:15:11,516] {standard_task_runner.py:80} INFO - Job 2047: Subtask BRONZE_STONCKS_GOOG
[2024-09-16 00:15:11,632] {task_command.py:370} INFO - Running <TaskInstance: BRONZER_GET_STONCKS.BRONZE_STONCKS_GOOG scheduled__2024-02-20T00:00:00+00:00 [running]> on host kaiwang.
[2024-09-16 00:15:11,743] {taskinstance.py:1569} INFO - Exporting the following env vars:
AIRFLOW_CTX_DAG_OWNER=airflow
AIRFLOW_CTX_DAG_ID=BRONZER_GET_STONCKS
AIRFLOW_CTX_TASK_ID=BRONZE_STONCKS_GOOG
AIRFLOW_CTX_EXECUTION_DATE=2024-02-20T00:00:00+00:00
AIRFLOW_CTX_TRY_NUMBER=1
AIRFLOW_CTX_DAG_RUN_ID=scheduled__2024-02-20T00:00:00+00:00
[2024-09-16 00:15:12,377] {history.py:244} ERROR - $GOOG: possibly delisted; no price data found  (1h 2024-02-17 -> 2024-02-20)
[2024-09-16 00:15:12,381] {python.py:173} INFO - Done. Returned value was: None
[2024-09-16 00:15:12,587] {taskinstance.py:1395} INFO - Marking task as SUCCESS. dag_id=BRONZER_GET_STONCKS, task_id=BRONZE_STONCKS_GOOG, execution_date=20240220T000000, start_date=20240916T031511, end_date=20240916T031512
[2024-09-16 00:15:12,672] {local_task_job.py:156} INFO - Task exited with return code 0
[2024-09-16 00:15:12,872] {local_task_job.py:273} INFO - 0 downstream tasks scheduled from follow-on schedule check
