[2024-09-16 00:03:39,443] {taskinstance.py:1159} INFO - Dependencies all met for <TaskInstance: BRONZER_GET_CRIPTOS.BRONZE_CRIPTO_BTC scheduled__2024-02-01T00:00:00+00:00 [queued]>
[2024-09-16 00:03:39,474] {taskinstance.py:1159} INFO - Dependencies all met for <TaskInstance: BRONZER_GET_CRIPTOS.BRONZE_CRIPTO_BTC scheduled__2024-02-01T00:00:00+00:00 [queued]>
[2024-09-16 00:03:39,474] {taskinstance.py:1356} INFO - 
--------------------------------------------------------------------------------
[2024-09-16 00:03:39,474] {taskinstance.py:1357} INFO - Starting attempt 1 of 1
[2024-09-16 00:03:39,474] {taskinstance.py:1358} INFO - 
--------------------------------------------------------------------------------
[2024-09-16 00:03:39,517] {taskinstance.py:1377} INFO - Executing <Task(_PythonDecoratedOperator): BRONZE_CRIPTO_BTC> on 2024-02-01 00:00:00+00:00
[2024-09-16 00:03:39,530] {standard_task_runner.py:52} INFO - Started process 21055 to run task
[2024-09-16 00:03:39,556] {standard_task_runner.py:79} INFO - Running: ['airflow', 'tasks', 'run', 'BRONZER_GET_CRIPTOS', 'BRONZE_CRIPTO_BTC', 'scheduled__2024-02-01T00:00:00+00:00', '--job-id', '178', '--raw', '--subdir', 'DAGS_FOLDER/get_cripto.py', '--cfg-path', '/tmp/tmpayhunb2x', '--error-file', '/tmp/tmpou7p88y8']
[2024-09-16 00:03:39,557] {standard_task_runner.py:80} INFO - Job 178: Subtask BRONZE_CRIPTO_BTC
[2024-09-16 00:03:39,777] {task_command.py:370} INFO - Running <TaskInstance: BRONZER_GET_CRIPTOS.BRONZE_CRIPTO_BTC scheduled__2024-02-01T00:00:00+00:00 [running]> on host kaiwang.
[2024-09-16 00:03:40,030] {taskinstance.py:1569} INFO - Exporting the following env vars:
AIRFLOW_CTX_DAG_OWNER=airflow
AIRFLOW_CTX_DAG_ID=BRONZER_GET_CRIPTOS
AIRFLOW_CTX_TASK_ID=BRONZE_CRIPTO_BTC
AIRFLOW_CTX_EXECUTION_DATE=2024-02-01T00:00:00+00:00
AIRFLOW_CTX_TRY_NUMBER=1
AIRFLOW_CTX_DAG_RUN_ID=scheduled__2024-02-01T00:00:00+00:00
[2024-09-16 00:03:42,727] {history.py:244} ERROR - $BTC: possibly delisted; no price data found  (1h 2024-01-29 -> 2024-02-01) (Yahoo error = "Data doesn't exist for startDate = 1706504400, endDate = 1706763600")
[2024-09-16 00:03:42,731] {python.py:173} INFO - Done. Returned value was: None
[2024-09-16 00:03:42,748] {taskinstance.py:1395} INFO - Marking task as SUCCESS. dag_id=BRONZER_GET_CRIPTOS, task_id=BRONZE_CRIPTO_BTC, execution_date=20240201T000000, start_date=20240916T030339, end_date=20240916T030342
[2024-09-16 00:03:42,777] {local_task_job.py:156} INFO - Task exited with return code 0
[2024-09-16 00:03:42,815] {local_task_job.py:273} INFO - 0 downstream tasks scheduled from follow-on schedule check
[2024-09-16 00:13:21,227] {taskinstance.py:1159} INFO - Dependencies all met for <TaskInstance: BRONZER_GET_CRIPTOS.BRONZE_CRIPTO_BTC scheduled__2024-02-01T00:00:00+00:00 [queued]>
[2024-09-16 00:13:21,268] {taskinstance.py:1159} INFO - Dependencies all met for <TaskInstance: BRONZER_GET_CRIPTOS.BRONZE_CRIPTO_BTC scheduled__2024-02-01T00:00:00+00:00 [queued]>
[2024-09-16 00:13:21,268] {taskinstance.py:1356} INFO - 
--------------------------------------------------------------------------------
[2024-09-16 00:13:21,268] {taskinstance.py:1357} INFO - Starting attempt 1 of 1
[2024-09-16 00:13:21,268] {taskinstance.py:1358} INFO - 
--------------------------------------------------------------------------------
[2024-09-16 00:13:21,311] {taskinstance.py:1377} INFO - Executing <Task(_PythonDecoratedOperator): BRONZE_CRIPTO_BTC> on 2024-02-01 00:00:00+00:00
[2024-09-16 00:13:21,325] {standard_task_runner.py:52} INFO - Started process 46711 to run task
[2024-09-16 00:13:21,347] {standard_task_runner.py:79} INFO - Running: ['airflow', 'tasks', 'run', 'BRONZER_GET_CRIPTOS', 'BRONZE_CRIPTO_BTC', 'scheduled__2024-02-01T00:00:00+00:00', '--job-id', '1652', '--raw', '--subdir', 'DAGS_FOLDER/get_cripto.py', '--cfg-path', '/tmp/tmp8hhg7n0d', '--error-file', '/tmp/tmpu4qrqvkp']
[2024-09-16 00:13:21,348] {standard_task_runner.py:80} INFO - Job 1652: Subtask BRONZE_CRIPTO_BTC
[2024-09-16 00:13:21,582] {task_command.py:370} INFO - Running <TaskInstance: BRONZER_GET_CRIPTOS.BRONZE_CRIPTO_BTC scheduled__2024-02-01T00:00:00+00:00 [running]> on host kaiwang.
[2024-09-16 00:13:21,805] {taskinstance.py:1569} INFO - Exporting the following env vars:
AIRFLOW_CTX_DAG_OWNER=airflow
AIRFLOW_CTX_DAG_ID=BRONZER_GET_CRIPTOS
AIRFLOW_CTX_TASK_ID=BRONZE_CRIPTO_BTC
AIRFLOW_CTX_EXECUTION_DATE=2024-02-01T00:00:00+00:00
AIRFLOW_CTX_TRY_NUMBER=1
AIRFLOW_CTX_DAG_RUN_ID=scheduled__2024-02-01T00:00:00+00:00
[2024-09-16 00:13:25,041] {history.py:244} ERROR - $BTC: possibly delisted; no price data found  (1h 2024-01-29 -> 2024-02-01) (Yahoo error = "Data doesn't exist for startDate = 1706504400, endDate = 1706763600")
[2024-09-16 00:13:25,050] {python.py:173} INFO - Done. Returned value was: None
[2024-09-16 00:13:25,105] {taskinstance.py:1395} INFO - Marking task as SUCCESS. dag_id=BRONZER_GET_CRIPTOS, task_id=BRONZE_CRIPTO_BTC, execution_date=20240201T000000, start_date=20240916T031321, end_date=20240916T031325
[2024-09-16 00:13:25,159] {local_task_job.py:156} INFO - Task exited with return code 0
[2024-09-16 00:13:25,445] {local_task_job.py:273} INFO - 0 downstream tasks scheduled from follow-on schedule check
[2024-09-16 00:14:57,625] {taskinstance.py:1159} INFO - Dependencies all met for <TaskInstance: BRONZER_GET_CRIPTOS.BRONZE_CRIPTO_BTC scheduled__2024-02-01T00:00:00+00:00 [queued]>
[2024-09-16 00:14:57,687] {taskinstance.py:1159} INFO - Dependencies all met for <TaskInstance: BRONZER_GET_CRIPTOS.BRONZE_CRIPTO_BTC scheduled__2024-02-01T00:00:00+00:00 [queued]>
[2024-09-16 00:14:57,687] {taskinstance.py:1356} INFO - 
--------------------------------------------------------------------------------
[2024-09-16 00:14:57,687] {taskinstance.py:1357} INFO - Starting attempt 1 of 1
[2024-09-16 00:14:57,687] {taskinstance.py:1358} INFO - 
--------------------------------------------------------------------------------
[2024-09-16 00:14:57,754] {taskinstance.py:1377} INFO - Executing <Task(_PythonDecoratedOperator): BRONZE_CRIPTO_BTC> on 2024-02-01 00:00:00+00:00
[2024-09-16 00:14:57,760] {standard_task_runner.py:52} INFO - Started process 52306 to run task
[2024-09-16 00:14:57,775] {standard_task_runner.py:79} INFO - Running: ['airflow', 'tasks', 'run', 'BRONZER_GET_CRIPTOS', 'BRONZE_CRIPTO_BTC', 'scheduled__2024-02-01T00:00:00+00:00', '--job-id', '1971', '--raw', '--subdir', 'DAGS_FOLDER/get_cripto.py', '--cfg-path', '/tmp/tmpczwgkqfo', '--error-file', '/tmp/tmp_b0lh73y']
[2024-09-16 00:14:57,776] {standard_task_runner.py:80} INFO - Job 1971: Subtask BRONZE_CRIPTO_BTC
[2024-09-16 00:14:58,094] {task_command.py:370} INFO - Running <TaskInstance: BRONZER_GET_CRIPTOS.BRONZE_CRIPTO_BTC scheduled__2024-02-01T00:00:00+00:00 [running]> on host kaiwang.
[2024-09-16 00:14:58,414] {taskinstance.py:1569} INFO - Exporting the following env vars:
AIRFLOW_CTX_DAG_OWNER=airflow
AIRFLOW_CTX_DAG_ID=BRONZER_GET_CRIPTOS
AIRFLOW_CTX_TASK_ID=BRONZE_CRIPTO_BTC
AIRFLOW_CTX_EXECUTION_DATE=2024-02-01T00:00:00+00:00
AIRFLOW_CTX_TRY_NUMBER=1
AIRFLOW_CTX_DAG_RUN_ID=scheduled__2024-02-01T00:00:00+00:00
[2024-09-16 00:15:01,830] {history.py:244} ERROR - $BTC: possibly delisted; no price data found  (1h 2024-01-29 -> 2024-02-01) (Yahoo error = "Data doesn't exist for startDate = 1706504400, endDate = 1706763600")
[2024-09-16 00:15:01,835] {python.py:173} INFO - Done. Returned value was: None
[2024-09-16 00:15:01,884] {taskinstance.py:1395} INFO - Marking task as SUCCESS. dag_id=BRONZER_GET_CRIPTOS, task_id=BRONZE_CRIPTO_BTC, execution_date=20240201T000000, start_date=20240916T031457, end_date=20240916T031501
[2024-09-16 00:15:01,962] {local_task_job.py:156} INFO - Task exited with return code 0
[2024-09-16 00:15:02,202] {local_task_job.py:273} INFO - 0 downstream tasks scheduled from follow-on schedule check
