[2024-09-16 00:08:05,252] {taskinstance.py:1159} INFO - Dependencies all met for <TaskInstance: BRONZER_GET_CRIPTOS.BRONZE_CRIPTO_AVAX scheduled__2024-08-21T00:00:00+00:00 [queued]>
[2024-09-16 00:08:05,263] {taskinstance.py:1159} INFO - Dependencies all met for <TaskInstance: BRONZER_GET_CRIPTOS.BRONZE_CRIPTO_AVAX scheduled__2024-08-21T00:00:00+00:00 [queued]>
[2024-09-16 00:08:05,263] {taskinstance.py:1356} INFO - 
--------------------------------------------------------------------------------
[2024-09-16 00:08:05,263] {taskinstance.py:1357} INFO - Starting attempt 1 of 1
[2024-09-16 00:08:05,263] {taskinstance.py:1358} INFO - 
--------------------------------------------------------------------------------
[2024-09-16 00:08:05,279] {taskinstance.py:1377} INFO - Executing <Task(_PythonDecoratedOperator): BRONZE_CRIPTO_AVAX> on 2024-08-21 00:00:00+00:00
[2024-09-16 00:08:05,284] {standard_task_runner.py:52} INFO - Started process 42092 to run task
[2024-09-16 00:08:05,290] {standard_task_runner.py:79} INFO - Running: ['airflow', 'tasks', 'run', 'BRONZER_GET_CRIPTOS', 'BRONZE_CRIPTO_AVAX', 'scheduled__2024-08-21T00:00:00+00:00', '--job-id', '1403', '--raw', '--subdir', 'DAGS_FOLDER/get_cripto.py', '--cfg-path', '/tmp/tmpsxq56kxy', '--error-file', '/tmp/tmpisouryrn']
[2024-09-16 00:08:05,291] {standard_task_runner.py:80} INFO - Job 1403: Subtask BRONZE_CRIPTO_AVAX
[2024-09-16 00:08:05,383] {task_command.py:370} INFO - Running <TaskInstance: BRONZER_GET_CRIPTOS.BRONZE_CRIPTO_AVAX scheduled__2024-08-21T00:00:00+00:00 [running]> on host kaiwang.
[2024-09-16 00:08:05,531] {taskinstance.py:1569} INFO - Exporting the following env vars:
AIRFLOW_CTX_DAG_OWNER=airflow
AIRFLOW_CTX_DAG_ID=BRONZER_GET_CRIPTOS
AIRFLOW_CTX_TASK_ID=BRONZE_CRIPTO_AVAX
AIRFLOW_CTX_EXECUTION_DATE=2024-08-21T00:00:00+00:00
AIRFLOW_CTX_TRY_NUMBER=1
AIRFLOW_CTX_DAG_RUN_ID=scheduled__2024-08-21T00:00:00+00:00
[2024-09-16 00:08:08,005] {history.py:122} ERROR - $AVAX: possibly delisted; no timezone found
[2024-09-16 00:08:08,009] {python.py:173} INFO - Done. Returned value was: None
[2024-09-16 00:08:08,027] {taskinstance.py:1395} INFO - Marking task as SUCCESS. dag_id=BRONZER_GET_CRIPTOS, task_id=BRONZE_CRIPTO_AVAX, execution_date=20240821T000000, start_date=20240916T030805, end_date=20240916T030808
[2024-09-16 00:08:08,047] {local_task_job.py:156} INFO - Task exited with return code 0
[2024-09-16 00:08:08,100] {local_task_job.py:273} INFO - 0 downstream tasks scheduled from follow-on schedule check
[2024-09-16 13:56:18,532] {taskinstance.py:1159} INFO - Dependencies all met for <TaskInstance: BRONZER_GET_CRIPTOS.BRONZE_CRIPTO_AVAX scheduled__2024-08-21T00:00:00+00:00 [queued]>
[2024-09-16 13:56:18,571] {taskinstance.py:1159} INFO - Dependencies all met for <TaskInstance: BRONZER_GET_CRIPTOS.BRONZE_CRIPTO_AVAX scheduled__2024-08-21T00:00:00+00:00 [queued]>
[2024-09-16 13:56:18,571] {taskinstance.py:1356} INFO - 
--------------------------------------------------------------------------------
[2024-09-16 13:56:18,571] {taskinstance.py:1357} INFO - Starting attempt 1 of 1
[2024-09-16 13:56:18,571] {taskinstance.py:1358} INFO - 
--------------------------------------------------------------------------------
[2024-09-16 13:56:18,618] {taskinstance.py:1377} INFO - Executing <Task(_PythonDecoratedOperator): BRONZE_CRIPTO_AVAX> on 2024-08-21 00:00:00+00:00
[2024-09-16 13:56:18,631] {standard_task_runner.py:52} INFO - Started process 138429 to run task
[2024-09-16 13:56:18,659] {standard_task_runner.py:79} INFO - Running: ['airflow', 'tasks', 'run', 'BRONZER_GET_CRIPTOS', 'BRONZE_CRIPTO_AVAX', 'scheduled__2024-08-21T00:00:00+00:00', '--job-id', '2557', '--raw', '--subdir', 'DAGS_FOLDER/get_cripto.py', '--cfg-path', '/tmp/tmphdzdijd_', '--error-file', '/tmp/tmpmwi4wc9y']
[2024-09-16 13:56:18,660] {standard_task_runner.py:80} INFO - Job 2557: Subtask BRONZE_CRIPTO_AVAX
[2024-09-16 13:56:18,938] {task_command.py:370} INFO - Running <TaskInstance: BRONZER_GET_CRIPTOS.BRONZE_CRIPTO_AVAX scheduled__2024-08-21T00:00:00+00:00 [running]> on host kaiwang.
[2024-09-16 13:56:19,469] {taskinstance.py:1569} INFO - Exporting the following env vars:
AIRFLOW_CTX_DAG_OWNER=airflow
AIRFLOW_CTX_DAG_ID=BRONZER_GET_CRIPTOS
AIRFLOW_CTX_TASK_ID=BRONZE_CRIPTO_AVAX
AIRFLOW_CTX_EXECUTION_DATE=2024-08-21T00:00:00+00:00
AIRFLOW_CTX_TRY_NUMBER=1
AIRFLOW_CTX_DAG_RUN_ID=scheduled__2024-08-21T00:00:00+00:00
[2024-09-16 13:56:22,445] {history.py:122} ERROR - $AVAX: possibly delisted; no timezone found
[2024-09-16 13:56:22,459] {python.py:173} INFO - Done. Returned value was: None
[2024-09-16 13:56:22,501] {taskinstance.py:1395} INFO - Marking task as SUCCESS. dag_id=BRONZER_GET_CRIPTOS, task_id=BRONZE_CRIPTO_AVAX, execution_date=20240821T000000, start_date=20240916T165618, end_date=20240916T165622
[2024-09-16 13:56:22,577] {local_task_job.py:156} INFO - Task exited with return code 0
[2024-09-16 13:56:22,678] {local_task_job.py:273} INFO - 0 downstream tasks scheduled from follow-on schedule check
