[2024-09-16 00:06:58,789] {taskinstance.py:1159} INFO - Dependencies all met for <TaskInstance: BRONZER_GET_STONCKS.BRONZE_STONCKS_AAPL scheduled__2024-07-30T00:00:00+00:00 [queued]>
[2024-09-16 00:06:58,801] {taskinstance.py:1159} INFO - Dependencies all met for <TaskInstance: BRONZER_GET_STONCKS.BRONZE_STONCKS_AAPL scheduled__2024-07-30T00:00:00+00:00 [queued]>
[2024-09-16 00:06:58,801] {taskinstance.py:1356} INFO - 
--------------------------------------------------------------------------------
[2024-09-16 00:06:58,801] {taskinstance.py:1357} INFO - Starting attempt 1 of 1
[2024-09-16 00:06:58,801] {taskinstance.py:1358} INFO - 
--------------------------------------------------------------------------------
[2024-09-16 00:06:58,849] {taskinstance.py:1377} INFO - Executing <Task(_PythonDecoratedOperator): BRONZE_STONCKS_AAPL> on 2024-07-30 00:00:00+00:00
[2024-09-16 00:06:58,857] {standard_task_runner.py:52} INFO - Started process 36896 to run task
[2024-09-16 00:06:58,864] {standard_task_runner.py:79} INFO - Running: ['airflow', 'tasks', 'run', 'BRONZER_GET_STONCKS', 'BRONZE_STONCKS_AAPL', 'scheduled__2024-07-30T00:00:00+00:00', '--job-id', '1104', '--raw', '--subdir', 'DAGS_FOLDER/get_stocks.py', '--cfg-path', '/tmp/tmpntg9latf', '--error-file', '/tmp/tmp2vb1s4u_']
[2024-09-16 00:06:58,865] {standard_task_runner.py:80} INFO - Job 1104: Subtask BRONZE_STONCKS_AAPL
[2024-09-16 00:06:59,023] {task_command.py:370} INFO - Running <TaskInstance: BRONZER_GET_STONCKS.BRONZE_STONCKS_AAPL scheduled__2024-07-30T00:00:00+00:00 [running]> on host kaiwang.
[2024-09-16 00:06:59,325] {taskinstance.py:1569} INFO - Exporting the following env vars:
AIRFLOW_CTX_DAG_OWNER=airflow
AIRFLOW_CTX_DAG_ID=BRONZER_GET_STONCKS
AIRFLOW_CTX_TASK_ID=BRONZE_STONCKS_AAPL
AIRFLOW_CTX_EXECUTION_DATE=2024-07-30T00:00:00+00:00
AIRFLOW_CTX_TRY_NUMBER=1
AIRFLOW_CTX_DAG_RUN_ID=scheduled__2024-07-30T00:00:00+00:00
[2024-09-16 00:07:00,109] {python.py:173} INFO - Done. Returned value was: None
[2024-09-16 00:07:00,141] {taskinstance.py:1395} INFO - Marking task as SUCCESS. dag_id=BRONZER_GET_STONCKS, task_id=BRONZE_STONCKS_AAPL, execution_date=20240730T000000, start_date=20240916T030658, end_date=20240916T030700
[2024-09-16 00:07:00,222] {local_task_job.py:156} INFO - Task exited with return code 0
[2024-09-16 00:07:00,302] {local_task_job.py:273} INFO - 0 downstream tasks scheduled from follow-on schedule check
