[2024-09-16 00:04:14,999] {taskinstance.py:1159} INFO - Dependencies all met for <TaskInstance: BRONZER_GET_STONCKS.BRONZE_STONCKS_AAPL scheduled__2024-02-29T00:00:00+00:00 [queued]>
[2024-09-16 00:04:15,036] {taskinstance.py:1159} INFO - Dependencies all met for <TaskInstance: BRONZER_GET_STONCKS.BRONZE_STONCKS_AAPL scheduled__2024-02-29T00:00:00+00:00 [queued]>
[2024-09-16 00:04:15,036] {taskinstance.py:1356} INFO - 
--------------------------------------------------------------------------------
[2024-09-16 00:04:15,036] {taskinstance.py:1357} INFO - Starting attempt 1 of 1
[2024-09-16 00:04:15,036] {taskinstance.py:1358} INFO - 
--------------------------------------------------------------------------------
[2024-09-16 00:04:15,076] {taskinstance.py:1377} INFO - Executing <Task(_PythonDecoratedOperator): BRONZE_STONCKS_AAPL> on 2024-02-29 00:00:00+00:00
[2024-09-16 00:04:15,081] {standard_task_runner.py:52} INFO - Started process 23675 to run task
[2024-09-16 00:04:15,092] {standard_task_runner.py:79} INFO - Running: ['airflow', 'tasks', 'run', 'BRONZER_GET_STONCKS', 'BRONZE_STONCKS_AAPL', 'scheduled__2024-02-29T00:00:00+00:00', '--job-id', '332', '--raw', '--subdir', 'DAGS_FOLDER/get_stocks.py', '--cfg-path', '/tmp/tmptztsu96j', '--error-file', '/tmp/tmpg4tfcobf']
[2024-09-16 00:04:15,094] {standard_task_runner.py:80} INFO - Job 332: Subtask BRONZE_STONCKS_AAPL
[2024-09-16 00:04:15,290] {task_command.py:370} INFO - Running <TaskInstance: BRONZER_GET_STONCKS.BRONZE_STONCKS_AAPL scheduled__2024-02-29T00:00:00+00:00 [running]> on host kaiwang.
[2024-09-16 00:04:15,445] {taskinstance.py:1569} INFO - Exporting the following env vars:
AIRFLOW_CTX_DAG_OWNER=airflow
AIRFLOW_CTX_DAG_ID=BRONZER_GET_STONCKS
AIRFLOW_CTX_TASK_ID=BRONZE_STONCKS_AAPL
AIRFLOW_CTX_EXECUTION_DATE=2024-02-29T00:00:00+00:00
AIRFLOW_CTX_TRY_NUMBER=1
AIRFLOW_CTX_DAG_RUN_ID=scheduled__2024-02-29T00:00:00+00:00
[2024-09-16 00:04:16,002] {python.py:173} INFO - Done. Returned value was: None
[2024-09-16 00:04:16,031] {taskinstance.py:1395} INFO - Marking task as SUCCESS. dag_id=BRONZER_GET_STONCKS, task_id=BRONZE_STONCKS_AAPL, execution_date=20240229T000000, start_date=20240916T030414, end_date=20240916T030416
[2024-09-16 00:04:16,081] {local_task_job.py:156} INFO - Task exited with return code 0
[2024-09-16 00:04:16,122] {local_task_job.py:273} INFO - 0 downstream tasks scheduled from follow-on schedule check
[2024-09-16 00:15:24,869] {taskinstance.py:1159} INFO - Dependencies all met for <TaskInstance: BRONZER_GET_STONCKS.BRONZE_STONCKS_AAPL scheduled__2024-02-29T00:00:00+00:00 [queued]>
[2024-09-16 00:15:24,885] {taskinstance.py:1159} INFO - Dependencies all met for <TaskInstance: BRONZER_GET_STONCKS.BRONZE_STONCKS_AAPL scheduled__2024-02-29T00:00:00+00:00 [queued]>
[2024-09-16 00:15:24,885] {taskinstance.py:1356} INFO - 
--------------------------------------------------------------------------------
[2024-09-16 00:15:24,885] {taskinstance.py:1357} INFO - Starting attempt 1 of 1
[2024-09-16 00:15:24,885] {taskinstance.py:1358} INFO - 
--------------------------------------------------------------------------------
[2024-09-16 00:15:24,914] {taskinstance.py:1377} INFO - Executing <Task(_PythonDecoratedOperator): BRONZE_STONCKS_AAPL> on 2024-02-29 00:00:00+00:00
[2024-09-16 00:15:24,922] {standard_task_runner.py:52} INFO - Started process 54542 to run task
[2024-09-16 00:15:24,948] {standard_task_runner.py:79} INFO - Running: ['airflow', 'tasks', 'run', 'BRONZER_GET_STONCKS', 'BRONZE_STONCKS_AAPL', 'scheduled__2024-02-29T00:00:00+00:00', '--job-id', '2109', '--raw', '--subdir', 'DAGS_FOLDER/get_stocks.py', '--cfg-path', '/tmp/tmp5g02y0wk', '--error-file', '/tmp/tmpzzzjwj1f']
[2024-09-16 00:15:24,949] {standard_task_runner.py:80} INFO - Job 2109: Subtask BRONZE_STONCKS_AAPL
[2024-09-16 00:15:25,087] {task_command.py:370} INFO - Running <TaskInstance: BRONZER_GET_STONCKS.BRONZE_STONCKS_AAPL scheduled__2024-02-29T00:00:00+00:00 [running]> on host kaiwang.
[2024-09-16 00:15:25,226] {taskinstance.py:1569} INFO - Exporting the following env vars:
AIRFLOW_CTX_DAG_OWNER=airflow
AIRFLOW_CTX_DAG_ID=BRONZER_GET_STONCKS
AIRFLOW_CTX_TASK_ID=BRONZE_STONCKS_AAPL
AIRFLOW_CTX_EXECUTION_DATE=2024-02-29T00:00:00+00:00
AIRFLOW_CTX_TRY_NUMBER=1
AIRFLOW_CTX_DAG_RUN_ID=scheduled__2024-02-29T00:00:00+00:00
[2024-09-16 00:15:25,933] {python.py:173} INFO - Done. Returned value was: None
[2024-09-16 00:15:25,958] {taskinstance.py:1395} INFO - Marking task as SUCCESS. dag_id=BRONZER_GET_STONCKS, task_id=BRONZE_STONCKS_AAPL, execution_date=20240229T000000, start_date=20240916T031524, end_date=20240916T031525
[2024-09-16 00:15:26,007] {local_task_job.py:156} INFO - Task exited with return code 0
[2024-09-16 00:15:26,062] {local_task_job.py:273} INFO - 0 downstream tasks scheduled from follow-on schedule check
