[2024-09-16 00:07:04,023] {taskinstance.py:1159} INFO - Dependencies all met for <TaskInstance: BRONZER_GET_CRIPTOS.BRONZE_CRIPTO_BTC scheduled__2024-06-27T00:00:00+00:00 [queued]>
[2024-09-16 00:07:04,100] {taskinstance.py:1159} INFO - Dependencies all met for <TaskInstance: BRONZER_GET_CRIPTOS.BRONZE_CRIPTO_BTC scheduled__2024-06-27T00:00:00+00:00 [queued]>
[2024-09-16 00:07:04,101] {taskinstance.py:1356} INFO - 
--------------------------------------------------------------------------------
[2024-09-16 00:07:04,101] {taskinstance.py:1357} INFO - Starting attempt 1 of 1
[2024-09-16 00:07:04,101] {taskinstance.py:1358} INFO - 
--------------------------------------------------------------------------------
[2024-09-16 00:07:04,163] {taskinstance.py:1377} INFO - Executing <Task(_PythonDecoratedOperator): BRONZE_CRIPTO_BTC> on 2024-06-27 00:00:00+00:00
[2024-09-16 00:07:04,169] {standard_task_runner.py:52} INFO - Started process 37311 to run task
[2024-09-16 00:07:04,207] {standard_task_runner.py:79} INFO - Running: ['airflow', 'tasks', 'run', 'BRONZER_GET_CRIPTOS', 'BRONZE_CRIPTO_BTC', 'scheduled__2024-06-27T00:00:00+00:00', '--job-id', '1115', '--raw', '--subdir', 'DAGS_FOLDER/get_cripto.py', '--cfg-path', '/tmp/tmp2qnemodb', '--error-file', '/tmp/tmpflb9botv']
[2024-09-16 00:07:04,209] {standard_task_runner.py:80} INFO - Job 1115: Subtask BRONZE_CRIPTO_BTC
[2024-09-16 00:07:04,644] {task_command.py:370} INFO - Running <TaskInstance: BRONZER_GET_CRIPTOS.BRONZE_CRIPTO_BTC scheduled__2024-06-27T00:00:00+00:00 [running]> on host kaiwang.
[2024-09-16 00:07:05,111] {taskinstance.py:1569} INFO - Exporting the following env vars:
AIRFLOW_CTX_DAG_OWNER=airflow
AIRFLOW_CTX_DAG_ID=BRONZER_GET_CRIPTOS
AIRFLOW_CTX_TASK_ID=BRONZE_CRIPTO_BTC
AIRFLOW_CTX_EXECUTION_DATE=2024-06-27T00:00:00+00:00
AIRFLOW_CTX_TRY_NUMBER=1
AIRFLOW_CTX_DAG_RUN_ID=scheduled__2024-06-27T00:00:00+00:00
[2024-09-16 00:07:07,790] {history.py:244} ERROR - $BTC: possibly delisted; no price data found  (1h 2024-06-24 -> 2024-06-27) (Yahoo error = "Data doesn't exist for startDate = 1719201600, endDate = 1719460800")
[2024-09-16 00:07:07,793] {python.py:173} INFO - Done. Returned value was: None
[2024-09-16 00:07:07,992] {taskinstance.py:1395} INFO - Marking task as SUCCESS. dag_id=BRONZER_GET_CRIPTOS, task_id=BRONZE_CRIPTO_BTC, execution_date=20240627T000000, start_date=20240916T030704, end_date=20240916T030707
[2024-09-16 00:07:08,049] {local_task_job.py:156} INFO - Task exited with return code 0
[2024-09-16 00:07:08,144] {local_task_job.py:273} INFO - 0 downstream tasks scheduled from follow-on schedule check
