[2024-09-16 00:05:14,144] {taskinstance.py:1159} INFO - Dependencies all met for <TaskInstance: BRONZER_GET_STONCKS.BRONZE_STONCKS_MSFT scheduled__2024-04-20T00:00:00+00:00 [queued]>
[2024-09-16 00:05:14,200] {taskinstance.py:1159} INFO - Dependencies all met for <TaskInstance: BRONZER_GET_STONCKS.BRONZE_STONCKS_MSFT scheduled__2024-04-20T00:00:00+00:00 [queued]>
[2024-09-16 00:05:14,200] {taskinstance.py:1356} INFO - 
--------------------------------------------------------------------------------
[2024-09-16 00:05:14,200] {taskinstance.py:1357} INFO - Starting attempt 1 of 1
[2024-09-16 00:05:14,200] {taskinstance.py:1358} INFO - 
--------------------------------------------------------------------------------
[2024-09-16 00:05:14,228] {taskinstance.py:1377} INFO - Executing <Task(_PythonDecoratedOperator): BRONZE_STONCKS_MSFT> on 2024-04-20 00:00:00+00:00
[2024-09-16 00:05:14,234] {standard_task_runner.py:52} INFO - Started process 28264 to run task
[2024-09-16 00:05:14,252] {standard_task_runner.py:79} INFO - Running: ['airflow', 'tasks', 'run', 'BRONZER_GET_STONCKS', 'BRONZE_STONCKS_MSFT', 'scheduled__2024-04-20T00:00:00+00:00', '--job-id', '600', '--raw', '--subdir', 'DAGS_FOLDER/get_stocks.py', '--cfg-path', '/tmp/tmpggkehnqk', '--error-file', '/tmp/tmp9lgztfxd']
[2024-09-16 00:05:14,253] {standard_task_runner.py:80} INFO - Job 600: Subtask BRONZE_STONCKS_MSFT
[2024-09-16 00:05:14,406] {task_command.py:370} INFO - Running <TaskInstance: BRONZER_GET_STONCKS.BRONZE_STONCKS_MSFT scheduled__2024-04-20T00:00:00+00:00 [running]> on host kaiwang.
[2024-09-16 00:05:14,519] {taskinstance.py:1569} INFO - Exporting the following env vars:
AIRFLOW_CTX_DAG_OWNER=airflow
AIRFLOW_CTX_DAG_ID=BRONZER_GET_STONCKS
AIRFLOW_CTX_TASK_ID=BRONZE_STONCKS_MSFT
AIRFLOW_CTX_EXECUTION_DATE=2024-04-20T00:00:00+00:00
AIRFLOW_CTX_TRY_NUMBER=1
AIRFLOW_CTX_DAG_RUN_ID=scheduled__2024-04-20T00:00:00+00:00
[2024-09-16 00:05:15,095] {python.py:173} INFO - Done. Returned value was: None
[2024-09-16 00:05:15,124] {taskinstance.py:1395} INFO - Marking task as SUCCESS. dag_id=BRONZER_GET_STONCKS, task_id=BRONZE_STONCKS_MSFT, execution_date=20240420T000000, start_date=20240916T030514, end_date=20240916T030515
[2024-09-16 00:05:15,201] {local_task_job.py:156} INFO - Task exited with return code 0
[2024-09-16 00:05:15,280] {local_task_job.py:273} INFO - 0 downstream tasks scheduled from follow-on schedule check
[2024-09-16 00:16:19,509] {taskinstance.py:1159} INFO - Dependencies all met for <TaskInstance: BRONZER_GET_STONCKS.BRONZE_STONCKS_MSFT scheduled__2024-04-20T00:00:00+00:00 [queued]>
[2024-09-16 00:16:19,553] {taskinstance.py:1159} INFO - Dependencies all met for <TaskInstance: BRONZER_GET_STONCKS.BRONZE_STONCKS_MSFT scheduled__2024-04-20T00:00:00+00:00 [queued]>
[2024-09-16 00:16:19,553] {taskinstance.py:1356} INFO - 
--------------------------------------------------------------------------------
[2024-09-16 00:16:19,553] {taskinstance.py:1357} INFO - Starting attempt 1 of 1
[2024-09-16 00:16:19,553] {taskinstance.py:1358} INFO - 
--------------------------------------------------------------------------------
[2024-09-16 00:16:19,599] {taskinstance.py:1377} INFO - Executing <Task(_PythonDecoratedOperator): BRONZE_STONCKS_MSFT> on 2024-04-20 00:00:00+00:00
[2024-09-16 00:16:19,604] {standard_task_runner.py:52} INFO - Started process 59008 to run task
[2024-09-16 00:16:19,630] {standard_task_runner.py:79} INFO - Running: ['airflow', 'tasks', 'run', 'BRONZER_GET_STONCKS', 'BRONZE_STONCKS_MSFT', 'scheduled__2024-04-20T00:00:00+00:00', '--job-id', '2364', '--raw', '--subdir', 'DAGS_FOLDER/get_stocks.py', '--cfg-path', '/tmp/tmp9lxqotx8', '--error-file', '/tmp/tmpjabdrize']
[2024-09-16 00:16:19,631] {standard_task_runner.py:80} INFO - Job 2364: Subtask BRONZE_STONCKS_MSFT
[2024-09-16 00:16:19,964] {task_command.py:370} INFO - Running <TaskInstance: BRONZER_GET_STONCKS.BRONZE_STONCKS_MSFT scheduled__2024-04-20T00:00:00+00:00 [running]> on host kaiwang.
[2024-09-16 00:16:20,298] {taskinstance.py:1569} INFO - Exporting the following env vars:
AIRFLOW_CTX_DAG_OWNER=airflow
AIRFLOW_CTX_DAG_ID=BRONZER_GET_STONCKS
AIRFLOW_CTX_TASK_ID=BRONZE_STONCKS_MSFT
AIRFLOW_CTX_EXECUTION_DATE=2024-04-20T00:00:00+00:00
AIRFLOW_CTX_TRY_NUMBER=1
AIRFLOW_CTX_DAG_RUN_ID=scheduled__2024-04-20T00:00:00+00:00
[2024-09-16 00:16:21,227] {python.py:173} INFO - Done. Returned value was: None
[2024-09-16 00:16:21,284] {taskinstance.py:1395} INFO - Marking task as SUCCESS. dag_id=BRONZER_GET_STONCKS, task_id=BRONZE_STONCKS_MSFT, execution_date=20240420T000000, start_date=20240916T031619, end_date=20240916T031621
[2024-09-16 00:16:21,355] {local_task_job.py:156} INFO - Task exited with return code 0
[2024-09-16 00:16:21,466] {local_task_job.py:273} INFO - 0 downstream tasks scheduled from follow-on schedule check
