[2024-09-16 00:03:18,442] {taskinstance.py:1159} INFO - Dependencies all met for <TaskInstance: BRONZER_GET_STONCKS.BRONZE_STONCKS_AAPL scheduled__2024-01-17T00:00:00+00:00 [queued]>
[2024-09-16 00:03:18,529] {taskinstance.py:1159} INFO - Dependencies all met for <TaskInstance: BRONZER_GET_STONCKS.BRONZE_STONCKS_AAPL scheduled__2024-01-17T00:00:00+00:00 [queued]>
[2024-09-16 00:03:18,530] {taskinstance.py:1356} INFO - 
--------------------------------------------------------------------------------
[2024-09-16 00:03:18,530] {taskinstance.py:1357} INFO - Starting attempt 1 of 1
[2024-09-16 00:03:18,530] {taskinstance.py:1358} INFO - 
--------------------------------------------------------------------------------
[2024-09-16 00:03:18,633] {taskinstance.py:1377} INFO - Executing <Task(_PythonDecoratedOperator): BRONZE_STONCKS_AAPL> on 2024-01-17 00:00:00+00:00
[2024-09-16 00:03:18,639] {standard_task_runner.py:52} INFO - Started process 19442 to run task
[2024-09-16 00:03:18,677] {standard_task_runner.py:79} INFO - Running: ['airflow', 'tasks', 'run', 'BRONZER_GET_STONCKS', 'BRONZE_STONCKS_AAPL', 'scheduled__2024-01-17T00:00:00+00:00', '--job-id', '86', '--raw', '--subdir', 'DAGS_FOLDER/get_stocks.py', '--cfg-path', '/tmp/tmpwofq4_0c', '--error-file', '/tmp/tmp_glodanm']
[2024-09-16 00:03:18,680] {standard_task_runner.py:80} INFO - Job 86: Subtask BRONZE_STONCKS_AAPL
[2024-09-16 00:03:19,121] {task_command.py:370} INFO - Running <TaskInstance: BRONZER_GET_STONCKS.BRONZE_STONCKS_AAPL scheduled__2024-01-17T00:00:00+00:00 [running]> on host kaiwang.
[2024-09-16 00:03:19,592] {taskinstance.py:1569} INFO - Exporting the following env vars:
AIRFLOW_CTX_DAG_OWNER=airflow
AIRFLOW_CTX_DAG_ID=BRONZER_GET_STONCKS
AIRFLOW_CTX_TASK_ID=BRONZE_STONCKS_AAPL
AIRFLOW_CTX_EXECUTION_DATE=2024-01-17T00:00:00+00:00
AIRFLOW_CTX_TRY_NUMBER=1
AIRFLOW_CTX_DAG_RUN_ID=scheduled__2024-01-17T00:00:00+00:00
[2024-09-16 00:03:20,438] {python.py:173} INFO - Done. Returned value was: None
[2024-09-16 00:03:20,541] {taskinstance.py:1395} INFO - Marking task as SUCCESS. dag_id=BRONZER_GET_STONCKS, task_id=BRONZE_STONCKS_AAPL, execution_date=20240117T000000, start_date=20240916T030318, end_date=20240916T030320
[2024-09-16 00:03:20,618] {local_task_job.py:156} INFO - Task exited with return code 0
[2024-09-16 00:03:20,745] {local_task_job.py:273} INFO - 0 downstream tasks scheduled from follow-on schedule check
[2024-09-16 00:13:04,110] {taskinstance.py:1159} INFO - Dependencies all met for <TaskInstance: BRONZER_GET_STONCKS.BRONZE_STONCKS_AAPL scheduled__2024-01-17T00:00:00+00:00 [queued]>
[2024-09-16 00:13:04,131] {taskinstance.py:1159} INFO - Dependencies all met for <TaskInstance: BRONZER_GET_STONCKS.BRONZE_STONCKS_AAPL scheduled__2024-01-17T00:00:00+00:00 [queued]>
[2024-09-16 00:13:04,131] {taskinstance.py:1356} INFO - 
--------------------------------------------------------------------------------
[2024-09-16 00:13:04,131] {taskinstance.py:1357} INFO - Starting attempt 1 of 1
[2024-09-16 00:13:04,131] {taskinstance.py:1358} INFO - 
--------------------------------------------------------------------------------
[2024-09-16 00:13:04,175] {taskinstance.py:1377} INFO - Executing <Task(_PythonDecoratedOperator): BRONZE_STONCKS_AAPL> on 2024-01-17 00:00:00+00:00
[2024-09-16 00:13:04,196] {standard_task_runner.py:52} INFO - Started process 45275 to run task
[2024-09-16 00:13:04,209] {standard_task_runner.py:79} INFO - Running: ['airflow', 'tasks', 'run', 'BRONZER_GET_STONCKS', 'BRONZE_STONCKS_AAPL', 'scheduled__2024-01-17T00:00:00+00:00', '--job-id', '1571', '--raw', '--subdir', 'DAGS_FOLDER/get_stocks.py', '--cfg-path', '/tmp/tmp4vlfywom', '--error-file', '/tmp/tmpdcrovd_v']
[2024-09-16 00:13:04,210] {standard_task_runner.py:80} INFO - Job 1571: Subtask BRONZE_STONCKS_AAPL
[2024-09-16 00:13:04,526] {task_command.py:370} INFO - Running <TaskInstance: BRONZER_GET_STONCKS.BRONZE_STONCKS_AAPL scheduled__2024-01-17T00:00:00+00:00 [running]> on host kaiwang.
[2024-09-16 00:13:04,811] {taskinstance.py:1569} INFO - Exporting the following env vars:
AIRFLOW_CTX_DAG_OWNER=airflow
AIRFLOW_CTX_DAG_ID=BRONZER_GET_STONCKS
AIRFLOW_CTX_TASK_ID=BRONZE_STONCKS_AAPL
AIRFLOW_CTX_EXECUTION_DATE=2024-01-17T00:00:00+00:00
AIRFLOW_CTX_TRY_NUMBER=1
AIRFLOW_CTX_DAG_RUN_ID=scheduled__2024-01-17T00:00:00+00:00
[2024-09-16 00:13:05,513] {python.py:173} INFO - Done. Returned value was: None
[2024-09-16 00:13:05,583] {taskinstance.py:1395} INFO - Marking task as SUCCESS. dag_id=BRONZER_GET_STONCKS, task_id=BRONZE_STONCKS_AAPL, execution_date=20240117T000000, start_date=20240916T031304, end_date=20240916T031305
[2024-09-16 00:13:05,691] {local_task_job.py:156} INFO - Task exited with return code 0
[2024-09-16 00:13:05,931] {local_task_job.py:273} INFO - 0 downstream tasks scheduled from follow-on schedule check
[2024-09-16 00:14:35,913] {taskinstance.py:1159} INFO - Dependencies all met for <TaskInstance: BRONZER_GET_STONCKS.BRONZE_STONCKS_AAPL scheduled__2024-01-17T00:00:00+00:00 [queued]>
[2024-09-16 00:14:35,952] {taskinstance.py:1159} INFO - Dependencies all met for <TaskInstance: BRONZER_GET_STONCKS.BRONZE_STONCKS_AAPL scheduled__2024-01-17T00:00:00+00:00 [queued]>
[2024-09-16 00:14:35,952] {taskinstance.py:1356} INFO - 
--------------------------------------------------------------------------------
[2024-09-16 00:14:35,952] {taskinstance.py:1357} INFO - Starting attempt 1 of 1
[2024-09-16 00:14:35,952] {taskinstance.py:1358} INFO - 
--------------------------------------------------------------------------------
[2024-09-16 00:14:36,066] {taskinstance.py:1377} INFO - Executing <Task(_PythonDecoratedOperator): BRONZE_STONCKS_AAPL> on 2024-01-17 00:00:00+00:00
[2024-09-16 00:14:36,080] {standard_task_runner.py:52} INFO - Started process 50531 to run task
[2024-09-16 00:14:36,115] {standard_task_runner.py:79} INFO - Running: ['airflow', 'tasks', 'run', 'BRONZER_GET_STONCKS', 'BRONZE_STONCKS_AAPL', 'scheduled__2024-01-17T00:00:00+00:00', '--job-id', '1875', '--raw', '--subdir', 'DAGS_FOLDER/get_stocks.py', '--cfg-path', '/tmp/tmpjsp3wq4w', '--error-file', '/tmp/tmptfkieuvk']
[2024-09-16 00:14:36,116] {standard_task_runner.py:80} INFO - Job 1875: Subtask BRONZE_STONCKS_AAPL
[2024-09-16 00:14:36,393] {task_command.py:370} INFO - Running <TaskInstance: BRONZER_GET_STONCKS.BRONZE_STONCKS_AAPL scheduled__2024-01-17T00:00:00+00:00 [running]> on host kaiwang.
[2024-09-16 00:14:36,659] {taskinstance.py:1569} INFO - Exporting the following env vars:
AIRFLOW_CTX_DAG_OWNER=airflow
AIRFLOW_CTX_DAG_ID=BRONZER_GET_STONCKS
AIRFLOW_CTX_TASK_ID=BRONZE_STONCKS_AAPL
AIRFLOW_CTX_EXECUTION_DATE=2024-01-17T00:00:00+00:00
AIRFLOW_CTX_TRY_NUMBER=1
AIRFLOW_CTX_DAG_RUN_ID=scheduled__2024-01-17T00:00:00+00:00
[2024-09-16 00:14:37,663] {python.py:173} INFO - Done. Returned value was: None
[2024-09-16 00:14:37,874] {taskinstance.py:1395} INFO - Marking task as SUCCESS. dag_id=BRONZER_GET_STONCKS, task_id=BRONZE_STONCKS_AAPL, execution_date=20240117T000000, start_date=20240916T031435, end_date=20240916T031437
[2024-09-16 00:14:37,962] {local_task_job.py:156} INFO - Task exited with return code 0
[2024-09-16 00:14:38,112] {local_task_job.py:273} INFO - 0 downstream tasks scheduled from follow-on schedule check
