[2024-09-15 23:30:57,022] {taskinstance.py:1159} INFO - Dependencies all met for <TaskInstance: BRONZER_GET_STONCKS.BRONZE_STONCKS_TSLA scheduled__2024-02-06T00:00:00+00:00 [queued]>
[2024-09-15 23:30:57,028] {taskinstance.py:1159} INFO - Dependencies all met for <TaskInstance: BRONZER_GET_STONCKS.BRONZE_STONCKS_TSLA scheduled__2024-02-06T00:00:00+00:00 [queued]>
[2024-09-15 23:30:57,028] {taskinstance.py:1356} INFO - 
--------------------------------------------------------------------------------
[2024-09-15 23:30:57,028] {taskinstance.py:1357} INFO - Starting attempt 1 of 1
[2024-09-15 23:30:57,028] {taskinstance.py:1358} INFO - 
--------------------------------------------------------------------------------
[2024-09-15 23:30:57,038] {taskinstance.py:1377} INFO - Executing <Task(_PythonDecoratedOperator): BRONZE_STONCKS_TSLA> on 2024-02-06 00:00:00+00:00
[2024-09-15 23:30:57,040] {standard_task_runner.py:52} INFO - Started process 14812 to run task
[2024-09-15 23:30:57,043] {standard_task_runner.py:79} INFO - Running: ['airflow', 'tasks', 'run', 'BRONZER_GET_STONCKS', 'BRONZE_STONCKS_TSLA', 'scheduled__2024-02-06T00:00:00+00:00', '--job-id', '161', '--raw', '--subdir', 'DAGS_FOLDER/get_stocks.py', '--cfg-path', '/tmp/tmpzthrib7g', '--error-file', '/tmp/tmp1cn8h3xh']
[2024-09-15 23:30:57,043] {standard_task_runner.py:80} INFO - Job 161: Subtask BRONZE_STONCKS_TSLA
[2024-09-15 23:30:57,088] {task_command.py:370} INFO - Running <TaskInstance: BRONZER_GET_STONCKS.BRONZE_STONCKS_TSLA scheduled__2024-02-06T00:00:00+00:00 [running]> on host kaiwang.
[2024-09-15 23:30:57,130] {taskinstance.py:1569} INFO - Exporting the following env vars:
AIRFLOW_CTX_DAG_OWNER=airflow
AIRFLOW_CTX_DAG_ID=BRONZER_GET_STONCKS
AIRFLOW_CTX_TASK_ID=BRONZE_STONCKS_TSLA
AIRFLOW_CTX_EXECUTION_DATE=2024-02-06T00:00:00+00:00
AIRFLOW_CTX_TRY_NUMBER=1
AIRFLOW_CTX_DAG_RUN_ID=scheduled__2024-02-06T00:00:00+00:00
[2024-09-15 23:30:59,556] {history.py:244} ERROR - $TSLA: possibly delisted; no price data found  (1h 2024-02-03 -> 2024-01-03) (Yahoo error = "Invalid input - start date cannot be after end date. startDate = 1706936400, endDate = 1704258000")
[2024-09-15 23:30:59,558] {python.py:173} INFO - Done. Returned value was: None
[2024-09-15 23:30:59,564] {taskinstance.py:1395} INFO - Marking task as SUCCESS. dag_id=BRONZER_GET_STONCKS, task_id=BRONZE_STONCKS_TSLA, execution_date=20240206T000000, start_date=20240916T023057, end_date=20240916T023059
[2024-09-15 23:30:59,588] {local_task_job.py:156} INFO - Task exited with return code 0
[2024-09-15 23:30:59,603] {local_task_job.py:273} INFO - 0 downstream tasks scheduled from follow-on schedule check
[2024-09-16 00:03:47,389] {taskinstance.py:1159} INFO - Dependencies all met for <TaskInstance: BRONZER_GET_STONCKS.BRONZE_STONCKS_TSLA scheduled__2024-02-06T00:00:00+00:00 [queued]>
[2024-09-16 00:03:47,479] {taskinstance.py:1159} INFO - Dependencies all met for <TaskInstance: BRONZER_GET_STONCKS.BRONZE_STONCKS_TSLA scheduled__2024-02-06T00:00:00+00:00 [queued]>
[2024-09-16 00:03:47,479] {taskinstance.py:1356} INFO - 
--------------------------------------------------------------------------------
[2024-09-16 00:03:47,479] {taskinstance.py:1357} INFO - Starting attempt 1 of 1
[2024-09-16 00:03:47,480] {taskinstance.py:1358} INFO - 
--------------------------------------------------------------------------------
[2024-09-16 00:03:47,530] {taskinstance.py:1377} INFO - Executing <Task(_PythonDecoratedOperator): BRONZE_STONCKS_TSLA> on 2024-02-06 00:00:00+00:00
[2024-09-16 00:03:47,547] {standard_task_runner.py:52} INFO - Started process 21503 to run task
[2024-09-16 00:03:47,610] {standard_task_runner.py:79} INFO - Running: ['airflow', 'tasks', 'run', 'BRONZER_GET_STONCKS', 'BRONZE_STONCKS_TSLA', 'scheduled__2024-02-06T00:00:00+00:00', '--job-id', '201', '--raw', '--subdir', 'DAGS_FOLDER/get_stocks.py', '--cfg-path', '/tmp/tmp7zp1ffkx', '--error-file', '/tmp/tmplalt8czv']
[2024-09-16 00:03:47,612] {standard_task_runner.py:80} INFO - Job 201: Subtask BRONZE_STONCKS_TSLA
[2024-09-16 00:03:47,966] {task_command.py:370} INFO - Running <TaskInstance: BRONZER_GET_STONCKS.BRONZE_STONCKS_TSLA scheduled__2024-02-06T00:00:00+00:00 [running]> on host kaiwang.
[2024-09-16 00:03:48,867] {taskinstance.py:1569} INFO - Exporting the following env vars:
AIRFLOW_CTX_DAG_OWNER=airflow
AIRFLOW_CTX_DAG_ID=BRONZER_GET_STONCKS
AIRFLOW_CTX_TASK_ID=BRONZE_STONCKS_TSLA
AIRFLOW_CTX_EXECUTION_DATE=2024-02-06T00:00:00+00:00
AIRFLOW_CTX_TRY_NUMBER=1
AIRFLOW_CTX_DAG_RUN_ID=scheduled__2024-02-06T00:00:00+00:00
[2024-09-16 00:03:49,741] {python.py:173} INFO - Done. Returned value was: None
[2024-09-16 00:03:49,816] {taskinstance.py:1395} INFO - Marking task as SUCCESS. dag_id=BRONZER_GET_STONCKS, task_id=BRONZE_STONCKS_TSLA, execution_date=20240206T000000, start_date=20240916T030347, end_date=20240916T030349
[2024-09-16 00:03:49,902] {local_task_job.py:156} INFO - Task exited with return code 0
[2024-09-16 00:03:50,106] {local_task_job.py:273} INFO - 0 downstream tasks scheduled from follow-on schedule check
[2024-09-16 00:13:25,551] {taskinstance.py:1159} INFO - Dependencies all met for <TaskInstance: BRONZER_GET_STONCKS.BRONZE_STONCKS_TSLA scheduled__2024-02-06T00:00:00+00:00 [queued]>
[2024-09-16 00:13:25,590] {taskinstance.py:1159} INFO - Dependencies all met for <TaskInstance: BRONZER_GET_STONCKS.BRONZE_STONCKS_TSLA scheduled__2024-02-06T00:00:00+00:00 [queued]>
[2024-09-16 00:13:25,590] {taskinstance.py:1356} INFO - 
--------------------------------------------------------------------------------
[2024-09-16 00:13:25,590] {taskinstance.py:1357} INFO - Starting attempt 1 of 1
[2024-09-16 00:13:25,590] {taskinstance.py:1358} INFO - 
--------------------------------------------------------------------------------
[2024-09-16 00:13:25,630] {taskinstance.py:1377} INFO - Executing <Task(_PythonDecoratedOperator): BRONZE_STONCKS_TSLA> on 2024-02-06 00:00:00+00:00
[2024-09-16 00:13:25,639] {standard_task_runner.py:52} INFO - Started process 47104 to run task
[2024-09-16 00:13:25,663] {standard_task_runner.py:79} INFO - Running: ['airflow', 'tasks', 'run', 'BRONZER_GET_STONCKS', 'BRONZE_STONCKS_TSLA', 'scheduled__2024-02-06T00:00:00+00:00', '--job-id', '1678', '--raw', '--subdir', 'DAGS_FOLDER/get_stocks.py', '--cfg-path', '/tmp/tmpu14kyjbh', '--error-file', '/tmp/tmpu9fpey70']
[2024-09-16 00:13:25,664] {standard_task_runner.py:80} INFO - Job 1678: Subtask BRONZE_STONCKS_TSLA
[2024-09-16 00:13:25,908] {task_command.py:370} INFO - Running <TaskInstance: BRONZER_GET_STONCKS.BRONZE_STONCKS_TSLA scheduled__2024-02-06T00:00:00+00:00 [running]> on host kaiwang.
[2024-09-16 00:13:26,273] {taskinstance.py:1569} INFO - Exporting the following env vars:
AIRFLOW_CTX_DAG_OWNER=airflow
AIRFLOW_CTX_DAG_ID=BRONZER_GET_STONCKS
AIRFLOW_CTX_TASK_ID=BRONZE_STONCKS_TSLA
AIRFLOW_CTX_EXECUTION_DATE=2024-02-06T00:00:00+00:00
AIRFLOW_CTX_TRY_NUMBER=1
AIRFLOW_CTX_DAG_RUN_ID=scheduled__2024-02-06T00:00:00+00:00
[2024-09-16 00:13:26,950] {python.py:173} INFO - Done. Returned value was: None
[2024-09-16 00:13:26,989] {taskinstance.py:1395} INFO - Marking task as SUCCESS. dag_id=BRONZER_GET_STONCKS, task_id=BRONZE_STONCKS_TSLA, execution_date=20240206T000000, start_date=20240916T031325, end_date=20240916T031326
[2024-09-16 00:13:27,060] {local_task_job.py:156} INFO - Task exited with return code 0
[2024-09-16 00:13:27,125] {local_task_job.py:273} INFO - 0 downstream tasks scheduled from follow-on schedule check
[2024-09-16 00:14:59,760] {taskinstance.py:1159} INFO - Dependencies all met for <TaskInstance: BRONZER_GET_STONCKS.BRONZE_STONCKS_TSLA scheduled__2024-02-06T00:00:00+00:00 [queued]>
[2024-09-16 00:14:59,820] {taskinstance.py:1159} INFO - Dependencies all met for <TaskInstance: BRONZER_GET_STONCKS.BRONZE_STONCKS_TSLA scheduled__2024-02-06T00:00:00+00:00 [queued]>
[2024-09-16 00:14:59,820] {taskinstance.py:1356} INFO - 
--------------------------------------------------------------------------------
[2024-09-16 00:14:59,820] {taskinstance.py:1357} INFO - Starting attempt 1 of 1
[2024-09-16 00:14:59,820] {taskinstance.py:1358} INFO - 
--------------------------------------------------------------------------------
[2024-09-16 00:14:59,873] {taskinstance.py:1377} INFO - Executing <Task(_PythonDecoratedOperator): BRONZE_STONCKS_TSLA> on 2024-02-06 00:00:00+00:00
[2024-09-16 00:14:59,891] {standard_task_runner.py:79} INFO - Running: ['airflow', 'tasks', 'run', 'BRONZER_GET_STONCKS', 'BRONZE_STONCKS_TSLA', 'scheduled__2024-02-06T00:00:00+00:00', '--job-id', '1988', '--raw', '--subdir', 'DAGS_FOLDER/get_stocks.py', '--cfg-path', '/tmp/tmp2x1lvwl_', '--error-file', '/tmp/tmp938mb92n']
[2024-09-16 00:14:59,892] {standard_task_runner.py:80} INFO - Job 1988: Subtask BRONZE_STONCKS_TSLA
[2024-09-16 00:14:59,880] {standard_task_runner.py:52} INFO - Started process 52490 to run task
[2024-09-16 00:15:00,210] {task_command.py:370} INFO - Running <TaskInstance: BRONZER_GET_STONCKS.BRONZE_STONCKS_TSLA scheduled__2024-02-06T00:00:00+00:00 [running]> on host kaiwang.
[2024-09-16 00:15:00,409] {taskinstance.py:1569} INFO - Exporting the following env vars:
AIRFLOW_CTX_DAG_OWNER=airflow
AIRFLOW_CTX_DAG_ID=BRONZER_GET_STONCKS
AIRFLOW_CTX_TASK_ID=BRONZE_STONCKS_TSLA
AIRFLOW_CTX_EXECUTION_DATE=2024-02-06T00:00:00+00:00
AIRFLOW_CTX_TRY_NUMBER=1
AIRFLOW_CTX_DAG_RUN_ID=scheduled__2024-02-06T00:00:00+00:00
[2024-09-16 00:15:01,043] {python.py:173} INFO - Done. Returned value was: None
[2024-09-16 00:15:01,093] {taskinstance.py:1395} INFO - Marking task as SUCCESS. dag_id=BRONZER_GET_STONCKS, task_id=BRONZE_STONCKS_TSLA, execution_date=20240206T000000, start_date=20240916T031459, end_date=20240916T031501
[2024-09-16 00:15:01,207] {local_task_job.py:156} INFO - Task exited with return code 0
[2024-09-16 00:15:01,447] {local_task_job.py:273} INFO - 0 downstream tasks scheduled from follow-on schedule check
