[2024-09-16 00:07:37,110] {taskinstance.py:1159} INFO - Dependencies all met for <TaskInstance: BRONZER_GET_STONCKS.BRONZE_STONCKS_AAPL scheduled__2024-09-03T00:00:00+00:00 [queued]>
[2024-09-16 00:07:37,176] {taskinstance.py:1159} INFO - Dependencies all met for <TaskInstance: BRONZER_GET_STONCKS.BRONZE_STONCKS_AAPL scheduled__2024-09-03T00:00:00+00:00 [queued]>
[2024-09-16 00:07:37,176] {taskinstance.py:1356} INFO - 
--------------------------------------------------------------------------------
[2024-09-16 00:07:37,176] {taskinstance.py:1357} INFO - Starting attempt 1 of 1
[2024-09-16 00:07:37,176] {taskinstance.py:1358} INFO - 
--------------------------------------------------------------------------------
[2024-09-16 00:07:37,250] {taskinstance.py:1377} INFO - Executing <Task(_PythonDecoratedOperator): BRONZE_STONCKS_AAPL> on 2024-09-03 00:00:00+00:00
[2024-09-16 00:07:37,254] {standard_task_runner.py:52} INFO - Started process 40018 to run task
[2024-09-16 00:07:37,271] {standard_task_runner.py:79} INFO - Running: ['airflow', 'tasks', 'run', 'BRONZER_GET_STONCKS', 'BRONZE_STONCKS_AAPL', 'scheduled__2024-09-03T00:00:00+00:00', '--job-id', '1283', '--raw', '--subdir', 'DAGS_FOLDER/get_stocks.py', '--cfg-path', '/tmp/tmpsq91627h', '--error-file', '/tmp/tmpfozd6y0d']
[2024-09-16 00:07:37,272] {standard_task_runner.py:80} INFO - Job 1283: Subtask BRONZE_STONCKS_AAPL
[2024-09-16 00:07:37,609] {task_command.py:370} INFO - Running <TaskInstance: BRONZER_GET_STONCKS.BRONZE_STONCKS_AAPL scheduled__2024-09-03T00:00:00+00:00 [running]> on host kaiwang.
[2024-09-16 00:07:37,833] {taskinstance.py:1569} INFO - Exporting the following env vars:
AIRFLOW_CTX_DAG_OWNER=airflow
AIRFLOW_CTX_DAG_ID=BRONZER_GET_STONCKS
AIRFLOW_CTX_TASK_ID=BRONZE_STONCKS_AAPL
AIRFLOW_CTX_EXECUTION_DATE=2024-09-03T00:00:00+00:00
AIRFLOW_CTX_TRY_NUMBER=1
AIRFLOW_CTX_DAG_RUN_ID=scheduled__2024-09-03T00:00:00+00:00
[2024-09-16 00:07:38,542] {history.py:244} ERROR - $AAPL: possibly delisted; no price data found  (1h 2024-08-31 -> 2024-09-03)
[2024-09-16 00:07:38,547] {python.py:173} INFO - Done. Returned value was: None
[2024-09-16 00:07:38,580] {taskinstance.py:1395} INFO - Marking task as SUCCESS. dag_id=BRONZER_GET_STONCKS, task_id=BRONZE_STONCKS_AAPL, execution_date=20240903T000000, start_date=20240916T030737, end_date=20240916T030738
[2024-09-16 00:07:38,653] {local_task_job.py:156} INFO - Task exited with return code 0
[2024-09-16 00:07:38,729] {local_task_job.py:273} INFO - 0 downstream tasks scheduled from follow-on schedule check
[2024-09-16 13:56:34,780] {taskinstance.py:1159} INFO - Dependencies all met for <TaskInstance: BRONZER_GET_STONCKS.BRONZE_STONCKS_AAPL scheduled__2024-09-03T00:00:00+00:00 [queued]>
[2024-09-16 13:56:34,814] {taskinstance.py:1159} INFO - Dependencies all met for <TaskInstance: BRONZER_GET_STONCKS.BRONZE_STONCKS_AAPL scheduled__2024-09-03T00:00:00+00:00 [queued]>
[2024-09-16 13:56:34,814] {taskinstance.py:1356} INFO - 
--------------------------------------------------------------------------------
[2024-09-16 13:56:34,814] {taskinstance.py:1357} INFO - Starting attempt 1 of 1
[2024-09-16 13:56:34,814] {taskinstance.py:1358} INFO - 
--------------------------------------------------------------------------------
[2024-09-16 13:56:34,847] {taskinstance.py:1377} INFO - Executing <Task(_PythonDecoratedOperator): BRONZE_STONCKS_AAPL> on 2024-09-03 00:00:00+00:00
[2024-09-16 13:56:34,854] {standard_task_runner.py:52} INFO - Started process 139713 to run task
[2024-09-16 13:56:34,862] {standard_task_runner.py:79} INFO - Running: ['airflow', 'tasks', 'run', 'BRONZER_GET_STONCKS', 'BRONZE_STONCKS_AAPL', 'scheduled__2024-09-03T00:00:00+00:00', '--job-id', '2614', '--raw', '--subdir', 'DAGS_FOLDER/get_stocks.py', '--cfg-path', '/tmp/tmpw4bzll8l', '--error-file', '/tmp/tmpq3xe5z4s']
[2024-09-16 13:56:34,864] {standard_task_runner.py:80} INFO - Job 2614: Subtask BRONZE_STONCKS_AAPL
[2024-09-16 13:56:34,990] {task_command.py:370} INFO - Running <TaskInstance: BRONZER_GET_STONCKS.BRONZE_STONCKS_AAPL scheduled__2024-09-03T00:00:00+00:00 [running]> on host kaiwang.
[2024-09-16 13:56:35,342] {taskinstance.py:1569} INFO - Exporting the following env vars:
AIRFLOW_CTX_DAG_OWNER=airflow
AIRFLOW_CTX_DAG_ID=BRONZER_GET_STONCKS
AIRFLOW_CTX_TASK_ID=BRONZE_STONCKS_AAPL
AIRFLOW_CTX_EXECUTION_DATE=2024-09-03T00:00:00+00:00
AIRFLOW_CTX_TRY_NUMBER=1
AIRFLOW_CTX_DAG_RUN_ID=scheduled__2024-09-03T00:00:00+00:00
[2024-09-16 13:56:36,079] {history.py:244} ERROR - $AAPL: possibly delisted; no price data found  (1h 2024-08-31 -> 2024-09-03)
[2024-09-16 13:56:36,081] {python.py:173} INFO - Done. Returned value was: None
[2024-09-16 13:56:36,096] {taskinstance.py:1395} INFO - Marking task as SUCCESS. dag_id=BRONZER_GET_STONCKS, task_id=BRONZE_STONCKS_AAPL, execution_date=20240903T000000, start_date=20240916T165634, end_date=20240916T165636
[2024-09-16 13:56:36,138] {local_task_job.py:156} INFO - Task exited with return code 0
[2024-09-16 13:56:36,174] {local_task_job.py:273} INFO - 0 downstream tasks scheduled from follow-on schedule check
