[2024-09-16 00:03:59,494] {taskinstance.py:1159} INFO - Dependencies all met for <TaskInstance: BRONZER_GET_STONCKS.BRONZE_STONCKS_MSFT scheduled__2024-02-15T00:00:00+00:00 [queued]>
[2024-09-16 00:03:59,534] {taskinstance.py:1159} INFO - Dependencies all met for <TaskInstance: BRONZER_GET_STONCKS.BRONZE_STONCKS_MSFT scheduled__2024-02-15T00:00:00+00:00 [queued]>
[2024-09-16 00:03:59,534] {taskinstance.py:1356} INFO - 
--------------------------------------------------------------------------------
[2024-09-16 00:03:59,534] {taskinstance.py:1357} INFO - Starting attempt 1 of 1
[2024-09-16 00:03:59,534] {taskinstance.py:1358} INFO - 
--------------------------------------------------------------------------------
[2024-09-16 00:03:59,576] {taskinstance.py:1377} INFO - Executing <Task(_PythonDecoratedOperator): BRONZE_STONCKS_MSFT> on 2024-02-15 00:00:00+00:00
[2024-09-16 00:03:59,591] {standard_task_runner.py:52} INFO - Started process 22418 to run task
[2024-09-16 00:03:59,603] {standard_task_runner.py:79} INFO - Running: ['airflow', 'tasks', 'run', 'BRONZER_GET_STONCKS', 'BRONZE_STONCKS_MSFT', 'scheduled__2024-02-15T00:00:00+00:00', '--job-id', '260', '--raw', '--subdir', 'DAGS_FOLDER/get_stocks.py', '--cfg-path', '/tmp/tmpjkrl0m1j', '--error-file', '/tmp/tmppk4qzxfr']
[2024-09-16 00:03:59,604] {standard_task_runner.py:80} INFO - Job 260: Subtask BRONZE_STONCKS_MSFT
[2024-09-16 00:03:59,905] {task_command.py:370} INFO - Running <TaskInstance: BRONZER_GET_STONCKS.BRONZE_STONCKS_MSFT scheduled__2024-02-15T00:00:00+00:00 [running]> on host kaiwang.
[2024-09-16 00:04:00,172] {taskinstance.py:1569} INFO - Exporting the following env vars:
AIRFLOW_CTX_DAG_OWNER=airflow
AIRFLOW_CTX_DAG_ID=BRONZER_GET_STONCKS
AIRFLOW_CTX_TASK_ID=BRONZE_STONCKS_MSFT
AIRFLOW_CTX_EXECUTION_DATE=2024-02-15T00:00:00+00:00
AIRFLOW_CTX_TRY_NUMBER=1
AIRFLOW_CTX_DAG_RUN_ID=scheduled__2024-02-15T00:00:00+00:00
[2024-09-16 00:04:01,071] {python.py:173} INFO - Done. Returned value was: None
[2024-09-16 00:04:01,117] {taskinstance.py:1395} INFO - Marking task as SUCCESS. dag_id=BRONZER_GET_STONCKS, task_id=BRONZE_STONCKS_MSFT, execution_date=20240215T000000, start_date=20240916T030359, end_date=20240916T030401
[2024-09-16 00:04:01,176] {local_task_job.py:156} INFO - Task exited with return code 0
[2024-09-16 00:04:01,462] {local_task_job.py:273} INFO - 0 downstream tasks scheduled from follow-on schedule check
[2024-09-16 00:13:35,513] {taskinstance.py:1159} INFO - Dependencies all met for <TaskInstance: BRONZER_GET_STONCKS.BRONZE_STONCKS_MSFT scheduled__2024-02-15T00:00:00+00:00 [queued]>
[2024-09-16 00:13:35,564] {taskinstance.py:1159} INFO - Dependencies all met for <TaskInstance: BRONZER_GET_STONCKS.BRONZE_STONCKS_MSFT scheduled__2024-02-15T00:00:00+00:00 [queued]>
[2024-09-16 00:13:35,565] {taskinstance.py:1356} INFO - 
--------------------------------------------------------------------------------
[2024-09-16 00:13:35,565] {taskinstance.py:1357} INFO - Starting attempt 1 of 1
[2024-09-16 00:13:35,565] {taskinstance.py:1358} INFO - 
--------------------------------------------------------------------------------
[2024-09-16 00:13:35,611] {taskinstance.py:1377} INFO - Executing <Task(_PythonDecoratedOperator): BRONZE_STONCKS_MSFT> on 2024-02-15 00:00:00+00:00
[2024-09-16 00:13:35,620] {standard_task_runner.py:52} INFO - Started process 47931 to run task
[2024-09-16 00:13:35,649] {standard_task_runner.py:79} INFO - Running: ['airflow', 'tasks', 'run', 'BRONZER_GET_STONCKS', 'BRONZE_STONCKS_MSFT', 'scheduled__2024-02-15T00:00:00+00:00', '--job-id', '1724', '--raw', '--subdir', 'DAGS_FOLDER/get_stocks.py', '--cfg-path', '/tmp/tmp9l3e89c0', '--error-file', '/tmp/tmpk4bprwr6']
[2024-09-16 00:13:35,650] {standard_task_runner.py:80} INFO - Job 1724: Subtask BRONZE_STONCKS_MSFT
[2024-09-16 00:13:35,857] {task_command.py:370} INFO - Running <TaskInstance: BRONZER_GET_STONCKS.BRONZE_STONCKS_MSFT scheduled__2024-02-15T00:00:00+00:00 [running]> on host kaiwang.
[2024-09-16 00:13:36,152] {taskinstance.py:1569} INFO - Exporting the following env vars:
AIRFLOW_CTX_DAG_OWNER=airflow
AIRFLOW_CTX_DAG_ID=BRONZER_GET_STONCKS
AIRFLOW_CTX_TASK_ID=BRONZE_STONCKS_MSFT
AIRFLOW_CTX_EXECUTION_DATE=2024-02-15T00:00:00+00:00
AIRFLOW_CTX_TRY_NUMBER=1
AIRFLOW_CTX_DAG_RUN_ID=scheduled__2024-02-15T00:00:00+00:00
[2024-09-16 00:13:36,811] {python.py:173} INFO - Done. Returned value was: None
[2024-09-16 00:13:37,189] {taskinstance.py:1395} INFO - Marking task as SUCCESS. dag_id=BRONZER_GET_STONCKS, task_id=BRONZE_STONCKS_MSFT, execution_date=20240215T000000, start_date=20240916T031335, end_date=20240916T031337
[2024-09-16 00:13:37,352] {local_task_job.py:156} INFO - Task exited with return code 0
[2024-09-16 00:13:37,479] {local_task_job.py:273} INFO - 0 downstream tasks scheduled from follow-on schedule check
[2024-09-16 00:15:06,593] {taskinstance.py:1159} INFO - Dependencies all met for <TaskInstance: BRONZER_GET_STONCKS.BRONZE_STONCKS_MSFT scheduled__2024-02-15T00:00:00+00:00 [queued]>
[2024-09-16 00:15:06,605] {taskinstance.py:1159} INFO - Dependencies all met for <TaskInstance: BRONZER_GET_STONCKS.BRONZE_STONCKS_MSFT scheduled__2024-02-15T00:00:00+00:00 [queued]>
[2024-09-16 00:15:06,605] {taskinstance.py:1356} INFO - 
--------------------------------------------------------------------------------
[2024-09-16 00:15:06,606] {taskinstance.py:1357} INFO - Starting attempt 1 of 1
[2024-09-16 00:15:06,606] {taskinstance.py:1358} INFO - 
--------------------------------------------------------------------------------
[2024-09-16 00:15:06,623] {taskinstance.py:1377} INFO - Executing <Task(_PythonDecoratedOperator): BRONZE_STONCKS_MSFT> on 2024-02-15 00:00:00+00:00
[2024-09-16 00:15:06,630] {standard_task_runner.py:52} INFO - Started process 53116 to run task
[2024-09-16 00:15:06,636] {standard_task_runner.py:79} INFO - Running: ['airflow', 'tasks', 'run', 'BRONZER_GET_STONCKS', 'BRONZE_STONCKS_MSFT', 'scheduled__2024-02-15T00:00:00+00:00', '--job-id', '2019', '--raw', '--subdir', 'DAGS_FOLDER/get_stocks.py', '--cfg-path', '/tmp/tmpvndxxjhw', '--error-file', '/tmp/tmps8nagaap']
[2024-09-16 00:15:06,637] {standard_task_runner.py:80} INFO - Job 2019: Subtask BRONZE_STONCKS_MSFT
[2024-09-16 00:15:06,727] {task_command.py:370} INFO - Running <TaskInstance: BRONZER_GET_STONCKS.BRONZE_STONCKS_MSFT scheduled__2024-02-15T00:00:00+00:00 [running]> on host kaiwang.
[2024-09-16 00:15:06,823] {taskinstance.py:1569} INFO - Exporting the following env vars:
AIRFLOW_CTX_DAG_OWNER=airflow
AIRFLOW_CTX_DAG_ID=BRONZER_GET_STONCKS
AIRFLOW_CTX_TASK_ID=BRONZE_STONCKS_MSFT
AIRFLOW_CTX_EXECUTION_DATE=2024-02-15T00:00:00+00:00
AIRFLOW_CTX_TRY_NUMBER=1
AIRFLOW_CTX_DAG_RUN_ID=scheduled__2024-02-15T00:00:00+00:00
[2024-09-16 00:15:07,426] {python.py:173} INFO - Done. Returned value was: None
[2024-09-16 00:15:07,531] {taskinstance.py:1395} INFO - Marking task as SUCCESS. dag_id=BRONZER_GET_STONCKS, task_id=BRONZE_STONCKS_MSFT, execution_date=20240215T000000, start_date=20240916T031506, end_date=20240916T031507
[2024-09-16 00:15:07,578] {local_task_job.py:156} INFO - Task exited with return code 0
[2024-09-16 00:15:07,752] {local_task_job.py:273} INFO - 0 downstream tasks scheduled from follow-on schedule check
