[2024-09-16 00:07:17,068] {taskinstance.py:1159} INFO - Dependencies all met for <TaskInstance: BRONZER_GET_STONCKS.BRONZE_STONCKS_GOOG scheduled__2024-08-14T00:00:00+00:00 [queued]>
[2024-09-16 00:07:17,098] {taskinstance.py:1159} INFO - Dependencies all met for <TaskInstance: BRONZER_GET_STONCKS.BRONZE_STONCKS_GOOG scheduled__2024-08-14T00:00:00+00:00 [queued]>
[2024-09-16 00:07:17,098] {taskinstance.py:1356} INFO - 
--------------------------------------------------------------------------------
[2024-09-16 00:07:17,098] {taskinstance.py:1357} INFO - Starting attempt 1 of 1
[2024-09-16 00:07:17,098] {taskinstance.py:1358} INFO - 
--------------------------------------------------------------------------------
[2024-09-16 00:07:17,175] {taskinstance.py:1377} INFO - Executing <Task(_PythonDecoratedOperator): BRONZE_STONCKS_GOOG> on 2024-08-14 00:00:00+00:00
[2024-09-16 00:07:17,188] {standard_task_runner.py:52} INFO - Started process 38426 to run task
[2024-09-16 00:07:17,221] {standard_task_runner.py:79} INFO - Running: ['airflow', 'tasks', 'run', 'BRONZER_GET_STONCKS', 'BRONZE_STONCKS_GOOG', 'scheduled__2024-08-14T00:00:00+00:00', '--job-id', '1186', '--raw', '--subdir', 'DAGS_FOLDER/get_stocks.py', '--cfg-path', '/tmp/tmpc9bi95v3', '--error-file', '/tmp/tmp0cg_oyvd']
[2024-09-16 00:07:17,222] {standard_task_runner.py:80} INFO - Job 1186: Subtask BRONZE_STONCKS_GOOG
[2024-09-16 00:07:17,463] {task_command.py:370} INFO - Running <TaskInstance: BRONZER_GET_STONCKS.BRONZE_STONCKS_GOOG scheduled__2024-08-14T00:00:00+00:00 [running]> on host kaiwang.
[2024-09-16 00:07:17,747] {taskinstance.py:1569} INFO - Exporting the following env vars:
AIRFLOW_CTX_DAG_OWNER=airflow
AIRFLOW_CTX_DAG_ID=BRONZER_GET_STONCKS
AIRFLOW_CTX_TASK_ID=BRONZE_STONCKS_GOOG
AIRFLOW_CTX_EXECUTION_DATE=2024-08-14T00:00:00+00:00
AIRFLOW_CTX_TRY_NUMBER=1
AIRFLOW_CTX_DAG_RUN_ID=scheduled__2024-08-14T00:00:00+00:00
[2024-09-16 00:07:18,363] {python.py:173} INFO - Done. Returned value was: None
[2024-09-16 00:07:18,423] {taskinstance.py:1395} INFO - Marking task as SUCCESS. dag_id=BRONZER_GET_STONCKS, task_id=BRONZE_STONCKS_GOOG, execution_date=20240814T000000, start_date=20240916T030717, end_date=20240916T030718
[2024-09-16 00:07:18,490] {local_task_job.py:156} INFO - Task exited with return code 0
[2024-09-16 00:07:18,552] {local_task_job.py:273} INFO - 0 downstream tasks scheduled from follow-on schedule check
[2024-09-16 13:56:04,546] {taskinstance.py:1159} INFO - Dependencies all met for <TaskInstance: BRONZER_GET_STONCKS.BRONZE_STONCKS_GOOG scheduled__2024-08-14T00:00:00+00:00 [queued]>
[2024-09-16 13:56:04,559] {taskinstance.py:1159} INFO - Dependencies all met for <TaskInstance: BRONZER_GET_STONCKS.BRONZE_STONCKS_GOOG scheduled__2024-08-14T00:00:00+00:00 [queued]>
[2024-09-16 13:56:04,560] {taskinstance.py:1356} INFO - 
--------------------------------------------------------------------------------
[2024-09-16 13:56:04,560] {taskinstance.py:1357} INFO - Starting attempt 1 of 1
[2024-09-16 13:56:04,560] {taskinstance.py:1358} INFO - 
--------------------------------------------------------------------------------
[2024-09-16 13:56:04,575] {taskinstance.py:1377} INFO - Executing <Task(_PythonDecoratedOperator): BRONZE_STONCKS_GOOG> on 2024-08-14 00:00:00+00:00
[2024-09-16 13:56:04,579] {standard_task_runner.py:52} INFO - Started process 137484 to run task
[2024-09-16 13:56:04,583] {standard_task_runner.py:79} INFO - Running: ['airflow', 'tasks', 'run', 'BRONZER_GET_STONCKS', 'BRONZE_STONCKS_GOOG', 'scheduled__2024-08-14T00:00:00+00:00', '--job-id', '2513', '--raw', '--subdir', 'DAGS_FOLDER/get_stocks.py', '--cfg-path', '/tmp/tmpn8xrl35q', '--error-file', '/tmp/tmp_yvpz6er']
[2024-09-16 13:56:04,584] {standard_task_runner.py:80} INFO - Job 2513: Subtask BRONZE_STONCKS_GOOG
[2024-09-16 13:56:04,662] {task_command.py:370} INFO - Running <TaskInstance: BRONZER_GET_STONCKS.BRONZE_STONCKS_GOOG scheduled__2024-08-14T00:00:00+00:00 [running]> on host kaiwang.
[2024-09-16 13:56:04,868] {taskinstance.py:1569} INFO - Exporting the following env vars:
AIRFLOW_CTX_DAG_OWNER=airflow
AIRFLOW_CTX_DAG_ID=BRONZER_GET_STONCKS
AIRFLOW_CTX_TASK_ID=BRONZE_STONCKS_GOOG
AIRFLOW_CTX_EXECUTION_DATE=2024-08-14T00:00:00+00:00
AIRFLOW_CTX_TRY_NUMBER=1
AIRFLOW_CTX_DAG_RUN_ID=scheduled__2024-08-14T00:00:00+00:00
[2024-09-16 13:56:05,419] {python.py:173} INFO - Done. Returned value was: None
[2024-09-16 13:56:05,463] {taskinstance.py:1395} INFO - Marking task as SUCCESS. dag_id=BRONZER_GET_STONCKS, task_id=BRONZE_STONCKS_GOOG, execution_date=20240814T000000, start_date=20240916T165604, end_date=20240916T165605
[2024-09-16 13:56:05,521] {local_task_job.py:156} INFO - Task exited with return code 0
[2024-09-16 13:56:05,642] {local_task_job.py:273} INFO - 0 downstream tasks scheduled from follow-on schedule check
