[2024-09-16 00:07:49,302] {taskinstance.py:1159} INFO - Dependencies all met for <TaskInstance: BRONZER_GET_STONCKS.BRONZE_STONCKS_GOOG scheduled__2024-09-11T00:00:00+00:00 [queued]>
[2024-09-16 00:07:49,327] {taskinstance.py:1159} INFO - Dependencies all met for <TaskInstance: BRONZER_GET_STONCKS.BRONZE_STONCKS_GOOG scheduled__2024-09-11T00:00:00+00:00 [queued]>
[2024-09-16 00:07:49,327] {taskinstance.py:1356} INFO - 
--------------------------------------------------------------------------------
[2024-09-16 00:07:49,327] {taskinstance.py:1357} INFO - Starting attempt 1 of 1
[2024-09-16 00:07:49,328] {taskinstance.py:1358} INFO - 
--------------------------------------------------------------------------------
[2024-09-16 00:07:49,353] {taskinstance.py:1377} INFO - Executing <Task(_PythonDecoratedOperator): BRONZE_STONCKS_GOOG> on 2024-09-11 00:00:00+00:00
[2024-09-16 00:07:49,359] {standard_task_runner.py:52} INFO - Started process 41056 to run task
[2024-09-16 00:07:49,380] {standard_task_runner.py:79} INFO - Running: ['airflow', 'tasks', 'run', 'BRONZER_GET_STONCKS', 'BRONZE_STONCKS_GOOG', 'scheduled__2024-09-11T00:00:00+00:00', '--job-id', '1341', '--raw', '--subdir', 'DAGS_FOLDER/get_stocks.py', '--cfg-path', '/tmp/tmp406sa47x', '--error-file', '/tmp/tmp958v23xp']
[2024-09-16 00:07:49,380] {standard_task_runner.py:80} INFO - Job 1341: Subtask BRONZE_STONCKS_GOOG
[2024-09-16 00:07:49,597] {task_command.py:370} INFO - Running <TaskInstance: BRONZER_GET_STONCKS.BRONZE_STONCKS_GOOG scheduled__2024-09-11T00:00:00+00:00 [running]> on host kaiwang.
[2024-09-16 00:07:49,854] {taskinstance.py:1569} INFO - Exporting the following env vars:
AIRFLOW_CTX_DAG_OWNER=airflow
AIRFLOW_CTX_DAG_ID=BRONZER_GET_STONCKS
AIRFLOW_CTX_TASK_ID=BRONZE_STONCKS_GOOG
AIRFLOW_CTX_EXECUTION_DATE=2024-09-11T00:00:00+00:00
AIRFLOW_CTX_TRY_NUMBER=1
AIRFLOW_CTX_DAG_RUN_ID=scheduled__2024-09-11T00:00:00+00:00
[2024-09-16 00:07:50,595] {python.py:173} INFO - Done. Returned value was: None
[2024-09-16 00:07:50,694] {taskinstance.py:1395} INFO - Marking task as SUCCESS. dag_id=BRONZER_GET_STONCKS, task_id=BRONZE_STONCKS_GOOG, execution_date=20240911T000000, start_date=20240916T030749, end_date=20240916T030750
[2024-09-16 00:07:50,809] {local_task_job.py:156} INFO - Task exited with return code 0
[2024-09-16 00:07:51,090] {local_task_job.py:273} INFO - 0 downstream tasks scheduled from follow-on schedule check
[2024-09-16 13:56:47,359] {taskinstance.py:1159} INFO - Dependencies all met for <TaskInstance: BRONZER_GET_STONCKS.BRONZE_STONCKS_GOOG scheduled__2024-09-11T00:00:00+00:00 [queued]>
[2024-09-16 13:56:47,367] {taskinstance.py:1159} INFO - Dependencies all met for <TaskInstance: BRONZER_GET_STONCKS.BRONZE_STONCKS_GOOG scheduled__2024-09-11T00:00:00+00:00 [queued]>
[2024-09-16 13:56:47,367] {taskinstance.py:1356} INFO - 
--------------------------------------------------------------------------------
[2024-09-16 13:56:47,367] {taskinstance.py:1357} INFO - Starting attempt 1 of 1
[2024-09-16 13:56:47,367] {taskinstance.py:1358} INFO - 
--------------------------------------------------------------------------------
[2024-09-16 13:56:47,376] {taskinstance.py:1377} INFO - Executing <Task(_PythonDecoratedOperator): BRONZE_STONCKS_GOOG> on 2024-09-11 00:00:00+00:00
[2024-09-16 13:56:47,380] {standard_task_runner.py:52} INFO - Started process 140624 to run task
[2024-09-16 13:56:47,384] {standard_task_runner.py:79} INFO - Running: ['airflow', 'tasks', 'run', 'BRONZER_GET_STONCKS', 'BRONZE_STONCKS_GOOG', 'scheduled__2024-09-11T00:00:00+00:00', '--job-id', '2654', '--raw', '--subdir', 'DAGS_FOLDER/get_stocks.py', '--cfg-path', '/tmp/tmpc7lw7c8t', '--error-file', '/tmp/tmpfe7jtcfw']
[2024-09-16 13:56:47,385] {standard_task_runner.py:80} INFO - Job 2654: Subtask BRONZE_STONCKS_GOOG
[2024-09-16 13:56:47,454] {task_command.py:370} INFO - Running <TaskInstance: BRONZER_GET_STONCKS.BRONZE_STONCKS_GOOG scheduled__2024-09-11T00:00:00+00:00 [running]> on host kaiwang.
[2024-09-16 13:56:47,717] {taskinstance.py:1569} INFO - Exporting the following env vars:
AIRFLOW_CTX_DAG_OWNER=airflow
AIRFLOW_CTX_DAG_ID=BRONZER_GET_STONCKS
AIRFLOW_CTX_TASK_ID=BRONZE_STONCKS_GOOG
AIRFLOW_CTX_EXECUTION_DATE=2024-09-11T00:00:00+00:00
AIRFLOW_CTX_TRY_NUMBER=1
AIRFLOW_CTX_DAG_RUN_ID=scheduled__2024-09-11T00:00:00+00:00
[2024-09-16 13:56:48,918] {python.py:173} INFO - Done. Returned value was: None
[2024-09-16 13:56:48,958] {taskinstance.py:1395} INFO - Marking task as SUCCESS. dag_id=BRONZER_GET_STONCKS, task_id=BRONZE_STONCKS_GOOG, execution_date=20240911T000000, start_date=20240916T165647, end_date=20240916T165648
[2024-09-16 13:56:49,004] {local_task_job.py:156} INFO - Task exited with return code 0
[2024-09-16 13:56:49,085] {local_task_job.py:273} INFO - 0 downstream tasks scheduled from follow-on schedule check
