[2024-09-16 00:06:46,510] {taskinstance.py:1159} INFO - Dependencies all met for <TaskInstance: BRONZER_GET_STONCKS.BRONZE_STONCKS_GOOG scheduled__2024-07-17T00:00:00+00:00 [queued]>
[2024-09-16 00:06:46,553] {taskinstance.py:1159} INFO - Dependencies all met for <TaskInstance: BRONZER_GET_STONCKS.BRONZE_STONCKS_GOOG scheduled__2024-07-17T00:00:00+00:00 [queued]>
[2024-09-16 00:06:46,553] {taskinstance.py:1356} INFO - 
--------------------------------------------------------------------------------
[2024-09-16 00:06:46,553] {taskinstance.py:1357} INFO - Starting attempt 1 of 1
[2024-09-16 00:06:46,553] {taskinstance.py:1358} INFO - 
--------------------------------------------------------------------------------
[2024-09-16 00:06:46,611] {taskinstance.py:1377} INFO - Executing <Task(_PythonDecoratedOperator): BRONZE_STONCKS_GOOG> on 2024-07-17 00:00:00+00:00
[2024-09-16 00:06:46,616] {standard_task_runner.py:52} INFO - Started process 35850 to run task
[2024-09-16 00:06:46,632] {standard_task_runner.py:79} INFO - Running: ['airflow', 'tasks', 'run', 'BRONZER_GET_STONCKS', 'BRONZE_STONCKS_GOOG', 'scheduled__2024-07-17T00:00:00+00:00', '--job-id', '1033', '--raw', '--subdir', 'DAGS_FOLDER/get_stocks.py', '--cfg-path', '/tmp/tmpnd3uanhq', '--error-file', '/tmp/tmps8di00ij']
[2024-09-16 00:06:46,633] {standard_task_runner.py:80} INFO - Job 1033: Subtask BRONZE_STONCKS_GOOG
[2024-09-16 00:06:46,888] {task_command.py:370} INFO - Running <TaskInstance: BRONZER_GET_STONCKS.BRONZE_STONCKS_GOOG scheduled__2024-07-17T00:00:00+00:00 [running]> on host kaiwang.
[2024-09-16 00:06:47,074] {taskinstance.py:1569} INFO - Exporting the following env vars:
AIRFLOW_CTX_DAG_OWNER=airflow
AIRFLOW_CTX_DAG_ID=BRONZER_GET_STONCKS
AIRFLOW_CTX_TASK_ID=BRONZE_STONCKS_GOOG
AIRFLOW_CTX_EXECUTION_DATE=2024-07-17T00:00:00+00:00
AIRFLOW_CTX_TRY_NUMBER=1
AIRFLOW_CTX_DAG_RUN_ID=scheduled__2024-07-17T00:00:00+00:00
[2024-09-16 00:06:47,658] {python.py:173} INFO - Done. Returned value was: None
[2024-09-16 00:06:47,678] {taskinstance.py:1395} INFO - Marking task as SUCCESS. dag_id=BRONZER_GET_STONCKS, task_id=BRONZE_STONCKS_GOOG, execution_date=20240717T000000, start_date=20240916T030646, end_date=20240916T030647
[2024-09-16 00:06:47,696] {local_task_job.py:156} INFO - Task exited with return code 0
[2024-09-16 00:06:47,742] {local_task_job.py:273} INFO - 0 downstream tasks scheduled from follow-on schedule check
