[2024-09-16 00:08:02,429] {taskinstance.py:1159} INFO - Dependencies all met for <TaskInstance: BRONZER_GET_CRIPTOS.BRONZE_CRIPTO_DOGE scheduled__2024-08-14T00:00:00+00:00 [queued]>
[2024-09-16 00:08:02,459] {taskinstance.py:1159} INFO - Dependencies all met for <TaskInstance: BRONZER_GET_CRIPTOS.BRONZE_CRIPTO_DOGE scheduled__2024-08-14T00:00:00+00:00 [queued]>
[2024-09-16 00:08:02,459] {taskinstance.py:1356} INFO - 
--------------------------------------------------------------------------------
[2024-09-16 00:08:02,459] {taskinstance.py:1357} INFO - Starting attempt 1 of 1
[2024-09-16 00:08:02,459] {taskinstance.py:1358} INFO - 
--------------------------------------------------------------------------------
[2024-09-16 00:08:02,515] {taskinstance.py:1377} INFO - Executing <Task(_PythonDecoratedOperator): BRONZE_CRIPTO_DOGE> on 2024-08-14 00:00:00+00:00
[2024-09-16 00:08:02,521] {standard_task_runner.py:52} INFO - Started process 41849 to run task
[2024-09-16 00:08:02,537] {standard_task_runner.py:79} INFO - Running: ['airflow', 'tasks', 'run', 'BRONZER_GET_CRIPTOS', 'BRONZE_CRIPTO_DOGE', 'scheduled__2024-08-14T00:00:00+00:00', '--job-id', '1384', '--raw', '--subdir', 'DAGS_FOLDER/get_cripto.py', '--cfg-path', '/tmp/tmpsvxmkj7t', '--error-file', '/tmp/tmpeu0jy1n1']
[2024-09-16 00:08:02,541] {standard_task_runner.py:80} INFO - Job 1384: Subtask BRONZE_CRIPTO_DOGE
[2024-09-16 00:08:02,819] {task_command.py:370} INFO - Running <TaskInstance: BRONZER_GET_CRIPTOS.BRONZE_CRIPTO_DOGE scheduled__2024-08-14T00:00:00+00:00 [running]> on host kaiwang.
[2024-09-16 00:08:03,079] {taskinstance.py:1569} INFO - Exporting the following env vars:
AIRFLOW_CTX_DAG_OWNER=airflow
AIRFLOW_CTX_DAG_ID=BRONZER_GET_CRIPTOS
AIRFLOW_CTX_TASK_ID=BRONZE_CRIPTO_DOGE
AIRFLOW_CTX_EXECUTION_DATE=2024-08-14T00:00:00+00:00
AIRFLOW_CTX_TRY_NUMBER=1
AIRFLOW_CTX_DAG_RUN_ID=scheduled__2024-08-14T00:00:00+00:00
[2024-09-16 00:08:05,478] {history.py:122} ERROR - $DOGE: possibly delisted; no timezone found
[2024-09-16 00:08:05,481] {python.py:173} INFO - Done. Returned value was: None
[2024-09-16 00:08:05,508] {taskinstance.py:1395} INFO - Marking task as SUCCESS. dag_id=BRONZER_GET_CRIPTOS, task_id=BRONZE_CRIPTO_DOGE, execution_date=20240814T000000, start_date=20240916T030802, end_date=20240916T030805
[2024-09-16 00:08:05,546] {local_task_job.py:156} INFO - Task exited with return code 0
[2024-09-16 00:08:05,589] {local_task_job.py:273} INFO - 0 downstream tasks scheduled from follow-on schedule check
[2024-09-16 13:56:01,881] {taskinstance.py:1159} INFO - Dependencies all met for <TaskInstance: BRONZER_GET_CRIPTOS.BRONZE_CRIPTO_DOGE scheduled__2024-08-14T00:00:00+00:00 [queued]>
[2024-09-16 13:56:01,907] {taskinstance.py:1159} INFO - Dependencies all met for <TaskInstance: BRONZER_GET_CRIPTOS.BRONZE_CRIPTO_DOGE scheduled__2024-08-14T00:00:00+00:00 [queued]>
[2024-09-16 13:56:01,907] {taskinstance.py:1356} INFO - 
--------------------------------------------------------------------------------
[2024-09-16 13:56:01,907] {taskinstance.py:1357} INFO - Starting attempt 1 of 1
[2024-09-16 13:56:01,908] {taskinstance.py:1358} INFO - 
--------------------------------------------------------------------------------
[2024-09-16 13:56:01,960] {taskinstance.py:1377} INFO - Executing <Task(_PythonDecoratedOperator): BRONZE_CRIPTO_DOGE> on 2024-08-14 00:00:00+00:00
[2024-09-16 13:56:01,978] {standard_task_runner.py:52} INFO - Started process 137320 to run task
[2024-09-16 13:56:02,038] {standard_task_runner.py:79} INFO - Running: ['airflow', 'tasks', 'run', 'BRONZER_GET_CRIPTOS', 'BRONZE_CRIPTO_DOGE', 'scheduled__2024-08-14T00:00:00+00:00', '--job-id', '2502', '--raw', '--subdir', 'DAGS_FOLDER/get_cripto.py', '--cfg-path', '/tmp/tmpeu7k3oiv', '--error-file', '/tmp/tmponrdun7p']
[2024-09-16 13:56:02,041] {standard_task_runner.py:80} INFO - Job 2502: Subtask BRONZE_CRIPTO_DOGE
[2024-09-16 13:56:02,417] {task_command.py:370} INFO - Running <TaskInstance: BRONZER_GET_CRIPTOS.BRONZE_CRIPTO_DOGE scheduled__2024-08-14T00:00:00+00:00 [running]> on host kaiwang.
[2024-09-16 13:56:03,229] {taskinstance.py:1569} INFO - Exporting the following env vars:
AIRFLOW_CTX_DAG_OWNER=airflow
AIRFLOW_CTX_DAG_ID=BRONZER_GET_CRIPTOS
AIRFLOW_CTX_TASK_ID=BRONZE_CRIPTO_DOGE
AIRFLOW_CTX_EXECUTION_DATE=2024-08-14T00:00:00+00:00
AIRFLOW_CTX_TRY_NUMBER=1
AIRFLOW_CTX_DAG_RUN_ID=scheduled__2024-08-14T00:00:00+00:00
[2024-09-16 13:56:06,429] {history.py:122} ERROR - $DOGE: possibly delisted; no timezone found
[2024-09-16 13:56:06,433] {python.py:173} INFO - Done. Returned value was: None
[2024-09-16 13:56:06,479] {taskinstance.py:1395} INFO - Marking task as SUCCESS. dag_id=BRONZER_GET_CRIPTOS, task_id=BRONZE_CRIPTO_DOGE, execution_date=20240814T000000, start_date=20240916T165601, end_date=20240916T165606
[2024-09-16 13:56:06,594] {local_task_job.py:156} INFO - Task exited with return code 0
[2024-09-16 13:56:06,704] {local_task_job.py:273} INFO - 0 downstream tasks scheduled from follow-on schedule check
