[2024-09-16 00:03:02,552] {taskinstance.py:1159} INFO - Dependencies all met for <TaskInstance: BRONZER_GET_STONCKS.BRONZE_STONCKS_MSFT scheduled__2024-01-05T00:00:00+00:00 [queued]>
[2024-09-16 00:03:02,571] {taskinstance.py:1159} INFO - Dependencies all met for <TaskInstance: BRONZER_GET_STONCKS.BRONZE_STONCKS_MSFT scheduled__2024-01-05T00:00:00+00:00 [queued]>
[2024-09-16 00:03:02,571] {taskinstance.py:1356} INFO - 
--------------------------------------------------------------------------------
[2024-09-16 00:03:02,571] {taskinstance.py:1357} INFO - Starting attempt 1 of 1
[2024-09-16 00:03:02,571] {taskinstance.py:1358} INFO - 
--------------------------------------------------------------------------------
[2024-09-16 00:03:02,596] {taskinstance.py:1377} INFO - Executing <Task(_PythonDecoratedOperator): BRONZE_STONCKS_MSFT> on 2024-01-05 00:00:00+00:00
[2024-09-16 00:03:02,610] {standard_task_runner.py:52} INFO - Started process 18525 to run task
[2024-09-16 00:03:02,618] {standard_task_runner.py:79} INFO - Running: ['airflow', 'tasks', 'run', 'BRONZER_GET_STONCKS', 'BRONZE_STONCKS_MSFT', 'scheduled__2024-01-05T00:00:00+00:00', '--job-id', '34', '--raw', '--subdir', 'DAGS_FOLDER/get_stocks.py', '--cfg-path', '/tmp/tmpzr_v_erz', '--error-file', '/tmp/tmpuv_ohzf0']
[2024-09-16 00:03:02,619] {standard_task_runner.py:80} INFO - Job 34: Subtask BRONZE_STONCKS_MSFT
[2024-09-16 00:03:02,870] {task_command.py:370} INFO - Running <TaskInstance: BRONZER_GET_STONCKS.BRONZE_STONCKS_MSFT scheduled__2024-01-05T00:00:00+00:00 [running]> on host kaiwang.
[2024-09-16 00:03:03,100] {taskinstance.py:1569} INFO - Exporting the following env vars:
AIRFLOW_CTX_DAG_OWNER=airflow
AIRFLOW_CTX_DAG_ID=BRONZER_GET_STONCKS
AIRFLOW_CTX_TASK_ID=BRONZE_STONCKS_MSFT
AIRFLOW_CTX_EXECUTION_DATE=2024-01-05T00:00:00+00:00
AIRFLOW_CTX_TRY_NUMBER=1
AIRFLOW_CTX_DAG_RUN_ID=scheduled__2024-01-05T00:00:00+00:00
[2024-09-16 00:03:03,766] {python.py:173} INFO - Done. Returned value was: None
[2024-09-16 00:03:03,809] {taskinstance.py:1395} INFO - Marking task as SUCCESS. dag_id=BRONZER_GET_STONCKS, task_id=BRONZE_STONCKS_MSFT, execution_date=20240105T000000, start_date=20240916T030302, end_date=20240916T030303
[2024-09-16 00:03:03,886] {local_task_job.py:156} INFO - Task exited with return code 0
[2024-09-16 00:03:04,632] {local_task_job.py:273} INFO - 0 downstream tasks scheduled from follow-on schedule check
[2024-09-16 00:12:45,635] {taskinstance.py:1159} INFO - Dependencies all met for <TaskInstance: BRONZER_GET_STONCKS.BRONZE_STONCKS_MSFT scheduled__2024-01-05T00:00:00+00:00 [queued]>
[2024-09-16 00:12:45,671] {taskinstance.py:1159} INFO - Dependencies all met for <TaskInstance: BRONZER_GET_STONCKS.BRONZE_STONCKS_MSFT scheduled__2024-01-05T00:00:00+00:00 [queued]>
[2024-09-16 00:12:45,671] {taskinstance.py:1356} INFO - 
--------------------------------------------------------------------------------
[2024-09-16 00:12:45,671] {taskinstance.py:1357} INFO - Starting attempt 1 of 1
[2024-09-16 00:12:45,671] {taskinstance.py:1358} INFO - 
--------------------------------------------------------------------------------
[2024-09-16 00:12:45,703] {taskinstance.py:1377} INFO - Executing <Task(_PythonDecoratedOperator): BRONZE_STONCKS_MSFT> on 2024-01-05 00:00:00+00:00
[2024-09-16 00:12:45,708] {standard_task_runner.py:52} INFO - Started process 44006 to run task
[2024-09-16 00:12:45,729] {standard_task_runner.py:79} INFO - Running: ['airflow', 'tasks', 'run', 'BRONZER_GET_STONCKS', 'BRONZE_STONCKS_MSFT', 'scheduled__2024-01-05T00:00:00+00:00', '--job-id', '1505', '--raw', '--subdir', 'DAGS_FOLDER/get_stocks.py', '--cfg-path', '/tmp/tmpyjpd59jm', '--error-file', '/tmp/tmpu012rxeo']
[2024-09-16 00:12:45,730] {standard_task_runner.py:80} INFO - Job 1505: Subtask BRONZE_STONCKS_MSFT
[2024-09-16 00:12:45,862] {task_command.py:370} INFO - Running <TaskInstance: BRONZER_GET_STONCKS.BRONZE_STONCKS_MSFT scheduled__2024-01-05T00:00:00+00:00 [running]> on host kaiwang.
[2024-09-16 00:12:45,998] {taskinstance.py:1569} INFO - Exporting the following env vars:
AIRFLOW_CTX_DAG_OWNER=airflow
AIRFLOW_CTX_DAG_ID=BRONZER_GET_STONCKS
AIRFLOW_CTX_TASK_ID=BRONZE_STONCKS_MSFT
AIRFLOW_CTX_EXECUTION_DATE=2024-01-05T00:00:00+00:00
AIRFLOW_CTX_TRY_NUMBER=1
AIRFLOW_CTX_DAG_RUN_ID=scheduled__2024-01-05T00:00:00+00:00
[2024-09-16 00:12:46,874] {python.py:173} INFO - Done. Returned value was: None
[2024-09-16 00:12:46,890] {taskinstance.py:1395} INFO - Marking task as SUCCESS. dag_id=BRONZER_GET_STONCKS, task_id=BRONZE_STONCKS_MSFT, execution_date=20240105T000000, start_date=20240916T031245, end_date=20240916T031246
[2024-09-16 00:12:46,938] {local_task_job.py:156} INFO - Task exited with return code 0
[2024-09-16 00:12:46,968] {local_task_job.py:273} INFO - 0 downstream tasks scheduled from follow-on schedule check
[2024-09-16 00:14:21,013] {taskinstance.py:1159} INFO - Dependencies all met for <TaskInstance: BRONZER_GET_STONCKS.BRONZE_STONCKS_MSFT scheduled__2024-01-05T00:00:00+00:00 [queued]>
[2024-09-16 00:14:21,039] {taskinstance.py:1159} INFO - Dependencies all met for <TaskInstance: BRONZER_GET_STONCKS.BRONZE_STONCKS_MSFT scheduled__2024-01-05T00:00:00+00:00 [queued]>
[2024-09-16 00:14:21,039] {taskinstance.py:1356} INFO - 
--------------------------------------------------------------------------------
[2024-09-16 00:14:21,040] {taskinstance.py:1357} INFO - Starting attempt 1 of 1
[2024-09-16 00:14:21,040] {taskinstance.py:1358} INFO - 
--------------------------------------------------------------------------------
[2024-09-16 00:14:21,095] {taskinstance.py:1377} INFO - Executing <Task(_PythonDecoratedOperator): BRONZE_STONCKS_MSFT> on 2024-01-05 00:00:00+00:00
[2024-09-16 00:14:21,113] {standard_task_runner.py:79} INFO - Running: ['airflow', 'tasks', 'run', 'BRONZER_GET_STONCKS', 'BRONZE_STONCKS_MSFT', 'scheduled__2024-01-05T00:00:00+00:00', '--job-id', '1817', '--raw', '--subdir', 'DAGS_FOLDER/get_stocks.py', '--cfg-path', '/tmp/tmpfca3z62r', '--error-file', '/tmp/tmpboz9ijk5']
[2024-09-16 00:14:21,115] {standard_task_runner.py:80} INFO - Job 1817: Subtask BRONZE_STONCKS_MSFT
[2024-09-16 00:14:21,100] {standard_task_runner.py:52} INFO - Started process 49449 to run task
[2024-09-16 00:14:21,277] {task_command.py:370} INFO - Running <TaskInstance: BRONZER_GET_STONCKS.BRONZE_STONCKS_MSFT scheduled__2024-01-05T00:00:00+00:00 [running]> on host kaiwang.
[2024-09-16 00:14:21,426] {taskinstance.py:1569} INFO - Exporting the following env vars:
AIRFLOW_CTX_DAG_OWNER=airflow
AIRFLOW_CTX_DAG_ID=BRONZER_GET_STONCKS
AIRFLOW_CTX_TASK_ID=BRONZE_STONCKS_MSFT
AIRFLOW_CTX_EXECUTION_DATE=2024-01-05T00:00:00+00:00
AIRFLOW_CTX_TRY_NUMBER=1
AIRFLOW_CTX_DAG_RUN_ID=scheduled__2024-01-05T00:00:00+00:00
[2024-09-16 00:14:22,088] {python.py:173} INFO - Done. Returned value was: None
[2024-09-16 00:14:22,132] {taskinstance.py:1395} INFO - Marking task as SUCCESS. dag_id=BRONZER_GET_STONCKS, task_id=BRONZE_STONCKS_MSFT, execution_date=20240105T000000, start_date=20240916T031421, end_date=20240916T031422
[2024-09-16 00:14:22,159] {local_task_job.py:156} INFO - Task exited with return code 0
[2024-09-16 00:14:22,253] {local_task_job.py:273} INFO - 0 downstream tasks scheduled from follow-on schedule check
