[2024-09-16 00:04:42,661] {taskinstance.py:1159} INFO - Dependencies all met for <TaskInstance: BRONZER_GET_CRIPTOS.BRONZE_CRIPTO_ETH scheduled__2024-03-16T00:00:00+00:00 [queued]>
[2024-09-16 00:04:42,685] {taskinstance.py:1159} INFO - Dependencies all met for <TaskInstance: BRONZER_GET_CRIPTOS.BRONZE_CRIPTO_ETH scheduled__2024-03-16T00:00:00+00:00 [queued]>
[2024-09-16 00:04:42,685] {taskinstance.py:1356} INFO - 
--------------------------------------------------------------------------------
[2024-09-16 00:04:42,685] {taskinstance.py:1357} INFO - Starting attempt 1 of 1
[2024-09-16 00:04:42,685] {taskinstance.py:1358} INFO - 
--------------------------------------------------------------------------------
[2024-09-16 00:04:42,742] {taskinstance.py:1377} INFO - Executing <Task(_PythonDecoratedOperator): BRONZE_CRIPTO_ETH> on 2024-03-16 00:00:00+00:00
[2024-09-16 00:04:42,748] {standard_task_runner.py:52} INFO - Started process 25950 to run task
[2024-09-16 00:04:42,776] {standard_task_runner.py:79} INFO - Running: ['airflow', 'tasks', 'run', 'BRONZER_GET_CRIPTOS', 'BRONZE_CRIPTO_ETH', 'scheduled__2024-03-16T00:00:00+00:00', '--job-id', '455', '--raw', '--subdir', 'DAGS_FOLDER/get_cripto.py', '--cfg-path', '/tmp/tmpzzs49ei5', '--error-file', '/tmp/tmpfjlnj863']
[2024-09-16 00:04:42,777] {standard_task_runner.py:80} INFO - Job 455: Subtask BRONZE_CRIPTO_ETH
[2024-09-16 00:04:43,030] {task_command.py:370} INFO - Running <TaskInstance: BRONZER_GET_CRIPTOS.BRONZE_CRIPTO_ETH scheduled__2024-03-16T00:00:00+00:00 [running]> on host kaiwang.
[2024-09-16 00:04:43,351] {taskinstance.py:1569} INFO - Exporting the following env vars:
AIRFLOW_CTX_DAG_OWNER=airflow
AIRFLOW_CTX_DAG_ID=BRONZER_GET_CRIPTOS
AIRFLOW_CTX_TASK_ID=BRONZE_CRIPTO_ETH
AIRFLOW_CTX_EXECUTION_DATE=2024-03-16T00:00:00+00:00
AIRFLOW_CTX_TRY_NUMBER=1
AIRFLOW_CTX_DAG_RUN_ID=scheduled__2024-03-16T00:00:00+00:00
[2024-09-16 00:04:46,960] {history.py:244} ERROR - $ETH: possibly delisted; no price data found  (1h 2024-03-13 -> 2024-03-16) (Yahoo error = "Data doesn't exist for startDate = 1710302400, endDate = 1710561600")
[2024-09-16 00:04:46,963] {python.py:173} INFO - Done. Returned value was: None
[2024-09-16 00:04:47,354] {taskinstance.py:1395} INFO - Marking task as SUCCESS. dag_id=BRONZER_GET_CRIPTOS, task_id=BRONZE_CRIPTO_ETH, execution_date=20240316T000000, start_date=20240916T030442, end_date=20240916T030447
[2024-09-16 00:04:47,532] {local_task_job.py:156} INFO - Task exited with return code 0
[2024-09-16 00:04:48,142] {local_task_job.py:273} INFO - 0 downstream tasks scheduled from follow-on schedule check
[2024-09-16 00:15:59,377] {taskinstance.py:1159} INFO - Dependencies all met for <TaskInstance: BRONZER_GET_CRIPTOS.BRONZE_CRIPTO_ETH scheduled__2024-03-16T00:00:00+00:00 [queued]>
[2024-09-16 00:15:59,407] {taskinstance.py:1159} INFO - Dependencies all met for <TaskInstance: BRONZER_GET_CRIPTOS.BRONZE_CRIPTO_ETH scheduled__2024-03-16T00:00:00+00:00 [queued]>
[2024-09-16 00:15:59,407] {taskinstance.py:1356} INFO - 
--------------------------------------------------------------------------------
[2024-09-16 00:15:59,408] {taskinstance.py:1357} INFO - Starting attempt 1 of 1
[2024-09-16 00:15:59,408] {taskinstance.py:1358} INFO - 
--------------------------------------------------------------------------------
[2024-09-16 00:15:59,442] {taskinstance.py:1377} INFO - Executing <Task(_PythonDecoratedOperator): BRONZE_CRIPTO_ETH> on 2024-03-16 00:00:00+00:00
[2024-09-16 00:15:59,448] {standard_task_runner.py:52} INFO - Started process 57410 to run task
[2024-09-16 00:15:59,465] {standard_task_runner.py:79} INFO - Running: ['airflow', 'tasks', 'run', 'BRONZER_GET_CRIPTOS', 'BRONZE_CRIPTO_ETH', 'scheduled__2024-03-16T00:00:00+00:00', '--job-id', '2269', '--raw', '--subdir', 'DAGS_FOLDER/get_cripto.py', '--cfg-path', '/tmp/tmpmb2m736l', '--error-file', '/tmp/tmpoilz6mia']
[2024-09-16 00:15:59,467] {standard_task_runner.py:80} INFO - Job 2269: Subtask BRONZE_CRIPTO_ETH
[2024-09-16 00:15:59,650] {task_command.py:370} INFO - Running <TaskInstance: BRONZER_GET_CRIPTOS.BRONZE_CRIPTO_ETH scheduled__2024-03-16T00:00:00+00:00 [running]> on host kaiwang.
[2024-09-16 00:15:59,963] {taskinstance.py:1569} INFO - Exporting the following env vars:
AIRFLOW_CTX_DAG_OWNER=airflow
AIRFLOW_CTX_DAG_ID=BRONZER_GET_CRIPTOS
AIRFLOW_CTX_TASK_ID=BRONZE_CRIPTO_ETH
AIRFLOW_CTX_EXECUTION_DATE=2024-03-16T00:00:00+00:00
AIRFLOW_CTX_TRY_NUMBER=1
AIRFLOW_CTX_DAG_RUN_ID=scheduled__2024-03-16T00:00:00+00:00
[2024-09-16 00:16:02,925] {history.py:244} ERROR - $ETH: possibly delisted; no price data found  (1h 2024-03-13 -> 2024-03-16) (Yahoo error = "Data doesn't exist for startDate = 1710302400, endDate = 1710561600")
[2024-09-16 00:16:02,929] {python.py:173} INFO - Done. Returned value was: None
[2024-09-16 00:16:03,151] {taskinstance.py:1395} INFO - Marking task as SUCCESS. dag_id=BRONZER_GET_CRIPTOS, task_id=BRONZE_CRIPTO_ETH, execution_date=20240316T000000, start_date=20240916T031559, end_date=20240916T031603
[2024-09-16 00:16:03,191] {local_task_job.py:156} INFO - Task exited with return code 0
[2024-09-16 00:16:03,290] {local_task_job.py:273} INFO - 0 downstream tasks scheduled from follow-on schedule check
