[2024-09-16 00:08:13,550] {taskinstance.py:1159} INFO - Dependencies all met for <TaskInstance: BRONZER_GET_CRIPTOS.BRONZE_CRIPTO_ETH scheduled__2024-08-28T00:00:00+00:00 [queued]>
[2024-09-16 00:08:13,572] {taskinstance.py:1159} INFO - Dependencies all met for <TaskInstance: BRONZER_GET_CRIPTOS.BRONZE_CRIPTO_ETH scheduled__2024-08-28T00:00:00+00:00 [queued]>
[2024-09-16 00:08:13,572] {taskinstance.py:1356} INFO - 
--------------------------------------------------------------------------------
[2024-09-16 00:08:13,572] {taskinstance.py:1357} INFO - Starting attempt 1 of 1
[2024-09-16 00:08:13,572] {taskinstance.py:1358} INFO - 
--------------------------------------------------------------------------------
[2024-09-16 00:08:13,593] {taskinstance.py:1377} INFO - Executing <Task(_PythonDecoratedOperator): BRONZE_CRIPTO_ETH> on 2024-08-28 00:00:00+00:00
[2024-09-16 00:08:13,601] {standard_task_runner.py:52} INFO - Started process 42428 to run task
[2024-09-16 00:08:13,606] {standard_task_runner.py:79} INFO - Running: ['airflow', 'tasks', 'run', 'BRONZER_GET_CRIPTOS', 'BRONZE_CRIPTO_ETH', 'scheduled__2024-08-28T00:00:00+00:00', '--job-id', '1421', '--raw', '--subdir', 'DAGS_FOLDER/get_cripto.py', '--cfg-path', '/tmp/tmpa2i70703', '--error-file', '/tmp/tmpajx1jel_']
[2024-09-16 00:08:13,607] {standard_task_runner.py:80} INFO - Job 1421: Subtask BRONZE_CRIPTO_ETH
[2024-09-16 00:08:13,743] {task_command.py:370} INFO - Running <TaskInstance: BRONZER_GET_CRIPTOS.BRONZE_CRIPTO_ETH scheduled__2024-08-28T00:00:00+00:00 [running]> on host kaiwang.
[2024-09-16 00:08:13,885] {taskinstance.py:1569} INFO - Exporting the following env vars:
AIRFLOW_CTX_DAG_OWNER=airflow
AIRFLOW_CTX_DAG_ID=BRONZER_GET_CRIPTOS
AIRFLOW_CTX_TASK_ID=BRONZE_CRIPTO_ETH
AIRFLOW_CTX_EXECUTION_DATE=2024-08-28T00:00:00+00:00
AIRFLOW_CTX_TRY_NUMBER=1
AIRFLOW_CTX_DAG_RUN_ID=scheduled__2024-08-28T00:00:00+00:00
[2024-09-16 00:08:14,632] {python.py:173} INFO - Done. Returned value was: None
[2024-09-16 00:08:14,655] {taskinstance.py:1395} INFO - Marking task as SUCCESS. dag_id=BRONZER_GET_CRIPTOS, task_id=BRONZE_CRIPTO_ETH, execution_date=20240828T000000, start_date=20240916T030813, end_date=20240916T030814
[2024-09-16 00:08:14,695] {local_task_job.py:156} INFO - Task exited with return code 0
[2024-09-16 00:08:14,740] {local_task_job.py:273} INFO - 0 downstream tasks scheduled from follow-on schedule check
[2024-09-16 13:56:30,929] {taskinstance.py:1159} INFO - Dependencies all met for <TaskInstance: BRONZER_GET_CRIPTOS.BRONZE_CRIPTO_ETH scheduled__2024-08-28T00:00:00+00:00 [queued]>
[2024-09-16 13:56:30,949] {taskinstance.py:1159} INFO - Dependencies all met for <TaskInstance: BRONZER_GET_CRIPTOS.BRONZE_CRIPTO_ETH scheduled__2024-08-28T00:00:00+00:00 [queued]>
[2024-09-16 13:56:30,949] {taskinstance.py:1356} INFO - 
--------------------------------------------------------------------------------
[2024-09-16 13:56:30,950] {taskinstance.py:1357} INFO - Starting attempt 1 of 1
[2024-09-16 13:56:30,950] {taskinstance.py:1358} INFO - 
--------------------------------------------------------------------------------
[2024-09-16 13:56:30,979] {taskinstance.py:1377} INFO - Executing <Task(_PythonDecoratedOperator): BRONZE_CRIPTO_ETH> on 2024-08-28 00:00:00+00:00
[2024-09-16 13:56:30,988] {standard_task_runner.py:52} INFO - Started process 139369 to run task
[2024-09-16 13:56:30,999] {standard_task_runner.py:79} INFO - Running: ['airflow', 'tasks', 'run', 'BRONZER_GET_CRIPTOS', 'BRONZE_CRIPTO_ETH', 'scheduled__2024-08-28T00:00:00+00:00', '--job-id', '2598', '--raw', '--subdir', 'DAGS_FOLDER/get_cripto.py', '--cfg-path', '/tmp/tmp8gqfswvx', '--error-file', '/tmp/tmp0fvav925']
[2024-09-16 13:56:31,000] {standard_task_runner.py:80} INFO - Job 2598: Subtask BRONZE_CRIPTO_ETH
[2024-09-16 13:56:31,156] {task_command.py:370} INFO - Running <TaskInstance: BRONZER_GET_CRIPTOS.BRONZE_CRIPTO_ETH scheduled__2024-08-28T00:00:00+00:00 [running]> on host kaiwang.
[2024-09-16 13:56:31,503] {taskinstance.py:1569} INFO - Exporting the following env vars:
AIRFLOW_CTX_DAG_OWNER=airflow
AIRFLOW_CTX_DAG_ID=BRONZER_GET_CRIPTOS
AIRFLOW_CTX_TASK_ID=BRONZE_CRIPTO_ETH
AIRFLOW_CTX_EXECUTION_DATE=2024-08-28T00:00:00+00:00
AIRFLOW_CTX_TRY_NUMBER=1
AIRFLOW_CTX_DAG_RUN_ID=scheduled__2024-08-28T00:00:00+00:00
[2024-09-16 13:56:32,150] {python.py:173} INFO - Done. Returned value was: None
[2024-09-16 13:56:32,203] {taskinstance.py:1395} INFO - Marking task as SUCCESS. dag_id=BRONZER_GET_CRIPTOS, task_id=BRONZE_CRIPTO_ETH, execution_date=20240828T000000, start_date=20240916T165630, end_date=20240916T165632
[2024-09-16 13:56:32,266] {local_task_job.py:156} INFO - Task exited with return code 0
[2024-09-16 13:56:32,404] {local_task_job.py:273} INFO - 0 downstream tasks scheduled from follow-on schedule check
