[2024-09-16 00:04:53,948] {taskinstance.py:1159} INFO - Dependencies all met for <TaskInstance: BRONZER_GET_STONCKS.BRONZE_STONCKS_AAPL scheduled__2024-04-04T00:00:00+00:00 [queued]>
[2024-09-16 00:04:53,983] {taskinstance.py:1159} INFO - Dependencies all met for <TaskInstance: BRONZER_GET_STONCKS.BRONZE_STONCKS_AAPL scheduled__2024-04-04T00:00:00+00:00 [queued]>
[2024-09-16 00:04:53,983] {taskinstance.py:1356} INFO - 
--------------------------------------------------------------------------------
[2024-09-16 00:04:53,983] {taskinstance.py:1357} INFO - Starting attempt 1 of 1
[2024-09-16 00:04:53,983] {taskinstance.py:1358} INFO - 
--------------------------------------------------------------------------------
[2024-09-16 00:04:54,024] {taskinstance.py:1377} INFO - Executing <Task(_PythonDecoratedOperator): BRONZE_STONCKS_AAPL> on 2024-04-04 00:00:00+00:00
[2024-09-16 00:04:54,034] {standard_task_runner.py:52} INFO - Started process 26800 to run task
[2024-09-16 00:04:54,040] {standard_task_runner.py:79} INFO - Running: ['airflow', 'tasks', 'run', 'BRONZER_GET_STONCKS', 'BRONZE_STONCKS_AAPL', 'scheduled__2024-04-04T00:00:00+00:00', '--job-id', '509', '--raw', '--subdir', 'DAGS_FOLDER/get_stocks.py', '--cfg-path', '/tmp/tmpqqhq00wp', '--error-file', '/tmp/tmpb0e001c4']
[2024-09-16 00:04:54,041] {standard_task_runner.py:80} INFO - Job 509: Subtask BRONZE_STONCKS_AAPL
[2024-09-16 00:04:54,196] {task_command.py:370} INFO - Running <TaskInstance: BRONZER_GET_STONCKS.BRONZE_STONCKS_AAPL scheduled__2024-04-04T00:00:00+00:00 [running]> on host kaiwang.
[2024-09-16 00:04:54,433] {taskinstance.py:1569} INFO - Exporting the following env vars:
AIRFLOW_CTX_DAG_OWNER=airflow
AIRFLOW_CTX_DAG_ID=BRONZER_GET_STONCKS
AIRFLOW_CTX_TASK_ID=BRONZE_STONCKS_AAPL
AIRFLOW_CTX_EXECUTION_DATE=2024-04-04T00:00:00+00:00
AIRFLOW_CTX_TRY_NUMBER=1
AIRFLOW_CTX_DAG_RUN_ID=scheduled__2024-04-04T00:00:00+00:00
[2024-09-16 00:04:55,002] {python.py:173} INFO - Done. Returned value was: None
[2024-09-16 00:04:55,047] {taskinstance.py:1395} INFO - Marking task as SUCCESS. dag_id=BRONZER_GET_STONCKS, task_id=BRONZE_STONCKS_AAPL, execution_date=20240404T000000, start_date=20240916T030453, end_date=20240916T030455
[2024-09-16 00:04:55,108] {local_task_job.py:156} INFO - Task exited with return code 0
[2024-09-16 00:04:55,257] {local_task_job.py:273} INFO - 0 downstream tasks scheduled from follow-on schedule check
[2024-09-16 00:16:02,018] {taskinstance.py:1159} INFO - Dependencies all met for <TaskInstance: BRONZER_GET_STONCKS.BRONZE_STONCKS_AAPL scheduled__2024-04-04T00:00:00+00:00 [queued]>
[2024-09-16 00:16:02,034] {taskinstance.py:1159} INFO - Dependencies all met for <TaskInstance: BRONZER_GET_STONCKS.BRONZE_STONCKS_AAPL scheduled__2024-04-04T00:00:00+00:00 [queued]>
[2024-09-16 00:16:02,034] {taskinstance.py:1356} INFO - 
--------------------------------------------------------------------------------
[2024-09-16 00:16:02,034] {taskinstance.py:1357} INFO - Starting attempt 1 of 1
[2024-09-16 00:16:02,034] {taskinstance.py:1358} INFO - 
--------------------------------------------------------------------------------
[2024-09-16 00:16:02,102] {taskinstance.py:1377} INFO - Executing <Task(_PythonDecoratedOperator): BRONZE_STONCKS_AAPL> on 2024-04-04 00:00:00+00:00
[2024-09-16 00:16:02,108] {standard_task_runner.py:52} INFO - Started process 57617 to run task
[2024-09-16 00:16:02,140] {standard_task_runner.py:79} INFO - Running: ['airflow', 'tasks', 'run', 'BRONZER_GET_STONCKS', 'BRONZE_STONCKS_AAPL', 'scheduled__2024-04-04T00:00:00+00:00', '--job-id', '2284', '--raw', '--subdir', 'DAGS_FOLDER/get_stocks.py', '--cfg-path', '/tmp/tmpc6gyx31w', '--error-file', '/tmp/tmp_9bdm9i8']
[2024-09-16 00:16:02,141] {standard_task_runner.py:80} INFO - Job 2284: Subtask BRONZE_STONCKS_AAPL
[2024-09-16 00:16:02,428] {task_command.py:370} INFO - Running <TaskInstance: BRONZER_GET_STONCKS.BRONZE_STONCKS_AAPL scheduled__2024-04-04T00:00:00+00:00 [running]> on host kaiwang.
[2024-09-16 00:16:02,762] {taskinstance.py:1569} INFO - Exporting the following env vars:
AIRFLOW_CTX_DAG_OWNER=airflow
AIRFLOW_CTX_DAG_ID=BRONZER_GET_STONCKS
AIRFLOW_CTX_TASK_ID=BRONZE_STONCKS_AAPL
AIRFLOW_CTX_EXECUTION_DATE=2024-04-04T00:00:00+00:00
AIRFLOW_CTX_TRY_NUMBER=1
AIRFLOW_CTX_DAG_RUN_ID=scheduled__2024-04-04T00:00:00+00:00
[2024-09-16 00:16:03,372] {python.py:173} INFO - Done. Returned value was: None
[2024-09-16 00:16:03,397] {taskinstance.py:1395} INFO - Marking task as SUCCESS. dag_id=BRONZER_GET_STONCKS, task_id=BRONZE_STONCKS_AAPL, execution_date=20240404T000000, start_date=20240916T031602, end_date=20240916T031603
[2024-09-16 00:16:03,421] {local_task_job.py:156} INFO - Task exited with return code 0
[2024-09-16 00:16:03,507] {local_task_job.py:273} INFO - 0 downstream tasks scheduled from follow-on schedule check
