[2024-09-16 00:03:27,440] {taskinstance.py:1159} INFO - Dependencies all met for <TaskInstance: BRONZER_GET_CRIPTOS.BRONZE_CRIPTO_AVAX scheduled__2024-01-20T00:00:00+00:00 [queued]>
[2024-09-16 00:03:27,470] {taskinstance.py:1159} INFO - Dependencies all met for <TaskInstance: BRONZER_GET_CRIPTOS.BRONZE_CRIPTO_AVAX scheduled__2024-01-20T00:00:00+00:00 [queued]>
[2024-09-16 00:03:27,470] {taskinstance.py:1356} INFO - 
--------------------------------------------------------------------------------
[2024-09-16 00:03:27,470] {taskinstance.py:1357} INFO - Starting attempt 1 of 1
[2024-09-16 00:03:27,470] {taskinstance.py:1358} INFO - 
--------------------------------------------------------------------------------
[2024-09-16 00:03:27,530] {taskinstance.py:1377} INFO - Executing <Task(_PythonDecoratedOperator): BRONZE_CRIPTO_AVAX> on 2024-01-20 00:00:00+00:00
[2024-09-16 00:03:27,537] {standard_task_runner.py:52} INFO - Started process 20013 to run task
[2024-09-16 00:03:27,563] {standard_task_runner.py:79} INFO - Running: ['airflow', 'tasks', 'run', 'BRONZER_GET_CRIPTOS', 'BRONZE_CRIPTO_AVAX', 'scheduled__2024-01-20T00:00:00+00:00', '--job-id', '120', '--raw', '--subdir', 'DAGS_FOLDER/get_cripto.py', '--cfg-path', '/tmp/tmpuwvee3fl', '--error-file', '/tmp/tmplk8pp4a7']
[2024-09-16 00:03:27,564] {standard_task_runner.py:80} INFO - Job 120: Subtask BRONZE_CRIPTO_AVAX
[2024-09-16 00:03:27,918] {task_command.py:370} INFO - Running <TaskInstance: BRONZER_GET_CRIPTOS.BRONZE_CRIPTO_AVAX scheduled__2024-01-20T00:00:00+00:00 [running]> on host kaiwang.
[2024-09-16 00:03:28,259] {taskinstance.py:1569} INFO - Exporting the following env vars:
AIRFLOW_CTX_DAG_OWNER=airflow
AIRFLOW_CTX_DAG_ID=BRONZER_GET_CRIPTOS
AIRFLOW_CTX_TASK_ID=BRONZE_CRIPTO_AVAX
AIRFLOW_CTX_EXECUTION_DATE=2024-01-20T00:00:00+00:00
AIRFLOW_CTX_TRY_NUMBER=1
AIRFLOW_CTX_DAG_RUN_ID=scheduled__2024-01-20T00:00:00+00:00
[2024-09-16 00:03:30,798] {history.py:122} ERROR - $AVAX: possibly delisted; no timezone found
[2024-09-16 00:03:30,802] {python.py:173} INFO - Done. Returned value was: None
[2024-09-16 00:03:30,867] {taskinstance.py:1395} INFO - Marking task as SUCCESS. dag_id=BRONZER_GET_CRIPTOS, task_id=BRONZE_CRIPTO_AVAX, execution_date=20240120T000000, start_date=20240916T030327, end_date=20240916T030330
[2024-09-16 00:03:30,956] {local_task_job.py:156} INFO - Task exited with return code 0
[2024-09-16 00:03:31,097] {local_task_job.py:273} INFO - 0 downstream tasks scheduled from follow-on schedule check
[2024-09-16 00:13:06,733] {taskinstance.py:1159} INFO - Dependencies all met for <TaskInstance: BRONZER_GET_CRIPTOS.BRONZE_CRIPTO_AVAX scheduled__2024-01-20T00:00:00+00:00 [queued]>
[2024-09-16 00:13:06,783] {taskinstance.py:1159} INFO - Dependencies all met for <TaskInstance: BRONZER_GET_CRIPTOS.BRONZE_CRIPTO_AVAX scheduled__2024-01-20T00:00:00+00:00 [queued]>
[2024-09-16 00:13:06,783] {taskinstance.py:1356} INFO - 
--------------------------------------------------------------------------------
[2024-09-16 00:13:06,783] {taskinstance.py:1357} INFO - Starting attempt 1 of 1
[2024-09-16 00:13:06,783] {taskinstance.py:1358} INFO - 
--------------------------------------------------------------------------------
[2024-09-16 00:13:06,825] {taskinstance.py:1377} INFO - Executing <Task(_PythonDecoratedOperator): BRONZE_CRIPTO_AVAX> on 2024-01-20 00:00:00+00:00
[2024-09-16 00:13:06,835] {standard_task_runner.py:52} INFO - Started process 45524 to run task
[2024-09-16 00:13:06,857] {standard_task_runner.py:79} INFO - Running: ['airflow', 'tasks', 'run', 'BRONZER_GET_CRIPTOS', 'BRONZE_CRIPTO_AVAX', 'scheduled__2024-01-20T00:00:00+00:00', '--job-id', '1589', '--raw', '--subdir', 'DAGS_FOLDER/get_cripto.py', '--cfg-path', '/tmp/tmp26g9ym9h', '--error-file', '/tmp/tmpfb5ctks8']
[2024-09-16 00:13:06,862] {standard_task_runner.py:80} INFO - Job 1589: Subtask BRONZE_CRIPTO_AVAX
[2024-09-16 00:13:07,127] {task_command.py:370} INFO - Running <TaskInstance: BRONZER_GET_CRIPTOS.BRONZE_CRIPTO_AVAX scheduled__2024-01-20T00:00:00+00:00 [running]> on host kaiwang.
[2024-09-16 00:13:07,506] {taskinstance.py:1569} INFO - Exporting the following env vars:
AIRFLOW_CTX_DAG_OWNER=airflow
AIRFLOW_CTX_DAG_ID=BRONZER_GET_CRIPTOS
AIRFLOW_CTX_TASK_ID=BRONZE_CRIPTO_AVAX
AIRFLOW_CTX_EXECUTION_DATE=2024-01-20T00:00:00+00:00
AIRFLOW_CTX_TRY_NUMBER=1
AIRFLOW_CTX_DAG_RUN_ID=scheduled__2024-01-20T00:00:00+00:00
[2024-09-16 00:13:10,604] {history.py:122} ERROR - $AVAX: possibly delisted; no timezone found
[2024-09-16 00:13:10,610] {python.py:173} INFO - Done. Returned value was: None
[2024-09-16 00:13:10,686] {taskinstance.py:1395} INFO - Marking task as SUCCESS. dag_id=BRONZER_GET_CRIPTOS, task_id=BRONZE_CRIPTO_AVAX, execution_date=20240120T000000, start_date=20240916T031306, end_date=20240916T031310
[2024-09-16 00:13:10,817] {local_task_job.py:156} INFO - Task exited with return code 0
[2024-09-16 00:13:11,400] {local_task_job.py:273} INFO - 0 downstream tasks scheduled from follow-on schedule check
[2024-09-16 00:14:43,617] {taskinstance.py:1159} INFO - Dependencies all met for <TaskInstance: BRONZER_GET_CRIPTOS.BRONZE_CRIPTO_AVAX scheduled__2024-01-20T00:00:00+00:00 [queued]>
[2024-09-16 00:14:43,668] {taskinstance.py:1159} INFO - Dependencies all met for <TaskInstance: BRONZER_GET_CRIPTOS.BRONZE_CRIPTO_AVAX scheduled__2024-01-20T00:00:00+00:00 [queued]>
[2024-09-16 00:14:43,668] {taskinstance.py:1356} INFO - 
--------------------------------------------------------------------------------
[2024-09-16 00:14:43,669] {taskinstance.py:1357} INFO - Starting attempt 1 of 1
[2024-09-16 00:14:43,669] {taskinstance.py:1358} INFO - 
--------------------------------------------------------------------------------
[2024-09-16 00:14:43,698] {taskinstance.py:1377} INFO - Executing <Task(_PythonDecoratedOperator): BRONZE_CRIPTO_AVAX> on 2024-01-20 00:00:00+00:00
[2024-09-16 00:14:43,723] {standard_task_runner.py:52} INFO - Started process 51138 to run task
[2024-09-16 00:14:43,732] {standard_task_runner.py:79} INFO - Running: ['airflow', 'tasks', 'run', 'BRONZER_GET_CRIPTOS', 'BRONZE_CRIPTO_AVAX', 'scheduled__2024-01-20T00:00:00+00:00', '--job-id', '1906', '--raw', '--subdir', 'DAGS_FOLDER/get_cripto.py', '--cfg-path', '/tmp/tmpfxgprpoo', '--error-file', '/tmp/tmpey5ik0f4']
[2024-09-16 00:14:43,733] {standard_task_runner.py:80} INFO - Job 1906: Subtask BRONZE_CRIPTO_AVAX
[2024-09-16 00:14:44,034] {task_command.py:370} INFO - Running <TaskInstance: BRONZER_GET_CRIPTOS.BRONZE_CRIPTO_AVAX scheduled__2024-01-20T00:00:00+00:00 [running]> on host kaiwang.
[2024-09-16 00:14:44,373] {taskinstance.py:1569} INFO - Exporting the following env vars:
AIRFLOW_CTX_DAG_OWNER=airflow
AIRFLOW_CTX_DAG_ID=BRONZER_GET_CRIPTOS
AIRFLOW_CTX_TASK_ID=BRONZE_CRIPTO_AVAX
AIRFLOW_CTX_EXECUTION_DATE=2024-01-20T00:00:00+00:00
AIRFLOW_CTX_TRY_NUMBER=1
AIRFLOW_CTX_DAG_RUN_ID=scheduled__2024-01-20T00:00:00+00:00
[2024-09-16 00:14:46,883] {history.py:122} ERROR - $AVAX: possibly delisted; no timezone found
[2024-09-16 00:14:46,886] {python.py:173} INFO - Done. Returned value was: None
[2024-09-16 00:14:46,958] {taskinstance.py:1395} INFO - Marking task as SUCCESS. dag_id=BRONZER_GET_CRIPTOS, task_id=BRONZE_CRIPTO_AVAX, execution_date=20240120T000000, start_date=20240916T031443, end_date=20240916T031446
[2024-09-16 00:14:47,049] {local_task_job.py:156} INFO - Task exited with return code 0
[2024-09-16 00:14:47,188] {local_task_job.py:273} INFO - 0 downstream tasks scheduled from follow-on schedule check
