[2024-09-16 00:07:28,182] {taskinstance.py:1159} INFO - Dependencies all met for <TaskInstance: BRONZER_GET_STONCKS.BRONZE_STONCKS_GOOG scheduled__2024-08-27T00:00:00+00:00 [queued]>
[2024-09-16 00:07:28,203] {taskinstance.py:1159} INFO - Dependencies all met for <TaskInstance: BRONZER_GET_STONCKS.BRONZE_STONCKS_GOOG scheduled__2024-08-27T00:00:00+00:00 [queued]>
[2024-09-16 00:07:28,203] {taskinstance.py:1356} INFO - 
--------------------------------------------------------------------------------
[2024-09-16 00:07:28,203] {taskinstance.py:1357} INFO - Starting attempt 1 of 1
[2024-09-16 00:07:28,203] {taskinstance.py:1358} INFO - 
--------------------------------------------------------------------------------
[2024-09-16 00:07:28,225] {taskinstance.py:1377} INFO - Executing <Task(_PythonDecoratedOperator): BRONZE_STONCKS_GOOG> on 2024-08-27 00:00:00+00:00
[2024-09-16 00:07:28,242] {standard_task_runner.py:52} INFO - Started process 39357 to run task
[2024-09-16 00:07:28,257] {standard_task_runner.py:79} INFO - Running: ['airflow', 'tasks', 'run', 'BRONZER_GET_STONCKS', 'BRONZE_STONCKS_GOOG', 'scheduled__2024-08-27T00:00:00+00:00', '--job-id', '1238', '--raw', '--subdir', 'DAGS_FOLDER/get_stocks.py', '--cfg-path', '/tmp/tmpx95k89bw', '--error-file', '/tmp/tmpd82od5zx']
[2024-09-16 00:07:28,258] {standard_task_runner.py:80} INFO - Job 1238: Subtask BRONZE_STONCKS_GOOG
[2024-09-16 00:07:28,507] {task_command.py:370} INFO - Running <TaskInstance: BRONZER_GET_STONCKS.BRONZE_STONCKS_GOOG scheduled__2024-08-27T00:00:00+00:00 [running]> on host kaiwang.
[2024-09-16 00:07:28,757] {taskinstance.py:1569} INFO - Exporting the following env vars:
AIRFLOW_CTX_DAG_OWNER=airflow
AIRFLOW_CTX_DAG_ID=BRONZER_GET_STONCKS
AIRFLOW_CTX_TASK_ID=BRONZE_STONCKS_GOOG
AIRFLOW_CTX_EXECUTION_DATE=2024-08-27T00:00:00+00:00
AIRFLOW_CTX_TRY_NUMBER=1
AIRFLOW_CTX_DAG_RUN_ID=scheduled__2024-08-27T00:00:00+00:00
[2024-09-16 00:07:29,384] {python.py:173} INFO - Done. Returned value was: None
[2024-09-16 00:07:29,408] {taskinstance.py:1395} INFO - Marking task as SUCCESS. dag_id=BRONZER_GET_STONCKS, task_id=BRONZE_STONCKS_GOOG, execution_date=20240827T000000, start_date=20240916T030728, end_date=20240916T030729
[2024-09-16 00:07:29,469] {local_task_job.py:156} INFO - Task exited with return code 0
[2024-09-16 00:07:29,570] {local_task_job.py:273} INFO - 0 downstream tasks scheduled from follow-on schedule check
[2024-09-16 13:56:27,185] {taskinstance.py:1159} INFO - Dependencies all met for <TaskInstance: BRONZER_GET_STONCKS.BRONZE_STONCKS_GOOG scheduled__2024-08-27T00:00:00+00:00 [queued]>
[2024-09-16 13:56:27,208] {taskinstance.py:1159} INFO - Dependencies all met for <TaskInstance: BRONZER_GET_STONCKS.BRONZE_STONCKS_GOOG scheduled__2024-08-27T00:00:00+00:00 [queued]>
[2024-09-16 13:56:27,208] {taskinstance.py:1356} INFO - 
--------------------------------------------------------------------------------
[2024-09-16 13:56:27,208] {taskinstance.py:1357} INFO - Starting attempt 1 of 1
[2024-09-16 13:56:27,208] {taskinstance.py:1358} INFO - 
--------------------------------------------------------------------------------
[2024-09-16 13:56:27,250] {taskinstance.py:1377} INFO - Executing <Task(_PythonDecoratedOperator): BRONZE_STONCKS_GOOG> on 2024-08-27 00:00:00+00:00
[2024-09-16 13:56:27,260] {standard_task_runner.py:52} INFO - Started process 139028 to run task
[2024-09-16 13:56:27,265] {standard_task_runner.py:79} INFO - Running: ['airflow', 'tasks', 'run', 'BRONZER_GET_STONCKS', 'BRONZE_STONCKS_GOOG', 'scheduled__2024-08-27T00:00:00+00:00', '--job-id', '2581', '--raw', '--subdir', 'DAGS_FOLDER/get_stocks.py', '--cfg-path', '/tmp/tmp1a1kgooc', '--error-file', '/tmp/tmpyt_g0saa']
[2024-09-16 13:56:27,267] {standard_task_runner.py:80} INFO - Job 2581: Subtask BRONZE_STONCKS_GOOG
[2024-09-16 13:56:27,386] {task_command.py:370} INFO - Running <TaskInstance: BRONZER_GET_STONCKS.BRONZE_STONCKS_GOOG scheduled__2024-08-27T00:00:00+00:00 [running]> on host kaiwang.
[2024-09-16 13:56:27,718] {taskinstance.py:1569} INFO - Exporting the following env vars:
AIRFLOW_CTX_DAG_OWNER=airflow
AIRFLOW_CTX_DAG_ID=BRONZER_GET_STONCKS
AIRFLOW_CTX_TASK_ID=BRONZE_STONCKS_GOOG
AIRFLOW_CTX_EXECUTION_DATE=2024-08-27T00:00:00+00:00
AIRFLOW_CTX_TRY_NUMBER=1
AIRFLOW_CTX_DAG_RUN_ID=scheduled__2024-08-27T00:00:00+00:00
[2024-09-16 13:56:28,291] {python.py:173} INFO - Done. Returned value was: None
[2024-09-16 13:56:28,341] {taskinstance.py:1395} INFO - Marking task as SUCCESS. dag_id=BRONZER_GET_STONCKS, task_id=BRONZE_STONCKS_GOOG, execution_date=20240827T000000, start_date=20240916T165627, end_date=20240916T165628
[2024-09-16 13:56:28,402] {local_task_job.py:156} INFO - Task exited with return code 0
[2024-09-16 13:56:28,581] {local_task_job.py:273} INFO - 0 downstream tasks scheduled from follow-on schedule check
