[2024-09-16 00:03:08,609] {taskinstance.py:1159} INFO - Dependencies all met for <TaskInstance: BRONZER_GET_CRIPTOS.BRONZE_CRIPTO_ETH scheduled__2024-01-10T00:00:00+00:00 [queued]>
[2024-09-16 00:03:08,673] {taskinstance.py:1159} INFO - Dependencies all met for <TaskInstance: BRONZER_GET_CRIPTOS.BRONZE_CRIPTO_ETH scheduled__2024-01-10T00:00:00+00:00 [queued]>
[2024-09-16 00:03:08,673] {taskinstance.py:1356} INFO - 
--------------------------------------------------------------------------------
[2024-09-16 00:03:08,673] {taskinstance.py:1357} INFO - Starting attempt 1 of 1
[2024-09-16 00:03:08,673] {taskinstance.py:1358} INFO - 
--------------------------------------------------------------------------------
[2024-09-16 00:03:08,829] {taskinstance.py:1377} INFO - Executing <Task(_PythonDecoratedOperator): BRONZE_CRIPTO_ETH> on 2024-01-10 00:00:00+00:00
[2024-09-16 00:03:08,865] {standard_task_runner.py:52} INFO - Started process 18808 to run task
[2024-09-16 00:03:08,943] {standard_task_runner.py:79} INFO - Running: ['airflow', 'tasks', 'run', 'BRONZER_GET_CRIPTOS', 'BRONZE_CRIPTO_ETH', 'scheduled__2024-01-10T00:00:00+00:00', '--job-id', '49', '--raw', '--subdir', 'DAGS_FOLDER/get_cripto.py', '--cfg-path', '/tmp/tmpzh7rxfj2', '--error-file', '/tmp/tmpkn1x37jl']
[2024-09-16 00:03:08,944] {standard_task_runner.py:80} INFO - Job 49: Subtask BRONZE_CRIPTO_ETH
[2024-09-16 00:03:09,489] {task_command.py:370} INFO - Running <TaskInstance: BRONZER_GET_CRIPTOS.BRONZE_CRIPTO_ETH scheduled__2024-01-10T00:00:00+00:00 [running]> on host kaiwang.
[2024-09-16 00:03:10,053] {taskinstance.py:1569} INFO - Exporting the following env vars:
AIRFLOW_CTX_DAG_OWNER=airflow
AIRFLOW_CTX_DAG_ID=BRONZER_GET_CRIPTOS
AIRFLOW_CTX_TASK_ID=BRONZE_CRIPTO_ETH
AIRFLOW_CTX_EXECUTION_DATE=2024-01-10T00:00:00+00:00
AIRFLOW_CTX_TRY_NUMBER=1
AIRFLOW_CTX_DAG_RUN_ID=scheduled__2024-01-10T00:00:00+00:00
[2024-09-16 00:03:12,978] {history.py:244} ERROR - $ETH: possibly delisted; no price data found  (1h 2024-01-07 -> 2024-01-10) (Yahoo error = "Data doesn't exist for startDate = 1704603600, endDate = 1704862800")
[2024-09-16 00:03:12,983] {python.py:173} INFO - Done. Returned value was: None
[2024-09-16 00:03:13,014] {taskinstance.py:1395} INFO - Marking task as SUCCESS. dag_id=BRONZER_GET_CRIPTOS, task_id=BRONZE_CRIPTO_ETH, execution_date=20240110T000000, start_date=20240916T030308, end_date=20240916T030313
[2024-09-16 00:03:13,102] {local_task_job.py:156} INFO - Task exited with return code 0
[2024-09-16 00:03:13,385] {local_task_job.py:273} INFO - 0 downstream tasks scheduled from follow-on schedule check
[2024-09-16 00:12:50,933] {taskinstance.py:1159} INFO - Dependencies all met for <TaskInstance: BRONZER_GET_CRIPTOS.BRONZE_CRIPTO_ETH scheduled__2024-01-10T00:00:00+00:00 [queued]>
[2024-09-16 00:12:50,984] {taskinstance.py:1159} INFO - Dependencies all met for <TaskInstance: BRONZER_GET_CRIPTOS.BRONZE_CRIPTO_ETH scheduled__2024-01-10T00:00:00+00:00 [queued]>
[2024-09-16 00:12:50,984] {taskinstance.py:1356} INFO - 
--------------------------------------------------------------------------------
[2024-09-16 00:12:50,985] {taskinstance.py:1357} INFO - Starting attempt 1 of 1
[2024-09-16 00:12:50,985] {taskinstance.py:1358} INFO - 
--------------------------------------------------------------------------------
[2024-09-16 00:12:51,098] {taskinstance.py:1377} INFO - Executing <Task(_PythonDecoratedOperator): BRONZE_CRIPTO_ETH> on 2024-01-10 00:00:00+00:00
[2024-09-16 00:12:51,137] {standard_task_runner.py:52} INFO - Started process 44324 to run task
[2024-09-16 00:12:51,185] {standard_task_runner.py:79} INFO - Running: ['airflow', 'tasks', 'run', 'BRONZER_GET_CRIPTOS', 'BRONZE_CRIPTO_ETH', 'scheduled__2024-01-10T00:00:00+00:00', '--job-id', '1522', '--raw', '--subdir', 'DAGS_FOLDER/get_cripto.py', '--cfg-path', '/tmp/tmpsu8jwhow', '--error-file', '/tmp/tmpml0wx1jx']
[2024-09-16 00:12:51,186] {standard_task_runner.py:80} INFO - Job 1522: Subtask BRONZE_CRIPTO_ETH
[2024-09-16 00:12:51,563] {task_command.py:370} INFO - Running <TaskInstance: BRONZER_GET_CRIPTOS.BRONZE_CRIPTO_ETH scheduled__2024-01-10T00:00:00+00:00 [running]> on host kaiwang.
[2024-09-16 00:12:52,037] {taskinstance.py:1569} INFO - Exporting the following env vars:
AIRFLOW_CTX_DAG_OWNER=airflow
AIRFLOW_CTX_DAG_ID=BRONZER_GET_CRIPTOS
AIRFLOW_CTX_TASK_ID=BRONZE_CRIPTO_ETH
AIRFLOW_CTX_EXECUTION_DATE=2024-01-10T00:00:00+00:00
AIRFLOW_CTX_TRY_NUMBER=1
AIRFLOW_CTX_DAG_RUN_ID=scheduled__2024-01-10T00:00:00+00:00
[2024-09-16 00:12:55,284] {history.py:244} ERROR - $ETH: possibly delisted; no price data found  (1h 2024-01-07 -> 2024-01-10) (Yahoo error = "Data doesn't exist for startDate = 1704603600, endDate = 1704862800")
[2024-09-16 00:12:55,288] {python.py:173} INFO - Done. Returned value was: None
[2024-09-16 00:12:55,541] {taskinstance.py:1395} INFO - Marking task as SUCCESS. dag_id=BRONZER_GET_CRIPTOS, task_id=BRONZE_CRIPTO_ETH, execution_date=20240110T000000, start_date=20240916T031250, end_date=20240916T031255
[2024-09-16 00:12:55,736] {local_task_job.py:156} INFO - Task exited with return code 0
[2024-09-16 00:12:56,035] {local_task_job.py:273} INFO - 0 downstream tasks scheduled from follow-on schedule check
[2024-09-16 00:14:27,537] {taskinstance.py:1159} INFO - Dependencies all met for <TaskInstance: BRONZER_GET_CRIPTOS.BRONZE_CRIPTO_ETH scheduled__2024-01-10T00:00:00+00:00 [queued]>
[2024-09-16 00:14:27,603] {taskinstance.py:1159} INFO - Dependencies all met for <TaskInstance: BRONZER_GET_CRIPTOS.BRONZE_CRIPTO_ETH scheduled__2024-01-10T00:00:00+00:00 [queued]>
[2024-09-16 00:14:27,604] {taskinstance.py:1356} INFO - 
--------------------------------------------------------------------------------
[2024-09-16 00:14:27,604] {taskinstance.py:1357} INFO - Starting attempt 1 of 1
[2024-09-16 00:14:27,604] {taskinstance.py:1358} INFO - 
--------------------------------------------------------------------------------
[2024-09-16 00:14:27,691] {taskinstance.py:1377} INFO - Executing <Task(_PythonDecoratedOperator): BRONZE_CRIPTO_ETH> on 2024-01-10 00:00:00+00:00
[2024-09-16 00:14:27,698] {standard_task_runner.py:52} INFO - Started process 49909 to run task
[2024-09-16 00:14:27,756] {standard_task_runner.py:79} INFO - Running: ['airflow', 'tasks', 'run', 'BRONZER_GET_CRIPTOS', 'BRONZE_CRIPTO_ETH', 'scheduled__2024-01-10T00:00:00+00:00', '--job-id', '1845', '--raw', '--subdir', 'DAGS_FOLDER/get_cripto.py', '--cfg-path', '/tmp/tmp8xn2wer5', '--error-file', '/tmp/tmp69lethkd']
[2024-09-16 00:14:27,757] {standard_task_runner.py:80} INFO - Job 1845: Subtask BRONZE_CRIPTO_ETH
[2024-09-16 00:14:28,201] {task_command.py:370} INFO - Running <TaskInstance: BRONZER_GET_CRIPTOS.BRONZE_CRIPTO_ETH scheduled__2024-01-10T00:00:00+00:00 [running]> on host kaiwang.
[2024-09-16 00:14:28,517] {taskinstance.py:1569} INFO - Exporting the following env vars:
AIRFLOW_CTX_DAG_OWNER=airflow
AIRFLOW_CTX_DAG_ID=BRONZER_GET_CRIPTOS
AIRFLOW_CTX_TASK_ID=BRONZE_CRIPTO_ETH
AIRFLOW_CTX_EXECUTION_DATE=2024-01-10T00:00:00+00:00
AIRFLOW_CTX_TRY_NUMBER=1
AIRFLOW_CTX_DAG_RUN_ID=scheduled__2024-01-10T00:00:00+00:00
[2024-09-16 00:14:31,184] {history.py:244} ERROR - $ETH: possibly delisted; no price data found  (1h 2024-01-07 -> 2024-01-10) (Yahoo error = "Data doesn't exist for startDate = 1704603600, endDate = 1704862800")
[2024-09-16 00:14:31,189] {python.py:173} INFO - Done. Returned value was: None
[2024-09-16 00:14:31,274] {taskinstance.py:1395} INFO - Marking task as SUCCESS. dag_id=BRONZER_GET_CRIPTOS, task_id=BRONZE_CRIPTO_ETH, execution_date=20240110T000000, start_date=20240916T031427, end_date=20240916T031431
[2024-09-16 00:14:31,363] {local_task_job.py:156} INFO - Task exited with return code 0
[2024-09-16 00:14:31,598] {local_task_job.py:273} INFO - 0 downstream tasks scheduled from follow-on schedule check
