[2024-09-16 00:04:04,278] {taskinstance.py:1159} INFO - Dependencies all met for <TaskInstance: BRONZER_GET_CRIPTOS.BRONZE_CRIPTO_BTC scheduled__2024-02-16T00:00:00+00:00 [queued]>
[2024-09-16 00:04:04,319] {taskinstance.py:1159} INFO - Dependencies all met for <TaskInstance: BRONZER_GET_CRIPTOS.BRONZE_CRIPTO_BTC scheduled__2024-02-16T00:00:00+00:00 [queued]>
[2024-09-16 00:04:04,319] {taskinstance.py:1356} INFO - 
--------------------------------------------------------------------------------
[2024-09-16 00:04:04,319] {taskinstance.py:1357} INFO - Starting attempt 1 of 1
[2024-09-16 00:04:04,319] {taskinstance.py:1358} INFO - 
--------------------------------------------------------------------------------
[2024-09-16 00:04:04,381] {taskinstance.py:1377} INFO - Executing <Task(_PythonDecoratedOperator): BRONZE_CRIPTO_BTC> on 2024-02-16 00:00:00+00:00
[2024-09-16 00:04:04,393] {standard_task_runner.py:52} INFO - Started process 22858 to run task
[2024-09-16 00:04:04,426] {standard_task_runner.py:79} INFO - Running: ['airflow', 'tasks', 'run', 'BRONZER_GET_CRIPTOS', 'BRONZE_CRIPTO_BTC', 'scheduled__2024-02-16T00:00:00+00:00', '--job-id', '279', '--raw', '--subdir', 'DAGS_FOLDER/get_cripto.py', '--cfg-path', '/tmp/tmp6yj8bcv3', '--error-file', '/tmp/tmpxmk462_3']
[2024-09-16 00:04:04,431] {standard_task_runner.py:80} INFO - Job 279: Subtask BRONZE_CRIPTO_BTC
[2024-09-16 00:04:04,929] {task_command.py:370} INFO - Running <TaskInstance: BRONZER_GET_CRIPTOS.BRONZE_CRIPTO_BTC scheduled__2024-02-16T00:00:00+00:00 [running]> on host kaiwang.
[2024-09-16 00:04:05,765] {taskinstance.py:1569} INFO - Exporting the following env vars:
AIRFLOW_CTX_DAG_OWNER=airflow
AIRFLOW_CTX_DAG_ID=BRONZER_GET_CRIPTOS
AIRFLOW_CTX_TASK_ID=BRONZE_CRIPTO_BTC
AIRFLOW_CTX_EXECUTION_DATE=2024-02-16T00:00:00+00:00
AIRFLOW_CTX_TRY_NUMBER=1
AIRFLOW_CTX_DAG_RUN_ID=scheduled__2024-02-16T00:00:00+00:00
[2024-09-16 00:04:08,697] {history.py:244} ERROR - $BTC: possibly delisted; no price data found  (1h 2024-02-13 -> 2024-02-16) (Yahoo error = "Data doesn't exist for startDate = 1707800400, endDate = 1708059600")
[2024-09-16 00:04:08,707] {python.py:173} INFO - Done. Returned value was: None
[2024-09-16 00:04:08,801] {taskinstance.py:1395} INFO - Marking task as SUCCESS. dag_id=BRONZER_GET_CRIPTOS, task_id=BRONZE_CRIPTO_BTC, execution_date=20240216T000000, start_date=20240916T030404, end_date=20240916T030408
[2024-09-16 00:04:08,948] {local_task_job.py:156} INFO - Task exited with return code 0
[2024-09-16 00:04:09,315] {local_task_job.py:273} INFO - 0 downstream tasks scheduled from follow-on schedule check
[2024-09-16 00:13:41,476] {taskinstance.py:1159} INFO - Dependencies all met for <TaskInstance: BRONZER_GET_CRIPTOS.BRONZE_CRIPTO_BTC scheduled__2024-02-16T00:00:00+00:00 [queued]>
[2024-09-16 00:13:41,526] {taskinstance.py:1159} INFO - Dependencies all met for <TaskInstance: BRONZER_GET_CRIPTOS.BRONZE_CRIPTO_BTC scheduled__2024-02-16T00:00:00+00:00 [queued]>
[2024-09-16 00:13:41,526] {taskinstance.py:1356} INFO - 
--------------------------------------------------------------------------------
[2024-09-16 00:13:41,526] {taskinstance.py:1357} INFO - Starting attempt 1 of 1
[2024-09-16 00:13:41,526] {taskinstance.py:1358} INFO - 
--------------------------------------------------------------------------------
[2024-09-16 00:13:41,565] {taskinstance.py:1377} INFO - Executing <Task(_PythonDecoratedOperator): BRONZE_CRIPTO_BTC> on 2024-02-16 00:00:00+00:00
[2024-09-16 00:13:41,584] {standard_task_runner.py:52} INFO - Started process 48394 to run task
[2024-09-16 00:13:41,617] {standard_task_runner.py:79} INFO - Running: ['airflow', 'tasks', 'run', 'BRONZER_GET_CRIPTOS', 'BRONZE_CRIPTO_BTC', 'scheduled__2024-02-16T00:00:00+00:00', '--job-id', '1747', '--raw', '--subdir', 'DAGS_FOLDER/get_cripto.py', '--cfg-path', '/tmp/tmpbobjxr81', '--error-file', '/tmp/tmp8zb89n4y']
[2024-09-16 00:13:41,618] {standard_task_runner.py:80} INFO - Job 1747: Subtask BRONZE_CRIPTO_BTC
[2024-09-16 00:13:41,885] {task_command.py:370} INFO - Running <TaskInstance: BRONZER_GET_CRIPTOS.BRONZE_CRIPTO_BTC scheduled__2024-02-16T00:00:00+00:00 [running]> on host kaiwang.
[2024-09-16 00:13:42,163] {taskinstance.py:1569} INFO - Exporting the following env vars:
AIRFLOW_CTX_DAG_OWNER=airflow
AIRFLOW_CTX_DAG_ID=BRONZER_GET_CRIPTOS
AIRFLOW_CTX_TASK_ID=BRONZE_CRIPTO_BTC
AIRFLOW_CTX_EXECUTION_DATE=2024-02-16T00:00:00+00:00
AIRFLOW_CTX_TRY_NUMBER=1
AIRFLOW_CTX_DAG_RUN_ID=scheduled__2024-02-16T00:00:00+00:00
[2024-09-16 00:13:45,899] {history.py:244} ERROR - $BTC: possibly delisted; no price data found  (1h 2024-02-13 -> 2024-02-16) (Yahoo error = "Data doesn't exist for startDate = 1707800400, endDate = 1708059600")
[2024-09-16 00:13:45,911] {python.py:173} INFO - Done. Returned value was: None
[2024-09-16 00:13:46,090] {taskinstance.py:1395} INFO - Marking task as SUCCESS. dag_id=BRONZER_GET_CRIPTOS, task_id=BRONZE_CRIPTO_BTC, execution_date=20240216T000000, start_date=20240916T031341, end_date=20240916T031346
[2024-09-16 00:13:46,149] {local_task_job.py:156} INFO - Task exited with return code 0
[2024-09-16 00:13:46,238] {local_task_job.py:273} INFO - 0 downstream tasks scheduled from follow-on schedule check
[2024-09-16 00:13:46,347] {dagrun.py:562} INFO - Marking run <DagRun BRONZER_GET_CRIPTOS @ 2024-02-16 00:00:00+00:00: scheduled__2024-02-16T00:00:00+00:00, externally triggered: False> successful
[2024-09-16 00:13:46,348] {dagrun.py:607} INFO - DagRun Finished: dag_id=BRONZER_GET_CRIPTOS, execution_date=2024-02-16 00:00:00+00:00, run_id=scheduled__2024-02-16T00:00:00+00:00, run_start_date=2024-09-16 03:13:35.144641+00:00, run_end_date=2024-09-16 03:13:46.348483+00:00, run_duration=11.203842, state=success, external_trigger=False, run_type=scheduled, data_interval_start=2024-02-16 00:00:00+00:00, data_interval_end=2024-02-17 00:00:00+00:00, dag_hash=1b0e05745af7e62e6f3fe786bbb48ff8
[2024-09-16 00:15:17,053] {taskinstance.py:1159} INFO - Dependencies all met for <TaskInstance: BRONZER_GET_CRIPTOS.BRONZE_CRIPTO_BTC scheduled__2024-02-16T00:00:00+00:00 [queued]>
[2024-09-16 00:15:17,097] {taskinstance.py:1159} INFO - Dependencies all met for <TaskInstance: BRONZER_GET_CRIPTOS.BRONZE_CRIPTO_BTC scheduled__2024-02-16T00:00:00+00:00 [queued]>
[2024-09-16 00:15:17,098] {taskinstance.py:1356} INFO - 
--------------------------------------------------------------------------------
[2024-09-16 00:15:17,098] {taskinstance.py:1357} INFO - Starting attempt 1 of 1
[2024-09-16 00:15:17,098] {taskinstance.py:1358} INFO - 
--------------------------------------------------------------------------------
[2024-09-16 00:15:17,169] {taskinstance.py:1377} INFO - Executing <Task(_PythonDecoratedOperator): BRONZE_CRIPTO_BTC> on 2024-02-16 00:00:00+00:00
[2024-09-16 00:15:17,176] {standard_task_runner.py:52} INFO - Started process 53949 to run task
[2024-09-16 00:15:17,205] {standard_task_runner.py:79} INFO - Running: ['airflow', 'tasks', 'run', 'BRONZER_GET_CRIPTOS', 'BRONZE_CRIPTO_BTC', 'scheduled__2024-02-16T00:00:00+00:00', '--job-id', '2071', '--raw', '--subdir', 'DAGS_FOLDER/get_cripto.py', '--cfg-path', '/tmp/tmpj85t5ta4', '--error-file', '/tmp/tmp1iya9t3i']
[2024-09-16 00:15:17,207] {standard_task_runner.py:80} INFO - Job 2071: Subtask BRONZE_CRIPTO_BTC
[2024-09-16 00:15:17,467] {task_command.py:370} INFO - Running <TaskInstance: BRONZER_GET_CRIPTOS.BRONZE_CRIPTO_BTC scheduled__2024-02-16T00:00:00+00:00 [running]> on host kaiwang.
[2024-09-16 00:15:17,643] {taskinstance.py:1569} INFO - Exporting the following env vars:
AIRFLOW_CTX_DAG_OWNER=airflow
AIRFLOW_CTX_DAG_ID=BRONZER_GET_CRIPTOS
AIRFLOW_CTX_TASK_ID=BRONZE_CRIPTO_BTC
AIRFLOW_CTX_EXECUTION_DATE=2024-02-16T00:00:00+00:00
AIRFLOW_CTX_TRY_NUMBER=1
AIRFLOW_CTX_DAG_RUN_ID=scheduled__2024-02-16T00:00:00+00:00
[2024-09-16 00:15:20,325] {history.py:244} ERROR - $BTC: possibly delisted; no price data found  (1h 2024-02-13 -> 2024-02-16) (Yahoo error = "Data doesn't exist for startDate = 1707800400, endDate = 1708059600")
[2024-09-16 00:15:20,328] {python.py:173} INFO - Done. Returned value was: None
[2024-09-16 00:15:20,347] {taskinstance.py:1395} INFO - Marking task as SUCCESS. dag_id=BRONZER_GET_CRIPTOS, task_id=BRONZE_CRIPTO_BTC, execution_date=20240216T000000, start_date=20240916T031517, end_date=20240916T031520
[2024-09-16 00:15:20,396] {local_task_job.py:156} INFO - Task exited with return code 0
[2024-09-16 00:15:20,519] {local_task_job.py:273} INFO - 0 downstream tasks scheduled from follow-on schedule check
