[2024-09-16 00:07:04,261] {taskinstance.py:1159} INFO - Dependencies all met for <TaskInstance: BRONZER_GET_CRIPTOS.BRONZE_CRIPTO_ETH scheduled__2024-06-26T00:00:00+00:00 [queued]>
[2024-09-16 00:07:04,290] {taskinstance.py:1159} INFO - Dependencies all met for <TaskInstance: BRONZER_GET_CRIPTOS.BRONZE_CRIPTO_ETH scheduled__2024-06-26T00:00:00+00:00 [queued]>
[2024-09-16 00:07:04,290] {taskinstance.py:1356} INFO - 
--------------------------------------------------------------------------------
[2024-09-16 00:07:04,290] {taskinstance.py:1357} INFO - Starting attempt 1 of 1
[2024-09-16 00:07:04,290] {taskinstance.py:1358} INFO - 
--------------------------------------------------------------------------------
[2024-09-16 00:07:04,374] {taskinstance.py:1377} INFO - Executing <Task(_PythonDecoratedOperator): BRONZE_CRIPTO_ETH> on 2024-06-26 00:00:00+00:00
[2024-09-16 00:07:04,381] {standard_task_runner.py:52} INFO - Started process 37330 to run task
[2024-09-16 00:07:04,414] {standard_task_runner.py:79} INFO - Running: ['airflow', 'tasks', 'run', 'BRONZER_GET_CRIPTOS', 'BRONZE_CRIPTO_ETH', 'scheduled__2024-06-26T00:00:00+00:00', '--job-id', '1118', '--raw', '--subdir', 'DAGS_FOLDER/get_cripto.py', '--cfg-path', '/tmp/tmpeff1zcar', '--error-file', '/tmp/tmppg8n6z3e']
[2024-09-16 00:07:04,415] {standard_task_runner.py:80} INFO - Job 1118: Subtask BRONZE_CRIPTO_ETH
[2024-09-16 00:07:04,803] {task_command.py:370} INFO - Running <TaskInstance: BRONZER_GET_CRIPTOS.BRONZE_CRIPTO_ETH scheduled__2024-06-26T00:00:00+00:00 [running]> on host kaiwang.
[2024-09-16 00:07:05,279] {taskinstance.py:1569} INFO - Exporting the following env vars:
AIRFLOW_CTX_DAG_OWNER=airflow
AIRFLOW_CTX_DAG_ID=BRONZER_GET_CRIPTOS
AIRFLOW_CTX_TASK_ID=BRONZE_CRIPTO_ETH
AIRFLOW_CTX_EXECUTION_DATE=2024-06-26T00:00:00+00:00
AIRFLOW_CTX_TRY_NUMBER=1
AIRFLOW_CTX_DAG_RUN_ID=scheduled__2024-06-26T00:00:00+00:00
[2024-09-16 00:07:08,239] {history.py:244} ERROR - $ETH: possibly delisted; no price data found  (1h 2024-06-23 -> 2024-06-26) (Yahoo error = "Data doesn't exist for startDate = 1719115200, endDate = 1719374400")
[2024-09-16 00:07:08,243] {python.py:173} INFO - Done. Returned value was: None
[2024-09-16 00:07:08,329] {taskinstance.py:1395} INFO - Marking task as SUCCESS. dag_id=BRONZER_GET_CRIPTOS, task_id=BRONZE_CRIPTO_ETH, execution_date=20240626T000000, start_date=20240916T030704, end_date=20240916T030708
[2024-09-16 00:07:08,388] {local_task_job.py:156} INFO - Task exited with return code 0
[2024-09-16 00:07:08,693] {local_task_job.py:273} INFO - 0 downstream tasks scheduled from follow-on schedule check
