[2024-09-16 00:04:43,345] {taskinstance.py:1159} INFO - Dependencies all met for <TaskInstance: BRONZER_GET_CRIPTOS.BRONZE_CRIPTO_BTC scheduled__2024-03-16T00:00:00+00:00 [queued]>
[2024-09-16 00:04:43,403] {taskinstance.py:1159} INFO - Dependencies all met for <TaskInstance: BRONZER_GET_CRIPTOS.BRONZE_CRIPTO_BTC scheduled__2024-03-16T00:00:00+00:00 [queued]>
[2024-09-16 00:04:43,403] {taskinstance.py:1356} INFO - 
--------------------------------------------------------------------------------
[2024-09-16 00:04:43,403] {taskinstance.py:1357} INFO - Starting attempt 1 of 1
[2024-09-16 00:04:43,403] {taskinstance.py:1358} INFO - 
--------------------------------------------------------------------------------
[2024-09-16 00:04:43,453] {taskinstance.py:1377} INFO - Executing <Task(_PythonDecoratedOperator): BRONZE_CRIPTO_BTC> on 2024-03-16 00:00:00+00:00
[2024-09-16 00:04:43,459] {standard_task_runner.py:52} INFO - Started process 25996 to run task
[2024-09-16 00:04:43,468] {standard_task_runner.py:79} INFO - Running: ['airflow', 'tasks', 'run', 'BRONZER_GET_CRIPTOS', 'BRONZE_CRIPTO_BTC', 'scheduled__2024-03-16T00:00:00+00:00', '--job-id', '460', '--raw', '--subdir', 'DAGS_FOLDER/get_cripto.py', '--cfg-path', '/tmp/tmp7rkariyh', '--error-file', '/tmp/tmpgar0zvim']
[2024-09-16 00:04:43,470] {standard_task_runner.py:80} INFO - Job 460: Subtask BRONZE_CRIPTO_BTC
[2024-09-16 00:04:43,731] {task_command.py:370} INFO - Running <TaskInstance: BRONZER_GET_CRIPTOS.BRONZE_CRIPTO_BTC scheduled__2024-03-16T00:00:00+00:00 [running]> on host kaiwang.
[2024-09-16 00:04:44,016] {taskinstance.py:1569} INFO - Exporting the following env vars:
AIRFLOW_CTX_DAG_OWNER=airflow
AIRFLOW_CTX_DAG_ID=BRONZER_GET_CRIPTOS
AIRFLOW_CTX_TASK_ID=BRONZE_CRIPTO_BTC
AIRFLOW_CTX_EXECUTION_DATE=2024-03-16T00:00:00+00:00
AIRFLOW_CTX_TRY_NUMBER=1
AIRFLOW_CTX_DAG_RUN_ID=scheduled__2024-03-16T00:00:00+00:00
[2024-09-16 00:04:47,212] {history.py:244} ERROR - $BTC: possibly delisted; no price data found  (1h 2024-03-13 -> 2024-03-16) (Yahoo error = "Data doesn't exist for startDate = 1710302400, endDate = 1710561600")
[2024-09-16 00:04:47,216] {python.py:173} INFO - Done. Returned value was: None
[2024-09-16 00:04:47,412] {taskinstance.py:1395} INFO - Marking task as SUCCESS. dag_id=BRONZER_GET_CRIPTOS, task_id=BRONZE_CRIPTO_BTC, execution_date=20240316T000000, start_date=20240916T030443, end_date=20240916T030447
[2024-09-16 00:04:47,528] {local_task_job.py:156} INFO - Task exited with return code 0
[2024-09-16 00:04:48,277] {local_task_job.py:273} INFO - 0 downstream tasks scheduled from follow-on schedule check
[2024-09-16 00:15:59,720] {taskinstance.py:1159} INFO - Dependencies all met for <TaskInstance: BRONZER_GET_CRIPTOS.BRONZE_CRIPTO_BTC scheduled__2024-03-16T00:00:00+00:00 [queued]>
[2024-09-16 00:15:59,787] {taskinstance.py:1159} INFO - Dependencies all met for <TaskInstance: BRONZER_GET_CRIPTOS.BRONZE_CRIPTO_BTC scheduled__2024-03-16T00:00:00+00:00 [queued]>
[2024-09-16 00:15:59,787] {taskinstance.py:1356} INFO - 
--------------------------------------------------------------------------------
[2024-09-16 00:15:59,787] {taskinstance.py:1357} INFO - Starting attempt 1 of 1
[2024-09-16 00:15:59,787] {taskinstance.py:1358} INFO - 
--------------------------------------------------------------------------------
[2024-09-16 00:15:59,861] {taskinstance.py:1377} INFO - Executing <Task(_PythonDecoratedOperator): BRONZE_CRIPTO_BTC> on 2024-03-16 00:00:00+00:00
[2024-09-16 00:15:59,867] {standard_task_runner.py:52} INFO - Started process 57449 to run task
[2024-09-16 00:15:59,907] {standard_task_runner.py:79} INFO - Running: ['airflow', 'tasks', 'run', 'BRONZER_GET_CRIPTOS', 'BRONZE_CRIPTO_BTC', 'scheduled__2024-03-16T00:00:00+00:00', '--job-id', '2270', '--raw', '--subdir', 'DAGS_FOLDER/get_cripto.py', '--cfg-path', '/tmp/tmp_01ww6v3', '--error-file', '/tmp/tmp1sswqgxn']
[2024-09-16 00:15:59,908] {standard_task_runner.py:80} INFO - Job 2270: Subtask BRONZE_CRIPTO_BTC
[2024-09-16 00:16:00,267] {task_command.py:370} INFO - Running <TaskInstance: BRONZER_GET_CRIPTOS.BRONZE_CRIPTO_BTC scheduled__2024-03-16T00:00:00+00:00 [running]> on host kaiwang.
[2024-09-16 00:16:00,723] {taskinstance.py:1569} INFO - Exporting the following env vars:
AIRFLOW_CTX_DAG_OWNER=airflow
AIRFLOW_CTX_DAG_ID=BRONZER_GET_CRIPTOS
AIRFLOW_CTX_TASK_ID=BRONZE_CRIPTO_BTC
AIRFLOW_CTX_EXECUTION_DATE=2024-03-16T00:00:00+00:00
AIRFLOW_CTX_TRY_NUMBER=1
AIRFLOW_CTX_DAG_RUN_ID=scheduled__2024-03-16T00:00:00+00:00
[2024-09-16 00:16:03,458] {history.py:244} ERROR - $BTC: possibly delisted; no price data found  (1h 2024-03-13 -> 2024-03-16) (Yahoo error = "Data doesn't exist for startDate = 1710302400, endDate = 1710561600")
[2024-09-16 00:16:03,463] {python.py:173} INFO - Done. Returned value was: None
[2024-09-16 00:16:03,488] {taskinstance.py:1395} INFO - Marking task as SUCCESS. dag_id=BRONZER_GET_CRIPTOS, task_id=BRONZE_CRIPTO_BTC, execution_date=20240316T000000, start_date=20240916T031559, end_date=20240916T031603
[2024-09-16 00:16:03,544] {local_task_job.py:156} INFO - Task exited with return code 0
[2024-09-16 00:16:03,665] {local_task_job.py:273} INFO - 0 downstream tasks scheduled from follow-on schedule check
