[2024-09-16 00:04:51,736] {taskinstance.py:1159} INFO - Dependencies all met for <TaskInstance: BRONZER_GET_CRIPTOS.BRONZE_CRIPTO_BTC scheduled__2024-03-22T00:00:00+00:00 [queued]>
[2024-09-16 00:04:51,768] {taskinstance.py:1159} INFO - Dependencies all met for <TaskInstance: BRONZER_GET_CRIPTOS.BRONZE_CRIPTO_BTC scheduled__2024-03-22T00:00:00+00:00 [queued]>
[2024-09-16 00:04:51,768] {taskinstance.py:1356} INFO - 
--------------------------------------------------------------------------------
[2024-09-16 00:04:51,768] {taskinstance.py:1357} INFO - Starting attempt 1 of 1
[2024-09-16 00:04:51,769] {taskinstance.py:1358} INFO - 
--------------------------------------------------------------------------------
[2024-09-16 00:04:51,840] {taskinstance.py:1377} INFO - Executing <Task(_PythonDecoratedOperator): BRONZE_CRIPTO_BTC> on 2024-03-22 00:00:00+00:00
[2024-09-16 00:04:51,857] {standard_task_runner.py:52} INFO - Started process 26585 to run task
[2024-09-16 00:04:51,881] {standard_task_runner.py:79} INFO - Running: ['airflow', 'tasks', 'run', 'BRONZER_GET_CRIPTOS', 'BRONZE_CRIPTO_BTC', 'scheduled__2024-03-22T00:00:00+00:00', '--job-id', '495', '--raw', '--subdir', 'DAGS_FOLDER/get_cripto.py', '--cfg-path', '/tmp/tmp5vwyvm9e', '--error-file', '/tmp/tmptjz919bk']
[2024-09-16 00:04:51,882] {standard_task_runner.py:80} INFO - Job 495: Subtask BRONZE_CRIPTO_BTC
[2024-09-16 00:04:52,089] {task_command.py:370} INFO - Running <TaskInstance: BRONZER_GET_CRIPTOS.BRONZE_CRIPTO_BTC scheduled__2024-03-22T00:00:00+00:00 [running]> on host kaiwang.
[2024-09-16 00:04:52,483] {taskinstance.py:1569} INFO - Exporting the following env vars:
AIRFLOW_CTX_DAG_OWNER=airflow
AIRFLOW_CTX_DAG_ID=BRONZER_GET_CRIPTOS
AIRFLOW_CTX_TASK_ID=BRONZE_CRIPTO_BTC
AIRFLOW_CTX_EXECUTION_DATE=2024-03-22T00:00:00+00:00
AIRFLOW_CTX_TRY_NUMBER=1
AIRFLOW_CTX_DAG_RUN_ID=scheduled__2024-03-22T00:00:00+00:00
[2024-09-16 00:04:55,413] {history.py:244} ERROR - $BTC: possibly delisted; no price data found  (1h 2024-03-19 -> 2024-03-22) (Yahoo error = "Data doesn't exist for startDate = 1710820800, endDate = 1711080000")
[2024-09-16 00:04:55,416] {python.py:173} INFO - Done. Returned value was: None
[2024-09-16 00:04:55,463] {taskinstance.py:1395} INFO - Marking task as SUCCESS. dag_id=BRONZER_GET_CRIPTOS, task_id=BRONZE_CRIPTO_BTC, execution_date=20240322T000000, start_date=20240916T030451, end_date=20240916T030455
[2024-09-16 00:04:55,565] {local_task_job.py:156} INFO - Task exited with return code 0
[2024-09-16 00:04:55,699] {local_task_job.py:273} INFO - 0 downstream tasks scheduled from follow-on schedule check
[2024-09-16 00:16:06,556] {taskinstance.py:1159} INFO - Dependencies all met for <TaskInstance: BRONZER_GET_CRIPTOS.BRONZE_CRIPTO_BTC scheduled__2024-03-22T00:00:00+00:00 [queued]>
[2024-09-16 00:16:06,624] {taskinstance.py:1159} INFO - Dependencies all met for <TaskInstance: BRONZER_GET_CRIPTOS.BRONZE_CRIPTO_BTC scheduled__2024-03-22T00:00:00+00:00 [queued]>
[2024-09-16 00:16:06,624] {taskinstance.py:1356} INFO - 
--------------------------------------------------------------------------------
[2024-09-16 00:16:06,624] {taskinstance.py:1357} INFO - Starting attempt 1 of 1
[2024-09-16 00:16:06,625] {taskinstance.py:1358} INFO - 
--------------------------------------------------------------------------------
[2024-09-16 00:16:06,682] {taskinstance.py:1377} INFO - Executing <Task(_PythonDecoratedOperator): BRONZE_CRIPTO_BTC> on 2024-03-22 00:00:00+00:00
[2024-09-16 00:16:06,688] {standard_task_runner.py:52} INFO - Started process 57990 to run task
[2024-09-16 00:16:06,714] {standard_task_runner.py:79} INFO - Running: ['airflow', 'tasks', 'run', 'BRONZER_GET_CRIPTOS', 'BRONZE_CRIPTO_BTC', 'scheduled__2024-03-22T00:00:00+00:00', '--job-id', '2300', '--raw', '--subdir', 'DAGS_FOLDER/get_cripto.py', '--cfg-path', '/tmp/tmpw6aesp77', '--error-file', '/tmp/tmpxzk0iyd2']
[2024-09-16 00:16:06,716] {standard_task_runner.py:80} INFO - Job 2300: Subtask BRONZE_CRIPTO_BTC
[2024-09-16 00:16:06,992] {task_command.py:370} INFO - Running <TaskInstance: BRONZER_GET_CRIPTOS.BRONZE_CRIPTO_BTC scheduled__2024-03-22T00:00:00+00:00 [running]> on host kaiwang.
[2024-09-16 00:16:07,497] {taskinstance.py:1569} INFO - Exporting the following env vars:
AIRFLOW_CTX_DAG_OWNER=airflow
AIRFLOW_CTX_DAG_ID=BRONZER_GET_CRIPTOS
AIRFLOW_CTX_TASK_ID=BRONZE_CRIPTO_BTC
AIRFLOW_CTX_EXECUTION_DATE=2024-03-22T00:00:00+00:00
AIRFLOW_CTX_TRY_NUMBER=1
AIRFLOW_CTX_DAG_RUN_ID=scheduled__2024-03-22T00:00:00+00:00
[2024-09-16 00:16:09,843] {history.py:244} ERROR - $BTC: possibly delisted; no price data found  (1h 2024-03-19 -> 2024-03-22) (Yahoo error = "Data doesn't exist for startDate = 1710820800, endDate = 1711080000")
[2024-09-16 00:16:09,852] {python.py:173} INFO - Done. Returned value was: None
[2024-09-16 00:16:09,880] {taskinstance.py:1395} INFO - Marking task as SUCCESS. dag_id=BRONZER_GET_CRIPTOS, task_id=BRONZE_CRIPTO_BTC, execution_date=20240322T000000, start_date=20240916T031606, end_date=20240916T031609
[2024-09-16 00:16:09,922] {local_task_job.py:156} INFO - Task exited with return code 0
[2024-09-16 00:16:09,956] {local_task_job.py:273} INFO - 0 downstream tasks scheduled from follow-on schedule check
