[2024-09-16 00:06:17,931] {taskinstance.py:1159} INFO - Dependencies all met for <TaskInstance: BRONZER_GET_STONCKS.BRONZE_STONCKS_AAPL scheduled__2024-06-20T00:00:00+00:00 [queued]>
[2024-09-16 00:06:17,942] {taskinstance.py:1159} INFO - Dependencies all met for <TaskInstance: BRONZER_GET_STONCKS.BRONZE_STONCKS_AAPL scheduled__2024-06-20T00:00:00+00:00 [queued]>
[2024-09-16 00:06:17,942] {taskinstance.py:1356} INFO - 
--------------------------------------------------------------------------------
[2024-09-16 00:06:17,942] {taskinstance.py:1357} INFO - Starting attempt 1 of 1
[2024-09-16 00:06:17,942] {taskinstance.py:1358} INFO - 
--------------------------------------------------------------------------------
[2024-09-16 00:06:17,958] {taskinstance.py:1377} INFO - Executing <Task(_PythonDecoratedOperator): BRONZE_STONCKS_AAPL> on 2024-06-20 00:00:00+00:00
[2024-09-16 00:06:17,964] {standard_task_runner.py:52} INFO - Started process 33612 to run task
[2024-09-16 00:06:17,971] {standard_task_runner.py:79} INFO - Running: ['airflow', 'tasks', 'run', 'BRONZER_GET_STONCKS', 'BRONZE_STONCKS_AAPL', 'scheduled__2024-06-20T00:00:00+00:00', '--job-id', '910', '--raw', '--subdir', 'DAGS_FOLDER/get_stocks.py', '--cfg-path', '/tmp/tmplsi1lrxb', '--error-file', '/tmp/tmp0bedi68_']
[2024-09-16 00:06:17,972] {standard_task_runner.py:80} INFO - Job 910: Subtask BRONZE_STONCKS_AAPL
[2024-09-16 00:06:18,090] {task_command.py:370} INFO - Running <TaskInstance: BRONZER_GET_STONCKS.BRONZE_STONCKS_AAPL scheduled__2024-06-20T00:00:00+00:00 [running]> on host kaiwang.
[2024-09-16 00:06:18,204] {taskinstance.py:1569} INFO - Exporting the following env vars:
AIRFLOW_CTX_DAG_OWNER=airflow
AIRFLOW_CTX_DAG_ID=BRONZER_GET_STONCKS
AIRFLOW_CTX_TASK_ID=BRONZE_STONCKS_AAPL
AIRFLOW_CTX_EXECUTION_DATE=2024-06-20T00:00:00+00:00
AIRFLOW_CTX_TRY_NUMBER=1
AIRFLOW_CTX_DAG_RUN_ID=scheduled__2024-06-20T00:00:00+00:00
[2024-09-16 00:06:18,815] {python.py:173} INFO - Done. Returned value was: None
[2024-09-16 00:06:18,918] {taskinstance.py:1395} INFO - Marking task as SUCCESS. dag_id=BRONZER_GET_STONCKS, task_id=BRONZE_STONCKS_AAPL, execution_date=20240620T000000, start_date=20240916T030617, end_date=20240916T030618
[2024-09-16 00:06:18,961] {local_task_job.py:156} INFO - Task exited with return code 0
[2024-09-16 00:06:19,127] {local_task_job.py:273} INFO - 0 downstream tasks scheduled from follow-on schedule check
