[2024-09-16 00:04:31,266] {taskinstance.py:1159} INFO - Dependencies all met for <TaskInstance: BRONZER_GET_STONCKS.BRONZE_STONCKS_TSLA scheduled__2024-03-13T00:00:00+00:00 [queued]>
[2024-09-16 00:04:31,322] {taskinstance.py:1159} INFO - Dependencies all met for <TaskInstance: BRONZER_GET_STONCKS.BRONZE_STONCKS_TSLA scheduled__2024-03-13T00:00:00+00:00 [queued]>
[2024-09-16 00:04:31,322] {taskinstance.py:1356} INFO - 
--------------------------------------------------------------------------------
[2024-09-16 00:04:31,323] {taskinstance.py:1357} INFO - Starting attempt 1 of 1
[2024-09-16 00:04:31,323] {taskinstance.py:1358} INFO - 
--------------------------------------------------------------------------------
[2024-09-16 00:04:31,394] {taskinstance.py:1377} INFO - Executing <Task(_PythonDecoratedOperator): BRONZE_STONCKS_TSLA> on 2024-03-13 00:00:00+00:00
[2024-09-16 00:04:31,432] {standard_task_runner.py:79} INFO - Running: ['airflow', 'tasks', 'run', 'BRONZER_GET_STONCKS', 'BRONZE_STONCKS_TSLA', 'scheduled__2024-03-13T00:00:00+00:00', '--job-id', '408', '--raw', '--subdir', 'DAGS_FOLDER/get_stocks.py', '--cfg-path', '/tmp/tmpd0kf7ib_', '--error-file', '/tmp/tmpba1lqx9r']
[2024-09-16 00:04:31,433] {standard_task_runner.py:80} INFO - Job 408: Subtask BRONZE_STONCKS_TSLA
[2024-09-16 00:04:31,400] {standard_task_runner.py:52} INFO - Started process 25016 to run task
[2024-09-16 00:04:31,770] {task_command.py:370} INFO - Running <TaskInstance: BRONZER_GET_STONCKS.BRONZE_STONCKS_TSLA scheduled__2024-03-13T00:00:00+00:00 [running]> on host kaiwang.
[2024-09-16 00:04:32,074] {taskinstance.py:1569} INFO - Exporting the following env vars:
AIRFLOW_CTX_DAG_OWNER=airflow
AIRFLOW_CTX_DAG_ID=BRONZER_GET_STONCKS
AIRFLOW_CTX_TASK_ID=BRONZE_STONCKS_TSLA
AIRFLOW_CTX_EXECUTION_DATE=2024-03-13T00:00:00+00:00
AIRFLOW_CTX_TRY_NUMBER=1
AIRFLOW_CTX_DAG_RUN_ID=scheduled__2024-03-13T00:00:00+00:00
[2024-09-16 00:04:32,690] {python.py:173} INFO - Done. Returned value was: None
[2024-09-16 00:04:32,755] {taskinstance.py:1395} INFO - Marking task as SUCCESS. dag_id=BRONZER_GET_STONCKS, task_id=BRONZE_STONCKS_TSLA, execution_date=20240313T000000, start_date=20240916T030431, end_date=20240916T030432
[2024-09-16 00:04:32,801] {local_task_job.py:156} INFO - Task exited with return code 0
[2024-09-16 00:04:32,881] {local_task_job.py:273} INFO - 0 downstream tasks scheduled from follow-on schedule check
[2024-09-16 00:15:37,945] {taskinstance.py:1159} INFO - Dependencies all met for <TaskInstance: BRONZER_GET_STONCKS.BRONZE_STONCKS_TSLA scheduled__2024-03-13T00:00:00+00:00 [queued]>
[2024-09-16 00:15:37,961] {taskinstance.py:1159} INFO - Dependencies all met for <TaskInstance: BRONZER_GET_STONCKS.BRONZE_STONCKS_TSLA scheduled__2024-03-13T00:00:00+00:00 [queued]>
[2024-09-16 00:15:37,962] {taskinstance.py:1356} INFO - 
--------------------------------------------------------------------------------
[2024-09-16 00:15:37,962] {taskinstance.py:1357} INFO - Starting attempt 1 of 1
[2024-09-16 00:15:37,962] {taskinstance.py:1358} INFO - 
--------------------------------------------------------------------------------
[2024-09-16 00:15:37,992] {taskinstance.py:1377} INFO - Executing <Task(_PythonDecoratedOperator): BRONZE_STONCKS_TSLA> on 2024-03-13 00:00:00+00:00
[2024-09-16 00:15:38,000] {standard_task_runner.py:52} INFO - Started process 55674 to run task
[2024-09-16 00:15:38,022] {standard_task_runner.py:79} INFO - Running: ['airflow', 'tasks', 'run', 'BRONZER_GET_STONCKS', 'BRONZE_STONCKS_TSLA', 'scheduled__2024-03-13T00:00:00+00:00', '--job-id', '2174', '--raw', '--subdir', 'DAGS_FOLDER/get_stocks.py', '--cfg-path', '/tmp/tmp3om810k1', '--error-file', '/tmp/tmpc7gnwtjy']
[2024-09-16 00:15:38,025] {standard_task_runner.py:80} INFO - Job 2174: Subtask BRONZE_STONCKS_TSLA
[2024-09-16 00:15:38,201] {task_command.py:370} INFO - Running <TaskInstance: BRONZER_GET_STONCKS.BRONZE_STONCKS_TSLA scheduled__2024-03-13T00:00:00+00:00 [running]> on host kaiwang.
[2024-09-16 00:15:38,493] {taskinstance.py:1569} INFO - Exporting the following env vars:
AIRFLOW_CTX_DAG_OWNER=airflow
AIRFLOW_CTX_DAG_ID=BRONZER_GET_STONCKS
AIRFLOW_CTX_TASK_ID=BRONZE_STONCKS_TSLA
AIRFLOW_CTX_EXECUTION_DATE=2024-03-13T00:00:00+00:00
AIRFLOW_CTX_TRY_NUMBER=1
AIRFLOW_CTX_DAG_RUN_ID=scheduled__2024-03-13T00:00:00+00:00
[2024-09-16 00:15:39,090] {python.py:173} INFO - Done. Returned value was: None
[2024-09-16 00:15:39,514] {taskinstance.py:1395} INFO - Marking task as SUCCESS. dag_id=BRONZER_GET_STONCKS, task_id=BRONZE_STONCKS_TSLA, execution_date=20240313T000000, start_date=20240916T031537, end_date=20240916T031539
[2024-09-16 00:15:39,597] {local_task_job.py:156} INFO - Task exited with return code 0
[2024-09-16 00:15:39,805] {local_task_job.py:273} INFO - 0 downstream tasks scheduled from follow-on schedule check
