[2024-09-16 00:05:19,621] {taskinstance.py:1159} INFO - Dependencies all met for <TaskInstance: BRONZER_GET_STONCKS.BRONZE_STONCKS_AAPL scheduled__2024-04-24T00:00:00+00:00 [queued]>
[2024-09-16 00:05:19,643] {taskinstance.py:1159} INFO - Dependencies all met for <TaskInstance: BRONZER_GET_STONCKS.BRONZE_STONCKS_AAPL scheduled__2024-04-24T00:00:00+00:00 [queued]>
[2024-09-16 00:05:19,652] {taskinstance.py:1356} INFO - 
--------------------------------------------------------------------------------
[2024-09-16 00:05:19,652] {taskinstance.py:1357} INFO - Starting attempt 1 of 1
[2024-09-16 00:05:19,652] {taskinstance.py:1358} INFO - 
--------------------------------------------------------------------------------
[2024-09-16 00:05:19,693] {taskinstance.py:1377} INFO - Executing <Task(_PythonDecoratedOperator): BRONZE_STONCKS_AAPL> on 2024-04-24 00:00:00+00:00
[2024-09-16 00:05:19,704] {standard_task_runner.py:52} INFO - Started process 28704 to run task
[2024-09-16 00:05:19,726] {standard_task_runner.py:79} INFO - Running: ['airflow', 'tasks', 'run', 'BRONZER_GET_STONCKS', 'BRONZE_STONCKS_AAPL', 'scheduled__2024-04-24T00:00:00+00:00', '--job-id', '622', '--raw', '--subdir', 'DAGS_FOLDER/get_stocks.py', '--cfg-path', '/tmp/tmpjya8d98_', '--error-file', '/tmp/tmp4osf2o69']
[2024-09-16 00:05:19,727] {standard_task_runner.py:80} INFO - Job 622: Subtask BRONZE_STONCKS_AAPL
[2024-09-16 00:05:19,868] {task_command.py:370} INFO - Running <TaskInstance: BRONZER_GET_STONCKS.BRONZE_STONCKS_AAPL scheduled__2024-04-24T00:00:00+00:00 [running]> on host kaiwang.
[2024-09-16 00:05:20,056] {taskinstance.py:1569} INFO - Exporting the following env vars:
AIRFLOW_CTX_DAG_OWNER=airflow
AIRFLOW_CTX_DAG_ID=BRONZER_GET_STONCKS
AIRFLOW_CTX_TASK_ID=BRONZE_STONCKS_AAPL
AIRFLOW_CTX_EXECUTION_DATE=2024-04-24T00:00:00+00:00
AIRFLOW_CTX_TRY_NUMBER=1
AIRFLOW_CTX_DAG_RUN_ID=scheduled__2024-04-24T00:00:00+00:00
[2024-09-16 00:05:20,748] {python.py:173} INFO - Done. Returned value was: None
[2024-09-16 00:05:20,790] {taskinstance.py:1395} INFO - Marking task as SUCCESS. dag_id=BRONZER_GET_STONCKS, task_id=BRONZE_STONCKS_AAPL, execution_date=20240424T000000, start_date=20240916T030519, end_date=20240916T030520
[2024-09-16 00:05:20,825] {local_task_job.py:156} INFO - Task exited with return code 0
[2024-09-16 00:05:20,906] {local_task_job.py:273} INFO - 0 downstream tasks scheduled from follow-on schedule check
[2024-09-16 00:16:19,697] {taskinstance.py:1159} INFO - Dependencies all met for <TaskInstance: BRONZER_GET_STONCKS.BRONZE_STONCKS_AAPL scheduled__2024-04-24T00:00:00+00:00 [queued]>
[2024-09-16 00:16:19,754] {taskinstance.py:1159} INFO - Dependencies all met for <TaskInstance: BRONZER_GET_STONCKS.BRONZE_STONCKS_AAPL scheduled__2024-04-24T00:00:00+00:00 [queued]>
[2024-09-16 00:16:19,754] {taskinstance.py:1356} INFO - 
--------------------------------------------------------------------------------
[2024-09-16 00:16:19,754] {taskinstance.py:1357} INFO - Starting attempt 1 of 1
[2024-09-16 00:16:19,754] {taskinstance.py:1358} INFO - 
--------------------------------------------------------------------------------
[2024-09-16 00:16:19,807] {taskinstance.py:1377} INFO - Executing <Task(_PythonDecoratedOperator): BRONZE_STONCKS_AAPL> on 2024-04-24 00:00:00+00:00
[2024-09-16 00:16:19,812] {standard_task_runner.py:52} INFO - Started process 59028 to run task
[2024-09-16 00:16:19,837] {standard_task_runner.py:79} INFO - Running: ['airflow', 'tasks', 'run', 'BRONZER_GET_STONCKS', 'BRONZE_STONCKS_AAPL', 'scheduled__2024-04-24T00:00:00+00:00', '--job-id', '2370', '--raw', '--subdir', 'DAGS_FOLDER/get_stocks.py', '--cfg-path', '/tmp/tmpbksxl0pl', '--error-file', '/tmp/tmpyzixl7ku']
[2024-09-16 00:16:19,838] {standard_task_runner.py:80} INFO - Job 2370: Subtask BRONZE_STONCKS_AAPL
[2024-09-16 00:16:20,103] {task_command.py:370} INFO - Running <TaskInstance: BRONZER_GET_STONCKS.BRONZE_STONCKS_AAPL scheduled__2024-04-24T00:00:00+00:00 [running]> on host kaiwang.
[2024-09-16 00:16:20,393] {taskinstance.py:1569} INFO - Exporting the following env vars:
AIRFLOW_CTX_DAG_OWNER=airflow
AIRFLOW_CTX_DAG_ID=BRONZER_GET_STONCKS
AIRFLOW_CTX_TASK_ID=BRONZE_STONCKS_AAPL
AIRFLOW_CTX_EXECUTION_DATE=2024-04-24T00:00:00+00:00
AIRFLOW_CTX_TRY_NUMBER=1
AIRFLOW_CTX_DAG_RUN_ID=scheduled__2024-04-24T00:00:00+00:00
[2024-09-16 00:16:22,167] {python.py:173} INFO - Done. Returned value was: None
[2024-09-16 00:16:22,446] {taskinstance.py:1395} INFO - Marking task as SUCCESS. dag_id=BRONZER_GET_STONCKS, task_id=BRONZE_STONCKS_AAPL, execution_date=20240424T000000, start_date=20240916T031619, end_date=20240916T031622
[2024-09-16 00:16:22,550] {local_task_job.py:156} INFO - Task exited with return code 0
[2024-09-16 00:16:22,742] {local_task_job.py:273} INFO - 0 downstream tasks scheduled from follow-on schedule check
