[2024-09-16 00:06:56,127] {taskinstance.py:1159} INFO - Dependencies all met for <TaskInstance: BRONZER_GET_CRIPTOS.BRONZE_CRIPTO_DOGE scheduled__2024-06-20T00:00:00+00:00 [queued]>
[2024-09-16 00:06:56,206] {taskinstance.py:1159} INFO - Dependencies all met for <TaskInstance: BRONZER_GET_CRIPTOS.BRONZE_CRIPTO_DOGE scheduled__2024-06-20T00:00:00+00:00 [queued]>
[2024-09-16 00:06:56,206] {taskinstance.py:1356} INFO - 
--------------------------------------------------------------------------------
[2024-09-16 00:06:56,207] {taskinstance.py:1357} INFO - Starting attempt 1 of 1
[2024-09-16 00:06:56,207] {taskinstance.py:1358} INFO - 
--------------------------------------------------------------------------------
[2024-09-16 00:06:56,287] {taskinstance.py:1377} INFO - Executing <Task(_PythonDecoratedOperator): BRONZE_CRIPTO_DOGE> on 2024-06-20 00:00:00+00:00
[2024-09-16 00:06:56,297] {standard_task_runner.py:52} INFO - Started process 36699 to run task
[2024-09-16 00:06:56,338] {standard_task_runner.py:79} INFO - Running: ['airflow', 'tasks', 'run', 'BRONZER_GET_CRIPTOS', 'BRONZE_CRIPTO_DOGE', 'scheduled__2024-06-20T00:00:00+00:00', '--job-id', '1084', '--raw', '--subdir', 'DAGS_FOLDER/get_cripto.py', '--cfg-path', '/tmp/tmp0wg0_cn7', '--error-file', '/tmp/tmpur5908wf']
[2024-09-16 00:06:56,339] {standard_task_runner.py:80} INFO - Job 1084: Subtask BRONZE_CRIPTO_DOGE
[2024-09-16 00:06:56,631] {task_command.py:370} INFO - Running <TaskInstance: BRONZER_GET_CRIPTOS.BRONZE_CRIPTO_DOGE scheduled__2024-06-20T00:00:00+00:00 [running]> on host kaiwang.
[2024-09-16 00:06:57,018] {taskinstance.py:1569} INFO - Exporting the following env vars:
AIRFLOW_CTX_DAG_OWNER=airflow
AIRFLOW_CTX_DAG_ID=BRONZER_GET_CRIPTOS
AIRFLOW_CTX_TASK_ID=BRONZE_CRIPTO_DOGE
AIRFLOW_CTX_EXECUTION_DATE=2024-06-20T00:00:00+00:00
AIRFLOW_CTX_TRY_NUMBER=1
AIRFLOW_CTX_DAG_RUN_ID=scheduled__2024-06-20T00:00:00+00:00
[2024-09-16 00:07:00,064] {history.py:122} ERROR - $DOGE: possibly delisted; no timezone found
[2024-09-16 00:07:00,068] {python.py:173} INFO - Done. Returned value was: None
[2024-09-16 00:07:00,147] {taskinstance.py:1395} INFO - Marking task as SUCCESS. dag_id=BRONZER_GET_CRIPTOS, task_id=BRONZE_CRIPTO_DOGE, execution_date=20240620T000000, start_date=20240916T030656, end_date=20240916T030700
[2024-09-16 00:07:00,204] {local_task_job.py:156} INFO - Task exited with return code 0
[2024-09-16 00:07:00,339] {local_task_job.py:273} INFO - 0 downstream tasks scheduled from follow-on schedule check
