[2024-09-16 00:05:32,663] {taskinstance.py:1159} INFO - Dependencies all met for <TaskInstance: BRONZER_GET_STONCKS.BRONZE_STONCKS_AAPL scheduled__2024-05-07T00:00:00+00:00 [queued]>
[2024-09-16 00:05:32,712] {taskinstance.py:1159} INFO - Dependencies all met for <TaskInstance: BRONZER_GET_STONCKS.BRONZE_STONCKS_AAPL scheduled__2024-05-07T00:00:00+00:00 [queued]>
[2024-09-16 00:05:32,713] {taskinstance.py:1356} INFO - 
--------------------------------------------------------------------------------
[2024-09-16 00:05:32,713] {taskinstance.py:1357} INFO - Starting attempt 1 of 1
[2024-09-16 00:05:32,713] {taskinstance.py:1358} INFO - 
--------------------------------------------------------------------------------
[2024-09-16 00:05:32,765] {taskinstance.py:1377} INFO - Executing <Task(_PythonDecoratedOperator): BRONZE_STONCKS_AAPL> on 2024-05-07 00:00:00+00:00
[2024-09-16 00:05:32,772] {standard_task_runner.py:52} INFO - Started process 29851 to run task
[2024-09-16 00:05:32,788] {standard_task_runner.py:79} INFO - Running: ['airflow', 'tasks', 'run', 'BRONZER_GET_STONCKS', 'BRONZE_STONCKS_AAPL', 'scheduled__2024-05-07T00:00:00+00:00', '--job-id', '688', '--raw', '--subdir', 'DAGS_FOLDER/get_stocks.py', '--cfg-path', '/tmp/tmpqwea7ofu', '--error-file', '/tmp/tmphkxg81y0']
[2024-09-16 00:05:32,789] {standard_task_runner.py:80} INFO - Job 688: Subtask BRONZE_STONCKS_AAPL
[2024-09-16 00:05:33,037] {task_command.py:370} INFO - Running <TaskInstance: BRONZER_GET_STONCKS.BRONZE_STONCKS_AAPL scheduled__2024-05-07T00:00:00+00:00 [running]> on host kaiwang.
[2024-09-16 00:05:33,233] {taskinstance.py:1569} INFO - Exporting the following env vars:
AIRFLOW_CTX_DAG_OWNER=airflow
AIRFLOW_CTX_DAG_ID=BRONZER_GET_STONCKS
AIRFLOW_CTX_TASK_ID=BRONZE_STONCKS_AAPL
AIRFLOW_CTX_EXECUTION_DATE=2024-05-07T00:00:00+00:00
AIRFLOW_CTX_TRY_NUMBER=1
AIRFLOW_CTX_DAG_RUN_ID=scheduled__2024-05-07T00:00:00+00:00
[2024-09-16 00:05:33,852] {python.py:173} INFO - Done. Returned value was: None
[2024-09-16 00:05:33,928] {taskinstance.py:1395} INFO - Marking task as SUCCESS. dag_id=BRONZER_GET_STONCKS, task_id=BRONZE_STONCKS_AAPL, execution_date=20240507T000000, start_date=20240916T030532, end_date=20240916T030533
[2024-09-16 00:05:33,975] {local_task_job.py:156} INFO - Task exited with return code 0
[2024-09-16 00:05:34,152] {local_task_job.py:273} INFO - 0 downstream tasks scheduled from follow-on schedule check
[2024-09-16 00:16:32,440] {taskinstance.py:1159} INFO - Dependencies all met for <TaskInstance: BRONZER_GET_STONCKS.BRONZE_STONCKS_AAPL scheduled__2024-05-07T00:00:00+00:00 [queued]>
[2024-09-16 00:16:32,455] {taskinstance.py:1159} INFO - Dependencies all met for <TaskInstance: BRONZER_GET_STONCKS.BRONZE_STONCKS_AAPL scheduled__2024-05-07T00:00:00+00:00 [queued]>
[2024-09-16 00:16:32,455] {taskinstance.py:1356} INFO - 
--------------------------------------------------------------------------------
[2024-09-16 00:16:32,455] {taskinstance.py:1357} INFO - Starting attempt 1 of 1
[2024-09-16 00:16:32,455] {taskinstance.py:1358} INFO - 
--------------------------------------------------------------------------------
[2024-09-16 00:16:32,475] {taskinstance.py:1377} INFO - Executing <Task(_PythonDecoratedOperator): BRONZE_STONCKS_AAPL> on 2024-05-07 00:00:00+00:00
[2024-09-16 00:16:32,483] {standard_task_runner.py:52} INFO - Started process 60049 to run task
[2024-09-16 00:16:32,488] {standard_task_runner.py:79} INFO - Running: ['airflow', 'tasks', 'run', 'BRONZER_GET_STONCKS', 'BRONZE_STONCKS_AAPL', 'scheduled__2024-05-07T00:00:00+00:00', '--job-id', '2426', '--raw', '--subdir', 'DAGS_FOLDER/get_stocks.py', '--cfg-path', '/tmp/tmph9xq0opl', '--error-file', '/tmp/tmp1tpr80zt']
[2024-09-16 00:16:32,489] {standard_task_runner.py:80} INFO - Job 2426: Subtask BRONZE_STONCKS_AAPL
[2024-09-16 00:16:32,568] {task_command.py:370} INFO - Running <TaskInstance: BRONZER_GET_STONCKS.BRONZE_STONCKS_AAPL scheduled__2024-05-07T00:00:00+00:00 [running]> on host kaiwang.
[2024-09-16 00:16:32,634] {taskinstance.py:1569} INFO - Exporting the following env vars:
AIRFLOW_CTX_DAG_OWNER=airflow
AIRFLOW_CTX_DAG_ID=BRONZER_GET_STONCKS
AIRFLOW_CTX_TASK_ID=BRONZE_STONCKS_AAPL
AIRFLOW_CTX_EXECUTION_DATE=2024-05-07T00:00:00+00:00
AIRFLOW_CTX_TRY_NUMBER=1
AIRFLOW_CTX_DAG_RUN_ID=scheduled__2024-05-07T00:00:00+00:00
[2024-09-16 00:16:33,308] {python.py:173} INFO - Done. Returned value was: None
[2024-09-16 00:16:33,332] {taskinstance.py:1395} INFO - Marking task as SUCCESS. dag_id=BRONZER_GET_STONCKS, task_id=BRONZE_STONCKS_AAPL, execution_date=20240507T000000, start_date=20240916T031632, end_date=20240916T031633
[2024-09-16 00:16:33,390] {local_task_job.py:156} INFO - Task exited with return code 0
[2024-09-16 00:16:33,431] {local_task_job.py:273} INFO - 0 downstream tasks scheduled from follow-on schedule check
