[2024-09-16 00:07:24,164] {taskinstance.py:1159} INFO - Dependencies all met for <TaskInstance: BRONZER_GET_STONCKS.BRONZE_STONCKS_MSFT scheduled__2024-08-22T00:00:00+00:00 [queued]>
[2024-09-16 00:07:24,195] {taskinstance.py:1159} INFO - Dependencies all met for <TaskInstance: BRONZER_GET_STONCKS.BRONZE_STONCKS_MSFT scheduled__2024-08-22T00:00:00+00:00 [queued]>
[2024-09-16 00:07:24,195] {taskinstance.py:1356} INFO - 
--------------------------------------------------------------------------------
[2024-09-16 00:07:24,196] {taskinstance.py:1357} INFO - Starting attempt 1 of 1
[2024-09-16 00:07:24,196] {taskinstance.py:1358} INFO - 
--------------------------------------------------------------------------------
[2024-09-16 00:07:24,238] {taskinstance.py:1377} INFO - Executing <Task(_PythonDecoratedOperator): BRONZE_STONCKS_MSFT> on 2024-08-22 00:00:00+00:00
[2024-09-16 00:07:24,245] {standard_task_runner.py:52} INFO - Started process 39027 to run task
[2024-09-16 00:07:24,256] {standard_task_runner.py:79} INFO - Running: ['airflow', 'tasks', 'run', 'BRONZER_GET_STONCKS', 'BRONZE_STONCKS_MSFT', 'scheduled__2024-08-22T00:00:00+00:00', '--job-id', '1227', '--raw', '--subdir', 'DAGS_FOLDER/get_stocks.py', '--cfg-path', '/tmp/tmpog3_nomh', '--error-file', '/tmp/tmpvqyso74h']
[2024-09-16 00:07:24,257] {standard_task_runner.py:80} INFO - Job 1227: Subtask BRONZE_STONCKS_MSFT
[2024-09-16 00:07:24,377] {task_command.py:370} INFO - Running <TaskInstance: BRONZER_GET_STONCKS.BRONZE_STONCKS_MSFT scheduled__2024-08-22T00:00:00+00:00 [running]> on host kaiwang.
[2024-09-16 00:07:24,511] {taskinstance.py:1569} INFO - Exporting the following env vars:
AIRFLOW_CTX_DAG_OWNER=airflow
AIRFLOW_CTX_DAG_ID=BRONZER_GET_STONCKS
AIRFLOW_CTX_TASK_ID=BRONZE_STONCKS_MSFT
AIRFLOW_CTX_EXECUTION_DATE=2024-08-22T00:00:00+00:00
AIRFLOW_CTX_TRY_NUMBER=1
AIRFLOW_CTX_DAG_RUN_ID=scheduled__2024-08-22T00:00:00+00:00
[2024-09-16 00:07:25,182] {python.py:173} INFO - Done. Returned value was: None
[2024-09-16 00:07:25,208] {taskinstance.py:1395} INFO - Marking task as SUCCESS. dag_id=BRONZER_GET_STONCKS, task_id=BRONZE_STONCKS_MSFT, execution_date=20240822T000000, start_date=20240916T030724, end_date=20240916T030725
[2024-09-16 00:07:25,235] {local_task_job.py:156} INFO - Task exited with return code 0
[2024-09-16 00:07:25,318] {local_task_job.py:273} INFO - 0 downstream tasks scheduled from follow-on schedule check
[2024-09-16 13:56:18,251] {taskinstance.py:1159} INFO - Dependencies all met for <TaskInstance: BRONZER_GET_STONCKS.BRONZE_STONCKS_MSFT scheduled__2024-08-22T00:00:00+00:00 [queued]>
[2024-09-16 13:56:18,303] {taskinstance.py:1159} INFO - Dependencies all met for <TaskInstance: BRONZER_GET_STONCKS.BRONZE_STONCKS_MSFT scheduled__2024-08-22T00:00:00+00:00 [queued]>
[2024-09-16 13:56:18,303] {taskinstance.py:1356} INFO - 
--------------------------------------------------------------------------------
[2024-09-16 13:56:18,304] {taskinstance.py:1357} INFO - Starting attempt 1 of 1
[2024-09-16 13:56:18,304] {taskinstance.py:1358} INFO - 
--------------------------------------------------------------------------------
[2024-09-16 13:56:18,341] {taskinstance.py:1377} INFO - Executing <Task(_PythonDecoratedOperator): BRONZE_STONCKS_MSFT> on 2024-08-22 00:00:00+00:00
[2024-09-16 13:56:18,348] {standard_task_runner.py:52} INFO - Started process 138401 to run task
[2024-09-16 13:56:18,356] {standard_task_runner.py:79} INFO - Running: ['airflow', 'tasks', 'run', 'BRONZER_GET_STONCKS', 'BRONZE_STONCKS_MSFT', 'scheduled__2024-08-22T00:00:00+00:00', '--job-id', '2554', '--raw', '--subdir', 'DAGS_FOLDER/get_stocks.py', '--cfg-path', '/tmp/tmpcb2dz6n9', '--error-file', '/tmp/tmpav0zdp1v']
[2024-09-16 13:56:18,358] {standard_task_runner.py:80} INFO - Job 2554: Subtask BRONZE_STONCKS_MSFT
[2024-09-16 13:56:18,485] {task_command.py:370} INFO - Running <TaskInstance: BRONZER_GET_STONCKS.BRONZE_STONCKS_MSFT scheduled__2024-08-22T00:00:00+00:00 [running]> on host kaiwang.
[2024-09-16 13:56:19,346] {taskinstance.py:1569} INFO - Exporting the following env vars:
AIRFLOW_CTX_DAG_OWNER=airflow
AIRFLOW_CTX_DAG_ID=BRONZER_GET_STONCKS
AIRFLOW_CTX_TASK_ID=BRONZE_STONCKS_MSFT
AIRFLOW_CTX_EXECUTION_DATE=2024-08-22T00:00:00+00:00
AIRFLOW_CTX_TRY_NUMBER=1
AIRFLOW_CTX_DAG_RUN_ID=scheduled__2024-08-22T00:00:00+00:00
[2024-09-16 13:56:20,179] {python.py:173} INFO - Done. Returned value was: None
[2024-09-16 13:56:20,212] {taskinstance.py:1395} INFO - Marking task as SUCCESS. dag_id=BRONZER_GET_STONCKS, task_id=BRONZE_STONCKS_MSFT, execution_date=20240822T000000, start_date=20240916T165618, end_date=20240916T165620
[2024-09-16 13:56:20,279] {local_task_job.py:156} INFO - Task exited with return code 0
[2024-09-16 13:56:20,336] {local_task_job.py:273} INFO - 0 downstream tasks scheduled from follow-on schedule check
