[2024-09-16 00:03:28,625] {taskinstance.py:1159} INFO - Dependencies all met for <TaskInstance: BRONZER_GET_STONCKS.BRONZE_STONCKS_TSLA scheduled__2024-01-23T00:00:00+00:00 [queued]>
[2024-09-16 00:03:28,638] {taskinstance.py:1159} INFO - Dependencies all met for <TaskInstance: BRONZER_GET_STONCKS.BRONZE_STONCKS_TSLA scheduled__2024-01-23T00:00:00+00:00 [queued]>
[2024-09-16 00:03:28,638] {taskinstance.py:1356} INFO - 
--------------------------------------------------------------------------------
[2024-09-16 00:03:28,638] {taskinstance.py:1357} INFO - Starting attempt 1 of 1
[2024-09-16 00:03:28,638] {taskinstance.py:1358} INFO - 
--------------------------------------------------------------------------------
[2024-09-16 00:03:28,679] {taskinstance.py:1377} INFO - Executing <Task(_PythonDecoratedOperator): BRONZE_STONCKS_TSLA> on 2024-01-23 00:00:00+00:00
[2024-09-16 00:03:28,705] {standard_task_runner.py:52} INFO - Started process 20159 to run task
[2024-09-16 00:03:28,707] {standard_task_runner.py:79} INFO - Running: ['airflow', 'tasks', 'run', 'BRONZER_GET_STONCKS', 'BRONZE_STONCKS_TSLA', 'scheduled__2024-01-23T00:00:00+00:00', '--job-id', '130', '--raw', '--subdir', 'DAGS_FOLDER/get_stocks.py', '--cfg-path', '/tmp/tmpdr6tvj0l', '--error-file', '/tmp/tmpqg98l2cm']
[2024-09-16 00:03:28,715] {standard_task_runner.py:80} INFO - Job 130: Subtask BRONZE_STONCKS_TSLA
[2024-09-16 00:03:28,957] {task_command.py:370} INFO - Running <TaskInstance: BRONZER_GET_STONCKS.BRONZE_STONCKS_TSLA scheduled__2024-01-23T00:00:00+00:00 [running]> on host kaiwang.
[2024-09-16 00:03:29,275] {taskinstance.py:1569} INFO - Exporting the following env vars:
AIRFLOW_CTX_DAG_OWNER=airflow
AIRFLOW_CTX_DAG_ID=BRONZER_GET_STONCKS
AIRFLOW_CTX_TASK_ID=BRONZE_STONCKS_TSLA
AIRFLOW_CTX_EXECUTION_DATE=2024-01-23T00:00:00+00:00
AIRFLOW_CTX_TRY_NUMBER=1
AIRFLOW_CTX_DAG_RUN_ID=scheduled__2024-01-23T00:00:00+00:00
[2024-09-16 00:03:29,909] {python.py:173} INFO - Done. Returned value was: None
[2024-09-16 00:03:30,129] {taskinstance.py:1395} INFO - Marking task as SUCCESS. dag_id=BRONZER_GET_STONCKS, task_id=BRONZE_STONCKS_TSLA, execution_date=20240123T000000, start_date=20240916T030328, end_date=20240916T030330
[2024-09-16 00:03:30,231] {local_task_job.py:156} INFO - Task exited with return code 0
[2024-09-16 00:03:30,495] {local_task_job.py:273} INFO - 0 downstream tasks scheduled from follow-on schedule check
[2024-09-16 00:13:11,023] {taskinstance.py:1159} INFO - Dependencies all met for <TaskInstance: BRONZER_GET_STONCKS.BRONZE_STONCKS_TSLA scheduled__2024-01-23T00:00:00+00:00 [queued]>
[2024-09-16 00:13:11,063] {taskinstance.py:1159} INFO - Dependencies all met for <TaskInstance: BRONZER_GET_STONCKS.BRONZE_STONCKS_TSLA scheduled__2024-01-23T00:00:00+00:00 [queued]>
[2024-09-16 00:13:11,063] {taskinstance.py:1356} INFO - 
--------------------------------------------------------------------------------
[2024-09-16 00:13:11,064] {taskinstance.py:1357} INFO - Starting attempt 1 of 1
[2024-09-16 00:13:11,064] {taskinstance.py:1358} INFO - 
--------------------------------------------------------------------------------
[2024-09-16 00:13:11,173] {taskinstance.py:1377} INFO - Executing <Task(_PythonDecoratedOperator): BRONZE_STONCKS_TSLA> on 2024-01-23 00:00:00+00:00
[2024-09-16 00:13:11,183] {standard_task_runner.py:52} INFO - Started process 45861 to run task
[2024-09-16 00:13:11,196] {standard_task_runner.py:79} INFO - Running: ['airflow', 'tasks', 'run', 'BRONZER_GET_STONCKS', 'BRONZE_STONCKS_TSLA', 'scheduled__2024-01-23T00:00:00+00:00', '--job-id', '1605', '--raw', '--subdir', 'DAGS_FOLDER/get_stocks.py', '--cfg-path', '/tmp/tmpu10_rbqb', '--error-file', '/tmp/tmp0mhtp9u_']
[2024-09-16 00:13:11,197] {standard_task_runner.py:80} INFO - Job 1605: Subtask BRONZE_STONCKS_TSLA
[2024-09-16 00:13:11,453] {task_command.py:370} INFO - Running <TaskInstance: BRONZER_GET_STONCKS.BRONZE_STONCKS_TSLA scheduled__2024-01-23T00:00:00+00:00 [running]> on host kaiwang.
[2024-09-16 00:13:11,807] {taskinstance.py:1569} INFO - Exporting the following env vars:
AIRFLOW_CTX_DAG_OWNER=airflow
AIRFLOW_CTX_DAG_ID=BRONZER_GET_STONCKS
AIRFLOW_CTX_TASK_ID=BRONZE_STONCKS_TSLA
AIRFLOW_CTX_EXECUTION_DATE=2024-01-23T00:00:00+00:00
AIRFLOW_CTX_TRY_NUMBER=1
AIRFLOW_CTX_DAG_RUN_ID=scheduled__2024-01-23T00:00:00+00:00
[2024-09-16 00:13:12,815] {python.py:173} INFO - Done. Returned value was: None
[2024-09-16 00:13:13,057] {taskinstance.py:1395} INFO - Marking task as SUCCESS. dag_id=BRONZER_GET_STONCKS, task_id=BRONZE_STONCKS_TSLA, execution_date=20240123T000000, start_date=20240916T031311, end_date=20240916T031313
[2024-09-16 00:13:13,142] {local_task_job.py:156} INFO - Task exited with return code 0
[2024-09-16 00:13:13,616] {local_task_job.py:273} INFO - 0 downstream tasks scheduled from follow-on schedule check
[2024-09-16 00:14:44,052] {taskinstance.py:1159} INFO - Dependencies all met for <TaskInstance: BRONZER_GET_STONCKS.BRONZE_STONCKS_TSLA scheduled__2024-01-23T00:00:00+00:00 [queued]>
[2024-09-16 00:14:44,086] {taskinstance.py:1159} INFO - Dependencies all met for <TaskInstance: BRONZER_GET_STONCKS.BRONZE_STONCKS_TSLA scheduled__2024-01-23T00:00:00+00:00 [queued]>
[2024-09-16 00:14:44,086] {taskinstance.py:1356} INFO - 
--------------------------------------------------------------------------------
[2024-09-16 00:14:44,086] {taskinstance.py:1357} INFO - Starting attempt 1 of 1
[2024-09-16 00:14:44,086] {taskinstance.py:1358} INFO - 
--------------------------------------------------------------------------------
[2024-09-16 00:14:44,112] {taskinstance.py:1377} INFO - Executing <Task(_PythonDecoratedOperator): BRONZE_STONCKS_TSLA> on 2024-01-23 00:00:00+00:00
[2024-09-16 00:14:44,119] {standard_task_runner.py:52} INFO - Started process 51170 to run task
[2024-09-16 00:14:44,148] {standard_task_runner.py:79} INFO - Running: ['airflow', 'tasks', 'run', 'BRONZER_GET_STONCKS', 'BRONZE_STONCKS_TSLA', 'scheduled__2024-01-23T00:00:00+00:00', '--job-id', '1912', '--raw', '--subdir', 'DAGS_FOLDER/get_stocks.py', '--cfg-path', '/tmp/tmpjqyj3ohs', '--error-file', '/tmp/tmp7cf1df43']
[2024-09-16 00:14:44,150] {standard_task_runner.py:80} INFO - Job 1912: Subtask BRONZE_STONCKS_TSLA
[2024-09-16 00:14:44,465] {task_command.py:370} INFO - Running <TaskInstance: BRONZER_GET_STONCKS.BRONZE_STONCKS_TSLA scheduled__2024-01-23T00:00:00+00:00 [running]> on host kaiwang.
[2024-09-16 00:14:44,712] {taskinstance.py:1569} INFO - Exporting the following env vars:
AIRFLOW_CTX_DAG_OWNER=airflow
AIRFLOW_CTX_DAG_ID=BRONZER_GET_STONCKS
AIRFLOW_CTX_TASK_ID=BRONZE_STONCKS_TSLA
AIRFLOW_CTX_EXECUTION_DATE=2024-01-23T00:00:00+00:00
AIRFLOW_CTX_TRY_NUMBER=1
AIRFLOW_CTX_DAG_RUN_ID=scheduled__2024-01-23T00:00:00+00:00
[2024-09-16 00:14:45,602] {python.py:173} INFO - Done. Returned value was: None
[2024-09-16 00:14:45,670] {taskinstance.py:1395} INFO - Marking task as SUCCESS. dag_id=BRONZER_GET_STONCKS, task_id=BRONZE_STONCKS_TSLA, execution_date=20240123T000000, start_date=20240916T031444, end_date=20240916T031445
[2024-09-16 00:14:45,727] {local_task_job.py:156} INFO - Task exited with return code 0
[2024-09-16 00:14:45,858] {local_task_job.py:273} INFO - 0 downstream tasks scheduled from follow-on schedule check
