[2024-09-16 00:07:28,220] {taskinstance.py:1159} INFO - Dependencies all met for <TaskInstance: BRONZER_GET_CRIPTOS.BRONZE_CRIPTO_DOGE scheduled__2024-07-13T00:00:00+00:00 [queued]>
[2024-09-16 00:07:28,239] {taskinstance.py:1159} INFO - Dependencies all met for <TaskInstance: BRONZER_GET_CRIPTOS.BRONZE_CRIPTO_DOGE scheduled__2024-07-13T00:00:00+00:00 [queued]>
[2024-09-16 00:07:28,239] {taskinstance.py:1356} INFO - 
--------------------------------------------------------------------------------
[2024-09-16 00:07:28,239] {taskinstance.py:1357} INFO - Starting attempt 1 of 1
[2024-09-16 00:07:28,239] {taskinstance.py:1358} INFO - 
--------------------------------------------------------------------------------
[2024-09-16 00:07:28,295] {taskinstance.py:1377} INFO - Executing <Task(_PythonDecoratedOperator): BRONZE_CRIPTO_DOGE> on 2024-07-13 00:00:00+00:00
[2024-09-16 00:07:28,305] {standard_task_runner.py:52} INFO - Started process 39370 to run task
[2024-09-16 00:07:28,315] {standard_task_runner.py:79} INFO - Running: ['airflow', 'tasks', 'run', 'BRONZER_GET_CRIPTOS', 'BRONZE_CRIPTO_DOGE', 'scheduled__2024-07-13T00:00:00+00:00', '--job-id', '1244', '--raw', '--subdir', 'DAGS_FOLDER/get_cripto.py', '--cfg-path', '/tmp/tmpexp8zueq', '--error-file', '/tmp/tmpos_s0kk8']
[2024-09-16 00:07:28,317] {standard_task_runner.py:80} INFO - Job 1244: Subtask BRONZE_CRIPTO_DOGE
[2024-09-16 00:07:28,524] {task_command.py:370} INFO - Running <TaskInstance: BRONZER_GET_CRIPTOS.BRONZE_CRIPTO_DOGE scheduled__2024-07-13T00:00:00+00:00 [running]> on host kaiwang.
[2024-09-16 00:07:28,795] {taskinstance.py:1569} INFO - Exporting the following env vars:
AIRFLOW_CTX_DAG_OWNER=airflow
AIRFLOW_CTX_DAG_ID=BRONZER_GET_CRIPTOS
AIRFLOW_CTX_TASK_ID=BRONZE_CRIPTO_DOGE
AIRFLOW_CTX_EXECUTION_DATE=2024-07-13T00:00:00+00:00
AIRFLOW_CTX_TRY_NUMBER=1
AIRFLOW_CTX_DAG_RUN_ID=scheduled__2024-07-13T00:00:00+00:00
[2024-09-16 00:07:31,884] {history.py:122} ERROR - $DOGE: possibly delisted; no timezone found
[2024-09-16 00:07:31,887] {python.py:173} INFO - Done. Returned value was: None
[2024-09-16 00:07:31,902] {taskinstance.py:1395} INFO - Marking task as SUCCESS. dag_id=BRONZER_GET_CRIPTOS, task_id=BRONZE_CRIPTO_DOGE, execution_date=20240713T000000, start_date=20240916T030728, end_date=20240916T030731
[2024-09-16 00:07:31,945] {local_task_job.py:156} INFO - Task exited with return code 0
[2024-09-16 00:07:31,989] {local_task_job.py:273} INFO - 0 downstream tasks scheduled from follow-on schedule check
