[2024-09-16 00:05:25,214] {taskinstance.py:1159} INFO - Dependencies all met for <TaskInstance: BRONZER_GET_CRIPTOS.BRONZE_CRIPTO_BTC scheduled__2024-04-17T00:00:00+00:00 [queued]>
[2024-09-16 00:05:25,259] {taskinstance.py:1159} INFO - Dependencies all met for <TaskInstance: BRONZER_GET_CRIPTOS.BRONZE_CRIPTO_BTC scheduled__2024-04-17T00:00:00+00:00 [queued]>
[2024-09-16 00:05:25,259] {taskinstance.py:1356} INFO - 
--------------------------------------------------------------------------------
[2024-09-16 00:05:25,259] {taskinstance.py:1357} INFO - Starting attempt 1 of 1
[2024-09-16 00:05:25,259] {taskinstance.py:1358} INFO - 
--------------------------------------------------------------------------------
[2024-09-16 00:05:25,311] {taskinstance.py:1377} INFO - Executing <Task(_PythonDecoratedOperator): BRONZE_CRIPTO_BTC> on 2024-04-17 00:00:00+00:00
[2024-09-16 00:05:25,317] {standard_task_runner.py:52} INFO - Started process 29182 to run task
[2024-09-16 00:05:25,362] {standard_task_runner.py:79} INFO - Running: ['airflow', 'tasks', 'run', 'BRONZER_GET_CRIPTOS', 'BRONZE_CRIPTO_BTC', 'scheduled__2024-04-17T00:00:00+00:00', '--job-id', '647', '--raw', '--subdir', 'DAGS_FOLDER/get_cripto.py', '--cfg-path', '/tmp/tmpkxutra_9', '--error-file', '/tmp/tmps_tn4nfw']
[2024-09-16 00:05:25,363] {standard_task_runner.py:80} INFO - Job 647: Subtask BRONZE_CRIPTO_BTC
[2024-09-16 00:05:25,683] {task_command.py:370} INFO - Running <TaskInstance: BRONZER_GET_CRIPTOS.BRONZE_CRIPTO_BTC scheduled__2024-04-17T00:00:00+00:00 [running]> on host kaiwang.
[2024-09-16 00:05:26,033] {taskinstance.py:1569} INFO - Exporting the following env vars:
AIRFLOW_CTX_DAG_OWNER=airflow
AIRFLOW_CTX_DAG_ID=BRONZER_GET_CRIPTOS
AIRFLOW_CTX_TASK_ID=BRONZE_CRIPTO_BTC
AIRFLOW_CTX_EXECUTION_DATE=2024-04-17T00:00:00+00:00
AIRFLOW_CTX_TRY_NUMBER=1
AIRFLOW_CTX_DAG_RUN_ID=scheduled__2024-04-17T00:00:00+00:00
[2024-09-16 00:05:28,884] {history.py:244} ERROR - $BTC: possibly delisted; no price data found  (1h 2024-04-14 -> 2024-04-17) (Yahoo error = "Data doesn't exist for startDate = 1713067200, endDate = 1713326400")
[2024-09-16 00:05:28,887] {python.py:173} INFO - Done. Returned value was: None
[2024-09-16 00:05:28,939] {taskinstance.py:1395} INFO - Marking task as SUCCESS. dag_id=BRONZER_GET_CRIPTOS, task_id=BRONZE_CRIPTO_BTC, execution_date=20240417T000000, start_date=20240916T030525, end_date=20240916T030528
[2024-09-16 00:05:28,974] {local_task_job.py:156} INFO - Task exited with return code 0
[2024-09-16 00:05:29,216] {local_task_job.py:273} INFO - 0 downstream tasks scheduled from follow-on schedule check
