[2024-09-16 00:05:18,428] {taskinstance.py:1159} INFO - Dependencies all met for <TaskInstance: BRONZER_GET_CRIPTOS.BRONZE_CRIPTO_ETH scheduled__2024-04-10T00:00:00+00:00 [queued]>
[2024-09-16 00:05:18,463] {taskinstance.py:1159} INFO - Dependencies all met for <TaskInstance: BRONZER_GET_CRIPTOS.BRONZE_CRIPTO_ETH scheduled__2024-04-10T00:00:00+00:00 [queued]>
[2024-09-16 00:05:18,463] {taskinstance.py:1356} INFO - 
--------------------------------------------------------------------------------
[2024-09-16 00:05:18,463] {taskinstance.py:1357} INFO - Starting attempt 1 of 1
[2024-09-16 00:05:18,463] {taskinstance.py:1358} INFO - 
--------------------------------------------------------------------------------
[2024-09-16 00:05:18,529] {taskinstance.py:1377} INFO - Executing <Task(_PythonDecoratedOperator): BRONZE_CRIPTO_ETH> on 2024-04-10 00:00:00+00:00
[2024-09-16 00:05:18,535] {standard_task_runner.py:52} INFO - Started process 28575 to run task
[2024-09-16 00:05:18,549] {standard_task_runner.py:79} INFO - Running: ['airflow', 'tasks', 'run', 'BRONZER_GET_CRIPTOS', 'BRONZE_CRIPTO_ETH', 'scheduled__2024-04-10T00:00:00+00:00', '--job-id', '610', '--raw', '--subdir', 'DAGS_FOLDER/get_cripto.py', '--cfg-path', '/tmp/tmpugmg8bl1', '--error-file', '/tmp/tmpkwh7w7cv']
[2024-09-16 00:05:18,550] {standard_task_runner.py:80} INFO - Job 610: Subtask BRONZE_CRIPTO_ETH
[2024-09-16 00:05:18,836] {task_command.py:370} INFO - Running <TaskInstance: BRONZER_GET_CRIPTOS.BRONZE_CRIPTO_ETH scheduled__2024-04-10T00:00:00+00:00 [running]> on host kaiwang.
[2024-09-16 00:05:19,275] {taskinstance.py:1569} INFO - Exporting the following env vars:
AIRFLOW_CTX_DAG_OWNER=airflow
AIRFLOW_CTX_DAG_ID=BRONZER_GET_CRIPTOS
AIRFLOW_CTX_TASK_ID=BRONZE_CRIPTO_ETH
AIRFLOW_CTX_EXECUTION_DATE=2024-04-10T00:00:00+00:00
AIRFLOW_CTX_TRY_NUMBER=1
AIRFLOW_CTX_DAG_RUN_ID=scheduled__2024-04-10T00:00:00+00:00
[2024-09-16 00:05:21,990] {history.py:244} ERROR - $ETH: possibly delisted; no price data found  (1h 2024-04-07 -> 2024-04-10) (Yahoo error = "Data doesn't exist for startDate = 1712462400, endDate = 1712721600")
[2024-09-16 00:05:21,994] {python.py:173} INFO - Done. Returned value was: None
[2024-09-16 00:05:22,046] {taskinstance.py:1395} INFO - Marking task as SUCCESS. dag_id=BRONZER_GET_CRIPTOS, task_id=BRONZE_CRIPTO_ETH, execution_date=20240410T000000, start_date=20240916T030518, end_date=20240916T030522
[2024-09-16 00:05:22,125] {local_task_job.py:156} INFO - Task exited with return code 0
[2024-09-16 00:05:22,291] {local_task_job.py:273} INFO - 0 downstream tasks scheduled from follow-on schedule check
