[2024-09-16 00:03:24,114] {taskinstance.py:1159} INFO - Dependencies all met for <TaskInstance: BRONZER_GET_STONCKS.BRONZE_STONCKS_GOOG scheduled__2024-01-18T00:00:00+00:00 [queued]>
[2024-09-16 00:03:24,185] {taskinstance.py:1159} INFO - Dependencies all met for <TaskInstance: BRONZER_GET_STONCKS.BRONZE_STONCKS_GOOG scheduled__2024-01-18T00:00:00+00:00 [queued]>
[2024-09-16 00:03:24,185] {taskinstance.py:1356} INFO - 
--------------------------------------------------------------------------------
[2024-09-16 00:03:24,186] {taskinstance.py:1357} INFO - Starting attempt 1 of 1
[2024-09-16 00:03:24,186] {taskinstance.py:1358} INFO - 
--------------------------------------------------------------------------------
[2024-09-16 00:03:24,263] {taskinstance.py:1377} INFO - Executing <Task(_PythonDecoratedOperator): BRONZE_STONCKS_GOOG> on 2024-01-18 00:00:00+00:00
[2024-09-16 00:03:24,276] {standard_task_runner.py:52} INFO - Started process 19833 to run task
[2024-09-16 00:03:24,308] {standard_task_runner.py:79} INFO - Running: ['airflow', 'tasks', 'run', 'BRONZER_GET_STONCKS', 'BRONZE_STONCKS_GOOG', 'scheduled__2024-01-18T00:00:00+00:00', '--job-id', '107', '--raw', '--subdir', 'DAGS_FOLDER/get_stocks.py', '--cfg-path', '/tmp/tmp529nybj9', '--error-file', '/tmp/tmpxw4y2yn8']
[2024-09-16 00:03:24,309] {standard_task_runner.py:80} INFO - Job 107: Subtask BRONZE_STONCKS_GOOG
[2024-09-16 00:03:24,714] {task_command.py:370} INFO - Running <TaskInstance: BRONZER_GET_STONCKS.BRONZE_STONCKS_GOOG scheduled__2024-01-18T00:00:00+00:00 [running]> on host kaiwang.
[2024-09-16 00:03:25,236] {taskinstance.py:1569} INFO - Exporting the following env vars:
AIRFLOW_CTX_DAG_OWNER=airflow
AIRFLOW_CTX_DAG_ID=BRONZER_GET_STONCKS
AIRFLOW_CTX_TASK_ID=BRONZE_STONCKS_GOOG
AIRFLOW_CTX_EXECUTION_DATE=2024-01-18T00:00:00+00:00
AIRFLOW_CTX_TRY_NUMBER=1
AIRFLOW_CTX_DAG_RUN_ID=scheduled__2024-01-18T00:00:00+00:00
[2024-09-16 00:03:26,033] {python.py:173} INFO - Done. Returned value was: None
[2024-09-16 00:03:26,241] {taskinstance.py:1395} INFO - Marking task as SUCCESS. dag_id=BRONZER_GET_STONCKS, task_id=BRONZE_STONCKS_GOOG, execution_date=20240118T000000, start_date=20240916T030324, end_date=20240916T030326
[2024-09-16 00:03:26,338] {local_task_job.py:156} INFO - Task exited with return code 0
[2024-09-16 00:03:26,909] {local_task_job.py:273} INFO - 0 downstream tasks scheduled from follow-on schedule check
[2024-09-16 00:13:05,033] {taskinstance.py:1159} INFO - Dependencies all met for <TaskInstance: BRONZER_GET_STONCKS.BRONZE_STONCKS_GOOG scheduled__2024-01-18T00:00:00+00:00 [queued]>
[2024-09-16 00:13:05,086] {taskinstance.py:1159} INFO - Dependencies all met for <TaskInstance: BRONZER_GET_STONCKS.BRONZE_STONCKS_GOOG scheduled__2024-01-18T00:00:00+00:00 [queued]>
[2024-09-16 00:13:05,086] {taskinstance.py:1356} INFO - 
--------------------------------------------------------------------------------
[2024-09-16 00:13:05,086] {taskinstance.py:1357} INFO - Starting attempt 1 of 1
[2024-09-16 00:13:05,086] {taskinstance.py:1358} INFO - 
--------------------------------------------------------------------------------
[2024-09-16 00:13:05,145] {taskinstance.py:1377} INFO - Executing <Task(_PythonDecoratedOperator): BRONZE_STONCKS_GOOG> on 2024-01-18 00:00:00+00:00
[2024-09-16 00:13:05,150] {standard_task_runner.py:52} INFO - Started process 45367 to run task
[2024-09-16 00:13:05,161] {standard_task_runner.py:79} INFO - Running: ['airflow', 'tasks', 'run', 'BRONZER_GET_STONCKS', 'BRONZE_STONCKS_GOOG', 'scheduled__2024-01-18T00:00:00+00:00', '--job-id', '1575', '--raw', '--subdir', 'DAGS_FOLDER/get_stocks.py', '--cfg-path', '/tmp/tmptbuii_o_', '--error-file', '/tmp/tmpm924n9kq']
[2024-09-16 00:13:05,176] {standard_task_runner.py:80} INFO - Job 1575: Subtask BRONZE_STONCKS_GOOG
[2024-09-16 00:13:05,483] {task_command.py:370} INFO - Running <TaskInstance: BRONZER_GET_STONCKS.BRONZE_STONCKS_GOOG scheduled__2024-01-18T00:00:00+00:00 [running]> on host kaiwang.
[2024-09-16 00:13:05,880] {taskinstance.py:1569} INFO - Exporting the following env vars:
AIRFLOW_CTX_DAG_OWNER=airflow
AIRFLOW_CTX_DAG_ID=BRONZER_GET_STONCKS
AIRFLOW_CTX_TASK_ID=BRONZE_STONCKS_GOOG
AIRFLOW_CTX_EXECUTION_DATE=2024-01-18T00:00:00+00:00
AIRFLOW_CTX_TRY_NUMBER=1
AIRFLOW_CTX_DAG_RUN_ID=scheduled__2024-01-18T00:00:00+00:00
[2024-09-16 00:13:06,609] {python.py:173} INFO - Done. Returned value was: None
[2024-09-16 00:13:06,716] {taskinstance.py:1395} INFO - Marking task as SUCCESS. dag_id=BRONZER_GET_STONCKS, task_id=BRONZE_STONCKS_GOOG, execution_date=20240118T000000, start_date=20240916T031305, end_date=20240916T031306
[2024-09-16 00:13:06,778] {local_task_job.py:156} INFO - Task exited with return code 0
[2024-09-16 00:13:06,958] {local_task_job.py:273} INFO - 0 downstream tasks scheduled from follow-on schedule check
[2024-09-16 00:14:38,366] {taskinstance.py:1159} INFO - Dependencies all met for <TaskInstance: BRONZER_GET_STONCKS.BRONZE_STONCKS_GOOG scheduled__2024-01-18T00:00:00+00:00 [queued]>
[2024-09-16 00:14:38,392] {taskinstance.py:1159} INFO - Dependencies all met for <TaskInstance: BRONZER_GET_STONCKS.BRONZE_STONCKS_GOOG scheduled__2024-01-18T00:00:00+00:00 [queued]>
[2024-09-16 00:14:38,392] {taskinstance.py:1356} INFO - 
--------------------------------------------------------------------------------
[2024-09-16 00:14:38,392] {taskinstance.py:1357} INFO - Starting attempt 1 of 1
[2024-09-16 00:14:38,393] {taskinstance.py:1358} INFO - 
--------------------------------------------------------------------------------
[2024-09-16 00:14:38,417] {taskinstance.py:1377} INFO - Executing <Task(_PythonDecoratedOperator): BRONZE_STONCKS_GOOG> on 2024-01-18 00:00:00+00:00
[2024-09-16 00:14:38,426] {standard_task_runner.py:52} INFO - Started process 50737 to run task
[2024-09-16 00:14:38,448] {standard_task_runner.py:79} INFO - Running: ['airflow', 'tasks', 'run', 'BRONZER_GET_STONCKS', 'BRONZE_STONCKS_GOOG', 'scheduled__2024-01-18T00:00:00+00:00', '--job-id', '1886', '--raw', '--subdir', 'DAGS_FOLDER/get_stocks.py', '--cfg-path', '/tmp/tmp2uus8mcm', '--error-file', '/tmp/tmp26kub42a']
[2024-09-16 00:14:38,449] {standard_task_runner.py:80} INFO - Job 1886: Subtask BRONZE_STONCKS_GOOG
[2024-09-16 00:14:38,734] {task_command.py:370} INFO - Running <TaskInstance: BRONZER_GET_STONCKS.BRONZE_STONCKS_GOOG scheduled__2024-01-18T00:00:00+00:00 [running]> on host kaiwang.
[2024-09-16 00:14:38,968] {taskinstance.py:1569} INFO - Exporting the following env vars:
AIRFLOW_CTX_DAG_OWNER=airflow
AIRFLOW_CTX_DAG_ID=BRONZER_GET_STONCKS
AIRFLOW_CTX_TASK_ID=BRONZE_STONCKS_GOOG
AIRFLOW_CTX_EXECUTION_DATE=2024-01-18T00:00:00+00:00
AIRFLOW_CTX_TRY_NUMBER=1
AIRFLOW_CTX_DAG_RUN_ID=scheduled__2024-01-18T00:00:00+00:00
[2024-09-16 00:14:39,767] {python.py:173} INFO - Done. Returned value was: None
[2024-09-16 00:14:39,862] {taskinstance.py:1395} INFO - Marking task as SUCCESS. dag_id=BRONZER_GET_STONCKS, task_id=BRONZE_STONCKS_GOOG, execution_date=20240118T000000, start_date=20240916T031438, end_date=20240916T031439
[2024-09-16 00:14:40,071] {local_task_job.py:156} INFO - Task exited with return code 0
[2024-09-16 00:14:40,229] {local_task_job.py:273} INFO - 0 downstream tasks scheduled from follow-on schedule check
