[2024-09-16 00:04:13,497] {taskinstance.py:1159} INFO - Dependencies all met for <TaskInstance: BRONZER_GET_CRIPTOS.BRONZE_CRIPTO_DOGE scheduled__2024-02-23T00:00:00+00:00 [queued]>
[2024-09-16 00:04:13,537] {taskinstance.py:1159} INFO - Dependencies all met for <TaskInstance: BRONZER_GET_CRIPTOS.BRONZE_CRIPTO_DOGE scheduled__2024-02-23T00:00:00+00:00 [queued]>
[2024-09-16 00:04:13,538] {taskinstance.py:1356} INFO - 
--------------------------------------------------------------------------------
[2024-09-16 00:04:13,538] {taskinstance.py:1357} INFO - Starting attempt 1 of 1
[2024-09-16 00:04:13,538] {taskinstance.py:1358} INFO - 
--------------------------------------------------------------------------------
[2024-09-16 00:04:13,602] {taskinstance.py:1377} INFO - Executing <Task(_PythonDecoratedOperator): BRONZE_CRIPTO_DOGE> on 2024-02-23 00:00:00+00:00
[2024-09-16 00:04:13,618] {standard_task_runner.py:52} INFO - Started process 23522 to run task
[2024-09-16 00:04:13,646] {standard_task_runner.py:79} INFO - Running: ['airflow', 'tasks', 'run', 'BRONZER_GET_CRIPTOS', 'BRONZE_CRIPTO_DOGE', 'scheduled__2024-02-23T00:00:00+00:00', '--job-id', '320', '--raw', '--subdir', 'DAGS_FOLDER/get_cripto.py', '--cfg-path', '/tmp/tmpgnhp3slo', '--error-file', '/tmp/tmprjl7e6ly']
[2024-09-16 00:04:13,648] {standard_task_runner.py:80} INFO - Job 320: Subtask BRONZE_CRIPTO_DOGE
[2024-09-16 00:04:13,929] {task_command.py:370} INFO - Running <TaskInstance: BRONZER_GET_CRIPTOS.BRONZE_CRIPTO_DOGE scheduled__2024-02-23T00:00:00+00:00 [running]> on host kaiwang.
[2024-09-16 00:04:14,207] {taskinstance.py:1569} INFO - Exporting the following env vars:
AIRFLOW_CTX_DAG_OWNER=airflow
AIRFLOW_CTX_DAG_ID=BRONZER_GET_CRIPTOS
AIRFLOW_CTX_TASK_ID=BRONZE_CRIPTO_DOGE
AIRFLOW_CTX_EXECUTION_DATE=2024-02-23T00:00:00+00:00
AIRFLOW_CTX_TRY_NUMBER=1
AIRFLOW_CTX_DAG_RUN_ID=scheduled__2024-02-23T00:00:00+00:00
[2024-09-16 00:04:17,431] {history.py:122} ERROR - $DOGE: possibly delisted; no timezone found
[2024-09-16 00:04:17,436] {python.py:173} INFO - Done. Returned value was: None
[2024-09-16 00:04:17,514] {taskinstance.py:1395} INFO - Marking task as SUCCESS. dag_id=BRONZER_GET_CRIPTOS, task_id=BRONZE_CRIPTO_DOGE, execution_date=20240223T000000, start_date=20240916T030413, end_date=20240916T030417
[2024-09-16 00:04:17,540] {local_task_job.py:156} INFO - Task exited with return code 0
[2024-09-16 00:04:17,676] {local_task_job.py:273} INFO - 0 downstream tasks scheduled from follow-on schedule check
[2024-09-16 00:15:29,877] {taskinstance.py:1159} INFO - Dependencies all met for <TaskInstance: BRONZER_GET_CRIPTOS.BRONZE_CRIPTO_DOGE scheduled__2024-02-23T00:00:00+00:00 [queued]>
[2024-09-16 00:15:29,920] {taskinstance.py:1159} INFO - Dependencies all met for <TaskInstance: BRONZER_GET_CRIPTOS.BRONZE_CRIPTO_DOGE scheduled__2024-02-23T00:00:00+00:00 [queued]>
[2024-09-16 00:15:29,921] {taskinstance.py:1356} INFO - 
--------------------------------------------------------------------------------
[2024-09-16 00:15:29,921] {taskinstance.py:1357} INFO - Starting attempt 1 of 1
[2024-09-16 00:15:29,921] {taskinstance.py:1358} INFO - 
--------------------------------------------------------------------------------
[2024-09-16 00:15:29,983] {taskinstance.py:1377} INFO - Executing <Task(_PythonDecoratedOperator): BRONZE_CRIPTO_DOGE> on 2024-02-23 00:00:00+00:00
[2024-09-16 00:15:29,989] {standard_task_runner.py:52} INFO - Started process 54909 to run task
[2024-09-16 00:15:30,012] {standard_task_runner.py:79} INFO - Running: ['airflow', 'tasks', 'run', 'BRONZER_GET_CRIPTOS', 'BRONZE_CRIPTO_DOGE', 'scheduled__2024-02-23T00:00:00+00:00', '--job-id', '2120', '--raw', '--subdir', 'DAGS_FOLDER/get_cripto.py', '--cfg-path', '/tmp/tmpimwf9xsn', '--error-file', '/tmp/tmpy8i2rm9s']
[2024-09-16 00:15:30,013] {standard_task_runner.py:80} INFO - Job 2120: Subtask BRONZE_CRIPTO_DOGE
[2024-09-16 00:15:30,319] {task_command.py:370} INFO - Running <TaskInstance: BRONZER_GET_CRIPTOS.BRONZE_CRIPTO_DOGE scheduled__2024-02-23T00:00:00+00:00 [running]> on host kaiwang.
[2024-09-16 00:15:30,638] {taskinstance.py:1569} INFO - Exporting the following env vars:
AIRFLOW_CTX_DAG_OWNER=airflow
AIRFLOW_CTX_DAG_ID=BRONZER_GET_CRIPTOS
AIRFLOW_CTX_TASK_ID=BRONZE_CRIPTO_DOGE
AIRFLOW_CTX_EXECUTION_DATE=2024-02-23T00:00:00+00:00
AIRFLOW_CTX_TRY_NUMBER=1
AIRFLOW_CTX_DAG_RUN_ID=scheduled__2024-02-23T00:00:00+00:00
[2024-09-16 00:15:34,513] {history.py:122} ERROR - $DOGE: possibly delisted; no timezone found
[2024-09-16 00:15:34,517] {python.py:173} INFO - Done. Returned value was: None
[2024-09-16 00:15:34,576] {taskinstance.py:1395} INFO - Marking task as SUCCESS. dag_id=BRONZER_GET_CRIPTOS, task_id=BRONZE_CRIPTO_DOGE, execution_date=20240223T000000, start_date=20240916T031529, end_date=20240916T031534
[2024-09-16 00:15:34,641] {local_task_job.py:156} INFO - Task exited with return code 0
[2024-09-16 00:15:34,790] {local_task_job.py:273} INFO - 0 downstream tasks scheduled from follow-on schedule check
