[2024-09-16 00:07:04,027] {taskinstance.py:1159} INFO - Dependencies all met for <TaskInstance: BRONZER_GET_CRIPTOS.BRONZE_CRIPTO_BTC scheduled__2024-06-26T00:00:00+00:00 [queued]>
[2024-09-16 00:07:04,112] {taskinstance.py:1159} INFO - Dependencies all met for <TaskInstance: BRONZER_GET_CRIPTOS.BRONZE_CRIPTO_BTC scheduled__2024-06-26T00:00:00+00:00 [queued]>
[2024-09-16 00:07:04,112] {taskinstance.py:1356} INFO - 
--------------------------------------------------------------------------------
[2024-09-16 00:07:04,112] {taskinstance.py:1357} INFO - Starting attempt 1 of 1
[2024-09-16 00:07:04,113] {taskinstance.py:1358} INFO - 
--------------------------------------------------------------------------------
[2024-09-16 00:07:04,152] {taskinstance.py:1377} INFO - Executing <Task(_PythonDecoratedOperator): BRONZE_CRIPTO_BTC> on 2024-06-26 00:00:00+00:00
[2024-09-16 00:07:04,158] {standard_task_runner.py:52} INFO - Started process 37309 to run task
[2024-09-16 00:07:04,177] {standard_task_runner.py:79} INFO - Running: ['airflow', 'tasks', 'run', 'BRONZER_GET_CRIPTOS', 'BRONZE_CRIPTO_BTC', 'scheduled__2024-06-26T00:00:00+00:00', '--job-id', '1117', '--raw', '--subdir', 'DAGS_FOLDER/get_cripto.py', '--cfg-path', '/tmp/tmpocfchkxf', '--error-file', '/tmp/tmpohmlhjc8']
[2024-09-16 00:07:04,178] {standard_task_runner.py:80} INFO - Job 1117: Subtask BRONZE_CRIPTO_BTC
[2024-09-16 00:07:04,455] {task_command.py:370} INFO - Running <TaskInstance: BRONZER_GET_CRIPTOS.BRONZE_CRIPTO_BTC scheduled__2024-06-26T00:00:00+00:00 [running]> on host kaiwang.
[2024-09-16 00:07:04,912] {taskinstance.py:1569} INFO - Exporting the following env vars:
AIRFLOW_CTX_DAG_OWNER=airflow
AIRFLOW_CTX_DAG_ID=BRONZER_GET_CRIPTOS
AIRFLOW_CTX_TASK_ID=BRONZE_CRIPTO_BTC
AIRFLOW_CTX_EXECUTION_DATE=2024-06-26T00:00:00+00:00
AIRFLOW_CTX_TRY_NUMBER=1
AIRFLOW_CTX_DAG_RUN_ID=scheduled__2024-06-26T00:00:00+00:00
[2024-09-16 00:07:07,518] {history.py:244} ERROR - $BTC: possibly delisted; no price data found  (1h 2024-06-23 -> 2024-06-26) (Yahoo error = "Data doesn't exist for startDate = 1719115200, endDate = 1719374400")
[2024-09-16 00:07:07,522] {python.py:173} INFO - Done. Returned value was: None
[2024-09-16 00:07:07,573] {taskinstance.py:1395} INFO - Marking task as SUCCESS. dag_id=BRONZER_GET_CRIPTOS, task_id=BRONZE_CRIPTO_BTC, execution_date=20240626T000000, start_date=20240916T030704, end_date=20240916T030707
[2024-09-16 00:07:07,657] {local_task_job.py:156} INFO - Task exited with return code 0
[2024-09-16 00:07:07,742] {local_task_job.py:273} INFO - 0 downstream tasks scheduled from follow-on schedule check
