[2024-09-16 00:07:53,444] {taskinstance.py:1159} INFO - Dependencies all met for <TaskInstance: BRONZER_GET_CRIPTOS.BRONZE_CRIPTO_DOGE scheduled__2024-08-07T00:00:00+00:00 [queued]>
[2024-09-16 00:07:53,457] {taskinstance.py:1159} INFO - Dependencies all met for <TaskInstance: BRONZER_GET_CRIPTOS.BRONZE_CRIPTO_DOGE scheduled__2024-08-07T00:00:00+00:00 [queued]>
[2024-09-16 00:07:53,458] {taskinstance.py:1356} INFO - 
--------------------------------------------------------------------------------
[2024-09-16 00:07:53,458] {taskinstance.py:1357} INFO - Starting attempt 1 of 1
[2024-09-16 00:07:53,458] {taskinstance.py:1358} INFO - 
--------------------------------------------------------------------------------
[2024-09-16 00:07:53,475] {taskinstance.py:1377} INFO - Executing <Task(_PythonDecoratedOperator): BRONZE_CRIPTO_DOGE> on 2024-08-07 00:00:00+00:00
[2024-09-16 00:07:53,481] {standard_task_runner.py:52} INFO - Started process 41431 to run task
[2024-09-16 00:07:53,486] {standard_task_runner.py:79} INFO - Running: ['airflow', 'tasks', 'run', 'BRONZER_GET_CRIPTOS', 'BRONZE_CRIPTO_DOGE', 'scheduled__2024-08-07T00:00:00+00:00', '--job-id', '1364', '--raw', '--subdir', 'DAGS_FOLDER/get_cripto.py', '--cfg-path', '/tmp/tmpip6qnzm1', '--error-file', '/tmp/tmp4zkfp25v']
[2024-09-16 00:07:53,487] {standard_task_runner.py:80} INFO - Job 1364: Subtask BRONZE_CRIPTO_DOGE
[2024-09-16 00:07:53,574] {task_command.py:370} INFO - Running <TaskInstance: BRONZER_GET_CRIPTOS.BRONZE_CRIPTO_DOGE scheduled__2024-08-07T00:00:00+00:00 [running]> on host kaiwang.
[2024-09-16 00:07:53,682] {taskinstance.py:1569} INFO - Exporting the following env vars:
AIRFLOW_CTX_DAG_OWNER=airflow
AIRFLOW_CTX_DAG_ID=BRONZER_GET_CRIPTOS
AIRFLOW_CTX_TASK_ID=BRONZE_CRIPTO_DOGE
AIRFLOW_CTX_EXECUTION_DATE=2024-08-07T00:00:00+00:00
AIRFLOW_CTX_TRY_NUMBER=1
AIRFLOW_CTX_DAG_RUN_ID=scheduled__2024-08-07T00:00:00+00:00
[2024-09-16 00:07:57,347] {history.py:122} ERROR - $DOGE: possibly delisted; no timezone found
[2024-09-16 00:07:57,349] {python.py:173} INFO - Done. Returned value was: None
[2024-09-16 00:07:57,367] {taskinstance.py:1395} INFO - Marking task as SUCCESS. dag_id=BRONZER_GET_CRIPTOS, task_id=BRONZE_CRIPTO_DOGE, execution_date=20240807T000000, start_date=20240916T030753, end_date=20240916T030757
[2024-09-16 00:07:57,397] {local_task_job.py:156} INFO - Task exited with return code 0
[2024-09-16 00:07:57,433] {local_task_job.py:273} INFO - 0 downstream tasks scheduled from follow-on schedule check
[2024-09-16 13:55:48,706] {taskinstance.py:1159} INFO - Dependencies all met for <TaskInstance: BRONZER_GET_CRIPTOS.BRONZE_CRIPTO_DOGE scheduled__2024-08-07T00:00:00+00:00 [queued]>
[2024-09-16 13:55:48,717] {taskinstance.py:1159} INFO - Dependencies all met for <TaskInstance: BRONZER_GET_CRIPTOS.BRONZE_CRIPTO_DOGE scheduled__2024-08-07T00:00:00+00:00 [queued]>
[2024-09-16 13:55:48,717] {taskinstance.py:1356} INFO - 
--------------------------------------------------------------------------------
[2024-09-16 13:55:48,717] {taskinstance.py:1357} INFO - Starting attempt 1 of 1
[2024-09-16 13:55:48,717] {taskinstance.py:1358} INFO - 
--------------------------------------------------------------------------------
[2024-09-16 13:55:48,730] {taskinstance.py:1377} INFO - Executing <Task(_PythonDecoratedOperator): BRONZE_CRIPTO_DOGE> on 2024-08-07 00:00:00+00:00
[2024-09-16 13:55:48,735] {standard_task_runner.py:52} INFO - Started process 136447 to run task
[2024-09-16 13:55:48,740] {standard_task_runner.py:79} INFO - Running: ['airflow', 'tasks', 'run', 'BRONZER_GET_CRIPTOS', 'BRONZE_CRIPTO_DOGE', 'scheduled__2024-08-07T00:00:00+00:00', '--job-id', '2465', '--raw', '--subdir', 'DAGS_FOLDER/get_cripto.py', '--cfg-path', '/tmp/tmpar_k3zqw', '--error-file', '/tmp/tmpp66e3twa']
[2024-09-16 13:55:48,741] {standard_task_runner.py:80} INFO - Job 2465: Subtask BRONZE_CRIPTO_DOGE
[2024-09-16 13:55:48,871] {task_command.py:370} INFO - Running <TaskInstance: BRONZER_GET_CRIPTOS.BRONZE_CRIPTO_DOGE scheduled__2024-08-07T00:00:00+00:00 [running]> on host kaiwang.
[2024-09-16 13:55:49,310] {taskinstance.py:1569} INFO - Exporting the following env vars:
AIRFLOW_CTX_DAG_OWNER=airflow
AIRFLOW_CTX_DAG_ID=BRONZER_GET_CRIPTOS
AIRFLOW_CTX_TASK_ID=BRONZE_CRIPTO_DOGE
AIRFLOW_CTX_EXECUTION_DATE=2024-08-07T00:00:00+00:00
AIRFLOW_CTX_TRY_NUMBER=1
AIRFLOW_CTX_DAG_RUN_ID=scheduled__2024-08-07T00:00:00+00:00
[2024-09-16 13:55:52,724] {history.py:122} ERROR - $DOGE: possibly delisted; no timezone found
[2024-09-16 13:55:52,732] {python.py:173} INFO - Done. Returned value was: None
[2024-09-16 13:55:52,906] {taskinstance.py:1395} INFO - Marking task as SUCCESS. dag_id=BRONZER_GET_CRIPTOS, task_id=BRONZE_CRIPTO_DOGE, execution_date=20240807T000000, start_date=20240916T165548, end_date=20240916T165552
[2024-09-16 13:55:52,981] {local_task_job.py:156} INFO - Task exited with return code 0
[2024-09-16 13:55:53,097] {local_task_job.py:273} INFO - 0 downstream tasks scheduled from follow-on schedule check
