[2024-09-16 00:08:16,136] {taskinstance.py:1159} INFO - Dependencies all met for <TaskInstance: BRONZER_GET_CRIPTOS.BRONZE_CRIPTO_BTC scheduled__2024-08-29T00:00:00+00:00 [queued]>
[2024-09-16 00:08:16,148] {taskinstance.py:1159} INFO - Dependencies all met for <TaskInstance: BRONZER_GET_CRIPTOS.BRONZE_CRIPTO_BTC scheduled__2024-08-29T00:00:00+00:00 [queued]>
[2024-09-16 00:08:16,150] {taskinstance.py:1356} INFO - 
--------------------------------------------------------------------------------
[2024-09-16 00:08:16,150] {taskinstance.py:1357} INFO - Starting attempt 1 of 1
[2024-09-16 00:08:16,150] {taskinstance.py:1358} INFO - 
--------------------------------------------------------------------------------
[2024-09-16 00:08:16,176] {taskinstance.py:1377} INFO - Executing <Task(_PythonDecoratedOperator): BRONZE_CRIPTO_BTC> on 2024-08-29 00:00:00+00:00
[2024-09-16 00:08:16,182] {standard_task_runner.py:52} INFO - Started process 42595 to run task
[2024-09-16 00:08:16,189] {standard_task_runner.py:79} INFO - Running: ['airflow', 'tasks', 'run', 'BRONZER_GET_CRIPTOS', 'BRONZE_CRIPTO_BTC', 'scheduled__2024-08-29T00:00:00+00:00', '--job-id', '1431', '--raw', '--subdir', 'DAGS_FOLDER/get_cripto.py', '--cfg-path', '/tmp/tmpqyqs0g3b', '--error-file', '/tmp/tmp6clnbfhc']
[2024-09-16 00:08:16,191] {standard_task_runner.py:80} INFO - Job 1431: Subtask BRONZE_CRIPTO_BTC
[2024-09-16 00:08:16,325] {task_command.py:370} INFO - Running <TaskInstance: BRONZER_GET_CRIPTOS.BRONZE_CRIPTO_BTC scheduled__2024-08-29T00:00:00+00:00 [running]> on host kaiwang.
[2024-09-16 00:08:16,444] {taskinstance.py:1569} INFO - Exporting the following env vars:
AIRFLOW_CTX_DAG_OWNER=airflow
AIRFLOW_CTX_DAG_ID=BRONZER_GET_CRIPTOS
AIRFLOW_CTX_TASK_ID=BRONZE_CRIPTO_BTC
AIRFLOW_CTX_EXECUTION_DATE=2024-08-29T00:00:00+00:00
AIRFLOW_CTX_TRY_NUMBER=1
AIRFLOW_CTX_DAG_RUN_ID=scheduled__2024-08-29T00:00:00+00:00
[2024-09-16 00:08:17,018] {python.py:173} INFO - Done. Returned value was: None
[2024-09-16 00:08:17,077] {taskinstance.py:1395} INFO - Marking task as SUCCESS. dag_id=BRONZER_GET_CRIPTOS, task_id=BRONZE_CRIPTO_BTC, execution_date=20240829T000000, start_date=20240916T030816, end_date=20240916T030817
[2024-09-16 00:08:17,126] {local_task_job.py:156} INFO - Task exited with return code 0
[2024-09-16 00:08:17,224] {local_task_job.py:273} INFO - 0 downstream tasks scheduled from follow-on schedule check
[2024-09-16 13:56:32,078] {taskinstance.py:1159} INFO - Dependencies all met for <TaskInstance: BRONZER_GET_CRIPTOS.BRONZE_CRIPTO_BTC scheduled__2024-08-29T00:00:00+00:00 [queued]>
[2024-09-16 13:56:32,122] {taskinstance.py:1159} INFO - Dependencies all met for <TaskInstance: BRONZER_GET_CRIPTOS.BRONZE_CRIPTO_BTC scheduled__2024-08-29T00:00:00+00:00 [queued]>
[2024-09-16 13:56:32,139] {taskinstance.py:1356} INFO - 
--------------------------------------------------------------------------------
[2024-09-16 13:56:32,139] {taskinstance.py:1357} INFO - Starting attempt 1 of 1
[2024-09-16 13:56:32,139] {taskinstance.py:1358} INFO - 
--------------------------------------------------------------------------------
[2024-09-16 13:56:32,169] {taskinstance.py:1377} INFO - Executing <Task(_PythonDecoratedOperator): BRONZE_CRIPTO_BTC> on 2024-08-29 00:00:00+00:00
[2024-09-16 13:56:32,181] {standard_task_runner.py:52} INFO - Started process 139492 to run task
[2024-09-16 13:56:32,191] {standard_task_runner.py:79} INFO - Running: ['airflow', 'tasks', 'run', 'BRONZER_GET_CRIPTOS', 'BRONZE_CRIPTO_BTC', 'scheduled__2024-08-29T00:00:00+00:00', '--job-id', '2603', '--raw', '--subdir', 'DAGS_FOLDER/get_cripto.py', '--cfg-path', '/tmp/tmpzoffgk5i', '--error-file', '/tmp/tmpfbhfjw84']
[2024-09-16 13:56:32,192] {standard_task_runner.py:80} INFO - Job 2603: Subtask BRONZE_CRIPTO_BTC
[2024-09-16 13:56:32,412] {task_command.py:370} INFO - Running <TaskInstance: BRONZER_GET_CRIPTOS.BRONZE_CRIPTO_BTC scheduled__2024-08-29T00:00:00+00:00 [running]> on host kaiwang.
[2024-09-16 13:56:32,967] {taskinstance.py:1569} INFO - Exporting the following env vars:
AIRFLOW_CTX_DAG_OWNER=airflow
AIRFLOW_CTX_DAG_ID=BRONZER_GET_CRIPTOS
AIRFLOW_CTX_TASK_ID=BRONZE_CRIPTO_BTC
AIRFLOW_CTX_EXECUTION_DATE=2024-08-29T00:00:00+00:00
AIRFLOW_CTX_TRY_NUMBER=1
AIRFLOW_CTX_DAG_RUN_ID=scheduled__2024-08-29T00:00:00+00:00
[2024-09-16 13:56:33,584] {python.py:173} INFO - Done. Returned value was: None
[2024-09-16 13:56:33,644] {taskinstance.py:1395} INFO - Marking task as SUCCESS. dag_id=BRONZER_GET_CRIPTOS, task_id=BRONZE_CRIPTO_BTC, execution_date=20240829T000000, start_date=20240916T165632, end_date=20240916T165633
[2024-09-16 13:56:33,721] {local_task_job.py:156} INFO - Task exited with return code 0
[2024-09-16 13:56:33,835] {local_task_job.py:273} INFO - 0 downstream tasks scheduled from follow-on schedule check
