[2024-09-16 00:05:32,744] {taskinstance.py:1159} INFO - Dependencies all met for <TaskInstance: BRONZER_GET_CRIPTOS.BRONZE_CRIPTO_AVAX scheduled__2024-04-23T00:00:00+00:00 [queued]>
[2024-09-16 00:05:32,794] {taskinstance.py:1159} INFO - Dependencies all met for <TaskInstance: BRONZER_GET_CRIPTOS.BRONZE_CRIPTO_AVAX scheduled__2024-04-23T00:00:00+00:00 [queued]>
[2024-09-16 00:05:32,794] {taskinstance.py:1356} INFO - 
--------------------------------------------------------------------------------
[2024-09-16 00:05:32,794] {taskinstance.py:1357} INFO - Starting attempt 1 of 1
[2024-09-16 00:05:32,795] {taskinstance.py:1358} INFO - 
--------------------------------------------------------------------------------
[2024-09-16 00:05:32,841] {taskinstance.py:1377} INFO - Executing <Task(_PythonDecoratedOperator): BRONZE_CRIPTO_AVAX> on 2024-04-23 00:00:00+00:00
[2024-09-16 00:05:32,848] {standard_task_runner.py:52} INFO - Started process 29865 to run task
[2024-09-16 00:05:32,864] {standard_task_runner.py:79} INFO - Running: ['airflow', 'tasks', 'run', 'BRONZER_GET_CRIPTOS', 'BRONZE_CRIPTO_AVAX', 'scheduled__2024-04-23T00:00:00+00:00', '--job-id', '692', '--raw', '--subdir', 'DAGS_FOLDER/get_cripto.py', '--cfg-path', '/tmp/tmpcs2fpc3h', '--error-file', '/tmp/tmpd7av_e6j']
[2024-09-16 00:05:32,865] {standard_task_runner.py:80} INFO - Job 692: Subtask BRONZE_CRIPTO_AVAX
[2024-09-16 00:05:33,180] {task_command.py:370} INFO - Running <TaskInstance: BRONZER_GET_CRIPTOS.BRONZE_CRIPTO_AVAX scheduled__2024-04-23T00:00:00+00:00 [running]> on host kaiwang.
[2024-09-16 00:05:33,498] {taskinstance.py:1569} INFO - Exporting the following env vars:
AIRFLOW_CTX_DAG_OWNER=airflow
AIRFLOW_CTX_DAG_ID=BRONZER_GET_CRIPTOS
AIRFLOW_CTX_TASK_ID=BRONZE_CRIPTO_AVAX
AIRFLOW_CTX_EXECUTION_DATE=2024-04-23T00:00:00+00:00
AIRFLOW_CTX_TRY_NUMBER=1
AIRFLOW_CTX_DAG_RUN_ID=scheduled__2024-04-23T00:00:00+00:00
[2024-09-16 00:05:36,425] {history.py:122} ERROR - $AVAX: possibly delisted; no timezone found
[2024-09-16 00:05:36,429] {python.py:173} INFO - Done. Returned value was: None
[2024-09-16 00:05:36,484] {taskinstance.py:1395} INFO - Marking task as SUCCESS. dag_id=BRONZER_GET_CRIPTOS, task_id=BRONZE_CRIPTO_AVAX, execution_date=20240423T000000, start_date=20240916T030532, end_date=20240916T030536
[2024-09-16 00:05:36,546] {local_task_job.py:156} INFO - Task exited with return code 0
[2024-09-16 00:05:36,604] {local_task_job.py:273} INFO - 0 downstream tasks scheduled from follow-on schedule check
