[2024-09-16 00:07:04,440] {taskinstance.py:1159} INFO - Dependencies all met for <TaskInstance: BRONZER_GET_STONCKS.BRONZE_STONCKS_MSFT scheduled__2024-08-01T00:00:00+00:00 [queued]>
[2024-09-16 00:07:04,502] {taskinstance.py:1159} INFO - Dependencies all met for <TaskInstance: BRONZER_GET_STONCKS.BRONZE_STONCKS_MSFT scheduled__2024-08-01T00:00:00+00:00 [queued]>
[2024-09-16 00:07:04,503] {taskinstance.py:1356} INFO - 
--------------------------------------------------------------------------------
[2024-09-16 00:07:04,503] {taskinstance.py:1357} INFO - Starting attempt 1 of 1
[2024-09-16 00:07:04,503] {taskinstance.py:1358} INFO - 
--------------------------------------------------------------------------------
[2024-09-16 00:07:04,573] {taskinstance.py:1377} INFO - Executing <Task(_PythonDecoratedOperator): BRONZE_STONCKS_MSFT> on 2024-08-01 00:00:00+00:00
[2024-09-16 00:07:04,597] {standard_task_runner.py:79} INFO - Running: ['airflow', 'tasks', 'run', 'BRONZER_GET_STONCKS', 'BRONZE_STONCKS_MSFT', 'scheduled__2024-08-01T00:00:00+00:00', '--job-id', '1122', '--raw', '--subdir', 'DAGS_FOLDER/get_stocks.py', '--cfg-path', '/tmp/tmp7kmjx676', '--error-file', '/tmp/tmpdx684wxb']
[2024-09-16 00:07:04,599] {standard_task_runner.py:80} INFO - Job 1122: Subtask BRONZE_STONCKS_MSFT
[2024-09-16 00:07:04,579] {standard_task_runner.py:52} INFO - Started process 37349 to run task
[2024-09-16 00:07:05,076] {task_command.py:370} INFO - Running <TaskInstance: BRONZER_GET_STONCKS.BRONZE_STONCKS_MSFT scheduled__2024-08-01T00:00:00+00:00 [running]> on host kaiwang.
[2024-09-16 00:07:05,491] {taskinstance.py:1569} INFO - Exporting the following env vars:
AIRFLOW_CTX_DAG_OWNER=airflow
AIRFLOW_CTX_DAG_ID=BRONZER_GET_STONCKS
AIRFLOW_CTX_TASK_ID=BRONZE_STONCKS_MSFT
AIRFLOW_CTX_EXECUTION_DATE=2024-08-01T00:00:00+00:00
AIRFLOW_CTX_TRY_NUMBER=1
AIRFLOW_CTX_DAG_RUN_ID=scheduled__2024-08-01T00:00:00+00:00
[2024-09-16 00:07:06,330] {python.py:173} INFO - Done. Returned value was: None
[2024-09-16 00:07:06,435] {taskinstance.py:1395} INFO - Marking task as SUCCESS. dag_id=BRONZER_GET_STONCKS, task_id=BRONZE_STONCKS_MSFT, execution_date=20240801T000000, start_date=20240916T030704, end_date=20240916T030706
[2024-09-16 00:07:06,534] {local_task_job.py:156} INFO - Task exited with return code 0
[2024-09-16 00:07:06,835] {local_task_job.py:273} INFO - 0 downstream tasks scheduled from follow-on schedule check
[2024-09-16 13:55:42,459] {taskinstance.py:1159} INFO - Dependencies all met for <TaskInstance: BRONZER_GET_STONCKS.BRONZE_STONCKS_MSFT scheduled__2024-08-01T00:00:00+00:00 [queued]>
[2024-09-16 13:55:42,480] {taskinstance.py:1159} INFO - Dependencies all met for <TaskInstance: BRONZER_GET_STONCKS.BRONZE_STONCKS_MSFT scheduled__2024-08-01T00:00:00+00:00 [queued]>
[2024-09-16 13:55:42,480] {taskinstance.py:1356} INFO - 
--------------------------------------------------------------------------------
[2024-09-16 13:55:42,480] {taskinstance.py:1357} INFO - Starting attempt 1 of 1
[2024-09-16 13:55:42,480] {taskinstance.py:1358} INFO - 
--------------------------------------------------------------------------------
[2024-09-16 13:55:42,507] {taskinstance.py:1377} INFO - Executing <Task(_PythonDecoratedOperator): BRONZE_STONCKS_MSFT> on 2024-08-01 00:00:00+00:00
[2024-09-16 13:55:42,514] {standard_task_runner.py:52} INFO - Started process 135885 to run task
[2024-09-16 13:55:42,526] {standard_task_runner.py:79} INFO - Running: ['airflow', 'tasks', 'run', 'BRONZER_GET_STONCKS', 'BRONZE_STONCKS_MSFT', 'scheduled__2024-08-01T00:00:00+00:00', '--job-id', '2440', '--raw', '--subdir', 'DAGS_FOLDER/get_stocks.py', '--cfg-path', '/tmp/tmp3lmsyy9z', '--error-file', '/tmp/tmp2l7hxxkf']
[2024-09-16 13:55:42,527] {standard_task_runner.py:80} INFO - Job 2440: Subtask BRONZE_STONCKS_MSFT
[2024-09-16 13:55:42,662] {task_command.py:370} INFO - Running <TaskInstance: BRONZER_GET_STONCKS.BRONZE_STONCKS_MSFT scheduled__2024-08-01T00:00:00+00:00 [running]> on host kaiwang.
[2024-09-16 13:55:43,127] {taskinstance.py:1569} INFO - Exporting the following env vars:
AIRFLOW_CTX_DAG_OWNER=airflow
AIRFLOW_CTX_DAG_ID=BRONZER_GET_STONCKS
AIRFLOW_CTX_TASK_ID=BRONZE_STONCKS_MSFT
AIRFLOW_CTX_EXECUTION_DATE=2024-08-01T00:00:00+00:00
AIRFLOW_CTX_TRY_NUMBER=1
AIRFLOW_CTX_DAG_RUN_ID=scheduled__2024-08-01T00:00:00+00:00
[2024-09-16 13:55:43,811] {python.py:173} INFO - Done. Returned value was: None
[2024-09-16 13:55:43,892] {taskinstance.py:1395} INFO - Marking task as SUCCESS. dag_id=BRONZER_GET_STONCKS, task_id=BRONZE_STONCKS_MSFT, execution_date=20240801T000000, start_date=20240916T165542, end_date=20240916T165543
[2024-09-16 13:55:43,939] {local_task_job.py:156} INFO - Task exited with return code 0
[2024-09-16 13:55:44,048] {local_task_job.py:273} INFO - 0 downstream tasks scheduled from follow-on schedule check
