[2024-09-16 00:08:27,714] {taskinstance.py:1159} INFO - Dependencies all met for <TaskInstance: BRONZER_GET_CRIPTOS.BRONZE_CRIPTO_AVAX scheduled__2024-09-13T00:00:00+00:00 [queued]>
[2024-09-16 00:08:27,726] {taskinstance.py:1159} INFO - Dependencies all met for <TaskInstance: BRONZER_GET_CRIPTOS.BRONZE_CRIPTO_AVAX scheduled__2024-09-13T00:00:00+00:00 [queued]>
[2024-09-16 00:08:27,726] {taskinstance.py:1356} INFO - 
--------------------------------------------------------------------------------
[2024-09-16 00:08:27,726] {taskinstance.py:1357} INFO - Starting attempt 1 of 1
[2024-09-16 00:08:27,726] {taskinstance.py:1358} INFO - 
--------------------------------------------------------------------------------
[2024-09-16 00:08:27,739] {taskinstance.py:1377} INFO - Executing <Task(_PythonDecoratedOperator): BRONZE_CRIPTO_AVAX> on 2024-09-13 00:00:00+00:00
[2024-09-16 00:08:27,744] {standard_task_runner.py:52} INFO - Started process 43298 to run task
[2024-09-16 00:08:27,748] {standard_task_runner.py:79} INFO - Running: ['airflow', 'tasks', 'run', 'BRONZER_GET_CRIPTOS', 'BRONZE_CRIPTO_AVAX', 'scheduled__2024-09-13T00:00:00+00:00', '--job-id', '1471', '--raw', '--subdir', 'DAGS_FOLDER/get_cripto.py', '--cfg-path', '/tmp/tmpcfrl88yc', '--error-file', '/tmp/tmpxqjytgun']
[2024-09-16 00:08:27,749] {standard_task_runner.py:80} INFO - Job 1471: Subtask BRONZE_CRIPTO_AVAX
[2024-09-16 00:08:27,831] {task_command.py:370} INFO - Running <TaskInstance: BRONZER_GET_CRIPTOS.BRONZE_CRIPTO_AVAX scheduled__2024-09-13T00:00:00+00:00 [running]> on host kaiwang.
[2024-09-16 00:08:27,922] {taskinstance.py:1569} INFO - Exporting the following env vars:
AIRFLOW_CTX_DAG_OWNER=airflow
AIRFLOW_CTX_DAG_ID=BRONZER_GET_CRIPTOS
AIRFLOW_CTX_TASK_ID=BRONZE_CRIPTO_AVAX
AIRFLOW_CTX_EXECUTION_DATE=2024-09-13T00:00:00+00:00
AIRFLOW_CTX_TRY_NUMBER=1
AIRFLOW_CTX_DAG_RUN_ID=scheduled__2024-09-13T00:00:00+00:00
[2024-09-16 00:08:30,368] {history.py:122} ERROR - $AVAX: possibly delisted; no timezone found
[2024-09-16 00:08:30,373] {python.py:173} INFO - Done. Returned value was: None
[2024-09-16 00:08:30,393] {taskinstance.py:1395} INFO - Marking task as SUCCESS. dag_id=BRONZER_GET_CRIPTOS, task_id=BRONZE_CRIPTO_AVAX, execution_date=20240913T000000, start_date=20240916T030827, end_date=20240916T030830
[2024-09-16 00:08:30,411] {local_task_job.py:156} INFO - Task exited with return code 0
[2024-09-16 00:08:30,443] {local_task_job.py:273} INFO - 0 downstream tasks scheduled from follow-on schedule check
[2024-09-16 13:56:55,722] {taskinstance.py:1159} INFO - Dependencies all met for <TaskInstance: BRONZER_GET_CRIPTOS.BRONZE_CRIPTO_AVAX scheduled__2024-09-13T00:00:00+00:00 [queued]>
[2024-09-16 13:56:55,736] {taskinstance.py:1159} INFO - Dependencies all met for <TaskInstance: BRONZER_GET_CRIPTOS.BRONZE_CRIPTO_AVAX scheduled__2024-09-13T00:00:00+00:00 [queued]>
[2024-09-16 13:56:55,736] {taskinstance.py:1356} INFO - 
--------------------------------------------------------------------------------
[2024-09-16 13:56:55,736] {taskinstance.py:1357} INFO - Starting attempt 1 of 1
[2024-09-16 13:56:55,736] {taskinstance.py:1358} INFO - 
--------------------------------------------------------------------------------
[2024-09-16 13:56:55,757] {taskinstance.py:1377} INFO - Executing <Task(_PythonDecoratedOperator): BRONZE_CRIPTO_AVAX> on 2024-09-13 00:00:00+00:00
[2024-09-16 13:56:55,764] {standard_task_runner.py:52} INFO - Started process 141286 to run task
[2024-09-16 13:56:55,772] {standard_task_runner.py:79} INFO - Running: ['airflow', 'tasks', 'run', 'BRONZER_GET_CRIPTOS', 'BRONZE_CRIPTO_AVAX', 'scheduled__2024-09-13T00:00:00+00:00', '--job-id', '2684', '--raw', '--subdir', 'DAGS_FOLDER/get_cripto.py', '--cfg-path', '/tmp/tmpll9jhi5m', '--error-file', '/tmp/tmpy9jps0ry']
[2024-09-16 13:56:55,773] {standard_task_runner.py:80} INFO - Job 2684: Subtask BRONZE_CRIPTO_AVAX
[2024-09-16 13:56:55,899] {task_command.py:370} INFO - Running <TaskInstance: BRONZER_GET_CRIPTOS.BRONZE_CRIPTO_AVAX scheduled__2024-09-13T00:00:00+00:00 [running]> on host kaiwang.
[2024-09-16 13:56:56,389] {taskinstance.py:1569} INFO - Exporting the following env vars:
AIRFLOW_CTX_DAG_OWNER=airflow
AIRFLOW_CTX_DAG_ID=BRONZER_GET_CRIPTOS
AIRFLOW_CTX_TASK_ID=BRONZE_CRIPTO_AVAX
AIRFLOW_CTX_EXECUTION_DATE=2024-09-13T00:00:00+00:00
AIRFLOW_CTX_TRY_NUMBER=1
AIRFLOW_CTX_DAG_RUN_ID=scheduled__2024-09-13T00:00:00+00:00
[2024-09-16 13:57:00,074] {history.py:122} ERROR - $AVAX: possibly delisted; no timezone found
[2024-09-16 13:57:00,076] {python.py:173} INFO - Done. Returned value was: None
[2024-09-16 13:57:00,091] {taskinstance.py:1395} INFO - Marking task as SUCCESS. dag_id=BRONZER_GET_CRIPTOS, task_id=BRONZE_CRIPTO_AVAX, execution_date=20240913T000000, start_date=20240916T165655, end_date=20240916T165700
[2024-09-16 13:57:00,122] {local_task_job.py:156} INFO - Task exited with return code 0
[2024-09-16 13:57:00,156] {local_task_job.py:273} INFO - 0 downstream tasks scheduled from follow-on schedule check
