[2024-09-16 00:04:05,637] {taskinstance.py:1159} INFO - Dependencies all met for <TaskInstance: BRONZER_GET_CRIPTOS.BRONZE_CRIPTO_AVAX scheduled__2024-02-17T00:00:00+00:00 [queued]>
[2024-09-16 00:04:05,687] {taskinstance.py:1159} INFO - Dependencies all met for <TaskInstance: BRONZER_GET_CRIPTOS.BRONZE_CRIPTO_AVAX scheduled__2024-02-17T00:00:00+00:00 [queued]>
[2024-09-16 00:04:05,688] {taskinstance.py:1356} INFO - 
--------------------------------------------------------------------------------
[2024-09-16 00:04:05,688] {taskinstance.py:1357} INFO - Starting attempt 1 of 1
[2024-09-16 00:04:05,688] {taskinstance.py:1358} INFO - 
--------------------------------------------------------------------------------
[2024-09-16 00:04:05,806] {taskinstance.py:1377} INFO - Executing <Task(_PythonDecoratedOperator): BRONZE_CRIPTO_AVAX> on 2024-02-17 00:00:00+00:00
[2024-09-16 00:04:05,848] {standard_task_runner.py:52} INFO - Started process 22919 to run task
[2024-09-16 00:04:05,888] {standard_task_runner.py:79} INFO - Running: ['airflow', 'tasks', 'run', 'BRONZER_GET_CRIPTOS', 'BRONZE_CRIPTO_AVAX', 'scheduled__2024-02-17T00:00:00+00:00', '--job-id', '286', '--raw', '--subdir', 'DAGS_FOLDER/get_cripto.py', '--cfg-path', '/tmp/tmpslhkns2c', '--error-file', '/tmp/tmpd1pqo6m6']
[2024-09-16 00:04:05,889] {standard_task_runner.py:80} INFO - Job 286: Subtask BRONZE_CRIPTO_AVAX
[2024-09-16 00:04:06,408] {task_command.py:370} INFO - Running <TaskInstance: BRONZER_GET_CRIPTOS.BRONZE_CRIPTO_AVAX scheduled__2024-02-17T00:00:00+00:00 [running]> on host kaiwang.
[2024-09-16 00:04:06,928] {taskinstance.py:1569} INFO - Exporting the following env vars:
AIRFLOW_CTX_DAG_OWNER=airflow
AIRFLOW_CTX_DAG_ID=BRONZER_GET_CRIPTOS
AIRFLOW_CTX_TASK_ID=BRONZE_CRIPTO_AVAX
AIRFLOW_CTX_EXECUTION_DATE=2024-02-17T00:00:00+00:00
AIRFLOW_CTX_TRY_NUMBER=1
AIRFLOW_CTX_DAG_RUN_ID=scheduled__2024-02-17T00:00:00+00:00
[2024-09-16 00:04:10,735] {history.py:122} ERROR - $AVAX: possibly delisted; no timezone found
[2024-09-16 00:04:10,772] {python.py:173} INFO - Done. Returned value was: None
[2024-09-16 00:04:10,950] {taskinstance.py:1395} INFO - Marking task as SUCCESS. dag_id=BRONZER_GET_CRIPTOS, task_id=BRONZE_CRIPTO_AVAX, execution_date=20240217T000000, start_date=20240916T030405, end_date=20240916T030410
[2024-09-16 00:04:11,089] {local_task_job.py:156} INFO - Task exited with return code 0
[2024-09-16 00:04:11,198] {local_task_job.py:273} INFO - 0 downstream tasks scheduled from follow-on schedule check
[2024-09-16 00:13:43,858] {taskinstance.py:1159} INFO - Dependencies all met for <TaskInstance: BRONZER_GET_CRIPTOS.BRONZE_CRIPTO_AVAX scheduled__2024-02-17T00:00:00+00:00 [queued]>
[2024-09-16 00:13:43,883] {taskinstance.py:1159} INFO - Dependencies all met for <TaskInstance: BRONZER_GET_CRIPTOS.BRONZE_CRIPTO_AVAX scheduled__2024-02-17T00:00:00+00:00 [queued]>
[2024-09-16 00:13:43,884] {taskinstance.py:1356} INFO - 
--------------------------------------------------------------------------------
[2024-09-16 00:13:43,884] {taskinstance.py:1357} INFO - Starting attempt 1 of 1
[2024-09-16 00:13:43,884] {taskinstance.py:1358} INFO - 
--------------------------------------------------------------------------------
[2024-09-16 00:13:43,922] {taskinstance.py:1377} INFO - Executing <Task(_PythonDecoratedOperator): BRONZE_CRIPTO_AVAX> on 2024-02-17 00:00:00+00:00
[2024-09-16 00:13:43,928] {standard_task_runner.py:52} INFO - Started process 48581 to run task
[2024-09-16 00:13:43,947] {standard_task_runner.py:79} INFO - Running: ['airflow', 'tasks', 'run', 'BRONZER_GET_CRIPTOS', 'BRONZE_CRIPTO_AVAX', 'scheduled__2024-02-17T00:00:00+00:00', '--job-id', '1762', '--raw', '--subdir', 'DAGS_FOLDER/get_cripto.py', '--cfg-path', '/tmp/tmpgctdoqmh', '--error-file', '/tmp/tmpyb04gipv']
[2024-09-16 00:13:43,948] {standard_task_runner.py:80} INFO - Job 1762: Subtask BRONZE_CRIPTO_AVAX
[2024-09-16 00:13:44,291] {task_command.py:370} INFO - Running <TaskInstance: BRONZER_GET_CRIPTOS.BRONZE_CRIPTO_AVAX scheduled__2024-02-17T00:00:00+00:00 [running]> on host kaiwang.
[2024-09-16 00:13:44,613] {taskinstance.py:1569} INFO - Exporting the following env vars:
AIRFLOW_CTX_DAG_OWNER=airflow
AIRFLOW_CTX_DAG_ID=BRONZER_GET_CRIPTOS
AIRFLOW_CTX_TASK_ID=BRONZE_CRIPTO_AVAX
AIRFLOW_CTX_EXECUTION_DATE=2024-02-17T00:00:00+00:00
AIRFLOW_CTX_TRY_NUMBER=1
AIRFLOW_CTX_DAG_RUN_ID=scheduled__2024-02-17T00:00:00+00:00
[2024-09-16 00:13:47,767] {history.py:122} ERROR - $AVAX: possibly delisted; no timezone found
[2024-09-16 00:13:47,771] {python.py:173} INFO - Done. Returned value was: None
[2024-09-16 00:13:47,819] {taskinstance.py:1395} INFO - Marking task as SUCCESS. dag_id=BRONZER_GET_CRIPTOS, task_id=BRONZE_CRIPTO_AVAX, execution_date=20240217T000000, start_date=20240916T031343, end_date=20240916T031347
[2024-09-16 00:13:47,883] {local_task_job.py:156} INFO - Task exited with return code 0
[2024-09-16 00:13:47,990] {local_task_job.py:273} INFO - 0 downstream tasks scheduled from follow-on schedule check
[2024-09-16 00:13:48,063] {dagrun.py:562} INFO - Marking run <DagRun BRONZER_GET_CRIPTOS @ 2024-02-17 00:00:00+00:00: scheduled__2024-02-17T00:00:00+00:00, externally triggered: False> successful
[2024-09-16 00:13:48,064] {dagrun.py:607} INFO - DagRun Finished: dag_id=BRONZER_GET_CRIPTOS, execution_date=2024-02-17 00:00:00+00:00, run_id=scheduled__2024-02-17T00:00:00+00:00, run_start_date=2024-09-16 03:13:35.479741+00:00, run_end_date=2024-09-16 03:13:48.064620+00:00, run_duration=12.584879, state=success, external_trigger=False, run_type=scheduled, data_interval_start=2024-02-17 00:00:00+00:00, data_interval_end=2024-02-20 00:00:00+00:00, dag_hash=1b0e05745af7e62e6f3fe786bbb48ff8
[2024-09-16 00:15:22,672] {taskinstance.py:1159} INFO - Dependencies all met for <TaskInstance: BRONZER_GET_CRIPTOS.BRONZE_CRIPTO_AVAX scheduled__2024-02-17T00:00:00+00:00 [queued]>
[2024-09-16 00:15:22,705] {taskinstance.py:1159} INFO - Dependencies all met for <TaskInstance: BRONZER_GET_CRIPTOS.BRONZE_CRIPTO_AVAX scheduled__2024-02-17T00:00:00+00:00 [queued]>
[2024-09-16 00:15:22,705] {taskinstance.py:1356} INFO - 
--------------------------------------------------------------------------------
[2024-09-16 00:15:22,706] {taskinstance.py:1357} INFO - Starting attempt 1 of 1
[2024-09-16 00:15:22,706] {taskinstance.py:1358} INFO - 
--------------------------------------------------------------------------------
[2024-09-16 00:15:22,796] {taskinstance.py:1377} INFO - Executing <Task(_PythonDecoratedOperator): BRONZE_CRIPTO_AVAX> on 2024-02-17 00:00:00+00:00
[2024-09-16 00:15:22,807] {standard_task_runner.py:52} INFO - Started process 54305 to run task
[2024-09-16 00:15:22,837] {standard_task_runner.py:79} INFO - Running: ['airflow', 'tasks', 'run', 'BRONZER_GET_CRIPTOS', 'BRONZE_CRIPTO_AVAX', 'scheduled__2024-02-17T00:00:00+00:00', '--job-id', '2085', '--raw', '--subdir', 'DAGS_FOLDER/get_cripto.py', '--cfg-path', '/tmp/tmpd761kctp', '--error-file', '/tmp/tmp5vlkodp1']
[2024-09-16 00:15:22,838] {standard_task_runner.py:80} INFO - Job 2085: Subtask BRONZE_CRIPTO_AVAX
[2024-09-16 00:15:23,195] {task_command.py:370} INFO - Running <TaskInstance: BRONZER_GET_CRIPTOS.BRONZE_CRIPTO_AVAX scheduled__2024-02-17T00:00:00+00:00 [running]> on host kaiwang.
[2024-09-16 00:15:23,601] {taskinstance.py:1569} INFO - Exporting the following env vars:
AIRFLOW_CTX_DAG_OWNER=airflow
AIRFLOW_CTX_DAG_ID=BRONZER_GET_CRIPTOS
AIRFLOW_CTX_TASK_ID=BRONZE_CRIPTO_AVAX
AIRFLOW_CTX_EXECUTION_DATE=2024-02-17T00:00:00+00:00
AIRFLOW_CTX_TRY_NUMBER=1
AIRFLOW_CTX_DAG_RUN_ID=scheduled__2024-02-17T00:00:00+00:00
[2024-09-16 00:15:26,619] {history.py:122} ERROR - $AVAX: possibly delisted; no timezone found
[2024-09-16 00:15:26,627] {python.py:173} INFO - Done. Returned value was: None
[2024-09-16 00:15:26,657] {taskinstance.py:1395} INFO - Marking task as SUCCESS. dag_id=BRONZER_GET_CRIPTOS, task_id=BRONZE_CRIPTO_AVAX, execution_date=20240217T000000, start_date=20240916T031522, end_date=20240916T031526
[2024-09-16 00:15:26,683] {local_task_job.py:156} INFO - Task exited with return code 0
[2024-09-16 00:15:26,729] {local_task_job.py:273} INFO - 0 downstream tasks scheduled from follow-on schedule check
