[2024-09-16 00:06:42,966] {taskinstance.py:1159} INFO - Dependencies all met for <TaskInstance: BRONZER_GET_STONCKS.BRONZE_STONCKS_AAPL scheduled__2024-07-16T00:00:00+00:00 [queued]>
[2024-09-16 00:06:42,980] {taskinstance.py:1159} INFO - Dependencies all met for <TaskInstance: BRONZER_GET_STONCKS.BRONZE_STONCKS_AAPL scheduled__2024-07-16T00:00:00+00:00 [queued]>
[2024-09-16 00:06:42,981] {taskinstance.py:1356} INFO - 
--------------------------------------------------------------------------------
[2024-09-16 00:06:42,981] {taskinstance.py:1357} INFO - Starting attempt 1 of 1
[2024-09-16 00:06:42,981] {taskinstance.py:1358} INFO - 
--------------------------------------------------------------------------------
[2024-09-16 00:06:43,000] {taskinstance.py:1377} INFO - Executing <Task(_PythonDecoratedOperator): BRONZE_STONCKS_AAPL> on 2024-07-16 00:00:00+00:00
[2024-09-16 00:06:43,005] {standard_task_runner.py:52} INFO - Started process 35559 to run task
[2024-09-16 00:06:43,036] {standard_task_runner.py:79} INFO - Running: ['airflow', 'tasks', 'run', 'BRONZER_GET_STONCKS', 'BRONZE_STONCKS_AAPL', 'scheduled__2024-07-16T00:00:00+00:00', '--job-id', '1024', '--raw', '--subdir', 'DAGS_FOLDER/get_stocks.py', '--cfg-path', '/tmp/tmp9jc7qylf', '--error-file', '/tmp/tmpp5o0idxc']
[2024-09-16 00:06:43,037] {standard_task_runner.py:80} INFO - Job 1024: Subtask BRONZE_STONCKS_AAPL
[2024-09-16 00:06:43,227] {task_command.py:370} INFO - Running <TaskInstance: BRONZER_GET_STONCKS.BRONZE_STONCKS_AAPL scheduled__2024-07-16T00:00:00+00:00 [running]> on host kaiwang.
[2024-09-16 00:06:43,550] {taskinstance.py:1569} INFO - Exporting the following env vars:
AIRFLOW_CTX_DAG_OWNER=airflow
AIRFLOW_CTX_DAG_ID=BRONZER_GET_STONCKS
AIRFLOW_CTX_TASK_ID=BRONZE_STONCKS_AAPL
AIRFLOW_CTX_EXECUTION_DATE=2024-07-16T00:00:00+00:00
AIRFLOW_CTX_TRY_NUMBER=1
AIRFLOW_CTX_DAG_RUN_ID=scheduled__2024-07-16T00:00:00+00:00
[2024-09-16 00:06:44,144] {python.py:173} INFO - Done. Returned value was: None
[2024-09-16 00:06:44,161] {taskinstance.py:1395} INFO - Marking task as SUCCESS. dag_id=BRONZER_GET_STONCKS, task_id=BRONZE_STONCKS_AAPL, execution_date=20240716T000000, start_date=20240916T030642, end_date=20240916T030644
[2024-09-16 00:06:44,178] {local_task_job.py:156} INFO - Task exited with return code 0
[2024-09-16 00:06:44,220] {local_task_job.py:273} INFO - 0 downstream tasks scheduled from follow-on schedule check
