[2024-09-16 00:04:56,406] {taskinstance.py:1159} INFO - Dependencies all met for <TaskInstance: BRONZER_GET_CRIPTOS.BRONZE_CRIPTO_ETH scheduled__2024-03-26T00:00:00+00:00 [queued]>
[2024-09-16 00:04:56,420] {taskinstance.py:1159} INFO - Dependencies all met for <TaskInstance: BRONZER_GET_CRIPTOS.BRONZE_CRIPTO_ETH scheduled__2024-03-26T00:00:00+00:00 [queued]>
[2024-09-16 00:04:56,420] {taskinstance.py:1356} INFO - 
--------------------------------------------------------------------------------
[2024-09-16 00:04:56,420] {taskinstance.py:1357} INFO - Starting attempt 1 of 1
[2024-09-16 00:04:56,420] {taskinstance.py:1358} INFO - 
--------------------------------------------------------------------------------
[2024-09-16 00:04:56,478] {taskinstance.py:1377} INFO - Executing <Task(_PythonDecoratedOperator): BRONZE_CRIPTO_ETH> on 2024-03-26 00:00:00+00:00
[2024-09-16 00:04:56,483] {standard_task_runner.py:52} INFO - Started process 26987 to run task
[2024-09-16 00:04:56,496] {standard_task_runner.py:79} INFO - Running: ['airflow', 'tasks', 'run', 'BRONZER_GET_CRIPTOS', 'BRONZE_CRIPTO_ETH', 'scheduled__2024-03-26T00:00:00+00:00', '--job-id', '518', '--raw', '--subdir', 'DAGS_FOLDER/get_cripto.py', '--cfg-path', '/tmp/tmpiq0xil4m', '--error-file', '/tmp/tmp9u87zdqe']
[2024-09-16 00:04:56,497] {standard_task_runner.py:80} INFO - Job 518: Subtask BRONZE_CRIPTO_ETH
[2024-09-16 00:04:56,707] {task_command.py:370} INFO - Running <TaskInstance: BRONZER_GET_CRIPTOS.BRONZE_CRIPTO_ETH scheduled__2024-03-26T00:00:00+00:00 [running]> on host kaiwang.
[2024-09-16 00:04:56,982] {taskinstance.py:1569} INFO - Exporting the following env vars:
AIRFLOW_CTX_DAG_OWNER=airflow
AIRFLOW_CTX_DAG_ID=BRONZER_GET_CRIPTOS
AIRFLOW_CTX_TASK_ID=BRONZE_CRIPTO_ETH
AIRFLOW_CTX_EXECUTION_DATE=2024-03-26T00:00:00+00:00
AIRFLOW_CTX_TRY_NUMBER=1
AIRFLOW_CTX_DAG_RUN_ID=scheduled__2024-03-26T00:00:00+00:00
[2024-09-16 00:05:00,204] {history.py:244} ERROR - $ETH: possibly delisted; no price data found  (1h 2024-03-23 -> 2024-03-26) (Yahoo error = "Data doesn't exist for startDate = 1711166400, endDate = 1711425600")
[2024-09-16 00:05:00,207] {python.py:173} INFO - Done. Returned value was: None
[2024-09-16 00:05:00,798] {taskinstance.py:1395} INFO - Marking task as SUCCESS. dag_id=BRONZER_GET_CRIPTOS, task_id=BRONZE_CRIPTO_ETH, execution_date=20240326T000000, start_date=20240916T030456, end_date=20240916T030500
[2024-09-16 00:05:00,954] {local_task_job.py:156} INFO - Task exited with return code 0
[2024-09-16 00:05:01,142] {local_task_job.py:273} INFO - 0 downstream tasks scheduled from follow-on schedule check
[2024-09-16 00:16:12,621] {taskinstance.py:1159} INFO - Dependencies all met for <TaskInstance: BRONZER_GET_CRIPTOS.BRONZE_CRIPTO_ETH scheduled__2024-03-26T00:00:00+00:00 [queued]>
[2024-09-16 00:16:12,652] {taskinstance.py:1159} INFO - Dependencies all met for <TaskInstance: BRONZER_GET_CRIPTOS.BRONZE_CRIPTO_ETH scheduled__2024-03-26T00:00:00+00:00 [queued]>
[2024-09-16 00:16:12,652] {taskinstance.py:1356} INFO - 
--------------------------------------------------------------------------------
[2024-09-16 00:16:12,653] {taskinstance.py:1357} INFO - Starting attempt 1 of 1
[2024-09-16 00:16:12,653] {taskinstance.py:1358} INFO - 
--------------------------------------------------------------------------------
[2024-09-16 00:16:12,700] {taskinstance.py:1377} INFO - Executing <Task(_PythonDecoratedOperator): BRONZE_CRIPTO_ETH> on 2024-03-26 00:00:00+00:00
[2024-09-16 00:16:12,707] {standard_task_runner.py:52} INFO - Started process 58415 to run task
[2024-09-16 00:16:12,728] {standard_task_runner.py:79} INFO - Running: ['airflow', 'tasks', 'run', 'BRONZER_GET_CRIPTOS', 'BRONZE_CRIPTO_ETH', 'scheduled__2024-03-26T00:00:00+00:00', '--job-id', '2325', '--raw', '--subdir', 'DAGS_FOLDER/get_cripto.py', '--cfg-path', '/tmp/tmp4k5e6b8j', '--error-file', '/tmp/tmpm8qv9t77']
[2024-09-16 00:16:12,729] {standard_task_runner.py:80} INFO - Job 2325: Subtask BRONZE_CRIPTO_ETH
[2024-09-16 00:16:13,056] {task_command.py:370} INFO - Running <TaskInstance: BRONZER_GET_CRIPTOS.BRONZE_CRIPTO_ETH scheduled__2024-03-26T00:00:00+00:00 [running]> on host kaiwang.
[2024-09-16 00:16:13,375] {taskinstance.py:1569} INFO - Exporting the following env vars:
AIRFLOW_CTX_DAG_OWNER=airflow
AIRFLOW_CTX_DAG_ID=BRONZER_GET_CRIPTOS
AIRFLOW_CTX_TASK_ID=BRONZE_CRIPTO_ETH
AIRFLOW_CTX_EXECUTION_DATE=2024-03-26T00:00:00+00:00
AIRFLOW_CTX_TRY_NUMBER=1
AIRFLOW_CTX_DAG_RUN_ID=scheduled__2024-03-26T00:00:00+00:00
[2024-09-16 00:16:16,378] {history.py:244} ERROR - $ETH: possibly delisted; no price data found  (1h 2024-03-23 -> 2024-03-26) (Yahoo error = "Data doesn't exist for startDate = 1711166400, endDate = 1711425600")
[2024-09-16 00:16:16,382] {python.py:173} INFO - Done. Returned value was: None
[2024-09-16 00:16:16,496] {taskinstance.py:1395} INFO - Marking task as SUCCESS. dag_id=BRONZER_GET_CRIPTOS, task_id=BRONZE_CRIPTO_ETH, execution_date=20240326T000000, start_date=20240916T031612, end_date=20240916T031616
[2024-09-16 00:16:16,558] {local_task_job.py:156} INFO - Task exited with return code 0
[2024-09-16 00:16:16,932] {local_task_job.py:273} INFO - 0 downstream tasks scheduled from follow-on schedule check
