[2024-09-16 00:07:04,067] {taskinstance.py:1159} INFO - Dependencies all met for <TaskInstance: BRONZER_GET_STONCKS.BRONZE_STONCKS_TSLA scheduled__2024-08-01T00:00:00+00:00 [queued]>
[2024-09-16 00:07:04,108] {taskinstance.py:1159} INFO - Dependencies all met for <TaskInstance: BRONZER_GET_STONCKS.BRONZE_STONCKS_TSLA scheduled__2024-08-01T00:00:00+00:00 [queued]>
[2024-09-16 00:07:04,108] {taskinstance.py:1356} INFO - 
--------------------------------------------------------------------------------
[2024-09-16 00:07:04,108] {taskinstance.py:1357} INFO - Starting attempt 1 of 1
[2024-09-16 00:07:04,108] {taskinstance.py:1358} INFO - 
--------------------------------------------------------------------------------
[2024-09-16 00:07:04,172] {taskinstance.py:1377} INFO - Executing <Task(_PythonDecoratedOperator): BRONZE_STONCKS_TSLA> on 2024-08-01 00:00:00+00:00
[2024-09-16 00:07:04,201] {standard_task_runner.py:79} INFO - Running: ['airflow', 'tasks', 'run', 'BRONZER_GET_STONCKS', 'BRONZE_STONCKS_TSLA', 'scheduled__2024-08-01T00:00:00+00:00', '--job-id', '1120', '--raw', '--subdir', 'DAGS_FOLDER/get_stocks.py', '--cfg-path', '/tmp/tmpmbq50uj1', '--error-file', '/tmp/tmpu6lw_pfe']
[2024-09-16 00:07:04,202] {standard_task_runner.py:80} INFO - Job 1120: Subtask BRONZE_STONCKS_TSLA
[2024-09-16 00:07:04,179] {standard_task_runner.py:52} INFO - Started process 37313 to run task
[2024-09-16 00:07:04,628] {task_command.py:370} INFO - Running <TaskInstance: BRONZER_GET_STONCKS.BRONZE_STONCKS_TSLA scheduled__2024-08-01T00:00:00+00:00 [running]> on host kaiwang.
[2024-09-16 00:07:05,011] {taskinstance.py:1569} INFO - Exporting the following env vars:
AIRFLOW_CTX_DAG_OWNER=airflow
AIRFLOW_CTX_DAG_ID=BRONZER_GET_STONCKS
AIRFLOW_CTX_TASK_ID=BRONZE_STONCKS_TSLA
AIRFLOW_CTX_EXECUTION_DATE=2024-08-01T00:00:00+00:00
AIRFLOW_CTX_TRY_NUMBER=1
AIRFLOW_CTX_DAG_RUN_ID=scheduled__2024-08-01T00:00:00+00:00
[2024-09-16 00:07:05,815] {python.py:173} INFO - Done. Returned value was: None
[2024-09-16 00:07:05,884] {taskinstance.py:1395} INFO - Marking task as SUCCESS. dag_id=BRONZER_GET_STONCKS, task_id=BRONZE_STONCKS_TSLA, execution_date=20240801T000000, start_date=20240916T030704, end_date=20240916T030705
[2024-09-16 00:07:05,973] {local_task_job.py:156} INFO - Task exited with return code 0
[2024-09-16 00:07:06,098] {local_task_job.py:273} INFO - 0 downstream tasks scheduled from follow-on schedule check
[2024-09-16 13:55:42,721] {taskinstance.py:1159} INFO - Dependencies all met for <TaskInstance: BRONZER_GET_STONCKS.BRONZE_STONCKS_TSLA scheduled__2024-08-01T00:00:00+00:00 [queued]>
[2024-09-16 13:55:42,749] {taskinstance.py:1159} INFO - Dependencies all met for <TaskInstance: BRONZER_GET_STONCKS.BRONZE_STONCKS_TSLA scheduled__2024-08-01T00:00:00+00:00 [queued]>
[2024-09-16 13:55:42,750] {taskinstance.py:1356} INFO - 
--------------------------------------------------------------------------------
[2024-09-16 13:55:42,751] {taskinstance.py:1357} INFO - Starting attempt 1 of 1
[2024-09-16 13:55:42,751] {taskinstance.py:1358} INFO - 
--------------------------------------------------------------------------------
[2024-09-16 13:55:42,772] {taskinstance.py:1377} INFO - Executing <Task(_PythonDecoratedOperator): BRONZE_STONCKS_TSLA> on 2024-08-01 00:00:00+00:00
[2024-09-16 13:55:42,782] {standard_task_runner.py:52} INFO - Started process 135905 to run task
[2024-09-16 13:55:42,799] {standard_task_runner.py:79} INFO - Running: ['airflow', 'tasks', 'run', 'BRONZER_GET_STONCKS', 'BRONZE_STONCKS_TSLA', 'scheduled__2024-08-01T00:00:00+00:00', '--job-id', '2441', '--raw', '--subdir', 'DAGS_FOLDER/get_stocks.py', '--cfg-path', '/tmp/tmps3y7lbvj', '--error-file', '/tmp/tmpz62qhepn']
[2024-09-16 13:55:42,801] {standard_task_runner.py:80} INFO - Job 2441: Subtask BRONZE_STONCKS_TSLA
[2024-09-16 13:55:42,960] {task_command.py:370} INFO - Running <TaskInstance: BRONZER_GET_STONCKS.BRONZE_STONCKS_TSLA scheduled__2024-08-01T00:00:00+00:00 [running]> on host kaiwang.
[2024-09-16 13:55:43,578] {taskinstance.py:1569} INFO - Exporting the following env vars:
AIRFLOW_CTX_DAG_OWNER=airflow
AIRFLOW_CTX_DAG_ID=BRONZER_GET_STONCKS
AIRFLOW_CTX_TASK_ID=BRONZE_STONCKS_TSLA
AIRFLOW_CTX_EXECUTION_DATE=2024-08-01T00:00:00+00:00
AIRFLOW_CTX_TRY_NUMBER=1
AIRFLOW_CTX_DAG_RUN_ID=scheduled__2024-08-01T00:00:00+00:00
[2024-09-16 13:55:44,252] {python.py:173} INFO - Done. Returned value was: None
[2024-09-16 13:55:44,296] {taskinstance.py:1395} INFO - Marking task as SUCCESS. dag_id=BRONZER_GET_STONCKS, task_id=BRONZE_STONCKS_TSLA, execution_date=20240801T000000, start_date=20240916T165542, end_date=20240916T165544
[2024-09-16 13:55:44,380] {local_task_job.py:156} INFO - Task exited with return code 0
[2024-09-16 13:55:44,494] {local_task_job.py:273} INFO - 0 downstream tasks scheduled from follow-on schedule check
