[2024-09-16 00:06:33,576] {taskinstance.py:1159} INFO - Dependencies all met for <TaskInstance: BRONZER_GET_CRIPTOS.BRONZE_CRIPTO_AVAX scheduled__2024-06-06T00:00:00+00:00 [queued]>
[2024-09-16 00:06:33,614] {taskinstance.py:1159} INFO - Dependencies all met for <TaskInstance: BRONZER_GET_CRIPTOS.BRONZE_CRIPTO_AVAX scheduled__2024-06-06T00:00:00+00:00 [queued]>
[2024-09-16 00:06:33,615] {taskinstance.py:1356} INFO - 
--------------------------------------------------------------------------------
[2024-09-16 00:06:33,615] {taskinstance.py:1357} INFO - Starting attempt 1 of 1
[2024-09-16 00:06:33,615] {taskinstance.py:1358} INFO - 
--------------------------------------------------------------------------------
[2024-09-16 00:06:33,658] {taskinstance.py:1377} INFO - Executing <Task(_PythonDecoratedOperator): BRONZE_CRIPTO_AVAX> on 2024-06-06 00:00:00+00:00
[2024-09-16 00:06:33,664] {standard_task_runner.py:52} INFO - Started process 34869 to run task
[2024-09-16 00:06:33,676] {standard_task_runner.py:79} INFO - Running: ['airflow', 'tasks', 'run', 'BRONZER_GET_CRIPTOS', 'BRONZE_CRIPTO_AVAX', 'scheduled__2024-06-06T00:00:00+00:00', '--job-id', '979', '--raw', '--subdir', 'DAGS_FOLDER/get_cripto.py', '--cfg-path', '/tmp/tmpc5a1zpoi', '--error-file', '/tmp/tmptlumpxnm']
[2024-09-16 00:06:33,678] {standard_task_runner.py:80} INFO - Job 979: Subtask BRONZE_CRIPTO_AVAX
[2024-09-16 00:06:34,017] {task_command.py:370} INFO - Running <TaskInstance: BRONZER_GET_CRIPTOS.BRONZE_CRIPTO_AVAX scheduled__2024-06-06T00:00:00+00:00 [running]> on host kaiwang.
[2024-09-16 00:06:34,339] {taskinstance.py:1569} INFO - Exporting the following env vars:
AIRFLOW_CTX_DAG_OWNER=airflow
AIRFLOW_CTX_DAG_ID=BRONZER_GET_CRIPTOS
AIRFLOW_CTX_TASK_ID=BRONZE_CRIPTO_AVAX
AIRFLOW_CTX_EXECUTION_DATE=2024-06-06T00:00:00+00:00
AIRFLOW_CTX_TRY_NUMBER=1
AIRFLOW_CTX_DAG_RUN_ID=scheduled__2024-06-06T00:00:00+00:00
[2024-09-16 00:06:37,304] {history.py:122} ERROR - $AVAX: possibly delisted; no timezone found
[2024-09-16 00:06:37,307] {python.py:173} INFO - Done. Returned value was: None
[2024-09-16 00:06:37,377] {taskinstance.py:1395} INFO - Marking task as SUCCESS. dag_id=BRONZER_GET_CRIPTOS, task_id=BRONZE_CRIPTO_AVAX, execution_date=20240606T000000, start_date=20240916T030633, end_date=20240916T030637
[2024-09-16 00:06:37,460] {local_task_job.py:156} INFO - Task exited with return code 0
[2024-09-16 00:06:37,571] {local_task_job.py:273} INFO - 0 downstream tasks scheduled from follow-on schedule check
