[2024-09-16 00:07:31,353] {taskinstance.py:1159} INFO - Dependencies all met for <TaskInstance: BRONZER_GET_STONCKS.BRONZE_STONCKS_MSFT scheduled__2024-08-28T00:00:00+00:00 [queued]>
[2024-09-16 00:07:31,366] {taskinstance.py:1159} INFO - Dependencies all met for <TaskInstance: BRONZER_GET_STONCKS.BRONZE_STONCKS_MSFT scheduled__2024-08-28T00:00:00+00:00 [queued]>
[2024-09-16 00:07:31,366] {taskinstance.py:1356} INFO - 
--------------------------------------------------------------------------------
[2024-09-16 00:07:31,366] {taskinstance.py:1357} INFO - Starting attempt 1 of 1
[2024-09-16 00:07:31,366] {taskinstance.py:1358} INFO - 
--------------------------------------------------------------------------------
[2024-09-16 00:07:31,384] {taskinstance.py:1377} INFO - Executing <Task(_PythonDecoratedOperator): BRONZE_STONCKS_MSFT> on 2024-08-28 00:00:00+00:00
[2024-09-16 00:07:31,391] {standard_task_runner.py:52} INFO - Started process 39601 to run task
[2024-09-16 00:07:31,395] {standard_task_runner.py:79} INFO - Running: ['airflow', 'tasks', 'run', 'BRONZER_GET_STONCKS', 'BRONZE_STONCKS_MSFT', 'scheduled__2024-08-28T00:00:00+00:00', '--job-id', '1258', '--raw', '--subdir', 'DAGS_FOLDER/get_stocks.py', '--cfg-path', '/tmp/tmpp27ycdzz', '--error-file', '/tmp/tmpw03u0wpw']
[2024-09-16 00:07:31,396] {standard_task_runner.py:80} INFO - Job 1258: Subtask BRONZE_STONCKS_MSFT
[2024-09-16 00:07:31,498] {task_command.py:370} INFO - Running <TaskInstance: BRONZER_GET_STONCKS.BRONZE_STONCKS_MSFT scheduled__2024-08-28T00:00:00+00:00 [running]> on host kaiwang.
[2024-09-16 00:07:31,616] {taskinstance.py:1569} INFO - Exporting the following env vars:
AIRFLOW_CTX_DAG_OWNER=airflow
AIRFLOW_CTX_DAG_ID=BRONZER_GET_STONCKS
AIRFLOW_CTX_TASK_ID=BRONZE_STONCKS_MSFT
AIRFLOW_CTX_EXECUTION_DATE=2024-08-28T00:00:00+00:00
AIRFLOW_CTX_TRY_NUMBER=1
AIRFLOW_CTX_DAG_RUN_ID=scheduled__2024-08-28T00:00:00+00:00
[2024-09-16 00:07:32,325] {python.py:173} INFO - Done. Returned value was: None
[2024-09-16 00:07:32,340] {taskinstance.py:1395} INFO - Marking task as SUCCESS. dag_id=BRONZER_GET_STONCKS, task_id=BRONZE_STONCKS_MSFT, execution_date=20240828T000000, start_date=20240916T030731, end_date=20240916T030732
[2024-09-16 00:07:32,371] {local_task_job.py:156} INFO - Task exited with return code 0
[2024-09-16 00:07:32,419] {local_task_job.py:273} INFO - 0 downstream tasks scheduled from follow-on schedule check
[2024-09-16 13:56:27,389] {taskinstance.py:1159} INFO - Dependencies all met for <TaskInstance: BRONZER_GET_STONCKS.BRONZE_STONCKS_MSFT scheduled__2024-08-28T00:00:00+00:00 [queued]>
[2024-09-16 13:56:27,404] {taskinstance.py:1159} INFO - Dependencies all met for <TaskInstance: BRONZER_GET_STONCKS.BRONZE_STONCKS_MSFT scheduled__2024-08-28T00:00:00+00:00 [queued]>
[2024-09-16 13:56:27,404] {taskinstance.py:1356} INFO - 
--------------------------------------------------------------------------------
[2024-09-16 13:56:27,404] {taskinstance.py:1357} INFO - Starting attempt 1 of 1
[2024-09-16 13:56:27,404] {taskinstance.py:1358} INFO - 
--------------------------------------------------------------------------------
[2024-09-16 13:56:27,430] {taskinstance.py:1377} INFO - Executing <Task(_PythonDecoratedOperator): BRONZE_STONCKS_MSFT> on 2024-08-28 00:00:00+00:00
[2024-09-16 13:56:27,441] {standard_task_runner.py:52} INFO - Started process 139051 to run task
[2024-09-16 13:56:27,465] {standard_task_runner.py:79} INFO - Running: ['airflow', 'tasks', 'run', 'BRONZER_GET_STONCKS', 'BRONZE_STONCKS_MSFT', 'scheduled__2024-08-28T00:00:00+00:00', '--job-id', '2583', '--raw', '--subdir', 'DAGS_FOLDER/get_stocks.py', '--cfg-path', '/tmp/tmpij2kvqh7', '--error-file', '/tmp/tmpudg6zze1']
[2024-09-16 13:56:27,467] {standard_task_runner.py:80} INFO - Job 2583: Subtask BRONZE_STONCKS_MSFT
[2024-09-16 13:56:27,584] {task_command.py:370} INFO - Running <TaskInstance: BRONZER_GET_STONCKS.BRONZE_STONCKS_MSFT scheduled__2024-08-28T00:00:00+00:00 [running]> on host kaiwang.
[2024-09-16 13:56:27,930] {taskinstance.py:1569} INFO - Exporting the following env vars:
AIRFLOW_CTX_DAG_OWNER=airflow
AIRFLOW_CTX_DAG_ID=BRONZER_GET_STONCKS
AIRFLOW_CTX_TASK_ID=BRONZE_STONCKS_MSFT
AIRFLOW_CTX_EXECUTION_DATE=2024-08-28T00:00:00+00:00
AIRFLOW_CTX_TRY_NUMBER=1
AIRFLOW_CTX_DAG_RUN_ID=scheduled__2024-08-28T00:00:00+00:00
[2024-09-16 13:56:28,510] {python.py:173} INFO - Done. Returned value was: None
[2024-09-16 13:56:28,571] {taskinstance.py:1395} INFO - Marking task as SUCCESS. dag_id=BRONZER_GET_STONCKS, task_id=BRONZE_STONCKS_MSFT, execution_date=20240828T000000, start_date=20240916T165627, end_date=20240916T165628
[2024-09-16 13:56:28,636] {local_task_job.py:156} INFO - Task exited with return code 0
[2024-09-16 13:56:28,744] {local_task_job.py:273} INFO - 0 downstream tasks scheduled from follow-on schedule check
