[2024-09-16 00:04:17,944] {taskinstance.py:1159} INFO - Dependencies all met for <TaskInstance: BRONZER_GET_STONCKS.BRONZE_STONCKS_MSFT scheduled__2024-03-02T00:00:00+00:00 [queued]>
[2024-09-16 00:04:17,969] {taskinstance.py:1159} INFO - Dependencies all met for <TaskInstance: BRONZER_GET_STONCKS.BRONZE_STONCKS_MSFT scheduled__2024-03-02T00:00:00+00:00 [queued]>
[2024-09-16 00:04:17,969] {taskinstance.py:1356} INFO - 
--------------------------------------------------------------------------------
[2024-09-16 00:04:17,969] {taskinstance.py:1357} INFO - Starting attempt 1 of 1
[2024-09-16 00:04:17,969] {taskinstance.py:1358} INFO - 
--------------------------------------------------------------------------------
[2024-09-16 00:04:18,023] {taskinstance.py:1377} INFO - Executing <Task(_PythonDecoratedOperator): BRONZE_STONCKS_MSFT> on 2024-03-02 00:00:00+00:00
[2024-09-16 00:04:18,028] {standard_task_runner.py:52} INFO - Started process 23901 to run task
[2024-09-16 00:04:18,056] {standard_task_runner.py:79} INFO - Running: ['airflow', 'tasks', 'run', 'BRONZER_GET_STONCKS', 'BRONZE_STONCKS_MSFT', 'scheduled__2024-03-02T00:00:00+00:00', '--job-id', '335', '--raw', '--subdir', 'DAGS_FOLDER/get_stocks.py', '--cfg-path', '/tmp/tmp4knw_iex', '--error-file', '/tmp/tmp4w90avof']
[2024-09-16 00:04:18,057] {standard_task_runner.py:80} INFO - Job 335: Subtask BRONZE_STONCKS_MSFT
[2024-09-16 00:04:18,232] {task_command.py:370} INFO - Running <TaskInstance: BRONZER_GET_STONCKS.BRONZE_STONCKS_MSFT scheduled__2024-03-02T00:00:00+00:00 [running]> on host kaiwang.
[2024-09-16 00:04:18,453] {taskinstance.py:1569} INFO - Exporting the following env vars:
AIRFLOW_CTX_DAG_OWNER=airflow
AIRFLOW_CTX_DAG_ID=BRONZER_GET_STONCKS
AIRFLOW_CTX_TASK_ID=BRONZE_STONCKS_MSFT
AIRFLOW_CTX_EXECUTION_DATE=2024-03-02T00:00:00+00:00
AIRFLOW_CTX_TRY_NUMBER=1
AIRFLOW_CTX_DAG_RUN_ID=scheduled__2024-03-02T00:00:00+00:00
[2024-09-16 00:04:19,091] {python.py:173} INFO - Done. Returned value was: None
[2024-09-16 00:04:19,109] {taskinstance.py:1395} INFO - Marking task as SUCCESS. dag_id=BRONZER_GET_STONCKS, task_id=BRONZE_STONCKS_MSFT, execution_date=20240302T000000, start_date=20240916T030417, end_date=20240916T030419
[2024-09-16 00:04:19,147] {local_task_job.py:156} INFO - Task exited with return code 0
[2024-09-16 00:04:19,187] {local_task_job.py:273} INFO - 0 downstream tasks scheduled from follow-on schedule check
[2024-09-16 00:15:30,339] {taskinstance.py:1159} INFO - Dependencies all met for <TaskInstance: BRONZER_GET_STONCKS.BRONZE_STONCKS_MSFT scheduled__2024-03-02T00:00:00+00:00 [queued]>
[2024-09-16 00:15:30,377] {taskinstance.py:1159} INFO - Dependencies all met for <TaskInstance: BRONZER_GET_STONCKS.BRONZE_STONCKS_MSFT scheduled__2024-03-02T00:00:00+00:00 [queued]>
[2024-09-16 00:15:30,377] {taskinstance.py:1356} INFO - 
--------------------------------------------------------------------------------
[2024-09-16 00:15:30,378] {taskinstance.py:1357} INFO - Starting attempt 1 of 1
[2024-09-16 00:15:30,378] {taskinstance.py:1358} INFO - 
--------------------------------------------------------------------------------
[2024-09-16 00:15:30,420] {taskinstance.py:1377} INFO - Executing <Task(_PythonDecoratedOperator): BRONZE_STONCKS_MSFT> on 2024-03-02 00:00:00+00:00
[2024-09-16 00:15:30,434] {standard_task_runner.py:52} INFO - Started process 54978 to run task
[2024-09-16 00:15:30,459] {standard_task_runner.py:79} INFO - Running: ['airflow', 'tasks', 'run', 'BRONZER_GET_STONCKS', 'BRONZE_STONCKS_MSFT', 'scheduled__2024-03-02T00:00:00+00:00', '--job-id', '2136', '--raw', '--subdir', 'DAGS_FOLDER/get_stocks.py', '--cfg-path', '/tmp/tmpr1r6i4za', '--error-file', '/tmp/tmpfner3ppr']
[2024-09-16 00:15:30,462] {standard_task_runner.py:80} INFO - Job 2136: Subtask BRONZE_STONCKS_MSFT
[2024-09-16 00:15:30,746] {task_command.py:370} INFO - Running <TaskInstance: BRONZER_GET_STONCKS.BRONZE_STONCKS_MSFT scheduled__2024-03-02T00:00:00+00:00 [running]> on host kaiwang.
[2024-09-16 00:15:30,988] {taskinstance.py:1569} INFO - Exporting the following env vars:
AIRFLOW_CTX_DAG_OWNER=airflow
AIRFLOW_CTX_DAG_ID=BRONZER_GET_STONCKS
AIRFLOW_CTX_TASK_ID=BRONZE_STONCKS_MSFT
AIRFLOW_CTX_EXECUTION_DATE=2024-03-02T00:00:00+00:00
AIRFLOW_CTX_TRY_NUMBER=1
AIRFLOW_CTX_DAG_RUN_ID=scheduled__2024-03-02T00:00:00+00:00
[2024-09-16 00:15:31,761] {python.py:173} INFO - Done. Returned value was: None
[2024-09-16 00:15:31,774] {taskinstance.py:1395} INFO - Marking task as SUCCESS. dag_id=BRONZER_GET_STONCKS, task_id=BRONZE_STONCKS_MSFT, execution_date=20240302T000000, start_date=20240916T031530, end_date=20240916T031531
[2024-09-16 00:15:31,795] {local_task_job.py:156} INFO - Task exited with return code 0
[2024-09-16 00:15:31,877] {local_task_job.py:273} INFO - 0 downstream tasks scheduled from follow-on schedule check
