[2024-09-16 00:04:22,473] {taskinstance.py:1159} INFO - Dependencies all met for <TaskInstance: BRONZER_GET_CRIPTOS.BRONZE_CRIPTO_DOGE scheduled__2024-02-29T00:00:00+00:00 [queued]>
[2024-09-16 00:04:22,507] {taskinstance.py:1159} INFO - Dependencies all met for <TaskInstance: BRONZER_GET_CRIPTOS.BRONZE_CRIPTO_DOGE scheduled__2024-02-29T00:00:00+00:00 [queued]>
[2024-09-16 00:04:22,508] {taskinstance.py:1356} INFO - 
--------------------------------------------------------------------------------
[2024-09-16 00:04:22,508] {taskinstance.py:1357} INFO - Starting attempt 1 of 1
[2024-09-16 00:04:22,508] {taskinstance.py:1358} INFO - 
--------------------------------------------------------------------------------
[2024-09-16 00:04:22,551] {taskinstance.py:1377} INFO - Executing <Task(_PythonDecoratedOperator): BRONZE_CRIPTO_DOGE> on 2024-02-29 00:00:00+00:00
[2024-09-16 00:04:22,557] {standard_task_runner.py:52} INFO - Started process 24288 to run task
[2024-09-16 00:04:22,602] {standard_task_runner.py:79} INFO - Running: ['airflow', 'tasks', 'run', 'BRONZER_GET_CRIPTOS', 'BRONZE_CRIPTO_DOGE', 'scheduled__2024-02-29T00:00:00+00:00', '--job-id', '359', '--raw', '--subdir', 'DAGS_FOLDER/get_cripto.py', '--cfg-path', '/tmp/tmpqjn0meqt', '--error-file', '/tmp/tmp9xj8bkv_']
[2024-09-16 00:04:22,603] {standard_task_runner.py:80} INFO - Job 359: Subtask BRONZE_CRIPTO_DOGE
[2024-09-16 00:04:22,852] {task_command.py:370} INFO - Running <TaskInstance: BRONZER_GET_CRIPTOS.BRONZE_CRIPTO_DOGE scheduled__2024-02-29T00:00:00+00:00 [running]> on host kaiwang.
[2024-09-16 00:04:23,167] {taskinstance.py:1569} INFO - Exporting the following env vars:
AIRFLOW_CTX_DAG_OWNER=airflow
AIRFLOW_CTX_DAG_ID=BRONZER_GET_CRIPTOS
AIRFLOW_CTX_TASK_ID=BRONZE_CRIPTO_DOGE
AIRFLOW_CTX_EXECUTION_DATE=2024-02-29T00:00:00+00:00
AIRFLOW_CTX_TRY_NUMBER=1
AIRFLOW_CTX_DAG_RUN_ID=scheduled__2024-02-29T00:00:00+00:00
[2024-09-16 00:04:25,943] {history.py:122} ERROR - $DOGE: possibly delisted; no timezone found
[2024-09-16 00:04:25,947] {python.py:173} INFO - Done. Returned value was: None
[2024-09-16 00:04:25,998] {taskinstance.py:1395} INFO - Marking task as SUCCESS. dag_id=BRONZER_GET_CRIPTOS, task_id=BRONZE_CRIPTO_DOGE, execution_date=20240229T000000, start_date=20240916T030422, end_date=20240916T030425
[2024-09-16 00:04:26,073] {local_task_job.py:156} INFO - Task exited with return code 0
[2024-09-16 00:04:26,217] {local_task_job.py:273} INFO - 0 downstream tasks scheduled from follow-on schedule check
[2024-09-16 00:15:35,596] {taskinstance.py:1159} INFO - Dependencies all met for <TaskInstance: BRONZER_GET_CRIPTOS.BRONZE_CRIPTO_DOGE scheduled__2024-02-29T00:00:00+00:00 [queued]>
[2024-09-16 00:15:35,618] {taskinstance.py:1159} INFO - Dependencies all met for <TaskInstance: BRONZER_GET_CRIPTOS.BRONZE_CRIPTO_DOGE scheduled__2024-02-29T00:00:00+00:00 [queued]>
[2024-09-16 00:15:35,619] {taskinstance.py:1356} INFO - 
--------------------------------------------------------------------------------
[2024-09-16 00:15:35,619] {taskinstance.py:1357} INFO - Starting attempt 1 of 1
[2024-09-16 00:15:35,619] {taskinstance.py:1358} INFO - 
--------------------------------------------------------------------------------
[2024-09-16 00:15:35,665] {taskinstance.py:1377} INFO - Executing <Task(_PythonDecoratedOperator): BRONZE_CRIPTO_DOGE> on 2024-02-29 00:00:00+00:00
[2024-09-16 00:15:35,670] {standard_task_runner.py:52} INFO - Started process 55464 to run task
[2024-09-16 00:15:35,687] {standard_task_runner.py:79} INFO - Running: ['airflow', 'tasks', 'run', 'BRONZER_GET_CRIPTOS', 'BRONZE_CRIPTO_DOGE', 'scheduled__2024-02-29T00:00:00+00:00', '--job-id', '2160', '--raw', '--subdir', 'DAGS_FOLDER/get_cripto.py', '--cfg-path', '/tmp/tmp7ymfpl71', '--error-file', '/tmp/tmpah6xoncx']
[2024-09-16 00:15:35,688] {standard_task_runner.py:80} INFO - Job 2160: Subtask BRONZE_CRIPTO_DOGE
[2024-09-16 00:15:35,915] {task_command.py:370} INFO - Running <TaskInstance: BRONZER_GET_CRIPTOS.BRONZE_CRIPTO_DOGE scheduled__2024-02-29T00:00:00+00:00 [running]> on host kaiwang.
[2024-09-16 00:15:36,187] {taskinstance.py:1569} INFO - Exporting the following env vars:
AIRFLOW_CTX_DAG_OWNER=airflow
AIRFLOW_CTX_DAG_ID=BRONZER_GET_CRIPTOS
AIRFLOW_CTX_TASK_ID=BRONZE_CRIPTO_DOGE
AIRFLOW_CTX_EXECUTION_DATE=2024-02-29T00:00:00+00:00
AIRFLOW_CTX_TRY_NUMBER=1
AIRFLOW_CTX_DAG_RUN_ID=scheduled__2024-02-29T00:00:00+00:00
[2024-09-16 00:15:39,023] {history.py:122} ERROR - $DOGE: possibly delisted; no timezone found
[2024-09-16 00:15:39,028] {python.py:173} INFO - Done. Returned value was: None
[2024-09-16 00:15:39,079] {taskinstance.py:1395} INFO - Marking task as SUCCESS. dag_id=BRONZER_GET_CRIPTOS, task_id=BRONZE_CRIPTO_DOGE, execution_date=20240229T000000, start_date=20240916T031535, end_date=20240916T031539
[2024-09-16 00:15:39,149] {local_task_job.py:156} INFO - Task exited with return code 0
[2024-09-16 00:15:39,305] {local_task_job.py:273} INFO - 0 downstream tasks scheduled from follow-on schedule check
