[2024-09-16 00:07:15,578] {taskinstance.py:1159} INFO - Dependencies all met for <TaskInstance: BRONZER_GET_STONCKS.BRONZE_STONCKS_AAPL scheduled__2024-08-13T00:00:00+00:00 [queued]>
[2024-09-16 00:07:15,604] {taskinstance.py:1159} INFO - Dependencies all met for <TaskInstance: BRONZER_GET_STONCKS.BRONZE_STONCKS_AAPL scheduled__2024-08-13T00:00:00+00:00 [queued]>
[2024-09-16 00:07:15,604] {taskinstance.py:1356} INFO - 
--------------------------------------------------------------------------------
[2024-09-16 00:07:15,604] {taskinstance.py:1357} INFO - Starting attempt 1 of 1
[2024-09-16 00:07:15,604] {taskinstance.py:1358} INFO - 
--------------------------------------------------------------------------------
[2024-09-16 00:07:15,667] {taskinstance.py:1377} INFO - Executing <Task(_PythonDecoratedOperator): BRONZE_STONCKS_AAPL> on 2024-08-13 00:00:00+00:00
[2024-09-16 00:07:15,698] {standard_task_runner.py:52} INFO - Started process 38310 to run task
[2024-09-16 00:07:15,730] {standard_task_runner.py:79} INFO - Running: ['airflow', 'tasks', 'run', 'BRONZER_GET_STONCKS', 'BRONZE_STONCKS_AAPL', 'scheduled__2024-08-13T00:00:00+00:00', '--job-id', '1179', '--raw', '--subdir', 'DAGS_FOLDER/get_stocks.py', '--cfg-path', '/tmp/tmpayl4mpco', '--error-file', '/tmp/tmpu1urmw5h']
[2024-09-16 00:07:15,732] {standard_task_runner.py:80} INFO - Job 1179: Subtask BRONZE_STONCKS_AAPL
[2024-09-16 00:07:16,076] {task_command.py:370} INFO - Running <TaskInstance: BRONZER_GET_STONCKS.BRONZE_STONCKS_AAPL scheduled__2024-08-13T00:00:00+00:00 [running]> on host kaiwang.
[2024-09-16 00:07:16,399] {taskinstance.py:1569} INFO - Exporting the following env vars:
AIRFLOW_CTX_DAG_OWNER=airflow
AIRFLOW_CTX_DAG_ID=BRONZER_GET_STONCKS
AIRFLOW_CTX_TASK_ID=BRONZE_STONCKS_AAPL
AIRFLOW_CTX_EXECUTION_DATE=2024-08-13T00:00:00+00:00
AIRFLOW_CTX_TRY_NUMBER=1
AIRFLOW_CTX_DAG_RUN_ID=scheduled__2024-08-13T00:00:00+00:00
[2024-09-16 00:07:17,120] {python.py:173} INFO - Done. Returned value was: None
[2024-09-16 00:07:17,188] {taskinstance.py:1395} INFO - Marking task as SUCCESS. dag_id=BRONZER_GET_STONCKS, task_id=BRONZE_STONCKS_AAPL, execution_date=20240813T000000, start_date=20240916T030715, end_date=20240916T030717
[2024-09-16 00:07:17,281] {local_task_job.py:156} INFO - Task exited with return code 0
[2024-09-16 00:07:17,398] {local_task_job.py:273} INFO - 0 downstream tasks scheduled from follow-on schedule check
[2024-09-16 13:56:02,058] {taskinstance.py:1159} INFO - Dependencies all met for <TaskInstance: BRONZER_GET_STONCKS.BRONZE_STONCKS_AAPL scheduled__2024-08-13T00:00:00+00:00 [queued]>
[2024-09-16 13:56:02,114] {taskinstance.py:1159} INFO - Dependencies all met for <TaskInstance: BRONZER_GET_STONCKS.BRONZE_STONCKS_AAPL scheduled__2024-08-13T00:00:00+00:00 [queued]>
[2024-09-16 13:56:02,114] {taskinstance.py:1356} INFO - 
--------------------------------------------------------------------------------
[2024-09-16 13:56:02,114] {taskinstance.py:1357} INFO - Starting attempt 1 of 1
[2024-09-16 13:56:02,114] {taskinstance.py:1358} INFO - 
--------------------------------------------------------------------------------
[2024-09-16 13:56:02,197] {taskinstance.py:1377} INFO - Executing <Task(_PythonDecoratedOperator): BRONZE_STONCKS_AAPL> on 2024-08-13 00:00:00+00:00
[2024-09-16 13:56:02,211] {standard_task_runner.py:52} INFO - Started process 137330 to run task
[2024-09-16 13:56:02,223] {standard_task_runner.py:79} INFO - Running: ['airflow', 'tasks', 'run', 'BRONZER_GET_STONCKS', 'BRONZE_STONCKS_AAPL', 'scheduled__2024-08-13T00:00:00+00:00', '--job-id', '2504', '--raw', '--subdir', 'DAGS_FOLDER/get_stocks.py', '--cfg-path', '/tmp/tmp9q3klcno', '--error-file', '/tmp/tmpgogd5nvr']
[2024-09-16 13:56:02,228] {standard_task_runner.py:80} INFO - Job 2504: Subtask BRONZE_STONCKS_AAPL
[2024-09-16 13:56:02,538] {task_command.py:370} INFO - Running <TaskInstance: BRONZER_GET_STONCKS.BRONZE_STONCKS_AAPL scheduled__2024-08-13T00:00:00+00:00 [running]> on host kaiwang.
[2024-09-16 13:56:03,376] {taskinstance.py:1569} INFO - Exporting the following env vars:
AIRFLOW_CTX_DAG_OWNER=airflow
AIRFLOW_CTX_DAG_ID=BRONZER_GET_STONCKS
AIRFLOW_CTX_TASK_ID=BRONZE_STONCKS_AAPL
AIRFLOW_CTX_EXECUTION_DATE=2024-08-13T00:00:00+00:00
AIRFLOW_CTX_TRY_NUMBER=1
AIRFLOW_CTX_DAG_RUN_ID=scheduled__2024-08-13T00:00:00+00:00
[2024-09-16 13:56:04,282] {python.py:173} INFO - Done. Returned value was: None
[2024-09-16 13:56:04,307] {taskinstance.py:1395} INFO - Marking task as SUCCESS. dag_id=BRONZER_GET_STONCKS, task_id=BRONZE_STONCKS_AAPL, execution_date=20240813T000000, start_date=20240916T165602, end_date=20240916T165604
[2024-09-16 13:56:04,358] {local_task_job.py:156} INFO - Task exited with return code 0
[2024-09-16 13:56:04,411] {local_task_job.py:273} INFO - 0 downstream tasks scheduled from follow-on schedule check
