[2024-09-16 00:08:02,564] {taskinstance.py:1159} INFO - Dependencies all met for <TaskInstance: BRONZER_GET_CRIPTOS.BRONZE_CRIPTO_AVAX scheduled__2024-08-15T00:00:00+00:00 [queued]>
[2024-09-16 00:08:02,597] {taskinstance.py:1159} INFO - Dependencies all met for <TaskInstance: BRONZER_GET_CRIPTOS.BRONZE_CRIPTO_AVAX scheduled__2024-08-15T00:00:00+00:00 [queued]>
[2024-09-16 00:08:02,598] {taskinstance.py:1356} INFO - 
--------------------------------------------------------------------------------
[2024-09-16 00:08:02,598] {taskinstance.py:1357} INFO - Starting attempt 1 of 1
[2024-09-16 00:08:02,598] {taskinstance.py:1358} INFO - 
--------------------------------------------------------------------------------
[2024-09-16 00:08:02,623] {taskinstance.py:1377} INFO - Executing <Task(_PythonDecoratedOperator): BRONZE_CRIPTO_AVAX> on 2024-08-15 00:00:00+00:00
[2024-09-16 00:08:02,629] {standard_task_runner.py:52} INFO - Started process 41857 to run task
[2024-09-16 00:08:02,653] {standard_task_runner.py:79} INFO - Running: ['airflow', 'tasks', 'run', 'BRONZER_GET_CRIPTOS', 'BRONZE_CRIPTO_AVAX', 'scheduled__2024-08-15T00:00:00+00:00', '--job-id', '1386', '--raw', '--subdir', 'DAGS_FOLDER/get_cripto.py', '--cfg-path', '/tmp/tmpj0h78t3h', '--error-file', '/tmp/tmpcnvf8jz2']
[2024-09-16 00:08:02,654] {standard_task_runner.py:80} INFO - Job 1386: Subtask BRONZE_CRIPTO_AVAX
[2024-09-16 00:08:02,838] {task_command.py:370} INFO - Running <TaskInstance: BRONZER_GET_CRIPTOS.BRONZE_CRIPTO_AVAX scheduled__2024-08-15T00:00:00+00:00 [running]> on host kaiwang.
[2024-09-16 00:08:03,076] {taskinstance.py:1569} INFO - Exporting the following env vars:
AIRFLOW_CTX_DAG_OWNER=airflow
AIRFLOW_CTX_DAG_ID=BRONZER_GET_CRIPTOS
AIRFLOW_CTX_TASK_ID=BRONZE_CRIPTO_AVAX
AIRFLOW_CTX_EXECUTION_DATE=2024-08-15T00:00:00+00:00
AIRFLOW_CTX_TRY_NUMBER=1
AIRFLOW_CTX_DAG_RUN_ID=scheduled__2024-08-15T00:00:00+00:00
[2024-09-16 00:08:05,668] {history.py:122} ERROR - $AVAX: possibly delisted; no timezone found
[2024-09-16 00:08:05,678] {python.py:173} INFO - Done. Returned value was: None
[2024-09-16 00:08:05,739] {taskinstance.py:1395} INFO - Marking task as SUCCESS. dag_id=BRONZER_GET_CRIPTOS, task_id=BRONZE_CRIPTO_AVAX, execution_date=20240815T000000, start_date=20240916T030802, end_date=20240916T030805
[2024-09-16 00:08:05,771] {local_task_job.py:156} INFO - Task exited with return code 0
[2024-09-16 00:08:05,887] {local_task_job.py:273} INFO - 0 downstream tasks scheduled from follow-on schedule check
[2024-09-16 13:56:06,129] {taskinstance.py:1159} INFO - Dependencies all met for <TaskInstance: BRONZER_GET_CRIPTOS.BRONZE_CRIPTO_AVAX scheduled__2024-08-15T00:00:00+00:00 [queued]>
[2024-09-16 13:56:06,145] {taskinstance.py:1159} INFO - Dependencies all met for <TaskInstance: BRONZER_GET_CRIPTOS.BRONZE_CRIPTO_AVAX scheduled__2024-08-15T00:00:00+00:00 [queued]>
[2024-09-16 13:56:06,145] {taskinstance.py:1356} INFO - 
--------------------------------------------------------------------------------
[2024-09-16 13:56:06,145] {taskinstance.py:1357} INFO - Starting attempt 1 of 1
[2024-09-16 13:56:06,145] {taskinstance.py:1358} INFO - 
--------------------------------------------------------------------------------
[2024-09-16 13:56:06,164] {taskinstance.py:1377} INFO - Executing <Task(_PythonDecoratedOperator): BRONZE_CRIPTO_AVAX> on 2024-08-15 00:00:00+00:00
[2024-09-16 13:56:06,170] {standard_task_runner.py:52} INFO - Started process 137609 to run task
[2024-09-16 13:56:06,185] {standard_task_runner.py:79} INFO - Running: ['airflow', 'tasks', 'run', 'BRONZER_GET_CRIPTOS', 'BRONZE_CRIPTO_AVAX', 'scheduled__2024-08-15T00:00:00+00:00', '--job-id', '2514', '--raw', '--subdir', 'DAGS_FOLDER/get_cripto.py', '--cfg-path', '/tmp/tmp21fhq649', '--error-file', '/tmp/tmpcid05q_5']
[2024-09-16 13:56:06,187] {standard_task_runner.py:80} INFO - Job 2514: Subtask BRONZE_CRIPTO_AVAX
[2024-09-16 13:56:06,295] {task_command.py:370} INFO - Running <TaskInstance: BRONZER_GET_CRIPTOS.BRONZE_CRIPTO_AVAX scheduled__2024-08-15T00:00:00+00:00 [running]> on host kaiwang.
[2024-09-16 13:56:06,718] {taskinstance.py:1569} INFO - Exporting the following env vars:
AIRFLOW_CTX_DAG_OWNER=airflow
AIRFLOW_CTX_DAG_ID=BRONZER_GET_CRIPTOS
AIRFLOW_CTX_TASK_ID=BRONZE_CRIPTO_AVAX
AIRFLOW_CTX_EXECUTION_DATE=2024-08-15T00:00:00+00:00
AIRFLOW_CTX_TRY_NUMBER=1
AIRFLOW_CTX_DAG_RUN_ID=scheduled__2024-08-15T00:00:00+00:00
[2024-09-16 13:56:11,312] {history.py:122} ERROR - $AVAX: possibly delisted; no timezone found
[2024-09-16 13:56:11,318] {python.py:173} INFO - Done. Returned value was: None
[2024-09-16 13:56:11,390] {taskinstance.py:1395} INFO - Marking task as SUCCESS. dag_id=BRONZER_GET_CRIPTOS, task_id=BRONZE_CRIPTO_AVAX, execution_date=20240815T000000, start_date=20240916T165606, end_date=20240916T165611
[2024-09-16 13:56:11,461] {local_task_job.py:156} INFO - Task exited with return code 0
[2024-09-16 13:56:11,664] {local_task_job.py:273} INFO - 0 downstream tasks scheduled from follow-on schedule check
