[2024-09-16 00:07:23,132] {taskinstance.py:1159} INFO - Dependencies all met for <TaskInstance: BRONZER_GET_STONCKS.BRONZE_STONCKS_AAPL scheduled__2024-08-20T00:00:00+00:00 [queued]>
[2024-09-16 00:07:23,183] {taskinstance.py:1159} INFO - Dependencies all met for <TaskInstance: BRONZER_GET_STONCKS.BRONZE_STONCKS_AAPL scheduled__2024-08-20T00:00:00+00:00 [queued]>
[2024-09-16 00:07:23,183] {taskinstance.py:1356} INFO - 
--------------------------------------------------------------------------------
[2024-09-16 00:07:23,183] {taskinstance.py:1357} INFO - Starting attempt 1 of 1
[2024-09-16 00:07:23,183] {taskinstance.py:1358} INFO - 
--------------------------------------------------------------------------------
[2024-09-16 00:07:23,253] {taskinstance.py:1377} INFO - Executing <Task(_PythonDecoratedOperator): BRONZE_STONCKS_AAPL> on 2024-08-20 00:00:00+00:00
[2024-09-16 00:07:23,267] {standard_task_runner.py:52} INFO - Started process 38887 to run task
[2024-09-16 00:07:23,288] {standard_task_runner.py:79} INFO - Running: ['airflow', 'tasks', 'run', 'BRONZER_GET_STONCKS', 'BRONZE_STONCKS_AAPL', 'scheduled__2024-08-20T00:00:00+00:00', '--job-id', '1212', '--raw', '--subdir', 'DAGS_FOLDER/get_stocks.py', '--cfg-path', '/tmp/tmp9g5ei72r', '--error-file', '/tmp/tmpcj622vs6']
[2024-09-16 00:07:23,289] {standard_task_runner.py:80} INFO - Job 1212: Subtask BRONZE_STONCKS_AAPL
[2024-09-16 00:07:23,603] {task_command.py:370} INFO - Running <TaskInstance: BRONZER_GET_STONCKS.BRONZE_STONCKS_AAPL scheduled__2024-08-20T00:00:00+00:00 [running]> on host kaiwang.
[2024-09-16 00:07:23,950] {taskinstance.py:1569} INFO - Exporting the following env vars:
AIRFLOW_CTX_DAG_OWNER=airflow
AIRFLOW_CTX_DAG_ID=BRONZER_GET_STONCKS
AIRFLOW_CTX_TASK_ID=BRONZE_STONCKS_AAPL
AIRFLOW_CTX_EXECUTION_DATE=2024-08-20T00:00:00+00:00
AIRFLOW_CTX_TRY_NUMBER=1
AIRFLOW_CTX_DAG_RUN_ID=scheduled__2024-08-20T00:00:00+00:00
[2024-09-16 00:07:24,542] {python.py:173} INFO - Done. Returned value was: None
[2024-09-16 00:07:24,604] {taskinstance.py:1395} INFO - Marking task as SUCCESS. dag_id=BRONZER_GET_STONCKS, task_id=BRONZE_STONCKS_AAPL, execution_date=20240820T000000, start_date=20240916T030723, end_date=20240916T030724
[2024-09-16 00:07:24,638] {local_task_job.py:156} INFO - Task exited with return code 0
[2024-09-16 00:07:24,766] {local_task_job.py:273} INFO - 0 downstream tasks scheduled from follow-on schedule check
[2024-09-16 13:56:14,701] {taskinstance.py:1159} INFO - Dependencies all met for <TaskInstance: BRONZER_GET_STONCKS.BRONZE_STONCKS_AAPL scheduled__2024-08-20T00:00:00+00:00 [queued]>
[2024-09-16 13:56:14,749] {taskinstance.py:1159} INFO - Dependencies all met for <TaskInstance: BRONZER_GET_STONCKS.BRONZE_STONCKS_AAPL scheduled__2024-08-20T00:00:00+00:00 [queued]>
[2024-09-16 13:56:14,749] {taskinstance.py:1356} INFO - 
--------------------------------------------------------------------------------
[2024-09-16 13:56:14,749] {taskinstance.py:1357} INFO - Starting attempt 1 of 1
[2024-09-16 13:56:14,749] {taskinstance.py:1358} INFO - 
--------------------------------------------------------------------------------
[2024-09-16 13:56:14,782] {taskinstance.py:1377} INFO - Executing <Task(_PythonDecoratedOperator): BRONZE_STONCKS_AAPL> on 2024-08-20 00:00:00+00:00
[2024-09-16 13:56:14,791] {standard_task_runner.py:52} INFO - Started process 138146 to run task
[2024-09-16 13:56:14,821] {standard_task_runner.py:79} INFO - Running: ['airflow', 'tasks', 'run', 'BRONZER_GET_STONCKS', 'BRONZE_STONCKS_AAPL', 'scheduled__2024-08-20T00:00:00+00:00', '--job-id', '2545', '--raw', '--subdir', 'DAGS_FOLDER/get_stocks.py', '--cfg-path', '/tmp/tmpg84s49at', '--error-file', '/tmp/tmpr_hgb5tb']
[2024-09-16 13:56:14,833] {standard_task_runner.py:80} INFO - Job 2545: Subtask BRONZE_STONCKS_AAPL
[2024-09-16 13:56:15,115] {task_command.py:370} INFO - Running <TaskInstance: BRONZER_GET_STONCKS.BRONZE_STONCKS_AAPL scheduled__2024-08-20T00:00:00+00:00 [running]> on host kaiwang.
[2024-09-16 13:56:15,733] {taskinstance.py:1569} INFO - Exporting the following env vars:
AIRFLOW_CTX_DAG_OWNER=airflow
AIRFLOW_CTX_DAG_ID=BRONZER_GET_STONCKS
AIRFLOW_CTX_TASK_ID=BRONZE_STONCKS_AAPL
AIRFLOW_CTX_EXECUTION_DATE=2024-08-20T00:00:00+00:00
AIRFLOW_CTX_TRY_NUMBER=1
AIRFLOW_CTX_DAG_RUN_ID=scheduled__2024-08-20T00:00:00+00:00
[2024-09-16 13:56:16,264] {python.py:173} INFO - Done. Returned value was: None
[2024-09-16 13:56:16,296] {taskinstance.py:1395} INFO - Marking task as SUCCESS. dag_id=BRONZER_GET_STONCKS, task_id=BRONZE_STONCKS_AAPL, execution_date=20240820T000000, start_date=20240916T165614, end_date=20240916T165616
[2024-09-16 13:56:16,360] {local_task_job.py:156} INFO - Task exited with return code 0
[2024-09-16 13:56:16,464] {local_task_job.py:273} INFO - 0 downstream tasks scheduled from follow-on schedule check
