[2024-09-16 00:04:24,902] {taskinstance.py:1159} INFO - Dependencies all met for <TaskInstance: BRONZER_GET_CRIPTOS.BRONZE_CRIPTO_ETH scheduled__2024-03-05T00:00:00+00:00 [queued]>
[2024-09-16 00:04:24,990] {taskinstance.py:1159} INFO - Dependencies all met for <TaskInstance: BRONZER_GET_CRIPTOS.BRONZE_CRIPTO_ETH scheduled__2024-03-05T00:00:00+00:00 [queued]>
[2024-09-16 00:04:24,990] {taskinstance.py:1356} INFO - 
--------------------------------------------------------------------------------
[2024-09-16 00:04:24,990] {taskinstance.py:1357} INFO - Starting attempt 1 of 1
[2024-09-16 00:04:24,990] {taskinstance.py:1358} INFO - 
--------------------------------------------------------------------------------
[2024-09-16 00:04:25,030] {taskinstance.py:1377} INFO - Executing <Task(_PythonDecoratedOperator): BRONZE_CRIPTO_ETH> on 2024-03-05 00:00:00+00:00
[2024-09-16 00:04:25,035] {standard_task_runner.py:52} INFO - Started process 24505 to run task
[2024-09-16 00:04:25,054] {standard_task_runner.py:79} INFO - Running: ['airflow', 'tasks', 'run', 'BRONZER_GET_CRIPTOS', 'BRONZE_CRIPTO_ETH', 'scheduled__2024-03-05T00:00:00+00:00', '--job-id', '376', '--raw', '--subdir', 'DAGS_FOLDER/get_cripto.py', '--cfg-path', '/tmp/tmpz_vb8an3', '--error-file', '/tmp/tmpy91wvdmn']
[2024-09-16 00:04:25,055] {standard_task_runner.py:80} INFO - Job 376: Subtask BRONZE_CRIPTO_ETH
[2024-09-16 00:04:25,440] {task_command.py:370} INFO - Running <TaskInstance: BRONZER_GET_CRIPTOS.BRONZE_CRIPTO_ETH scheduled__2024-03-05T00:00:00+00:00 [running]> on host kaiwang.
[2024-09-16 00:04:25,818] {taskinstance.py:1569} INFO - Exporting the following env vars:
AIRFLOW_CTX_DAG_OWNER=airflow
AIRFLOW_CTX_DAG_ID=BRONZER_GET_CRIPTOS
AIRFLOW_CTX_TASK_ID=BRONZE_CRIPTO_ETH
AIRFLOW_CTX_EXECUTION_DATE=2024-03-05T00:00:00+00:00
AIRFLOW_CTX_TRY_NUMBER=1
AIRFLOW_CTX_DAG_RUN_ID=scheduled__2024-03-05T00:00:00+00:00
[2024-09-16 00:04:28,059] {history.py:244} ERROR - $ETH: possibly delisted; no price data found  (1h 2024-03-02 -> 2024-03-05) (Yahoo error = "Data doesn't exist for startDate = 1709355600, endDate = 1709614800")
[2024-09-16 00:04:28,063] {python.py:173} INFO - Done. Returned value was: None
[2024-09-16 00:04:28,104] {taskinstance.py:1395} INFO - Marking task as SUCCESS. dag_id=BRONZER_GET_CRIPTOS, task_id=BRONZE_CRIPTO_ETH, execution_date=20240305T000000, start_date=20240916T030424, end_date=20240916T030428
[2024-09-16 00:04:28,132] {local_task_job.py:156} INFO - Task exited with return code 0
[2024-09-16 00:04:28,227] {local_task_job.py:273} INFO - 0 downstream tasks scheduled from follow-on schedule check
[2024-09-16 00:15:39,357] {taskinstance.py:1159} INFO - Dependencies all met for <TaskInstance: BRONZER_GET_CRIPTOS.BRONZE_CRIPTO_ETH scheduled__2024-03-05T00:00:00+00:00 [queued]>
[2024-09-16 00:15:39,405] {taskinstance.py:1159} INFO - Dependencies all met for <TaskInstance: BRONZER_GET_CRIPTOS.BRONZE_CRIPTO_ETH scheduled__2024-03-05T00:00:00+00:00 [queued]>
[2024-09-16 00:15:39,405] {taskinstance.py:1356} INFO - 
--------------------------------------------------------------------------------
[2024-09-16 00:15:39,434] {taskinstance.py:1357} INFO - Starting attempt 1 of 1
[2024-09-16 00:15:39,434] {taskinstance.py:1358} INFO - 
--------------------------------------------------------------------------------
[2024-09-16 00:15:39,550] {taskinstance.py:1377} INFO - Executing <Task(_PythonDecoratedOperator): BRONZE_CRIPTO_ETH> on 2024-03-05 00:00:00+00:00
[2024-09-16 00:15:39,560] {standard_task_runner.py:52} INFO - Started process 55774 to run task
[2024-09-16 00:15:39,587] {standard_task_runner.py:79} INFO - Running: ['airflow', 'tasks', 'run', 'BRONZER_GET_CRIPTOS', 'BRONZE_CRIPTO_ETH', 'scheduled__2024-03-05T00:00:00+00:00', '--job-id', '2176', '--raw', '--subdir', 'DAGS_FOLDER/get_cripto.py', '--cfg-path', '/tmp/tmp8r9ar1ba', '--error-file', '/tmp/tmp4bh5tv05']
[2024-09-16 00:15:39,588] {standard_task_runner.py:80} INFO - Job 2176: Subtask BRONZE_CRIPTO_ETH
[2024-09-16 00:15:39,847] {task_command.py:370} INFO - Running <TaskInstance: BRONZER_GET_CRIPTOS.BRONZE_CRIPTO_ETH scheduled__2024-03-05T00:00:00+00:00 [running]> on host kaiwang.
[2024-09-16 00:15:40,152] {taskinstance.py:1569} INFO - Exporting the following env vars:
AIRFLOW_CTX_DAG_OWNER=airflow
AIRFLOW_CTX_DAG_ID=BRONZER_GET_CRIPTOS
AIRFLOW_CTX_TASK_ID=BRONZE_CRIPTO_ETH
AIRFLOW_CTX_EXECUTION_DATE=2024-03-05T00:00:00+00:00
AIRFLOW_CTX_TRY_NUMBER=1
AIRFLOW_CTX_DAG_RUN_ID=scheduled__2024-03-05T00:00:00+00:00
[2024-09-16 00:15:43,024] {history.py:244} ERROR - $ETH: possibly delisted; no price data found  (1h 2024-03-02 -> 2024-03-05) (Yahoo error = "Data doesn't exist for startDate = 1709355600, endDate = 1709614800")
[2024-09-16 00:15:43,028] {python.py:173} INFO - Done. Returned value was: None
[2024-09-16 00:15:43,186] {taskinstance.py:1395} INFO - Marking task as SUCCESS. dag_id=BRONZER_GET_CRIPTOS, task_id=BRONZE_CRIPTO_ETH, execution_date=20240305T000000, start_date=20240916T031539, end_date=20240916T031543
[2024-09-16 00:15:43,269] {local_task_job.py:156} INFO - Task exited with return code 0
[2024-09-16 00:15:43,397] {local_task_job.py:273} INFO - 0 downstream tasks scheduled from follow-on schedule check
