[2024-09-16 00:03:31,318] {taskinstance.py:1159} INFO - Dependencies all met for <TaskInstance: BRONZER_GET_CRIPTOS.BRONZE_CRIPTO_BTC scheduled__2024-01-25T00:00:00+00:00 [queued]>
[2024-09-16 00:03:31,353] {taskinstance.py:1159} INFO - Dependencies all met for <TaskInstance: BRONZER_GET_CRIPTOS.BRONZE_CRIPTO_BTC scheduled__2024-01-25T00:00:00+00:00 [queued]>
[2024-09-16 00:03:31,353] {taskinstance.py:1356} INFO - 
--------------------------------------------------------------------------------
[2024-09-16 00:03:31,353] {taskinstance.py:1357} INFO - Starting attempt 1 of 1
[2024-09-16 00:03:31,353] {taskinstance.py:1358} INFO - 
--------------------------------------------------------------------------------
[2024-09-16 00:03:31,389] {taskinstance.py:1377} INFO - Executing <Task(_PythonDecoratedOperator): BRONZE_CRIPTO_BTC> on 2024-01-25 00:00:00+00:00
[2024-09-16 00:03:31,395] {standard_task_runner.py:52} INFO - Started process 20380 to run task
[2024-09-16 00:03:31,422] {standard_task_runner.py:79} INFO - Running: ['airflow', 'tasks', 'run', 'BRONZER_GET_CRIPTOS', 'BRONZE_CRIPTO_BTC', 'scheduled__2024-01-25T00:00:00+00:00', '--job-id', '139', '--raw', '--subdir', 'DAGS_FOLDER/get_cripto.py', '--cfg-path', '/tmp/tmpm7u6qrkz', '--error-file', '/tmp/tmpx217nocl']
[2024-09-16 00:03:31,423] {standard_task_runner.py:80} INFO - Job 139: Subtask BRONZE_CRIPTO_BTC
[2024-09-16 00:03:31,648] {task_command.py:370} INFO - Running <TaskInstance: BRONZER_GET_CRIPTOS.BRONZE_CRIPTO_BTC scheduled__2024-01-25T00:00:00+00:00 [running]> on host kaiwang.
[2024-09-16 00:03:31,912] {taskinstance.py:1569} INFO - Exporting the following env vars:
AIRFLOW_CTX_DAG_OWNER=airflow
AIRFLOW_CTX_DAG_ID=BRONZER_GET_CRIPTOS
AIRFLOW_CTX_TASK_ID=BRONZE_CRIPTO_BTC
AIRFLOW_CTX_EXECUTION_DATE=2024-01-25T00:00:00+00:00
AIRFLOW_CTX_TRY_NUMBER=1
AIRFLOW_CTX_DAG_RUN_ID=scheduled__2024-01-25T00:00:00+00:00
[2024-09-16 00:03:34,970] {history.py:244} ERROR - $BTC: possibly delisted; no price data found  (1h 2024-01-22 -> 2024-01-25) (Yahoo error = "Data doesn't exist for startDate = 1705899600, endDate = 1706158800")
[2024-09-16 00:03:34,974] {python.py:173} INFO - Done. Returned value was: None
[2024-09-16 00:03:35,029] {taskinstance.py:1395} INFO - Marking task as SUCCESS. dag_id=BRONZER_GET_CRIPTOS, task_id=BRONZE_CRIPTO_BTC, execution_date=20240125T000000, start_date=20240916T030331, end_date=20240916T030335
[2024-09-16 00:03:35,098] {local_task_job.py:156} INFO - Task exited with return code 0
[2024-09-16 00:03:35,391] {local_task_job.py:273} INFO - 0 downstream tasks scheduled from follow-on schedule check
[2024-09-16 00:13:14,687] {taskinstance.py:1159} INFO - Dependencies all met for <TaskInstance: BRONZER_GET_CRIPTOS.BRONZE_CRIPTO_BTC scheduled__2024-01-25T00:00:00+00:00 [queued]>
[2024-09-16 00:13:14,735] {taskinstance.py:1159} INFO - Dependencies all met for <TaskInstance: BRONZER_GET_CRIPTOS.BRONZE_CRIPTO_BTC scheduled__2024-01-25T00:00:00+00:00 [queued]>
[2024-09-16 00:13:14,735] {taskinstance.py:1356} INFO - 
--------------------------------------------------------------------------------
[2024-09-16 00:13:14,735] {taskinstance.py:1357} INFO - Starting attempt 1 of 1
[2024-09-16 00:13:14,735] {taskinstance.py:1358} INFO - 
--------------------------------------------------------------------------------
[2024-09-16 00:13:14,812] {taskinstance.py:1377} INFO - Executing <Task(_PythonDecoratedOperator): BRONZE_CRIPTO_BTC> on 2024-01-25 00:00:00+00:00
[2024-09-16 00:13:14,844] {standard_task_runner.py:52} INFO - Started process 46194 to run task
[2024-09-16 00:13:14,873] {standard_task_runner.py:79} INFO - Running: ['airflow', 'tasks', 'run', 'BRONZER_GET_CRIPTOS', 'BRONZE_CRIPTO_BTC', 'scheduled__2024-01-25T00:00:00+00:00', '--job-id', '1622', '--raw', '--subdir', 'DAGS_FOLDER/get_cripto.py', '--cfg-path', '/tmp/tmpcj75lap5', '--error-file', '/tmp/tmpugzk6b4c']
[2024-09-16 00:13:14,874] {standard_task_runner.py:80} INFO - Job 1622: Subtask BRONZE_CRIPTO_BTC
[2024-09-16 00:13:15,185] {task_command.py:370} INFO - Running <TaskInstance: BRONZER_GET_CRIPTOS.BRONZE_CRIPTO_BTC scheduled__2024-01-25T00:00:00+00:00 [running]> on host kaiwang.
[2024-09-16 00:13:15,533] {taskinstance.py:1569} INFO - Exporting the following env vars:
AIRFLOW_CTX_DAG_OWNER=airflow
AIRFLOW_CTX_DAG_ID=BRONZER_GET_CRIPTOS
AIRFLOW_CTX_TASK_ID=BRONZE_CRIPTO_BTC
AIRFLOW_CTX_EXECUTION_DATE=2024-01-25T00:00:00+00:00
AIRFLOW_CTX_TRY_NUMBER=1
AIRFLOW_CTX_DAG_RUN_ID=scheduled__2024-01-25T00:00:00+00:00
[2024-09-16 00:13:18,827] {history.py:244} ERROR - $BTC: possibly delisted; no price data found  (1h 2024-01-22 -> 2024-01-25) (Yahoo error = "Data doesn't exist for startDate = 1705899600, endDate = 1706158800")
[2024-09-16 00:13:18,846] {python.py:173} INFO - Done. Returned value was: None
[2024-09-16 00:13:19,007] {taskinstance.py:1395} INFO - Marking task as SUCCESS. dag_id=BRONZER_GET_CRIPTOS, task_id=BRONZE_CRIPTO_BTC, execution_date=20240125T000000, start_date=20240916T031314, end_date=20240916T031319
[2024-09-16 00:13:19,097] {local_task_job.py:156} INFO - Task exited with return code 0
[2024-09-16 00:13:19,460] {local_task_job.py:273} INFO - 0 downstream tasks scheduled from follow-on schedule check
[2024-09-16 00:14:47,360] {taskinstance.py:1159} INFO - Dependencies all met for <TaskInstance: BRONZER_GET_CRIPTOS.BRONZE_CRIPTO_BTC scheduled__2024-01-25T00:00:00+00:00 [queued]>
[2024-09-16 00:14:47,386] {taskinstance.py:1159} INFO - Dependencies all met for <TaskInstance: BRONZER_GET_CRIPTOS.BRONZE_CRIPTO_BTC scheduled__2024-01-25T00:00:00+00:00 [queued]>
[2024-09-16 00:14:47,386] {taskinstance.py:1356} INFO - 
--------------------------------------------------------------------------------
[2024-09-16 00:14:47,386] {taskinstance.py:1357} INFO - Starting attempt 1 of 1
[2024-09-16 00:14:47,386] {taskinstance.py:1358} INFO - 
--------------------------------------------------------------------------------
[2024-09-16 00:14:47,424] {taskinstance.py:1377} INFO - Executing <Task(_PythonDecoratedOperator): BRONZE_CRIPTO_BTC> on 2024-01-25 00:00:00+00:00
[2024-09-16 00:14:47,431] {standard_task_runner.py:52} INFO - Started process 51460 to run task
[2024-09-16 00:14:47,441] {standard_task_runner.py:79} INFO - Running: ['airflow', 'tasks', 'run', 'BRONZER_GET_CRIPTOS', 'BRONZE_CRIPTO_BTC', 'scheduled__2024-01-25T00:00:00+00:00', '--job-id', '1927', '--raw', '--subdir', 'DAGS_FOLDER/get_cripto.py', '--cfg-path', '/tmp/tmpmlw1ho0_', '--error-file', '/tmp/tmpplwptdve']
[2024-09-16 00:14:47,442] {standard_task_runner.py:80} INFO - Job 1927: Subtask BRONZE_CRIPTO_BTC
[2024-09-16 00:14:47,584] {task_command.py:370} INFO - Running <TaskInstance: BRONZER_GET_CRIPTOS.BRONZE_CRIPTO_BTC scheduled__2024-01-25T00:00:00+00:00 [running]> on host kaiwang.
[2024-09-16 00:14:47,736] {taskinstance.py:1569} INFO - Exporting the following env vars:
AIRFLOW_CTX_DAG_OWNER=airflow
AIRFLOW_CTX_DAG_ID=BRONZER_GET_CRIPTOS
AIRFLOW_CTX_TASK_ID=BRONZE_CRIPTO_BTC
AIRFLOW_CTX_EXECUTION_DATE=2024-01-25T00:00:00+00:00
AIRFLOW_CTX_TRY_NUMBER=1
AIRFLOW_CTX_DAG_RUN_ID=scheduled__2024-01-25T00:00:00+00:00
[2024-09-16 00:14:51,323] {history.py:244} ERROR - $BTC: possibly delisted; no price data found  (1h 2024-01-22 -> 2024-01-25) (Yahoo error = "Data doesn't exist for startDate = 1705899600, endDate = 1706158800")
[2024-09-16 00:14:51,326] {python.py:173} INFO - Done. Returned value was: None
[2024-09-16 00:14:51,523] {taskinstance.py:1395} INFO - Marking task as SUCCESS. dag_id=BRONZER_GET_CRIPTOS, task_id=BRONZE_CRIPTO_BTC, execution_date=20240125T000000, start_date=20240916T031447, end_date=20240916T031451
[2024-09-16 00:14:51,562] {local_task_job.py:156} INFO - Task exited with return code 0
[2024-09-16 00:14:51,723] {local_task_job.py:273} INFO - 0 downstream tasks scheduled from follow-on schedule check
