[2024-09-16 00:03:52,994] {taskinstance.py:1159} INFO - Dependencies all met for <TaskInstance: BRONZER_GET_STONCKS.BRONZE_STONCKS_MSFT scheduled__2024-02-09T00:00:00+00:00 [queued]>
[2024-09-16 00:03:53,057] {taskinstance.py:1159} INFO - Dependencies all met for <TaskInstance: BRONZER_GET_STONCKS.BRONZE_STONCKS_MSFT scheduled__2024-02-09T00:00:00+00:00 [queued]>
[2024-09-16 00:03:53,059] {taskinstance.py:1356} INFO - 
--------------------------------------------------------------------------------
[2024-09-16 00:03:53,059] {taskinstance.py:1357} INFO - Starting attempt 1 of 1
[2024-09-16 00:03:53,059] {taskinstance.py:1358} INFO - 
--------------------------------------------------------------------------------
[2024-09-16 00:03:53,159] {taskinstance.py:1377} INFO - Executing <Task(_PythonDecoratedOperator): BRONZE_STONCKS_MSFT> on 2024-02-09 00:00:00+00:00
[2024-09-16 00:03:53,166] {standard_task_runner.py:52} INFO - Started process 21914 to run task
[2024-09-16 00:03:53,205] {standard_task_runner.py:79} INFO - Running: ['airflow', 'tasks', 'run', 'BRONZER_GET_STONCKS', 'BRONZE_STONCKS_MSFT', 'scheduled__2024-02-09T00:00:00+00:00', '--job-id', '228', '--raw', '--subdir', 'DAGS_FOLDER/get_stocks.py', '--cfg-path', '/tmp/tmpzlkvg3t0', '--error-file', '/tmp/tmpfwbbnnyv']
[2024-09-16 00:03:53,207] {standard_task_runner.py:80} INFO - Job 228: Subtask BRONZE_STONCKS_MSFT
[2024-09-16 00:03:53,712] {task_command.py:370} INFO - Running <TaskInstance: BRONZER_GET_STONCKS.BRONZE_STONCKS_MSFT scheduled__2024-02-09T00:00:00+00:00 [running]> on host kaiwang.
[2024-09-16 00:03:54,500] {taskinstance.py:1569} INFO - Exporting the following env vars:
AIRFLOW_CTX_DAG_OWNER=airflow
AIRFLOW_CTX_DAG_ID=BRONZER_GET_STONCKS
AIRFLOW_CTX_TASK_ID=BRONZE_STONCKS_MSFT
AIRFLOW_CTX_EXECUTION_DATE=2024-02-09T00:00:00+00:00
AIRFLOW_CTX_TRY_NUMBER=1
AIRFLOW_CTX_DAG_RUN_ID=scheduled__2024-02-09T00:00:00+00:00
[2024-09-16 00:03:55,300] {python.py:173} INFO - Done. Returned value was: None
[2024-09-16 00:03:55,697] {taskinstance.py:1395} INFO - Marking task as SUCCESS. dag_id=BRONZER_GET_STONCKS, task_id=BRONZE_STONCKS_MSFT, execution_date=20240209T000000, start_date=20240916T030353, end_date=20240916T030355
[2024-09-16 00:03:55,772] {local_task_job.py:156} INFO - Task exited with return code 0
[2024-09-16 00:03:56,430] {local_task_job.py:273} INFO - 0 downstream tasks scheduled from follow-on schedule check
[2024-09-16 00:13:30,034] {taskinstance.py:1159} INFO - Dependencies all met for <TaskInstance: BRONZER_GET_STONCKS.BRONZE_STONCKS_MSFT scheduled__2024-02-09T00:00:00+00:00 [queued]>
[2024-09-16 00:13:30,062] {taskinstance.py:1159} INFO - Dependencies all met for <TaskInstance: BRONZER_GET_STONCKS.BRONZE_STONCKS_MSFT scheduled__2024-02-09T00:00:00+00:00 [queued]>
[2024-09-16 00:13:30,062] {taskinstance.py:1356} INFO - 
--------------------------------------------------------------------------------
[2024-09-16 00:13:30,063] {taskinstance.py:1357} INFO - Starting attempt 1 of 1
[2024-09-16 00:13:30,063] {taskinstance.py:1358} INFO - 
--------------------------------------------------------------------------------
[2024-09-16 00:13:30,115] {taskinstance.py:1377} INFO - Executing <Task(_PythonDecoratedOperator): BRONZE_STONCKS_MSFT> on 2024-02-09 00:00:00+00:00
[2024-09-16 00:13:30,121] {standard_task_runner.py:52} INFO - Started process 47421 to run task
[2024-09-16 00:13:30,149] {standard_task_runner.py:79} INFO - Running: ['airflow', 'tasks', 'run', 'BRONZER_GET_STONCKS', 'BRONZE_STONCKS_MSFT', 'scheduled__2024-02-09T00:00:00+00:00', '--job-id', '1691', '--raw', '--subdir', 'DAGS_FOLDER/get_stocks.py', '--cfg-path', '/tmp/tmpv1cqkrrv', '--error-file', '/tmp/tmpajq0ov6s']
[2024-09-16 00:13:30,150] {standard_task_runner.py:80} INFO - Job 1691: Subtask BRONZE_STONCKS_MSFT
[2024-09-16 00:13:30,391] {task_command.py:370} INFO - Running <TaskInstance: BRONZER_GET_STONCKS.BRONZE_STONCKS_MSFT scheduled__2024-02-09T00:00:00+00:00 [running]> on host kaiwang.
[2024-09-16 00:13:30,759] {taskinstance.py:1569} INFO - Exporting the following env vars:
AIRFLOW_CTX_DAG_OWNER=airflow
AIRFLOW_CTX_DAG_ID=BRONZER_GET_STONCKS
AIRFLOW_CTX_TASK_ID=BRONZE_STONCKS_MSFT
AIRFLOW_CTX_EXECUTION_DATE=2024-02-09T00:00:00+00:00
AIRFLOW_CTX_TRY_NUMBER=1
AIRFLOW_CTX_DAG_RUN_ID=scheduled__2024-02-09T00:00:00+00:00
[2024-09-16 00:13:31,526] {python.py:173} INFO - Done. Returned value was: None
[2024-09-16 00:13:31,628] {taskinstance.py:1395} INFO - Marking task as SUCCESS. dag_id=BRONZER_GET_STONCKS, task_id=BRONZE_STONCKS_MSFT, execution_date=20240209T000000, start_date=20240916T031330, end_date=20240916T031331
[2024-09-16 00:13:31,740] {local_task_job.py:156} INFO - Task exited with return code 0
[2024-09-16 00:13:32,146] {local_task_job.py:273} INFO - 0 downstream tasks scheduled from follow-on schedule check
[2024-09-16 00:15:04,176] {taskinstance.py:1159} INFO - Dependencies all met for <TaskInstance: BRONZER_GET_STONCKS.BRONZE_STONCKS_MSFT scheduled__2024-02-09T00:00:00+00:00 [queued]>
[2024-09-16 00:15:04,211] {taskinstance.py:1159} INFO - Dependencies all met for <TaskInstance: BRONZER_GET_STONCKS.BRONZE_STONCKS_MSFT scheduled__2024-02-09T00:00:00+00:00 [queued]>
[2024-09-16 00:15:04,212] {taskinstance.py:1356} INFO - 
--------------------------------------------------------------------------------
[2024-09-16 00:15:04,212] {taskinstance.py:1357} INFO - Starting attempt 1 of 1
[2024-09-16 00:15:04,212] {taskinstance.py:1358} INFO - 
--------------------------------------------------------------------------------
[2024-09-16 00:15:04,265] {taskinstance.py:1377} INFO - Executing <Task(_PythonDecoratedOperator): BRONZE_STONCKS_MSFT> on 2024-02-09 00:00:00+00:00
[2024-09-16 00:15:04,271] {standard_task_runner.py:52} INFO - Started process 52868 to run task
[2024-09-16 00:15:04,296] {standard_task_runner.py:79} INFO - Running: ['airflow', 'tasks', 'run', 'BRONZER_GET_STONCKS', 'BRONZE_STONCKS_MSFT', 'scheduled__2024-02-09T00:00:00+00:00', '--job-id', '2005', '--raw', '--subdir', 'DAGS_FOLDER/get_stocks.py', '--cfg-path', '/tmp/tmpt7l0trlu', '--error-file', '/tmp/tmp22l2l8b5']
[2024-09-16 00:15:04,299] {standard_task_runner.py:80} INFO - Job 2005: Subtask BRONZE_STONCKS_MSFT
[2024-09-16 00:15:04,501] {task_command.py:370} INFO - Running <TaskInstance: BRONZER_GET_STONCKS.BRONZE_STONCKS_MSFT scheduled__2024-02-09T00:00:00+00:00 [running]> on host kaiwang.
[2024-09-16 00:15:04,797] {taskinstance.py:1569} INFO - Exporting the following env vars:
AIRFLOW_CTX_DAG_OWNER=airflow
AIRFLOW_CTX_DAG_ID=BRONZER_GET_STONCKS
AIRFLOW_CTX_TASK_ID=BRONZE_STONCKS_MSFT
AIRFLOW_CTX_EXECUTION_DATE=2024-02-09T00:00:00+00:00
AIRFLOW_CTX_TRY_NUMBER=1
AIRFLOW_CTX_DAG_RUN_ID=scheduled__2024-02-09T00:00:00+00:00
[2024-09-16 00:15:05,630] {python.py:173} INFO - Done. Returned value was: None
[2024-09-16 00:15:05,650] {taskinstance.py:1395} INFO - Marking task as SUCCESS. dag_id=BRONZER_GET_STONCKS, task_id=BRONZE_STONCKS_MSFT, execution_date=20240209T000000, start_date=20240916T031504, end_date=20240916T031505
[2024-09-16 00:15:05,699] {local_task_job.py:156} INFO - Task exited with return code 0
[2024-09-16 00:15:05,833] {local_task_job.py:273} INFO - 0 downstream tasks scheduled from follow-on schedule check
