[2024-09-16 00:04:51,650] {taskinstance.py:1159} INFO - Dependencies all met for <TaskInstance: BRONZER_GET_CRIPTOS.BRONZE_CRIPTO_AVAX scheduled__2024-03-22T00:00:00+00:00 [queued]>
[2024-09-16 00:04:51,678] {taskinstance.py:1159} INFO - Dependencies all met for <TaskInstance: BRONZER_GET_CRIPTOS.BRONZE_CRIPTO_AVAX scheduled__2024-03-22T00:00:00+00:00 [queued]>
[2024-09-16 00:04:51,678] {taskinstance.py:1356} INFO - 
--------------------------------------------------------------------------------
[2024-09-16 00:04:51,678] {taskinstance.py:1357} INFO - Starting attempt 1 of 1
[2024-09-16 00:04:51,678] {taskinstance.py:1358} INFO - 
--------------------------------------------------------------------------------
[2024-09-16 00:04:51,727] {taskinstance.py:1377} INFO - Executing <Task(_PythonDecoratedOperator): BRONZE_CRIPTO_AVAX> on 2024-03-22 00:00:00+00:00
[2024-09-16 00:04:51,733] {standard_task_runner.py:52} INFO - Started process 26575 to run task
[2024-09-16 00:04:51,754] {standard_task_runner.py:79} INFO - Running: ['airflow', 'tasks', 'run', 'BRONZER_GET_CRIPTOS', 'BRONZE_CRIPTO_AVAX', 'scheduled__2024-03-22T00:00:00+00:00', '--job-id', '496', '--raw', '--subdir', 'DAGS_FOLDER/get_cripto.py', '--cfg-path', '/tmp/tmpj9u73hnu', '--error-file', '/tmp/tmpz9kylsob']
[2024-09-16 00:04:51,756] {standard_task_runner.py:80} INFO - Job 496: Subtask BRONZE_CRIPTO_AVAX
[2024-09-16 00:04:51,971] {task_command.py:370} INFO - Running <TaskInstance: BRONZER_GET_CRIPTOS.BRONZE_CRIPTO_AVAX scheduled__2024-03-22T00:00:00+00:00 [running]> on host kaiwang.
[2024-09-16 00:04:52,305] {taskinstance.py:1569} INFO - Exporting the following env vars:
AIRFLOW_CTX_DAG_OWNER=airflow
AIRFLOW_CTX_DAG_ID=BRONZER_GET_CRIPTOS
AIRFLOW_CTX_TASK_ID=BRONZE_CRIPTO_AVAX
AIRFLOW_CTX_EXECUTION_DATE=2024-03-22T00:00:00+00:00
AIRFLOW_CTX_TRY_NUMBER=1
AIRFLOW_CTX_DAG_RUN_ID=scheduled__2024-03-22T00:00:00+00:00
[2024-09-16 00:04:56,183] {history.py:122} ERROR - $AVAX: possibly delisted; no timezone found
[2024-09-16 00:04:56,186] {python.py:173} INFO - Done. Returned value was: None
[2024-09-16 00:04:56,228] {taskinstance.py:1395} INFO - Marking task as SUCCESS. dag_id=BRONZER_GET_CRIPTOS, task_id=BRONZE_CRIPTO_AVAX, execution_date=20240322T000000, start_date=20240916T030451, end_date=20240916T030456
[2024-09-16 00:04:56,279] {local_task_job.py:156} INFO - Task exited with return code 0
[2024-09-16 00:04:56,504] {local_task_job.py:273} INFO - 0 downstream tasks scheduled from follow-on schedule check
[2024-09-16 00:16:06,462] {taskinstance.py:1159} INFO - Dependencies all met for <TaskInstance: BRONZER_GET_CRIPTOS.BRONZE_CRIPTO_AVAX scheduled__2024-03-22T00:00:00+00:00 [queued]>
[2024-09-16 00:16:06,503] {taskinstance.py:1159} INFO - Dependencies all met for <TaskInstance: BRONZER_GET_CRIPTOS.BRONZE_CRIPTO_AVAX scheduled__2024-03-22T00:00:00+00:00 [queued]>
[2024-09-16 00:16:06,503] {taskinstance.py:1356} INFO - 
--------------------------------------------------------------------------------
[2024-09-16 00:16:06,503] {taskinstance.py:1357} INFO - Starting attempt 1 of 1
[2024-09-16 00:16:06,503] {taskinstance.py:1358} INFO - 
--------------------------------------------------------------------------------
[2024-09-16 00:16:06,562] {taskinstance.py:1377} INFO - Executing <Task(_PythonDecoratedOperator): BRONZE_CRIPTO_AVAX> on 2024-03-22 00:00:00+00:00
[2024-09-16 00:16:06,579] {standard_task_runner.py:52} INFO - Started process 57976 to run task
[2024-09-16 00:16:06,608] {standard_task_runner.py:79} INFO - Running: ['airflow', 'tasks', 'run', 'BRONZER_GET_CRIPTOS', 'BRONZE_CRIPTO_AVAX', 'scheduled__2024-03-22T00:00:00+00:00', '--job-id', '2302', '--raw', '--subdir', 'DAGS_FOLDER/get_cripto.py', '--cfg-path', '/tmp/tmp93ok6r6n', '--error-file', '/tmp/tmpnpa837n4']
[2024-09-16 00:16:06,609] {standard_task_runner.py:80} INFO - Job 2302: Subtask BRONZE_CRIPTO_AVAX
[2024-09-16 00:16:06,945] {task_command.py:370} INFO - Running <TaskInstance: BRONZER_GET_CRIPTOS.BRONZE_CRIPTO_AVAX scheduled__2024-03-22T00:00:00+00:00 [running]> on host kaiwang.
[2024-09-16 00:16:07,436] {taskinstance.py:1569} INFO - Exporting the following env vars:
AIRFLOW_CTX_DAG_OWNER=airflow
AIRFLOW_CTX_DAG_ID=BRONZER_GET_CRIPTOS
AIRFLOW_CTX_TASK_ID=BRONZE_CRIPTO_AVAX
AIRFLOW_CTX_EXECUTION_DATE=2024-03-22T00:00:00+00:00
AIRFLOW_CTX_TRY_NUMBER=1
AIRFLOW_CTX_DAG_RUN_ID=scheduled__2024-03-22T00:00:00+00:00
[2024-09-16 00:16:10,443] {history.py:122} ERROR - $AVAX: possibly delisted; no timezone found
[2024-09-16 00:16:10,453] {python.py:173} INFO - Done. Returned value was: None
[2024-09-16 00:16:10,488] {taskinstance.py:1395} INFO - Marking task as SUCCESS. dag_id=BRONZER_GET_CRIPTOS, task_id=BRONZE_CRIPTO_AVAX, execution_date=20240322T000000, start_date=20240916T031606, end_date=20240916T031610
[2024-09-16 00:16:10,523] {local_task_job.py:156} INFO - Task exited with return code 0
[2024-09-16 00:16:10,558] {local_task_job.py:273} INFO - 0 downstream tasks scheduled from follow-on schedule check
