[2024-09-16 00:04:51,847] {taskinstance.py:1159} INFO - Dependencies all met for <TaskInstance: BRONZER_GET_CRIPTOS.BRONZE_CRIPTO_DOGE scheduled__2024-03-22T00:00:00+00:00 [queued]>
[2024-09-16 00:04:51,868] {taskinstance.py:1159} INFO - Dependencies all met for <TaskInstance: BRONZER_GET_CRIPTOS.BRONZE_CRIPTO_DOGE scheduled__2024-03-22T00:00:00+00:00 [queued]>
[2024-09-16 00:04:51,868] {taskinstance.py:1356} INFO - 
--------------------------------------------------------------------------------
[2024-09-16 00:04:51,868] {taskinstance.py:1357} INFO - Starting attempt 1 of 1
[2024-09-16 00:04:51,868] {taskinstance.py:1358} INFO - 
--------------------------------------------------------------------------------
[2024-09-16 00:04:51,942] {taskinstance.py:1377} INFO - Executing <Task(_PythonDecoratedOperator): BRONZE_CRIPTO_DOGE> on 2024-03-22 00:00:00+00:00
[2024-09-16 00:04:51,949] {standard_task_runner.py:52} INFO - Started process 26600 to run task
[2024-09-16 00:04:51,965] {standard_task_runner.py:79} INFO - Running: ['airflow', 'tasks', 'run', 'BRONZER_GET_CRIPTOS', 'BRONZE_CRIPTO_DOGE', 'scheduled__2024-03-22T00:00:00+00:00', '--job-id', '497', '--raw', '--subdir', 'DAGS_FOLDER/get_cripto.py', '--cfg-path', '/tmp/tmp6uwroddk', '--error-file', '/tmp/tmpmc44uf23']
[2024-09-16 00:04:51,981] {standard_task_runner.py:80} INFO - Job 497: Subtask BRONZE_CRIPTO_DOGE
[2024-09-16 00:04:52,222] {task_command.py:370} INFO - Running <TaskInstance: BRONZER_GET_CRIPTOS.BRONZE_CRIPTO_DOGE scheduled__2024-03-22T00:00:00+00:00 [running]> on host kaiwang.
[2024-09-16 00:04:52,657] {taskinstance.py:1569} INFO - Exporting the following env vars:
AIRFLOW_CTX_DAG_OWNER=airflow
AIRFLOW_CTX_DAG_ID=BRONZER_GET_CRIPTOS
AIRFLOW_CTX_TASK_ID=BRONZE_CRIPTO_DOGE
AIRFLOW_CTX_EXECUTION_DATE=2024-03-22T00:00:00+00:00
AIRFLOW_CTX_TRY_NUMBER=1
AIRFLOW_CTX_DAG_RUN_ID=scheduled__2024-03-22T00:00:00+00:00
[2024-09-16 00:04:55,243] {history.py:122} ERROR - $DOGE: possibly delisted; no timezone found
[2024-09-16 00:04:55,247] {python.py:173} INFO - Done. Returned value was: None
[2024-09-16 00:04:55,282] {taskinstance.py:1395} INFO - Marking task as SUCCESS. dag_id=BRONZER_GET_CRIPTOS, task_id=BRONZE_CRIPTO_DOGE, execution_date=20240322T000000, start_date=20240916T030451, end_date=20240916T030455
[2024-09-16 00:04:55,385] {local_task_job.py:156} INFO - Task exited with return code 0
[2024-09-16 00:04:55,532] {local_task_job.py:273} INFO - 0 downstream tasks scheduled from follow-on schedule check
[2024-09-16 00:16:06,688] {taskinstance.py:1159} INFO - Dependencies all met for <TaskInstance: BRONZER_GET_CRIPTOS.BRONZE_CRIPTO_DOGE scheduled__2024-03-22T00:00:00+00:00 [queued]>
[2024-09-16 00:16:06,728] {taskinstance.py:1159} INFO - Dependencies all met for <TaskInstance: BRONZER_GET_CRIPTOS.BRONZE_CRIPTO_DOGE scheduled__2024-03-22T00:00:00+00:00 [queued]>
[2024-09-16 00:16:06,742] {taskinstance.py:1356} INFO - 
--------------------------------------------------------------------------------
[2024-09-16 00:16:06,742] {taskinstance.py:1357} INFO - Starting attempt 1 of 1
[2024-09-16 00:16:06,742] {taskinstance.py:1358} INFO - 
--------------------------------------------------------------------------------
[2024-09-16 00:16:06,828] {taskinstance.py:1377} INFO - Executing <Task(_PythonDecoratedOperator): BRONZE_CRIPTO_DOGE> on 2024-03-22 00:00:00+00:00
[2024-09-16 00:16:06,835] {standard_task_runner.py:52} INFO - Started process 58011 to run task
[2024-09-16 00:16:06,863] {standard_task_runner.py:79} INFO - Running: ['airflow', 'tasks', 'run', 'BRONZER_GET_CRIPTOS', 'BRONZE_CRIPTO_DOGE', 'scheduled__2024-03-22T00:00:00+00:00', '--job-id', '2301', '--raw', '--subdir', 'DAGS_FOLDER/get_cripto.py', '--cfg-path', '/tmp/tmpt8w6mvnq', '--error-file', '/tmp/tmpmpmlbelr']
[2024-09-16 00:16:06,865] {standard_task_runner.py:80} INFO - Job 2301: Subtask BRONZE_CRIPTO_DOGE
[2024-09-16 00:16:07,143] {task_command.py:370} INFO - Running <TaskInstance: BRONZER_GET_CRIPTOS.BRONZE_CRIPTO_DOGE scheduled__2024-03-22T00:00:00+00:00 [running]> on host kaiwang.
[2024-09-16 00:16:07,566] {taskinstance.py:1569} INFO - Exporting the following env vars:
AIRFLOW_CTX_DAG_OWNER=airflow
AIRFLOW_CTX_DAG_ID=BRONZER_GET_CRIPTOS
AIRFLOW_CTX_TASK_ID=BRONZE_CRIPTO_DOGE
AIRFLOW_CTX_EXECUTION_DATE=2024-03-22T00:00:00+00:00
AIRFLOW_CTX_TRY_NUMBER=1
AIRFLOW_CTX_DAG_RUN_ID=scheduled__2024-03-22T00:00:00+00:00
[2024-09-16 00:16:10,204] {history.py:122} ERROR - $DOGE: possibly delisted; no timezone found
[2024-09-16 00:16:10,208] {python.py:173} INFO - Done. Returned value was: None
[2024-09-16 00:16:10,224] {taskinstance.py:1395} INFO - Marking task as SUCCESS. dag_id=BRONZER_GET_CRIPTOS, task_id=BRONZE_CRIPTO_DOGE, execution_date=20240322T000000, start_date=20240916T031606, end_date=20240916T031610
[2024-09-16 00:16:10,257] {local_task_job.py:156} INFO - Task exited with return code 0
[2024-09-16 00:16:10,303] {local_task_job.py:273} INFO - 0 downstream tasks scheduled from follow-on schedule check
