[2024-09-16 00:08:17,747] {taskinstance.py:1159} INFO - Dependencies all met for <TaskInstance: BRONZER_GET_CRIPTOS.BRONZE_CRIPTO_ETH scheduled__2024-09-03T00:00:00+00:00 [queued]>
[2024-09-16 00:08:17,759] {taskinstance.py:1159} INFO - Dependencies all met for <TaskInstance: BRONZER_GET_CRIPTOS.BRONZE_CRIPTO_ETH scheduled__2024-09-03T00:00:00+00:00 [queued]>
[2024-09-16 00:08:17,759] {taskinstance.py:1356} INFO - 
--------------------------------------------------------------------------------
[2024-09-16 00:08:17,759] {taskinstance.py:1357} INFO - Starting attempt 1 of 1
[2024-09-16 00:08:17,759] {taskinstance.py:1358} INFO - 
--------------------------------------------------------------------------------
[2024-09-16 00:08:17,778] {taskinstance.py:1377} INFO - Executing <Task(_PythonDecoratedOperator): BRONZE_CRIPTO_ETH> on 2024-09-03 00:00:00+00:00
[2024-09-16 00:08:17,786] {standard_task_runner.py:52} INFO - Started process 42747 to run task
[2024-09-16 00:08:17,804] {standard_task_runner.py:79} INFO - Running: ['airflow', 'tasks', 'run', 'BRONZER_GET_CRIPTOS', 'BRONZE_CRIPTO_ETH', 'scheduled__2024-09-03T00:00:00+00:00', '--job-id', '1441', '--raw', '--subdir', 'DAGS_FOLDER/get_cripto.py', '--cfg-path', '/tmp/tmpgcz4etg3', '--error-file', '/tmp/tmp2g6zxczj']
[2024-09-16 00:08:17,805] {standard_task_runner.py:80} INFO - Job 1441: Subtask BRONZE_CRIPTO_ETH
[2024-09-16 00:08:17,919] {task_command.py:370} INFO - Running <TaskInstance: BRONZER_GET_CRIPTOS.BRONZE_CRIPTO_ETH scheduled__2024-09-03T00:00:00+00:00 [running]> on host kaiwang.
[2024-09-16 00:08:18,041] {taskinstance.py:1569} INFO - Exporting the following env vars:
AIRFLOW_CTX_DAG_OWNER=airflow
AIRFLOW_CTX_DAG_ID=BRONZER_GET_CRIPTOS
AIRFLOW_CTX_TASK_ID=BRONZE_CRIPTO_ETH
AIRFLOW_CTX_EXECUTION_DATE=2024-09-03T00:00:00+00:00
AIRFLOW_CTX_TRY_NUMBER=1
AIRFLOW_CTX_DAG_RUN_ID=scheduled__2024-09-03T00:00:00+00:00
[2024-09-16 00:08:18,569] {history.py:244} ERROR - $ETH: possibly delisted; no price data found  (1h 2024-08-31 -> 2024-09-03)
[2024-09-16 00:08:18,573] {python.py:173} INFO - Done. Returned value was: None
[2024-09-16 00:08:18,598] {taskinstance.py:1395} INFO - Marking task as SUCCESS. dag_id=BRONZER_GET_CRIPTOS, task_id=BRONZE_CRIPTO_ETH, execution_date=20240903T000000, start_date=20240916T030817, end_date=20240916T030818
[2024-09-16 00:08:18,623] {local_task_job.py:156} INFO - Task exited with return code 0
[2024-09-16 00:08:18,682] {local_task_job.py:273} INFO - 0 downstream tasks scheduled from follow-on schedule check
[2024-09-16 13:56:41,255] {taskinstance.py:1159} INFO - Dependencies all met for <TaskInstance: BRONZER_GET_CRIPTOS.BRONZE_CRIPTO_ETH scheduled__2024-09-03T00:00:00+00:00 [queued]>
[2024-09-16 13:56:41,270] {taskinstance.py:1159} INFO - Dependencies all met for <TaskInstance: BRONZER_GET_CRIPTOS.BRONZE_CRIPTO_ETH scheduled__2024-09-03T00:00:00+00:00 [queued]>
[2024-09-16 13:56:41,270] {taskinstance.py:1356} INFO - 
--------------------------------------------------------------------------------
[2024-09-16 13:56:41,270] {taskinstance.py:1357} INFO - Starting attempt 1 of 1
[2024-09-16 13:56:41,271] {taskinstance.py:1358} INFO - 
--------------------------------------------------------------------------------
[2024-09-16 13:56:41,287] {taskinstance.py:1377} INFO - Executing <Task(_PythonDecoratedOperator): BRONZE_CRIPTO_ETH> on 2024-09-03 00:00:00+00:00
[2024-09-16 13:56:41,292] {standard_task_runner.py:52} INFO - Started process 140195 to run task
[2024-09-16 13:56:41,296] {standard_task_runner.py:79} INFO - Running: ['airflow', 'tasks', 'run', 'BRONZER_GET_CRIPTOS', 'BRONZE_CRIPTO_ETH', 'scheduled__2024-09-03T00:00:00+00:00', '--job-id', '2634', '--raw', '--subdir', 'DAGS_FOLDER/get_cripto.py', '--cfg-path', '/tmp/tmpm50wpi4w', '--error-file', '/tmp/tmpk9fsmhpa']
[2024-09-16 13:56:41,298] {standard_task_runner.py:80} INFO - Job 2634: Subtask BRONZE_CRIPTO_ETH
[2024-09-16 13:56:41,476] {task_command.py:370} INFO - Running <TaskInstance: BRONZER_GET_CRIPTOS.BRONZE_CRIPTO_ETH scheduled__2024-09-03T00:00:00+00:00 [running]> on host kaiwang.
[2024-09-16 13:56:42,137] {taskinstance.py:1569} INFO - Exporting the following env vars:
AIRFLOW_CTX_DAG_OWNER=airflow
AIRFLOW_CTX_DAG_ID=BRONZER_GET_CRIPTOS
AIRFLOW_CTX_TASK_ID=BRONZE_CRIPTO_ETH
AIRFLOW_CTX_EXECUTION_DATE=2024-09-03T00:00:00+00:00
AIRFLOW_CTX_TRY_NUMBER=1
AIRFLOW_CTX_DAG_RUN_ID=scheduled__2024-09-03T00:00:00+00:00
[2024-09-16 13:56:43,286] {history.py:244} ERROR - $ETH: possibly delisted; no price data found  (1h 2024-08-31 -> 2024-09-03)
[2024-09-16 13:56:43,290] {python.py:173} INFO - Done. Returned value was: None
[2024-09-16 13:56:43,319] {taskinstance.py:1395} INFO - Marking task as SUCCESS. dag_id=BRONZER_GET_CRIPTOS, task_id=BRONZE_CRIPTO_ETH, execution_date=20240903T000000, start_date=20240916T165641, end_date=20240916T165643
[2024-09-16 13:56:43,374] {local_task_job.py:156} INFO - Task exited with return code 0
[2024-09-16 13:56:43,455] {local_task_job.py:273} INFO - 0 downstream tasks scheduled from follow-on schedule check
