[2024-09-16 00:04:04,491] {taskinstance.py:1159} INFO - Dependencies all met for <TaskInstance: BRONZER_GET_CRIPTOS.BRONZE_CRIPTO_DOGE scheduled__2024-02-16T00:00:00+00:00 [queued]>
[2024-09-16 00:04:04,522] {taskinstance.py:1159} INFO - Dependencies all met for <TaskInstance: BRONZER_GET_CRIPTOS.BRONZE_CRIPTO_DOGE scheduled__2024-02-16T00:00:00+00:00 [queued]>
[2024-09-16 00:04:04,522] {taskinstance.py:1356} INFO - 
--------------------------------------------------------------------------------
[2024-09-16 00:04:04,522] {taskinstance.py:1357} INFO - Starting attempt 1 of 1
[2024-09-16 00:04:04,522] {taskinstance.py:1358} INFO - 
--------------------------------------------------------------------------------
[2024-09-16 00:04:04,618] {taskinstance.py:1377} INFO - Executing <Task(_PythonDecoratedOperator): BRONZE_CRIPTO_DOGE> on 2024-02-16 00:00:00+00:00
[2024-09-16 00:04:04,625] {standard_task_runner.py:52} INFO - Started process 22873 to run task
[2024-09-16 00:04:04,650] {standard_task_runner.py:79} INFO - Running: ['airflow', 'tasks', 'run', 'BRONZER_GET_CRIPTOS', 'BRONZE_CRIPTO_DOGE', 'scheduled__2024-02-16T00:00:00+00:00', '--job-id', '282', '--raw', '--subdir', 'DAGS_FOLDER/get_cripto.py', '--cfg-path', '/tmp/tmpcetuvfvc', '--error-file', '/tmp/tmpy_u_9bqv']
[2024-09-16 00:04:04,687] {standard_task_runner.py:80} INFO - Job 282: Subtask BRONZE_CRIPTO_DOGE
[2024-09-16 00:04:05,350] {task_command.py:370} INFO - Running <TaskInstance: BRONZER_GET_CRIPTOS.BRONZE_CRIPTO_DOGE scheduled__2024-02-16T00:00:00+00:00 [running]> on host kaiwang.
[2024-09-16 00:04:05,977] {taskinstance.py:1569} INFO - Exporting the following env vars:
AIRFLOW_CTX_DAG_OWNER=airflow
AIRFLOW_CTX_DAG_ID=BRONZER_GET_CRIPTOS
AIRFLOW_CTX_TASK_ID=BRONZE_CRIPTO_DOGE
AIRFLOW_CTX_EXECUTION_DATE=2024-02-16T00:00:00+00:00
AIRFLOW_CTX_TRY_NUMBER=1
AIRFLOW_CTX_DAG_RUN_ID=scheduled__2024-02-16T00:00:00+00:00
[2024-09-16 00:04:09,567] {history.py:122} ERROR - $DOGE: possibly delisted; no timezone found
[2024-09-16 00:04:09,570] {python.py:173} INFO - Done. Returned value was: None
[2024-09-16 00:04:09,677] {taskinstance.py:1395} INFO - Marking task as SUCCESS. dag_id=BRONZER_GET_CRIPTOS, task_id=BRONZE_CRIPTO_DOGE, execution_date=20240216T000000, start_date=20240916T030404, end_date=20240916T030409
[2024-09-16 00:04:09,838] {local_task_job.py:156} INFO - Task exited with return code 0
[2024-09-16 00:04:09,926] {local_task_job.py:273} INFO - 0 downstream tasks scheduled from follow-on schedule check
[2024-09-16 00:13:41,571] {taskinstance.py:1159} INFO - Dependencies all met for <TaskInstance: BRONZER_GET_CRIPTOS.BRONZE_CRIPTO_DOGE scheduled__2024-02-16T00:00:00+00:00 [queued]>
[2024-09-16 00:13:41,629] {taskinstance.py:1159} INFO - Dependencies all met for <TaskInstance: BRONZER_GET_CRIPTOS.BRONZE_CRIPTO_DOGE scheduled__2024-02-16T00:00:00+00:00 [queued]>
[2024-09-16 00:13:41,629] {taskinstance.py:1356} INFO - 
--------------------------------------------------------------------------------
[2024-09-16 00:13:41,629] {taskinstance.py:1357} INFO - Starting attempt 1 of 1
[2024-09-16 00:13:41,629] {taskinstance.py:1358} INFO - 
--------------------------------------------------------------------------------
[2024-09-16 00:13:41,700] {taskinstance.py:1377} INFO - Executing <Task(_PythonDecoratedOperator): BRONZE_CRIPTO_DOGE> on 2024-02-16 00:00:00+00:00
[2024-09-16 00:13:41,706] {standard_task_runner.py:52} INFO - Started process 48410 to run task
[2024-09-16 00:13:41,738] {standard_task_runner.py:79} INFO - Running: ['airflow', 'tasks', 'run', 'BRONZER_GET_CRIPTOS', 'BRONZE_CRIPTO_DOGE', 'scheduled__2024-02-16T00:00:00+00:00', '--job-id', '1750', '--raw', '--subdir', 'DAGS_FOLDER/get_cripto.py', '--cfg-path', '/tmp/tmpd24dnd7d', '--error-file', '/tmp/tmphd8wsr0a']
[2024-09-16 00:13:41,739] {standard_task_runner.py:80} INFO - Job 1750: Subtask BRONZE_CRIPTO_DOGE
[2024-09-16 00:13:42,095] {task_command.py:370} INFO - Running <TaskInstance: BRONZER_GET_CRIPTOS.BRONZE_CRIPTO_DOGE scheduled__2024-02-16T00:00:00+00:00 [running]> on host kaiwang.
[2024-09-16 00:13:42,312] {taskinstance.py:1569} INFO - Exporting the following env vars:
AIRFLOW_CTX_DAG_OWNER=airflow
AIRFLOW_CTX_DAG_ID=BRONZER_GET_CRIPTOS
AIRFLOW_CTX_TASK_ID=BRONZE_CRIPTO_DOGE
AIRFLOW_CTX_EXECUTION_DATE=2024-02-16T00:00:00+00:00
AIRFLOW_CTX_TRY_NUMBER=1
AIRFLOW_CTX_DAG_RUN_ID=scheduled__2024-02-16T00:00:00+00:00
[2024-09-16 00:13:45,196] {history.py:122} ERROR - $DOGE: possibly delisted; no timezone found
[2024-09-16 00:13:45,200] {python.py:173} INFO - Done. Returned value was: None
[2024-09-16 00:13:45,245] {taskinstance.py:1395} INFO - Marking task as SUCCESS. dag_id=BRONZER_GET_CRIPTOS, task_id=BRONZE_CRIPTO_DOGE, execution_date=20240216T000000, start_date=20240916T031341, end_date=20240916T031345
[2024-09-16 00:13:45,317] {local_task_job.py:156} INFO - Task exited with return code 0
[2024-09-16 00:13:45,447] {local_task_job.py:273} INFO - 0 downstream tasks scheduled from follow-on schedule check
[2024-09-16 00:15:16,933] {taskinstance.py:1159} INFO - Dependencies all met for <TaskInstance: BRONZER_GET_CRIPTOS.BRONZE_CRIPTO_DOGE scheduled__2024-02-16T00:00:00+00:00 [queued]>
[2024-09-16 00:15:16,984] {taskinstance.py:1159} INFO - Dependencies all met for <TaskInstance: BRONZER_GET_CRIPTOS.BRONZE_CRIPTO_DOGE scheduled__2024-02-16T00:00:00+00:00 [queued]>
[2024-09-16 00:15:16,984] {taskinstance.py:1356} INFO - 
--------------------------------------------------------------------------------
[2024-09-16 00:15:16,984] {taskinstance.py:1357} INFO - Starting attempt 1 of 1
[2024-09-16 00:15:16,984] {taskinstance.py:1358} INFO - 
--------------------------------------------------------------------------------
[2024-09-16 00:15:17,039] {taskinstance.py:1377} INFO - Executing <Task(_PythonDecoratedOperator): BRONZE_CRIPTO_DOGE> on 2024-02-16 00:00:00+00:00
[2024-09-16 00:15:17,049] {standard_task_runner.py:52} INFO - Started process 53931 to run task
[2024-09-16 00:15:17,090] {standard_task_runner.py:79} INFO - Running: ['airflow', 'tasks', 'run', 'BRONZER_GET_CRIPTOS', 'BRONZE_CRIPTO_DOGE', 'scheduled__2024-02-16T00:00:00+00:00', '--job-id', '2070', '--raw', '--subdir', 'DAGS_FOLDER/get_cripto.py', '--cfg-path', '/tmp/tmpkc3kp2k6', '--error-file', '/tmp/tmp0msb20r4']
[2024-09-16 00:15:17,091] {standard_task_runner.py:80} INFO - Job 2070: Subtask BRONZE_CRIPTO_DOGE
[2024-09-16 00:15:17,389] {task_command.py:370} INFO - Running <TaskInstance: BRONZER_GET_CRIPTOS.BRONZE_CRIPTO_DOGE scheduled__2024-02-16T00:00:00+00:00 [running]> on host kaiwang.
[2024-09-16 00:15:17,630] {taskinstance.py:1569} INFO - Exporting the following env vars:
AIRFLOW_CTX_DAG_OWNER=airflow
AIRFLOW_CTX_DAG_ID=BRONZER_GET_CRIPTOS
AIRFLOW_CTX_TASK_ID=BRONZE_CRIPTO_DOGE
AIRFLOW_CTX_EXECUTION_DATE=2024-02-16T00:00:00+00:00
AIRFLOW_CTX_TRY_NUMBER=1
AIRFLOW_CTX_DAG_RUN_ID=scheduled__2024-02-16T00:00:00+00:00
[2024-09-16 00:15:20,444] {history.py:122} ERROR - $DOGE: possibly delisted; no timezone found
[2024-09-16 00:15:20,448] {python.py:173} INFO - Done. Returned value was: None
[2024-09-16 00:15:20,478] {taskinstance.py:1395} INFO - Marking task as SUCCESS. dag_id=BRONZER_GET_CRIPTOS, task_id=BRONZE_CRIPTO_DOGE, execution_date=20240216T000000, start_date=20240916T031516, end_date=20240916T031520
[2024-09-16 00:15:20,517] {local_task_job.py:156} INFO - Task exited with return code 0
[2024-09-16 00:15:20,640] {local_task_job.py:273} INFO - 0 downstream tasks scheduled from follow-on schedule check
