[2024-09-16 00:04:23,716] {taskinstance.py:1159} INFO - Dependencies all met for <TaskInstance: BRONZER_GET_STONCKS.BRONZE_STONCKS_TSLA scheduled__2024-03-07T00:00:00+00:00 [queued]>
[2024-09-16 00:04:23,742] {taskinstance.py:1159} INFO - Dependencies all met for <TaskInstance: BRONZER_GET_STONCKS.BRONZE_STONCKS_TSLA scheduled__2024-03-07T00:00:00+00:00 [queued]>
[2024-09-16 00:04:23,742] {taskinstance.py:1356} INFO - 
--------------------------------------------------------------------------------
[2024-09-16 00:04:23,742] {taskinstance.py:1357} INFO - Starting attempt 1 of 1
[2024-09-16 00:04:23,742] {taskinstance.py:1358} INFO - 
--------------------------------------------------------------------------------
[2024-09-16 00:04:23,789] {taskinstance.py:1377} INFO - Executing <Task(_PythonDecoratedOperator): BRONZE_STONCKS_TSLA> on 2024-03-07 00:00:00+00:00
[2024-09-16 00:04:23,808] {standard_task_runner.py:52} INFO - Started process 24401 to run task
[2024-09-16 00:04:23,820] {standard_task_runner.py:79} INFO - Running: ['airflow', 'tasks', 'run', 'BRONZER_GET_STONCKS', 'BRONZE_STONCKS_TSLA', 'scheduled__2024-03-07T00:00:00+00:00', '--job-id', '369', '--raw', '--subdir', 'DAGS_FOLDER/get_stocks.py', '--cfg-path', '/tmp/tmp1og33u__', '--error-file', '/tmp/tmpamkqqs1f']
[2024-09-16 00:04:23,852] {standard_task_runner.py:80} INFO - Job 369: Subtask BRONZE_STONCKS_TSLA
[2024-09-16 00:04:24,082] {task_command.py:370} INFO - Running <TaskInstance: BRONZER_GET_STONCKS.BRONZE_STONCKS_TSLA scheduled__2024-03-07T00:00:00+00:00 [running]> on host kaiwang.
[2024-09-16 00:04:24,376] {taskinstance.py:1569} INFO - Exporting the following env vars:
AIRFLOW_CTX_DAG_OWNER=airflow
AIRFLOW_CTX_DAG_ID=BRONZER_GET_STONCKS
AIRFLOW_CTX_TASK_ID=BRONZE_STONCKS_TSLA
AIRFLOW_CTX_EXECUTION_DATE=2024-03-07T00:00:00+00:00
AIRFLOW_CTX_TRY_NUMBER=1
AIRFLOW_CTX_DAG_RUN_ID=scheduled__2024-03-07T00:00:00+00:00
[2024-09-16 00:04:25,348] {python.py:173} INFO - Done. Returned value was: None
[2024-09-16 00:04:25,527] {taskinstance.py:1395} INFO - Marking task as SUCCESS. dag_id=BRONZER_GET_STONCKS, task_id=BRONZE_STONCKS_TSLA, execution_date=20240307T000000, start_date=20240916T030423, end_date=20240916T030425
[2024-09-16 00:04:25,600] {local_task_job.py:156} INFO - Task exited with return code 0
[2024-09-16 00:04:25,760] {local_task_job.py:273} INFO - 0 downstream tasks scheduled from follow-on schedule check
[2024-09-16 00:15:31,238] {taskinstance.py:1159} INFO - Dependencies all met for <TaskInstance: BRONZER_GET_STONCKS.BRONZE_STONCKS_TSLA scheduled__2024-03-07T00:00:00+00:00 [queued]>
[2024-09-16 00:15:31,247] {taskinstance.py:1159} INFO - Dependencies all met for <TaskInstance: BRONZER_GET_STONCKS.BRONZE_STONCKS_TSLA scheduled__2024-03-07T00:00:00+00:00 [queued]>
[2024-09-16 00:15:31,247] {taskinstance.py:1356} INFO - 
--------------------------------------------------------------------------------
[2024-09-16 00:15:31,247] {taskinstance.py:1357} INFO - Starting attempt 1 of 1
[2024-09-16 00:15:31,247] {taskinstance.py:1358} INFO - 
--------------------------------------------------------------------------------
[2024-09-16 00:15:31,258] {taskinstance.py:1377} INFO - Executing <Task(_PythonDecoratedOperator): BRONZE_STONCKS_TSLA> on 2024-03-07 00:00:00+00:00
[2024-09-16 00:15:31,262] {standard_task_runner.py:52} INFO - Started process 55073 to run task
[2024-09-16 00:15:31,266] {standard_task_runner.py:79} INFO - Running: ['airflow', 'tasks', 'run', 'BRONZER_GET_STONCKS', 'BRONZE_STONCKS_TSLA', 'scheduled__2024-03-07T00:00:00+00:00', '--job-id', '2140', '--raw', '--subdir', 'DAGS_FOLDER/get_stocks.py', '--cfg-path', '/tmp/tmp992b8gk1', '--error-file', '/tmp/tmp86qy63o1']
[2024-09-16 00:15:31,267] {standard_task_runner.py:80} INFO - Job 2140: Subtask BRONZE_STONCKS_TSLA
[2024-09-16 00:15:31,344] {task_command.py:370} INFO - Running <TaskInstance: BRONZER_GET_STONCKS.BRONZE_STONCKS_TSLA scheduled__2024-03-07T00:00:00+00:00 [running]> on host kaiwang.
[2024-09-16 00:15:31,482] {taskinstance.py:1569} INFO - Exporting the following env vars:
AIRFLOW_CTX_DAG_OWNER=airflow
AIRFLOW_CTX_DAG_ID=BRONZER_GET_STONCKS
AIRFLOW_CTX_TASK_ID=BRONZE_STONCKS_TSLA
AIRFLOW_CTX_EXECUTION_DATE=2024-03-07T00:00:00+00:00
AIRFLOW_CTX_TRY_NUMBER=1
AIRFLOW_CTX_DAG_RUN_ID=scheduled__2024-03-07T00:00:00+00:00
[2024-09-16 00:15:32,040] {python.py:173} INFO - Done. Returned value was: None
[2024-09-16 00:15:32,066] {taskinstance.py:1395} INFO - Marking task as SUCCESS. dag_id=BRONZER_GET_STONCKS, task_id=BRONZE_STONCKS_TSLA, execution_date=20240307T000000, start_date=20240916T031531, end_date=20240916T031532
[2024-09-16 00:15:32,080] {local_task_job.py:156} INFO - Task exited with return code 0
[2024-09-16 00:15:32,115] {local_task_job.py:273} INFO - 0 downstream tasks scheduled from follow-on schedule check
