[2024-09-16 00:04:49,895] {taskinstance.py:1159} INFO - Dependencies all met for <TaskInstance: BRONZER_GET_CRIPTOS.BRONZE_CRIPTO_AVAX scheduled__2024-03-21T00:00:00+00:00 [queued]>
[2024-09-16 00:04:49,991] {taskinstance.py:1159} INFO - Dependencies all met for <TaskInstance: BRONZER_GET_CRIPTOS.BRONZE_CRIPTO_AVAX scheduled__2024-03-21T00:00:00+00:00 [queued]>
[2024-09-16 00:04:49,991] {taskinstance.py:1356} INFO - 
--------------------------------------------------------------------------------
[2024-09-16 00:04:49,991] {taskinstance.py:1357} INFO - Starting attempt 1 of 1
[2024-09-16 00:04:49,991] {taskinstance.py:1358} INFO - 
--------------------------------------------------------------------------------
[2024-09-16 00:04:50,066] {taskinstance.py:1377} INFO - Executing <Task(_PythonDecoratedOperator): BRONZE_CRIPTO_AVAX> on 2024-03-21 00:00:00+00:00
[2024-09-16 00:04:50,072] {standard_task_runner.py:52} INFO - Started process 26444 to run task
[2024-09-16 00:04:50,096] {standard_task_runner.py:79} INFO - Running: ['airflow', 'tasks', 'run', 'BRONZER_GET_CRIPTOS', 'BRONZE_CRIPTO_AVAX', 'scheduled__2024-03-21T00:00:00+00:00', '--job-id', '489', '--raw', '--subdir', 'DAGS_FOLDER/get_cripto.py', '--cfg-path', '/tmp/tmpizfhmaza', '--error-file', '/tmp/tmpfhxqudx7']
[2024-09-16 00:04:50,097] {standard_task_runner.py:80} INFO - Job 489: Subtask BRONZE_CRIPTO_AVAX
[2024-09-16 00:04:50,394] {task_command.py:370} INFO - Running <TaskInstance: BRONZER_GET_CRIPTOS.BRONZE_CRIPTO_AVAX scheduled__2024-03-21T00:00:00+00:00 [running]> on host kaiwang.
[2024-09-16 00:04:50,716] {taskinstance.py:1569} INFO - Exporting the following env vars:
AIRFLOW_CTX_DAG_OWNER=airflow
AIRFLOW_CTX_DAG_ID=BRONZER_GET_CRIPTOS
AIRFLOW_CTX_TASK_ID=BRONZE_CRIPTO_AVAX
AIRFLOW_CTX_EXECUTION_DATE=2024-03-21T00:00:00+00:00
AIRFLOW_CTX_TRY_NUMBER=1
AIRFLOW_CTX_DAG_RUN_ID=scheduled__2024-03-21T00:00:00+00:00
[2024-09-16 00:04:53,549] {history.py:122} ERROR - $AVAX: possibly delisted; no timezone found
[2024-09-16 00:04:53,554] {python.py:173} INFO - Done. Returned value was: None
[2024-09-16 00:04:53,612] {taskinstance.py:1395} INFO - Marking task as SUCCESS. dag_id=BRONZER_GET_CRIPTOS, task_id=BRONZE_CRIPTO_AVAX, execution_date=20240321T000000, start_date=20240916T030449, end_date=20240916T030453
[2024-09-16 00:04:53,702] {local_task_job.py:156} INFO - Task exited with return code 0
[2024-09-16 00:04:53,854] {local_task_job.py:273} INFO - 0 downstream tasks scheduled from follow-on schedule check
[2024-09-16 00:16:02,604] {taskinstance.py:1159} INFO - Dependencies all met for <TaskInstance: BRONZER_GET_CRIPTOS.BRONZE_CRIPTO_AVAX scheduled__2024-03-21T00:00:00+00:00 [queued]>
[2024-09-16 00:16:02,631] {taskinstance.py:1159} INFO - Dependencies all met for <TaskInstance: BRONZER_GET_CRIPTOS.BRONZE_CRIPTO_AVAX scheduled__2024-03-21T00:00:00+00:00 [queued]>
[2024-09-16 00:16:02,631] {taskinstance.py:1356} INFO - 
--------------------------------------------------------------------------------
[2024-09-16 00:16:02,631] {taskinstance.py:1357} INFO - Starting attempt 1 of 1
[2024-09-16 00:16:02,631] {taskinstance.py:1358} INFO - 
--------------------------------------------------------------------------------
[2024-09-16 00:16:02,711] {taskinstance.py:1377} INFO - Executing <Task(_PythonDecoratedOperator): BRONZE_CRIPTO_AVAX> on 2024-03-21 00:00:00+00:00
[2024-09-16 00:16:02,716] {standard_task_runner.py:52} INFO - Started process 57678 to run task
[2024-09-16 00:16:02,748] {standard_task_runner.py:79} INFO - Running: ['airflow', 'tasks', 'run', 'BRONZER_GET_CRIPTOS', 'BRONZE_CRIPTO_AVAX', 'scheduled__2024-03-21T00:00:00+00:00', '--job-id', '2290', '--raw', '--subdir', 'DAGS_FOLDER/get_cripto.py', '--cfg-path', '/tmp/tmpq3hgp8bl', '--error-file', '/tmp/tmpa12lp0_4']
[2024-09-16 00:16:02,749] {standard_task_runner.py:80} INFO - Job 2290: Subtask BRONZE_CRIPTO_AVAX
[2024-09-16 00:16:03,014] {task_command.py:370} INFO - Running <TaskInstance: BRONZER_GET_CRIPTOS.BRONZE_CRIPTO_AVAX scheduled__2024-03-21T00:00:00+00:00 [running]> on host kaiwang.
[2024-09-16 00:16:03,186] {taskinstance.py:1569} INFO - Exporting the following env vars:
AIRFLOW_CTX_DAG_OWNER=airflow
AIRFLOW_CTX_DAG_ID=BRONZER_GET_CRIPTOS
AIRFLOW_CTX_TASK_ID=BRONZE_CRIPTO_AVAX
AIRFLOW_CTX_EXECUTION_DATE=2024-03-21T00:00:00+00:00
AIRFLOW_CTX_TRY_NUMBER=1
AIRFLOW_CTX_DAG_RUN_ID=scheduled__2024-03-21T00:00:00+00:00
[2024-09-16 00:16:05,850] {history.py:122} ERROR - $AVAX: possibly delisted; no timezone found
[2024-09-16 00:16:05,855] {python.py:173} INFO - Done. Returned value was: None
[2024-09-16 00:16:05,947] {taskinstance.py:1395} INFO - Marking task as SUCCESS. dag_id=BRONZER_GET_CRIPTOS, task_id=BRONZE_CRIPTO_AVAX, execution_date=20240321T000000, start_date=20240916T031602, end_date=20240916T031605
[2024-09-16 00:16:06,015] {local_task_job.py:156} INFO - Task exited with return code 0
[2024-09-16 00:16:06,407] {local_task_job.py:273} INFO - 0 downstream tasks scheduled from follow-on schedule check
