[2024-09-16 00:03:50,403] {taskinstance.py:1159} INFO - Dependencies all met for <TaskInstance: BRONZER_GET_CRIPTOS.BRONZE_CRIPTO_AVAX scheduled__2024-02-08T00:00:00+00:00 [queued]>
[2024-09-16 00:03:50,430] {taskinstance.py:1159} INFO - Dependencies all met for <TaskInstance: BRONZER_GET_CRIPTOS.BRONZE_CRIPTO_AVAX scheduled__2024-02-08T00:00:00+00:00 [queued]>
[2024-09-16 00:03:50,441] {taskinstance.py:1356} INFO - 
--------------------------------------------------------------------------------
[2024-09-16 00:03:50,442] {taskinstance.py:1357} INFO - Starting attempt 1 of 1
[2024-09-16 00:03:50,442] {taskinstance.py:1358} INFO - 
--------------------------------------------------------------------------------
[2024-09-16 00:03:50,485] {taskinstance.py:1377} INFO - Executing <Task(_PythonDecoratedOperator): BRONZE_CRIPTO_AVAX> on 2024-02-08 00:00:00+00:00
[2024-09-16 00:03:50,490] {standard_task_runner.py:52} INFO - Started process 21795 to run task
[2024-09-16 00:03:50,518] {standard_task_runner.py:79} INFO - Running: ['airflow', 'tasks', 'run', 'BRONZER_GET_CRIPTOS', 'BRONZE_CRIPTO_AVAX', 'scheduled__2024-02-08T00:00:00+00:00', '--job-id', '226', '--raw', '--subdir', 'DAGS_FOLDER/get_cripto.py', '--cfg-path', '/tmp/tmpsdp958rj', '--error-file', '/tmp/tmpalq4lf04']
[2024-09-16 00:03:50,519] {standard_task_runner.py:80} INFO - Job 226: Subtask BRONZE_CRIPTO_AVAX
[2024-09-16 00:03:50,661] {task_command.py:370} INFO - Running <TaskInstance: BRONZER_GET_CRIPTOS.BRONZE_CRIPTO_AVAX scheduled__2024-02-08T00:00:00+00:00 [running]> on host kaiwang.
[2024-09-16 00:03:50,839] {taskinstance.py:1569} INFO - Exporting the following env vars:
AIRFLOW_CTX_DAG_OWNER=airflow
AIRFLOW_CTX_DAG_ID=BRONZER_GET_CRIPTOS
AIRFLOW_CTX_TASK_ID=BRONZE_CRIPTO_AVAX
AIRFLOW_CTX_EXECUTION_DATE=2024-02-08T00:00:00+00:00
AIRFLOW_CTX_TRY_NUMBER=1
AIRFLOW_CTX_DAG_RUN_ID=scheduled__2024-02-08T00:00:00+00:00
[2024-09-16 00:03:54,225] {history.py:122} ERROR - $AVAX: possibly delisted; no timezone found
[2024-09-16 00:03:54,230] {python.py:173} INFO - Done. Returned value was: None
[2024-09-16 00:03:54,394] {taskinstance.py:1395} INFO - Marking task as SUCCESS. dag_id=BRONZER_GET_CRIPTOS, task_id=BRONZE_CRIPTO_AVAX, execution_date=20240208T000000, start_date=20240916T030350, end_date=20240916T030354
[2024-09-16 00:03:54,594] {local_task_job.py:156} INFO - Task exited with return code 0
[2024-09-16 00:03:54,786] {local_task_job.py:273} INFO - 0 downstream tasks scheduled from follow-on schedule check
[2024-09-16 00:13:33,088] {taskinstance.py:1159} INFO - Dependencies all met for <TaskInstance: BRONZER_GET_CRIPTOS.BRONZE_CRIPTO_AVAX scheduled__2024-02-08T00:00:00+00:00 [queued]>
[2024-09-16 00:13:33,241] {taskinstance.py:1159} INFO - Dependencies all met for <TaskInstance: BRONZER_GET_CRIPTOS.BRONZE_CRIPTO_AVAX scheduled__2024-02-08T00:00:00+00:00 [queued]>
[2024-09-16 00:13:33,242] {taskinstance.py:1356} INFO - 
--------------------------------------------------------------------------------
[2024-09-16 00:13:33,242] {taskinstance.py:1357} INFO - Starting attempt 1 of 1
[2024-09-16 00:13:33,242] {taskinstance.py:1358} INFO - 
--------------------------------------------------------------------------------
[2024-09-16 00:13:33,370] {taskinstance.py:1377} INFO - Executing <Task(_PythonDecoratedOperator): BRONZE_CRIPTO_AVAX> on 2024-02-08 00:00:00+00:00
[2024-09-16 00:13:33,379] {standard_task_runner.py:52} INFO - Started process 47707 to run task
[2024-09-16 00:13:33,402] {standard_task_runner.py:79} INFO - Running: ['airflow', 'tasks', 'run', 'BRONZER_GET_CRIPTOS', 'BRONZE_CRIPTO_AVAX', 'scheduled__2024-02-08T00:00:00+00:00', '--job-id', '1707', '--raw', '--subdir', 'DAGS_FOLDER/get_cripto.py', '--cfg-path', '/tmp/tmpggf45m_d', '--error-file', '/tmp/tmpmbklw0sw']
[2024-09-16 00:13:33,403] {standard_task_runner.py:80} INFO - Job 1707: Subtask BRONZE_CRIPTO_AVAX
[2024-09-16 00:13:33,592] {task_command.py:370} INFO - Running <TaskInstance: BRONZER_GET_CRIPTOS.BRONZE_CRIPTO_AVAX scheduled__2024-02-08T00:00:00+00:00 [running]> on host kaiwang.
[2024-09-16 00:13:33,921] {taskinstance.py:1569} INFO - Exporting the following env vars:
AIRFLOW_CTX_DAG_OWNER=airflow
AIRFLOW_CTX_DAG_ID=BRONZER_GET_CRIPTOS
AIRFLOW_CTX_TASK_ID=BRONZE_CRIPTO_AVAX
AIRFLOW_CTX_EXECUTION_DATE=2024-02-08T00:00:00+00:00
AIRFLOW_CTX_TRY_NUMBER=1
AIRFLOW_CTX_DAG_RUN_ID=scheduled__2024-02-08T00:00:00+00:00
[2024-09-16 00:13:36,676] {history.py:122} ERROR - $AVAX: possibly delisted; no timezone found
[2024-09-16 00:13:36,680] {python.py:173} INFO - Done. Returned value was: None
[2024-09-16 00:13:36,748] {taskinstance.py:1395} INFO - Marking task as SUCCESS. dag_id=BRONZER_GET_CRIPTOS, task_id=BRONZE_CRIPTO_AVAX, execution_date=20240208T000000, start_date=20240916T031333, end_date=20240916T031336
[2024-09-16 00:13:36,846] {local_task_job.py:156} INFO - Task exited with return code 0
[2024-09-16 00:13:37,212] {local_task_job.py:273} INFO - 0 downstream tasks scheduled from follow-on schedule check
[2024-09-16 00:15:09,608] {taskinstance.py:1159} INFO - Dependencies all met for <TaskInstance: BRONZER_GET_CRIPTOS.BRONZE_CRIPTO_AVAX scheduled__2024-02-08T00:00:00+00:00 [queued]>
[2024-09-16 00:15:09,655] {taskinstance.py:1159} INFO - Dependencies all met for <TaskInstance: BRONZER_GET_CRIPTOS.BRONZE_CRIPTO_AVAX scheduled__2024-02-08T00:00:00+00:00 [queued]>
[2024-09-16 00:15:09,655] {taskinstance.py:1356} INFO - 
--------------------------------------------------------------------------------
[2024-09-16 00:15:09,655] {taskinstance.py:1357} INFO - Starting attempt 1 of 1
[2024-09-16 00:15:09,656] {taskinstance.py:1358} INFO - 
--------------------------------------------------------------------------------
[2024-09-16 00:15:09,718] {taskinstance.py:1377} INFO - Executing <Task(_PythonDecoratedOperator): BRONZE_CRIPTO_AVAX> on 2024-02-08 00:00:00+00:00
[2024-09-16 00:15:09,725] {standard_task_runner.py:52} INFO - Started process 53299 to run task
[2024-09-16 00:15:09,746] {standard_task_runner.py:79} INFO - Running: ['airflow', 'tasks', 'run', 'BRONZER_GET_CRIPTOS', 'BRONZE_CRIPTO_AVAX', 'scheduled__2024-02-08T00:00:00+00:00', '--job-id', '2029', '--raw', '--subdir', 'DAGS_FOLDER/get_cripto.py', '--cfg-path', '/tmp/tmpsds95ivx', '--error-file', '/tmp/tmpsx2axg7u']
[2024-09-16 00:15:09,747] {standard_task_runner.py:80} INFO - Job 2029: Subtask BRONZE_CRIPTO_AVAX
[2024-09-16 00:15:10,011] {task_command.py:370} INFO - Running <TaskInstance: BRONZER_GET_CRIPTOS.BRONZE_CRIPTO_AVAX scheduled__2024-02-08T00:00:00+00:00 [running]> on host kaiwang.
[2024-09-16 00:15:10,391] {taskinstance.py:1569} INFO - Exporting the following env vars:
AIRFLOW_CTX_DAG_OWNER=airflow
AIRFLOW_CTX_DAG_ID=BRONZER_GET_CRIPTOS
AIRFLOW_CTX_TASK_ID=BRONZE_CRIPTO_AVAX
AIRFLOW_CTX_EXECUTION_DATE=2024-02-08T00:00:00+00:00
AIRFLOW_CTX_TRY_NUMBER=1
AIRFLOW_CTX_DAG_RUN_ID=scheduled__2024-02-08T00:00:00+00:00
[2024-09-16 00:15:13,188] {history.py:122} ERROR - $AVAX: possibly delisted; no timezone found
[2024-09-16 00:15:13,197] {python.py:173} INFO - Done. Returned value was: None
[2024-09-16 00:15:13,259] {taskinstance.py:1395} INFO - Marking task as SUCCESS. dag_id=BRONZER_GET_CRIPTOS, task_id=BRONZE_CRIPTO_AVAX, execution_date=20240208T000000, start_date=20240916T031509, end_date=20240916T031513
[2024-09-16 00:15:13,355] {local_task_job.py:156} INFO - Task exited with return code 0
[2024-09-16 00:15:13,477] {local_task_job.py:273} INFO - 0 downstream tasks scheduled from follow-on schedule check
