[2024-09-16 00:04:23,205] {taskinstance.py:1159} INFO - Dependencies all met for <TaskInstance: BRONZER_GET_CRIPTOS.BRONZE_CRIPTO_BTC scheduled__2024-03-01T00:00:00+00:00 [queued]>
[2024-09-16 00:04:23,228] {taskinstance.py:1159} INFO - Dependencies all met for <TaskInstance: BRONZER_GET_CRIPTOS.BRONZE_CRIPTO_BTC scheduled__2024-03-01T00:00:00+00:00 [queued]>
[2024-09-16 00:04:23,228] {taskinstance.py:1356} INFO - 
--------------------------------------------------------------------------------
[2024-09-16 00:04:23,228] {taskinstance.py:1357} INFO - Starting attempt 1 of 1
[2024-09-16 00:04:23,228] {taskinstance.py:1358} INFO - 
--------------------------------------------------------------------------------
[2024-09-16 00:04:23,289] {taskinstance.py:1377} INFO - Executing <Task(_PythonDecoratedOperator): BRONZE_CRIPTO_BTC> on 2024-03-01 00:00:00+00:00
[2024-09-16 00:04:23,295] {standard_task_runner.py:52} INFO - Started process 24362 to run task
[2024-09-16 00:04:23,316] {standard_task_runner.py:79} INFO - Running: ['airflow', 'tasks', 'run', 'BRONZER_GET_CRIPTOS', 'BRONZE_CRIPTO_BTC', 'scheduled__2024-03-01T00:00:00+00:00', '--job-id', '366', '--raw', '--subdir', 'DAGS_FOLDER/get_cripto.py', '--cfg-path', '/tmp/tmpz9k7qmih', '--error-file', '/tmp/tmpo22642_z']
[2024-09-16 00:04:23,318] {standard_task_runner.py:80} INFO - Job 366: Subtask BRONZE_CRIPTO_BTC
[2024-09-16 00:04:23,591] {task_command.py:370} INFO - Running <TaskInstance: BRONZER_GET_CRIPTOS.BRONZE_CRIPTO_BTC scheduled__2024-03-01T00:00:00+00:00 [running]> on host kaiwang.
[2024-09-16 00:04:23,933] {taskinstance.py:1569} INFO - Exporting the following env vars:
AIRFLOW_CTX_DAG_OWNER=airflow
AIRFLOW_CTX_DAG_ID=BRONZER_GET_CRIPTOS
AIRFLOW_CTX_TASK_ID=BRONZE_CRIPTO_BTC
AIRFLOW_CTX_EXECUTION_DATE=2024-03-01T00:00:00+00:00
AIRFLOW_CTX_TRY_NUMBER=1
AIRFLOW_CTX_DAG_RUN_ID=scheduled__2024-03-01T00:00:00+00:00
[2024-09-16 00:04:26,754] {history.py:244} ERROR - $BTC: possibly delisted; no price data found  (1h 2024-02-27 -> 2024-03-01) (Yahoo error = "Data doesn't exist for startDate = 1709010000, endDate = 1709269200")
[2024-09-16 00:04:26,776] {python.py:173} INFO - Done. Returned value was: None
[2024-09-16 00:04:26,867] {taskinstance.py:1395} INFO - Marking task as SUCCESS. dag_id=BRONZER_GET_CRIPTOS, task_id=BRONZE_CRIPTO_BTC, execution_date=20240301T000000, start_date=20240916T030423, end_date=20240916T030426
[2024-09-16 00:04:26,902] {local_task_job.py:156} INFO - Task exited with return code 0
[2024-09-16 00:04:26,969] {local_task_job.py:273} INFO - 0 downstream tasks scheduled from follow-on schedule check
[2024-09-16 00:15:36,751] {taskinstance.py:1159} INFO - Dependencies all met for <TaskInstance: BRONZER_GET_CRIPTOS.BRONZE_CRIPTO_BTC scheduled__2024-03-01T00:00:00+00:00 [queued]>
[2024-09-16 00:15:36,780] {taskinstance.py:1159} INFO - Dependencies all met for <TaskInstance: BRONZER_GET_CRIPTOS.BRONZE_CRIPTO_BTC scheduled__2024-03-01T00:00:00+00:00 [queued]>
[2024-09-16 00:15:36,780] {taskinstance.py:1356} INFO - 
--------------------------------------------------------------------------------
[2024-09-16 00:15:36,780] {taskinstance.py:1357} INFO - Starting attempt 1 of 1
[2024-09-16 00:15:36,780] {taskinstance.py:1358} INFO - 
--------------------------------------------------------------------------------
[2024-09-16 00:15:36,834] {taskinstance.py:1377} INFO - Executing <Task(_PythonDecoratedOperator): BRONZE_CRIPTO_BTC> on 2024-03-01 00:00:00+00:00
[2024-09-16 00:15:36,855] {standard_task_runner.py:52} INFO - Started process 55555 to run task
[2024-09-16 00:15:36,871] {standard_task_runner.py:79} INFO - Running: ['airflow', 'tasks', 'run', 'BRONZER_GET_CRIPTOS', 'BRONZE_CRIPTO_BTC', 'scheduled__2024-03-01T00:00:00+00:00', '--job-id', '2163', '--raw', '--subdir', 'DAGS_FOLDER/get_cripto.py', '--cfg-path', '/tmp/tmpgob0jx8o', '--error-file', '/tmp/tmp0o5qkiya']
[2024-09-16 00:15:36,880] {standard_task_runner.py:80} INFO - Job 2163: Subtask BRONZE_CRIPTO_BTC
[2024-09-16 00:15:37,171] {task_command.py:370} INFO - Running <TaskInstance: BRONZER_GET_CRIPTOS.BRONZE_CRIPTO_BTC scheduled__2024-03-01T00:00:00+00:00 [running]> on host kaiwang.
[2024-09-16 00:15:37,428] {taskinstance.py:1569} INFO - Exporting the following env vars:
AIRFLOW_CTX_DAG_OWNER=airflow
AIRFLOW_CTX_DAG_ID=BRONZER_GET_CRIPTOS
AIRFLOW_CTX_TASK_ID=BRONZE_CRIPTO_BTC
AIRFLOW_CTX_EXECUTION_DATE=2024-03-01T00:00:00+00:00
AIRFLOW_CTX_TRY_NUMBER=1
AIRFLOW_CTX_DAG_RUN_ID=scheduled__2024-03-01T00:00:00+00:00
[2024-09-16 00:15:40,802] {history.py:244} ERROR - $BTC: possibly delisted; no price data found  (1h 2024-02-27 -> 2024-03-01) (Yahoo error = "Data doesn't exist for startDate = 1709010000, endDate = 1709269200")
[2024-09-16 00:15:40,807] {python.py:173} INFO - Done. Returned value was: None
[2024-09-16 00:15:40,941] {taskinstance.py:1395} INFO - Marking task as SUCCESS. dag_id=BRONZER_GET_CRIPTOS, task_id=BRONZE_CRIPTO_BTC, execution_date=20240301T000000, start_date=20240916T031536, end_date=20240916T031540
[2024-09-16 00:15:41,084] {local_task_job.py:156} INFO - Task exited with return code 0
[2024-09-16 00:15:41,288] {local_task_job.py:273} INFO - 0 downstream tasks scheduled from follow-on schedule check
