[2024-09-16 00:04:22,932] {taskinstance.py:1159} INFO - Dependencies all met for <TaskInstance: BRONZER_GET_CRIPTOS.BRONZE_CRIPTO_DOGE scheduled__2024-03-01T00:00:00+00:00 [queued]>
[2024-09-16 00:04:22,960] {taskinstance.py:1159} INFO - Dependencies all met for <TaskInstance: BRONZER_GET_CRIPTOS.BRONZE_CRIPTO_DOGE scheduled__2024-03-01T00:00:00+00:00 [queued]>
[2024-09-16 00:04:22,960] {taskinstance.py:1356} INFO - 
--------------------------------------------------------------------------------
[2024-09-16 00:04:22,960] {taskinstance.py:1357} INFO - Starting attempt 1 of 1
[2024-09-16 00:04:22,960] {taskinstance.py:1358} INFO - 
--------------------------------------------------------------------------------
[2024-09-16 00:04:23,028] {taskinstance.py:1377} INFO - Executing <Task(_PythonDecoratedOperator): BRONZE_CRIPTO_DOGE> on 2024-03-01 00:00:00+00:00
[2024-09-16 00:04:23,034] {standard_task_runner.py:52} INFO - Started process 24339 to run task
[2024-09-16 00:04:23,043] {standard_task_runner.py:79} INFO - Running: ['airflow', 'tasks', 'run', 'BRONZER_GET_CRIPTOS', 'BRONZE_CRIPTO_DOGE', 'scheduled__2024-03-01T00:00:00+00:00', '--job-id', '364', '--raw', '--subdir', 'DAGS_FOLDER/get_cripto.py', '--cfg-path', '/tmp/tmpwp41vtf_', '--error-file', '/tmp/tmpobmrujuy']
[2024-09-16 00:04:23,045] {standard_task_runner.py:80} INFO - Job 364: Subtask BRONZE_CRIPTO_DOGE
[2024-09-16 00:04:23,322] {task_command.py:370} INFO - Running <TaskInstance: BRONZER_GET_CRIPTOS.BRONZE_CRIPTO_DOGE scheduled__2024-03-01T00:00:00+00:00 [running]> on host kaiwang.
[2024-09-16 00:04:23,677] {taskinstance.py:1569} INFO - Exporting the following env vars:
AIRFLOW_CTX_DAG_OWNER=airflow
AIRFLOW_CTX_DAG_ID=BRONZER_GET_CRIPTOS
AIRFLOW_CTX_TASK_ID=BRONZE_CRIPTO_DOGE
AIRFLOW_CTX_EXECUTION_DATE=2024-03-01T00:00:00+00:00
AIRFLOW_CTX_TRY_NUMBER=1
AIRFLOW_CTX_DAG_RUN_ID=scheduled__2024-03-01T00:00:00+00:00
[2024-09-16 00:04:26,311] {history.py:122} ERROR - $DOGE: possibly delisted; no timezone found
[2024-09-16 00:04:26,317] {python.py:173} INFO - Done. Returned value was: None
[2024-09-16 00:04:26,381] {taskinstance.py:1395} INFO - Marking task as SUCCESS. dag_id=BRONZER_GET_CRIPTOS, task_id=BRONZE_CRIPTO_DOGE, execution_date=20240301T000000, start_date=20240916T030422, end_date=20240916T030426
[2024-09-16 00:04:26,462] {local_task_job.py:156} INFO - Task exited with return code 0
[2024-09-16 00:04:26,868] {local_task_job.py:273} INFO - 0 downstream tasks scheduled from follow-on schedule check
[2024-09-16 00:15:37,032] {taskinstance.py:1159} INFO - Dependencies all met for <TaskInstance: BRONZER_GET_CRIPTOS.BRONZE_CRIPTO_DOGE scheduled__2024-03-01T00:00:00+00:00 [queued]>
[2024-09-16 00:15:37,067] {taskinstance.py:1159} INFO - Dependencies all met for <TaskInstance: BRONZER_GET_CRIPTOS.BRONZE_CRIPTO_DOGE scheduled__2024-03-01T00:00:00+00:00 [queued]>
[2024-09-16 00:15:37,067] {taskinstance.py:1356} INFO - 
--------------------------------------------------------------------------------
[2024-09-16 00:15:37,067] {taskinstance.py:1357} INFO - Starting attempt 1 of 1
[2024-09-16 00:15:37,067] {taskinstance.py:1358} INFO - 
--------------------------------------------------------------------------------
[2024-09-16 00:15:37,100] {taskinstance.py:1377} INFO - Executing <Task(_PythonDecoratedOperator): BRONZE_CRIPTO_DOGE> on 2024-03-01 00:00:00+00:00
[2024-09-16 00:15:37,120] {standard_task_runner.py:52} INFO - Started process 55579 to run task
[2024-09-16 00:15:37,137] {standard_task_runner.py:79} INFO - Running: ['airflow', 'tasks', 'run', 'BRONZER_GET_CRIPTOS', 'BRONZE_CRIPTO_DOGE', 'scheduled__2024-03-01T00:00:00+00:00', '--job-id', '2165', '--raw', '--subdir', 'DAGS_FOLDER/get_cripto.py', '--cfg-path', '/tmp/tmpgsxxy2je', '--error-file', '/tmp/tmpdqpeozdc']
[2024-09-16 00:15:37,138] {standard_task_runner.py:80} INFO - Job 2165: Subtask BRONZE_CRIPTO_DOGE
[2024-09-16 00:15:37,362] {task_command.py:370} INFO - Running <TaskInstance: BRONZER_GET_CRIPTOS.BRONZE_CRIPTO_DOGE scheduled__2024-03-01T00:00:00+00:00 [running]> on host kaiwang.
[2024-09-16 00:15:37,621] {taskinstance.py:1569} INFO - Exporting the following env vars:
AIRFLOW_CTX_DAG_OWNER=airflow
AIRFLOW_CTX_DAG_ID=BRONZER_GET_CRIPTOS
AIRFLOW_CTX_TASK_ID=BRONZE_CRIPTO_DOGE
AIRFLOW_CTX_EXECUTION_DATE=2024-03-01T00:00:00+00:00
AIRFLOW_CTX_TRY_NUMBER=1
AIRFLOW_CTX_DAG_RUN_ID=scheduled__2024-03-01T00:00:00+00:00
[2024-09-16 00:15:40,967] {history.py:122} ERROR - $DOGE: possibly delisted; no timezone found
[2024-09-16 00:15:40,995] {python.py:173} INFO - Done. Returned value was: None
[2024-09-16 00:15:41,111] {taskinstance.py:1395} INFO - Marking task as SUCCESS. dag_id=BRONZER_GET_CRIPTOS, task_id=BRONZE_CRIPTO_DOGE, execution_date=20240301T000000, start_date=20240916T031537, end_date=20240916T031541
[2024-09-16 00:15:41,204] {local_task_job.py:156} INFO - Task exited with return code 0
[2024-09-16 00:15:41,377] {local_task_job.py:273} INFO - 0 downstream tasks scheduled from follow-on schedule check
