[2024-09-16 00:07:12,450] {taskinstance.py:1159} INFO - Dependencies all met for <TaskInstance: BRONZER_GET_STONCKS.BRONZE_STONCKS_AAPL scheduled__2024-08-09T00:00:00+00:00 [queued]>
[2024-09-16 00:07:12,473] {taskinstance.py:1159} INFO - Dependencies all met for <TaskInstance: BRONZER_GET_STONCKS.BRONZE_STONCKS_AAPL scheduled__2024-08-09T00:00:00+00:00 [queued]>
[2024-09-16 00:07:12,474] {taskinstance.py:1356} INFO - 
--------------------------------------------------------------------------------
[2024-09-16 00:07:12,475] {taskinstance.py:1357} INFO - Starting attempt 1 of 1
[2024-09-16 00:07:12,475] {taskinstance.py:1358} INFO - 
--------------------------------------------------------------------------------
[2024-09-16 00:07:12,513] {taskinstance.py:1377} INFO - Executing <Task(_PythonDecoratedOperator): BRONZE_STONCKS_AAPL> on 2024-08-09 00:00:00+00:00
[2024-09-16 00:07:12,520] {standard_task_runner.py:52} INFO - Started process 38031 to run task
[2024-09-16 00:07:12,556] {standard_task_runner.py:79} INFO - Running: ['airflow', 'tasks', 'run', 'BRONZER_GET_STONCKS', 'BRONZE_STONCKS_AAPL', 'scheduled__2024-08-09T00:00:00+00:00', '--job-id', '1167', '--raw', '--subdir', 'DAGS_FOLDER/get_stocks.py', '--cfg-path', '/tmp/tmpkjmryngp', '--error-file', '/tmp/tmp4s1a6syj']
[2024-09-16 00:07:12,557] {standard_task_runner.py:80} INFO - Job 1167: Subtask BRONZE_STONCKS_AAPL
[2024-09-16 00:07:12,747] {task_command.py:370} INFO - Running <TaskInstance: BRONZER_GET_STONCKS.BRONZE_STONCKS_AAPL scheduled__2024-08-09T00:00:00+00:00 [running]> on host kaiwang.
[2024-09-16 00:07:13,012] {taskinstance.py:1569} INFO - Exporting the following env vars:
AIRFLOW_CTX_DAG_OWNER=airflow
AIRFLOW_CTX_DAG_ID=BRONZER_GET_STONCKS
AIRFLOW_CTX_TASK_ID=BRONZE_STONCKS_AAPL
AIRFLOW_CTX_EXECUTION_DATE=2024-08-09T00:00:00+00:00
AIRFLOW_CTX_TRY_NUMBER=1
AIRFLOW_CTX_DAG_RUN_ID=scheduled__2024-08-09T00:00:00+00:00
[2024-09-16 00:07:13,664] {python.py:173} INFO - Done. Returned value was: None
[2024-09-16 00:07:13,689] {taskinstance.py:1395} INFO - Marking task as SUCCESS. dag_id=BRONZER_GET_STONCKS, task_id=BRONZE_STONCKS_AAPL, execution_date=20240809T000000, start_date=20240916T030712, end_date=20240916T030713
[2024-09-16 00:07:13,738] {local_task_job.py:156} INFO - Task exited with return code 0
[2024-09-16 00:07:13,919] {local_task_job.py:273} INFO - 0 downstream tasks scheduled from follow-on schedule check
[2024-09-16 13:55:55,664] {taskinstance.py:1159} INFO - Dependencies all met for <TaskInstance: BRONZER_GET_STONCKS.BRONZE_STONCKS_AAPL scheduled__2024-08-09T00:00:00+00:00 [queued]>
[2024-09-16 13:55:55,681] {taskinstance.py:1159} INFO - Dependencies all met for <TaskInstance: BRONZER_GET_STONCKS.BRONZE_STONCKS_AAPL scheduled__2024-08-09T00:00:00+00:00 [queued]>
[2024-09-16 13:55:55,681] {taskinstance.py:1356} INFO - 
--------------------------------------------------------------------------------
[2024-09-16 13:55:55,681] {taskinstance.py:1357} INFO - Starting attempt 1 of 1
[2024-09-16 13:55:55,681] {taskinstance.py:1358} INFO - 
--------------------------------------------------------------------------------
[2024-09-16 13:55:55,700] {taskinstance.py:1377} INFO - Executing <Task(_PythonDecoratedOperator): BRONZE_STONCKS_AAPL> on 2024-08-09 00:00:00+00:00
[2024-09-16 13:55:55,706] {standard_task_runner.py:52} INFO - Started process 136932 to run task
[2024-09-16 13:55:55,712] {standard_task_runner.py:79} INFO - Running: ['airflow', 'tasks', 'run', 'BRONZER_GET_STONCKS', 'BRONZE_STONCKS_AAPL', 'scheduled__2024-08-09T00:00:00+00:00', '--job-id', '2487', '--raw', '--subdir', 'DAGS_FOLDER/get_stocks.py', '--cfg-path', '/tmp/tmpjgkk4ygy', '--error-file', '/tmp/tmpga_a3i5l']
[2024-09-16 13:55:55,713] {standard_task_runner.py:80} INFO - Job 2487: Subtask BRONZE_STONCKS_AAPL
[2024-09-16 13:55:55,824] {task_command.py:370} INFO - Running <TaskInstance: BRONZER_GET_STONCKS.BRONZE_STONCKS_AAPL scheduled__2024-08-09T00:00:00+00:00 [running]> on host kaiwang.
[2024-09-16 13:55:56,181] {taskinstance.py:1569} INFO - Exporting the following env vars:
AIRFLOW_CTX_DAG_OWNER=airflow
AIRFLOW_CTX_DAG_ID=BRONZER_GET_STONCKS
AIRFLOW_CTX_TASK_ID=BRONZE_STONCKS_AAPL
AIRFLOW_CTX_EXECUTION_DATE=2024-08-09T00:00:00+00:00
AIRFLOW_CTX_TRY_NUMBER=1
AIRFLOW_CTX_DAG_RUN_ID=scheduled__2024-08-09T00:00:00+00:00
[2024-09-16 13:55:56,741] {python.py:173} INFO - Done. Returned value was: None
[2024-09-16 13:55:56,766] {taskinstance.py:1395} INFO - Marking task as SUCCESS. dag_id=BRONZER_GET_STONCKS, task_id=BRONZE_STONCKS_AAPL, execution_date=20240809T000000, start_date=20240916T165555, end_date=20240916T165556
[2024-09-16 13:55:56,813] {local_task_job.py:156} INFO - Task exited with return code 0
[2024-09-16 13:55:56,865] {local_task_job.py:273} INFO - 0 downstream tasks scheduled from follow-on schedule check
