[2024-09-16 00:04:15,247] {taskinstance.py:1159} INFO - Dependencies all met for <TaskInstance: BRONZER_GET_STONCKS.BRONZE_STONCKS_GOOG scheduled__2024-02-29T00:00:00+00:00 [queued]>
[2024-09-16 00:04:15,261] {taskinstance.py:1159} INFO - Dependencies all met for <TaskInstance: BRONZER_GET_STONCKS.BRONZE_STONCKS_GOOG scheduled__2024-02-29T00:00:00+00:00 [queued]>
[2024-09-16 00:04:15,262] {taskinstance.py:1356} INFO - 
--------------------------------------------------------------------------------
[2024-09-16 00:04:15,262] {taskinstance.py:1357} INFO - Starting attempt 1 of 1
[2024-09-16 00:04:15,262] {taskinstance.py:1358} INFO - 
--------------------------------------------------------------------------------
[2024-09-16 00:04:15,304] {taskinstance.py:1377} INFO - Executing <Task(_PythonDecoratedOperator): BRONZE_STONCKS_GOOG> on 2024-02-29 00:00:00+00:00
[2024-09-16 00:04:15,318] {standard_task_runner.py:79} INFO - Running: ['airflow', 'tasks', 'run', 'BRONZER_GET_STONCKS', 'BRONZE_STONCKS_GOOG', 'scheduled__2024-02-29T00:00:00+00:00', '--job-id', '334', '--raw', '--subdir', 'DAGS_FOLDER/get_stocks.py', '--cfg-path', '/tmp/tmp8m7k5vnm', '--error-file', '/tmp/tmpzckynk8n']
[2024-09-16 00:04:15,319] {standard_task_runner.py:80} INFO - Job 334: Subtask BRONZE_STONCKS_GOOG
[2024-09-16 00:04:15,310] {standard_task_runner.py:52} INFO - Started process 23708 to run task
[2024-09-16 00:04:15,447] {task_command.py:370} INFO - Running <TaskInstance: BRONZER_GET_STONCKS.BRONZE_STONCKS_GOOG scheduled__2024-02-29T00:00:00+00:00 [running]> on host kaiwang.
[2024-09-16 00:04:15,546] {taskinstance.py:1569} INFO - Exporting the following env vars:
AIRFLOW_CTX_DAG_OWNER=airflow
AIRFLOW_CTX_DAG_ID=BRONZER_GET_STONCKS
AIRFLOW_CTX_TASK_ID=BRONZE_STONCKS_GOOG
AIRFLOW_CTX_EXECUTION_DATE=2024-02-29T00:00:00+00:00
AIRFLOW_CTX_TRY_NUMBER=1
AIRFLOW_CTX_DAG_RUN_ID=scheduled__2024-02-29T00:00:00+00:00
[2024-09-16 00:04:16,427] {python.py:173} INFO - Done. Returned value was: None
[2024-09-16 00:04:16,495] {taskinstance.py:1395} INFO - Marking task as SUCCESS. dag_id=BRONZER_GET_STONCKS, task_id=BRONZE_STONCKS_GOOG, execution_date=20240229T000000, start_date=20240916T030415, end_date=20240916T030416
[2024-09-16 00:04:16,592] {local_task_job.py:156} INFO - Task exited with return code 0
[2024-09-16 00:04:16,784] {local_task_job.py:273} INFO - 0 downstream tasks scheduled from follow-on schedule check
[2024-09-16 00:15:24,450] {taskinstance.py:1159} INFO - Dependencies all met for <TaskInstance: BRONZER_GET_STONCKS.BRONZE_STONCKS_GOOG scheduled__2024-02-29T00:00:00+00:00 [queued]>
[2024-09-16 00:15:24,471] {taskinstance.py:1159} INFO - Dependencies all met for <TaskInstance: BRONZER_GET_STONCKS.BRONZE_STONCKS_GOOG scheduled__2024-02-29T00:00:00+00:00 [queued]>
[2024-09-16 00:15:24,471] {taskinstance.py:1356} INFO - 
--------------------------------------------------------------------------------
[2024-09-16 00:15:24,471] {taskinstance.py:1357} INFO - Starting attempt 1 of 1
[2024-09-16 00:15:24,472] {taskinstance.py:1358} INFO - 
--------------------------------------------------------------------------------
[2024-09-16 00:15:24,534] {taskinstance.py:1377} INFO - Executing <Task(_PythonDecoratedOperator): BRONZE_STONCKS_GOOG> on 2024-02-29 00:00:00+00:00
[2024-09-16 00:15:24,540] {standard_task_runner.py:52} INFO - Started process 54497 to run task
[2024-09-16 00:15:24,583] {standard_task_runner.py:79} INFO - Running: ['airflow', 'tasks', 'run', 'BRONZER_GET_STONCKS', 'BRONZE_STONCKS_GOOG', 'scheduled__2024-02-29T00:00:00+00:00', '--job-id', '2107', '--raw', '--subdir', 'DAGS_FOLDER/get_stocks.py', '--cfg-path', '/tmp/tmpfoflwfv0', '--error-file', '/tmp/tmpthgd5rr_']
[2024-09-16 00:15:24,584] {standard_task_runner.py:80} INFO - Job 2107: Subtask BRONZE_STONCKS_GOOG
[2024-09-16 00:15:24,824] {task_command.py:370} INFO - Running <TaskInstance: BRONZER_GET_STONCKS.BRONZE_STONCKS_GOOG scheduled__2024-02-29T00:00:00+00:00 [running]> on host kaiwang.
[2024-09-16 00:15:25,023] {taskinstance.py:1569} INFO - Exporting the following env vars:
AIRFLOW_CTX_DAG_OWNER=airflow
AIRFLOW_CTX_DAG_ID=BRONZER_GET_STONCKS
AIRFLOW_CTX_TASK_ID=BRONZE_STONCKS_GOOG
AIRFLOW_CTX_EXECUTION_DATE=2024-02-29T00:00:00+00:00
AIRFLOW_CTX_TRY_NUMBER=1
AIRFLOW_CTX_DAG_RUN_ID=scheduled__2024-02-29T00:00:00+00:00
[2024-09-16 00:15:25,928] {python.py:173} INFO - Done. Returned value was: None
[2024-09-16 00:15:25,973] {taskinstance.py:1395} INFO - Marking task as SUCCESS. dag_id=BRONZER_GET_STONCKS, task_id=BRONZE_STONCKS_GOOG, execution_date=20240229T000000, start_date=20240916T031524, end_date=20240916T031525
[2024-09-16 00:15:26,031] {local_task_job.py:156} INFO - Task exited with return code 0
[2024-09-16 00:15:26,093] {local_task_job.py:273} INFO - 0 downstream tasks scheduled from follow-on schedule check
