[2024-09-16 00:08:20,000] {taskinstance.py:1159} INFO - Dependencies all met for <TaskInstance: BRONZER_GET_CRIPTOS.BRONZE_CRIPTO_ETH scheduled__2024-09-06T00:00:00+00:00 [queued]>
[2024-09-16 00:08:20,020] {taskinstance.py:1159} INFO - Dependencies all met for <TaskInstance: BRONZER_GET_CRIPTOS.BRONZE_CRIPTO_ETH scheduled__2024-09-06T00:00:00+00:00 [queued]>
[2024-09-16 00:08:20,020] {taskinstance.py:1356} INFO - 
--------------------------------------------------------------------------------
[2024-09-16 00:08:20,020] {taskinstance.py:1357} INFO - Starting attempt 1 of 1
[2024-09-16 00:08:20,020] {taskinstance.py:1358} INFO - 
--------------------------------------------------------------------------------
[2024-09-16 00:08:20,060] {taskinstance.py:1377} INFO - Executing <Task(_PythonDecoratedOperator): BRONZE_CRIPTO_ETH> on 2024-09-06 00:00:00+00:00
[2024-09-16 00:08:20,067] {standard_task_runner.py:52} INFO - Started process 42943 to run task
[2024-09-16 00:08:20,078] {standard_task_runner.py:79} INFO - Running: ['airflow', 'tasks', 'run', 'BRONZER_GET_CRIPTOS', 'BRONZE_CRIPTO_ETH', 'scheduled__2024-09-06T00:00:00+00:00', '--job-id', '1453', '--raw', '--subdir', 'DAGS_FOLDER/get_cripto.py', '--cfg-path', '/tmp/tmpao3qrgwy', '--error-file', '/tmp/tmpuzji_1kf']
[2024-09-16 00:08:20,079] {standard_task_runner.py:80} INFO - Job 1453: Subtask BRONZE_CRIPTO_ETH
[2024-09-16 00:08:20,229] {task_command.py:370} INFO - Running <TaskInstance: BRONZER_GET_CRIPTOS.BRONZE_CRIPTO_ETH scheduled__2024-09-06T00:00:00+00:00 [running]> on host kaiwang.
[2024-09-16 00:08:20,323] {taskinstance.py:1569} INFO - Exporting the following env vars:
AIRFLOW_CTX_DAG_OWNER=airflow
AIRFLOW_CTX_DAG_ID=BRONZER_GET_CRIPTOS
AIRFLOW_CTX_TASK_ID=BRONZE_CRIPTO_ETH
AIRFLOW_CTX_EXECUTION_DATE=2024-09-06T00:00:00+00:00
AIRFLOW_CTX_TRY_NUMBER=1
AIRFLOW_CTX_DAG_RUN_ID=scheduled__2024-09-06T00:00:00+00:00
[2024-09-16 00:08:20,872] {python.py:173} INFO - Done. Returned value was: None
[2024-09-16 00:08:20,891] {taskinstance.py:1395} INFO - Marking task as SUCCESS. dag_id=BRONZER_GET_CRIPTOS, task_id=BRONZE_CRIPTO_ETH, execution_date=20240906T000000, start_date=20240916T030820, end_date=20240916T030820
[2024-09-16 00:08:20,942] {local_task_job.py:156} INFO - Task exited with return code 0
[2024-09-16 00:08:20,979] {local_task_job.py:273} INFO - 0 downstream tasks scheduled from follow-on schedule check
[2024-09-16 13:56:50,500] {taskinstance.py:1159} INFO - Dependencies all met for <TaskInstance: BRONZER_GET_CRIPTOS.BRONZE_CRIPTO_ETH scheduled__2024-09-06T00:00:00+00:00 [queued]>
[2024-09-16 13:56:50,515] {taskinstance.py:1159} INFO - Dependencies all met for <TaskInstance: BRONZER_GET_CRIPTOS.BRONZE_CRIPTO_ETH scheduled__2024-09-06T00:00:00+00:00 [queued]>
[2024-09-16 13:56:50,515] {taskinstance.py:1356} INFO - 
--------------------------------------------------------------------------------
[2024-09-16 13:56:50,515] {taskinstance.py:1357} INFO - Starting attempt 1 of 1
[2024-09-16 13:56:50,515] {taskinstance.py:1358} INFO - 
--------------------------------------------------------------------------------
[2024-09-16 13:56:50,532] {taskinstance.py:1377} INFO - Executing <Task(_PythonDecoratedOperator): BRONZE_CRIPTO_ETH> on 2024-09-06 00:00:00+00:00
[2024-09-16 13:56:50,538] {standard_task_runner.py:52} INFO - Started process 140893 to run task
[2024-09-16 13:56:50,542] {standard_task_runner.py:79} INFO - Running: ['airflow', 'tasks', 'run', 'BRONZER_GET_CRIPTOS', 'BRONZE_CRIPTO_ETH', 'scheduled__2024-09-06T00:00:00+00:00', '--job-id', '2669', '--raw', '--subdir', 'DAGS_FOLDER/get_cripto.py', '--cfg-path', '/tmp/tmpp7csvrm2', '--error-file', '/tmp/tmpoi3i7zx1']
[2024-09-16 13:56:50,543] {standard_task_runner.py:80} INFO - Job 2669: Subtask BRONZE_CRIPTO_ETH
[2024-09-16 13:56:50,668] {task_command.py:370} INFO - Running <TaskInstance: BRONZER_GET_CRIPTOS.BRONZE_CRIPTO_ETH scheduled__2024-09-06T00:00:00+00:00 [running]> on host kaiwang.
[2024-09-16 13:56:50,987] {taskinstance.py:1569} INFO - Exporting the following env vars:
AIRFLOW_CTX_DAG_OWNER=airflow
AIRFLOW_CTX_DAG_ID=BRONZER_GET_CRIPTOS
AIRFLOW_CTX_TASK_ID=BRONZE_CRIPTO_ETH
AIRFLOW_CTX_EXECUTION_DATE=2024-09-06T00:00:00+00:00
AIRFLOW_CTX_TRY_NUMBER=1
AIRFLOW_CTX_DAG_RUN_ID=scheduled__2024-09-06T00:00:00+00:00
[2024-09-16 13:56:52,159] {python.py:173} INFO - Done. Returned value was: None
[2024-09-16 13:56:52,237] {taskinstance.py:1395} INFO - Marking task as SUCCESS. dag_id=BRONZER_GET_CRIPTOS, task_id=BRONZE_CRIPTO_ETH, execution_date=20240906T000000, start_date=20240916T165650, end_date=20240916T165652
[2024-09-16 13:56:52,297] {local_task_job.py:156} INFO - Task exited with return code 0
[2024-09-16 13:56:52,396] {local_task_job.py:273} INFO - 0 downstream tasks scheduled from follow-on schedule check
