[2024-09-16 00:07:16,218] {taskinstance.py:1159} INFO - Dependencies all met for <TaskInstance: BRONZER_GET_STONCKS.BRONZE_STONCKS_TSLA scheduled__2024-08-13T00:00:00+00:00 [queued]>
[2024-09-16 00:07:16,263] {taskinstance.py:1159} INFO - Dependencies all met for <TaskInstance: BRONZER_GET_STONCKS.BRONZE_STONCKS_TSLA scheduled__2024-08-13T00:00:00+00:00 [queued]>
[2024-09-16 00:07:16,263] {taskinstance.py:1356} INFO - 
--------------------------------------------------------------------------------
[2024-09-16 00:07:16,263] {taskinstance.py:1357} INFO - Starting attempt 1 of 1
[2024-09-16 00:07:16,263] {taskinstance.py:1358} INFO - 
--------------------------------------------------------------------------------
[2024-09-16 00:07:16,301] {taskinstance.py:1377} INFO - Executing <Task(_PythonDecoratedOperator): BRONZE_STONCKS_TSLA> on 2024-08-13 00:00:00+00:00
[2024-09-16 00:07:16,316] {standard_task_runner.py:52} INFO - Started process 38361 to run task
[2024-09-16 00:07:16,337] {standard_task_runner.py:79} INFO - Running: ['airflow', 'tasks', 'run', 'BRONZER_GET_STONCKS', 'BRONZE_STONCKS_TSLA', 'scheduled__2024-08-13T00:00:00+00:00', '--job-id', '1182', '--raw', '--subdir', 'DAGS_FOLDER/get_stocks.py', '--cfg-path', '/tmp/tmp6ghrfhhu', '--error-file', '/tmp/tmpcjcjp50_']
[2024-09-16 00:07:16,338] {standard_task_runner.py:80} INFO - Job 1182: Subtask BRONZE_STONCKS_TSLA
[2024-09-16 00:07:16,611] {task_command.py:370} INFO - Running <TaskInstance: BRONZER_GET_STONCKS.BRONZE_STONCKS_TSLA scheduled__2024-08-13T00:00:00+00:00 [running]> on host kaiwang.
[2024-09-16 00:07:16,956] {taskinstance.py:1569} INFO - Exporting the following env vars:
AIRFLOW_CTX_DAG_OWNER=airflow
AIRFLOW_CTX_DAG_ID=BRONZER_GET_STONCKS
AIRFLOW_CTX_TASK_ID=BRONZE_STONCKS_TSLA
AIRFLOW_CTX_EXECUTION_DATE=2024-08-13T00:00:00+00:00
AIRFLOW_CTX_TRY_NUMBER=1
AIRFLOW_CTX_DAG_RUN_ID=scheduled__2024-08-13T00:00:00+00:00
[2024-09-16 00:07:17,868] {python.py:173} INFO - Done. Returned value was: None
[2024-09-16 00:07:17,940] {taskinstance.py:1395} INFO - Marking task as SUCCESS. dag_id=BRONZER_GET_STONCKS, task_id=BRONZE_STONCKS_TSLA, execution_date=20240813T000000, start_date=20240916T030716, end_date=20240916T030717
[2024-09-16 00:07:18,035] {local_task_job.py:156} INFO - Task exited with return code 0
[2024-09-16 00:07:18,134] {local_task_job.py:273} INFO - 0 downstream tasks scheduled from follow-on schedule check
[2024-09-16 13:56:03,296] {taskinstance.py:1159} INFO - Dependencies all met for <TaskInstance: BRONZER_GET_STONCKS.BRONZE_STONCKS_TSLA scheduled__2024-08-13T00:00:00+00:00 [queued]>
[2024-09-16 13:56:03,333] {taskinstance.py:1159} INFO - Dependencies all met for <TaskInstance: BRONZER_GET_STONCKS.BRONZE_STONCKS_TSLA scheduled__2024-08-13T00:00:00+00:00 [queued]>
[2024-09-16 13:56:03,333] {taskinstance.py:1356} INFO - 
--------------------------------------------------------------------------------
[2024-09-16 13:56:03,333] {taskinstance.py:1357} INFO - Starting attempt 1 of 1
[2024-09-16 13:56:03,334] {taskinstance.py:1358} INFO - 
--------------------------------------------------------------------------------
[2024-09-16 13:56:03,400] {taskinstance.py:1377} INFO - Executing <Task(_PythonDecoratedOperator): BRONZE_STONCKS_TSLA> on 2024-08-13 00:00:00+00:00
[2024-09-16 13:56:03,410] {standard_task_runner.py:52} INFO - Started process 137392 to run task
[2024-09-16 13:56:03,415] {standard_task_runner.py:79} INFO - Running: ['airflow', 'tasks', 'run', 'BRONZER_GET_STONCKS', 'BRONZE_STONCKS_TSLA', 'scheduled__2024-08-13T00:00:00+00:00', '--job-id', '2507', '--raw', '--subdir', 'DAGS_FOLDER/get_stocks.py', '--cfg-path', '/tmp/tmpj_ptczsx', '--error-file', '/tmp/tmps7ov9wqz']
[2024-09-16 13:56:03,417] {standard_task_runner.py:80} INFO - Job 2507: Subtask BRONZE_STONCKS_TSLA
[2024-09-16 13:56:03,608] {task_command.py:370} INFO - Running <TaskInstance: BRONZER_GET_STONCKS.BRONZE_STONCKS_TSLA scheduled__2024-08-13T00:00:00+00:00 [running]> on host kaiwang.
[2024-09-16 13:56:04,054] {taskinstance.py:1569} INFO - Exporting the following env vars:
AIRFLOW_CTX_DAG_OWNER=airflow
AIRFLOW_CTX_DAG_ID=BRONZER_GET_STONCKS
AIRFLOW_CTX_TASK_ID=BRONZE_STONCKS_TSLA
AIRFLOW_CTX_EXECUTION_DATE=2024-08-13T00:00:00+00:00
AIRFLOW_CTX_TRY_NUMBER=1
AIRFLOW_CTX_DAG_RUN_ID=scheduled__2024-08-13T00:00:00+00:00
[2024-09-16 13:56:04,577] {python.py:173} INFO - Done. Returned value was: None
[2024-09-16 13:56:04,597] {taskinstance.py:1395} INFO - Marking task as SUCCESS. dag_id=BRONZER_GET_STONCKS, task_id=BRONZE_STONCKS_TSLA, execution_date=20240813T000000, start_date=20240916T165603, end_date=20240916T165604
[2024-09-16 13:56:04,622] {local_task_job.py:156} INFO - Task exited with return code 0
[2024-09-16 13:56:04,662] {local_task_job.py:273} INFO - 0 downstream tasks scheduled from follow-on schedule check
