[2024-09-16 00:04:39,155] {taskinstance.py:1159} INFO - Dependencies all met for <TaskInstance: BRONZER_GET_STONCKS.BRONZE_STONCKS_TSLA scheduled__2024-03-22T00:00:00+00:00 [queued]>
[2024-09-16 00:04:39,171] {taskinstance.py:1159} INFO - Dependencies all met for <TaskInstance: BRONZER_GET_STONCKS.BRONZE_STONCKS_TSLA scheduled__2024-03-22T00:00:00+00:00 [queued]>
[2024-09-16 00:04:39,171] {taskinstance.py:1356} INFO - 
--------------------------------------------------------------------------------
[2024-09-16 00:04:39,171] {taskinstance.py:1357} INFO - Starting attempt 1 of 1
[2024-09-16 00:04:39,171] {taskinstance.py:1358} INFO - 
--------------------------------------------------------------------------------
[2024-09-16 00:04:39,205] {taskinstance.py:1377} INFO - Executing <Task(_PythonDecoratedOperator): BRONZE_STONCKS_TSLA> on 2024-03-22 00:00:00+00:00
[2024-09-16 00:04:39,209] {standard_task_runner.py:52} INFO - Started process 25723 to run task
[2024-09-16 00:04:39,218] {standard_task_runner.py:79} INFO - Running: ['airflow', 'tasks', 'run', 'BRONZER_GET_STONCKS', 'BRONZE_STONCKS_TSLA', 'scheduled__2024-03-22T00:00:00+00:00', '--job-id', '454', '--raw', '--subdir', 'DAGS_FOLDER/get_stocks.py', '--cfg-path', '/tmp/tmp_khx3rrv', '--error-file', '/tmp/tmpj9jq8nf4']
[2024-09-16 00:04:39,219] {standard_task_runner.py:80} INFO - Job 454: Subtask BRONZE_STONCKS_TSLA
[2024-09-16 00:04:39,362] {task_command.py:370} INFO - Running <TaskInstance: BRONZER_GET_STONCKS.BRONZE_STONCKS_TSLA scheduled__2024-03-22T00:00:00+00:00 [running]> on host kaiwang.
[2024-09-16 00:04:39,441] {taskinstance.py:1569} INFO - Exporting the following env vars:
AIRFLOW_CTX_DAG_OWNER=airflow
AIRFLOW_CTX_DAG_ID=BRONZER_GET_STONCKS
AIRFLOW_CTX_TASK_ID=BRONZE_STONCKS_TSLA
AIRFLOW_CTX_EXECUTION_DATE=2024-03-22T00:00:00+00:00
AIRFLOW_CTX_TRY_NUMBER=1
AIRFLOW_CTX_DAG_RUN_ID=scheduled__2024-03-22T00:00:00+00:00
[2024-09-16 00:04:40,370] {python.py:173} INFO - Done. Returned value was: None
[2024-09-16 00:04:40,394] {taskinstance.py:1395} INFO - Marking task as SUCCESS. dag_id=BRONZER_GET_STONCKS, task_id=BRONZE_STONCKS_TSLA, execution_date=20240322T000000, start_date=20240916T030439, end_date=20240916T030440
[2024-09-16 00:04:40,433] {local_task_job.py:156} INFO - Task exited with return code 0
[2024-09-16 00:04:40,506] {local_task_job.py:273} INFO - 0 downstream tasks scheduled from follow-on schedule check
[2024-09-16 00:15:49,806] {taskinstance.py:1159} INFO - Dependencies all met for <TaskInstance: BRONZER_GET_STONCKS.BRONZE_STONCKS_TSLA scheduled__2024-03-22T00:00:00+00:00 [queued]>
[2024-09-16 00:15:49,848] {taskinstance.py:1159} INFO - Dependencies all met for <TaskInstance: BRONZER_GET_STONCKS.BRONZE_STONCKS_TSLA scheduled__2024-03-22T00:00:00+00:00 [queued]>
[2024-09-16 00:15:49,848] {taskinstance.py:1356} INFO - 
--------------------------------------------------------------------------------
[2024-09-16 00:15:49,848] {taskinstance.py:1357} INFO - Starting attempt 1 of 1
[2024-09-16 00:15:49,849] {taskinstance.py:1358} INFO - 
--------------------------------------------------------------------------------
[2024-09-16 00:15:49,943] {taskinstance.py:1377} INFO - Executing <Task(_PythonDecoratedOperator): BRONZE_STONCKS_TSLA> on 2024-03-22 00:00:00+00:00
[2024-09-16 00:15:49,950] {standard_task_runner.py:52} INFO - Started process 56602 to run task
[2024-09-16 00:15:49,983] {standard_task_runner.py:79} INFO - Running: ['airflow', 'tasks', 'run', 'BRONZER_GET_STONCKS', 'BRONZE_STONCKS_TSLA', 'scheduled__2024-03-22T00:00:00+00:00', '--job-id', '2228', '--raw', '--subdir', 'DAGS_FOLDER/get_stocks.py', '--cfg-path', '/tmp/tmppbeblj4z', '--error-file', '/tmp/tmp_pen6m6t']
[2024-09-16 00:15:49,987] {standard_task_runner.py:80} INFO - Job 2228: Subtask BRONZE_STONCKS_TSLA
[2024-09-16 00:15:50,374] {task_command.py:370} INFO - Running <TaskInstance: BRONZER_GET_STONCKS.BRONZE_STONCKS_TSLA scheduled__2024-03-22T00:00:00+00:00 [running]> on host kaiwang.
[2024-09-16 00:15:50,693] {taskinstance.py:1569} INFO - Exporting the following env vars:
AIRFLOW_CTX_DAG_OWNER=airflow
AIRFLOW_CTX_DAG_ID=BRONZER_GET_STONCKS
AIRFLOW_CTX_TASK_ID=BRONZE_STONCKS_TSLA
AIRFLOW_CTX_EXECUTION_DATE=2024-03-22T00:00:00+00:00
AIRFLOW_CTX_TRY_NUMBER=1
AIRFLOW_CTX_DAG_RUN_ID=scheduled__2024-03-22T00:00:00+00:00
[2024-09-16 00:15:51,327] {python.py:173} INFO - Done. Returned value was: None
[2024-09-16 00:15:51,344] {taskinstance.py:1395} INFO - Marking task as SUCCESS. dag_id=BRONZER_GET_STONCKS, task_id=BRONZE_STONCKS_TSLA, execution_date=20240322T000000, start_date=20240916T031549, end_date=20240916T031551
[2024-09-16 00:15:51,390] {local_task_job.py:156} INFO - Task exited with return code 0
[2024-09-16 00:15:51,423] {local_task_job.py:273} INFO - 0 downstream tasks scheduled from follow-on schedule check
