[2024-09-16 00:03:20,593] {taskinstance.py:1159} INFO - Dependencies all met for <TaskInstance: BRONZER_GET_STONCKS.BRONZE_STONCKS_GOOG scheduled__2024-01-17T00:00:00+00:00 [queued]>
[2024-09-16 00:03:20,627] {taskinstance.py:1159} INFO - Dependencies all met for <TaskInstance: BRONZER_GET_STONCKS.BRONZE_STONCKS_GOOG scheduled__2024-01-17T00:00:00+00:00 [queued]>
[2024-09-16 00:03:20,627] {taskinstance.py:1356} INFO - 
--------------------------------------------------------------------------------
[2024-09-16 00:03:20,628] {taskinstance.py:1357} INFO - Starting attempt 1 of 1
[2024-09-16 00:03:20,628] {taskinstance.py:1358} INFO - 
--------------------------------------------------------------------------------
[2024-09-16 00:03:20,667] {taskinstance.py:1377} INFO - Executing <Task(_PythonDecoratedOperator): BRONZE_STONCKS_GOOG> on 2024-01-17 00:00:00+00:00
[2024-09-16 00:03:20,683] {standard_task_runner.py:52} INFO - Started process 19620 to run task
[2024-09-16 00:03:20,708] {standard_task_runner.py:79} INFO - Running: ['airflow', 'tasks', 'run', 'BRONZER_GET_STONCKS', 'BRONZE_STONCKS_GOOG', 'scheduled__2024-01-17T00:00:00+00:00', '--job-id', '97', '--raw', '--subdir', 'DAGS_FOLDER/get_stocks.py', '--cfg-path', '/tmp/tmp1_hc9gvc', '--error-file', '/tmp/tmpxw7djeh7']
[2024-09-16 00:03:20,709] {standard_task_runner.py:80} INFO - Job 97: Subtask BRONZE_STONCKS_GOOG
[2024-09-16 00:03:20,915] {task_command.py:370} INFO - Running <TaskInstance: BRONZER_GET_STONCKS.BRONZE_STONCKS_GOOG scheduled__2024-01-17T00:00:00+00:00 [running]> on host kaiwang.
[2024-09-16 00:03:21,125] {taskinstance.py:1569} INFO - Exporting the following env vars:
AIRFLOW_CTX_DAG_OWNER=airflow
AIRFLOW_CTX_DAG_ID=BRONZER_GET_STONCKS
AIRFLOW_CTX_TASK_ID=BRONZE_STONCKS_GOOG
AIRFLOW_CTX_EXECUTION_DATE=2024-01-17T00:00:00+00:00
AIRFLOW_CTX_TRY_NUMBER=1
AIRFLOW_CTX_DAG_RUN_ID=scheduled__2024-01-17T00:00:00+00:00
[2024-09-16 00:03:21,960] {python.py:173} INFO - Done. Returned value was: None
[2024-09-16 00:03:22,184] {taskinstance.py:1395} INFO - Marking task as SUCCESS. dag_id=BRONZER_GET_STONCKS, task_id=BRONZE_STONCKS_GOOG, execution_date=20240117T000000, start_date=20240916T030320, end_date=20240916T030322
[2024-09-16 00:03:22,336] {local_task_job.py:156} INFO - Task exited with return code 0
[2024-09-16 00:03:22,988] {local_task_job.py:273} INFO - 0 downstream tasks scheduled from follow-on schedule check
[2024-09-16 00:13:04,179] {taskinstance.py:1159} INFO - Dependencies all met for <TaskInstance: BRONZER_GET_STONCKS.BRONZE_STONCKS_GOOG scheduled__2024-01-17T00:00:00+00:00 [queued]>
[2024-09-16 00:13:04,206] {taskinstance.py:1159} INFO - Dependencies all met for <TaskInstance: BRONZER_GET_STONCKS.BRONZE_STONCKS_GOOG scheduled__2024-01-17T00:00:00+00:00 [queued]>
[2024-09-16 00:13:04,206] {taskinstance.py:1356} INFO - 
--------------------------------------------------------------------------------
[2024-09-16 00:13:04,206] {taskinstance.py:1357} INFO - Starting attempt 1 of 1
[2024-09-16 00:13:04,206] {taskinstance.py:1358} INFO - 
--------------------------------------------------------------------------------
[2024-09-16 00:13:04,258] {taskinstance.py:1377} INFO - Executing <Task(_PythonDecoratedOperator): BRONZE_STONCKS_GOOG> on 2024-01-17 00:00:00+00:00
[2024-09-16 00:13:04,264] {standard_task_runner.py:52} INFO - Started process 45284 to run task
[2024-09-16 00:13:04,300] {standard_task_runner.py:79} INFO - Running: ['airflow', 'tasks', 'run', 'BRONZER_GET_STONCKS', 'BRONZE_STONCKS_GOOG', 'scheduled__2024-01-17T00:00:00+00:00', '--job-id', '1572', '--raw', '--subdir', 'DAGS_FOLDER/get_stocks.py', '--cfg-path', '/tmp/tmpxx62jdgk', '--error-file', '/tmp/tmpbibreu1w']
[2024-09-16 00:13:04,303] {standard_task_runner.py:80} INFO - Job 1572: Subtask BRONZE_STONCKS_GOOG
[2024-09-16 00:13:04,624] {task_command.py:370} INFO - Running <TaskInstance: BRONZER_GET_STONCKS.BRONZE_STONCKS_GOOG scheduled__2024-01-17T00:00:00+00:00 [running]> on host kaiwang.
[2024-09-16 00:13:04,919] {taskinstance.py:1569} INFO - Exporting the following env vars:
AIRFLOW_CTX_DAG_OWNER=airflow
AIRFLOW_CTX_DAG_ID=BRONZER_GET_STONCKS
AIRFLOW_CTX_TASK_ID=BRONZE_STONCKS_GOOG
AIRFLOW_CTX_EXECUTION_DATE=2024-01-17T00:00:00+00:00
AIRFLOW_CTX_TRY_NUMBER=1
AIRFLOW_CTX_DAG_RUN_ID=scheduled__2024-01-17T00:00:00+00:00
[2024-09-16 00:13:05,595] {python.py:173} INFO - Done. Returned value was: None
[2024-09-16 00:13:05,692] {taskinstance.py:1395} INFO - Marking task as SUCCESS. dag_id=BRONZER_GET_STONCKS, task_id=BRONZE_STONCKS_GOOG, execution_date=20240117T000000, start_date=20240916T031304, end_date=20240916T031305
[2024-09-16 00:13:05,809] {local_task_job.py:156} INFO - Task exited with return code 0
[2024-09-16 00:13:06,006] {local_task_job.py:273} INFO - 0 downstream tasks scheduled from follow-on schedule check
[2024-09-16 00:14:36,939] {taskinstance.py:1159} INFO - Dependencies all met for <TaskInstance: BRONZER_GET_STONCKS.BRONZE_STONCKS_GOOG scheduled__2024-01-17T00:00:00+00:00 [queued]>
[2024-09-16 00:14:36,986] {taskinstance.py:1159} INFO - Dependencies all met for <TaskInstance: BRONZER_GET_STONCKS.BRONZE_STONCKS_GOOG scheduled__2024-01-17T00:00:00+00:00 [queued]>
[2024-09-16 00:14:36,986] {taskinstance.py:1356} INFO - 
--------------------------------------------------------------------------------
[2024-09-16 00:14:36,987] {taskinstance.py:1357} INFO - Starting attempt 1 of 1
[2024-09-16 00:14:36,987] {taskinstance.py:1358} INFO - 
--------------------------------------------------------------------------------
[2024-09-16 00:14:37,033] {taskinstance.py:1377} INFO - Executing <Task(_PythonDecoratedOperator): BRONZE_STONCKS_GOOG> on 2024-01-17 00:00:00+00:00
[2024-09-16 00:14:37,043] {standard_task_runner.py:52} INFO - Started process 50609 to run task
[2024-09-16 00:14:37,069] {standard_task_runner.py:79} INFO - Running: ['airflow', 'tasks', 'run', 'BRONZER_GET_STONCKS', 'BRONZE_STONCKS_GOOG', 'scheduled__2024-01-17T00:00:00+00:00', '--job-id', '1880', '--raw', '--subdir', 'DAGS_FOLDER/get_stocks.py', '--cfg-path', '/tmp/tmp5keyj3dl', '--error-file', '/tmp/tmpv_2jrgyw']
[2024-09-16 00:14:37,072] {standard_task_runner.py:80} INFO - Job 1880: Subtask BRONZE_STONCKS_GOOG
[2024-09-16 00:14:37,298] {task_command.py:370} INFO - Running <TaskInstance: BRONZER_GET_STONCKS.BRONZE_STONCKS_GOOG scheduled__2024-01-17T00:00:00+00:00 [running]> on host kaiwang.
[2024-09-16 00:14:37,589] {taskinstance.py:1569} INFO - Exporting the following env vars:
AIRFLOW_CTX_DAG_OWNER=airflow
AIRFLOW_CTX_DAG_ID=BRONZER_GET_STONCKS
AIRFLOW_CTX_TASK_ID=BRONZE_STONCKS_GOOG
AIRFLOW_CTX_EXECUTION_DATE=2024-01-17T00:00:00+00:00
AIRFLOW_CTX_TRY_NUMBER=1
AIRFLOW_CTX_DAG_RUN_ID=scheduled__2024-01-17T00:00:00+00:00
[2024-09-16 00:14:38,281] {python.py:173} INFO - Done. Returned value was: None
[2024-09-16 00:14:38,330] {taskinstance.py:1395} INFO - Marking task as SUCCESS. dag_id=BRONZER_GET_STONCKS, task_id=BRONZE_STONCKS_GOOG, execution_date=20240117T000000, start_date=20240916T031436, end_date=20240916T031438
[2024-09-16 00:14:38,380] {local_task_job.py:156} INFO - Task exited with return code 0
[2024-09-16 00:14:38,567] {local_task_job.py:273} INFO - 0 downstream tasks scheduled from follow-on schedule check
