[2024-09-16 00:04:25,963] {taskinstance.py:1159} INFO - Dependencies all met for <TaskInstance: BRONZER_GET_STONCKS.BRONZE_STONCKS_MSFT scheduled__2024-03-08T00:00:00+00:00 [queued]>
[2024-09-16 00:04:25,989] {taskinstance.py:1159} INFO - Dependencies all met for <TaskInstance: BRONZER_GET_STONCKS.BRONZE_STONCKS_MSFT scheduled__2024-03-08T00:00:00+00:00 [queued]>
[2024-09-16 00:04:25,989] {taskinstance.py:1356} INFO - 
--------------------------------------------------------------------------------
[2024-09-16 00:04:25,989] {taskinstance.py:1357} INFO - Starting attempt 1 of 1
[2024-09-16 00:04:25,990] {taskinstance.py:1358} INFO - 
--------------------------------------------------------------------------------
[2024-09-16 00:04:26,024] {taskinstance.py:1377} INFO - Executing <Task(_PythonDecoratedOperator): BRONZE_STONCKS_MSFT> on 2024-03-08 00:00:00+00:00
[2024-09-16 00:04:26,031] {standard_task_runner.py:52} INFO - Started process 24560 to run task
[2024-09-16 00:04:26,067] {standard_task_runner.py:79} INFO - Running: ['airflow', 'tasks', 'run', 'BRONZER_GET_STONCKS', 'BRONZE_STONCKS_MSFT', 'scheduled__2024-03-08T00:00:00+00:00', '--job-id', '380', '--raw', '--subdir', 'DAGS_FOLDER/get_stocks.py', '--cfg-path', '/tmp/tmpi5orpvty', '--error-file', '/tmp/tmp50s5fjku']
[2024-09-16 00:04:26,068] {standard_task_runner.py:80} INFO - Job 380: Subtask BRONZE_STONCKS_MSFT
[2024-09-16 00:04:26,300] {task_command.py:370} INFO - Running <TaskInstance: BRONZER_GET_STONCKS.BRONZE_STONCKS_MSFT scheduled__2024-03-08T00:00:00+00:00 [running]> on host kaiwang.
[2024-09-16 00:04:26,609] {taskinstance.py:1569} INFO - Exporting the following env vars:
AIRFLOW_CTX_DAG_OWNER=airflow
AIRFLOW_CTX_DAG_ID=BRONZER_GET_STONCKS
AIRFLOW_CTX_TASK_ID=BRONZE_STONCKS_MSFT
AIRFLOW_CTX_EXECUTION_DATE=2024-03-08T00:00:00+00:00
AIRFLOW_CTX_TRY_NUMBER=1
AIRFLOW_CTX_DAG_RUN_ID=scheduled__2024-03-08T00:00:00+00:00
[2024-09-16 00:04:27,207] {python.py:173} INFO - Done. Returned value was: None
[2024-09-16 00:04:27,262] {taskinstance.py:1395} INFO - Marking task as SUCCESS. dag_id=BRONZER_GET_STONCKS, task_id=BRONZE_STONCKS_MSFT, execution_date=20240308T000000, start_date=20240916T030425, end_date=20240916T030427
[2024-09-16 00:04:27,308] {local_task_job.py:156} INFO - Task exited with return code 0
[2024-09-16 00:04:27,423] {local_task_job.py:273} INFO - 0 downstream tasks scheduled from follow-on schedule check
[2024-09-16 00:15:34,479] {taskinstance.py:1159} INFO - Dependencies all met for <TaskInstance: BRONZER_GET_STONCKS.BRONZE_STONCKS_MSFT scheduled__2024-03-08T00:00:00+00:00 [queued]>
[2024-09-16 00:15:34,524] {taskinstance.py:1159} INFO - Dependencies all met for <TaskInstance: BRONZER_GET_STONCKS.BRONZE_STONCKS_MSFT scheduled__2024-03-08T00:00:00+00:00 [queued]>
[2024-09-16 00:15:34,524] {taskinstance.py:1356} INFO - 
--------------------------------------------------------------------------------
[2024-09-16 00:15:34,524] {taskinstance.py:1357} INFO - Starting attempt 1 of 1
[2024-09-16 00:15:34,524] {taskinstance.py:1358} INFO - 
--------------------------------------------------------------------------------
[2024-09-16 00:15:34,597] {taskinstance.py:1377} INFO - Executing <Task(_PythonDecoratedOperator): BRONZE_STONCKS_MSFT> on 2024-03-08 00:00:00+00:00
[2024-09-16 00:15:34,625] {standard_task_runner.py:52} INFO - Started process 55315 to run task
[2024-09-16 00:15:34,647] {standard_task_runner.py:79} INFO - Running: ['airflow', 'tasks', 'run', 'BRONZER_GET_STONCKS', 'BRONZE_STONCKS_MSFT', 'scheduled__2024-03-08T00:00:00+00:00', '--job-id', '2147', '--raw', '--subdir', 'DAGS_FOLDER/get_stocks.py', '--cfg-path', '/tmp/tmp267mehot', '--error-file', '/tmp/tmpew3em__e']
[2024-09-16 00:15:34,655] {standard_task_runner.py:80} INFO - Job 2147: Subtask BRONZE_STONCKS_MSFT
[2024-09-16 00:15:34,877] {task_command.py:370} INFO - Running <TaskInstance: BRONZER_GET_STONCKS.BRONZE_STONCKS_MSFT scheduled__2024-03-08T00:00:00+00:00 [running]> on host kaiwang.
[2024-09-16 00:15:35,208] {taskinstance.py:1569} INFO - Exporting the following env vars:
AIRFLOW_CTX_DAG_OWNER=airflow
AIRFLOW_CTX_DAG_ID=BRONZER_GET_STONCKS
AIRFLOW_CTX_TASK_ID=BRONZE_STONCKS_MSFT
AIRFLOW_CTX_EXECUTION_DATE=2024-03-08T00:00:00+00:00
AIRFLOW_CTX_TRY_NUMBER=1
AIRFLOW_CTX_DAG_RUN_ID=scheduled__2024-03-08T00:00:00+00:00
[2024-09-16 00:15:35,905] {python.py:173} INFO - Done. Returned value was: None
[2024-09-16 00:15:35,960] {taskinstance.py:1395} INFO - Marking task as SUCCESS. dag_id=BRONZER_GET_STONCKS, task_id=BRONZE_STONCKS_MSFT, execution_date=20240308T000000, start_date=20240916T031534, end_date=20240916T031535
[2024-09-16 00:15:36,037] {local_task_job.py:156} INFO - Task exited with return code 0
[2024-09-16 00:15:36,167] {local_task_job.py:273} INFO - 0 downstream tasks scheduled from follow-on schedule check
