[2024-09-16 00:02:57,507] {taskinstance.py:1159} INFO - Dependencies all met for <TaskInstance: BRONZER_GET_CRIPTOS.BRONZE_CRIPTO_BTC scheduled__2024-01-04T00:00:00+00:00 [queued]>
[2024-09-16 00:02:57,557] {taskinstance.py:1159} INFO - Dependencies all met for <TaskInstance: BRONZER_GET_CRIPTOS.BRONZE_CRIPTO_BTC scheduled__2024-01-04T00:00:00+00:00 [queued]>
[2024-09-16 00:02:57,557] {taskinstance.py:1356} INFO - 
--------------------------------------------------------------------------------
[2024-09-16 00:02:57,557] {taskinstance.py:1357} INFO - Starting attempt 1 of 1
[2024-09-16 00:02:57,557] {taskinstance.py:1358} INFO - 
--------------------------------------------------------------------------------
[2024-09-16 00:02:57,642] {taskinstance.py:1377} INFO - Executing <Task(_PythonDecoratedOperator): BRONZE_CRIPTO_BTC> on 2024-01-04 00:00:00+00:00
[2024-09-16 00:02:57,648] {standard_task_runner.py:52} INFO - Started process 18215 to run task
[2024-09-16 00:02:57,674] {standard_task_runner.py:79} INFO - Running: ['airflow', 'tasks', 'run', 'BRONZER_GET_CRIPTOS', 'BRONZE_CRIPTO_BTC', 'scheduled__2024-01-04T00:00:00+00:00', '--job-id', '13', '--raw', '--subdir', 'DAGS_FOLDER/get_cripto.py', '--cfg-path', '/tmp/tmp6_z_b904', '--error-file', '/tmp/tmpp3yzm5ff']
[2024-09-16 00:02:57,681] {standard_task_runner.py:80} INFO - Job 13: Subtask BRONZE_CRIPTO_BTC
[2024-09-16 00:02:57,958] {task_command.py:370} INFO - Running <TaskInstance: BRONZER_GET_CRIPTOS.BRONZE_CRIPTO_BTC scheduled__2024-01-04T00:00:00+00:00 [running]> on host kaiwang.
[2024-09-16 00:02:58,276] {taskinstance.py:1569} INFO - Exporting the following env vars:
AIRFLOW_CTX_DAG_OWNER=airflow
AIRFLOW_CTX_DAG_ID=BRONZER_GET_CRIPTOS
AIRFLOW_CTX_TASK_ID=BRONZE_CRIPTO_BTC
AIRFLOW_CTX_EXECUTION_DATE=2024-01-04T00:00:00+00:00
AIRFLOW_CTX_TRY_NUMBER=1
AIRFLOW_CTX_DAG_RUN_ID=scheduled__2024-01-04T00:00:00+00:00
[2024-09-16 00:03:01,766] {history.py:244} ERROR - $BTC: possibly delisted; no price data found  (1h 2024-01-01 -> 2024-01-04) (Yahoo error = "Data doesn't exist for startDate = 1704085200, endDate = 1704344400")
[2024-09-16 00:03:01,779] {python.py:173} INFO - Done. Returned value was: None
[2024-09-16 00:03:02,203] {taskinstance.py:1395} INFO - Marking task as SUCCESS. dag_id=BRONZER_GET_CRIPTOS, task_id=BRONZE_CRIPTO_BTC, execution_date=20240104T000000, start_date=20240916T030257, end_date=20240916T030302
[2024-09-16 00:03:02,288] {local_task_job.py:156} INFO - Task exited with return code 0
[2024-09-16 00:03:02,443] {local_task_job.py:273} INFO - 0 downstream tasks scheduled from follow-on schedule check
[2024-09-16 00:12:42,592] {taskinstance.py:1159} INFO - Dependencies all met for <TaskInstance: BRONZER_GET_CRIPTOS.BRONZE_CRIPTO_BTC scheduled__2024-01-04T00:00:00+00:00 [queued]>
[2024-09-16 00:12:42,636] {taskinstance.py:1159} INFO - Dependencies all met for <TaskInstance: BRONZER_GET_CRIPTOS.BRONZE_CRIPTO_BTC scheduled__2024-01-04T00:00:00+00:00 [queued]>
[2024-09-16 00:12:42,636] {taskinstance.py:1356} INFO - 
--------------------------------------------------------------------------------
[2024-09-16 00:12:42,636] {taskinstance.py:1357} INFO - Starting attempt 1 of 1
[2024-09-16 00:12:42,636] {taskinstance.py:1358} INFO - 
--------------------------------------------------------------------------------
[2024-09-16 00:12:42,690] {taskinstance.py:1377} INFO - Executing <Task(_PythonDecoratedOperator): BRONZE_CRIPTO_BTC> on 2024-01-04 00:00:00+00:00
[2024-09-16 00:12:42,699] {standard_task_runner.py:52} INFO - Started process 43756 to run task
[2024-09-16 00:12:42,709] {standard_task_runner.py:79} INFO - Running: ['airflow', 'tasks', 'run', 'BRONZER_GET_CRIPTOS', 'BRONZE_CRIPTO_BTC', 'scheduled__2024-01-04T00:00:00+00:00', '--job-id', '1484', '--raw', '--subdir', 'DAGS_FOLDER/get_cripto.py', '--cfg-path', '/tmp/tmp1smtbk3x', '--error-file', '/tmp/tmpqj7edt0k']
[2024-09-16 00:12:42,710] {standard_task_runner.py:80} INFO - Job 1484: Subtask BRONZE_CRIPTO_BTC
[2024-09-16 00:12:42,927] {task_command.py:370} INFO - Running <TaskInstance: BRONZER_GET_CRIPTOS.BRONZE_CRIPTO_BTC scheduled__2024-01-04T00:00:00+00:00 [running]> on host kaiwang.
[2024-09-16 00:12:43,135] {taskinstance.py:1569} INFO - Exporting the following env vars:
AIRFLOW_CTX_DAG_OWNER=airflow
AIRFLOW_CTX_DAG_ID=BRONZER_GET_CRIPTOS
AIRFLOW_CTX_TASK_ID=BRONZE_CRIPTO_BTC
AIRFLOW_CTX_EXECUTION_DATE=2024-01-04T00:00:00+00:00
AIRFLOW_CTX_TRY_NUMBER=1
AIRFLOW_CTX_DAG_RUN_ID=scheduled__2024-01-04T00:00:00+00:00
[2024-09-16 00:12:45,906] {history.py:244} ERROR - $BTC: possibly delisted; no price data found  (1h 2024-01-01 -> 2024-01-04) (Yahoo error = "Data doesn't exist for startDate = 1704085200, endDate = 1704344400")
[2024-09-16 00:12:45,911] {python.py:173} INFO - Done. Returned value was: None
[2024-09-16 00:12:45,937] {taskinstance.py:1395} INFO - Marking task as SUCCESS. dag_id=BRONZER_GET_CRIPTOS, task_id=BRONZE_CRIPTO_BTC, execution_date=20240104T000000, start_date=20240916T031242, end_date=20240916T031245
[2024-09-16 00:12:45,999] {local_task_job.py:156} INFO - Task exited with return code 0
[2024-09-16 00:12:46,043] {local_task_job.py:273} INFO - 0 downstream tasks scheduled from follow-on schedule check
[2024-09-16 00:14:18,913] {taskinstance.py:1159} INFO - Dependencies all met for <TaskInstance: BRONZER_GET_CRIPTOS.BRONZE_CRIPTO_BTC scheduled__2024-01-04T00:00:00+00:00 [queued]>
[2024-09-16 00:14:18,962] {taskinstance.py:1159} INFO - Dependencies all met for <TaskInstance: BRONZER_GET_CRIPTOS.BRONZE_CRIPTO_BTC scheduled__2024-01-04T00:00:00+00:00 [queued]>
[2024-09-16 00:14:18,962] {taskinstance.py:1356} INFO - 
--------------------------------------------------------------------------------
[2024-09-16 00:14:18,963] {taskinstance.py:1357} INFO - Starting attempt 1 of 1
[2024-09-16 00:14:18,963] {taskinstance.py:1358} INFO - 
--------------------------------------------------------------------------------
[2024-09-16 00:14:19,040] {taskinstance.py:1377} INFO - Executing <Task(_PythonDecoratedOperator): BRONZE_CRIPTO_BTC> on 2024-01-04 00:00:00+00:00
[2024-09-16 00:14:19,046] {standard_task_runner.py:52} INFO - Started process 49237 to run task
[2024-09-16 00:14:19,077] {standard_task_runner.py:79} INFO - Running: ['airflow', 'tasks', 'run', 'BRONZER_GET_CRIPTOS', 'BRONZE_CRIPTO_BTC', 'scheduled__2024-01-04T00:00:00+00:00', '--job-id', '1795', '--raw', '--subdir', 'DAGS_FOLDER/get_cripto.py', '--cfg-path', '/tmp/tmp83vehzs8', '--error-file', '/tmp/tmp8k3if2lm']
[2024-09-16 00:14:19,078] {standard_task_runner.py:80} INFO - Job 1795: Subtask BRONZE_CRIPTO_BTC
[2024-09-16 00:14:19,592] {task_command.py:370} INFO - Running <TaskInstance: BRONZER_GET_CRIPTOS.BRONZE_CRIPTO_BTC scheduled__2024-01-04T00:00:00+00:00 [running]> on host kaiwang.
[2024-09-16 00:14:19,951] {taskinstance.py:1569} INFO - Exporting the following env vars:
AIRFLOW_CTX_DAG_OWNER=airflow
AIRFLOW_CTX_DAG_ID=BRONZER_GET_CRIPTOS
AIRFLOW_CTX_TASK_ID=BRONZE_CRIPTO_BTC
AIRFLOW_CTX_EXECUTION_DATE=2024-01-04T00:00:00+00:00
AIRFLOW_CTX_TRY_NUMBER=1
AIRFLOW_CTX_DAG_RUN_ID=scheduled__2024-01-04T00:00:00+00:00
[2024-09-16 00:14:22,275] {history.py:244} ERROR - $BTC: possibly delisted; no price data found  (1h 2024-01-01 -> 2024-01-04) (Yahoo error = "Data doesn't exist for startDate = 1704085200, endDate = 1704344400")
[2024-09-16 00:14:22,280] {python.py:173} INFO - Done. Returned value was: None
[2024-09-16 00:14:22,305] {taskinstance.py:1395} INFO - Marking task as SUCCESS. dag_id=BRONZER_GET_CRIPTOS, task_id=BRONZE_CRIPTO_BTC, execution_date=20240104T000000, start_date=20240916T031418, end_date=20240916T031422
[2024-09-16 00:14:22,347] {local_task_job.py:156} INFO - Task exited with return code 0
[2024-09-16 00:14:22,383] {local_task_job.py:273} INFO - 0 downstream tasks scheduled from follow-on schedule check
