[2024-09-16 00:08:02,561] {taskinstance.py:1159} INFO - Dependencies all met for <TaskInstance: BRONZER_GET_CRIPTOS.BRONZE_CRIPTO_BTC scheduled__2024-08-14T00:00:00+00:00 [queued]>
[2024-09-16 00:08:02,592] {taskinstance.py:1159} INFO - Dependencies all met for <TaskInstance: BRONZER_GET_CRIPTOS.BRONZE_CRIPTO_BTC scheduled__2024-08-14T00:00:00+00:00 [queued]>
[2024-09-16 00:08:02,592] {taskinstance.py:1356} INFO - 
--------------------------------------------------------------------------------
[2024-09-16 00:08:02,593] {taskinstance.py:1357} INFO - Starting attempt 1 of 1
[2024-09-16 00:08:02,594] {taskinstance.py:1358} INFO - 
--------------------------------------------------------------------------------
[2024-09-16 00:08:02,621] {taskinstance.py:1377} INFO - Executing <Task(_PythonDecoratedOperator): BRONZE_CRIPTO_BTC> on 2024-08-14 00:00:00+00:00
[2024-09-16 00:08:02,626] {standard_task_runner.py:52} INFO - Started process 41856 to run task
[2024-09-16 00:08:02,656] {standard_task_runner.py:79} INFO - Running: ['airflow', 'tasks', 'run', 'BRONZER_GET_CRIPTOS', 'BRONZE_CRIPTO_BTC', 'scheduled__2024-08-14T00:00:00+00:00', '--job-id', '1385', '--raw', '--subdir', 'DAGS_FOLDER/get_cripto.py', '--cfg-path', '/tmp/tmpu0kjxv25', '--error-file', '/tmp/tmpb2_mwiph']
[2024-09-16 00:08:02,657] {standard_task_runner.py:80} INFO - Job 1385: Subtask BRONZE_CRIPTO_BTC
[2024-09-16 00:08:02,921] {task_command.py:370} INFO - Running <TaskInstance: BRONZER_GET_CRIPTOS.BRONZE_CRIPTO_BTC scheduled__2024-08-14T00:00:00+00:00 [running]> on host kaiwang.
[2024-09-16 00:08:03,186] {taskinstance.py:1569} INFO - Exporting the following env vars:
AIRFLOW_CTX_DAG_OWNER=airflow
AIRFLOW_CTX_DAG_ID=BRONZER_GET_CRIPTOS
AIRFLOW_CTX_TASK_ID=BRONZE_CRIPTO_BTC
AIRFLOW_CTX_EXECUTION_DATE=2024-08-14T00:00:00+00:00
AIRFLOW_CTX_TRY_NUMBER=1
AIRFLOW_CTX_DAG_RUN_ID=scheduled__2024-08-14T00:00:00+00:00
[2024-09-16 00:08:03,880] {python.py:173} INFO - Done. Returned value was: None
[2024-09-16 00:08:03,898] {taskinstance.py:1395} INFO - Marking task as SUCCESS. dag_id=BRONZER_GET_CRIPTOS, task_id=BRONZE_CRIPTO_BTC, execution_date=20240814T000000, start_date=20240916T030802, end_date=20240916T030803
[2024-09-16 00:08:03,932] {local_task_job.py:156} INFO - Task exited with return code 0
[2024-09-16 00:08:03,980] {local_task_job.py:273} INFO - 0 downstream tasks scheduled from follow-on schedule check
[2024-09-16 13:56:03,145] {taskinstance.py:1159} INFO - Dependencies all met for <TaskInstance: BRONZER_GET_CRIPTOS.BRONZE_CRIPTO_BTC scheduled__2024-08-14T00:00:00+00:00 [queued]>
[2024-09-16 13:56:03,191] {taskinstance.py:1159} INFO - Dependencies all met for <TaskInstance: BRONZER_GET_CRIPTOS.BRONZE_CRIPTO_BTC scheduled__2024-08-14T00:00:00+00:00 [queued]>
[2024-09-16 13:56:03,191] {taskinstance.py:1356} INFO - 
--------------------------------------------------------------------------------
[2024-09-16 13:56:03,191] {taskinstance.py:1357} INFO - Starting attempt 1 of 1
[2024-09-16 13:56:03,192] {taskinstance.py:1358} INFO - 
--------------------------------------------------------------------------------
[2024-09-16 13:56:03,249] {taskinstance.py:1377} INFO - Executing <Task(_PythonDecoratedOperator): BRONZE_CRIPTO_BTC> on 2024-08-14 00:00:00+00:00
[2024-09-16 13:56:03,255] {standard_task_runner.py:52} INFO - Started process 137383 to run task
[2024-09-16 13:56:03,269] {standard_task_runner.py:79} INFO - Running: ['airflow', 'tasks', 'run', 'BRONZER_GET_CRIPTOS', 'BRONZE_CRIPTO_BTC', 'scheduled__2024-08-14T00:00:00+00:00', '--job-id', '2506', '--raw', '--subdir', 'DAGS_FOLDER/get_cripto.py', '--cfg-path', '/tmp/tmpm1jln6yu', '--error-file', '/tmp/tmprzd7qyw9']
[2024-09-16 13:56:03,270] {standard_task_runner.py:80} INFO - Job 2506: Subtask BRONZE_CRIPTO_BTC
[2024-09-16 13:56:03,478] {task_command.py:370} INFO - Running <TaskInstance: BRONZER_GET_CRIPTOS.BRONZE_CRIPTO_BTC scheduled__2024-08-14T00:00:00+00:00 [running]> on host kaiwang.
[2024-09-16 13:56:03,982] {taskinstance.py:1569} INFO - Exporting the following env vars:
AIRFLOW_CTX_DAG_OWNER=airflow
AIRFLOW_CTX_DAG_ID=BRONZER_GET_CRIPTOS
AIRFLOW_CTX_TASK_ID=BRONZE_CRIPTO_BTC
AIRFLOW_CTX_EXECUTION_DATE=2024-08-14T00:00:00+00:00
AIRFLOW_CTX_TRY_NUMBER=1
AIRFLOW_CTX_DAG_RUN_ID=scheduled__2024-08-14T00:00:00+00:00
[2024-09-16 13:56:04,612] {python.py:173} INFO - Done. Returned value was: None
[2024-09-16 13:56:04,631] {taskinstance.py:1395} INFO - Marking task as SUCCESS. dag_id=BRONZER_GET_CRIPTOS, task_id=BRONZE_CRIPTO_BTC, execution_date=20240814T000000, start_date=20240916T165603, end_date=20240916T165604
[2024-09-16 13:56:04,665] {local_task_job.py:156} INFO - Task exited with return code 0
[2024-09-16 13:56:04,705] {local_task_job.py:273} INFO - 0 downstream tasks scheduled from follow-on schedule check
