[2024-09-16 00:05:19,608] {taskinstance.py:1159} INFO - Dependencies all met for <TaskInstance: BRONZER_GET_STONCKS.BRONZE_STONCKS_TSLA scheduled__2024-04-25T00:00:00+00:00 [queued]>
[2024-09-16 00:05:19,639] {taskinstance.py:1159} INFO - Dependencies all met for <TaskInstance: BRONZER_GET_STONCKS.BRONZE_STONCKS_TSLA scheduled__2024-04-25T00:00:00+00:00 [queued]>
[2024-09-16 00:05:19,639] {taskinstance.py:1356} INFO - 
--------------------------------------------------------------------------------
[2024-09-16 00:05:19,640] {taskinstance.py:1357} INFO - Starting attempt 1 of 1
[2024-09-16 00:05:19,640] {taskinstance.py:1358} INFO - 
--------------------------------------------------------------------------------
[2024-09-16 00:05:19,676] {taskinstance.py:1377} INFO - Executing <Task(_PythonDecoratedOperator): BRONZE_STONCKS_TSLA> on 2024-04-25 00:00:00+00:00
[2024-09-16 00:05:19,681] {standard_task_runner.py:52} INFO - Started process 28702 to run task
[2024-09-16 00:05:19,711] {standard_task_runner.py:79} INFO - Running: ['airflow', 'tasks', 'run', 'BRONZER_GET_STONCKS', 'BRONZE_STONCKS_TSLA', 'scheduled__2024-04-25T00:00:00+00:00', '--job-id', '623', '--raw', '--subdir', 'DAGS_FOLDER/get_stocks.py', '--cfg-path', '/tmp/tmpb_oyc05c', '--error-file', '/tmp/tmprty6jl00']
[2024-09-16 00:05:19,712] {standard_task_runner.py:80} INFO - Job 623: Subtask BRONZE_STONCKS_TSLA
[2024-09-16 00:05:19,910] {task_command.py:370} INFO - Running <TaskInstance: BRONZER_GET_STONCKS.BRONZE_STONCKS_TSLA scheduled__2024-04-25T00:00:00+00:00 [running]> on host kaiwang.
[2024-09-16 00:05:20,075] {taskinstance.py:1569} INFO - Exporting the following env vars:
AIRFLOW_CTX_DAG_OWNER=airflow
AIRFLOW_CTX_DAG_ID=BRONZER_GET_STONCKS
AIRFLOW_CTX_TASK_ID=BRONZE_STONCKS_TSLA
AIRFLOW_CTX_EXECUTION_DATE=2024-04-25T00:00:00+00:00
AIRFLOW_CTX_TRY_NUMBER=1
AIRFLOW_CTX_DAG_RUN_ID=scheduled__2024-04-25T00:00:00+00:00
[2024-09-16 00:05:20,888] {python.py:173} INFO - Done. Returned value was: None
[2024-09-16 00:05:20,912] {taskinstance.py:1395} INFO - Marking task as SUCCESS. dag_id=BRONZER_GET_STONCKS, task_id=BRONZE_STONCKS_TSLA, execution_date=20240425T000000, start_date=20240916T030519, end_date=20240916T030520
[2024-09-16 00:05:20,969] {local_task_job.py:156} INFO - Task exited with return code 0
[2024-09-16 00:05:21,029] {local_task_job.py:273} INFO - 0 downstream tasks scheduled from follow-on schedule check
[2024-09-16 00:16:25,895] {taskinstance.py:1159} INFO - Dependencies all met for <TaskInstance: BRONZER_GET_STONCKS.BRONZE_STONCKS_TSLA scheduled__2024-04-25T00:00:00+00:00 [queued]>
[2024-09-16 00:16:25,953] {taskinstance.py:1159} INFO - Dependencies all met for <TaskInstance: BRONZER_GET_STONCKS.BRONZE_STONCKS_TSLA scheduled__2024-04-25T00:00:00+00:00 [queued]>
[2024-09-16 00:16:25,953] {taskinstance.py:1356} INFO - 
--------------------------------------------------------------------------------
[2024-09-16 00:16:25,953] {taskinstance.py:1357} INFO - Starting attempt 1 of 1
[2024-09-16 00:16:25,953] {taskinstance.py:1358} INFO - 
--------------------------------------------------------------------------------
[2024-09-16 00:16:26,054] {taskinstance.py:1377} INFO - Executing <Task(_PythonDecoratedOperator): BRONZE_STONCKS_TSLA> on 2024-04-25 00:00:00+00:00
[2024-09-16 00:16:26,060] {standard_task_runner.py:52} INFO - Started process 59523 to run task
[2024-09-16 00:16:26,093] {standard_task_runner.py:79} INFO - Running: ['airflow', 'tasks', 'run', 'BRONZER_GET_STONCKS', 'BRONZE_STONCKS_TSLA', 'scheduled__2024-04-25T00:00:00+00:00', '--job-id', '2395', '--raw', '--subdir', 'DAGS_FOLDER/get_stocks.py', '--cfg-path', '/tmp/tmpjckjn0dp', '--error-file', '/tmp/tmpvwhcuxm6']
[2024-09-16 00:16:26,095] {standard_task_runner.py:80} INFO - Job 2395: Subtask BRONZE_STONCKS_TSLA
[2024-09-16 00:16:26,454] {task_command.py:370} INFO - Running <TaskInstance: BRONZER_GET_STONCKS.BRONZE_STONCKS_TSLA scheduled__2024-04-25T00:00:00+00:00 [running]> on host kaiwang.
[2024-09-16 00:16:26,752] {taskinstance.py:1569} INFO - Exporting the following env vars:
AIRFLOW_CTX_DAG_OWNER=airflow
AIRFLOW_CTX_DAG_ID=BRONZER_GET_STONCKS
AIRFLOW_CTX_TASK_ID=BRONZE_STONCKS_TSLA
AIRFLOW_CTX_EXECUTION_DATE=2024-04-25T00:00:00+00:00
AIRFLOW_CTX_TRY_NUMBER=1
AIRFLOW_CTX_DAG_RUN_ID=scheduled__2024-04-25T00:00:00+00:00
[2024-09-16 00:16:27,844] {python.py:173} INFO - Done. Returned value was: None
[2024-09-16 00:16:27,906] {taskinstance.py:1395} INFO - Marking task as SUCCESS. dag_id=BRONZER_GET_STONCKS, task_id=BRONZE_STONCKS_TSLA, execution_date=20240425T000000, start_date=20240916T031625, end_date=20240916T031627
[2024-09-16 00:16:27,985] {local_task_job.py:156} INFO - Task exited with return code 0
[2024-09-16 00:16:28,149] {local_task_job.py:273} INFO - 0 downstream tasks scheduled from follow-on schedule check
