[2024-09-16 00:07:31,319] {taskinstance.py:1159} INFO - Dependencies all met for <TaskInstance: BRONZER_GET_STONCKS.BRONZE_STONCKS_TSLA scheduled__2024-08-28T00:00:00+00:00 [queued]>
[2024-09-16 00:07:31,329] {taskinstance.py:1159} INFO - Dependencies all met for <TaskInstance: BRONZER_GET_STONCKS.BRONZE_STONCKS_TSLA scheduled__2024-08-28T00:00:00+00:00 [queued]>
[2024-09-16 00:07:31,329] {taskinstance.py:1356} INFO - 
--------------------------------------------------------------------------------
[2024-09-16 00:07:31,329] {taskinstance.py:1357} INFO - Starting attempt 1 of 1
[2024-09-16 00:07:31,329] {taskinstance.py:1358} INFO - 
--------------------------------------------------------------------------------
[2024-09-16 00:07:31,343] {taskinstance.py:1377} INFO - Executing <Task(_PythonDecoratedOperator): BRONZE_STONCKS_TSLA> on 2024-08-28 00:00:00+00:00
[2024-09-16 00:07:31,349] {standard_task_runner.py:52} INFO - Started process 39596 to run task
[2024-09-16 00:07:31,354] {standard_task_runner.py:79} INFO - Running: ['airflow', 'tasks', 'run', 'BRONZER_GET_STONCKS', 'BRONZE_STONCKS_TSLA', 'scheduled__2024-08-28T00:00:00+00:00', '--job-id', '1257', '--raw', '--subdir', 'DAGS_FOLDER/get_stocks.py', '--cfg-path', '/tmp/tmpd6o8fzdm', '--error-file', '/tmp/tmp5_2bzucs']
[2024-09-16 00:07:31,355] {standard_task_runner.py:80} INFO - Job 1257: Subtask BRONZE_STONCKS_TSLA
[2024-09-16 00:07:31,462] {task_command.py:370} INFO - Running <TaskInstance: BRONZER_GET_STONCKS.BRONZE_STONCKS_TSLA scheduled__2024-08-28T00:00:00+00:00 [running]> on host kaiwang.
[2024-09-16 00:07:31,581] {taskinstance.py:1569} INFO - Exporting the following env vars:
AIRFLOW_CTX_DAG_OWNER=airflow
AIRFLOW_CTX_DAG_ID=BRONZER_GET_STONCKS
AIRFLOW_CTX_TASK_ID=BRONZE_STONCKS_TSLA
AIRFLOW_CTX_EXECUTION_DATE=2024-08-28T00:00:00+00:00
AIRFLOW_CTX_TRY_NUMBER=1
AIRFLOW_CTX_DAG_RUN_ID=scheduled__2024-08-28T00:00:00+00:00
[2024-09-16 00:07:32,159] {python.py:173} INFO - Done. Returned value was: None
[2024-09-16 00:07:32,181] {taskinstance.py:1395} INFO - Marking task as SUCCESS. dag_id=BRONZER_GET_STONCKS, task_id=BRONZE_STONCKS_TSLA, execution_date=20240828T000000, start_date=20240916T030731, end_date=20240916T030732
[2024-09-16 00:07:32,210] {local_task_job.py:156} INFO - Task exited with return code 0
[2024-09-16 00:07:32,260] {local_task_job.py:273} INFO - 0 downstream tasks scheduled from follow-on schedule check
[2024-09-16 13:56:27,493] {taskinstance.py:1159} INFO - Dependencies all met for <TaskInstance: BRONZER_GET_STONCKS.BRONZE_STONCKS_TSLA scheduled__2024-08-28T00:00:00+00:00 [queued]>
[2024-09-16 13:56:27,508] {taskinstance.py:1159} INFO - Dependencies all met for <TaskInstance: BRONZER_GET_STONCKS.BRONZE_STONCKS_TSLA scheduled__2024-08-28T00:00:00+00:00 [queued]>
[2024-09-16 13:56:27,508] {taskinstance.py:1356} INFO - 
--------------------------------------------------------------------------------
[2024-09-16 13:56:27,508] {taskinstance.py:1357} INFO - Starting attempt 1 of 1
[2024-09-16 13:56:27,508] {taskinstance.py:1358} INFO - 
--------------------------------------------------------------------------------
[2024-09-16 13:56:27,528] {taskinstance.py:1377} INFO - Executing <Task(_PythonDecoratedOperator): BRONZE_STONCKS_TSLA> on 2024-08-28 00:00:00+00:00
[2024-09-16 13:56:27,535] {standard_task_runner.py:52} INFO - Started process 139060 to run task
[2024-09-16 13:56:27,538] {standard_task_runner.py:79} INFO - Running: ['airflow', 'tasks', 'run', 'BRONZER_GET_STONCKS', 'BRONZE_STONCKS_TSLA', 'scheduled__2024-08-28T00:00:00+00:00', '--job-id', '2585', '--raw', '--subdir', 'DAGS_FOLDER/get_stocks.py', '--cfg-path', '/tmp/tmpfcog6rj9', '--error-file', '/tmp/tmpbkj4lrwm']
[2024-09-16 13:56:27,540] {standard_task_runner.py:80} INFO - Job 2585: Subtask BRONZE_STONCKS_TSLA
[2024-09-16 13:56:27,673] {task_command.py:370} INFO - Running <TaskInstance: BRONZER_GET_STONCKS.BRONZE_STONCKS_TSLA scheduled__2024-08-28T00:00:00+00:00 [running]> on host kaiwang.
[2024-09-16 13:56:28,023] {taskinstance.py:1569} INFO - Exporting the following env vars:
AIRFLOW_CTX_DAG_OWNER=airflow
AIRFLOW_CTX_DAG_ID=BRONZER_GET_STONCKS
AIRFLOW_CTX_TASK_ID=BRONZE_STONCKS_TSLA
AIRFLOW_CTX_EXECUTION_DATE=2024-08-28T00:00:00+00:00
AIRFLOW_CTX_TRY_NUMBER=1
AIRFLOW_CTX_DAG_RUN_ID=scheduled__2024-08-28T00:00:00+00:00
[2024-09-16 13:56:28,870] {python.py:173} INFO - Done. Returned value was: None
[2024-09-16 13:56:28,914] {taskinstance.py:1395} INFO - Marking task as SUCCESS. dag_id=BRONZER_GET_STONCKS, task_id=BRONZE_STONCKS_TSLA, execution_date=20240828T000000, start_date=20240916T165627, end_date=20240916T165628
[2024-09-16 13:56:29,018] {local_task_job.py:156} INFO - Task exited with return code 0
[2024-09-16 13:56:29,178] {local_task_job.py:273} INFO - 0 downstream tasks scheduled from follow-on schedule check
