[2024-09-16 00:07:37,470] {taskinstance.py:1159} INFO - Dependencies all met for <TaskInstance: BRONZER_GET_STONCKS.BRONZE_STONCKS_TSLA scheduled__2024-09-03T00:00:00+00:00 [queued]>
[2024-09-16 00:07:37,539] {taskinstance.py:1159} INFO - Dependencies all met for <TaskInstance: BRONZER_GET_STONCKS.BRONZE_STONCKS_TSLA scheduled__2024-09-03T00:00:00+00:00 [queued]>
[2024-09-16 00:07:37,539] {taskinstance.py:1356} INFO - 
--------------------------------------------------------------------------------
[2024-09-16 00:07:37,540] {taskinstance.py:1357} INFO - Starting attempt 1 of 1
[2024-09-16 00:07:37,540] {taskinstance.py:1358} INFO - 
--------------------------------------------------------------------------------
[2024-09-16 00:07:37,599] {taskinstance.py:1377} INFO - Executing <Task(_PythonDecoratedOperator): BRONZE_STONCKS_TSLA> on 2024-09-03 00:00:00+00:00
[2024-09-16 00:07:37,605] {standard_task_runner.py:52} INFO - Started process 40075 to run task
[2024-09-16 00:07:37,655] {standard_task_runner.py:79} INFO - Running: ['airflow', 'tasks', 'run', 'BRONZER_GET_STONCKS', 'BRONZE_STONCKS_TSLA', 'scheduled__2024-09-03T00:00:00+00:00', '--job-id', '1286', '--raw', '--subdir', 'DAGS_FOLDER/get_stocks.py', '--cfg-path', '/tmp/tmpdl36m_12', '--error-file', '/tmp/tmpss3od46t']
[2024-09-16 00:07:37,681] {standard_task_runner.py:80} INFO - Job 1286: Subtask BRONZE_STONCKS_TSLA
[2024-09-16 00:07:37,898] {task_command.py:370} INFO - Running <TaskInstance: BRONZER_GET_STONCKS.BRONZE_STONCKS_TSLA scheduled__2024-09-03T00:00:00+00:00 [running]> on host kaiwang.
[2024-09-16 00:07:38,042] {taskinstance.py:1569} INFO - Exporting the following env vars:
AIRFLOW_CTX_DAG_OWNER=airflow
AIRFLOW_CTX_DAG_ID=BRONZER_GET_STONCKS
AIRFLOW_CTX_TASK_ID=BRONZE_STONCKS_TSLA
AIRFLOW_CTX_EXECUTION_DATE=2024-09-03T00:00:00+00:00
AIRFLOW_CTX_TRY_NUMBER=1
AIRFLOW_CTX_DAG_RUN_ID=scheduled__2024-09-03T00:00:00+00:00
[2024-09-16 00:07:38,766] {history.py:244} ERROR - $TSLA: possibly delisted; no price data found  (1h 2024-08-31 -> 2024-09-03)
[2024-09-16 00:07:38,770] {python.py:173} INFO - Done. Returned value was: None
[2024-09-16 00:07:38,796] {taskinstance.py:1395} INFO - Marking task as SUCCESS. dag_id=BRONZER_GET_STONCKS, task_id=BRONZE_STONCKS_TSLA, execution_date=20240903T000000, start_date=20240916T030737, end_date=20240916T030738
[2024-09-16 00:07:38,832] {local_task_job.py:156} INFO - Task exited with return code 0
[2024-09-16 00:07:38,880] {local_task_job.py:273} INFO - 0 downstream tasks scheduled from follow-on schedule check
[2024-09-16 13:56:35,057] {taskinstance.py:1159} INFO - Dependencies all met for <TaskInstance: BRONZER_GET_STONCKS.BRONZE_STONCKS_TSLA scheduled__2024-09-03T00:00:00+00:00 [queued]>
[2024-09-16 13:56:35,078] {taskinstance.py:1159} INFO - Dependencies all met for <TaskInstance: BRONZER_GET_STONCKS.BRONZE_STONCKS_TSLA scheduled__2024-09-03T00:00:00+00:00 [queued]>
[2024-09-16 13:56:35,078] {taskinstance.py:1356} INFO - 
--------------------------------------------------------------------------------
[2024-09-16 13:56:35,078] {taskinstance.py:1357} INFO - Starting attempt 1 of 1
[2024-09-16 13:56:35,078] {taskinstance.py:1358} INFO - 
--------------------------------------------------------------------------------
[2024-09-16 13:56:35,101] {taskinstance.py:1377} INFO - Executing <Task(_PythonDecoratedOperator): BRONZE_STONCKS_TSLA> on 2024-09-03 00:00:00+00:00
[2024-09-16 13:56:35,109] {standard_task_runner.py:52} INFO - Started process 139738 to run task
[2024-09-16 13:56:35,121] {standard_task_runner.py:79} INFO - Running: ['airflow', 'tasks', 'run', 'BRONZER_GET_STONCKS', 'BRONZE_STONCKS_TSLA', 'scheduled__2024-09-03T00:00:00+00:00', '--job-id', '2617', '--raw', '--subdir', 'DAGS_FOLDER/get_stocks.py', '--cfg-path', '/tmp/tmpahxhc_w5', '--error-file', '/tmp/tmpl23_f60c']
[2024-09-16 13:56:35,123] {standard_task_runner.py:80} INFO - Job 2617: Subtask BRONZE_STONCKS_TSLA
[2024-09-16 13:56:35,252] {task_command.py:370} INFO - Running <TaskInstance: BRONZER_GET_STONCKS.BRONZE_STONCKS_TSLA scheduled__2024-09-03T00:00:00+00:00 [running]> on host kaiwang.
[2024-09-16 13:56:35,504] {taskinstance.py:1569} INFO - Exporting the following env vars:
AIRFLOW_CTX_DAG_OWNER=airflow
AIRFLOW_CTX_DAG_ID=BRONZER_GET_STONCKS
AIRFLOW_CTX_TASK_ID=BRONZE_STONCKS_TSLA
AIRFLOW_CTX_EXECUTION_DATE=2024-09-03T00:00:00+00:00
AIRFLOW_CTX_TRY_NUMBER=1
AIRFLOW_CTX_DAG_RUN_ID=scheduled__2024-09-03T00:00:00+00:00
[2024-09-16 13:56:36,030] {history.py:244} ERROR - $TSLA: possibly delisted; no price data found  (1h 2024-08-31 -> 2024-09-03)
[2024-09-16 13:56:36,032] {python.py:173} INFO - Done. Returned value was: None
[2024-09-16 13:56:36,049] {taskinstance.py:1395} INFO - Marking task as SUCCESS. dag_id=BRONZER_GET_STONCKS, task_id=BRONZE_STONCKS_TSLA, execution_date=20240903T000000, start_date=20240916T165635, end_date=20240916T165636
[2024-09-16 13:56:36,091] {local_task_job.py:156} INFO - Task exited with return code 0
[2024-09-16 13:56:36,131] {local_task_job.py:273} INFO - 0 downstream tasks scheduled from follow-on schedule check
