[2024-09-15 19:02:10,073] {processor.py:153} INFO - Started process (PID=9991) to work on /home/kaiwang/Documents/airflow_celeby/venv/lib/python3.10/site-packages/airflow/example_dags/example_branch_operator.py
[2024-09-15 19:02:10,073] {processor.py:641} INFO - Processing file /home/kaiwang/Documents/airflow_celeby/venv/lib/python3.10/site-packages/airflow/example_dags/example_branch_operator.py for tasks to queue
[2024-09-15 19:02:10,073] {logging_mixin.py:115} INFO - [2024-09-15 19:02:10,073] {dagbag.py:507} INFO - Filling up the DagBag from /home/kaiwang/Documents/airflow_celeby/venv/lib/python3.10/site-packages/airflow/example_dags/example_branch_operator.py
[2024-09-15 19:02:10,082] {processor.py:651} INFO - DAG(s) dict_keys(['example_branch_operator']) retrieved from /home/kaiwang/Documents/airflow_celeby/venv/lib/python3.10/site-packages/airflow/example_dags/example_branch_operator.py
[2024-09-15 19:02:10,135] {logging_mixin.py:115} INFO - [2024-09-15 19:02:10,134] {manager.py:508} INFO - Created Permission View: can edit on DAG:example_branch_operator
[2024-09-15 19:02:10,145] {logging_mixin.py:115} INFO - [2024-09-15 19:02:10,145] {manager.py:508} INFO - Created Permission View: can read on DAG:example_branch_operator
[2024-09-15 19:02:10,151] {logging_mixin.py:115} INFO - [2024-09-15 19:02:10,151] {manager.py:508} INFO - Created Permission View: can delete on DAG:example_branch_operator
[2024-09-15 19:02:10,152] {logging_mixin.py:115} INFO - [2024-09-15 19:02:10,151] {dag.py:2379} INFO - Sync 1 DAGs
[2024-09-15 19:02:10,156] {logging_mixin.py:115} INFO - [2024-09-15 19:02:10,156] {dag.py:2398} INFO - Creating ORM DAG for example_branch_operator
[2024-09-15 19:02:10,163] {logging_mixin.py:115} INFO - [2024-09-15 19:02:10,163] {dag.py:2927} INFO - Setting next_dagrun for example_branch_operator to 2024-09-14T00:00:00+00:00, run_after=2024-09-15T00:00:00+00:00
[2024-09-15 19:02:10,175] {processor.py:161} INFO - Processing /home/kaiwang/Documents/airflow_celeby/venv/lib/python3.10/site-packages/airflow/example_dags/example_branch_operator.py took 0.105 seconds
[2024-09-15 19:02:45,178] {processor.py:153} INFO - Started process (PID=10031) to work on /home/kaiwang/Documents/airflow_celeby/venv/lib/python3.10/site-packages/airflow/example_dags/example_branch_operator.py
[2024-09-15 19:02:45,180] {processor.py:641} INFO - Processing file /home/kaiwang/Documents/airflow_celeby/venv/lib/python3.10/site-packages/airflow/example_dags/example_branch_operator.py for tasks to queue
[2024-09-15 19:02:45,180] {logging_mixin.py:115} INFO - [2024-09-15 19:02:45,180] {dagbag.py:507} INFO - Filling up the DagBag from /home/kaiwang/Documents/airflow_celeby/venv/lib/python3.10/site-packages/airflow/example_dags/example_branch_operator.py
[2024-09-15 19:02:45,190] {processor.py:651} INFO - DAG(s) dict_keys(['example_branch_operator']) retrieved from /home/kaiwang/Documents/airflow_celeby/venv/lib/python3.10/site-packages/airflow/example_dags/example_branch_operator.py
[2024-09-15 19:02:45,206] {logging_mixin.py:115} INFO - [2024-09-15 19:02:45,206] {dag.py:2379} INFO - Sync 1 DAGs
[2024-09-15 19:02:45,225] {logging_mixin.py:115} INFO - [2024-09-15 19:02:45,225] {dag.py:2927} INFO - Setting next_dagrun for example_branch_operator to 2024-09-14T00:00:00+00:00, run_after=2024-09-15T00:00:00+00:00
[2024-09-15 19:02:45,244] {processor.py:161} INFO - Processing /home/kaiwang/Documents/airflow_celeby/venv/lib/python3.10/site-packages/airflow/example_dags/example_branch_operator.py took 0.068 seconds
[2024-09-15 19:03:18,268] {processor.py:153} INFO - Started process (PID=10074) to work on /home/kaiwang/Documents/airflow_celeby/venv/lib/python3.10/site-packages/airflow/example_dags/example_branch_operator.py
[2024-09-15 19:03:18,270] {processor.py:641} INFO - Processing file /home/kaiwang/Documents/airflow_celeby/venv/lib/python3.10/site-packages/airflow/example_dags/example_branch_operator.py for tasks to queue
[2024-09-15 19:03:18,271] {logging_mixin.py:115} INFO - [2024-09-15 19:03:18,271] {dagbag.py:507} INFO - Filling up the DagBag from /home/kaiwang/Documents/airflow_celeby/venv/lib/python3.10/site-packages/airflow/example_dags/example_branch_operator.py
[2024-09-15 19:03:18,286] {processor.py:651} INFO - DAG(s) dict_keys(['example_branch_operator']) retrieved from /home/kaiwang/Documents/airflow_celeby/venv/lib/python3.10/site-packages/airflow/example_dags/example_branch_operator.py
[2024-09-15 19:03:18,303] {logging_mixin.py:115} INFO - [2024-09-15 19:03:18,303] {dag.py:2379} INFO - Sync 1 DAGs
[2024-09-15 19:03:18,318] {logging_mixin.py:115} INFO - [2024-09-15 19:03:18,318] {dag.py:2927} INFO - Setting next_dagrun for example_branch_operator to 2024-09-14T00:00:00+00:00, run_after=2024-09-15T00:00:00+00:00
[2024-09-15 19:03:18,332] {processor.py:161} INFO - Processing /home/kaiwang/Documents/airflow_celeby/venv/lib/python3.10/site-packages/airflow/example_dags/example_branch_operator.py took 0.068 seconds
[2024-09-15 19:03:51,959] {processor.py:153} INFO - Started process (PID=10133) to work on /home/kaiwang/Documents/airflow_celeby/venv/lib/python3.10/site-packages/airflow/example_dags/example_branch_operator.py
[2024-09-15 19:03:51,961] {processor.py:641} INFO - Processing file /home/kaiwang/Documents/airflow_celeby/venv/lib/python3.10/site-packages/airflow/example_dags/example_branch_operator.py for tasks to queue
[2024-09-15 19:03:51,961] {logging_mixin.py:115} INFO - [2024-09-15 19:03:51,961] {dagbag.py:507} INFO - Filling up the DagBag from /home/kaiwang/Documents/airflow_celeby/venv/lib/python3.10/site-packages/airflow/example_dags/example_branch_operator.py
[2024-09-15 19:03:51,969] {processor.py:651} INFO - DAG(s) dict_keys(['example_branch_operator']) retrieved from /home/kaiwang/Documents/airflow_celeby/venv/lib/python3.10/site-packages/airflow/example_dags/example_branch_operator.py
[2024-09-15 19:03:51,982] {logging_mixin.py:115} INFO - [2024-09-15 19:03:51,982] {dag.py:2379} INFO - Sync 1 DAGs
[2024-09-15 19:03:51,994] {logging_mixin.py:115} INFO - [2024-09-15 19:03:51,994] {dag.py:2927} INFO - Setting next_dagrun for example_branch_operator to 2024-09-14T00:00:00+00:00, run_after=2024-09-15T00:00:00+00:00
[2024-09-15 19:03:52,008] {processor.py:161} INFO - Processing /home/kaiwang/Documents/airflow_celeby/venv/lib/python3.10/site-packages/airflow/example_dags/example_branch_operator.py took 0.051 seconds
