[2024-09-15 19:02:27,783] {processor.py:153} INFO - Started process (PID=10012) to work on /home/kaiwang/Documents/airflow_celeby/venv/lib/python3.10/site-packages/airflow/example_dags/example_branch_labels.py
[2024-09-15 19:02:27,783] {processor.py:641} INFO - Processing file /home/kaiwang/Documents/airflow_celeby/venv/lib/python3.10/site-packages/airflow/example_dags/example_branch_labels.py for tasks to queue
[2024-09-15 19:02:27,783] {logging_mixin.py:115} INFO - [2024-09-15 19:02:27,783] {dagbag.py:507} INFO - Filling up the DagBag from /home/kaiwang/Documents/airflow_celeby/venv/lib/python3.10/site-packages/airflow/example_dags/example_branch_labels.py
[2024-09-15 19:02:27,788] {processor.py:651} INFO - DAG(s) dict_keys(['example_branch_labels']) retrieved from /home/kaiwang/Documents/airflow_celeby/venv/lib/python3.10/site-packages/airflow/example_dags/example_branch_labels.py
[2024-09-15 19:02:27,839] {logging_mixin.py:115} INFO - [2024-09-15 19:02:27,839] {manager.py:508} INFO - Created Permission View: can edit on DAG:example_branch_labels
[2024-09-15 19:02:27,847] {logging_mixin.py:115} INFO - [2024-09-15 19:02:27,847] {manager.py:508} INFO - Created Permission View: can read on DAG:example_branch_labels
[2024-09-15 19:02:27,854] {logging_mixin.py:115} INFO - [2024-09-15 19:02:27,854] {manager.py:508} INFO - Created Permission View: can delete on DAG:example_branch_labels
[2024-09-15 19:02:27,854] {logging_mixin.py:115} INFO - [2024-09-15 19:02:27,854] {dag.py:2379} INFO - Sync 1 DAGs
[2024-09-15 19:02:27,859] {logging_mixin.py:115} INFO - [2024-09-15 19:02:27,859] {dag.py:2398} INFO - Creating ORM DAG for example_branch_labels
[2024-09-15 19:02:27,865] {logging_mixin.py:115} INFO - [2024-09-15 19:02:27,865] {dag.py:2927} INFO - Setting next_dagrun for example_branch_labels to 2024-09-14T00:00:00+00:00, run_after=2024-09-15T00:00:00+00:00
[2024-09-15 19:02:27,877] {processor.py:161} INFO - Processing /home/kaiwang/Documents/airflow_celeby/venv/lib/python3.10/site-packages/airflow/example_dags/example_branch_labels.py took 0.096 seconds
[2024-09-15 19:03:01,822] {processor.py:153} INFO - Started process (PID=10051) to work on /home/kaiwang/Documents/airflow_celeby/venv/lib/python3.10/site-packages/airflow/example_dags/example_branch_labels.py
[2024-09-15 19:03:01,824] {processor.py:641} INFO - Processing file /home/kaiwang/Documents/airflow_celeby/venv/lib/python3.10/site-packages/airflow/example_dags/example_branch_labels.py for tasks to queue
[2024-09-15 19:03:01,825] {logging_mixin.py:115} INFO - [2024-09-15 19:03:01,825] {dagbag.py:507} INFO - Filling up the DagBag from /home/kaiwang/Documents/airflow_celeby/venv/lib/python3.10/site-packages/airflow/example_dags/example_branch_labels.py
[2024-09-15 19:03:01,833] {processor.py:651} INFO - DAG(s) dict_keys(['example_branch_labels']) retrieved from /home/kaiwang/Documents/airflow_celeby/venv/lib/python3.10/site-packages/airflow/example_dags/example_branch_labels.py
[2024-09-15 19:03:01,849] {logging_mixin.py:115} INFO - [2024-09-15 19:03:01,849] {dag.py:2379} INFO - Sync 1 DAGs
[2024-09-15 19:03:01,863] {logging_mixin.py:115} INFO - [2024-09-15 19:03:01,863] {dag.py:2927} INFO - Setting next_dagrun for example_branch_labels to 2024-09-14T00:00:00+00:00, run_after=2024-09-15T00:00:00+00:00
[2024-09-15 19:03:01,877] {processor.py:161} INFO - Processing /home/kaiwang/Documents/airflow_celeby/venv/lib/python3.10/site-packages/airflow/example_dags/example_branch_labels.py took 0.062 seconds
[2024-09-15 19:03:36,597] {processor.py:153} INFO - Started process (PID=10104) to work on /home/kaiwang/Documents/airflow_celeby/venv/lib/python3.10/site-packages/airflow/example_dags/example_branch_labels.py
[2024-09-15 19:03:36,599] {processor.py:641} INFO - Processing file /home/kaiwang/Documents/airflow_celeby/venv/lib/python3.10/site-packages/airflow/example_dags/example_branch_labels.py for tasks to queue
[2024-09-15 19:03:36,600] {logging_mixin.py:115} INFO - [2024-09-15 19:03:36,600] {dagbag.py:507} INFO - Filling up the DagBag from /home/kaiwang/Documents/airflow_celeby/venv/lib/python3.10/site-packages/airflow/example_dags/example_branch_labels.py
[2024-09-15 19:03:36,611] {processor.py:651} INFO - DAG(s) dict_keys(['example_branch_labels']) retrieved from /home/kaiwang/Documents/airflow_celeby/venv/lib/python3.10/site-packages/airflow/example_dags/example_branch_labels.py
[2024-09-15 19:03:36,629] {logging_mixin.py:115} INFO - [2024-09-15 19:03:36,629] {dag.py:2379} INFO - Sync 1 DAGs
[2024-09-15 19:03:36,643] {logging_mixin.py:115} INFO - [2024-09-15 19:03:36,643] {dag.py:2927} INFO - Setting next_dagrun for example_branch_labels to 2024-09-14T00:00:00+00:00, run_after=2024-09-15T00:00:00+00:00
[2024-09-15 19:03:36,655] {processor.py:161} INFO - Processing /home/kaiwang/Documents/airflow_celeby/venv/lib/python3.10/site-packages/airflow/example_dags/example_branch_labels.py took 0.067 seconds
