[2024-09-15 19:02:07,592] {processor.py:153} INFO - Started process (PID=9989) to work on /home/kaiwang/Documents/airflow_celeby/venv/lib/python3.10/site-packages/airflow/example_dags/example_skip_dag.py
[2024-09-15 19:02:07,593] {processor.py:641} INFO - Processing file /home/kaiwang/Documents/airflow_celeby/venv/lib/python3.10/site-packages/airflow/example_dags/example_skip_dag.py for tasks to queue
[2024-09-15 19:02:07,594] {logging_mixin.py:115} INFO - [2024-09-15 19:02:07,594] {dagbag.py:507} INFO - Filling up the DagBag from /home/kaiwang/Documents/airflow_celeby/venv/lib/python3.10/site-packages/airflow/example_dags/example_skip_dag.py
[2024-09-15 19:02:07,602] {processor.py:651} INFO - DAG(s) dict_keys(['example_skip_dag']) retrieved from /home/kaiwang/Documents/airflow_celeby/venv/lib/python3.10/site-packages/airflow/example_dags/example_skip_dag.py
[2024-09-15 19:02:07,661] {logging_mixin.py:115} INFO - [2024-09-15 19:02:07,661] {manager.py:508} INFO - Created Permission View: can edit on DAG:example_skip_dag
[2024-09-15 19:02:07,669] {logging_mixin.py:115} INFO - [2024-09-15 19:02:07,669] {manager.py:508} INFO - Created Permission View: can read on DAG:example_skip_dag
[2024-09-15 19:02:07,677] {logging_mixin.py:115} INFO - [2024-09-15 19:02:07,677] {manager.py:508} INFO - Created Permission View: can delete on DAG:example_skip_dag
[2024-09-15 19:02:07,677] {logging_mixin.py:115} INFO - [2024-09-15 19:02:07,677] {dag.py:2379} INFO - Sync 1 DAGs
[2024-09-15 19:02:07,682] {logging_mixin.py:115} INFO - [2024-09-15 19:02:07,682] {dag.py:2398} INFO - Creating ORM DAG for example_skip_dag
[2024-09-15 19:02:07,692] {logging_mixin.py:115} INFO - [2024-09-15 19:02:07,692] {dag.py:2927} INFO - Setting next_dagrun for example_skip_dag to 2024-09-14T22:02:07.691959+00:00, run_after=2024-09-15T22:02:07.691959+00:00
[2024-09-15 19:02:07,705] {processor.py:161} INFO - Processing /home/kaiwang/Documents/airflow_celeby/venv/lib/python3.10/site-packages/airflow/example_dags/example_skip_dag.py took 0.120 seconds
[2024-09-15 19:02:42,914] {processor.py:153} INFO - Started process (PID=10029) to work on /home/kaiwang/Documents/airflow_celeby/venv/lib/python3.10/site-packages/airflow/example_dags/example_skip_dag.py
[2024-09-15 19:02:42,916] {processor.py:641} INFO - Processing file /home/kaiwang/Documents/airflow_celeby/venv/lib/python3.10/site-packages/airflow/example_dags/example_skip_dag.py for tasks to queue
[2024-09-15 19:02:42,916] {logging_mixin.py:115} INFO - [2024-09-15 19:02:42,916] {dagbag.py:507} INFO - Filling up the DagBag from /home/kaiwang/Documents/airflow_celeby/venv/lib/python3.10/site-packages/airflow/example_dags/example_skip_dag.py
[2024-09-15 19:02:42,920] {processor.py:651} INFO - DAG(s) dict_keys(['example_skip_dag']) retrieved from /home/kaiwang/Documents/airflow_celeby/venv/lib/python3.10/site-packages/airflow/example_dags/example_skip_dag.py
[2024-09-15 19:02:42,932] {logging_mixin.py:115} INFO - [2024-09-15 19:02:42,932] {dag.py:2379} INFO - Sync 1 DAGs
[2024-09-15 19:02:42,945] {logging_mixin.py:115} INFO - [2024-09-15 19:02:42,945] {dag.py:2927} INFO - Setting next_dagrun for example_skip_dag to 2024-09-14T22:02:42.944964+00:00, run_after=2024-09-15T22:02:42.944964+00:00
[2024-09-15 19:02:42,957] {processor.py:161} INFO - Processing /home/kaiwang/Documents/airflow_celeby/venv/lib/python3.10/site-packages/airflow/example_dags/example_skip_dag.py took 0.045 seconds
[2024-09-15 19:03:16,002] {processor.py:153} INFO - Started process (PID=10072) to work on /home/kaiwang/Documents/airflow_celeby/venv/lib/python3.10/site-packages/airflow/example_dags/example_skip_dag.py
[2024-09-15 19:03:16,003] {processor.py:641} INFO - Processing file /home/kaiwang/Documents/airflow_celeby/venv/lib/python3.10/site-packages/airflow/example_dags/example_skip_dag.py for tasks to queue
[2024-09-15 19:03:16,004] {logging_mixin.py:115} INFO - [2024-09-15 19:03:16,004] {dagbag.py:507} INFO - Filling up the DagBag from /home/kaiwang/Documents/airflow_celeby/venv/lib/python3.10/site-packages/airflow/example_dags/example_skip_dag.py
[2024-09-15 19:03:16,008] {processor.py:651} INFO - DAG(s) dict_keys(['example_skip_dag']) retrieved from /home/kaiwang/Documents/airflow_celeby/venv/lib/python3.10/site-packages/airflow/example_dags/example_skip_dag.py
[2024-09-15 19:03:16,021] {logging_mixin.py:115} INFO - [2024-09-15 19:03:16,021] {dag.py:2379} INFO - Sync 1 DAGs
[2024-09-15 19:03:16,034] {logging_mixin.py:115} INFO - [2024-09-15 19:03:16,034] {dag.py:2927} INFO - Setting next_dagrun for example_skip_dag to 2024-09-14T22:03:16.033769+00:00, run_after=2024-09-15T22:03:16.033769+00:00
[2024-09-15 19:03:16,046] {processor.py:161} INFO - Processing /home/kaiwang/Documents/airflow_celeby/venv/lib/python3.10/site-packages/airflow/example_dags/example_skip_dag.py took 0.046 seconds
[2024-09-15 19:03:49,814] {processor.py:153} INFO - Started process (PID=10131) to work on /home/kaiwang/Documents/airflow_celeby/venv/lib/python3.10/site-packages/airflow/example_dags/example_skip_dag.py
[2024-09-15 19:03:49,816] {processor.py:641} INFO - Processing file /home/kaiwang/Documents/airflow_celeby/venv/lib/python3.10/site-packages/airflow/example_dags/example_skip_dag.py for tasks to queue
[2024-09-15 19:03:49,817] {logging_mixin.py:115} INFO - [2024-09-15 19:03:49,816] {dagbag.py:507} INFO - Filling up the DagBag from /home/kaiwang/Documents/airflow_celeby/venv/lib/python3.10/site-packages/airflow/example_dags/example_skip_dag.py
[2024-09-15 19:03:49,825] {processor.py:651} INFO - DAG(s) dict_keys(['example_skip_dag']) retrieved from /home/kaiwang/Documents/airflow_celeby/venv/lib/python3.10/site-packages/airflow/example_dags/example_skip_dag.py
[2024-09-15 19:03:49,842] {logging_mixin.py:115} INFO - [2024-09-15 19:03:49,842] {dag.py:2379} INFO - Sync 1 DAGs
[2024-09-15 19:03:49,855] {logging_mixin.py:115} INFO - [2024-09-15 19:03:49,854] {dag.py:2927} INFO - Setting next_dagrun for example_skip_dag to 2024-09-14T22:03:49.854750+00:00, run_after=2024-09-15T22:03:49.854750+00:00
[2024-09-15 19:03:49,867] {processor.py:161} INFO - Processing /home/kaiwang/Documents/airflow_celeby/venv/lib/python3.10/site-packages/airflow/example_dags/example_skip_dag.py took 0.061 seconds
