[2024-09-15 19:02:15,313] {processor.py:153} INFO - Started process (PID=9996) to work on /home/kaiwang/Documents/airflow_celeby/venv/lib/python3.10/site-packages/airflow/example_dags/example_kubernetes_executor.py
[2024-09-15 19:02:15,314] {processor.py:641} INFO - Processing file /home/kaiwang/Documents/airflow_celeby/venv/lib/python3.10/site-packages/airflow/example_dags/example_kubernetes_executor.py for tasks to queue
[2024-09-15 19:02:15,315] {logging_mixin.py:115} INFO - [2024-09-15 19:02:15,315] {dagbag.py:507} INFO - Filling up the DagBag from /home/kaiwang/Documents/airflow_celeby/venv/lib/python3.10/site-packages/airflow/example_dags/example_kubernetes_executor.py
[2024-09-15 19:02:15,342] {logging_mixin.py:115} INFO - [2024-09-15 19:02:15,342] {example_kubernetes_executor.py:39} WARNING - The example_kubernetes_executor example DAG requires the kubernetes provider. Please install it with: pip install apache-airflow[cncf.kubernetes]
[2024-09-15 19:02:15,342] {processor.py:653} WARNING - No viable dags retrieved from /home/kaiwang/Documents/airflow_celeby/venv/lib/python3.10/site-packages/airflow/example_dags/example_kubernetes_executor.py
[2024-09-15 19:02:15,354] {processor.py:161} INFO - Processing /home/kaiwang/Documents/airflow_celeby/venv/lib/python3.10/site-packages/airflow/example_dags/example_kubernetes_executor.py took 0.051 seconds
[2024-09-15 19:02:50,308] {processor.py:153} INFO - Started process (PID=10036) to work on /home/kaiwang/Documents/airflow_celeby/venv/lib/python3.10/site-packages/airflow/example_dags/example_kubernetes_executor.py
[2024-09-15 19:02:50,309] {processor.py:641} INFO - Processing file /home/kaiwang/Documents/airflow_celeby/venv/lib/python3.10/site-packages/airflow/example_dags/example_kubernetes_executor.py for tasks to queue
[2024-09-15 19:02:50,309] {logging_mixin.py:115} INFO - [2024-09-15 19:02:50,309] {dagbag.py:507} INFO - Filling up the DagBag from /home/kaiwang/Documents/airflow_celeby/venv/lib/python3.10/site-packages/airflow/example_dags/example_kubernetes_executor.py
[2024-09-15 19:02:50,321] {logging_mixin.py:115} INFO - [2024-09-15 19:02:50,321] {example_kubernetes_executor.py:39} WARNING - The example_kubernetes_executor example DAG requires the kubernetes provider. Please install it with: pip install apache-airflow[cncf.kubernetes]
[2024-09-15 19:02:50,321] {processor.py:653} WARNING - No viable dags retrieved from /home/kaiwang/Documents/airflow_celeby/venv/lib/python3.10/site-packages/airflow/example_dags/example_kubernetes_executor.py
[2024-09-15 19:02:50,330] {processor.py:161} INFO - Processing /home/kaiwang/Documents/airflow_celeby/venv/lib/python3.10/site-packages/airflow/example_dags/example_kubernetes_executor.py took 0.024 seconds
[2024-09-15 19:03:23,406] {processor.py:153} INFO - Started process (PID=10080) to work on /home/kaiwang/Documents/airflow_celeby/venv/lib/python3.10/site-packages/airflow/example_dags/example_kubernetes_executor.py
[2024-09-15 19:03:23,409] {processor.py:641} INFO - Processing file /home/kaiwang/Documents/airflow_celeby/venv/lib/python3.10/site-packages/airflow/example_dags/example_kubernetes_executor.py for tasks to queue
[2024-09-15 19:03:23,409] {logging_mixin.py:115} INFO - [2024-09-15 19:03:23,409] {dagbag.py:507} INFO - Filling up the DagBag from /home/kaiwang/Documents/airflow_celeby/venv/lib/python3.10/site-packages/airflow/example_dags/example_kubernetes_executor.py
[2024-09-15 19:03:23,425] {logging_mixin.py:115} INFO - [2024-09-15 19:03:23,425] {example_kubernetes_executor.py:39} WARNING - The example_kubernetes_executor example DAG requires the kubernetes provider. Please install it with: pip install apache-airflow[cncf.kubernetes]
[2024-09-15 19:03:23,425] {processor.py:653} WARNING - No viable dags retrieved from /home/kaiwang/Documents/airflow_celeby/venv/lib/python3.10/site-packages/airflow/example_dags/example_kubernetes_executor.py
[2024-09-15 19:03:23,434] {processor.py:161} INFO - Processing /home/kaiwang/Documents/airflow_celeby/venv/lib/python3.10/site-packages/airflow/example_dags/example_kubernetes_executor.py took 0.033 seconds
[2024-09-15 19:03:57,102] {processor.py:153} INFO - Started process (PID=10144) to work on /home/kaiwang/Documents/airflow_celeby/venv/lib/python3.10/site-packages/airflow/example_dags/example_kubernetes_executor.py
[2024-09-15 19:03:57,103] {processor.py:641} INFO - Processing file /home/kaiwang/Documents/airflow_celeby/venv/lib/python3.10/site-packages/airflow/example_dags/example_kubernetes_executor.py for tasks to queue
[2024-09-15 19:03:57,103] {logging_mixin.py:115} INFO - [2024-09-15 19:03:57,103] {dagbag.py:507} INFO - Filling up the DagBag from /home/kaiwang/Documents/airflow_celeby/venv/lib/python3.10/site-packages/airflow/example_dags/example_kubernetes_executor.py
[2024-09-15 19:03:57,115] {logging_mixin.py:115} INFO - [2024-09-15 19:03:57,115] {example_kubernetes_executor.py:39} WARNING - The example_kubernetes_executor example DAG requires the kubernetes provider. Please install it with: pip install apache-airflow[cncf.kubernetes]
[2024-09-15 19:03:57,116] {processor.py:653} WARNING - No viable dags retrieved from /home/kaiwang/Documents/airflow_celeby/venv/lib/python3.10/site-packages/airflow/example_dags/example_kubernetes_executor.py
[2024-09-15 19:03:57,124] {processor.py:161} INFO - Processing /home/kaiwang/Documents/airflow_celeby/venv/lib/python3.10/site-packages/airflow/example_dags/example_kubernetes_executor.py took 0.025 seconds
