[2024-09-15 19:02:23,321] {processor.py:153} INFO - Started process (PID=10008) to work on /home/kaiwang/Documents/airflow_celeby/venv/lib/python3.10/site-packages/airflow/example_dags/example_branch_datetime_operator.py
[2024-09-15 19:02:23,321] {processor.py:641} INFO - Processing file /home/kaiwang/Documents/airflow_celeby/venv/lib/python3.10/site-packages/airflow/example_dags/example_branch_datetime_operator.py for tasks to queue
[2024-09-15 19:02:23,322] {logging_mixin.py:115} INFO - [2024-09-15 19:02:23,321] {dagbag.py:507} INFO - Filling up the DagBag from /home/kaiwang/Documents/airflow_celeby/venv/lib/python3.10/site-packages/airflow/example_dags/example_branch_datetime_operator.py
[2024-09-15 19:02:23,327] {processor.py:651} INFO - DAG(s) dict_keys(['example_branch_datetime_operator_2']) retrieved from /home/kaiwang/Documents/airflow_celeby/venv/lib/python3.10/site-packages/airflow/example_dags/example_branch_datetime_operator.py
[2024-09-15 19:02:23,376] {logging_mixin.py:115} INFO - [2024-09-15 19:02:23,376] {manager.py:508} INFO - Created Permission View: can edit on DAG:example_branch_datetime_operator_2
[2024-09-15 19:02:23,385] {logging_mixin.py:115} INFO - [2024-09-15 19:02:23,385] {manager.py:508} INFO - Created Permission View: can read on DAG:example_branch_datetime_operator_2
[2024-09-15 19:02:23,392] {logging_mixin.py:115} INFO - [2024-09-15 19:02:23,392] {manager.py:508} INFO - Created Permission View: can delete on DAG:example_branch_datetime_operator_2
[2024-09-15 19:02:23,392] {logging_mixin.py:115} INFO - [2024-09-15 19:02:23,392] {dag.py:2379} INFO - Sync 1 DAGs
[2024-09-15 19:02:23,397] {logging_mixin.py:115} INFO - [2024-09-15 19:02:23,397] {dag.py:2398} INFO - Creating ORM DAG for example_branch_datetime_operator_2
[2024-09-15 19:02:23,404] {logging_mixin.py:115} INFO - [2024-09-15 19:02:23,404] {dag.py:2927} INFO - Setting next_dagrun for example_branch_datetime_operator_2 to 2024-09-14T00:00:00+00:00, run_after=2024-09-15T00:00:00+00:00
[2024-09-15 19:02:23,419] {processor.py:161} INFO - Processing /home/kaiwang/Documents/airflow_celeby/venv/lib/python3.10/site-packages/airflow/example_dags/example_branch_datetime_operator.py took 0.100 seconds
[2024-09-15 19:02:58,052] {processor.py:153} INFO - Started process (PID=10044) to work on /home/kaiwang/Documents/airflow_celeby/venv/lib/python3.10/site-packages/airflow/example_dags/example_branch_datetime_operator.py
[2024-09-15 19:02:58,054] {processor.py:641} INFO - Processing file /home/kaiwang/Documents/airflow_celeby/venv/lib/python3.10/site-packages/airflow/example_dags/example_branch_datetime_operator.py for tasks to queue
[2024-09-15 19:02:58,055] {logging_mixin.py:115} INFO - [2024-09-15 19:02:58,055] {dagbag.py:507} INFO - Filling up the DagBag from /home/kaiwang/Documents/airflow_celeby/venv/lib/python3.10/site-packages/airflow/example_dags/example_branch_datetime_operator.py
[2024-09-15 19:02:58,066] {processor.py:651} INFO - DAG(s) dict_keys(['example_branch_datetime_operator_2']) retrieved from /home/kaiwang/Documents/airflow_celeby/venv/lib/python3.10/site-packages/airflow/example_dags/example_branch_datetime_operator.py
[2024-09-15 19:02:58,081] {logging_mixin.py:115} INFO - [2024-09-15 19:02:58,081] {dag.py:2379} INFO - Sync 1 DAGs
[2024-09-15 19:02:58,093] {logging_mixin.py:115} INFO - [2024-09-15 19:02:58,093] {dag.py:2927} INFO - Setting next_dagrun for example_branch_datetime_operator_2 to 2024-09-14T00:00:00+00:00, run_after=2024-09-15T00:00:00+00:00
[2024-09-15 19:02:58,105] {processor.py:161} INFO - Processing /home/kaiwang/Documents/airflow_celeby/venv/lib/python3.10/site-packages/airflow/example_dags/example_branch_datetime_operator.py took 0.060 seconds
[2024-09-15 19:03:30,305] {processor.py:153} INFO - Started process (PID=10088) to work on /home/kaiwang/Documents/airflow_celeby/venv/lib/python3.10/site-packages/airflow/example_dags/example_branch_datetime_operator.py
[2024-09-15 19:03:30,306] {processor.py:641} INFO - Processing file /home/kaiwang/Documents/airflow_celeby/venv/lib/python3.10/site-packages/airflow/example_dags/example_branch_datetime_operator.py for tasks to queue
[2024-09-15 19:03:30,307] {logging_mixin.py:115} INFO - [2024-09-15 19:03:30,307] {dagbag.py:507} INFO - Filling up the DagBag from /home/kaiwang/Documents/airflow_celeby/venv/lib/python3.10/site-packages/airflow/example_dags/example_branch_datetime_operator.py
[2024-09-15 19:03:30,313] {processor.py:651} INFO - DAG(s) dict_keys(['example_branch_datetime_operator_2']) retrieved from /home/kaiwang/Documents/airflow_celeby/venv/lib/python3.10/site-packages/airflow/example_dags/example_branch_datetime_operator.py
[2024-09-15 19:03:30,326] {logging_mixin.py:115} INFO - [2024-09-15 19:03:30,326] {dag.py:2379} INFO - Sync 1 DAGs
[2024-09-15 19:03:30,339] {logging_mixin.py:115} INFO - [2024-09-15 19:03:30,339] {dag.py:2927} INFO - Setting next_dagrun for example_branch_datetime_operator_2 to 2024-09-14T00:00:00+00:00, run_after=2024-09-15T00:00:00+00:00
[2024-09-15 19:03:30,351] {processor.py:161} INFO - Processing /home/kaiwang/Documents/airflow_celeby/venv/lib/python3.10/site-packages/airflow/example_dags/example_branch_datetime_operator.py took 0.049 seconds
