[2024-09-15 19:02:12,825] {processor.py:153} INFO - Started process (PID=9994) to work on /home/kaiwang/Documents/airflow_celeby/venv/lib/python3.10/site-packages/airflow/example_dags/example_external_task_marker_dag.py
[2024-09-15 19:02:12,826] {processor.py:641} INFO - Processing file /home/kaiwang/Documents/airflow_celeby/venv/lib/python3.10/site-packages/airflow/example_dags/example_external_task_marker_dag.py for tasks to queue
[2024-09-15 19:02:12,826] {logging_mixin.py:115} INFO - [2024-09-15 19:02:12,826] {dagbag.py:507} INFO - Filling up the DagBag from /home/kaiwang/Documents/airflow_celeby/venv/lib/python3.10/site-packages/airflow/example_dags/example_external_task_marker_dag.py
[2024-09-15 19:02:12,829] {processor.py:651} INFO - DAG(s) dict_keys(['example_external_task_marker_parent', 'example_external_task_marker_child']) retrieved from /home/kaiwang/Documents/airflow_celeby/venv/lib/python3.10/site-packages/airflow/example_dags/example_external_task_marker_dag.py
[2024-09-15 19:02:12,877] {logging_mixin.py:115} INFO - [2024-09-15 19:02:12,877] {manager.py:508} INFO - Created Permission View: can edit on DAG:example_external_task_marker_parent
[2024-09-15 19:02:12,886] {logging_mixin.py:115} INFO - [2024-09-15 19:02:12,885] {manager.py:508} INFO - Created Permission View: can read on DAG:example_external_task_marker_parent
[2024-09-15 19:02:12,892] {logging_mixin.py:115} INFO - [2024-09-15 19:02:12,892] {manager.py:508} INFO - Created Permission View: can delete on DAG:example_external_task_marker_parent
[2024-09-15 19:02:12,914] {logging_mixin.py:115} INFO - [2024-09-15 19:02:12,914] {manager.py:508} INFO - Created Permission View: can edit on DAG:example_external_task_marker_child
[2024-09-15 19:02:12,921] {logging_mixin.py:115} INFO - [2024-09-15 19:02:12,921] {manager.py:508} INFO - Created Permission View: can read on DAG:example_external_task_marker_child
[2024-09-15 19:02:12,928] {logging_mixin.py:115} INFO - [2024-09-15 19:02:12,927] {manager.py:508} INFO - Created Permission View: can delete on DAG:example_external_task_marker_child
[2024-09-15 19:02:12,928] {logging_mixin.py:115} INFO - [2024-09-15 19:02:12,928] {dag.py:2379} INFO - Sync 2 DAGs
[2024-09-15 19:02:12,933] {logging_mixin.py:115} INFO - [2024-09-15 19:02:12,932] {dag.py:2398} INFO - Creating ORM DAG for example_external_task_marker_child
[2024-09-15 19:02:12,933] {logging_mixin.py:115} INFO - [2024-09-15 19:02:12,933] {dag.py:2398} INFO - Creating ORM DAG for example_external_task_marker_parent
[2024-09-15 19:02:12,939] {logging_mixin.py:115} INFO - [2024-09-15 19:02:12,939] {dag.py:2927} INFO - Setting next_dagrun for example_external_task_marker_child to None, run_after=None
[2024-09-15 19:02:12,939] {logging_mixin.py:115} INFO - [2024-09-15 19:02:12,939] {dag.py:2927} INFO - Setting next_dagrun for example_external_task_marker_parent to None, run_after=None
[2024-09-15 19:02:12,952] {processor.py:161} INFO - Processing /home/kaiwang/Documents/airflow_celeby/venv/lib/python3.10/site-packages/airflow/example_dags/example_external_task_marker_dag.py took 0.128 seconds
[2024-09-15 19:02:48,048] {processor.py:153} INFO - Started process (PID=10034) to work on /home/kaiwang/Documents/airflow_celeby/venv/lib/python3.10/site-packages/airflow/example_dags/example_external_task_marker_dag.py
[2024-09-15 19:02:48,049] {processor.py:641} INFO - Processing file /home/kaiwang/Documents/airflow_celeby/venv/lib/python3.10/site-packages/airflow/example_dags/example_external_task_marker_dag.py for tasks to queue
[2024-09-15 19:02:48,050] {logging_mixin.py:115} INFO - [2024-09-15 19:02:48,050] {dagbag.py:507} INFO - Filling up the DagBag from /home/kaiwang/Documents/airflow_celeby/venv/lib/python3.10/site-packages/airflow/example_dags/example_external_task_marker_dag.py
[2024-09-15 19:02:48,053] {processor.py:651} INFO - DAG(s) dict_keys(['example_external_task_marker_parent', 'example_external_task_marker_child']) retrieved from /home/kaiwang/Documents/airflow_celeby/venv/lib/python3.10/site-packages/airflow/example_dags/example_external_task_marker_dag.py
[2024-09-15 19:02:48,070] {logging_mixin.py:115} INFO - [2024-09-15 19:02:48,070] {dag.py:2379} INFO - Sync 2 DAGs
[2024-09-15 19:02:48,083] {logging_mixin.py:115} INFO - [2024-09-15 19:02:48,083] {dag.py:2927} INFO - Setting next_dagrun for example_external_task_marker_child to None, run_after=None
[2024-09-15 19:02:48,083] {logging_mixin.py:115} INFO - [2024-09-15 19:02:48,083] {dag.py:2927} INFO - Setting next_dagrun for example_external_task_marker_parent to None, run_after=None
[2024-09-15 19:02:48,094] {processor.py:161} INFO - Processing /home/kaiwang/Documents/airflow_celeby/venv/lib/python3.10/site-packages/airflow/example_dags/example_external_task_marker_dag.py took 0.047 seconds
[2024-09-15 19:03:21,141] {processor.py:153} INFO - Started process (PID=10077) to work on /home/kaiwang/Documents/airflow_celeby/venv/lib/python3.10/site-packages/airflow/example_dags/example_external_task_marker_dag.py
[2024-09-15 19:03:21,142] {processor.py:641} INFO - Processing file /home/kaiwang/Documents/airflow_celeby/venv/lib/python3.10/site-packages/airflow/example_dags/example_external_task_marker_dag.py for tasks to queue
[2024-09-15 19:03:21,143] {logging_mixin.py:115} INFO - [2024-09-15 19:03:21,143] {dagbag.py:507} INFO - Filling up the DagBag from /home/kaiwang/Documents/airflow_celeby/venv/lib/python3.10/site-packages/airflow/example_dags/example_external_task_marker_dag.py
[2024-09-15 19:03:21,147] {processor.py:651} INFO - DAG(s) dict_keys(['example_external_task_marker_parent', 'example_external_task_marker_child']) retrieved from /home/kaiwang/Documents/airflow_celeby/venv/lib/python3.10/site-packages/airflow/example_dags/example_external_task_marker_dag.py
[2024-09-15 19:03:21,167] {logging_mixin.py:115} INFO - [2024-09-15 19:03:21,167] {dag.py:2379} INFO - Sync 2 DAGs
[2024-09-15 19:03:21,179] {logging_mixin.py:115} INFO - [2024-09-15 19:03:21,179] {dag.py:2927} INFO - Setting next_dagrun for example_external_task_marker_child to None, run_after=None
[2024-09-15 19:03:21,179] {logging_mixin.py:115} INFO - [2024-09-15 19:03:21,179] {dag.py:2927} INFO - Setting next_dagrun for example_external_task_marker_parent to None, run_after=None
[2024-09-15 19:03:21,191] {processor.py:161} INFO - Processing /home/kaiwang/Documents/airflow_celeby/venv/lib/python3.10/site-packages/airflow/example_dags/example_external_task_marker_dag.py took 0.053 seconds
[2024-09-15 19:03:55,348] {processor.py:153} INFO - Started process (PID=10142) to work on /home/kaiwang/Documents/airflow_celeby/venv/lib/python3.10/site-packages/airflow/example_dags/example_external_task_marker_dag.py
[2024-09-15 19:03:55,350] {processor.py:641} INFO - Processing file /home/kaiwang/Documents/airflow_celeby/venv/lib/python3.10/site-packages/airflow/example_dags/example_external_task_marker_dag.py for tasks to queue
[2024-09-15 19:03:55,351] {logging_mixin.py:115} INFO - [2024-09-15 19:03:55,351] {dagbag.py:507} INFO - Filling up the DagBag from /home/kaiwang/Documents/airflow_celeby/venv/lib/python3.10/site-packages/airflow/example_dags/example_external_task_marker_dag.py
[2024-09-15 19:03:55,355] {processor.py:651} INFO - DAG(s) dict_keys(['example_external_task_marker_parent', 'example_external_task_marker_child']) retrieved from /home/kaiwang/Documents/airflow_celeby/venv/lib/python3.10/site-packages/airflow/example_dags/example_external_task_marker_dag.py
[2024-09-15 19:03:55,375] {logging_mixin.py:115} INFO - [2024-09-15 19:03:55,375] {dag.py:2379} INFO - Sync 2 DAGs
[2024-09-15 19:03:55,388] {logging_mixin.py:115} INFO - [2024-09-15 19:03:55,388] {dag.py:2927} INFO - Setting next_dagrun for example_external_task_marker_child to None, run_after=None
[2024-09-15 19:03:55,388] {logging_mixin.py:115} INFO - [2024-09-15 19:03:55,388] {dag.py:2927} INFO - Setting next_dagrun for example_external_task_marker_parent to None, run_after=None
[2024-09-15 19:03:55,400] {processor.py:161} INFO - Processing /home/kaiwang/Documents/airflow_celeby/venv/lib/python3.10/site-packages/airflow/example_dags/example_external_task_marker_dag.py took 0.054 seconds
