[2024-09-15 19:02:03,828] {processor.py:153} INFO - Started process (PID=9985) to work on /home/kaiwang/Documents/airflow_celeby/venv/lib/python3.10/site-packages/airflow/example_dags/tutorial.py
[2024-09-15 19:02:03,828] {processor.py:641} INFO - Processing file /home/kaiwang/Documents/airflow_celeby/venv/lib/python3.10/site-packages/airflow/example_dags/tutorial.py for tasks to queue
[2024-09-15 19:02:03,829] {logging_mixin.py:115} INFO - [2024-09-15 19:02:03,829] {dagbag.py:507} INFO - Filling up the DagBag from /home/kaiwang/Documents/airflow_celeby/venv/lib/python3.10/site-packages/airflow/example_dags/tutorial.py
[2024-09-15 19:02:03,833] {processor.py:651} INFO - DAG(s) dict_keys(['tutorial']) retrieved from /home/kaiwang/Documents/airflow_celeby/venv/lib/python3.10/site-packages/airflow/example_dags/tutorial.py
[2024-09-15 19:02:03,885] {logging_mixin.py:115} INFO - [2024-09-15 19:02:03,885] {manager.py:508} INFO - Created Permission View: can edit on DAG:tutorial
[2024-09-15 19:02:03,893] {logging_mixin.py:115} INFO - [2024-09-15 19:02:03,893] {manager.py:508} INFO - Created Permission View: can read on DAG:tutorial
[2024-09-15 19:02:03,901] {logging_mixin.py:115} INFO - [2024-09-15 19:02:03,901] {manager.py:508} INFO - Created Permission View: can delete on DAG:tutorial
[2024-09-15 19:02:03,901] {logging_mixin.py:115} INFO - [2024-09-15 19:02:03,901] {dag.py:2379} INFO - Sync 1 DAGs
[2024-09-15 19:02:03,906] {logging_mixin.py:115} INFO - [2024-09-15 19:02:03,905] {dag.py:2398} INFO - Creating ORM DAG for tutorial
[2024-09-15 19:02:03,911] {logging_mixin.py:115} INFO - [2024-09-15 19:02:03,911] {dag.py:2927} INFO - Setting next_dagrun for tutorial to 2024-09-14T22:02:03.911592+00:00, run_after=2024-09-15T22:02:03.911592+00:00
[2024-09-15 19:02:03,925] {processor.py:161} INFO - Processing /home/kaiwang/Documents/airflow_celeby/venv/lib/python3.10/site-packages/airflow/example_dags/tutorial.py took 0.099 seconds
[2024-09-15 19:02:38,942] {processor.py:153} INFO - Started process (PID=10025) to work on /home/kaiwang/Documents/airflow_celeby/venv/lib/python3.10/site-packages/airflow/example_dags/tutorial.py
[2024-09-15 19:02:38,943] {processor.py:641} INFO - Processing file /home/kaiwang/Documents/airflow_celeby/venv/lib/python3.10/site-packages/airflow/example_dags/tutorial.py for tasks to queue
[2024-09-15 19:02:38,943] {logging_mixin.py:115} INFO - [2024-09-15 19:02:38,943] {dagbag.py:507} INFO - Filling up the DagBag from /home/kaiwang/Documents/airflow_celeby/venv/lib/python3.10/site-packages/airflow/example_dags/tutorial.py
[2024-09-15 19:02:38,947] {processor.py:651} INFO - DAG(s) dict_keys(['tutorial']) retrieved from /home/kaiwang/Documents/airflow_celeby/venv/lib/python3.10/site-packages/airflow/example_dags/tutorial.py
[2024-09-15 19:02:38,962] {logging_mixin.py:115} INFO - [2024-09-15 19:02:38,961] {dag.py:2379} INFO - Sync 1 DAGs
[2024-09-15 19:02:38,978] {logging_mixin.py:115} INFO - [2024-09-15 19:02:38,978] {dag.py:2927} INFO - Setting next_dagrun for tutorial to 2024-09-14T22:02:38.977965+00:00, run_after=2024-09-15T22:02:38.977965+00:00
[2024-09-15 19:02:38,991] {processor.py:161} INFO - Processing /home/kaiwang/Documents/airflow_celeby/venv/lib/python3.10/site-packages/airflow/example_dags/tutorial.py took 0.052 seconds
[2024-09-15 19:03:11,995] {processor.py:153} INFO - Started process (PID=10062) to work on /home/kaiwang/Documents/airflow_celeby/venv/lib/python3.10/site-packages/airflow/example_dags/tutorial.py
[2024-09-15 19:03:11,996] {processor.py:641} INFO - Processing file /home/kaiwang/Documents/airflow_celeby/venv/lib/python3.10/site-packages/airflow/example_dags/tutorial.py for tasks to queue
[2024-09-15 19:03:11,997] {logging_mixin.py:115} INFO - [2024-09-15 19:03:11,997] {dagbag.py:507} INFO - Filling up the DagBag from /home/kaiwang/Documents/airflow_celeby/venv/lib/python3.10/site-packages/airflow/example_dags/tutorial.py
[2024-09-15 19:03:12,002] {processor.py:651} INFO - DAG(s) dict_keys(['tutorial']) retrieved from /home/kaiwang/Documents/airflow_celeby/venv/lib/python3.10/site-packages/airflow/example_dags/tutorial.py
[2024-09-15 19:03:12,014] {logging_mixin.py:115} INFO - [2024-09-15 19:03:12,014] {dag.py:2379} INFO - Sync 1 DAGs
[2024-09-15 19:03:12,026] {logging_mixin.py:115} INFO - [2024-09-15 19:03:12,026] {dag.py:2927} INFO - Setting next_dagrun for tutorial to 2024-09-14T22:03:12.026493+00:00, run_after=2024-09-15T22:03:12.026493+00:00
[2024-09-15 19:03:12,038] {processor.py:161} INFO - Processing /home/kaiwang/Documents/airflow_celeby/venv/lib/python3.10/site-packages/airflow/example_dags/tutorial.py took 0.045 seconds
[2024-09-15 19:03:45,679] {processor.py:153} INFO - Started process (PID=10127) to work on /home/kaiwang/Documents/airflow_celeby/venv/lib/python3.10/site-packages/airflow/example_dags/tutorial.py
[2024-09-15 19:03:45,680] {processor.py:641} INFO - Processing file /home/kaiwang/Documents/airflow_celeby/venv/lib/python3.10/site-packages/airflow/example_dags/tutorial.py for tasks to queue
[2024-09-15 19:03:45,680] {logging_mixin.py:115} INFO - [2024-09-15 19:03:45,680] {dagbag.py:507} INFO - Filling up the DagBag from /home/kaiwang/Documents/airflow_celeby/venv/lib/python3.10/site-packages/airflow/example_dags/tutorial.py
[2024-09-15 19:03:45,685] {processor.py:651} INFO - DAG(s) dict_keys(['tutorial']) retrieved from /home/kaiwang/Documents/airflow_celeby/venv/lib/python3.10/site-packages/airflow/example_dags/tutorial.py
[2024-09-15 19:03:45,699] {logging_mixin.py:115} INFO - [2024-09-15 19:03:45,699] {dag.py:2379} INFO - Sync 1 DAGs
[2024-09-15 19:03:45,712] {logging_mixin.py:115} INFO - [2024-09-15 19:03:45,712] {dag.py:2927} INFO - Setting next_dagrun for tutorial to 2024-09-14T22:03:45.712567+00:00, run_after=2024-09-15T22:03:45.712567+00:00
[2024-09-15 19:03:45,724] {processor.py:161} INFO - Processing /home/kaiwang/Documents/airflow_celeby/venv/lib/python3.10/site-packages/airflow/example_dags/tutorial.py took 0.047 seconds
