[2024-09-16 00:07:06,478] {taskinstance.py:1159} INFO - Dependencies all met for <TaskInstance: BRONZER_GET_STONCKS.BRONZE_STONCKS_MSFT scheduled__2024-08-03T00:00:00+00:00 [queued]>
[2024-09-16 00:07:06,524] {taskinstance.py:1159} INFO - Dependencies all met for <TaskInstance: BRONZER_GET_STONCKS.BRONZE_STONCKS_MSFT scheduled__2024-08-03T00:00:00+00:00 [queued]>
[2024-09-16 00:07:06,524] {taskinstance.py:1356} INFO - 
--------------------------------------------------------------------------------
[2024-09-16 00:07:06,524] {taskinstance.py:1357} INFO - Starting attempt 1 of 1
[2024-09-16 00:07:06,524] {taskinstance.py:1358} INFO - 
--------------------------------------------------------------------------------
[2024-09-16 00:07:06,565] {taskinstance.py:1377} INFO - Executing <Task(_PythonDecoratedOperator): BRONZE_STONCKS_MSFT> on 2024-08-03 00:00:00+00:00
[2024-09-16 00:07:06,579] {standard_task_runner.py:52} INFO - Started process 37542 to run task
[2024-09-16 00:07:06,590] {standard_task_runner.py:79} INFO - Running: ['airflow', 'tasks', 'run', 'BRONZER_GET_STONCKS', 'BRONZE_STONCKS_MSFT', 'scheduled__2024-08-03T00:00:00+00:00', '--job-id', '1139', '--raw', '--subdir', 'DAGS_FOLDER/get_stocks.py', '--cfg-path', '/tmp/tmp5l1wfg4f', '--error-file', '/tmp/tmpnmmmrpqa']
[2024-09-16 00:07:06,591] {standard_task_runner.py:80} INFO - Job 1139: Subtask BRONZE_STONCKS_MSFT
[2024-09-16 00:07:06,788] {task_command.py:370} INFO - Running <TaskInstance: BRONZER_GET_STONCKS.BRONZE_STONCKS_MSFT scheduled__2024-08-03T00:00:00+00:00 [running]> on host kaiwang.
[2024-09-16 00:07:06,969] {taskinstance.py:1569} INFO - Exporting the following env vars:
AIRFLOW_CTX_DAG_OWNER=airflow
AIRFLOW_CTX_DAG_ID=BRONZER_GET_STONCKS
AIRFLOW_CTX_TASK_ID=BRONZE_STONCKS_MSFT
AIRFLOW_CTX_EXECUTION_DATE=2024-08-03T00:00:00+00:00
AIRFLOW_CTX_TRY_NUMBER=1
AIRFLOW_CTX_DAG_RUN_ID=scheduled__2024-08-03T00:00:00+00:00
[2024-09-16 00:07:07,664] {python.py:173} INFO - Done. Returned value was: None
[2024-09-16 00:07:07,701] {taskinstance.py:1395} INFO - Marking task as SUCCESS. dag_id=BRONZER_GET_STONCKS, task_id=BRONZE_STONCKS_MSFT, execution_date=20240803T000000, start_date=20240916T030706, end_date=20240916T030707
[2024-09-16 00:07:07,818] {local_task_job.py:156} INFO - Task exited with return code 0
[2024-09-16 00:07:07,933] {local_task_job.py:273} INFO - 0 downstream tasks scheduled from follow-on schedule check
[2024-09-16 13:55:45,925] {taskinstance.py:1159} INFO - Dependencies all met for <TaskInstance: BRONZER_GET_STONCKS.BRONZE_STONCKS_MSFT scheduled__2024-08-03T00:00:00+00:00 [queued]>
[2024-09-16 13:55:45,938] {taskinstance.py:1159} INFO - Dependencies all met for <TaskInstance: BRONZER_GET_STONCKS.BRONZE_STONCKS_MSFT scheduled__2024-08-03T00:00:00+00:00 [queued]>
[2024-09-16 13:55:45,938] {taskinstance.py:1356} INFO - 
--------------------------------------------------------------------------------
[2024-09-16 13:55:45,938] {taskinstance.py:1357} INFO - Starting attempt 1 of 1
[2024-09-16 13:55:45,938] {taskinstance.py:1358} INFO - 
--------------------------------------------------------------------------------
[2024-09-16 13:55:45,966] {taskinstance.py:1377} INFO - Executing <Task(_PythonDecoratedOperator): BRONZE_STONCKS_MSFT> on 2024-08-03 00:00:00+00:00
[2024-09-16 13:55:45,976] {standard_task_runner.py:52} INFO - Started process 136181 to run task
[2024-09-16 13:55:45,997] {standard_task_runner.py:79} INFO - Running: ['airflow', 'tasks', 'run', 'BRONZER_GET_STONCKS', 'BRONZE_STONCKS_MSFT', 'scheduled__2024-08-03T00:00:00+00:00', '--job-id', '2454', '--raw', '--subdir', 'DAGS_FOLDER/get_stocks.py', '--cfg-path', '/tmp/tmpwm5g1kdq', '--error-file', '/tmp/tmp2_1fy3lx']
[2024-09-16 13:55:45,998] {standard_task_runner.py:80} INFO - Job 2454: Subtask BRONZE_STONCKS_MSFT
[2024-09-16 13:55:46,155] {task_command.py:370} INFO - Running <TaskInstance: BRONZER_GET_STONCKS.BRONZE_STONCKS_MSFT scheduled__2024-08-03T00:00:00+00:00 [running]> on host kaiwang.
[2024-09-16 13:55:46,632] {taskinstance.py:1569} INFO - Exporting the following env vars:
AIRFLOW_CTX_DAG_OWNER=airflow
AIRFLOW_CTX_DAG_ID=BRONZER_GET_STONCKS
AIRFLOW_CTX_TASK_ID=BRONZE_STONCKS_MSFT
AIRFLOW_CTX_EXECUTION_DATE=2024-08-03T00:00:00+00:00
AIRFLOW_CTX_TRY_NUMBER=1
AIRFLOW_CTX_DAG_RUN_ID=scheduled__2024-08-03T00:00:00+00:00
[2024-09-16 13:55:47,256] {python.py:173} INFO - Done. Returned value was: None
[2024-09-16 13:55:47,421] {taskinstance.py:1395} INFO - Marking task as SUCCESS. dag_id=BRONZER_GET_STONCKS, task_id=BRONZE_STONCKS_MSFT, execution_date=20240803T000000, start_date=20240916T165545, end_date=20240916T165547
[2024-09-16 13:55:47,486] {local_task_job.py:156} INFO - Task exited with return code 0
[2024-09-16 13:55:47,571] {local_task_job.py:273} INFO - 0 downstream tasks scheduled from follow-on schedule check
