[2024-09-16 00:07:54,439] {taskinstance.py:1159} INFO - Dependencies all met for <TaskInstance: BRONZER_GET_CRIPTOS.BRONZE_CRIPTO_DOGE scheduled__2024-08-08T00:00:00+00:00 [queued]>
[2024-09-16 00:07:54,446] {taskinstance.py:1159} INFO - Dependencies all met for <TaskInstance: BRONZER_GET_CRIPTOS.BRONZE_CRIPTO_DOGE scheduled__2024-08-08T00:00:00+00:00 [queued]>
[2024-09-16 00:07:54,446] {taskinstance.py:1356} INFO - 
--------------------------------------------------------------------------------
[2024-09-16 00:07:54,446] {taskinstance.py:1357} INFO - Starting attempt 1 of 1
[2024-09-16 00:07:54,446] {taskinstance.py:1358} INFO - 
--------------------------------------------------------------------------------
[2024-09-16 00:07:54,456] {taskinstance.py:1377} INFO - Executing <Task(_PythonDecoratedOperator): BRONZE_CRIPTO_DOGE> on 2024-08-08 00:00:00+00:00
[2024-09-16 00:07:54,461] {standard_task_runner.py:52} INFO - Started process 41503 to run task
[2024-09-16 00:07:54,466] {standard_task_runner.py:79} INFO - Running: ['airflow', 'tasks', 'run', 'BRONZER_GET_CRIPTOS', 'BRONZE_CRIPTO_DOGE', 'scheduled__2024-08-08T00:00:00+00:00', '--job-id', '1367', '--raw', '--subdir', 'DAGS_FOLDER/get_cripto.py', '--cfg-path', '/tmp/tmp3nz04w49', '--error-file', '/tmp/tmpmcektot5']
[2024-09-16 00:07:54,467] {standard_task_runner.py:80} INFO - Job 1367: Subtask BRONZE_CRIPTO_DOGE
[2024-09-16 00:07:54,538] {task_command.py:370} INFO - Running <TaskInstance: BRONZER_GET_CRIPTOS.BRONZE_CRIPTO_DOGE scheduled__2024-08-08T00:00:00+00:00 [running]> on host kaiwang.
[2024-09-16 00:07:54,617] {taskinstance.py:1569} INFO - Exporting the following env vars:
AIRFLOW_CTX_DAG_OWNER=airflow
AIRFLOW_CTX_DAG_ID=BRONZER_GET_CRIPTOS
AIRFLOW_CTX_TASK_ID=BRONZE_CRIPTO_DOGE
AIRFLOW_CTX_EXECUTION_DATE=2024-08-08T00:00:00+00:00
AIRFLOW_CTX_TRY_NUMBER=1
AIRFLOW_CTX_DAG_RUN_ID=scheduled__2024-08-08T00:00:00+00:00
[2024-09-16 00:07:56,802] {history.py:122} ERROR - $DOGE: possibly delisted; no timezone found
[2024-09-16 00:07:56,805] {python.py:173} INFO - Done. Returned value was: None
[2024-09-16 00:07:56,824] {taskinstance.py:1395} INFO - Marking task as SUCCESS. dag_id=BRONZER_GET_CRIPTOS, task_id=BRONZE_CRIPTO_DOGE, execution_date=20240808T000000, start_date=20240916T030754, end_date=20240916T030756
[2024-09-16 00:07:56,851] {local_task_job.py:156} INFO - Task exited with return code 0
[2024-09-16 00:07:56,910] {local_task_job.py:273} INFO - 0 downstream tasks scheduled from follow-on schedule check
[2024-09-16 13:55:49,775] {taskinstance.py:1159} INFO - Dependencies all met for <TaskInstance: BRONZER_GET_CRIPTOS.BRONZE_CRIPTO_DOGE scheduled__2024-08-08T00:00:00+00:00 [queued]>
[2024-09-16 13:55:49,806] {taskinstance.py:1159} INFO - Dependencies all met for <TaskInstance: BRONZER_GET_CRIPTOS.BRONZE_CRIPTO_DOGE scheduled__2024-08-08T00:00:00+00:00 [queued]>
[2024-09-16 13:55:49,806] {taskinstance.py:1356} INFO - 
--------------------------------------------------------------------------------
[2024-09-16 13:55:49,806] {taskinstance.py:1357} INFO - Starting attempt 1 of 1
[2024-09-16 13:55:49,806] {taskinstance.py:1358} INFO - 
--------------------------------------------------------------------------------
[2024-09-16 13:55:49,843] {taskinstance.py:1377} INFO - Executing <Task(_PythonDecoratedOperator): BRONZE_CRIPTO_DOGE> on 2024-08-08 00:00:00+00:00
[2024-09-16 13:55:49,849] {standard_task_runner.py:52} INFO - Started process 136551 to run task
[2024-09-16 13:55:49,867] {standard_task_runner.py:79} INFO - Running: ['airflow', 'tasks', 'run', 'BRONZER_GET_CRIPTOS', 'BRONZE_CRIPTO_DOGE', 'scheduled__2024-08-08T00:00:00+00:00', '--job-id', '2467', '--raw', '--subdir', 'DAGS_FOLDER/get_cripto.py', '--cfg-path', '/tmp/tmpwxmmyglo', '--error-file', '/tmp/tmpbdo90o3g']
[2024-09-16 13:55:49,889] {standard_task_runner.py:80} INFO - Job 2467: Subtask BRONZE_CRIPTO_DOGE
[2024-09-16 13:55:50,040] {task_command.py:370} INFO - Running <TaskInstance: BRONZER_GET_CRIPTOS.BRONZE_CRIPTO_DOGE scheduled__2024-08-08T00:00:00+00:00 [running]> on host kaiwang.
[2024-09-16 13:55:50,663] {taskinstance.py:1569} INFO - Exporting the following env vars:
AIRFLOW_CTX_DAG_OWNER=airflow
AIRFLOW_CTX_DAG_ID=BRONZER_GET_CRIPTOS
AIRFLOW_CTX_TASK_ID=BRONZE_CRIPTO_DOGE
AIRFLOW_CTX_EXECUTION_DATE=2024-08-08T00:00:00+00:00
AIRFLOW_CTX_TRY_NUMBER=1
AIRFLOW_CTX_DAG_RUN_ID=scheduled__2024-08-08T00:00:00+00:00
[2024-09-16 13:55:53,811] {history.py:122} ERROR - $DOGE: possibly delisted; no timezone found
[2024-09-16 13:55:53,814] {python.py:173} INFO - Done. Returned value was: None
[2024-09-16 13:55:53,835] {taskinstance.py:1395} INFO - Marking task as SUCCESS. dag_id=BRONZER_GET_CRIPTOS, task_id=BRONZE_CRIPTO_DOGE, execution_date=20240808T000000, start_date=20240916T165549, end_date=20240916T165553
[2024-09-16 13:55:53,863] {local_task_job.py:156} INFO - Task exited with return code 0
[2024-09-16 13:55:53,912] {local_task_job.py:273} INFO - 0 downstream tasks scheduled from follow-on schedule check
