[2024-09-16 00:04:52,280] {taskinstance.py:1159} INFO - Dependencies all met for <TaskInstance: BRONZER_GET_STONCKS.BRONZE_STONCKS_TSLA scheduled__2024-04-03T00:00:00+00:00 [queued]>
[2024-09-16 00:04:52,304] {taskinstance.py:1159} INFO - Dependencies all met for <TaskInstance: BRONZER_GET_STONCKS.BRONZE_STONCKS_TSLA scheduled__2024-04-03T00:00:00+00:00 [queued]>
[2024-09-16 00:04:52,305] {taskinstance.py:1356} INFO - 
--------------------------------------------------------------------------------
[2024-09-16 00:04:52,305] {taskinstance.py:1357} INFO - Starting attempt 1 of 1
[2024-09-16 00:04:52,305] {taskinstance.py:1358} INFO - 
--------------------------------------------------------------------------------
[2024-09-16 00:04:52,385] {taskinstance.py:1377} INFO - Executing <Task(_PythonDecoratedOperator): BRONZE_STONCKS_TSLA> on 2024-04-03 00:00:00+00:00
[2024-09-16 00:04:52,392] {standard_task_runner.py:52} INFO - Started process 26655 to run task
[2024-09-16 00:04:52,418] {standard_task_runner.py:79} INFO - Running: ['airflow', 'tasks', 'run', 'BRONZER_GET_STONCKS', 'BRONZE_STONCKS_TSLA', 'scheduled__2024-04-03T00:00:00+00:00', '--job-id', '506', '--raw', '--subdir', 'DAGS_FOLDER/get_stocks.py', '--cfg-path', '/tmp/tmpm68nqeft', '--error-file', '/tmp/tmpnpy4nn5q']
[2024-09-16 00:04:52,419] {standard_task_runner.py:80} INFO - Job 506: Subtask BRONZE_STONCKS_TSLA
[2024-09-16 00:04:52,704] {task_command.py:370} INFO - Running <TaskInstance: BRONZER_GET_STONCKS.BRONZE_STONCKS_TSLA scheduled__2024-04-03T00:00:00+00:00 [running]> on host kaiwang.
[2024-09-16 00:04:52,958] {taskinstance.py:1569} INFO - Exporting the following env vars:
AIRFLOW_CTX_DAG_OWNER=airflow
AIRFLOW_CTX_DAG_ID=BRONZER_GET_STONCKS
AIRFLOW_CTX_TASK_ID=BRONZE_STONCKS_TSLA
AIRFLOW_CTX_EXECUTION_DATE=2024-04-03T00:00:00+00:00
AIRFLOW_CTX_TRY_NUMBER=1
AIRFLOW_CTX_DAG_RUN_ID=scheduled__2024-04-03T00:00:00+00:00
[2024-09-16 00:04:53,581] {python.py:173} INFO - Done. Returned value was: None
[2024-09-16 00:04:53,646] {taskinstance.py:1395} INFO - Marking task as SUCCESS. dag_id=BRONZER_GET_STONCKS, task_id=BRONZE_STONCKS_TSLA, execution_date=20240403T000000, start_date=20240916T030452, end_date=20240916T030453
[2024-09-16 00:04:53,709] {local_task_job.py:156} INFO - Task exited with return code 0
[2024-09-16 00:04:53,870] {local_task_job.py:273} INFO - 0 downstream tasks scheduled from follow-on schedule check
[2024-09-16 00:16:00,139] {taskinstance.py:1159} INFO - Dependencies all met for <TaskInstance: BRONZER_GET_STONCKS.BRONZE_STONCKS_TSLA scheduled__2024-04-03T00:00:00+00:00 [queued]>
[2024-09-16 00:16:00,183] {taskinstance.py:1159} INFO - Dependencies all met for <TaskInstance: BRONZER_GET_STONCKS.BRONZE_STONCKS_TSLA scheduled__2024-04-03T00:00:00+00:00 [queued]>
[2024-09-16 00:16:00,184] {taskinstance.py:1356} INFO - 
--------------------------------------------------------------------------------
[2024-09-16 00:16:00,184] {taskinstance.py:1357} INFO - Starting attempt 1 of 1
[2024-09-16 00:16:00,184] {taskinstance.py:1358} INFO - 
--------------------------------------------------------------------------------
[2024-09-16 00:16:00,285] {taskinstance.py:1377} INFO - Executing <Task(_PythonDecoratedOperator): BRONZE_STONCKS_TSLA> on 2024-04-03 00:00:00+00:00
[2024-09-16 00:16:00,297] {standard_task_runner.py:52} INFO - Started process 57479 to run task
[2024-09-16 00:16:00,309] {standard_task_runner.py:79} INFO - Running: ['airflow', 'tasks', 'run', 'BRONZER_GET_STONCKS', 'BRONZE_STONCKS_TSLA', 'scheduled__2024-04-03T00:00:00+00:00', '--job-id', '2273', '--raw', '--subdir', 'DAGS_FOLDER/get_stocks.py', '--cfg-path', '/tmp/tmpva_m0njp', '--error-file', '/tmp/tmp8v07zo03']
[2024-09-16 00:16:00,322] {standard_task_runner.py:80} INFO - Job 2273: Subtask BRONZE_STONCKS_TSLA
[2024-09-16 00:16:00,630] {task_command.py:370} INFO - Running <TaskInstance: BRONZER_GET_STONCKS.BRONZE_STONCKS_TSLA scheduled__2024-04-03T00:00:00+00:00 [running]> on host kaiwang.
[2024-09-16 00:16:00,931] {taskinstance.py:1569} INFO - Exporting the following env vars:
AIRFLOW_CTX_DAG_OWNER=airflow
AIRFLOW_CTX_DAG_ID=BRONZER_GET_STONCKS
AIRFLOW_CTX_TASK_ID=BRONZE_STONCKS_TSLA
AIRFLOW_CTX_EXECUTION_DATE=2024-04-03T00:00:00+00:00
AIRFLOW_CTX_TRY_NUMBER=1
AIRFLOW_CTX_DAG_RUN_ID=scheduled__2024-04-03T00:00:00+00:00
[2024-09-16 00:16:01,624] {python.py:173} INFO - Done. Returned value was: None
[2024-09-16 00:16:01,828] {taskinstance.py:1395} INFO - Marking task as SUCCESS. dag_id=BRONZER_GET_STONCKS, task_id=BRONZE_STONCKS_TSLA, execution_date=20240403T000000, start_date=20240916T031600, end_date=20240916T031601
[2024-09-16 00:16:01,870] {local_task_job.py:156} INFO - Task exited with return code 0
[2024-09-16 00:16:02,023] {local_task_job.py:273} INFO - 0 downstream tasks scheduled from follow-on schedule check
