[2024-09-16 00:04:53,912] {taskinstance.py:1159} INFO - Dependencies all met for <TaskInstance: BRONZER_GET_CRIPTOS.BRONZE_CRIPTO_AVAX scheduled__2024-03-23T00:00:00+00:00 [queued]>
[2024-09-16 00:04:53,935] {taskinstance.py:1159} INFO - Dependencies all met for <TaskInstance: BRONZER_GET_CRIPTOS.BRONZE_CRIPTO_AVAX scheduled__2024-03-23T00:00:00+00:00 [queued]>
[2024-09-16 00:04:53,935] {taskinstance.py:1356} INFO - 
--------------------------------------------------------------------------------
[2024-09-16 00:04:53,935] {taskinstance.py:1357} INFO - Starting attempt 1 of 1
[2024-09-16 00:04:53,935] {taskinstance.py:1358} INFO - 
--------------------------------------------------------------------------------
[2024-09-16 00:04:53,990] {taskinstance.py:1377} INFO - Executing <Task(_PythonDecoratedOperator): BRONZE_CRIPTO_AVAX> on 2024-03-23 00:00:00+00:00
[2024-09-16 00:04:53,997] {standard_task_runner.py:52} INFO - Started process 26796 to run task
[2024-09-16 00:04:54,014] {standard_task_runner.py:79} INFO - Running: ['airflow', 'tasks', 'run', 'BRONZER_GET_CRIPTOS', 'BRONZE_CRIPTO_AVAX', 'scheduled__2024-03-23T00:00:00+00:00', '--job-id', '508', '--raw', '--subdir', 'DAGS_FOLDER/get_cripto.py', '--cfg-path', '/tmp/tmp5tz5ig7g', '--error-file', '/tmp/tmpir9tfi3g']
[2024-09-16 00:04:54,016] {standard_task_runner.py:80} INFO - Job 508: Subtask BRONZE_CRIPTO_AVAX
[2024-09-16 00:04:54,179] {task_command.py:370} INFO - Running <TaskInstance: BRONZER_GET_CRIPTOS.BRONZE_CRIPTO_AVAX scheduled__2024-03-23T00:00:00+00:00 [running]> on host kaiwang.
[2024-09-16 00:04:54,394] {taskinstance.py:1569} INFO - Exporting the following env vars:
AIRFLOW_CTX_DAG_OWNER=airflow
AIRFLOW_CTX_DAG_ID=BRONZER_GET_CRIPTOS
AIRFLOW_CTX_TASK_ID=BRONZE_CRIPTO_AVAX
AIRFLOW_CTX_EXECUTION_DATE=2024-03-23T00:00:00+00:00
AIRFLOW_CTX_TRY_NUMBER=1
AIRFLOW_CTX_DAG_RUN_ID=scheduled__2024-03-23T00:00:00+00:00
[2024-09-16 00:04:57,232] {history.py:122} ERROR - $AVAX: possibly delisted; no timezone found
[2024-09-16 00:04:57,236] {python.py:173} INFO - Done. Returned value was: None
[2024-09-16 00:04:57,266] {taskinstance.py:1395} INFO - Marking task as SUCCESS. dag_id=BRONZER_GET_CRIPTOS, task_id=BRONZE_CRIPTO_AVAX, execution_date=20240323T000000, start_date=20240916T030453, end_date=20240916T030457
[2024-09-16 00:04:57,324] {local_task_job.py:156} INFO - Task exited with return code 0
[2024-09-16 00:04:57,368] {local_task_job.py:273} INFO - 0 downstream tasks scheduled from follow-on schedule check
[2024-09-16 00:16:06,865] {taskinstance.py:1159} INFO - Dependencies all met for <TaskInstance: BRONZER_GET_CRIPTOS.BRONZE_CRIPTO_AVAX scheduled__2024-03-23T00:00:00+00:00 [queued]>
[2024-09-16 00:16:06,941] {taskinstance.py:1159} INFO - Dependencies all met for <TaskInstance: BRONZER_GET_CRIPTOS.BRONZE_CRIPTO_AVAX scheduled__2024-03-23T00:00:00+00:00 [queued]>
[2024-09-16 00:16:06,942] {taskinstance.py:1356} INFO - 
--------------------------------------------------------------------------------
[2024-09-16 00:16:06,942] {taskinstance.py:1357} INFO - Starting attempt 1 of 1
[2024-09-16 00:16:06,942] {taskinstance.py:1358} INFO - 
--------------------------------------------------------------------------------
[2024-09-16 00:16:07,017] {taskinstance.py:1377} INFO - Executing <Task(_PythonDecoratedOperator): BRONZE_CRIPTO_AVAX> on 2024-03-23 00:00:00+00:00
[2024-09-16 00:16:07,024] {standard_task_runner.py:52} INFO - Started process 58038 to run task
[2024-09-16 00:16:07,041] {standard_task_runner.py:79} INFO - Running: ['airflow', 'tasks', 'run', 'BRONZER_GET_CRIPTOS', 'BRONZE_CRIPTO_AVAX', 'scheduled__2024-03-23T00:00:00+00:00', '--job-id', '2311', '--raw', '--subdir', 'DAGS_FOLDER/get_cripto.py', '--cfg-path', '/tmp/tmpun2cl0vg', '--error-file', '/tmp/tmpuqlbij95']
[2024-09-16 00:16:07,044] {standard_task_runner.py:80} INFO - Job 2311: Subtask BRONZE_CRIPTO_AVAX
[2024-09-16 00:16:07,359] {task_command.py:370} INFO - Running <TaskInstance: BRONZER_GET_CRIPTOS.BRONZE_CRIPTO_AVAX scheduled__2024-03-23T00:00:00+00:00 [running]> on host kaiwang.
[2024-09-16 00:16:07,680] {taskinstance.py:1569} INFO - Exporting the following env vars:
AIRFLOW_CTX_DAG_OWNER=airflow
AIRFLOW_CTX_DAG_ID=BRONZER_GET_CRIPTOS
AIRFLOW_CTX_TASK_ID=BRONZE_CRIPTO_AVAX
AIRFLOW_CTX_EXECUTION_DATE=2024-03-23T00:00:00+00:00
AIRFLOW_CTX_TRY_NUMBER=1
AIRFLOW_CTX_DAG_RUN_ID=scheduled__2024-03-23T00:00:00+00:00
[2024-09-16 00:16:10,788] {history.py:122} ERROR - $AVAX: possibly delisted; no timezone found
[2024-09-16 00:16:10,829] {python.py:173} INFO - Done. Returned value was: None
[2024-09-16 00:16:10,994] {taskinstance.py:1395} INFO - Marking task as SUCCESS. dag_id=BRONZER_GET_CRIPTOS, task_id=BRONZE_CRIPTO_AVAX, execution_date=20240323T000000, start_date=20240916T031606, end_date=20240916T031610
[2024-09-16 00:16:11,060] {local_task_job.py:156} INFO - Task exited with return code 0
[2024-09-16 00:16:11,164] {local_task_job.py:273} INFO - 0 downstream tasks scheduled from follow-on schedule check
