[2024-09-16 00:05:48,636] {taskinstance.py:1159} INFO - Dependencies all met for <TaskInstance: BRONZER_GET_STONCKS.BRONZE_STONCKS_GOOG scheduled__2024-05-23T00:00:00+00:00 [queued]>
[2024-09-16 00:05:48,692] {taskinstance.py:1159} INFO - Dependencies all met for <TaskInstance: BRONZER_GET_STONCKS.BRONZE_STONCKS_GOOG scheduled__2024-05-23T00:00:00+00:00 [queued]>
[2024-09-16 00:05:48,693] {taskinstance.py:1356} INFO - 
--------------------------------------------------------------------------------
[2024-09-16 00:05:48,693] {taskinstance.py:1357} INFO - Starting attempt 1 of 1
[2024-09-16 00:05:48,693] {taskinstance.py:1358} INFO - 
--------------------------------------------------------------------------------
[2024-09-16 00:05:48,759] {taskinstance.py:1377} INFO - Executing <Task(_PythonDecoratedOperator): BRONZE_STONCKS_GOOG> on 2024-05-23 00:00:00+00:00
[2024-09-16 00:05:48,768] {standard_task_runner.py:52} INFO - Started process 31157 to run task
[2024-09-16 00:05:48,813] {standard_task_runner.py:79} INFO - Running: ['airflow', 'tasks', 'run', 'BRONZER_GET_STONCKS', 'BRONZE_STONCKS_GOOG', 'scheduled__2024-05-23T00:00:00+00:00', '--job-id', '765', '--raw', '--subdir', 'DAGS_FOLDER/get_stocks.py', '--cfg-path', '/tmp/tmpas2yv277', '--error-file', '/tmp/tmprp2k2mrd']
[2024-09-16 00:05:48,814] {standard_task_runner.py:80} INFO - Job 765: Subtask BRONZE_STONCKS_GOOG
[2024-09-16 00:05:49,016] {task_command.py:370} INFO - Running <TaskInstance: BRONZER_GET_STONCKS.BRONZE_STONCKS_GOOG scheduled__2024-05-23T00:00:00+00:00 [running]> on host kaiwang.
[2024-09-16 00:05:49,350] {taskinstance.py:1569} INFO - Exporting the following env vars:
AIRFLOW_CTX_DAG_OWNER=airflow
AIRFLOW_CTX_DAG_ID=BRONZER_GET_STONCKS
AIRFLOW_CTX_TASK_ID=BRONZE_STONCKS_GOOG
AIRFLOW_CTX_EXECUTION_DATE=2024-05-23T00:00:00+00:00
AIRFLOW_CTX_TRY_NUMBER=1
AIRFLOW_CTX_DAG_RUN_ID=scheduled__2024-05-23T00:00:00+00:00
[2024-09-16 00:05:50,048] {python.py:173} INFO - Done. Returned value was: None
[2024-09-16 00:05:50,203] {taskinstance.py:1395} INFO - Marking task as SUCCESS. dag_id=BRONZER_GET_STONCKS, task_id=BRONZE_STONCKS_GOOG, execution_date=20240523T000000, start_date=20240916T030548, end_date=20240916T030550
[2024-09-16 00:05:50,236] {local_task_job.py:156} INFO - Task exited with return code 0
[2024-09-16 00:05:50,370] {local_task_job.py:273} INFO - 0 downstream tasks scheduled from follow-on schedule check
