[2024-09-16 00:05:13,712] {taskinstance.py:1159} INFO - Dependencies all met for <TaskInstance: BRONZER_GET_STONCKS.BRONZE_STONCKS_AAPL scheduled__2024-04-19T00:00:00+00:00 [queued]>
[2024-09-16 00:05:13,758] {taskinstance.py:1159} INFO - Dependencies all met for <TaskInstance: BRONZER_GET_STONCKS.BRONZE_STONCKS_AAPL scheduled__2024-04-19T00:00:00+00:00 [queued]>
[2024-09-16 00:05:13,759] {taskinstance.py:1356} INFO - 
--------------------------------------------------------------------------------
[2024-09-16 00:05:13,759] {taskinstance.py:1357} INFO - Starting attempt 1 of 1
[2024-09-16 00:05:13,759] {taskinstance.py:1358} INFO - 
--------------------------------------------------------------------------------
[2024-09-16 00:05:13,787] {taskinstance.py:1377} INFO - Executing <Task(_PythonDecoratedOperator): BRONZE_STONCKS_AAPL> on 2024-04-19 00:00:00+00:00
[2024-09-16 00:05:13,792] {standard_task_runner.py:52} INFO - Started process 28187 to run task
[2024-09-16 00:05:13,811] {standard_task_runner.py:79} INFO - Running: ['airflow', 'tasks', 'run', 'BRONZER_GET_STONCKS', 'BRONZE_STONCKS_AAPL', 'scheduled__2024-04-19T00:00:00+00:00', '--job-id', '596', '--raw', '--subdir', 'DAGS_FOLDER/get_stocks.py', '--cfg-path', '/tmp/tmpaeto_ebe', '--error-file', '/tmp/tmpsisp18ol']
[2024-09-16 00:05:13,812] {standard_task_runner.py:80} INFO - Job 596: Subtask BRONZE_STONCKS_AAPL
[2024-09-16 00:05:14,039] {task_command.py:370} INFO - Running <TaskInstance: BRONZER_GET_STONCKS.BRONZE_STONCKS_AAPL scheduled__2024-04-19T00:00:00+00:00 [running]> on host kaiwang.
[2024-09-16 00:05:14,312] {taskinstance.py:1569} INFO - Exporting the following env vars:
AIRFLOW_CTX_DAG_OWNER=airflow
AIRFLOW_CTX_DAG_ID=BRONZER_GET_STONCKS
AIRFLOW_CTX_TASK_ID=BRONZE_STONCKS_AAPL
AIRFLOW_CTX_EXECUTION_DATE=2024-04-19T00:00:00+00:00
AIRFLOW_CTX_TRY_NUMBER=1
AIRFLOW_CTX_DAG_RUN_ID=scheduled__2024-04-19T00:00:00+00:00
[2024-09-16 00:05:15,260] {python.py:173} INFO - Done. Returned value was: None
[2024-09-16 00:05:15,293] {taskinstance.py:1395} INFO - Marking task as SUCCESS. dag_id=BRONZER_GET_STONCKS, task_id=BRONZE_STONCKS_AAPL, execution_date=20240419T000000, start_date=20240916T030513, end_date=20240916T030515
[2024-09-16 00:05:15,351] {local_task_job.py:156} INFO - Task exited with return code 0
[2024-09-16 00:05:15,397] {local_task_job.py:273} INFO - 0 downstream tasks scheduled from follow-on schedule check
[2024-09-16 00:16:16,702] {taskinstance.py:1159} INFO - Dependencies all met for <TaskInstance: BRONZER_GET_STONCKS.BRONZE_STONCKS_AAPL scheduled__2024-04-19T00:00:00+00:00 [queued]>
[2024-09-16 00:16:16,716] {taskinstance.py:1159} INFO - Dependencies all met for <TaskInstance: BRONZER_GET_STONCKS.BRONZE_STONCKS_AAPL scheduled__2024-04-19T00:00:00+00:00 [queued]>
[2024-09-16 00:16:16,716] {taskinstance.py:1356} INFO - 
--------------------------------------------------------------------------------
[2024-09-16 00:16:16,716] {taskinstance.py:1357} INFO - Starting attempt 1 of 1
[2024-09-16 00:16:16,716] {taskinstance.py:1358} INFO - 
--------------------------------------------------------------------------------
[2024-09-16 00:16:16,781] {taskinstance.py:1377} INFO - Executing <Task(_PythonDecoratedOperator): BRONZE_STONCKS_AAPL> on 2024-04-19 00:00:00+00:00
[2024-09-16 00:16:16,787] {standard_task_runner.py:52} INFO - Started process 58798 to run task
[2024-09-16 00:16:16,816] {standard_task_runner.py:79} INFO - Running: ['airflow', 'tasks', 'run', 'BRONZER_GET_STONCKS', 'BRONZE_STONCKS_AAPL', 'scheduled__2024-04-19T00:00:00+00:00', '--job-id', '2352', '--raw', '--subdir', 'DAGS_FOLDER/get_stocks.py', '--cfg-path', '/tmp/tmp1p3wt_ab', '--error-file', '/tmp/tmpc2mmbwqu']
[2024-09-16 00:16:16,818] {standard_task_runner.py:80} INFO - Job 2352: Subtask BRONZE_STONCKS_AAPL
[2024-09-16 00:16:16,939] {task_command.py:370} INFO - Running <TaskInstance: BRONZER_GET_STONCKS.BRONZE_STONCKS_AAPL scheduled__2024-04-19T00:00:00+00:00 [running]> on host kaiwang.
[2024-09-16 00:16:17,194] {taskinstance.py:1569} INFO - Exporting the following env vars:
AIRFLOW_CTX_DAG_OWNER=airflow
AIRFLOW_CTX_DAG_ID=BRONZER_GET_STONCKS
AIRFLOW_CTX_TASK_ID=BRONZE_STONCKS_AAPL
AIRFLOW_CTX_EXECUTION_DATE=2024-04-19T00:00:00+00:00
AIRFLOW_CTX_TRY_NUMBER=1
AIRFLOW_CTX_DAG_RUN_ID=scheduled__2024-04-19T00:00:00+00:00
[2024-09-16 00:16:17,889] {python.py:173} INFO - Done. Returned value was: None
[2024-09-16 00:16:18,132] {taskinstance.py:1395} INFO - Marking task as SUCCESS. dag_id=BRONZER_GET_STONCKS, task_id=BRONZE_STONCKS_AAPL, execution_date=20240419T000000, start_date=20240916T031616, end_date=20240916T031618
[2024-09-16 00:16:18,207] {local_task_job.py:156} INFO - Task exited with return code 0
[2024-09-16 00:16:18,539] {local_task_job.py:273} INFO - 0 downstream tasks scheduled from follow-on schedule check
