[2024-09-16 00:05:13,595] {taskinstance.py:1159} INFO - Dependencies all met for <TaskInstance: BRONZER_GET_STONCKS.BRONZE_STONCKS_AAPL scheduled__2024-04-18T00:00:00+00:00 [queued]>
[2024-09-16 00:05:13,613] {taskinstance.py:1159} INFO - Dependencies all met for <TaskInstance: BRONZER_GET_STONCKS.BRONZE_STONCKS_AAPL scheduled__2024-04-18T00:00:00+00:00 [queued]>
[2024-09-16 00:05:13,613] {taskinstance.py:1356} INFO - 
--------------------------------------------------------------------------------
[2024-09-16 00:05:13,613] {taskinstance.py:1357} INFO - Starting attempt 1 of 1
[2024-09-16 00:05:13,613] {taskinstance.py:1358} INFO - 
--------------------------------------------------------------------------------
[2024-09-16 00:05:13,636] {taskinstance.py:1377} INFO - Executing <Task(_PythonDecoratedOperator): BRONZE_STONCKS_AAPL> on 2024-04-18 00:00:00+00:00
[2024-09-16 00:05:13,641] {standard_task_runner.py:52} INFO - Started process 28167 to run task
[2024-09-16 00:05:13,670] {standard_task_runner.py:79} INFO - Running: ['airflow', 'tasks', 'run', 'BRONZER_GET_STONCKS', 'BRONZE_STONCKS_AAPL', 'scheduled__2024-04-18T00:00:00+00:00', '--job-id', '587', '--raw', '--subdir', 'DAGS_FOLDER/get_stocks.py', '--cfg-path', '/tmp/tmpmmqdt6xa', '--error-file', '/tmp/tmp_9yy9oxs']
[2024-09-16 00:05:13,671] {standard_task_runner.py:80} INFO - Job 587: Subtask BRONZE_STONCKS_AAPL
[2024-09-16 00:05:13,876] {task_command.py:370} INFO - Running <TaskInstance: BRONZER_GET_STONCKS.BRONZE_STONCKS_AAPL scheduled__2024-04-18T00:00:00+00:00 [running]> on host kaiwang.
[2024-09-16 00:05:14,284] {taskinstance.py:1569} INFO - Exporting the following env vars:
AIRFLOW_CTX_DAG_OWNER=airflow
AIRFLOW_CTX_DAG_ID=BRONZER_GET_STONCKS
AIRFLOW_CTX_TASK_ID=BRONZE_STONCKS_AAPL
AIRFLOW_CTX_EXECUTION_DATE=2024-04-18T00:00:00+00:00
AIRFLOW_CTX_TRY_NUMBER=1
AIRFLOW_CTX_DAG_RUN_ID=scheduled__2024-04-18T00:00:00+00:00
[2024-09-16 00:05:14,857] {python.py:173} INFO - Done. Returned value was: None
[2024-09-16 00:05:14,874] {taskinstance.py:1395} INFO - Marking task as SUCCESS. dag_id=BRONZER_GET_STONCKS, task_id=BRONZE_STONCKS_AAPL, execution_date=20240418T000000, start_date=20240916T030513, end_date=20240916T030514
[2024-09-16 00:05:14,918] {local_task_job.py:156} INFO - Task exited with return code 0
[2024-09-16 00:05:15,000] {local_task_job.py:273} INFO - 0 downstream tasks scheduled from follow-on schedule check
[2024-09-16 00:16:13,822] {taskinstance.py:1159} INFO - Dependencies all met for <TaskInstance: BRONZER_GET_STONCKS.BRONZE_STONCKS_AAPL scheduled__2024-04-18T00:00:00+00:00 [queued]>
[2024-09-16 00:16:13,853] {taskinstance.py:1159} INFO - Dependencies all met for <TaskInstance: BRONZER_GET_STONCKS.BRONZE_STONCKS_AAPL scheduled__2024-04-18T00:00:00+00:00 [queued]>
[2024-09-16 00:16:13,854] {taskinstance.py:1356} INFO - 
--------------------------------------------------------------------------------
[2024-09-16 00:16:13,854] {taskinstance.py:1357} INFO - Starting attempt 1 of 1
[2024-09-16 00:16:13,854] {taskinstance.py:1358} INFO - 
--------------------------------------------------------------------------------
[2024-09-16 00:16:13,953] {taskinstance.py:1377} INFO - Executing <Task(_PythonDecoratedOperator): BRONZE_STONCKS_AAPL> on 2024-04-18 00:00:00+00:00
[2024-09-16 00:16:13,986] {standard_task_runner.py:52} INFO - Started process 58549 to run task
[2024-09-16 00:16:14,017] {standard_task_runner.py:79} INFO - Running: ['airflow', 'tasks', 'run', 'BRONZER_GET_STONCKS', 'BRONZE_STONCKS_AAPL', 'scheduled__2024-04-18T00:00:00+00:00', '--job-id', '2343', '--raw', '--subdir', 'DAGS_FOLDER/get_stocks.py', '--cfg-path', '/tmp/tmp8qn7o6aw', '--error-file', '/tmp/tmp7m8yuf20']
[2024-09-16 00:16:14,019] {standard_task_runner.py:80} INFO - Job 2343: Subtask BRONZE_STONCKS_AAPL
[2024-09-16 00:16:14,273] {task_command.py:370} INFO - Running <TaskInstance: BRONZER_GET_STONCKS.BRONZE_STONCKS_AAPL scheduled__2024-04-18T00:00:00+00:00 [running]> on host kaiwang.
[2024-09-16 00:16:14,569] {taskinstance.py:1569} INFO - Exporting the following env vars:
AIRFLOW_CTX_DAG_OWNER=airflow
AIRFLOW_CTX_DAG_ID=BRONZER_GET_STONCKS
AIRFLOW_CTX_TASK_ID=BRONZE_STONCKS_AAPL
AIRFLOW_CTX_EXECUTION_DATE=2024-04-18T00:00:00+00:00
AIRFLOW_CTX_TRY_NUMBER=1
AIRFLOW_CTX_DAG_RUN_ID=scheduled__2024-04-18T00:00:00+00:00
[2024-09-16 00:16:15,332] {python.py:173} INFO - Done. Returned value was: None
[2024-09-16 00:16:15,458] {taskinstance.py:1395} INFO - Marking task as SUCCESS. dag_id=BRONZER_GET_STONCKS, task_id=BRONZE_STONCKS_AAPL, execution_date=20240418T000000, start_date=20240916T031613, end_date=20240916T031615
[2024-09-16 00:16:15,540] {local_task_job.py:156} INFO - Task exited with return code 0
[2024-09-16 00:16:15,703] {local_task_job.py:273} INFO - 0 downstream tasks scheduled from follow-on schedule check
