[2024-09-16 00:03:32,606] {taskinstance.py:1159} INFO - Dependencies all met for <TaskInstance: BRONZER_GET_CRIPTOS.BRONZE_CRIPTO_ETH scheduled__2024-01-25T00:00:00+00:00 [queued]>
[2024-09-16 00:03:32,660] {taskinstance.py:1159} INFO - Dependencies all met for <TaskInstance: BRONZER_GET_CRIPTOS.BRONZE_CRIPTO_ETH scheduled__2024-01-25T00:00:00+00:00 [queued]>
[2024-09-16 00:03:32,660] {taskinstance.py:1356} INFO - 
--------------------------------------------------------------------------------
[2024-09-16 00:03:32,660] {taskinstance.py:1357} INFO - Starting attempt 1 of 1
[2024-09-16 00:03:32,660] {taskinstance.py:1358} INFO - 
--------------------------------------------------------------------------------
[2024-09-16 00:03:32,718] {taskinstance.py:1377} INFO - Executing <Task(_PythonDecoratedOperator): BRONZE_CRIPTO_ETH> on 2024-01-25 00:00:00+00:00
[2024-09-16 00:03:32,725] {standard_task_runner.py:52} INFO - Started process 20485 to run task
[2024-09-16 00:03:32,746] {standard_task_runner.py:79} INFO - Running: ['airflow', 'tasks', 'run', 'BRONZER_GET_CRIPTOS', 'BRONZE_CRIPTO_ETH', 'scheduled__2024-01-25T00:00:00+00:00', '--job-id', '144', '--raw', '--subdir', 'DAGS_FOLDER/get_cripto.py', '--cfg-path', '/tmp/tmp1xahdpat', '--error-file', '/tmp/tmptt7a6n2a']
[2024-09-16 00:03:32,749] {standard_task_runner.py:80} INFO - Job 144: Subtask BRONZE_CRIPTO_ETH
[2024-09-16 00:03:33,118] {task_command.py:370} INFO - Running <TaskInstance: BRONZER_GET_CRIPTOS.BRONZE_CRIPTO_ETH scheduled__2024-01-25T00:00:00+00:00 [running]> on host kaiwang.
[2024-09-16 00:03:33,499] {taskinstance.py:1569} INFO - Exporting the following env vars:
AIRFLOW_CTX_DAG_OWNER=airflow
AIRFLOW_CTX_DAG_ID=BRONZER_GET_CRIPTOS
AIRFLOW_CTX_TASK_ID=BRONZE_CRIPTO_ETH
AIRFLOW_CTX_EXECUTION_DATE=2024-01-25T00:00:00+00:00
AIRFLOW_CTX_TRY_NUMBER=1
AIRFLOW_CTX_DAG_RUN_ID=scheduled__2024-01-25T00:00:00+00:00
[2024-09-16 00:03:36,309] {history.py:244} ERROR - $ETH: possibly delisted; no price data found  (1h 2024-01-22 -> 2024-01-25) (Yahoo error = "Data doesn't exist for startDate = 1705899600, endDate = 1706158800")
[2024-09-16 00:03:36,328] {python.py:173} INFO - Done. Returned value was: None
[2024-09-16 00:03:36,371] {taskinstance.py:1395} INFO - Marking task as SUCCESS. dag_id=BRONZER_GET_CRIPTOS, task_id=BRONZE_CRIPTO_ETH, execution_date=20240125T000000, start_date=20240916T030332, end_date=20240916T030336
[2024-09-16 00:03:36,450] {local_task_job.py:156} INFO - Task exited with return code 0
[2024-09-16 00:03:36,602] {local_task_job.py:273} INFO - 0 downstream tasks scheduled from follow-on schedule check
[2024-09-16 00:13:13,098] {taskinstance.py:1159} INFO - Dependencies all met for <TaskInstance: BRONZER_GET_CRIPTOS.BRONZE_CRIPTO_ETH scheduled__2024-01-25T00:00:00+00:00 [queued]>
[2024-09-16 00:13:13,170] {taskinstance.py:1159} INFO - Dependencies all met for <TaskInstance: BRONZER_GET_CRIPTOS.BRONZE_CRIPTO_ETH scheduled__2024-01-25T00:00:00+00:00 [queued]>
[2024-09-16 00:13:13,170] {taskinstance.py:1356} INFO - 
--------------------------------------------------------------------------------
[2024-09-16 00:13:13,170] {taskinstance.py:1357} INFO - Starting attempt 1 of 1
[2024-09-16 00:13:13,171] {taskinstance.py:1358} INFO - 
--------------------------------------------------------------------------------
[2024-09-16 00:13:13,234] {taskinstance.py:1377} INFO - Executing <Task(_PythonDecoratedOperator): BRONZE_CRIPTO_ETH> on 2024-01-25 00:00:00+00:00
[2024-09-16 00:13:13,240] {standard_task_runner.py:52} INFO - Started process 46075 to run task
[2024-09-16 00:13:13,276] {standard_task_runner.py:79} INFO - Running: ['airflow', 'tasks', 'run', 'BRONZER_GET_CRIPTOS', 'BRONZE_CRIPTO_ETH', 'scheduled__2024-01-25T00:00:00+00:00', '--job-id', '1617', '--raw', '--subdir', 'DAGS_FOLDER/get_cripto.py', '--cfg-path', '/tmp/tmp2s5yn_ps', '--error-file', '/tmp/tmpp2mdyjrp']
[2024-09-16 00:13:13,277] {standard_task_runner.py:80} INFO - Job 1617: Subtask BRONZE_CRIPTO_ETH
[2024-09-16 00:13:13,577] {task_command.py:370} INFO - Running <TaskInstance: BRONZER_GET_CRIPTOS.BRONZE_CRIPTO_ETH scheduled__2024-01-25T00:00:00+00:00 [running]> on host kaiwang.
[2024-09-16 00:13:13,952] {taskinstance.py:1569} INFO - Exporting the following env vars:
AIRFLOW_CTX_DAG_OWNER=airflow
AIRFLOW_CTX_DAG_ID=BRONZER_GET_CRIPTOS
AIRFLOW_CTX_TASK_ID=BRONZE_CRIPTO_ETH
AIRFLOW_CTX_EXECUTION_DATE=2024-01-25T00:00:00+00:00
AIRFLOW_CTX_TRY_NUMBER=1
AIRFLOW_CTX_DAG_RUN_ID=scheduled__2024-01-25T00:00:00+00:00
[2024-09-16 00:13:17,132] {history.py:244} ERROR - $ETH: possibly delisted; no price data found  (1h 2024-01-22 -> 2024-01-25) (Yahoo error = "Data doesn't exist for startDate = 1705899600, endDate = 1706158800")
[2024-09-16 00:13:17,140] {python.py:173} INFO - Done. Returned value was: None
[2024-09-16 00:13:17,229] {taskinstance.py:1395} INFO - Marking task as SUCCESS. dag_id=BRONZER_GET_CRIPTOS, task_id=BRONZE_CRIPTO_ETH, execution_date=20240125T000000, start_date=20240916T031313, end_date=20240916T031317
[2024-09-16 00:13:17,311] {local_task_job.py:156} INFO - Task exited with return code 0
[2024-09-16 00:13:17,429] {local_task_job.py:273} INFO - 0 downstream tasks scheduled from follow-on schedule check
[2024-09-16 00:14:47,730] {taskinstance.py:1159} INFO - Dependencies all met for <TaskInstance: BRONZER_GET_CRIPTOS.BRONZE_CRIPTO_ETH scheduled__2024-01-25T00:00:00+00:00 [queued]>
[2024-09-16 00:14:47,749] {taskinstance.py:1159} INFO - Dependencies all met for <TaskInstance: BRONZER_GET_CRIPTOS.BRONZE_CRIPTO_ETH scheduled__2024-01-25T00:00:00+00:00 [queued]>
[2024-09-16 00:14:47,749] {taskinstance.py:1356} INFO - 
--------------------------------------------------------------------------------
[2024-09-16 00:14:47,750] {taskinstance.py:1357} INFO - Starting attempt 1 of 1
[2024-09-16 00:14:47,750] {taskinstance.py:1358} INFO - 
--------------------------------------------------------------------------------
[2024-09-16 00:14:47,778] {taskinstance.py:1377} INFO - Executing <Task(_PythonDecoratedOperator): BRONZE_CRIPTO_ETH> on 2024-01-25 00:00:00+00:00
[2024-09-16 00:14:47,785] {standard_task_runner.py:52} INFO - Started process 51503 to run task
[2024-09-16 00:14:47,798] {standard_task_runner.py:79} INFO - Running: ['airflow', 'tasks', 'run', 'BRONZER_GET_CRIPTOS', 'BRONZE_CRIPTO_ETH', 'scheduled__2024-01-25T00:00:00+00:00', '--job-id', '1928', '--raw', '--subdir', 'DAGS_FOLDER/get_cripto.py', '--cfg-path', '/tmp/tmpib4ilzbd', '--error-file', '/tmp/tmp0iig66gj']
[2024-09-16 00:14:47,800] {standard_task_runner.py:80} INFO - Job 1928: Subtask BRONZE_CRIPTO_ETH
[2024-09-16 00:14:48,026] {task_command.py:370} INFO - Running <TaskInstance: BRONZER_GET_CRIPTOS.BRONZE_CRIPTO_ETH scheduled__2024-01-25T00:00:00+00:00 [running]> on host kaiwang.
[2024-09-16 00:14:48,280] {taskinstance.py:1569} INFO - Exporting the following env vars:
AIRFLOW_CTX_DAG_OWNER=airflow
AIRFLOW_CTX_DAG_ID=BRONZER_GET_CRIPTOS
AIRFLOW_CTX_TASK_ID=BRONZE_CRIPTO_ETH
AIRFLOW_CTX_EXECUTION_DATE=2024-01-25T00:00:00+00:00
AIRFLOW_CTX_TRY_NUMBER=1
AIRFLOW_CTX_DAG_RUN_ID=scheduled__2024-01-25T00:00:00+00:00
[2024-09-16 00:14:51,650] {history.py:244} ERROR - $ETH: possibly delisted; no price data found  (1h 2024-01-22 -> 2024-01-25) (Yahoo error = "Data doesn't exist for startDate = 1705899600, endDate = 1706158800")
[2024-09-16 00:14:51,657] {python.py:173} INFO - Done. Returned value was: None
[2024-09-16 00:14:51,732] {taskinstance.py:1395} INFO - Marking task as SUCCESS. dag_id=BRONZER_GET_CRIPTOS, task_id=BRONZE_CRIPTO_ETH, execution_date=20240125T000000, start_date=20240916T031447, end_date=20240916T031451
[2024-09-16 00:14:51,798] {local_task_job.py:156} INFO - Task exited with return code 0
[2024-09-16 00:14:51,979] {local_task_job.py:273} INFO - 0 downstream tasks scheduled from follow-on schedule check
