[2024-09-16 00:03:31,082] {taskinstance.py:1159} INFO - Dependencies all met for <TaskInstance: BRONZER_GET_CRIPTOS.BRONZE_CRIPTO_DOGE scheduled__2024-01-24T00:00:00+00:00 [queued]>
[2024-09-16 00:03:31,108] {taskinstance.py:1159} INFO - Dependencies all met for <TaskInstance: BRONZER_GET_CRIPTOS.BRONZE_CRIPTO_DOGE scheduled__2024-01-24T00:00:00+00:00 [queued]>
[2024-09-16 00:03:31,108] {taskinstance.py:1356} INFO - 
--------------------------------------------------------------------------------
[2024-09-16 00:03:31,108] {taskinstance.py:1357} INFO - Starting attempt 1 of 1
[2024-09-16 00:03:31,108] {taskinstance.py:1358} INFO - 
--------------------------------------------------------------------------------
[2024-09-16 00:03:31,136] {taskinstance.py:1377} INFO - Executing <Task(_PythonDecoratedOperator): BRONZE_CRIPTO_DOGE> on 2024-01-24 00:00:00+00:00
[2024-09-16 00:03:31,174] {standard_task_runner.py:52} INFO - Started process 20369 to run task
[2024-09-16 00:03:31,203] {standard_task_runner.py:79} INFO - Running: ['airflow', 'tasks', 'run', 'BRONZER_GET_CRIPTOS', 'BRONZE_CRIPTO_DOGE', 'scheduled__2024-01-24T00:00:00+00:00', '--job-id', '138', '--raw', '--subdir', 'DAGS_FOLDER/get_cripto.py', '--cfg-path', '/tmp/tmpl7htvjtk', '--error-file', '/tmp/tmp9xypt4e4']
[2024-09-16 00:03:31,204] {standard_task_runner.py:80} INFO - Job 138: Subtask BRONZE_CRIPTO_DOGE
[2024-09-16 00:03:31,454] {task_command.py:370} INFO - Running <TaskInstance: BRONZER_GET_CRIPTOS.BRONZE_CRIPTO_DOGE scheduled__2024-01-24T00:00:00+00:00 [running]> on host kaiwang.
[2024-09-16 00:03:31,715] {taskinstance.py:1569} INFO - Exporting the following env vars:
AIRFLOW_CTX_DAG_OWNER=airflow
AIRFLOW_CTX_DAG_ID=BRONZER_GET_CRIPTOS
AIRFLOW_CTX_TASK_ID=BRONZE_CRIPTO_DOGE
AIRFLOW_CTX_EXECUTION_DATE=2024-01-24T00:00:00+00:00
AIRFLOW_CTX_TRY_NUMBER=1
AIRFLOW_CTX_DAG_RUN_ID=scheduled__2024-01-24T00:00:00+00:00
[2024-09-16 00:03:36,591] {history.py:122} ERROR - $DOGE: possibly delisted; no timezone found
[2024-09-16 00:03:36,597] {python.py:173} INFO - Done. Returned value was: None
[2024-09-16 00:03:36,683] {taskinstance.py:1395} INFO - Marking task as SUCCESS. dag_id=BRONZER_GET_CRIPTOS, task_id=BRONZE_CRIPTO_DOGE, execution_date=20240124T000000, start_date=20240916T030331, end_date=20240916T030336
[2024-09-16 00:03:36,760] {local_task_job.py:156} INFO - Task exited with return code 0
[2024-09-16 00:03:37,026] {local_task_job.py:273} INFO - 0 downstream tasks scheduled from follow-on schedule check
[2024-09-16 00:13:11,584] {taskinstance.py:1159} INFO - Dependencies all met for <TaskInstance: BRONZER_GET_CRIPTOS.BRONZE_CRIPTO_DOGE scheduled__2024-01-24T00:00:00+00:00 [queued]>
[2024-09-16 00:13:11,615] {taskinstance.py:1159} INFO - Dependencies all met for <TaskInstance: BRONZER_GET_CRIPTOS.BRONZE_CRIPTO_DOGE scheduled__2024-01-24T00:00:00+00:00 [queued]>
[2024-09-16 00:13:11,616] {taskinstance.py:1356} INFO - 
--------------------------------------------------------------------------------
[2024-09-16 00:13:11,616] {taskinstance.py:1357} INFO - Starting attempt 1 of 1
[2024-09-16 00:13:11,616] {taskinstance.py:1358} INFO - 
--------------------------------------------------------------------------------
[2024-09-16 00:13:11,688] {taskinstance.py:1377} INFO - Executing <Task(_PythonDecoratedOperator): BRONZE_CRIPTO_DOGE> on 2024-01-24 00:00:00+00:00
[2024-09-16 00:13:11,694] {standard_task_runner.py:52} INFO - Started process 45926 to run task
[2024-09-16 00:13:11,726] {standard_task_runner.py:79} INFO - Running: ['airflow', 'tasks', 'run', 'BRONZER_GET_CRIPTOS', 'BRONZE_CRIPTO_DOGE', 'scheduled__2024-01-24T00:00:00+00:00', '--job-id', '1611', '--raw', '--subdir', 'DAGS_FOLDER/get_cripto.py', '--cfg-path', '/tmp/tmplxwk__pz', '--error-file', '/tmp/tmp2ucyx7jw']
[2024-09-16 00:13:11,727] {standard_task_runner.py:80} INFO - Job 1611: Subtask BRONZE_CRIPTO_DOGE
[2024-09-16 00:13:12,051] {task_command.py:370} INFO - Running <TaskInstance: BRONZER_GET_CRIPTOS.BRONZE_CRIPTO_DOGE scheduled__2024-01-24T00:00:00+00:00 [running]> on host kaiwang.
[2024-09-16 00:13:12,394] {taskinstance.py:1569} INFO - Exporting the following env vars:
AIRFLOW_CTX_DAG_OWNER=airflow
AIRFLOW_CTX_DAG_ID=BRONZER_GET_CRIPTOS
AIRFLOW_CTX_TASK_ID=BRONZE_CRIPTO_DOGE
AIRFLOW_CTX_EXECUTION_DATE=2024-01-24T00:00:00+00:00
AIRFLOW_CTX_TRY_NUMBER=1
AIRFLOW_CTX_DAG_RUN_ID=scheduled__2024-01-24T00:00:00+00:00
[2024-09-16 00:13:15,593] {history.py:122} ERROR - $DOGE: possibly delisted; no timezone found
[2024-09-16 00:13:15,605] {python.py:173} INFO - Done. Returned value was: None
[2024-09-16 00:13:15,667] {taskinstance.py:1395} INFO - Marking task as SUCCESS. dag_id=BRONZER_GET_CRIPTOS, task_id=BRONZE_CRIPTO_DOGE, execution_date=20240124T000000, start_date=20240916T031311, end_date=20240916T031315
[2024-09-16 00:13:15,798] {local_task_job.py:156} INFO - Task exited with return code 0
[2024-09-16 00:13:15,924] {local_task_job.py:273} INFO - 0 downstream tasks scheduled from follow-on schedule check
[2024-09-16 00:14:46,565] {taskinstance.py:1159} INFO - Dependencies all met for <TaskInstance: BRONZER_GET_CRIPTOS.BRONZE_CRIPTO_DOGE scheduled__2024-01-24T00:00:00+00:00 [queued]>
[2024-09-16 00:14:46,598] {taskinstance.py:1159} INFO - Dependencies all met for <TaskInstance: BRONZER_GET_CRIPTOS.BRONZE_CRIPTO_DOGE scheduled__2024-01-24T00:00:00+00:00 [queued]>
[2024-09-16 00:14:46,599] {taskinstance.py:1356} INFO - 
--------------------------------------------------------------------------------
[2024-09-16 00:14:46,599] {taskinstance.py:1357} INFO - Starting attempt 1 of 1
[2024-09-16 00:14:46,599] {taskinstance.py:1358} INFO - 
--------------------------------------------------------------------------------
[2024-09-16 00:14:46,646] {taskinstance.py:1377} INFO - Executing <Task(_PythonDecoratedOperator): BRONZE_CRIPTO_DOGE> on 2024-01-24 00:00:00+00:00
[2024-09-16 00:14:46,678] {standard_task_runner.py:79} INFO - Running: ['airflow', 'tasks', 'run', 'BRONZER_GET_CRIPTOS', 'BRONZE_CRIPTO_DOGE', 'scheduled__2024-01-24T00:00:00+00:00', '--job-id', '1920', '--raw', '--subdir', 'DAGS_FOLDER/get_cripto.py', '--cfg-path', '/tmp/tmpf2na4ffz', '--error-file', '/tmp/tmpar3oqi8e']
[2024-09-16 00:14:46,680] {standard_task_runner.py:80} INFO - Job 1920: Subtask BRONZE_CRIPTO_DOGE
[2024-09-16 00:14:46,661] {standard_task_runner.py:52} INFO - Started process 51386 to run task
[2024-09-16 00:14:46,928] {task_command.py:370} INFO - Running <TaskInstance: BRONZER_GET_CRIPTOS.BRONZE_CRIPTO_DOGE scheduled__2024-01-24T00:00:00+00:00 [running]> on host kaiwang.
[2024-09-16 00:14:47,186] {taskinstance.py:1569} INFO - Exporting the following env vars:
AIRFLOW_CTX_DAG_OWNER=airflow
AIRFLOW_CTX_DAG_ID=BRONZER_GET_CRIPTOS
AIRFLOW_CTX_TASK_ID=BRONZE_CRIPTO_DOGE
AIRFLOW_CTX_EXECUTION_DATE=2024-01-24T00:00:00+00:00
AIRFLOW_CTX_TRY_NUMBER=1
AIRFLOW_CTX_DAG_RUN_ID=scheduled__2024-01-24T00:00:00+00:00
[2024-09-16 00:14:50,551] {history.py:122} ERROR - $DOGE: possibly delisted; no timezone found
[2024-09-16 00:14:50,555] {python.py:173} INFO - Done. Returned value was: None
[2024-09-16 00:14:50,632] {taskinstance.py:1395} INFO - Marking task as SUCCESS. dag_id=BRONZER_GET_CRIPTOS, task_id=BRONZE_CRIPTO_DOGE, execution_date=20240124T000000, start_date=20240916T031446, end_date=20240916T031450
[2024-09-16 00:14:50,740] {local_task_job.py:156} INFO - Task exited with return code 0
[2024-09-16 00:14:50,943] {local_task_job.py:273} INFO - 0 downstream tasks scheduled from follow-on schedule check
