[2024-09-16 00:07:29,373] {taskinstance.py:1159} INFO - Dependencies all met for <TaskInstance: BRONZER_GET_CRIPTOS.BRONZE_CRIPTO_BTC scheduled__2024-07-17T00:00:00+00:00 [queued]>
[2024-09-16 00:07:29,383] {taskinstance.py:1159} INFO - Dependencies all met for <TaskInstance: BRONZER_GET_CRIPTOS.BRONZE_CRIPTO_BTC scheduled__2024-07-17T00:00:00+00:00 [queued]>
[2024-09-16 00:07:29,383] {taskinstance.py:1356} INFO - 
--------------------------------------------------------------------------------
[2024-09-16 00:07:29,383] {taskinstance.py:1357} INFO - Starting attempt 1 of 1
[2024-09-16 00:07:29,383] {taskinstance.py:1358} INFO - 
--------------------------------------------------------------------------------
[2024-09-16 00:07:29,399] {taskinstance.py:1377} INFO - Executing <Task(_PythonDecoratedOperator): BRONZE_CRIPTO_BTC> on 2024-07-17 00:00:00+00:00
[2024-09-16 00:07:29,405] {standard_task_runner.py:52} INFO - Started process 39484 to run task
[2024-09-16 00:07:29,433] {standard_task_runner.py:79} INFO - Running: ['airflow', 'tasks', 'run', 'BRONZER_GET_CRIPTOS', 'BRONZE_CRIPTO_BTC', 'scheduled__2024-07-17T00:00:00+00:00', '--job-id', '1250', '--raw', '--subdir', 'DAGS_FOLDER/get_cripto.py', '--cfg-path', '/tmp/tmphf4ikajd', '--error-file', '/tmp/tmpapvgwj_5']
[2024-09-16 00:07:29,434] {standard_task_runner.py:80} INFO - Job 1250: Subtask BRONZE_CRIPTO_BTC
[2024-09-16 00:07:29,597] {task_command.py:370} INFO - Running <TaskInstance: BRONZER_GET_CRIPTOS.BRONZE_CRIPTO_BTC scheduled__2024-07-17T00:00:00+00:00 [running]> on host kaiwang.
[2024-09-16 00:07:29,741] {taskinstance.py:1569} INFO - Exporting the following env vars:
AIRFLOW_CTX_DAG_OWNER=airflow
AIRFLOW_CTX_DAG_ID=BRONZER_GET_CRIPTOS
AIRFLOW_CTX_TASK_ID=BRONZE_CRIPTO_BTC
AIRFLOW_CTX_EXECUTION_DATE=2024-07-17T00:00:00+00:00
AIRFLOW_CTX_TRY_NUMBER=1
AIRFLOW_CTX_DAG_RUN_ID=scheduled__2024-07-17T00:00:00+00:00
[2024-09-16 00:07:32,534] {history.py:244} ERROR - $BTC: possibly delisted; no price data found  (1h 2024-07-14 -> 2024-07-17) (Yahoo error = "Data doesn't exist for startDate = 1720929600, endDate = 1721188800")
[2024-09-16 00:07:32,536] {python.py:173} INFO - Done. Returned value was: None
[2024-09-16 00:07:32,551] {taskinstance.py:1395} INFO - Marking task as SUCCESS. dag_id=BRONZER_GET_CRIPTOS, task_id=BRONZE_CRIPTO_BTC, execution_date=20240717T000000, start_date=20240916T030729, end_date=20240916T030732
[2024-09-16 00:07:32,601] {local_task_job.py:156} INFO - Task exited with return code 0
[2024-09-16 00:07:32,678] {local_task_job.py:273} INFO - 0 downstream tasks scheduled from follow-on schedule check
