[2024-09-16 00:06:24,793] {taskinstance.py:1159} INFO - Dependencies all met for <TaskInstance: BRONZER_GET_CRIPTOS.BRONZE_CRIPTO_AVAX scheduled__2024-05-28T00:00:00+00:00 [queued]>
[2024-09-16 00:06:24,834] {taskinstance.py:1159} INFO - Dependencies all met for <TaskInstance: BRONZER_GET_CRIPTOS.BRONZE_CRIPTO_AVAX scheduled__2024-05-28T00:00:00+00:00 [queued]>
[2024-09-16 00:06:24,834] {taskinstance.py:1356} INFO - 
--------------------------------------------------------------------------------
[2024-09-16 00:06:24,834] {taskinstance.py:1357} INFO - Starting attempt 1 of 1
[2024-09-16 00:06:24,835] {taskinstance.py:1358} INFO - 
--------------------------------------------------------------------------------
[2024-09-16 00:06:24,892] {taskinstance.py:1377} INFO - Executing <Task(_PythonDecoratedOperator): BRONZE_CRIPTO_AVAX> on 2024-05-28 00:00:00+00:00
[2024-09-16 00:06:24,898] {standard_task_runner.py:52} INFO - Started process 34142 to run task
[2024-09-16 00:06:24,926] {standard_task_runner.py:79} INFO - Running: ['airflow', 'tasks', 'run', 'BRONZER_GET_CRIPTOS', 'BRONZE_CRIPTO_AVAX', 'scheduled__2024-05-28T00:00:00+00:00', '--job-id', '936', '--raw', '--subdir', 'DAGS_FOLDER/get_cripto.py', '--cfg-path', '/tmp/tmpglwt9pa2', '--error-file', '/tmp/tmpl6ugnx8e']
[2024-09-16 00:06:24,927] {standard_task_runner.py:80} INFO - Job 936: Subtask BRONZE_CRIPTO_AVAX
[2024-09-16 00:06:25,214] {task_command.py:370} INFO - Running <TaskInstance: BRONZER_GET_CRIPTOS.BRONZE_CRIPTO_AVAX scheduled__2024-05-28T00:00:00+00:00 [running]> on host kaiwang.
[2024-09-16 00:06:25,579] {taskinstance.py:1569} INFO - Exporting the following env vars:
AIRFLOW_CTX_DAG_OWNER=airflow
AIRFLOW_CTX_DAG_ID=BRONZER_GET_CRIPTOS
AIRFLOW_CTX_TASK_ID=BRONZE_CRIPTO_AVAX
AIRFLOW_CTX_EXECUTION_DATE=2024-05-28T00:00:00+00:00
AIRFLOW_CTX_TRY_NUMBER=1
AIRFLOW_CTX_DAG_RUN_ID=scheduled__2024-05-28T00:00:00+00:00
[2024-09-16 00:06:28,138] {history.py:122} ERROR - $AVAX: possibly delisted; no timezone found
[2024-09-16 00:06:28,142] {python.py:173} INFO - Done. Returned value was: None
[2024-09-16 00:06:28,248] {taskinstance.py:1395} INFO - Marking task as SUCCESS. dag_id=BRONZER_GET_CRIPTOS, task_id=BRONZE_CRIPTO_AVAX, execution_date=20240528T000000, start_date=20240916T030624, end_date=20240916T030628
[2024-09-16 00:06:28,334] {local_task_job.py:156} INFO - Task exited with return code 0
[2024-09-16 00:06:28,651] {local_task_job.py:273} INFO - 0 downstream tasks scheduled from follow-on schedule check
