[2024-09-16 00:04:13,333] {taskinstance.py:1159} INFO - Dependencies all met for <TaskInstance: BRONZER_GET_CRIPTOS.BRONZE_CRIPTO_BTC scheduled__2024-02-24T00:00:00+00:00 [queued]>
[2024-09-16 00:04:13,384] {taskinstance.py:1159} INFO - Dependencies all met for <TaskInstance: BRONZER_GET_CRIPTOS.BRONZE_CRIPTO_BTC scheduled__2024-02-24T00:00:00+00:00 [queued]>
[2024-09-16 00:04:13,385] {taskinstance.py:1356} INFO - 
--------------------------------------------------------------------------------
[2024-09-16 00:04:13,385] {taskinstance.py:1357} INFO - Starting attempt 1 of 1
[2024-09-16 00:04:13,385] {taskinstance.py:1358} INFO - 
--------------------------------------------------------------------------------
[2024-09-16 00:04:13,444] {taskinstance.py:1377} INFO - Executing <Task(_PythonDecoratedOperator): BRONZE_CRIPTO_BTC> on 2024-02-24 00:00:00+00:00
[2024-09-16 00:04:13,450] {standard_task_runner.py:52} INFO - Started process 23512 to run task
[2024-09-16 00:04:13,497] {standard_task_runner.py:79} INFO - Running: ['airflow', 'tasks', 'run', 'BRONZER_GET_CRIPTOS', 'BRONZE_CRIPTO_BTC', 'scheduled__2024-02-24T00:00:00+00:00', '--job-id', '318', '--raw', '--subdir', 'DAGS_FOLDER/get_cripto.py', '--cfg-path', '/tmp/tmpqkcn29qe', '--error-file', '/tmp/tmpjldrwcey']
[2024-09-16 00:04:13,498] {standard_task_runner.py:80} INFO - Job 318: Subtask BRONZE_CRIPTO_BTC
[2024-09-16 00:04:13,813] {task_command.py:370} INFO - Running <TaskInstance: BRONZER_GET_CRIPTOS.BRONZE_CRIPTO_BTC scheduled__2024-02-24T00:00:00+00:00 [running]> on host kaiwang.
[2024-09-16 00:04:14,146] {taskinstance.py:1569} INFO - Exporting the following env vars:
AIRFLOW_CTX_DAG_OWNER=airflow
AIRFLOW_CTX_DAG_ID=BRONZER_GET_CRIPTOS
AIRFLOW_CTX_TASK_ID=BRONZE_CRIPTO_BTC
AIRFLOW_CTX_EXECUTION_DATE=2024-02-24T00:00:00+00:00
AIRFLOW_CTX_TRY_NUMBER=1
AIRFLOW_CTX_DAG_RUN_ID=scheduled__2024-02-24T00:00:00+00:00
[2024-09-16 00:04:16,568] {history.py:244} ERROR - $BTC: possibly delisted; no price data found  (1h 2024-02-21 -> 2024-02-24) (Yahoo error = "Data doesn't exist for startDate = 1708491600, endDate = 1708750800")
[2024-09-16 00:04:16,573] {python.py:173} INFO - Done. Returned value was: None
[2024-09-16 00:04:16,772] {taskinstance.py:1395} INFO - Marking task as SUCCESS. dag_id=BRONZER_GET_CRIPTOS, task_id=BRONZE_CRIPTO_BTC, execution_date=20240224T000000, start_date=20240916T030413, end_date=20240916T030416
[2024-09-16 00:04:16,849] {local_task_job.py:156} INFO - Task exited with return code 0
[2024-09-16 00:04:16,966] {local_task_job.py:273} INFO - 0 downstream tasks scheduled from follow-on schedule check
[2024-09-16 00:15:29,293] {taskinstance.py:1159} INFO - Dependencies all met for <TaskInstance: BRONZER_GET_CRIPTOS.BRONZE_CRIPTO_BTC scheduled__2024-02-24T00:00:00+00:00 [queued]>
[2024-09-16 00:15:29,333] {taskinstance.py:1159} INFO - Dependencies all met for <TaskInstance: BRONZER_GET_CRIPTOS.BRONZE_CRIPTO_BTC scheduled__2024-02-24T00:00:00+00:00 [queued]>
[2024-09-16 00:15:29,333] {taskinstance.py:1356} INFO - 
--------------------------------------------------------------------------------
[2024-09-16 00:15:29,333] {taskinstance.py:1357} INFO - Starting attempt 1 of 1
[2024-09-16 00:15:29,334] {taskinstance.py:1358} INFO - 
--------------------------------------------------------------------------------
[2024-09-16 00:15:29,368] {taskinstance.py:1377} INFO - Executing <Task(_PythonDecoratedOperator): BRONZE_CRIPTO_BTC> on 2024-02-24 00:00:00+00:00
[2024-09-16 00:15:29,374] {standard_task_runner.py:52} INFO - Started process 54828 to run task
[2024-09-16 00:15:29,406] {standard_task_runner.py:79} INFO - Running: ['airflow', 'tasks', 'run', 'BRONZER_GET_CRIPTOS', 'BRONZE_CRIPTO_BTC', 'scheduled__2024-02-24T00:00:00+00:00', '--job-id', '2115', '--raw', '--subdir', 'DAGS_FOLDER/get_cripto.py', '--cfg-path', '/tmp/tmpsudyinip', '--error-file', '/tmp/tmpedbb40m2']
[2024-09-16 00:15:29,407] {standard_task_runner.py:80} INFO - Job 2115: Subtask BRONZE_CRIPTO_BTC
[2024-09-16 00:15:29,618] {task_command.py:370} INFO - Running <TaskInstance: BRONZER_GET_CRIPTOS.BRONZE_CRIPTO_BTC scheduled__2024-02-24T00:00:00+00:00 [running]> on host kaiwang.
[2024-09-16 00:15:30,041] {taskinstance.py:1569} INFO - Exporting the following env vars:
AIRFLOW_CTX_DAG_OWNER=airflow
AIRFLOW_CTX_DAG_ID=BRONZER_GET_CRIPTOS
AIRFLOW_CTX_TASK_ID=BRONZE_CRIPTO_BTC
AIRFLOW_CTX_EXECUTION_DATE=2024-02-24T00:00:00+00:00
AIRFLOW_CTX_TRY_NUMBER=1
AIRFLOW_CTX_DAG_RUN_ID=scheduled__2024-02-24T00:00:00+00:00
[2024-09-16 00:15:32,257] {history.py:244} ERROR - $BTC: possibly delisted; no price data found  (1h 2024-02-21 -> 2024-02-24) (Yahoo error = "Data doesn't exist for startDate = 1708491600, endDate = 1708750800")
[2024-09-16 00:15:32,261] {python.py:173} INFO - Done. Returned value was: None
[2024-09-16 00:15:32,283] {taskinstance.py:1395} INFO - Marking task as SUCCESS. dag_id=BRONZER_GET_CRIPTOS, task_id=BRONZE_CRIPTO_BTC, execution_date=20240224T000000, start_date=20240916T031529, end_date=20240916T031532
[2024-09-16 00:15:32,342] {local_task_job.py:156} INFO - Task exited with return code 0
[2024-09-16 00:15:32,402] {local_task_job.py:273} INFO - 0 downstream tasks scheduled from follow-on schedule check
