[2024-09-16 00:07:11,363] {taskinstance.py:1159} INFO - Dependencies all met for <TaskInstance: BRONZER_GET_STONCKS.BRONZE_STONCKS_GOOG scheduled__2024-08-08T00:00:00+00:00 [queued]>
[2024-09-16 00:07:11,398] {taskinstance.py:1159} INFO - Dependencies all met for <TaskInstance: BRONZER_GET_STONCKS.BRONZE_STONCKS_GOOG scheduled__2024-08-08T00:00:00+00:00 [queued]>
[2024-09-16 00:07:11,398] {taskinstance.py:1356} INFO - 
--------------------------------------------------------------------------------
[2024-09-16 00:07:11,398] {taskinstance.py:1357} INFO - Starting attempt 1 of 1
[2024-09-16 00:07:11,398] {taskinstance.py:1358} INFO - 
--------------------------------------------------------------------------------
[2024-09-16 00:07:11,452] {taskinstance.py:1377} INFO - Executing <Task(_PythonDecoratedOperator): BRONZE_STONCKS_GOOG> on 2024-08-08 00:00:00+00:00
[2024-09-16 00:07:11,457] {standard_task_runner.py:52} INFO - Started process 37925 to run task
[2024-09-16 00:07:11,491] {standard_task_runner.py:79} INFO - Running: ['airflow', 'tasks', 'run', 'BRONZER_GET_STONCKS', 'BRONZE_STONCKS_GOOG', 'scheduled__2024-08-08T00:00:00+00:00', '--job-id', '1158', '--raw', '--subdir', 'DAGS_FOLDER/get_stocks.py', '--cfg-path', '/tmp/tmpzgr8x4hm', '--error-file', '/tmp/tmpdvdr0b4t']
[2024-09-16 00:07:11,492] {standard_task_runner.py:80} INFO - Job 1158: Subtask BRONZE_STONCKS_GOOG
[2024-09-16 00:07:11,779] {task_command.py:370} INFO - Running <TaskInstance: BRONZER_GET_STONCKS.BRONZE_STONCKS_GOOG scheduled__2024-08-08T00:00:00+00:00 [running]> on host kaiwang.
[2024-09-16 00:07:12,144] {taskinstance.py:1569} INFO - Exporting the following env vars:
AIRFLOW_CTX_DAG_OWNER=airflow
AIRFLOW_CTX_DAG_ID=BRONZER_GET_STONCKS
AIRFLOW_CTX_TASK_ID=BRONZE_STONCKS_GOOG
AIRFLOW_CTX_EXECUTION_DATE=2024-08-08T00:00:00+00:00
AIRFLOW_CTX_TRY_NUMBER=1
AIRFLOW_CTX_DAG_RUN_ID=scheduled__2024-08-08T00:00:00+00:00
[2024-09-16 00:07:12,920] {python.py:173} INFO - Done. Returned value was: None
[2024-09-16 00:07:12,976] {taskinstance.py:1395} INFO - Marking task as SUCCESS. dag_id=BRONZER_GET_STONCKS, task_id=BRONZE_STONCKS_GOOG, execution_date=20240808T000000, start_date=20240916T030711, end_date=20240916T030712
[2024-09-16 00:07:13,059] {local_task_job.py:156} INFO - Task exited with return code 0
[2024-09-16 00:07:13,198] {local_task_job.py:273} INFO - 0 downstream tasks scheduled from follow-on schedule check
[2024-09-16 13:55:52,921] {taskinstance.py:1159} INFO - Dependencies all met for <TaskInstance: BRONZER_GET_STONCKS.BRONZE_STONCKS_GOOG scheduled__2024-08-08T00:00:00+00:00 [queued]>
[2024-09-16 13:55:52,938] {taskinstance.py:1159} INFO - Dependencies all met for <TaskInstance: BRONZER_GET_STONCKS.BRONZE_STONCKS_GOOG scheduled__2024-08-08T00:00:00+00:00 [queued]>
[2024-09-16 13:55:52,939] {taskinstance.py:1356} INFO - 
--------------------------------------------------------------------------------
[2024-09-16 13:55:52,939] {taskinstance.py:1357} INFO - Starting attempt 1 of 1
[2024-09-16 13:55:52,939] {taskinstance.py:1358} INFO - 
--------------------------------------------------------------------------------
[2024-09-16 13:55:52,975] {taskinstance.py:1377} INFO - Executing <Task(_PythonDecoratedOperator): BRONZE_STONCKS_GOOG> on 2024-08-08 00:00:00+00:00
[2024-09-16 13:55:52,983] {standard_task_runner.py:52} INFO - Started process 136774 to run task
[2024-09-16 13:55:52,994] {standard_task_runner.py:79} INFO - Running: ['airflow', 'tasks', 'run', 'BRONZER_GET_STONCKS', 'BRONZE_STONCKS_GOOG', 'scheduled__2024-08-08T00:00:00+00:00', '--job-id', '2479', '--raw', '--subdir', 'DAGS_FOLDER/get_stocks.py', '--cfg-path', '/tmp/tmp5e05lvrg', '--error-file', '/tmp/tmp566sz1i2']
[2024-09-16 13:55:52,996] {standard_task_runner.py:80} INFO - Job 2479: Subtask BRONZE_STONCKS_GOOG
[2024-09-16 13:55:53,175] {task_command.py:370} INFO - Running <TaskInstance: BRONZER_GET_STONCKS.BRONZE_STONCKS_GOOG scheduled__2024-08-08T00:00:00+00:00 [running]> on host kaiwang.
[2024-09-16 13:55:53,599] {taskinstance.py:1569} INFO - Exporting the following env vars:
AIRFLOW_CTX_DAG_OWNER=airflow
AIRFLOW_CTX_DAG_ID=BRONZER_GET_STONCKS
AIRFLOW_CTX_TASK_ID=BRONZE_STONCKS_GOOG
AIRFLOW_CTX_EXECUTION_DATE=2024-08-08T00:00:00+00:00
AIRFLOW_CTX_TRY_NUMBER=1
AIRFLOW_CTX_DAG_RUN_ID=scheduled__2024-08-08T00:00:00+00:00
[2024-09-16 13:55:54,230] {python.py:173} INFO - Done. Returned value was: None
[2024-09-16 13:55:54,289] {taskinstance.py:1395} INFO - Marking task as SUCCESS. dag_id=BRONZER_GET_STONCKS, task_id=BRONZE_STONCKS_GOOG, execution_date=20240808T000000, start_date=20240916T165552, end_date=20240916T165554
[2024-09-16 13:55:54,485] {local_task_job.py:156} INFO - Task exited with return code 0
[2024-09-16 13:55:54,684] {local_task_job.py:273} INFO - 0 downstream tasks scheduled from follow-on schedule check
