[2024-09-16 00:03:11,056] {taskinstance.py:1159} INFO - Dependencies all met for <TaskInstance: BRONZER_GET_STONCKS.BRONZE_STONCKS_TSLA scheduled__2024-01-11T00:00:00+00:00 [queued]>
[2024-09-16 00:03:11,075] {taskinstance.py:1159} INFO - Dependencies all met for <TaskInstance: BRONZER_GET_STONCKS.BRONZE_STONCKS_TSLA scheduled__2024-01-11T00:00:00+00:00 [queued]>
[2024-09-16 00:03:11,075] {taskinstance.py:1356} INFO - 
--------------------------------------------------------------------------------
[2024-09-16 00:03:11,075] {taskinstance.py:1357} INFO - Starting attempt 1 of 1
[2024-09-16 00:03:11,075] {taskinstance.py:1358} INFO - 
--------------------------------------------------------------------------------
[2024-09-16 00:03:11,096] {taskinstance.py:1377} INFO - Executing <Task(_PythonDecoratedOperator): BRONZE_STONCKS_TSLA> on 2024-01-11 00:00:00+00:00
[2024-09-16 00:03:11,103] {standard_task_runner.py:52} INFO - Started process 19031 to run task
[2024-09-16 00:03:11,108] {standard_task_runner.py:79} INFO - Running: ['airflow', 'tasks', 'run', 'BRONZER_GET_STONCKS', 'BRONZE_STONCKS_TSLA', 'scheduled__2024-01-11T00:00:00+00:00', '--job-id', '66', '--raw', '--subdir', 'DAGS_FOLDER/get_stocks.py', '--cfg-path', '/tmp/tmpaktd49ef', '--error-file', '/tmp/tmpu2z6kmtq']
[2024-09-16 00:03:11,110] {standard_task_runner.py:80} INFO - Job 66: Subtask BRONZE_STONCKS_TSLA
[2024-09-16 00:03:11,239] {task_command.py:370} INFO - Running <TaskInstance: BRONZER_GET_STONCKS.BRONZE_STONCKS_TSLA scheduled__2024-01-11T00:00:00+00:00 [running]> on host kaiwang.
[2024-09-16 00:03:11,383] {taskinstance.py:1569} INFO - Exporting the following env vars:
AIRFLOW_CTX_DAG_OWNER=airflow
AIRFLOW_CTX_DAG_ID=BRONZER_GET_STONCKS
AIRFLOW_CTX_TASK_ID=BRONZE_STONCKS_TSLA
AIRFLOW_CTX_EXECUTION_DATE=2024-01-11T00:00:00+00:00
AIRFLOW_CTX_TRY_NUMBER=1
AIRFLOW_CTX_DAG_RUN_ID=scheduled__2024-01-11T00:00:00+00:00
[2024-09-16 00:03:12,209] {python.py:173} INFO - Done. Returned value was: None
[2024-09-16 00:03:12,253] {taskinstance.py:1395} INFO - Marking task as SUCCESS. dag_id=BRONZER_GET_STONCKS, task_id=BRONZE_STONCKS_TSLA, execution_date=20240111T000000, start_date=20240916T030311, end_date=20240916T030312
[2024-09-16 00:03:12,327] {local_task_job.py:156} INFO - Task exited with return code 0
[2024-09-16 00:03:12,423] {local_task_job.py:273} INFO - 0 downstream tasks scheduled from follow-on schedule check
[2024-09-16 00:12:53,298] {taskinstance.py:1159} INFO - Dependencies all met for <TaskInstance: BRONZER_GET_STONCKS.BRONZE_STONCKS_TSLA scheduled__2024-01-11T00:00:00+00:00 [queued]>
[2024-09-16 00:12:53,314] {taskinstance.py:1159} INFO - Dependencies all met for <TaskInstance: BRONZER_GET_STONCKS.BRONZE_STONCKS_TSLA scheduled__2024-01-11T00:00:00+00:00 [queued]>
[2024-09-16 00:12:53,314] {taskinstance.py:1356} INFO - 
--------------------------------------------------------------------------------
[2024-09-16 00:12:53,314] {taskinstance.py:1357} INFO - Starting attempt 1 of 1
[2024-09-16 00:12:53,314] {taskinstance.py:1358} INFO - 
--------------------------------------------------------------------------------
[2024-09-16 00:12:53,358] {taskinstance.py:1377} INFO - Executing <Task(_PythonDecoratedOperator): BRONZE_STONCKS_TSLA> on 2024-01-11 00:00:00+00:00
[2024-09-16 00:12:53,369] {standard_task_runner.py:52} INFO - Started process 44561 to run task
[2024-09-16 00:12:53,379] {standard_task_runner.py:79} INFO - Running: ['airflow', 'tasks', 'run', 'BRONZER_GET_STONCKS', 'BRONZE_STONCKS_TSLA', 'scheduled__2024-01-11T00:00:00+00:00', '--job-id', '1535', '--raw', '--subdir', 'DAGS_FOLDER/get_stocks.py', '--cfg-path', '/tmp/tmpa_wr6dk6', '--error-file', '/tmp/tmpwqrkvodi']
[2024-09-16 00:12:53,382] {standard_task_runner.py:80} INFO - Job 1535: Subtask BRONZE_STONCKS_TSLA
[2024-09-16 00:12:53,506] {task_command.py:370} INFO - Running <TaskInstance: BRONZER_GET_STONCKS.BRONZE_STONCKS_TSLA scheduled__2024-01-11T00:00:00+00:00 [running]> on host kaiwang.
[2024-09-16 00:12:53,661] {taskinstance.py:1569} INFO - Exporting the following env vars:
AIRFLOW_CTX_DAG_OWNER=airflow
AIRFLOW_CTX_DAG_ID=BRONZER_GET_STONCKS
AIRFLOW_CTX_TASK_ID=BRONZE_STONCKS_TSLA
AIRFLOW_CTX_EXECUTION_DATE=2024-01-11T00:00:00+00:00
AIRFLOW_CTX_TRY_NUMBER=1
AIRFLOW_CTX_DAG_RUN_ID=scheduled__2024-01-11T00:00:00+00:00
[2024-09-16 00:12:54,313] {python.py:173} INFO - Done. Returned value was: None
[2024-09-16 00:12:54,355] {taskinstance.py:1395} INFO - Marking task as SUCCESS. dag_id=BRONZER_GET_STONCKS, task_id=BRONZE_STONCKS_TSLA, execution_date=20240111T000000, start_date=20240916T031253, end_date=20240916T031254
[2024-09-16 00:12:54,486] {local_task_job.py:156} INFO - Task exited with return code 0
[2024-09-16 00:12:54,703] {local_task_job.py:273} INFO - 0 downstream tasks scheduled from follow-on schedule check
[2024-09-16 00:14:27,425] {taskinstance.py:1159} INFO - Dependencies all met for <TaskInstance: BRONZER_GET_STONCKS.BRONZE_STONCKS_TSLA scheduled__2024-01-11T00:00:00+00:00 [queued]>
[2024-09-16 00:14:27,507] {taskinstance.py:1159} INFO - Dependencies all met for <TaskInstance: BRONZER_GET_STONCKS.BRONZE_STONCKS_TSLA scheduled__2024-01-11T00:00:00+00:00 [queued]>
[2024-09-16 00:14:27,508] {taskinstance.py:1356} INFO - 
--------------------------------------------------------------------------------
[2024-09-16 00:14:27,508] {taskinstance.py:1357} INFO - Starting attempt 1 of 1
[2024-09-16 00:14:27,508] {taskinstance.py:1358} INFO - 
--------------------------------------------------------------------------------
[2024-09-16 00:14:27,586] {taskinstance.py:1377} INFO - Executing <Task(_PythonDecoratedOperator): BRONZE_STONCKS_TSLA> on 2024-01-11 00:00:00+00:00
[2024-09-16 00:14:27,591] {standard_task_runner.py:52} INFO - Started process 49891 to run task
[2024-09-16 00:14:27,651] {standard_task_runner.py:79} INFO - Running: ['airflow', 'tasks', 'run', 'BRONZER_GET_STONCKS', 'BRONZE_STONCKS_TSLA', 'scheduled__2024-01-11T00:00:00+00:00', '--job-id', '1844', '--raw', '--subdir', 'DAGS_FOLDER/get_stocks.py', '--cfg-path', '/tmp/tmpazesut65', '--error-file', '/tmp/tmp5w296cku']
[2024-09-16 00:14:27,652] {standard_task_runner.py:80} INFO - Job 1844: Subtask BRONZE_STONCKS_TSLA
[2024-09-16 00:14:28,059] {task_command.py:370} INFO - Running <TaskInstance: BRONZER_GET_STONCKS.BRONZE_STONCKS_TSLA scheduled__2024-01-11T00:00:00+00:00 [running]> on host kaiwang.
[2024-09-16 00:14:28,441] {taskinstance.py:1569} INFO - Exporting the following env vars:
AIRFLOW_CTX_DAG_OWNER=airflow
AIRFLOW_CTX_DAG_ID=BRONZER_GET_STONCKS
AIRFLOW_CTX_TASK_ID=BRONZE_STONCKS_TSLA
AIRFLOW_CTX_EXECUTION_DATE=2024-01-11T00:00:00+00:00
AIRFLOW_CTX_TRY_NUMBER=1
AIRFLOW_CTX_DAG_RUN_ID=scheduled__2024-01-11T00:00:00+00:00
[2024-09-16 00:14:29,289] {python.py:173} INFO - Done. Returned value was: None
[2024-09-16 00:14:29,317] {taskinstance.py:1395} INFO - Marking task as SUCCESS. dag_id=BRONZER_GET_STONCKS, task_id=BRONZE_STONCKS_TSLA, execution_date=20240111T000000, start_date=20240916T031427, end_date=20240916T031429
[2024-09-16 00:14:29,377] {local_task_job.py:156} INFO - Task exited with return code 0
[2024-09-16 00:14:29,423] {local_task_job.py:273} INFO - 0 downstream tasks scheduled from follow-on schedule check
