[2024-09-16 00:04:48,944] {taskinstance.py:1159} INFO - Dependencies all met for <TaskInstance: BRONZER_GET_STONCKS.BRONZE_STONCKS_MSFT scheduled__2024-03-30T00:00:00+00:00 [queued]>
[2024-09-16 00:04:49,009] {taskinstance.py:1159} INFO - Dependencies all met for <TaskInstance: BRONZER_GET_STONCKS.BRONZE_STONCKS_MSFT scheduled__2024-03-30T00:00:00+00:00 [queued]>
[2024-09-16 00:04:49,010] {taskinstance.py:1356} INFO - 
--------------------------------------------------------------------------------
[2024-09-16 00:04:49,010] {taskinstance.py:1357} INFO - Starting attempt 1 of 1
[2024-09-16 00:04:49,010] {taskinstance.py:1358} INFO - 
--------------------------------------------------------------------------------
[2024-09-16 00:04:49,143] {taskinstance.py:1377} INFO - Executing <Task(_PythonDecoratedOperator): BRONZE_STONCKS_MSFT> on 2024-03-30 00:00:00+00:00
[2024-09-16 00:04:49,193] {standard_task_runner.py:52} INFO - Started process 26387 to run task
[2024-09-16 00:04:49,228] {standard_task_runner.py:79} INFO - Running: ['airflow', 'tasks', 'run', 'BRONZER_GET_STONCKS', 'BRONZE_STONCKS_MSFT', 'scheduled__2024-03-30T00:00:00+00:00', '--job-id', '484', '--raw', '--subdir', 'DAGS_FOLDER/get_stocks.py', '--cfg-path', '/tmp/tmpzetwavcs', '--error-file', '/tmp/tmp620rs18s']
[2024-09-16 00:04:49,230] {standard_task_runner.py:80} INFO - Job 484: Subtask BRONZE_STONCKS_MSFT
[2024-09-16 00:04:49,804] {task_command.py:370} INFO - Running <TaskInstance: BRONZER_GET_STONCKS.BRONZE_STONCKS_MSFT scheduled__2024-03-30T00:00:00+00:00 [running]> on host kaiwang.
[2024-09-16 00:04:50,156] {taskinstance.py:1569} INFO - Exporting the following env vars:
AIRFLOW_CTX_DAG_OWNER=airflow
AIRFLOW_CTX_DAG_ID=BRONZER_GET_STONCKS
AIRFLOW_CTX_TASK_ID=BRONZE_STONCKS_MSFT
AIRFLOW_CTX_EXECUTION_DATE=2024-03-30T00:00:00+00:00
AIRFLOW_CTX_TRY_NUMBER=1
AIRFLOW_CTX_DAG_RUN_ID=scheduled__2024-03-30T00:00:00+00:00
[2024-09-16 00:04:50,868] {python.py:173} INFO - Done. Returned value was: None
[2024-09-16 00:04:50,977] {taskinstance.py:1395} INFO - Marking task as SUCCESS. dag_id=BRONZER_GET_STONCKS, task_id=BRONZE_STONCKS_MSFT, execution_date=20240330T000000, start_date=20240916T030448, end_date=20240916T030450
[2024-09-16 00:04:51,104] {local_task_job.py:156} INFO - Task exited with return code 0
[2024-09-16 00:04:51,296] {local_task_job.py:273} INFO - 0 downstream tasks scheduled from follow-on schedule check
[2024-09-16 00:15:55,316] {taskinstance.py:1159} INFO - Dependencies all met for <TaskInstance: BRONZER_GET_STONCKS.BRONZE_STONCKS_MSFT scheduled__2024-03-30T00:00:00+00:00 [queued]>
[2024-09-16 00:15:55,396] {taskinstance.py:1159} INFO - Dependencies all met for <TaskInstance: BRONZER_GET_STONCKS.BRONZE_STONCKS_MSFT scheduled__2024-03-30T00:00:00+00:00 [queued]>
[2024-09-16 00:15:55,397] {taskinstance.py:1356} INFO - 
--------------------------------------------------------------------------------
[2024-09-16 00:15:55,397] {taskinstance.py:1357} INFO - Starting attempt 1 of 1
[2024-09-16 00:15:55,397] {taskinstance.py:1358} INFO - 
--------------------------------------------------------------------------------
[2024-09-16 00:15:55,476] {taskinstance.py:1377} INFO - Executing <Task(_PythonDecoratedOperator): BRONZE_STONCKS_MSFT> on 2024-03-30 00:00:00+00:00
[2024-09-16 00:15:55,525] {standard_task_runner.py:79} INFO - Running: ['airflow', 'tasks', 'run', 'BRONZER_GET_STONCKS', 'BRONZE_STONCKS_MSFT', 'scheduled__2024-03-30T00:00:00+00:00', '--job-id', '2261', '--raw', '--subdir', 'DAGS_FOLDER/get_stocks.py', '--cfg-path', '/tmp/tmpr86r2c75', '--error-file', '/tmp/tmpah3mwnke']
[2024-09-16 00:15:55,526] {standard_task_runner.py:80} INFO - Job 2261: Subtask BRONZE_STONCKS_MSFT
[2024-09-16 00:15:55,497] {standard_task_runner.py:52} INFO - Started process 57105 to run task
[2024-09-16 00:15:55,765] {task_command.py:370} INFO - Running <TaskInstance: BRONZER_GET_STONCKS.BRONZE_STONCKS_MSFT scheduled__2024-03-30T00:00:00+00:00 [running]> on host kaiwang.
[2024-09-16 00:15:55,911] {taskinstance.py:1569} INFO - Exporting the following env vars:
AIRFLOW_CTX_DAG_OWNER=airflow
AIRFLOW_CTX_DAG_ID=BRONZER_GET_STONCKS
AIRFLOW_CTX_TASK_ID=BRONZE_STONCKS_MSFT
AIRFLOW_CTX_EXECUTION_DATE=2024-03-30T00:00:00+00:00
AIRFLOW_CTX_TRY_NUMBER=1
AIRFLOW_CTX_DAG_RUN_ID=scheduled__2024-03-30T00:00:00+00:00
[2024-09-16 00:15:56,645] {python.py:173} INFO - Done. Returned value was: None
[2024-09-16 00:15:56,665] {taskinstance.py:1395} INFO - Marking task as SUCCESS. dag_id=BRONZER_GET_STONCKS, task_id=BRONZE_STONCKS_MSFT, execution_date=20240330T000000, start_date=20240916T031555, end_date=20240916T031556
[2024-09-16 00:15:56,717] {local_task_job.py:156} INFO - Task exited with return code 0
[2024-09-16 00:15:56,775] {local_task_job.py:273} INFO - 0 downstream tasks scheduled from follow-on schedule check
