[2024-09-16 00:04:03,335] {taskinstance.py:1159} INFO - Dependencies all met for <TaskInstance: BRONZER_GET_CRIPTOS.BRONZE_CRIPTO_DOGE scheduled__2024-02-15T00:00:00+00:00 [queued]>
[2024-09-16 00:04:03,359] {taskinstance.py:1159} INFO - Dependencies all met for <TaskInstance: BRONZER_GET_CRIPTOS.BRONZE_CRIPTO_DOGE scheduled__2024-02-15T00:00:00+00:00 [queued]>
[2024-09-16 00:04:03,359] {taskinstance.py:1356} INFO - 
--------------------------------------------------------------------------------
[2024-09-16 00:04:03,359] {taskinstance.py:1357} INFO - Starting attempt 1 of 1
[2024-09-16 00:04:03,359] {taskinstance.py:1358} INFO - 
--------------------------------------------------------------------------------
[2024-09-16 00:04:03,404] {taskinstance.py:1377} INFO - Executing <Task(_PythonDecoratedOperator): BRONZE_CRIPTO_DOGE> on 2024-02-15 00:00:00+00:00
[2024-09-16 00:04:03,411] {standard_task_runner.py:52} INFO - Started process 22784 to run task
[2024-09-16 00:04:03,437] {standard_task_runner.py:79} INFO - Running: ['airflow', 'tasks', 'run', 'BRONZER_GET_CRIPTOS', 'BRONZE_CRIPTO_DOGE', 'scheduled__2024-02-15T00:00:00+00:00', '--job-id', '277', '--raw', '--subdir', 'DAGS_FOLDER/get_cripto.py', '--cfg-path', '/tmp/tmpmtht08ir', '--error-file', '/tmp/tmpc08zet4x']
[2024-09-16 00:04:03,438] {standard_task_runner.py:80} INFO - Job 277: Subtask BRONZE_CRIPTO_DOGE
[2024-09-16 00:04:03,665] {task_command.py:370} INFO - Running <TaskInstance: BRONZER_GET_CRIPTOS.BRONZE_CRIPTO_DOGE scheduled__2024-02-15T00:00:00+00:00 [running]> on host kaiwang.
[2024-09-16 00:04:03,956] {taskinstance.py:1569} INFO - Exporting the following env vars:
AIRFLOW_CTX_DAG_OWNER=airflow
AIRFLOW_CTX_DAG_ID=BRONZER_GET_CRIPTOS
AIRFLOW_CTX_TASK_ID=BRONZE_CRIPTO_DOGE
AIRFLOW_CTX_EXECUTION_DATE=2024-02-15T00:00:00+00:00
AIRFLOW_CTX_TRY_NUMBER=1
AIRFLOW_CTX_DAG_RUN_ID=scheduled__2024-02-15T00:00:00+00:00
[2024-09-16 00:04:08,404] {history.py:122} ERROR - $DOGE: possibly delisted; no timezone found
[2024-09-16 00:04:08,411] {python.py:173} INFO - Done. Returned value was: None
[2024-09-16 00:04:08,715] {taskinstance.py:1395} INFO - Marking task as SUCCESS. dag_id=BRONZER_GET_CRIPTOS, task_id=BRONZE_CRIPTO_DOGE, execution_date=20240215T000000, start_date=20240916T030403, end_date=20240916T030408
[2024-09-16 00:04:08,820] {local_task_job.py:156} INFO - Task exited with return code 0
[2024-09-16 00:04:08,973] {local_task_job.py:273} INFO - 0 downstream tasks scheduled from follow-on schedule check
[2024-09-16 00:13:41,563] {taskinstance.py:1159} INFO - Dependencies all met for <TaskInstance: BRONZER_GET_CRIPTOS.BRONZE_CRIPTO_DOGE scheduled__2024-02-15T00:00:00+00:00 [queued]>
[2024-09-16 00:13:41,617] {taskinstance.py:1159} INFO - Dependencies all met for <TaskInstance: BRONZER_GET_CRIPTOS.BRONZE_CRIPTO_DOGE scheduled__2024-02-15T00:00:00+00:00 [queued]>
[2024-09-16 00:13:41,617] {taskinstance.py:1356} INFO - 
--------------------------------------------------------------------------------
[2024-09-16 00:13:41,617] {taskinstance.py:1357} INFO - Starting attempt 1 of 1
[2024-09-16 00:13:41,617] {taskinstance.py:1358} INFO - 
--------------------------------------------------------------------------------
[2024-09-16 00:13:41,682] {taskinstance.py:1377} INFO - Executing <Task(_PythonDecoratedOperator): BRONZE_CRIPTO_DOGE> on 2024-02-15 00:00:00+00:00
[2024-09-16 00:13:41,689] {standard_task_runner.py:52} INFO - Started process 48406 to run task
[2024-09-16 00:13:41,706] {standard_task_runner.py:79} INFO - Running: ['airflow', 'tasks', 'run', 'BRONZER_GET_CRIPTOS', 'BRONZE_CRIPTO_DOGE', 'scheduled__2024-02-15T00:00:00+00:00', '--job-id', '1754', '--raw', '--subdir', 'DAGS_FOLDER/get_cripto.py', '--cfg-path', '/tmp/tmpq9ahaewn', '--error-file', '/tmp/tmpwbbuvwzf']
[2024-09-16 00:13:41,707] {standard_task_runner.py:80} INFO - Job 1754: Subtask BRONZE_CRIPTO_DOGE
[2024-09-16 00:13:41,939] {task_command.py:370} INFO - Running <TaskInstance: BRONZER_GET_CRIPTOS.BRONZE_CRIPTO_DOGE scheduled__2024-02-15T00:00:00+00:00 [running]> on host kaiwang.
[2024-09-16 00:13:42,234] {taskinstance.py:1569} INFO - Exporting the following env vars:
AIRFLOW_CTX_DAG_OWNER=airflow
AIRFLOW_CTX_DAG_ID=BRONZER_GET_CRIPTOS
AIRFLOW_CTX_TASK_ID=BRONZE_CRIPTO_DOGE
AIRFLOW_CTX_EXECUTION_DATE=2024-02-15T00:00:00+00:00
AIRFLOW_CTX_TRY_NUMBER=1
AIRFLOW_CTX_DAG_RUN_ID=scheduled__2024-02-15T00:00:00+00:00
[2024-09-16 00:13:45,101] {history.py:122} ERROR - $DOGE: possibly delisted; no timezone found
[2024-09-16 00:13:45,105] {python.py:173} INFO - Done. Returned value was: None
[2024-09-16 00:13:45,169] {taskinstance.py:1395} INFO - Marking task as SUCCESS. dag_id=BRONZER_GET_CRIPTOS, task_id=BRONZE_CRIPTO_DOGE, execution_date=20240215T000000, start_date=20240916T031341, end_date=20240916T031345
[2024-09-16 00:13:45,257] {local_task_job.py:156} INFO - Task exited with return code 0
[2024-09-16 00:13:45,404] {local_task_job.py:273} INFO - 0 downstream tasks scheduled from follow-on schedule check
[2024-09-16 00:15:17,034] {taskinstance.py:1159} INFO - Dependencies all met for <TaskInstance: BRONZER_GET_CRIPTOS.BRONZE_CRIPTO_DOGE scheduled__2024-02-15T00:00:00+00:00 [queued]>
[2024-09-16 00:15:17,078] {taskinstance.py:1159} INFO - Dependencies all met for <TaskInstance: BRONZER_GET_CRIPTOS.BRONZE_CRIPTO_DOGE scheduled__2024-02-15T00:00:00+00:00 [queued]>
[2024-09-16 00:15:17,079] {taskinstance.py:1356} INFO - 
--------------------------------------------------------------------------------
[2024-09-16 00:15:17,079] {taskinstance.py:1357} INFO - Starting attempt 1 of 1
[2024-09-16 00:15:17,079] {taskinstance.py:1358} INFO - 
--------------------------------------------------------------------------------
[2024-09-16 00:15:17,122] {taskinstance.py:1377} INFO - Executing <Task(_PythonDecoratedOperator): BRONZE_CRIPTO_DOGE> on 2024-02-15 00:00:00+00:00
[2024-09-16 00:15:17,129] {standard_task_runner.py:52} INFO - Started process 53942 to run task
[2024-09-16 00:15:17,157] {standard_task_runner.py:79} INFO - Running: ['airflow', 'tasks', 'run', 'BRONZER_GET_CRIPTOS', 'BRONZE_CRIPTO_DOGE', 'scheduled__2024-02-15T00:00:00+00:00', '--job-id', '2074', '--raw', '--subdir', 'DAGS_FOLDER/get_cripto.py', '--cfg-path', '/tmp/tmppgzuol89', '--error-file', '/tmp/tmpmuk3vzmg']
[2024-09-16 00:15:17,158] {standard_task_runner.py:80} INFO - Job 2074: Subtask BRONZE_CRIPTO_DOGE
[2024-09-16 00:15:17,428] {task_command.py:370} INFO - Running <TaskInstance: BRONZER_GET_CRIPTOS.BRONZE_CRIPTO_DOGE scheduled__2024-02-15T00:00:00+00:00 [running]> on host kaiwang.
[2024-09-16 00:15:17,648] {taskinstance.py:1569} INFO - Exporting the following env vars:
AIRFLOW_CTX_DAG_OWNER=airflow
AIRFLOW_CTX_DAG_ID=BRONZER_GET_CRIPTOS
AIRFLOW_CTX_TASK_ID=BRONZE_CRIPTO_DOGE
AIRFLOW_CTX_EXECUTION_DATE=2024-02-15T00:00:00+00:00
AIRFLOW_CTX_TRY_NUMBER=1
AIRFLOW_CTX_DAG_RUN_ID=scheduled__2024-02-15T00:00:00+00:00
[2024-09-16 00:15:20,572] {history.py:122} ERROR - $DOGE: possibly delisted; no timezone found
[2024-09-16 00:15:20,576] {python.py:173} INFO - Done. Returned value was: None
[2024-09-16 00:15:20,641] {taskinstance.py:1395} INFO - Marking task as SUCCESS. dag_id=BRONZER_GET_CRIPTOS, task_id=BRONZE_CRIPTO_DOGE, execution_date=20240215T000000, start_date=20240916T031517, end_date=20240916T031520
[2024-09-16 00:15:20,692] {local_task_job.py:156} INFO - Task exited with return code 0
[2024-09-16 00:15:20,842] {local_task_job.py:273} INFO - 0 downstream tasks scheduled from follow-on schedule check
