[2024-09-16 00:03:27,313] {taskinstance.py:1159} INFO - Dependencies all met for <TaskInstance: BRONZER_GET_STONCKS.BRONZE_STONCKS_GOOG scheduled__2024-01-20T00:00:00+00:00 [queued]>
[2024-09-16 00:03:27,349] {taskinstance.py:1159} INFO - Dependencies all met for <TaskInstance: BRONZER_GET_STONCKS.BRONZE_STONCKS_GOOG scheduled__2024-01-20T00:00:00+00:00 [queued]>
[2024-09-16 00:03:27,349] {taskinstance.py:1356} INFO - 
--------------------------------------------------------------------------------
[2024-09-16 00:03:27,349] {taskinstance.py:1357} INFO - Starting attempt 1 of 1
[2024-09-16 00:03:27,349] {taskinstance.py:1358} INFO - 
--------------------------------------------------------------------------------
[2024-09-16 00:03:27,383] {taskinstance.py:1377} INFO - Executing <Task(_PythonDecoratedOperator): BRONZE_STONCKS_GOOG> on 2024-01-20 00:00:00+00:00
[2024-09-16 00:03:27,394] {standard_task_runner.py:52} INFO - Started process 19999 to run task
[2024-09-16 00:03:27,417] {standard_task_runner.py:79} INFO - Running: ['airflow', 'tasks', 'run', 'BRONZER_GET_STONCKS', 'BRONZE_STONCKS_GOOG', 'scheduled__2024-01-20T00:00:00+00:00', '--job-id', '116', '--raw', '--subdir', 'DAGS_FOLDER/get_stocks.py', '--cfg-path', '/tmp/tmp_gd6ubo5', '--error-file', '/tmp/tmpgjz684mw']
[2024-09-16 00:03:27,425] {standard_task_runner.py:80} INFO - Job 116: Subtask BRONZE_STONCKS_GOOG
[2024-09-16 00:03:27,720] {task_command.py:370} INFO - Running <TaskInstance: BRONZER_GET_STONCKS.BRONZE_STONCKS_GOOG scheduled__2024-01-20T00:00:00+00:00 [running]> on host kaiwang.
[2024-09-16 00:03:28,155] {taskinstance.py:1569} INFO - Exporting the following env vars:
AIRFLOW_CTX_DAG_OWNER=airflow
AIRFLOW_CTX_DAG_ID=BRONZER_GET_STONCKS
AIRFLOW_CTX_TASK_ID=BRONZE_STONCKS_GOOG
AIRFLOW_CTX_EXECUTION_DATE=2024-01-20T00:00:00+00:00
AIRFLOW_CTX_TRY_NUMBER=1
AIRFLOW_CTX_DAG_RUN_ID=scheduled__2024-01-20T00:00:00+00:00
[2024-09-16 00:03:29,058] {python.py:173} INFO - Done. Returned value was: None
[2024-09-16 00:03:29,097] {taskinstance.py:1395} INFO - Marking task as SUCCESS. dag_id=BRONZER_GET_STONCKS, task_id=BRONZE_STONCKS_GOOG, execution_date=20240120T000000, start_date=20240916T030327, end_date=20240916T030329
[2024-09-16 00:03:29,211] {local_task_job.py:156} INFO - Task exited with return code 0
[2024-09-16 00:03:29,409] {local_task_job.py:273} INFO - 0 downstream tasks scheduled from follow-on schedule check
[2024-09-16 00:13:05,104] {taskinstance.py:1159} INFO - Dependencies all met for <TaskInstance: BRONZER_GET_STONCKS.BRONZE_STONCKS_GOOG scheduled__2024-01-20T00:00:00+00:00 [queued]>
[2024-09-16 00:13:05,173] {taskinstance.py:1159} INFO - Dependencies all met for <TaskInstance: BRONZER_GET_STONCKS.BRONZE_STONCKS_GOOG scheduled__2024-01-20T00:00:00+00:00 [queued]>
[2024-09-16 00:13:05,173] {taskinstance.py:1356} INFO - 
--------------------------------------------------------------------------------
[2024-09-16 00:13:05,173] {taskinstance.py:1357} INFO - Starting attempt 1 of 1
[2024-09-16 00:13:05,173] {taskinstance.py:1358} INFO - 
--------------------------------------------------------------------------------
[2024-09-16 00:13:05,214] {taskinstance.py:1377} INFO - Executing <Task(_PythonDecoratedOperator): BRONZE_STONCKS_GOOG> on 2024-01-20 00:00:00+00:00
[2024-09-16 00:13:05,224] {standard_task_runner.py:52} INFO - Started process 45374 to run task
[2024-09-16 00:13:05,252] {standard_task_runner.py:79} INFO - Running: ['airflow', 'tasks', 'run', 'BRONZER_GET_STONCKS', 'BRONZE_STONCKS_GOOG', 'scheduled__2024-01-20T00:00:00+00:00', '--job-id', '1582', '--raw', '--subdir', 'DAGS_FOLDER/get_stocks.py', '--cfg-path', '/tmp/tmpt8we_9d8', '--error-file', '/tmp/tmp4cze17s9']
[2024-09-16 00:13:05,253] {standard_task_runner.py:80} INFO - Job 1582: Subtask BRONZE_STONCKS_GOOG
[2024-09-16 00:13:05,593] {task_command.py:370} INFO - Running <TaskInstance: BRONZER_GET_STONCKS.BRONZE_STONCKS_GOOG scheduled__2024-01-20T00:00:00+00:00 [running]> on host kaiwang.
[2024-09-16 00:13:06,000] {taskinstance.py:1569} INFO - Exporting the following env vars:
AIRFLOW_CTX_DAG_OWNER=airflow
AIRFLOW_CTX_DAG_ID=BRONZER_GET_STONCKS
AIRFLOW_CTX_TASK_ID=BRONZE_STONCKS_GOOG
AIRFLOW_CTX_EXECUTION_DATE=2024-01-20T00:00:00+00:00
AIRFLOW_CTX_TRY_NUMBER=1
AIRFLOW_CTX_DAG_RUN_ID=scheduled__2024-01-20T00:00:00+00:00
[2024-09-16 00:13:06,781] {python.py:173} INFO - Done. Returned value was: None
[2024-09-16 00:13:06,836] {taskinstance.py:1395} INFO - Marking task as SUCCESS. dag_id=BRONZER_GET_STONCKS, task_id=BRONZE_STONCKS_GOOG, execution_date=20240120T000000, start_date=20240916T031305, end_date=20240916T031306
[2024-09-16 00:13:06,932] {local_task_job.py:156} INFO - Task exited with return code 0
[2024-09-16 00:13:07,051] {local_task_job.py:273} INFO - 0 downstream tasks scheduled from follow-on schedule check
[2024-09-16 00:14:42,163] {taskinstance.py:1159} INFO - Dependencies all met for <TaskInstance: BRONZER_GET_STONCKS.BRONZE_STONCKS_GOOG scheduled__2024-01-20T00:00:00+00:00 [queued]>
[2024-09-16 00:14:42,219] {taskinstance.py:1159} INFO - Dependencies all met for <TaskInstance: BRONZER_GET_STONCKS.BRONZE_STONCKS_GOOG scheduled__2024-01-20T00:00:00+00:00 [queued]>
[2024-09-16 00:14:42,220] {taskinstance.py:1356} INFO - 
--------------------------------------------------------------------------------
[2024-09-16 00:14:42,220] {taskinstance.py:1357} INFO - Starting attempt 1 of 1
[2024-09-16 00:14:42,220] {taskinstance.py:1358} INFO - 
--------------------------------------------------------------------------------
[2024-09-16 00:14:42,322] {taskinstance.py:1377} INFO - Executing <Task(_PythonDecoratedOperator): BRONZE_STONCKS_GOOG> on 2024-01-20 00:00:00+00:00
[2024-09-16 00:14:42,373] {standard_task_runner.py:79} INFO - Running: ['airflow', 'tasks', 'run', 'BRONZER_GET_STONCKS', 'BRONZE_STONCKS_GOOG', 'scheduled__2024-01-20T00:00:00+00:00', '--job-id', '1899', '--raw', '--subdir', 'DAGS_FOLDER/get_stocks.py', '--cfg-path', '/tmp/tmpma01xmeo', '--error-file', '/tmp/tmpi23221e0']
[2024-09-16 00:14:42,381] {standard_task_runner.py:80} INFO - Job 1899: Subtask BRONZE_STONCKS_GOOG
[2024-09-16 00:14:42,341] {standard_task_runner.py:52} INFO - Started process 51048 to run task
[2024-09-16 00:14:42,733] {task_command.py:370} INFO - Running <TaskInstance: BRONZER_GET_STONCKS.BRONZE_STONCKS_GOOG scheduled__2024-01-20T00:00:00+00:00 [running]> on host kaiwang.
[2024-09-16 00:14:43,066] {taskinstance.py:1569} INFO - Exporting the following env vars:
AIRFLOW_CTX_DAG_OWNER=airflow
AIRFLOW_CTX_DAG_ID=BRONZER_GET_STONCKS
AIRFLOW_CTX_TASK_ID=BRONZE_STONCKS_GOOG
AIRFLOW_CTX_EXECUTION_DATE=2024-01-20T00:00:00+00:00
AIRFLOW_CTX_TRY_NUMBER=1
AIRFLOW_CTX_DAG_RUN_ID=scheduled__2024-01-20T00:00:00+00:00
[2024-09-16 00:14:43,747] {python.py:173} INFO - Done. Returned value was: None
[2024-09-16 00:14:43,821] {taskinstance.py:1395} INFO - Marking task as SUCCESS. dag_id=BRONZER_GET_STONCKS, task_id=BRONZE_STONCKS_GOOG, execution_date=20240120T000000, start_date=20240916T031442, end_date=20240916T031443
[2024-09-16 00:14:43,898] {local_task_job.py:156} INFO - Task exited with return code 0
[2024-09-16 00:14:44,126] {local_task_job.py:273} INFO - 0 downstream tasks scheduled from follow-on schedule check
