[2024-09-16 00:04:20,487] {taskinstance.py:1159} INFO - Dependencies all met for <TaskInstance: BRONZER_GET_STONCKS.BRONZE_STONCKS_MSFT scheduled__2024-03-06T00:00:00+00:00 [queued]>
[2024-09-16 00:04:20,498] {taskinstance.py:1159} INFO - Dependencies all met for <TaskInstance: BRONZER_GET_STONCKS.BRONZE_STONCKS_MSFT scheduled__2024-03-06T00:00:00+00:00 [queued]>
[2024-09-16 00:04:20,498] {taskinstance.py:1356} INFO - 
--------------------------------------------------------------------------------
[2024-09-16 00:04:20,498] {taskinstance.py:1357} INFO - Starting attempt 1 of 1
[2024-09-16 00:04:20,498] {taskinstance.py:1358} INFO - 
--------------------------------------------------------------------------------
[2024-09-16 00:04:20,513] {taskinstance.py:1377} INFO - Executing <Task(_PythonDecoratedOperator): BRONZE_STONCKS_MSFT> on 2024-03-06 00:00:00+00:00
[2024-09-16 00:04:20,521] {standard_task_runner.py:52} INFO - Started process 24138 to run task
[2024-09-16 00:04:20,528] {standard_task_runner.py:79} INFO - Running: ['airflow', 'tasks', 'run', 'BRONZER_GET_STONCKS', 'BRONZE_STONCKS_MSFT', 'scheduled__2024-03-06T00:00:00+00:00', '--job-id', '357', '--raw', '--subdir', 'DAGS_FOLDER/get_stocks.py', '--cfg-path', '/tmp/tmpe4xyozcn', '--error-file', '/tmp/tmpuc9ul5u0']
[2024-09-16 00:04:20,529] {standard_task_runner.py:80} INFO - Job 357: Subtask BRONZE_STONCKS_MSFT
[2024-09-16 00:04:20,633] {task_command.py:370} INFO - Running <TaskInstance: BRONZER_GET_STONCKS.BRONZE_STONCKS_MSFT scheduled__2024-03-06T00:00:00+00:00 [running]> on host kaiwang.
[2024-09-16 00:04:20,726] {taskinstance.py:1569} INFO - Exporting the following env vars:
AIRFLOW_CTX_DAG_OWNER=airflow
AIRFLOW_CTX_DAG_ID=BRONZER_GET_STONCKS
AIRFLOW_CTX_TASK_ID=BRONZE_STONCKS_MSFT
AIRFLOW_CTX_EXECUTION_DATE=2024-03-06T00:00:00+00:00
AIRFLOW_CTX_TRY_NUMBER=1
AIRFLOW_CTX_DAG_RUN_ID=scheduled__2024-03-06T00:00:00+00:00
[2024-09-16 00:04:21,511] {python.py:173} INFO - Done. Returned value was: None
[2024-09-16 00:04:21,898] {taskinstance.py:1395} INFO - Marking task as SUCCESS. dag_id=BRONZER_GET_STONCKS, task_id=BRONZE_STONCKS_MSFT, execution_date=20240306T000000, start_date=20240916T030420, end_date=20240916T030421
[2024-09-16 00:04:21,945] {local_task_job.py:156} INFO - Task exited with return code 0
[2024-09-16 00:04:22,101] {local_task_job.py:273} INFO - 0 downstream tasks scheduled from follow-on schedule check
[2024-09-16 00:15:30,065] {taskinstance.py:1159} INFO - Dependencies all met for <TaskInstance: BRONZER_GET_STONCKS.BRONZE_STONCKS_MSFT scheduled__2024-03-06T00:00:00+00:00 [queued]>
[2024-09-16 00:15:30,079] {taskinstance.py:1159} INFO - Dependencies all met for <TaskInstance: BRONZER_GET_STONCKS.BRONZE_STONCKS_MSFT scheduled__2024-03-06T00:00:00+00:00 [queued]>
[2024-09-16 00:15:30,079] {taskinstance.py:1356} INFO - 
--------------------------------------------------------------------------------
[2024-09-16 00:15:30,079] {taskinstance.py:1357} INFO - Starting attempt 1 of 1
[2024-09-16 00:15:30,079] {taskinstance.py:1358} INFO - 
--------------------------------------------------------------------------------
[2024-09-16 00:15:30,165] {taskinstance.py:1377} INFO - Executing <Task(_PythonDecoratedOperator): BRONZE_STONCKS_MSFT> on 2024-03-06 00:00:00+00:00
[2024-09-16 00:15:30,171] {standard_task_runner.py:52} INFO - Started process 54935 to run task
[2024-09-16 00:15:30,189] {standard_task_runner.py:79} INFO - Running: ['airflow', 'tasks', 'run', 'BRONZER_GET_STONCKS', 'BRONZE_STONCKS_MSFT', 'scheduled__2024-03-06T00:00:00+00:00', '--job-id', '2135', '--raw', '--subdir', 'DAGS_FOLDER/get_stocks.py', '--cfg-path', '/tmp/tmpkd9ahhjr', '--error-file', '/tmp/tmpq5h7dmss']
[2024-09-16 00:15:30,190] {standard_task_runner.py:80} INFO - Job 2135: Subtask BRONZE_STONCKS_MSFT
[2024-09-16 00:15:30,451] {task_command.py:370} INFO - Running <TaskInstance: BRONZER_GET_STONCKS.BRONZE_STONCKS_MSFT scheduled__2024-03-06T00:00:00+00:00 [running]> on host kaiwang.
[2024-09-16 00:15:30,783] {taskinstance.py:1569} INFO - Exporting the following env vars:
AIRFLOW_CTX_DAG_OWNER=airflow
AIRFLOW_CTX_DAG_ID=BRONZER_GET_STONCKS
AIRFLOW_CTX_TASK_ID=BRONZE_STONCKS_MSFT
AIRFLOW_CTX_EXECUTION_DATE=2024-03-06T00:00:00+00:00
AIRFLOW_CTX_TRY_NUMBER=1
AIRFLOW_CTX_DAG_RUN_ID=scheduled__2024-03-06T00:00:00+00:00
[2024-09-16 00:15:31,371] {python.py:173} INFO - Done. Returned value was: None
[2024-09-16 00:15:31,392] {taskinstance.py:1395} INFO - Marking task as SUCCESS. dag_id=BRONZER_GET_STONCKS, task_id=BRONZE_STONCKS_MSFT, execution_date=20240306T000000, start_date=20240916T031530, end_date=20240916T031531
[2024-09-16 00:15:31,448] {local_task_job.py:156} INFO - Task exited with return code 0
[2024-09-16 00:15:31,519] {local_task_job.py:273} INFO - 0 downstream tasks scheduled from follow-on schedule check
