[2024-09-16 00:05:19,942] {taskinstance.py:1159} INFO - Dependencies all met for <TaskInstance: BRONZER_GET_STONCKS.BRONZE_STONCKS_TSLA scheduled__2024-04-26T00:00:00+00:00 [queued]>
[2024-09-16 00:05:19,957] {taskinstance.py:1159} INFO - Dependencies all met for <TaskInstance: BRONZER_GET_STONCKS.BRONZE_STONCKS_TSLA scheduled__2024-04-26T00:00:00+00:00 [queued]>
[2024-09-16 00:05:19,957] {taskinstance.py:1356} INFO - 
--------------------------------------------------------------------------------
[2024-09-16 00:05:19,957] {taskinstance.py:1357} INFO - Starting attempt 1 of 1
[2024-09-16 00:05:19,958] {taskinstance.py:1358} INFO - 
--------------------------------------------------------------------------------
[2024-09-16 00:05:19,980] {taskinstance.py:1377} INFO - Executing <Task(_PythonDecoratedOperator): BRONZE_STONCKS_TSLA> on 2024-04-26 00:00:00+00:00
[2024-09-16 00:05:20,005] {standard_task_runner.py:52} INFO - Started process 28752 to run task
[2024-09-16 00:05:20,015] {standard_task_runner.py:79} INFO - Running: ['airflow', 'tasks', 'run', 'BRONZER_GET_STONCKS', 'BRONZE_STONCKS_TSLA', 'scheduled__2024-04-26T00:00:00+00:00', '--job-id', '626', '--raw', '--subdir', 'DAGS_FOLDER/get_stocks.py', '--cfg-path', '/tmp/tmpujwf3493', '--error-file', '/tmp/tmpy5dv3724']
[2024-09-16 00:05:20,016] {standard_task_runner.py:80} INFO - Job 626: Subtask BRONZE_STONCKS_TSLA
[2024-09-16 00:05:20,205] {task_command.py:370} INFO - Running <TaskInstance: BRONZER_GET_STONCKS.BRONZE_STONCKS_TSLA scheduled__2024-04-26T00:00:00+00:00 [running]> on host kaiwang.
[2024-09-16 00:05:20,434] {taskinstance.py:1569} INFO - Exporting the following env vars:
AIRFLOW_CTX_DAG_OWNER=airflow
AIRFLOW_CTX_DAG_ID=BRONZER_GET_STONCKS
AIRFLOW_CTX_TASK_ID=BRONZE_STONCKS_TSLA
AIRFLOW_CTX_EXECUTION_DATE=2024-04-26T00:00:00+00:00
AIRFLOW_CTX_TRY_NUMBER=1
AIRFLOW_CTX_DAG_RUN_ID=scheduled__2024-04-26T00:00:00+00:00
[2024-09-16 00:05:21,105] {python.py:173} INFO - Done. Returned value was: None
[2024-09-16 00:05:21,130] {taskinstance.py:1395} INFO - Marking task as SUCCESS. dag_id=BRONZER_GET_STONCKS, task_id=BRONZE_STONCKS_TSLA, execution_date=20240426T000000, start_date=20240916T030519, end_date=20240916T030521
[2024-09-16 00:05:21,161] {local_task_job.py:156} INFO - Task exited with return code 0
[2024-09-16 00:05:21,244] {local_task_job.py:273} INFO - 0 downstream tasks scheduled from follow-on schedule check
[2024-09-16 00:16:25,384] {taskinstance.py:1159} INFO - Dependencies all met for <TaskInstance: BRONZER_GET_STONCKS.BRONZE_STONCKS_TSLA scheduled__2024-04-26T00:00:00+00:00 [queued]>
[2024-09-16 00:16:25,434] {taskinstance.py:1159} INFO - Dependencies all met for <TaskInstance: BRONZER_GET_STONCKS.BRONZE_STONCKS_TSLA scheduled__2024-04-26T00:00:00+00:00 [queued]>
[2024-09-16 00:16:25,434] {taskinstance.py:1356} INFO - 
--------------------------------------------------------------------------------
[2024-09-16 00:16:25,434] {taskinstance.py:1357} INFO - Starting attempt 1 of 1
[2024-09-16 00:16:25,434] {taskinstance.py:1358} INFO - 
--------------------------------------------------------------------------------
[2024-09-16 00:16:25,539] {taskinstance.py:1377} INFO - Executing <Task(_PythonDecoratedOperator): BRONZE_STONCKS_TSLA> on 2024-04-26 00:00:00+00:00
[2024-09-16 00:16:25,556] {standard_task_runner.py:52} INFO - Started process 59485 to run task
[2024-09-16 00:16:25,598] {standard_task_runner.py:79} INFO - Running: ['airflow', 'tasks', 'run', 'BRONZER_GET_STONCKS', 'BRONZE_STONCKS_TSLA', 'scheduled__2024-04-26T00:00:00+00:00', '--job-id', '2388', '--raw', '--subdir', 'DAGS_FOLDER/get_stocks.py', '--cfg-path', '/tmp/tmpejvu9ely', '--error-file', '/tmp/tmp43eygkdf']
[2024-09-16 00:16:25,599] {standard_task_runner.py:80} INFO - Job 2388: Subtask BRONZE_STONCKS_TSLA
[2024-09-16 00:16:25,897] {task_command.py:370} INFO - Running <TaskInstance: BRONZER_GET_STONCKS.BRONZE_STONCKS_TSLA scheduled__2024-04-26T00:00:00+00:00 [running]> on host kaiwang.
[2024-09-16 00:16:26,279] {taskinstance.py:1569} INFO - Exporting the following env vars:
AIRFLOW_CTX_DAG_OWNER=airflow
AIRFLOW_CTX_DAG_ID=BRONZER_GET_STONCKS
AIRFLOW_CTX_TASK_ID=BRONZE_STONCKS_TSLA
AIRFLOW_CTX_EXECUTION_DATE=2024-04-26T00:00:00+00:00
AIRFLOW_CTX_TRY_NUMBER=1
AIRFLOW_CTX_DAG_RUN_ID=scheduled__2024-04-26T00:00:00+00:00
[2024-09-16 00:16:27,006] {python.py:173} INFO - Done. Returned value was: None
[2024-09-16 00:16:27,090] {taskinstance.py:1395} INFO - Marking task as SUCCESS. dag_id=BRONZER_GET_STONCKS, task_id=BRONZE_STONCKS_TSLA, execution_date=20240426T000000, start_date=20240916T031625, end_date=20240916T031627
[2024-09-16 00:16:27,154] {local_task_job.py:156} INFO - Task exited with return code 0
[2024-09-16 00:16:27,681] {local_task_job.py:273} INFO - 0 downstream tasks scheduled from follow-on schedule check
