[2024-09-16 00:04:38,119] {taskinstance.py:1159} INFO - Dependencies all met for <TaskInstance: BRONZER_GET_STONCKS.BRONZE_STONCKS_AAPL scheduled__2024-03-20T00:00:00+00:00 [queued]>
[2024-09-16 00:04:38,161] {taskinstance.py:1159} INFO - Dependencies all met for <TaskInstance: BRONZER_GET_STONCKS.BRONZE_STONCKS_AAPL scheduled__2024-03-20T00:00:00+00:00 [queued]>
[2024-09-16 00:04:38,161] {taskinstance.py:1356} INFO - 
--------------------------------------------------------------------------------
[2024-09-16 00:04:38,161] {taskinstance.py:1357} INFO - Starting attempt 1 of 1
[2024-09-16 00:04:38,161] {taskinstance.py:1358} INFO - 
--------------------------------------------------------------------------------
[2024-09-16 00:04:38,270] {taskinstance.py:1377} INFO - Executing <Task(_PythonDecoratedOperator): BRONZE_STONCKS_AAPL> on 2024-03-20 00:00:00+00:00
[2024-09-16 00:04:38,275] {standard_task_runner.py:52} INFO - Started process 25597 to run task
[2024-09-16 00:04:38,286] {standard_task_runner.py:79} INFO - Running: ['airflow', 'tasks', 'run', 'BRONZER_GET_STONCKS', 'BRONZE_STONCKS_AAPL', 'scheduled__2024-03-20T00:00:00+00:00', '--job-id', '440', '--raw', '--subdir', 'DAGS_FOLDER/get_stocks.py', '--cfg-path', '/tmp/tmpw3fuzr0q', '--error-file', '/tmp/tmpgopbzrc7']
[2024-09-16 00:04:38,287] {standard_task_runner.py:80} INFO - Job 440: Subtask BRONZE_STONCKS_AAPL
[2024-09-16 00:04:38,519] {task_command.py:370} INFO - Running <TaskInstance: BRONZER_GET_STONCKS.BRONZE_STONCKS_AAPL scheduled__2024-03-20T00:00:00+00:00 [running]> on host kaiwang.
[2024-09-16 00:04:38,863] {taskinstance.py:1569} INFO - Exporting the following env vars:
AIRFLOW_CTX_DAG_OWNER=airflow
AIRFLOW_CTX_DAG_ID=BRONZER_GET_STONCKS
AIRFLOW_CTX_TASK_ID=BRONZE_STONCKS_AAPL
AIRFLOW_CTX_EXECUTION_DATE=2024-03-20T00:00:00+00:00
AIRFLOW_CTX_TRY_NUMBER=1
AIRFLOW_CTX_DAG_RUN_ID=scheduled__2024-03-20T00:00:00+00:00
[2024-09-16 00:04:39,514] {python.py:173} INFO - Done. Returned value was: None
[2024-09-16 00:04:39,530] {taskinstance.py:1395} INFO - Marking task as SUCCESS. dag_id=BRONZER_GET_STONCKS, task_id=BRONZE_STONCKS_AAPL, execution_date=20240320T000000, start_date=20240916T030438, end_date=20240916T030439
[2024-09-16 00:04:39,583] {local_task_job.py:156} INFO - Task exited with return code 0
[2024-09-16 00:04:39,617] {local_task_job.py:273} INFO - 0 downstream tasks scheduled from follow-on schedule check
[2024-09-16 00:15:44,074] {taskinstance.py:1159} INFO - Dependencies all met for <TaskInstance: BRONZER_GET_STONCKS.BRONZE_STONCKS_AAPL scheduled__2024-03-20T00:00:00+00:00 [queued]>
[2024-09-16 00:15:44,086] {taskinstance.py:1159} INFO - Dependencies all met for <TaskInstance: BRONZER_GET_STONCKS.BRONZE_STONCKS_AAPL scheduled__2024-03-20T00:00:00+00:00 [queued]>
[2024-09-16 00:15:44,086] {taskinstance.py:1356} INFO - 
--------------------------------------------------------------------------------
[2024-09-16 00:15:44,086] {taskinstance.py:1357} INFO - Starting attempt 1 of 1
[2024-09-16 00:15:44,086] {taskinstance.py:1358} INFO - 
--------------------------------------------------------------------------------
[2024-09-16 00:15:44,101] {taskinstance.py:1377} INFO - Executing <Task(_PythonDecoratedOperator): BRONZE_STONCKS_AAPL> on 2024-03-20 00:00:00+00:00
[2024-09-16 00:15:44,107] {standard_task_runner.py:52} INFO - Started process 56177 to run task
[2024-09-16 00:15:44,112] {standard_task_runner.py:79} INFO - Running: ['airflow', 'tasks', 'run', 'BRONZER_GET_STONCKS', 'BRONZE_STONCKS_AAPL', 'scheduled__2024-03-20T00:00:00+00:00', '--job-id', '2201', '--raw', '--subdir', 'DAGS_FOLDER/get_stocks.py', '--cfg-path', '/tmp/tmpve8f2kxi', '--error-file', '/tmp/tmpspx4z6xc']
[2024-09-16 00:15:44,113] {standard_task_runner.py:80} INFO - Job 2201: Subtask BRONZE_STONCKS_AAPL
[2024-09-16 00:15:44,212] {task_command.py:370} INFO - Running <TaskInstance: BRONZER_GET_STONCKS.BRONZE_STONCKS_AAPL scheduled__2024-03-20T00:00:00+00:00 [running]> on host kaiwang.
[2024-09-16 00:15:44,304] {taskinstance.py:1569} INFO - Exporting the following env vars:
AIRFLOW_CTX_DAG_OWNER=airflow
AIRFLOW_CTX_DAG_ID=BRONZER_GET_STONCKS
AIRFLOW_CTX_TASK_ID=BRONZE_STONCKS_AAPL
AIRFLOW_CTX_EXECUTION_DATE=2024-03-20T00:00:00+00:00
AIRFLOW_CTX_TRY_NUMBER=1
AIRFLOW_CTX_DAG_RUN_ID=scheduled__2024-03-20T00:00:00+00:00
[2024-09-16 00:15:45,046] {python.py:173} INFO - Done. Returned value was: None
[2024-09-16 00:15:45,190] {taskinstance.py:1395} INFO - Marking task as SUCCESS. dag_id=BRONZER_GET_STONCKS, task_id=BRONZE_STONCKS_AAPL, execution_date=20240320T000000, start_date=20240916T031544, end_date=20240916T031545
[2024-09-16 00:15:45,245] {local_task_job.py:156} INFO - Task exited with return code 0
[2024-09-16 00:15:45,422] {local_task_job.py:273} INFO - 0 downstream tasks scheduled from follow-on schedule check
