[2024-09-16 00:05:36,132] {taskinstance.py:1159} INFO - Dependencies all met for <TaskInstance: BRONZER_GET_STONCKS.BRONZE_STONCKS_MSFT scheduled__2024-05-10T00:00:00+00:00 [queued]>
[2024-09-16 00:05:36,156] {taskinstance.py:1159} INFO - Dependencies all met for <TaskInstance: BRONZER_GET_STONCKS.BRONZE_STONCKS_MSFT scheduled__2024-05-10T00:00:00+00:00 [queued]>
[2024-09-16 00:05:36,156] {taskinstance.py:1356} INFO - 
--------------------------------------------------------------------------------
[2024-09-16 00:05:36,156] {taskinstance.py:1357} INFO - Starting attempt 1 of 1
[2024-09-16 00:05:36,156] {taskinstance.py:1358} INFO - 
--------------------------------------------------------------------------------
[2024-09-16 00:05:36,179] {taskinstance.py:1377} INFO - Executing <Task(_PythonDecoratedOperator): BRONZE_STONCKS_MSFT> on 2024-05-10 00:00:00+00:00
[2024-09-16 00:05:36,186] {standard_task_runner.py:52} INFO - Started process 30171 to run task
[2024-09-16 00:05:36,207] {standard_task_runner.py:79} INFO - Running: ['airflow', 'tasks', 'run', 'BRONZER_GET_STONCKS', 'BRONZE_STONCKS_MSFT', 'scheduled__2024-05-10T00:00:00+00:00', '--job-id', '707', '--raw', '--subdir', 'DAGS_FOLDER/get_stocks.py', '--cfg-path', '/tmp/tmp04hgjtif', '--error-file', '/tmp/tmp8i9nmsa2']
[2024-09-16 00:05:36,208] {standard_task_runner.py:80} INFO - Job 707: Subtask BRONZE_STONCKS_MSFT
[2024-09-16 00:05:36,357] {task_command.py:370} INFO - Running <TaskInstance: BRONZER_GET_STONCKS.BRONZE_STONCKS_MSFT scheduled__2024-05-10T00:00:00+00:00 [running]> on host kaiwang.
[2024-09-16 00:05:36,523] {taskinstance.py:1569} INFO - Exporting the following env vars:
AIRFLOW_CTX_DAG_OWNER=airflow
AIRFLOW_CTX_DAG_ID=BRONZER_GET_STONCKS
AIRFLOW_CTX_TASK_ID=BRONZE_STONCKS_MSFT
AIRFLOW_CTX_EXECUTION_DATE=2024-05-10T00:00:00+00:00
AIRFLOW_CTX_TRY_NUMBER=1
AIRFLOW_CTX_DAG_RUN_ID=scheduled__2024-05-10T00:00:00+00:00
[2024-09-16 00:05:37,075] {python.py:173} INFO - Done. Returned value was: None
[2024-09-16 00:05:37,090] {taskinstance.py:1395} INFO - Marking task as SUCCESS. dag_id=BRONZER_GET_STONCKS, task_id=BRONZE_STONCKS_MSFT, execution_date=20240510T000000, start_date=20240916T030536, end_date=20240916T030537
[2024-09-16 00:05:37,139] {local_task_job.py:156} INFO - Task exited with return code 0
[2024-09-16 00:05:37,177] {local_task_job.py:273} INFO - 0 downstream tasks scheduled from follow-on schedule check
