[2024-09-15 23:29:04,267] {taskinstance.py:1159} INFO - Dependencies all met for <TaskInstance: BRONZER_GET_STONCKS.BRONZE_TSLA scheduled__2024-01-26T00:00:00+00:00 [queued]>
[2024-09-15 23:29:04,272] {taskinstance.py:1159} INFO - Dependencies all met for <TaskInstance: BRONZER_GET_STONCKS.BRONZE_TSLA scheduled__2024-01-26T00:00:00+00:00 [queued]>
[2024-09-15 23:29:04,272] {taskinstance.py:1356} INFO - 
--------------------------------------------------------------------------------
[2024-09-15 23:29:04,272] {taskinstance.py:1357} INFO - Starting attempt 1 of 1
[2024-09-15 23:29:04,272] {taskinstance.py:1358} INFO - 
--------------------------------------------------------------------------------
[2024-09-15 23:29:04,282] {taskinstance.py:1377} INFO - Executing <Task(_PythonDecoratedOperator): BRONZE_TSLA> on 2024-01-26 00:00:00+00:00
[2024-09-15 23:29:04,285] {standard_task_runner.py:52} INFO - Started process 14488 to run task
[2024-09-15 23:29:04,287] {standard_task_runner.py:79} INFO - Running: ['airflow', 'tasks', 'run', 'BRONZER_GET_STONCKS', 'BRONZE_TSLA', 'scheduled__2024-01-26T00:00:00+00:00', '--job-id', '135', '--raw', '--subdir', 'DAGS_FOLDER/get_stocks.py', '--cfg-path', '/tmp/tmpmxk2ocda', '--error-file', '/tmp/tmpe1_po_89']
[2024-09-15 23:29:04,288] {standard_task_runner.py:80} INFO - Job 135: Subtask BRONZE_TSLA
[2024-09-15 23:29:04,316] {task_command.py:370} INFO - Running <TaskInstance: BRONZER_GET_STONCKS.BRONZE_TSLA scheduled__2024-01-26T00:00:00+00:00 [running]> on host kaiwang.
[2024-09-15 23:29:04,355] {taskinstance.py:1569} INFO - Exporting the following env vars:
AIRFLOW_CTX_DAG_OWNER=airflow
AIRFLOW_CTX_DAG_ID=BRONZER_GET_STONCKS
AIRFLOW_CTX_TASK_ID=BRONZE_TSLA
AIRFLOW_CTX_EXECUTION_DATE=2024-01-26T00:00:00+00:00
AIRFLOW_CTX_TRY_NUMBER=1
AIRFLOW_CTX_DAG_RUN_ID=scheduled__2024-01-26T00:00:00+00:00
[2024-09-15 23:29:06,772] {history.py:244} ERROR - $TSLA: possibly delisted; no price data found  (1h 2024-01-23 -> 2024-01-03) (Yahoo error = "Invalid input - start date cannot be after end date. startDate = 1705986000, endDate = 1704258000")
[2024-09-15 23:29:06,780] {python.py:173} INFO - Done. Returned value was: None
[2024-09-15 23:29:06,786] {taskinstance.py:1395} INFO - Marking task as SUCCESS. dag_id=BRONZER_GET_STONCKS, task_id=BRONZE_TSLA, execution_date=20240126T000000, start_date=20240916T022904, end_date=20240916T022906
[2024-09-15 23:29:06,838] {local_task_job.py:156} INFO - Task exited with return code 0
[2024-09-15 23:29:06,850] {local_task_job.py:273} INFO - 0 downstream tasks scheduled from follow-on schedule check
