[2024-09-16 00:03:35,484] {taskinstance.py:1159} INFO - Dependencies all met for <TaskInstance: BRONZER_GET_STONCKS.BRONZE_STONCKS_GOOG scheduled__2024-01-27T00:00:00+00:00 [queued]>
[2024-09-16 00:03:35,528] {taskinstance.py:1159} INFO - Dependencies all met for <TaskInstance: BRONZER_GET_STONCKS.BRONZE_STONCKS_GOOG scheduled__2024-01-27T00:00:00+00:00 [queued]>
[2024-09-16 00:03:35,528] {taskinstance.py:1356} INFO - 
--------------------------------------------------------------------------------
[2024-09-16 00:03:35,528] {taskinstance.py:1357} INFO - Starting attempt 1 of 1
[2024-09-16 00:03:35,528] {taskinstance.py:1358} INFO - 
--------------------------------------------------------------------------------
[2024-09-16 00:03:35,620] {taskinstance.py:1377} INFO - Executing <Task(_PythonDecoratedOperator): BRONZE_STONCKS_GOOG> on 2024-01-27 00:00:00+00:00
[2024-09-16 00:03:35,635] {standard_task_runner.py:52} INFO - Started process 20722 to run task
[2024-09-16 00:03:35,673] {standard_task_runner.py:79} INFO - Running: ['airflow', 'tasks', 'run', 'BRONZER_GET_STONCKS', 'BRONZE_STONCKS_GOOG', 'scheduled__2024-01-27T00:00:00+00:00', '--job-id', '161', '--raw', '--subdir', 'DAGS_FOLDER/get_stocks.py', '--cfg-path', '/tmp/tmpfqu3v2tc', '--error-file', '/tmp/tmpjpxb_6x1']
[2024-09-16 00:03:35,695] {standard_task_runner.py:80} INFO - Job 161: Subtask BRONZE_STONCKS_GOOG
[2024-09-16 00:03:35,929] {task_command.py:370} INFO - Running <TaskInstance: BRONZER_GET_STONCKS.BRONZE_STONCKS_GOOG scheduled__2024-01-27T00:00:00+00:00 [running]> on host kaiwang.
[2024-09-16 00:03:36,263] {taskinstance.py:1569} INFO - Exporting the following env vars:
AIRFLOW_CTX_DAG_OWNER=airflow
AIRFLOW_CTX_DAG_ID=BRONZER_GET_STONCKS
AIRFLOW_CTX_TASK_ID=BRONZE_STONCKS_GOOG
AIRFLOW_CTX_EXECUTION_DATE=2024-01-27T00:00:00+00:00
AIRFLOW_CTX_TRY_NUMBER=1
AIRFLOW_CTX_DAG_RUN_ID=scheduled__2024-01-27T00:00:00+00:00
[2024-09-16 00:03:36,871] {python.py:173} INFO - Done. Returned value was: None
[2024-09-16 00:03:36,986] {taskinstance.py:1395} INFO - Marking task as SUCCESS. dag_id=BRONZER_GET_STONCKS, task_id=BRONZE_STONCKS_GOOG, execution_date=20240127T000000, start_date=20240916T030335, end_date=20240916T030336
[2024-09-16 00:03:37,018] {local_task_job.py:156} INFO - Task exited with return code 0
[2024-09-16 00:03:37,207] {local_task_job.py:273} INFO - 0 downstream tasks scheduled from follow-on schedule check
[2024-09-16 00:13:15,420] {taskinstance.py:1159} INFO - Dependencies all met for <TaskInstance: BRONZER_GET_STONCKS.BRONZE_STONCKS_GOOG scheduled__2024-01-27T00:00:00+00:00 [queued]>
[2024-09-16 00:13:15,456] {taskinstance.py:1159} INFO - Dependencies all met for <TaskInstance: BRONZER_GET_STONCKS.BRONZE_STONCKS_GOOG scheduled__2024-01-27T00:00:00+00:00 [queued]>
[2024-09-16 00:13:15,456] {taskinstance.py:1356} INFO - 
--------------------------------------------------------------------------------
[2024-09-16 00:13:15,456] {taskinstance.py:1357} INFO - Starting attempt 1 of 1
[2024-09-16 00:13:15,456] {taskinstance.py:1358} INFO - 
--------------------------------------------------------------------------------
[2024-09-16 00:13:15,534] {taskinstance.py:1377} INFO - Executing <Task(_PythonDecoratedOperator): BRONZE_STONCKS_GOOG> on 2024-01-27 00:00:00+00:00
[2024-09-16 00:13:15,570] {standard_task_runner.py:52} INFO - Started process 46254 to run task
[2024-09-16 00:13:15,594] {standard_task_runner.py:79} INFO - Running: ['airflow', 'tasks', 'run', 'BRONZER_GET_STONCKS', 'BRONZE_STONCKS_GOOG', 'scheduled__2024-01-27T00:00:00+00:00', '--job-id', '1628', '--raw', '--subdir', 'DAGS_FOLDER/get_stocks.py', '--cfg-path', '/tmp/tmp0u0ubg6w', '--error-file', '/tmp/tmpf7vb5y45']
[2024-09-16 00:13:15,595] {standard_task_runner.py:80} INFO - Job 1628: Subtask BRONZE_STONCKS_GOOG
[2024-09-16 00:13:15,942] {task_command.py:370} INFO - Running <TaskInstance: BRONZER_GET_STONCKS.BRONZE_STONCKS_GOOG scheduled__2024-01-27T00:00:00+00:00 [running]> on host kaiwang.
[2024-09-16 00:13:16,314] {taskinstance.py:1569} INFO - Exporting the following env vars:
AIRFLOW_CTX_DAG_OWNER=airflow
AIRFLOW_CTX_DAG_ID=BRONZER_GET_STONCKS
AIRFLOW_CTX_TASK_ID=BRONZE_STONCKS_GOOG
AIRFLOW_CTX_EXECUTION_DATE=2024-01-27T00:00:00+00:00
AIRFLOW_CTX_TRY_NUMBER=1
AIRFLOW_CTX_DAG_RUN_ID=scheduled__2024-01-27T00:00:00+00:00
[2024-09-16 00:13:17,067] {python.py:173} INFO - Done. Returned value was: None
[2024-09-16 00:13:17,115] {taskinstance.py:1395} INFO - Marking task as SUCCESS. dag_id=BRONZER_GET_STONCKS, task_id=BRONZE_STONCKS_GOOG, execution_date=20240127T000000, start_date=20240916T031315, end_date=20240916T031317
[2024-09-16 00:13:17,184] {local_task_job.py:156} INFO - Task exited with return code 0
[2024-09-16 00:13:17,321] {local_task_job.py:273} INFO - 0 downstream tasks scheduled from follow-on schedule check
[2024-09-16 00:14:50,277] {taskinstance.py:1159} INFO - Dependencies all met for <TaskInstance: BRONZER_GET_STONCKS.BRONZE_STONCKS_GOOG scheduled__2024-01-27T00:00:00+00:00 [queued]>
[2024-09-16 00:14:50,326] {taskinstance.py:1159} INFO - Dependencies all met for <TaskInstance: BRONZER_GET_STONCKS.BRONZE_STONCKS_GOOG scheduled__2024-01-27T00:00:00+00:00 [queued]>
[2024-09-16 00:14:50,326] {taskinstance.py:1356} INFO - 
--------------------------------------------------------------------------------
[2024-09-16 00:14:50,326] {taskinstance.py:1357} INFO - Starting attempt 1 of 1
[2024-09-16 00:14:50,326] {taskinstance.py:1358} INFO - 
--------------------------------------------------------------------------------
[2024-09-16 00:14:50,405] {taskinstance.py:1377} INFO - Executing <Task(_PythonDecoratedOperator): BRONZE_STONCKS_GOOG> on 2024-01-27 00:00:00+00:00
[2024-09-16 00:14:50,430] {standard_task_runner.py:52} INFO - Started process 51667 to run task
[2024-09-16 00:14:50,462] {standard_task_runner.py:79} INFO - Running: ['airflow', 'tasks', 'run', 'BRONZER_GET_STONCKS', 'BRONZE_STONCKS_GOOG', 'scheduled__2024-01-27T00:00:00+00:00', '--job-id', '1936', '--raw', '--subdir', 'DAGS_FOLDER/get_stocks.py', '--cfg-path', '/tmp/tmpjxd3lh5x', '--error-file', '/tmp/tmpirnrou8r']
[2024-09-16 00:14:50,463] {standard_task_runner.py:80} INFO - Job 1936: Subtask BRONZE_STONCKS_GOOG
[2024-09-16 00:14:50,771] {task_command.py:370} INFO - Running <TaskInstance: BRONZER_GET_STONCKS.BRONZE_STONCKS_GOOG scheduled__2024-01-27T00:00:00+00:00 [running]> on host kaiwang.
[2024-09-16 00:14:51,093] {taskinstance.py:1569} INFO - Exporting the following env vars:
AIRFLOW_CTX_DAG_OWNER=airflow
AIRFLOW_CTX_DAG_ID=BRONZER_GET_STONCKS
AIRFLOW_CTX_TASK_ID=BRONZE_STONCKS_GOOG
AIRFLOW_CTX_EXECUTION_DATE=2024-01-27T00:00:00+00:00
AIRFLOW_CTX_TRY_NUMBER=1
AIRFLOW_CTX_DAG_RUN_ID=scheduled__2024-01-27T00:00:00+00:00
[2024-09-16 00:14:51,770] {python.py:173} INFO - Done. Returned value was: None
[2024-09-16 00:14:51,874] {taskinstance.py:1395} INFO - Marking task as SUCCESS. dag_id=BRONZER_GET_STONCKS, task_id=BRONZE_STONCKS_GOOG, execution_date=20240127T000000, start_date=20240916T031450, end_date=20240916T031451
[2024-09-16 00:14:51,943] {local_task_job.py:156} INFO - Task exited with return code 0
[2024-09-16 00:14:52,122] {local_task_job.py:273} INFO - 0 downstream tasks scheduled from follow-on schedule check
