[2024-09-16 00:07:44,269] {taskinstance.py:1159} INFO - Dependencies all met for <TaskInstance: BRONZER_GET_STONCKS.BRONZE_STONCKS_TSLA scheduled__2024-09-05T00:00:00+00:00 [queued]>
[2024-09-16 00:07:44,306] {taskinstance.py:1159} INFO - Dependencies all met for <TaskInstance: BRONZER_GET_STONCKS.BRONZE_STONCKS_TSLA scheduled__2024-09-05T00:00:00+00:00 [queued]>
[2024-09-16 00:07:44,306] {taskinstance.py:1356} INFO - 
--------------------------------------------------------------------------------
[2024-09-16 00:07:44,306] {taskinstance.py:1357} INFO - Starting attempt 1 of 1
[2024-09-16 00:07:44,306] {taskinstance.py:1358} INFO - 
--------------------------------------------------------------------------------
[2024-09-16 00:07:44,341] {taskinstance.py:1377} INFO - Executing <Task(_PythonDecoratedOperator): BRONZE_STONCKS_TSLA> on 2024-09-05 00:00:00+00:00
[2024-09-16 00:07:44,348] {standard_task_runner.py:52} INFO - Started process 40607 to run task
[2024-09-16 00:07:44,382] {standard_task_runner.py:79} INFO - Running: ['airflow', 'tasks', 'run', 'BRONZER_GET_STONCKS', 'BRONZE_STONCKS_TSLA', 'scheduled__2024-09-05T00:00:00+00:00', '--job-id', '1315', '--raw', '--subdir', 'DAGS_FOLDER/get_stocks.py', '--cfg-path', '/tmp/tmphwc5iyh7', '--error-file', '/tmp/tmpb7xbr2zy']
[2024-09-16 00:07:44,383] {standard_task_runner.py:80} INFO - Job 1315: Subtask BRONZE_STONCKS_TSLA
[2024-09-16 00:07:44,631] {task_command.py:370} INFO - Running <TaskInstance: BRONZER_GET_STONCKS.BRONZE_STONCKS_TSLA scheduled__2024-09-05T00:00:00+00:00 [running]> on host kaiwang.
[2024-09-16 00:07:44,988] {taskinstance.py:1569} INFO - Exporting the following env vars:
AIRFLOW_CTX_DAG_OWNER=airflow
AIRFLOW_CTX_DAG_ID=BRONZER_GET_STONCKS
AIRFLOW_CTX_TASK_ID=BRONZE_STONCKS_TSLA
AIRFLOW_CTX_EXECUTION_DATE=2024-09-05T00:00:00+00:00
AIRFLOW_CTX_TRY_NUMBER=1
AIRFLOW_CTX_DAG_RUN_ID=scheduled__2024-09-05T00:00:00+00:00
[2024-09-16 00:07:45,785] {python.py:173} INFO - Done. Returned value was: None
[2024-09-16 00:07:45,983] {taskinstance.py:1395} INFO - Marking task as SUCCESS. dag_id=BRONZER_GET_STONCKS, task_id=BRONZE_STONCKS_TSLA, execution_date=20240905T000000, start_date=20240916T030744, end_date=20240916T030745
[2024-09-16 00:07:46,109] {local_task_job.py:156} INFO - Task exited with return code 0
[2024-09-16 00:07:46,409] {local_task_job.py:273} INFO - 0 downstream tasks scheduled from follow-on schedule check
[2024-09-16 13:56:38,313] {taskinstance.py:1159} INFO - Dependencies all met for <TaskInstance: BRONZER_GET_STONCKS.BRONZE_STONCKS_TSLA scheduled__2024-09-05T00:00:00+00:00 [queued]>
[2024-09-16 13:56:38,329] {taskinstance.py:1159} INFO - Dependencies all met for <TaskInstance: BRONZER_GET_STONCKS.BRONZE_STONCKS_TSLA scheduled__2024-09-05T00:00:00+00:00 [queued]>
[2024-09-16 13:56:38,329] {taskinstance.py:1356} INFO - 
--------------------------------------------------------------------------------
[2024-09-16 13:56:38,329] {taskinstance.py:1357} INFO - Starting attempt 1 of 1
[2024-09-16 13:56:38,329] {taskinstance.py:1358} INFO - 
--------------------------------------------------------------------------------
[2024-09-16 13:56:38,348] {taskinstance.py:1377} INFO - Executing <Task(_PythonDecoratedOperator): BRONZE_STONCKS_TSLA> on 2024-09-05 00:00:00+00:00
[2024-09-16 13:56:38,354] {standard_task_runner.py:52} INFO - Started process 139955 to run task
[2024-09-16 13:56:38,377] {standard_task_runner.py:79} INFO - Running: ['airflow', 'tasks', 'run', 'BRONZER_GET_STONCKS', 'BRONZE_STONCKS_TSLA', 'scheduled__2024-09-05T00:00:00+00:00', '--job-id', '2624', '--raw', '--subdir', 'DAGS_FOLDER/get_stocks.py', '--cfg-path', '/tmp/tmpam1q0ouq', '--error-file', '/tmp/tmpjhhymnz8']
[2024-09-16 13:56:38,378] {standard_task_runner.py:80} INFO - Job 2624: Subtask BRONZE_STONCKS_TSLA
[2024-09-16 13:56:38,902] {task_command.py:370} INFO - Running <TaskInstance: BRONZER_GET_STONCKS.BRONZE_STONCKS_TSLA scheduled__2024-09-05T00:00:00+00:00 [running]> on host kaiwang.
[2024-09-16 13:56:39,140] {taskinstance.py:1569} INFO - Exporting the following env vars:
AIRFLOW_CTX_DAG_OWNER=airflow
AIRFLOW_CTX_DAG_ID=BRONZER_GET_STONCKS
AIRFLOW_CTX_TASK_ID=BRONZE_STONCKS_TSLA
AIRFLOW_CTX_EXECUTION_DATE=2024-09-05T00:00:00+00:00
AIRFLOW_CTX_TRY_NUMBER=1
AIRFLOW_CTX_DAG_RUN_ID=scheduled__2024-09-05T00:00:00+00:00
[2024-09-16 13:56:40,412] {python.py:173} INFO - Done. Returned value was: None
[2024-09-16 13:56:40,494] {taskinstance.py:1395} INFO - Marking task as SUCCESS. dag_id=BRONZER_GET_STONCKS, task_id=BRONZE_STONCKS_TSLA, execution_date=20240905T000000, start_date=20240916T165638, end_date=20240916T165640
[2024-09-16 13:56:40,537] {local_task_job.py:156} INFO - Task exited with return code 0
[2024-09-16 13:56:40,691] {local_task_job.py:273} INFO - 0 downstream tasks scheduled from follow-on schedule check
