[2024-09-16 00:04:14,629] {taskinstance.py:1159} INFO - Dependencies all met for <TaskInstance: BRONZER_GET_STONCKS.BRONZE_STONCKS_TSLA scheduled__2024-02-28T00:00:00+00:00 [queued]>
[2024-09-16 00:04:14,657] {taskinstance.py:1159} INFO - Dependencies all met for <TaskInstance: BRONZER_GET_STONCKS.BRONZE_STONCKS_TSLA scheduled__2024-02-28T00:00:00+00:00 [queued]>
[2024-09-16 00:04:14,657] {taskinstance.py:1356} INFO - 
--------------------------------------------------------------------------------
[2024-09-16 00:04:14,657] {taskinstance.py:1357} INFO - Starting attempt 1 of 1
[2024-09-16 00:04:14,657] {taskinstance.py:1358} INFO - 
--------------------------------------------------------------------------------
[2024-09-16 00:04:14,705] {taskinstance.py:1377} INFO - Executing <Task(_PythonDecoratedOperator): BRONZE_STONCKS_TSLA> on 2024-02-28 00:00:00+00:00
[2024-09-16 00:04:14,709] {standard_task_runner.py:52} INFO - Started process 23621 to run task
[2024-09-16 00:04:14,732] {standard_task_runner.py:79} INFO - Running: ['airflow', 'tasks', 'run', 'BRONZER_GET_STONCKS', 'BRONZE_STONCKS_TSLA', 'scheduled__2024-02-28T00:00:00+00:00', '--job-id', '328', '--raw', '--subdir', 'DAGS_FOLDER/get_stocks.py', '--cfg-path', '/tmp/tmp_ctk7hvg', '--error-file', '/tmp/tmp4telwmjp']
[2024-09-16 00:04:14,733] {standard_task_runner.py:80} INFO - Job 328: Subtask BRONZE_STONCKS_TSLA
[2024-09-16 00:04:14,959] {task_command.py:370} INFO - Running <TaskInstance: BRONZER_GET_STONCKS.BRONZE_STONCKS_TSLA scheduled__2024-02-28T00:00:00+00:00 [running]> on host kaiwang.
[2024-09-16 00:04:15,290] {taskinstance.py:1569} INFO - Exporting the following env vars:
AIRFLOW_CTX_DAG_OWNER=airflow
AIRFLOW_CTX_DAG_ID=BRONZER_GET_STONCKS
AIRFLOW_CTX_TASK_ID=BRONZE_STONCKS_TSLA
AIRFLOW_CTX_EXECUTION_DATE=2024-02-28T00:00:00+00:00
AIRFLOW_CTX_TRY_NUMBER=1
AIRFLOW_CTX_DAG_RUN_ID=scheduled__2024-02-28T00:00:00+00:00
[2024-09-16 00:04:15,872] {python.py:173} INFO - Done. Returned value was: None
[2024-09-16 00:04:15,892] {taskinstance.py:1395} INFO - Marking task as SUCCESS. dag_id=BRONZER_GET_STONCKS, task_id=BRONZE_STONCKS_TSLA, execution_date=20240228T000000, start_date=20240916T030414, end_date=20240916T030415
[2024-09-16 00:04:15,912] {local_task_job.py:156} INFO - Task exited with return code 0
[2024-09-16 00:04:15,950] {local_task_job.py:273} INFO - 0 downstream tasks scheduled from follow-on schedule check
[2024-09-16 00:13:48,102] {taskinstance.py:1159} INFO - Dependencies all met for <TaskInstance: BRONZER_GET_STONCKS.BRONZE_STONCKS_TSLA scheduled__2024-02-28T00:00:00+00:00 [queued]>
[2024-09-16 00:13:48,122] {taskinstance.py:1159} INFO - Dependencies all met for <TaskInstance: BRONZER_GET_STONCKS.BRONZE_STONCKS_TSLA scheduled__2024-02-28T00:00:00+00:00 [queued]>
[2024-09-16 00:13:48,122] {taskinstance.py:1356} INFO - 
--------------------------------------------------------------------------------
[2024-09-16 00:13:48,122] {taskinstance.py:1357} INFO - Starting attempt 1 of 1
[2024-09-16 00:13:48,122] {taskinstance.py:1358} INFO - 
--------------------------------------------------------------------------------
[2024-09-16 00:13:48,157] {taskinstance.py:1377} INFO - Executing <Task(_PythonDecoratedOperator): BRONZE_STONCKS_TSLA> on 2024-02-28 00:00:00+00:00
[2024-09-16 00:13:48,167] {standard_task_runner.py:52} INFO - Started process 48971 to run task
[2024-09-16 00:13:48,179] {standard_task_runner.py:79} INFO - Running: ['airflow', 'tasks', 'run', 'BRONZER_GET_STONCKS', 'BRONZE_STONCKS_TSLA', 'scheduled__2024-02-28T00:00:00+00:00', '--job-id', '1786', '--raw', '--subdir', 'DAGS_FOLDER/get_stocks.py', '--cfg-path', '/tmp/tmpenb3jgl6', '--error-file', '/tmp/tmp0iy74l80']
[2024-09-16 00:13:48,181] {standard_task_runner.py:80} INFO - Job 1786: Subtask BRONZE_STONCKS_TSLA
[2024-09-16 00:13:48,296] {task_command.py:370} INFO - Running <TaskInstance: BRONZER_GET_STONCKS.BRONZE_STONCKS_TSLA scheduled__2024-02-28T00:00:00+00:00 [running]> on host kaiwang.
[2024-09-16 00:13:48,402] {taskinstance.py:1569} INFO - Exporting the following env vars:
AIRFLOW_CTX_DAG_OWNER=airflow
AIRFLOW_CTX_DAG_ID=BRONZER_GET_STONCKS
AIRFLOW_CTX_TASK_ID=BRONZE_STONCKS_TSLA
AIRFLOW_CTX_EXECUTION_DATE=2024-02-28T00:00:00+00:00
AIRFLOW_CTX_TRY_NUMBER=1
AIRFLOW_CTX_DAG_RUN_ID=scheduled__2024-02-28T00:00:00+00:00
[2024-09-16 00:13:48,961] {python.py:173} INFO - Done. Returned value was: None
[2024-09-16 00:13:48,995] {taskinstance.py:1395} INFO - Marking task as SUCCESS. dag_id=BRONZER_GET_STONCKS, task_id=BRONZE_STONCKS_TSLA, execution_date=20240228T000000, start_date=20240916T031348, end_date=20240916T031348
[2024-09-16 00:13:49,044] {local_task_job.py:156} INFO - Task exited with return code 0
[2024-09-16 00:13:49,116] {local_task_job.py:273} INFO - 0 downstream tasks scheduled from follow-on schedule check
[2024-09-16 00:15:24,264] {taskinstance.py:1159} INFO - Dependencies all met for <TaskInstance: BRONZER_GET_STONCKS.BRONZE_STONCKS_TSLA scheduled__2024-02-28T00:00:00+00:00 [queued]>
[2024-09-16 00:15:24,319] {taskinstance.py:1159} INFO - Dependencies all met for <TaskInstance: BRONZER_GET_STONCKS.BRONZE_STONCKS_TSLA scheduled__2024-02-28T00:00:00+00:00 [queued]>
[2024-09-16 00:15:24,319] {taskinstance.py:1356} INFO - 
--------------------------------------------------------------------------------
[2024-09-16 00:15:24,319] {taskinstance.py:1357} INFO - Starting attempt 1 of 1
[2024-09-16 00:15:24,319] {taskinstance.py:1358} INFO - 
--------------------------------------------------------------------------------
[2024-09-16 00:15:24,393] {taskinstance.py:1377} INFO - Executing <Task(_PythonDecoratedOperator): BRONZE_STONCKS_TSLA> on 2024-02-28 00:00:00+00:00
[2024-09-16 00:15:24,398] {standard_task_runner.py:52} INFO - Started process 54480 to run task
[2024-09-16 00:15:24,416] {standard_task_runner.py:79} INFO - Running: ['airflow', 'tasks', 'run', 'BRONZER_GET_STONCKS', 'BRONZE_STONCKS_TSLA', 'scheduled__2024-02-28T00:00:00+00:00', '--job-id', '2102', '--raw', '--subdir', 'DAGS_FOLDER/get_stocks.py', '--cfg-path', '/tmp/tmpha2gns1c', '--error-file', '/tmp/tmptyva4tta']
[2024-09-16 00:15:24,417] {standard_task_runner.py:80} INFO - Job 2102: Subtask BRONZE_STONCKS_TSLA
[2024-09-16 00:15:24,607] {task_command.py:370} INFO - Running <TaskInstance: BRONZER_GET_STONCKS.BRONZE_STONCKS_TSLA scheduled__2024-02-28T00:00:00+00:00 [running]> on host kaiwang.
[2024-09-16 00:15:24,841] {taskinstance.py:1569} INFO - Exporting the following env vars:
AIRFLOW_CTX_DAG_OWNER=airflow
AIRFLOW_CTX_DAG_ID=BRONZER_GET_STONCKS
AIRFLOW_CTX_TASK_ID=BRONZE_STONCKS_TSLA
AIRFLOW_CTX_EXECUTION_DATE=2024-02-28T00:00:00+00:00
AIRFLOW_CTX_TRY_NUMBER=1
AIRFLOW_CTX_DAG_RUN_ID=scheduled__2024-02-28T00:00:00+00:00
[2024-09-16 00:15:25,462] {python.py:173} INFO - Done. Returned value was: None
[2024-09-16 00:15:25,490] {taskinstance.py:1395} INFO - Marking task as SUCCESS. dag_id=BRONZER_GET_STONCKS, task_id=BRONZE_STONCKS_TSLA, execution_date=20240228T000000, start_date=20240916T031524, end_date=20240916T031525
[2024-09-16 00:15:25,536] {local_task_job.py:156} INFO - Task exited with return code 0
[2024-09-16 00:15:25,616] {local_task_job.py:273} INFO - 0 downstream tasks scheduled from follow-on schedule check
