[2024-09-16 00:04:26,911] {taskinstance.py:1159} INFO - Dependencies all met for <TaskInstance: BRONZER_GET_STONCKS.BRONZE_STONCKS_MSFT scheduled__2024-03-09T00:00:00+00:00 [queued]>
[2024-09-16 00:04:26,948] {taskinstance.py:1159} INFO - Dependencies all met for <TaskInstance: BRONZER_GET_STONCKS.BRONZE_STONCKS_MSFT scheduled__2024-03-09T00:00:00+00:00 [queued]>
[2024-09-16 00:04:26,948] {taskinstance.py:1356} INFO - 
--------------------------------------------------------------------------------
[2024-09-16 00:04:26,948] {taskinstance.py:1357} INFO - Starting attempt 1 of 1
[2024-09-16 00:04:26,948] {taskinstance.py:1358} INFO - 
--------------------------------------------------------------------------------
[2024-09-16 00:04:26,972] {taskinstance.py:1377} INFO - Executing <Task(_PythonDecoratedOperator): BRONZE_STONCKS_MSFT> on 2024-03-09 00:00:00+00:00
[2024-09-16 00:04:26,990] {standard_task_runner.py:52} INFO - Started process 24649 to run task
[2024-09-16 00:04:27,005] {standard_task_runner.py:79} INFO - Running: ['airflow', 'tasks', 'run', 'BRONZER_GET_STONCKS', 'BRONZE_STONCKS_MSFT', 'scheduled__2024-03-09T00:00:00+00:00', '--job-id', '386', '--raw', '--subdir', 'DAGS_FOLDER/get_stocks.py', '--cfg-path', '/tmp/tmp0a10dhbj', '--error-file', '/tmp/tmpu5d0j81y']
[2024-09-16 00:04:27,006] {standard_task_runner.py:80} INFO - Job 386: Subtask BRONZE_STONCKS_MSFT
[2024-09-16 00:04:27,187] {task_command.py:370} INFO - Running <TaskInstance: BRONZER_GET_STONCKS.BRONZE_STONCKS_MSFT scheduled__2024-03-09T00:00:00+00:00 [running]> on host kaiwang.
[2024-09-16 00:04:27,368] {taskinstance.py:1569} INFO - Exporting the following env vars:
AIRFLOW_CTX_DAG_OWNER=airflow
AIRFLOW_CTX_DAG_ID=BRONZER_GET_STONCKS
AIRFLOW_CTX_TASK_ID=BRONZE_STONCKS_MSFT
AIRFLOW_CTX_EXECUTION_DATE=2024-03-09T00:00:00+00:00
AIRFLOW_CTX_TRY_NUMBER=1
AIRFLOW_CTX_DAG_RUN_ID=scheduled__2024-03-09T00:00:00+00:00
[2024-09-16 00:04:28,251] {python.py:173} INFO - Done. Returned value was: None
[2024-09-16 00:04:28,397] {taskinstance.py:1395} INFO - Marking task as SUCCESS. dag_id=BRONZER_GET_STONCKS, task_id=BRONZE_STONCKS_MSFT, execution_date=20240309T000000, start_date=20240916T030426, end_date=20240916T030428
[2024-09-16 00:04:28,511] {local_task_job.py:156} INFO - Task exited with return code 0
[2024-09-16 00:04:28,843] {local_task_job.py:273} INFO - 0 downstream tasks scheduled from follow-on schedule check
[2024-09-16 00:15:35,140] {taskinstance.py:1159} INFO - Dependencies all met for <TaskInstance: BRONZER_GET_STONCKS.BRONZE_STONCKS_MSFT scheduled__2024-03-09T00:00:00+00:00 [queued]>
[2024-09-16 00:15:35,181] {taskinstance.py:1159} INFO - Dependencies all met for <TaskInstance: BRONZER_GET_STONCKS.BRONZE_STONCKS_MSFT scheduled__2024-03-09T00:00:00+00:00 [queued]>
[2024-09-16 00:15:35,181] {taskinstance.py:1356} INFO - 
--------------------------------------------------------------------------------
[2024-09-16 00:15:35,181] {taskinstance.py:1357} INFO - Starting attempt 1 of 1
[2024-09-16 00:15:35,188] {taskinstance.py:1358} INFO - 
--------------------------------------------------------------------------------
[2024-09-16 00:15:35,250] {taskinstance.py:1377} INFO - Executing <Task(_PythonDecoratedOperator): BRONZE_STONCKS_MSFT> on 2024-03-09 00:00:00+00:00
[2024-09-16 00:15:35,256] {standard_task_runner.py:52} INFO - Started process 55411 to run task
[2024-09-16 00:15:35,288] {standard_task_runner.py:79} INFO - Running: ['airflow', 'tasks', 'run', 'BRONZER_GET_STONCKS', 'BRONZE_STONCKS_MSFT', 'scheduled__2024-03-09T00:00:00+00:00', '--job-id', '2157', '--raw', '--subdir', 'DAGS_FOLDER/get_stocks.py', '--cfg-path', '/tmp/tmpwu_v9a_6', '--error-file', '/tmp/tmp_50p1oxe']
[2024-09-16 00:15:35,289] {standard_task_runner.py:80} INFO - Job 2157: Subtask BRONZE_STONCKS_MSFT
[2024-09-16 00:15:35,565] {task_command.py:370} INFO - Running <TaskInstance: BRONZER_GET_STONCKS.BRONZE_STONCKS_MSFT scheduled__2024-03-09T00:00:00+00:00 [running]> on host kaiwang.
[2024-09-16 00:15:35,800] {taskinstance.py:1569} INFO - Exporting the following env vars:
AIRFLOW_CTX_DAG_OWNER=airflow
AIRFLOW_CTX_DAG_ID=BRONZER_GET_STONCKS
AIRFLOW_CTX_TASK_ID=BRONZE_STONCKS_MSFT
AIRFLOW_CTX_EXECUTION_DATE=2024-03-09T00:00:00+00:00
AIRFLOW_CTX_TRY_NUMBER=1
AIRFLOW_CTX_DAG_RUN_ID=scheduled__2024-03-09T00:00:00+00:00
[2024-09-16 00:15:36,415] {python.py:173} INFO - Done. Returned value was: None
[2024-09-16 00:15:36,448] {taskinstance.py:1395} INFO - Marking task as SUCCESS. dag_id=BRONZER_GET_STONCKS, task_id=BRONZE_STONCKS_MSFT, execution_date=20240309T000000, start_date=20240916T031535, end_date=20240916T031536
[2024-09-16 00:15:36,522] {local_task_job.py:156} INFO - Task exited with return code 0
[2024-09-16 00:15:36,625] {local_task_job.py:273} INFO - 0 downstream tasks scheduled from follow-on schedule check
