[2024-09-16 00:06:39,176] {taskinstance.py:1159} INFO - Dependencies all met for <TaskInstance: BRONZER_GET_CRIPTOS.BRONZE_CRIPTO_BTC scheduled__2024-06-08T00:00:00+00:00 [queued]>
[2024-09-16 00:06:39,227] {taskinstance.py:1159} INFO - Dependencies all met for <TaskInstance: BRONZER_GET_CRIPTOS.BRONZE_CRIPTO_BTC scheduled__2024-06-08T00:00:00+00:00 [queued]>
[2024-09-16 00:06:39,227] {taskinstance.py:1356} INFO - 
--------------------------------------------------------------------------------
[2024-09-16 00:06:39,227] {taskinstance.py:1357} INFO - Starting attempt 1 of 1
[2024-09-16 00:06:39,227] {taskinstance.py:1358} INFO - 
--------------------------------------------------------------------------------
[2024-09-16 00:06:39,276] {taskinstance.py:1377} INFO - Executing <Task(_PythonDecoratedOperator): BRONZE_CRIPTO_BTC> on 2024-06-08 00:00:00+00:00
[2024-09-16 00:06:39,282] {standard_task_runner.py:52} INFO - Started process 35359 to run task
[2024-09-16 00:06:39,342] {standard_task_runner.py:79} INFO - Running: ['airflow', 'tasks', 'run', 'BRONZER_GET_CRIPTOS', 'BRONZE_CRIPTO_BTC', 'scheduled__2024-06-08T00:00:00+00:00', '--job-id', '1004', '--raw', '--subdir', 'DAGS_FOLDER/get_cripto.py', '--cfg-path', '/tmp/tmp4kown9pl', '--error-file', '/tmp/tmpqqqpt_hp']
[2024-09-16 00:06:39,344] {standard_task_runner.py:80} INFO - Job 1004: Subtask BRONZE_CRIPTO_BTC
[2024-09-16 00:06:39,618] {task_command.py:370} INFO - Running <TaskInstance: BRONZER_GET_CRIPTOS.BRONZE_CRIPTO_BTC scheduled__2024-06-08T00:00:00+00:00 [running]> on host kaiwang.
[2024-09-16 00:06:40,024] {taskinstance.py:1569} INFO - Exporting the following env vars:
AIRFLOW_CTX_DAG_OWNER=airflow
AIRFLOW_CTX_DAG_ID=BRONZER_GET_CRIPTOS
AIRFLOW_CTX_TASK_ID=BRONZE_CRIPTO_BTC
AIRFLOW_CTX_EXECUTION_DATE=2024-06-08T00:00:00+00:00
AIRFLOW_CTX_TRY_NUMBER=1
AIRFLOW_CTX_DAG_RUN_ID=scheduled__2024-06-08T00:00:00+00:00
[2024-09-16 00:06:45,665] {history.py:244} ERROR - $BTC: possibly delisted; no price data found  (1h 2024-06-05 -> 2024-06-08) (Yahoo error = "Data doesn't exist for startDate = 1717560000, endDate = 1717819200")
[2024-09-16 00:06:45,669] {python.py:173} INFO - Done. Returned value was: None
[2024-09-16 00:06:45,736] {taskinstance.py:1395} INFO - Marking task as SUCCESS. dag_id=BRONZER_GET_CRIPTOS, task_id=BRONZE_CRIPTO_BTC, execution_date=20240608T000000, start_date=20240916T030639, end_date=20240916T030645
[2024-09-16 00:06:45,810] {local_task_job.py:156} INFO - Task exited with return code 0
[2024-09-16 00:06:45,962] {local_task_job.py:273} INFO - 0 downstream tasks scheduled from follow-on schedule check
