[2024-09-16 00:07:22,103] {taskinstance.py:1159} INFO - Dependencies all met for <TaskInstance: BRONZER_GET_CRIPTOS.BRONZE_CRIPTO_AVAX scheduled__2024-07-09T00:00:00+00:00 [queued]>
[2024-09-16 00:07:22,170] {taskinstance.py:1159} INFO - Dependencies all met for <TaskInstance: BRONZER_GET_CRIPTOS.BRONZE_CRIPTO_AVAX scheduled__2024-07-09T00:00:00+00:00 [queued]>
[2024-09-16 00:07:22,170] {taskinstance.py:1356} INFO - 
--------------------------------------------------------------------------------
[2024-09-16 00:07:22,170] {taskinstance.py:1357} INFO - Starting attempt 1 of 1
[2024-09-16 00:07:22,170] {taskinstance.py:1358} INFO - 
--------------------------------------------------------------------------------
[2024-09-16 00:07:22,235] {taskinstance.py:1377} INFO - Executing <Task(_PythonDecoratedOperator): BRONZE_CRIPTO_AVAX> on 2024-07-09 00:00:00+00:00
[2024-09-16 00:07:22,264] {standard_task_runner.py:52} INFO - Started process 38808 to run task
[2024-09-16 00:07:22,293] {standard_task_runner.py:79} INFO - Running: ['airflow', 'tasks', 'run', 'BRONZER_GET_CRIPTOS', 'BRONZE_CRIPTO_AVAX', 'scheduled__2024-07-09T00:00:00+00:00', '--job-id', '1205', '--raw', '--subdir', 'DAGS_FOLDER/get_cripto.py', '--cfg-path', '/tmp/tmpxstoq7h4', '--error-file', '/tmp/tmp3650dys4']
[2024-09-16 00:07:22,294] {standard_task_runner.py:80} INFO - Job 1205: Subtask BRONZE_CRIPTO_AVAX
[2024-09-16 00:07:22,634] {task_command.py:370} INFO - Running <TaskInstance: BRONZER_GET_CRIPTOS.BRONZE_CRIPTO_AVAX scheduled__2024-07-09T00:00:00+00:00 [running]> on host kaiwang.
[2024-09-16 00:07:23,027] {taskinstance.py:1569} INFO - Exporting the following env vars:
AIRFLOW_CTX_DAG_OWNER=airflow
AIRFLOW_CTX_DAG_ID=BRONZER_GET_CRIPTOS
AIRFLOW_CTX_TASK_ID=BRONZE_CRIPTO_AVAX
AIRFLOW_CTX_EXECUTION_DATE=2024-07-09T00:00:00+00:00
AIRFLOW_CTX_TRY_NUMBER=1
AIRFLOW_CTX_DAG_RUN_ID=scheduled__2024-07-09T00:00:00+00:00
[2024-09-16 00:07:25,489] {history.py:122} ERROR - $AVAX: possibly delisted; no timezone found
[2024-09-16 00:07:25,500] {python.py:173} INFO - Done. Returned value was: None
[2024-09-16 00:07:25,531] {taskinstance.py:1395} INFO - Marking task as SUCCESS. dag_id=BRONZER_GET_CRIPTOS, task_id=BRONZE_CRIPTO_AVAX, execution_date=20240709T000000, start_date=20240916T030722, end_date=20240916T030725
[2024-09-16 00:07:25,584] {local_task_job.py:156} INFO - Task exited with return code 0
[2024-09-16 00:07:25,665] {local_task_job.py:273} INFO - 0 downstream tasks scheduled from follow-on schedule check
