[2024-09-16 00:03:54,560] {taskinstance.py:1159} INFO - Dependencies all met for <TaskInstance: BRONZER_GET_STONCKS.BRONZE_STONCKS_AAPL scheduled__2024-02-13T00:00:00+00:00 [queued]>
[2024-09-16 00:03:54,626] {taskinstance.py:1159} INFO - Dependencies all met for <TaskInstance: BRONZER_GET_STONCKS.BRONZE_STONCKS_AAPL scheduled__2024-02-13T00:00:00+00:00 [queued]>
[2024-09-16 00:03:54,626] {taskinstance.py:1356} INFO - 
--------------------------------------------------------------------------------
[2024-09-16 00:03:54,626] {taskinstance.py:1357} INFO - Starting attempt 1 of 1
[2024-09-16 00:03:54,626] {taskinstance.py:1358} INFO - 
--------------------------------------------------------------------------------
[2024-09-16 00:03:54,701] {taskinstance.py:1377} INFO - Executing <Task(_PythonDecoratedOperator): BRONZE_STONCKS_AAPL> on 2024-02-13 00:00:00+00:00
[2024-09-16 00:03:54,711] {standard_task_runner.py:52} INFO - Started process 22028 to run task
[2024-09-16 00:03:54,763] {standard_task_runner.py:79} INFO - Running: ['airflow', 'tasks', 'run', 'BRONZER_GET_STONCKS', 'BRONZE_STONCKS_AAPL', 'scheduled__2024-02-13T00:00:00+00:00', '--job-id', '232', '--raw', '--subdir', 'DAGS_FOLDER/get_stocks.py', '--cfg-path', '/tmp/tmp9nw3qbd1', '--error-file', '/tmp/tmppiuxitqy']
[2024-09-16 00:03:54,765] {standard_task_runner.py:80} INFO - Job 232: Subtask BRONZE_STONCKS_AAPL
[2024-09-16 00:03:54,951] {task_command.py:370} INFO - Running <TaskInstance: BRONZER_GET_STONCKS.BRONZE_STONCKS_AAPL scheduled__2024-02-13T00:00:00+00:00 [running]> on host kaiwang.
[2024-09-16 00:03:55,266] {taskinstance.py:1569} INFO - Exporting the following env vars:
AIRFLOW_CTX_DAG_OWNER=airflow
AIRFLOW_CTX_DAG_ID=BRONZER_GET_STONCKS
AIRFLOW_CTX_TASK_ID=BRONZE_STONCKS_AAPL
AIRFLOW_CTX_EXECUTION_DATE=2024-02-13T00:00:00+00:00
AIRFLOW_CTX_TRY_NUMBER=1
AIRFLOW_CTX_DAG_RUN_ID=scheduled__2024-02-13T00:00:00+00:00
[2024-09-16 00:03:56,013] {python.py:173} INFO - Done. Returned value was: None
[2024-09-16 00:03:56,400] {taskinstance.py:1395} INFO - Marking task as SUCCESS. dag_id=BRONZER_GET_STONCKS, task_id=BRONZE_STONCKS_AAPL, execution_date=20240213T000000, start_date=20240916T030354, end_date=20240916T030356
[2024-09-16 00:03:56,449] {local_task_job.py:156} INFO - Task exited with return code 0
[2024-09-16 00:03:56,629] {local_task_job.py:273} INFO - 0 downstream tasks scheduled from follow-on schedule check
[2024-09-16 00:13:31,026] {taskinstance.py:1159} INFO - Dependencies all met for <TaskInstance: BRONZER_GET_STONCKS.BRONZE_STONCKS_AAPL scheduled__2024-02-13T00:00:00+00:00 [queued]>
[2024-09-16 00:13:31,067] {taskinstance.py:1159} INFO - Dependencies all met for <TaskInstance: BRONZER_GET_STONCKS.BRONZE_STONCKS_AAPL scheduled__2024-02-13T00:00:00+00:00 [queued]>
[2024-09-16 00:13:31,069] {taskinstance.py:1356} INFO - 
--------------------------------------------------------------------------------
[2024-09-16 00:13:31,070] {taskinstance.py:1357} INFO - Starting attempt 1 of 1
[2024-09-16 00:13:31,070] {taskinstance.py:1358} INFO - 
--------------------------------------------------------------------------------
[2024-09-16 00:13:31,168] {taskinstance.py:1377} INFO - Executing <Task(_PythonDecoratedOperator): BRONZE_STONCKS_AAPL> on 2024-02-13 00:00:00+00:00
[2024-09-16 00:13:31,174] {standard_task_runner.py:52} INFO - Started process 47561 to run task
[2024-09-16 00:13:31,202] {standard_task_runner.py:79} INFO - Running: ['airflow', 'tasks', 'run', 'BRONZER_GET_STONCKS', 'BRONZE_STONCKS_AAPL', 'scheduled__2024-02-13T00:00:00+00:00', '--job-id', '1703', '--raw', '--subdir', 'DAGS_FOLDER/get_stocks.py', '--cfg-path', '/tmp/tmpddrrf5wk', '--error-file', '/tmp/tmpaqa9ckhj']
[2024-09-16 00:13:31,205] {standard_task_runner.py:80} INFO - Job 1703: Subtask BRONZE_STONCKS_AAPL
[2024-09-16 00:13:31,506] {task_command.py:370} INFO - Running <TaskInstance: BRONZER_GET_STONCKS.BRONZE_STONCKS_AAPL scheduled__2024-02-13T00:00:00+00:00 [running]> on host kaiwang.
[2024-09-16 00:13:31,927] {taskinstance.py:1569} INFO - Exporting the following env vars:
AIRFLOW_CTX_DAG_OWNER=airflow
AIRFLOW_CTX_DAG_ID=BRONZER_GET_STONCKS
AIRFLOW_CTX_TASK_ID=BRONZE_STONCKS_AAPL
AIRFLOW_CTX_EXECUTION_DATE=2024-02-13T00:00:00+00:00
AIRFLOW_CTX_TRY_NUMBER=1
AIRFLOW_CTX_DAG_RUN_ID=scheduled__2024-02-13T00:00:00+00:00
[2024-09-16 00:13:32,627] {python.py:173} INFO - Done. Returned value was: None
[2024-09-16 00:13:32,690] {taskinstance.py:1395} INFO - Marking task as SUCCESS. dag_id=BRONZER_GET_STONCKS, task_id=BRONZE_STONCKS_AAPL, execution_date=20240213T000000, start_date=20240916T031331, end_date=20240916T031332
[2024-09-16 00:13:32,755] {local_task_job.py:156} INFO - Task exited with return code 0
[2024-09-16 00:13:32,914] {local_task_job.py:273} INFO - 0 downstream tasks scheduled from follow-on schedule check
[2024-09-16 00:15:04,514] {taskinstance.py:1159} INFO - Dependencies all met for <TaskInstance: BRONZER_GET_STONCKS.BRONZE_STONCKS_AAPL scheduled__2024-02-13T00:00:00+00:00 [queued]>
[2024-09-16 00:15:04,544] {taskinstance.py:1159} INFO - Dependencies all met for <TaskInstance: BRONZER_GET_STONCKS.BRONZE_STONCKS_AAPL scheduled__2024-02-13T00:00:00+00:00 [queued]>
[2024-09-16 00:15:04,544] {taskinstance.py:1356} INFO - 
--------------------------------------------------------------------------------
[2024-09-16 00:15:04,544] {taskinstance.py:1357} INFO - Starting attempt 1 of 1
[2024-09-16 00:15:04,544] {taskinstance.py:1358} INFO - 
--------------------------------------------------------------------------------
[2024-09-16 00:15:04,606] {taskinstance.py:1377} INFO - Executing <Task(_PythonDecoratedOperator): BRONZE_STONCKS_AAPL> on 2024-02-13 00:00:00+00:00
[2024-09-16 00:15:04,614] {standard_task_runner.py:52} INFO - Started process 52909 to run task
[2024-09-16 00:15:04,655] {standard_task_runner.py:79} INFO - Running: ['airflow', 'tasks', 'run', 'BRONZER_GET_STONCKS', 'BRONZE_STONCKS_AAPL', 'scheduled__2024-02-13T00:00:00+00:00', '--job-id', '2009', '--raw', '--subdir', 'DAGS_FOLDER/get_stocks.py', '--cfg-path', '/tmp/tmp879c603x', '--error-file', '/tmp/tmpildbh2f3']
[2024-09-16 00:15:04,656] {standard_task_runner.py:80} INFO - Job 2009: Subtask BRONZE_STONCKS_AAPL
[2024-09-16 00:15:04,863] {task_command.py:370} INFO - Running <TaskInstance: BRONZER_GET_STONCKS.BRONZE_STONCKS_AAPL scheduled__2024-02-13T00:00:00+00:00 [running]> on host kaiwang.
[2024-09-16 00:15:05,141] {taskinstance.py:1569} INFO - Exporting the following env vars:
AIRFLOW_CTX_DAG_OWNER=airflow
AIRFLOW_CTX_DAG_ID=BRONZER_GET_STONCKS
AIRFLOW_CTX_TASK_ID=BRONZE_STONCKS_AAPL
AIRFLOW_CTX_EXECUTION_DATE=2024-02-13T00:00:00+00:00
AIRFLOW_CTX_TRY_NUMBER=1
AIRFLOW_CTX_DAG_RUN_ID=scheduled__2024-02-13T00:00:00+00:00
[2024-09-16 00:15:05,763] {python.py:173} INFO - Done. Returned value was: None
[2024-09-16 00:15:05,818] {taskinstance.py:1395} INFO - Marking task as SUCCESS. dag_id=BRONZER_GET_STONCKS, task_id=BRONZE_STONCKS_AAPL, execution_date=20240213T000000, start_date=20240916T031504, end_date=20240916T031505
[2024-09-16 00:15:05,882] {local_task_job.py:156} INFO - Task exited with return code 0
[2024-09-16 00:15:05,975] {local_task_job.py:273} INFO - 0 downstream tasks scheduled from follow-on schedule check
