[2024-09-16 00:04:13,158] {taskinstance.py:1159} INFO - Dependencies all met for <TaskInstance: BRONZER_GET_CRIPTOS.BRONZE_CRIPTO_AVAX scheduled__2024-02-24T00:00:00+00:00 [queued]>
[2024-09-16 00:04:13,199] {taskinstance.py:1159} INFO - Dependencies all met for <TaskInstance: BRONZER_GET_CRIPTOS.BRONZE_CRIPTO_AVAX scheduled__2024-02-24T00:00:00+00:00 [queued]>
[2024-09-16 00:04:13,199] {taskinstance.py:1356} INFO - 
--------------------------------------------------------------------------------
[2024-09-16 00:04:13,199] {taskinstance.py:1357} INFO - Starting attempt 1 of 1
[2024-09-16 00:04:13,199] {taskinstance.py:1358} INFO - 
--------------------------------------------------------------------------------
[2024-09-16 00:04:13,247] {taskinstance.py:1377} INFO - Executing <Task(_PythonDecoratedOperator): BRONZE_CRIPTO_AVAX> on 2024-02-24 00:00:00+00:00
[2024-09-16 00:04:13,261] {standard_task_runner.py:52} INFO - Started process 23494 to run task
[2024-09-16 00:04:13,286] {standard_task_runner.py:79} INFO - Running: ['airflow', 'tasks', 'run', 'BRONZER_GET_CRIPTOS', 'BRONZE_CRIPTO_AVAX', 'scheduled__2024-02-24T00:00:00+00:00', '--job-id', '317', '--raw', '--subdir', 'DAGS_FOLDER/get_cripto.py', '--cfg-path', '/tmp/tmpai2hq_em', '--error-file', '/tmp/tmpfrpxcmzf']
[2024-09-16 00:04:13,287] {standard_task_runner.py:80} INFO - Job 317: Subtask BRONZE_CRIPTO_AVAX
[2024-09-16 00:04:13,543] {task_command.py:370} INFO - Running <TaskInstance: BRONZER_GET_CRIPTOS.BRONZE_CRIPTO_AVAX scheduled__2024-02-24T00:00:00+00:00 [running]> on host kaiwang.
[2024-09-16 00:04:13,972] {taskinstance.py:1569} INFO - Exporting the following env vars:
AIRFLOW_CTX_DAG_OWNER=airflow
AIRFLOW_CTX_DAG_ID=BRONZER_GET_CRIPTOS
AIRFLOW_CTX_TASK_ID=BRONZE_CRIPTO_AVAX
AIRFLOW_CTX_EXECUTION_DATE=2024-02-24T00:00:00+00:00
AIRFLOW_CTX_TRY_NUMBER=1
AIRFLOW_CTX_DAG_RUN_ID=scheduled__2024-02-24T00:00:00+00:00
[2024-09-16 00:04:16,434] {history.py:122} ERROR - $AVAX: possibly delisted; no timezone found
[2024-09-16 00:04:16,438] {python.py:173} INFO - Done. Returned value was: None
[2024-09-16 00:04:16,515] {taskinstance.py:1395} INFO - Marking task as SUCCESS. dag_id=BRONZER_GET_CRIPTOS, task_id=BRONZE_CRIPTO_AVAX, execution_date=20240224T000000, start_date=20240916T030413, end_date=20240916T030416
[2024-09-16 00:04:16,623] {local_task_job.py:156} INFO - Task exited with return code 0
[2024-09-16 00:04:16,806] {local_task_job.py:273} INFO - 0 downstream tasks scheduled from follow-on schedule check
[2024-09-16 00:15:29,372] {taskinstance.py:1159} INFO - Dependencies all met for <TaskInstance: BRONZER_GET_CRIPTOS.BRONZE_CRIPTO_AVAX scheduled__2024-02-24T00:00:00+00:00 [queued]>
[2024-09-16 00:15:29,402] {taskinstance.py:1159} INFO - Dependencies all met for <TaskInstance: BRONZER_GET_CRIPTOS.BRONZE_CRIPTO_AVAX scheduled__2024-02-24T00:00:00+00:00 [queued]>
[2024-09-16 00:15:29,403] {taskinstance.py:1356} INFO - 
--------------------------------------------------------------------------------
[2024-09-16 00:15:29,403] {taskinstance.py:1357} INFO - Starting attempt 1 of 1
[2024-09-16 00:15:29,403] {taskinstance.py:1358} INFO - 
--------------------------------------------------------------------------------
[2024-09-16 00:15:29,456] {taskinstance.py:1377} INFO - Executing <Task(_PythonDecoratedOperator): BRONZE_CRIPTO_AVAX> on 2024-02-24 00:00:00+00:00
[2024-09-16 00:15:29,485] {standard_task_runner.py:79} INFO - Running: ['airflow', 'tasks', 'run', 'BRONZER_GET_CRIPTOS', 'BRONZE_CRIPTO_AVAX', 'scheduled__2024-02-24T00:00:00+00:00', '--job-id', '2116', '--raw', '--subdir', 'DAGS_FOLDER/get_cripto.py', '--cfg-path', '/tmp/tmpexdhelkq', '--error-file', '/tmp/tmpdlmdtht1']
[2024-09-16 00:15:29,487] {standard_task_runner.py:80} INFO - Job 2116: Subtask BRONZE_CRIPTO_AVAX
[2024-09-16 00:15:29,492] {standard_task_runner.py:52} INFO - Started process 54832 to run task
[2024-09-16 00:15:29,842] {task_command.py:370} INFO - Running <TaskInstance: BRONZER_GET_CRIPTOS.BRONZE_CRIPTO_AVAX scheduled__2024-02-24T00:00:00+00:00 [running]> on host kaiwang.
[2024-09-16 00:15:30,201] {taskinstance.py:1569} INFO - Exporting the following env vars:
AIRFLOW_CTX_DAG_OWNER=airflow
AIRFLOW_CTX_DAG_ID=BRONZER_GET_CRIPTOS
AIRFLOW_CTX_TASK_ID=BRONZE_CRIPTO_AVAX
AIRFLOW_CTX_EXECUTION_DATE=2024-02-24T00:00:00+00:00
AIRFLOW_CTX_TRY_NUMBER=1
AIRFLOW_CTX_DAG_RUN_ID=scheduled__2024-02-24T00:00:00+00:00
[2024-09-16 00:15:32,499] {history.py:122} ERROR - $AVAX: possibly delisted; no timezone found
[2024-09-16 00:15:32,515] {python.py:173} INFO - Done. Returned value was: None
[2024-09-16 00:15:32,750] {taskinstance.py:1395} INFO - Marking task as SUCCESS. dag_id=BRONZER_GET_CRIPTOS, task_id=BRONZE_CRIPTO_AVAX, execution_date=20240224T000000, start_date=20240916T031529, end_date=20240916T031532
[2024-09-16 00:15:32,832] {local_task_job.py:156} INFO - Task exited with return code 0
[2024-09-16 00:15:32,969] {local_task_job.py:273} INFO - 0 downstream tasks scheduled from follow-on schedule check
