[2024-09-16 00:07:17,410] {taskinstance.py:1159} INFO - Dependencies all met for <TaskInstance: BRONZER_GET_STONCKS.BRONZE_STONCKS_TSLA scheduled__2024-08-14T00:00:00+00:00 [queued]>
[2024-09-16 00:07:17,448] {taskinstance.py:1159} INFO - Dependencies all met for <TaskInstance: BRONZER_GET_STONCKS.BRONZE_STONCKS_TSLA scheduled__2024-08-14T00:00:00+00:00 [queued]>
[2024-09-16 00:07:17,448] {taskinstance.py:1356} INFO - 
--------------------------------------------------------------------------------
[2024-09-16 00:07:17,449] {taskinstance.py:1357} INFO - Starting attempt 1 of 1
[2024-09-16 00:07:17,449] {taskinstance.py:1358} INFO - 
--------------------------------------------------------------------------------
[2024-09-16 00:07:17,498] {taskinstance.py:1377} INFO - Executing <Task(_PythonDecoratedOperator): BRONZE_STONCKS_TSLA> on 2024-08-14 00:00:00+00:00
[2024-09-16 00:07:17,506] {standard_task_runner.py:52} INFO - Started process 38454 to run task
[2024-09-16 00:07:17,524] {standard_task_runner.py:79} INFO - Running: ['airflow', 'tasks', 'run', 'BRONZER_GET_STONCKS', 'BRONZE_STONCKS_TSLA', 'scheduled__2024-08-14T00:00:00+00:00', '--job-id', '1190', '--raw', '--subdir', 'DAGS_FOLDER/get_stocks.py', '--cfg-path', '/tmp/tmpze0xvuic', '--error-file', '/tmp/tmpligjroug']
[2024-09-16 00:07:17,525] {standard_task_runner.py:80} INFO - Job 1190: Subtask BRONZE_STONCKS_TSLA
[2024-09-16 00:07:17,691] {task_command.py:370} INFO - Running <TaskInstance: BRONZER_GET_STONCKS.BRONZE_STONCKS_TSLA scheduled__2024-08-14T00:00:00+00:00 [running]> on host kaiwang.
[2024-09-16 00:07:17,913] {taskinstance.py:1569} INFO - Exporting the following env vars:
AIRFLOW_CTX_DAG_OWNER=airflow
AIRFLOW_CTX_DAG_ID=BRONZER_GET_STONCKS
AIRFLOW_CTX_TASK_ID=BRONZE_STONCKS_TSLA
AIRFLOW_CTX_EXECUTION_DATE=2024-08-14T00:00:00+00:00
AIRFLOW_CTX_TRY_NUMBER=1
AIRFLOW_CTX_DAG_RUN_ID=scheduled__2024-08-14T00:00:00+00:00
[2024-09-16 00:07:18,559] {python.py:173} INFO - Done. Returned value was: None
[2024-09-16 00:07:18,584] {taskinstance.py:1395} INFO - Marking task as SUCCESS. dag_id=BRONZER_GET_STONCKS, task_id=BRONZE_STONCKS_TSLA, execution_date=20240814T000000, start_date=20240916T030717, end_date=20240916T030718
[2024-09-16 00:07:18,627] {local_task_job.py:156} INFO - Task exited with return code 0
[2024-09-16 00:07:18,687] {local_task_job.py:273} INFO - 0 downstream tasks scheduled from follow-on schedule check
[2024-09-16 13:56:04,194] {taskinstance.py:1159} INFO - Dependencies all met for <TaskInstance: BRONZER_GET_STONCKS.BRONZE_STONCKS_TSLA scheduled__2024-08-14T00:00:00+00:00 [queued]>
[2024-09-16 13:56:04,208] {taskinstance.py:1159} INFO - Dependencies all met for <TaskInstance: BRONZER_GET_STONCKS.BRONZE_STONCKS_TSLA scheduled__2024-08-14T00:00:00+00:00 [queued]>
[2024-09-16 13:56:04,208] {taskinstance.py:1356} INFO - 
--------------------------------------------------------------------------------
[2024-09-16 13:56:04,208] {taskinstance.py:1357} INFO - Starting attempt 1 of 1
[2024-09-16 13:56:04,208] {taskinstance.py:1358} INFO - 
--------------------------------------------------------------------------------
[2024-09-16 13:56:04,221] {taskinstance.py:1377} INFO - Executing <Task(_PythonDecoratedOperator): BRONZE_STONCKS_TSLA> on 2024-08-14 00:00:00+00:00
[2024-09-16 13:56:04,226] {standard_task_runner.py:52} INFO - Started process 137461 to run task
[2024-09-16 13:56:04,232] {standard_task_runner.py:79} INFO - Running: ['airflow', 'tasks', 'run', 'BRONZER_GET_STONCKS', 'BRONZE_STONCKS_TSLA', 'scheduled__2024-08-14T00:00:00+00:00', '--job-id', '2512', '--raw', '--subdir', 'DAGS_FOLDER/get_stocks.py', '--cfg-path', '/tmp/tmpzy7fcau2', '--error-file', '/tmp/tmpdaam1gep']
[2024-09-16 13:56:04,233] {standard_task_runner.py:80} INFO - Job 2512: Subtask BRONZE_STONCKS_TSLA
[2024-09-16 13:56:04,357] {task_command.py:370} INFO - Running <TaskInstance: BRONZER_GET_STONCKS.BRONZE_STONCKS_TSLA scheduled__2024-08-14T00:00:00+00:00 [running]> on host kaiwang.
[2024-09-16 13:56:04,604] {taskinstance.py:1569} INFO - Exporting the following env vars:
AIRFLOW_CTX_DAG_OWNER=airflow
AIRFLOW_CTX_DAG_ID=BRONZER_GET_STONCKS
AIRFLOW_CTX_TASK_ID=BRONZE_STONCKS_TSLA
AIRFLOW_CTX_EXECUTION_DATE=2024-08-14T00:00:00+00:00
AIRFLOW_CTX_TRY_NUMBER=1
AIRFLOW_CTX_DAG_RUN_ID=scheduled__2024-08-14T00:00:00+00:00
[2024-09-16 13:56:05,154] {python.py:173} INFO - Done. Returned value was: None
[2024-09-16 13:56:05,177] {taskinstance.py:1395} INFO - Marking task as SUCCESS. dag_id=BRONZER_GET_STONCKS, task_id=BRONZE_STONCKS_TSLA, execution_date=20240814T000000, start_date=20240916T165604, end_date=20240916T165605
[2024-09-16 13:56:05,217] {local_task_job.py:156} INFO - Task exited with return code 0
[2024-09-16 13:56:05,280] {local_task_job.py:273} INFO - 0 downstream tasks scheduled from follow-on schedule check
