[2024-09-16 00:04:06,467] {taskinstance.py:1159} INFO - Dependencies all met for <TaskInstance: BRONZER_GET_CRIPTOS.BRONZE_CRIPTO_ETH scheduled__2024-02-20T00:00:00+00:00 [queued]>
[2024-09-16 00:04:06,524] {taskinstance.py:1159} INFO - Dependencies all met for <TaskInstance: BRONZER_GET_CRIPTOS.BRONZE_CRIPTO_ETH scheduled__2024-02-20T00:00:00+00:00 [queued]>
[2024-09-16 00:04:06,524] {taskinstance.py:1356} INFO - 
--------------------------------------------------------------------------------
[2024-09-16 00:04:06,525] {taskinstance.py:1357} INFO - Starting attempt 1 of 1
[2024-09-16 00:04:06,525] {taskinstance.py:1358} INFO - 
--------------------------------------------------------------------------------
[2024-09-16 00:04:06,620] {taskinstance.py:1377} INFO - Executing <Task(_PythonDecoratedOperator): BRONZE_CRIPTO_ETH> on 2024-02-20 00:00:00+00:00
[2024-09-16 00:04:06,632] {standard_task_runner.py:52} INFO - Started process 22963 to run task
[2024-09-16 00:04:06,646] {standard_task_runner.py:79} INFO - Running: ['airflow', 'tasks', 'run', 'BRONZER_GET_CRIPTOS', 'BRONZE_CRIPTO_ETH', 'scheduled__2024-02-20T00:00:00+00:00', '--job-id', '289', '--raw', '--subdir', 'DAGS_FOLDER/get_cripto.py', '--cfg-path', '/tmp/tmpgnm81sm1', '--error-file', '/tmp/tmpljxixc1i']
[2024-09-16 00:04:06,647] {standard_task_runner.py:80} INFO - Job 289: Subtask BRONZE_CRIPTO_ETH
[2024-09-16 00:04:07,084] {task_command.py:370} INFO - Running <TaskInstance: BRONZER_GET_CRIPTOS.BRONZE_CRIPTO_ETH scheduled__2024-02-20T00:00:00+00:00 [running]> on host kaiwang.
[2024-09-16 00:04:07,504] {taskinstance.py:1569} INFO - Exporting the following env vars:
AIRFLOW_CTX_DAG_OWNER=airflow
AIRFLOW_CTX_DAG_ID=BRONZER_GET_CRIPTOS
AIRFLOW_CTX_TASK_ID=BRONZE_CRIPTO_ETH
AIRFLOW_CTX_EXECUTION_DATE=2024-02-20T00:00:00+00:00
AIRFLOW_CTX_TRY_NUMBER=1
AIRFLOW_CTX_DAG_RUN_ID=scheduled__2024-02-20T00:00:00+00:00
[2024-09-16 00:04:10,563] {history.py:244} ERROR - $ETH: possibly delisted; no price data found  (1h 2024-02-17 -> 2024-02-20) (Yahoo error = "Data doesn't exist for startDate = 1708146000, endDate = 1708405200")
[2024-09-16 00:04:10,567] {python.py:173} INFO - Done. Returned value was: None
[2024-09-16 00:04:10,941] {taskinstance.py:1395} INFO - Marking task as SUCCESS. dag_id=BRONZER_GET_CRIPTOS, task_id=BRONZE_CRIPTO_ETH, execution_date=20240220T000000, start_date=20240916T030406, end_date=20240916T030410
[2024-09-16 00:04:11,049] {local_task_job.py:156} INFO - Task exited with return code 0
[2024-09-16 00:04:11,398] {local_task_job.py:273} INFO - 0 downstream tasks scheduled from follow-on schedule check
[2024-09-16 00:13:47,563] {taskinstance.py:1159} INFO - Dependencies all met for <TaskInstance: BRONZER_GET_CRIPTOS.BRONZE_CRIPTO_ETH scheduled__2024-02-20T00:00:00+00:00 [queued]>
[2024-09-16 00:13:47,577] {taskinstance.py:1159} INFO - Dependencies all met for <TaskInstance: BRONZER_GET_CRIPTOS.BRONZE_CRIPTO_ETH scheduled__2024-02-20T00:00:00+00:00 [queued]>
[2024-09-16 00:13:47,577] {taskinstance.py:1356} INFO - 
--------------------------------------------------------------------------------
[2024-09-16 00:13:47,577] {taskinstance.py:1357} INFO - Starting attempt 1 of 1
[2024-09-16 00:13:47,577] {taskinstance.py:1358} INFO - 
--------------------------------------------------------------------------------
[2024-09-16 00:13:47,617] {taskinstance.py:1377} INFO - Executing <Task(_PythonDecoratedOperator): BRONZE_CRIPTO_ETH> on 2024-02-20 00:00:00+00:00
[2024-09-16 00:13:47,625] {standard_task_runner.py:52} INFO - Started process 48887 to run task
[2024-09-16 00:13:47,646] {standard_task_runner.py:79} INFO - Running: ['airflow', 'tasks', 'run', 'BRONZER_GET_CRIPTOS', 'BRONZE_CRIPTO_ETH', 'scheduled__2024-02-20T00:00:00+00:00', '--job-id', '1775', '--raw', '--subdir', 'DAGS_FOLDER/get_cripto.py', '--cfg-path', '/tmp/tmpf5z7es7o', '--error-file', '/tmp/tmpkabfvqze']
[2024-09-16 00:13:47,647] {standard_task_runner.py:80} INFO - Job 1775: Subtask BRONZE_CRIPTO_ETH
[2024-09-16 00:13:47,818] {task_command.py:370} INFO - Running <TaskInstance: BRONZER_GET_CRIPTOS.BRONZE_CRIPTO_ETH scheduled__2024-02-20T00:00:00+00:00 [running]> on host kaiwang.
[2024-09-16 00:13:48,003] {taskinstance.py:1569} INFO - Exporting the following env vars:
AIRFLOW_CTX_DAG_OWNER=airflow
AIRFLOW_CTX_DAG_ID=BRONZER_GET_CRIPTOS
AIRFLOW_CTX_TASK_ID=BRONZE_CRIPTO_ETH
AIRFLOW_CTX_EXECUTION_DATE=2024-02-20T00:00:00+00:00
AIRFLOW_CTX_TRY_NUMBER=1
AIRFLOW_CTX_DAG_RUN_ID=scheduled__2024-02-20T00:00:00+00:00
[2024-09-16 00:13:51,060] {history.py:244} ERROR - $ETH: possibly delisted; no price data found  (1h 2024-02-17 -> 2024-02-20) (Yahoo error = "Data doesn't exist for startDate = 1708146000, endDate = 1708405200")
[2024-09-16 00:13:51,062] {python.py:173} INFO - Done. Returned value was: None
[2024-09-16 00:13:51,077] {taskinstance.py:1395} INFO - Marking task as SUCCESS. dag_id=BRONZER_GET_CRIPTOS, task_id=BRONZE_CRIPTO_ETH, execution_date=20240220T000000, start_date=20240916T031347, end_date=20240916T031351
[2024-09-16 00:13:51,114] {local_task_job.py:156} INFO - Task exited with return code 0
[2024-09-16 00:13:51,147] {local_task_job.py:273} INFO - 0 downstream tasks scheduled from follow-on schedule check
[2024-09-16 00:15:22,363] {taskinstance.py:1159} INFO - Dependencies all met for <TaskInstance: BRONZER_GET_CRIPTOS.BRONZE_CRIPTO_ETH scheduled__2024-02-20T00:00:00+00:00 [queued]>
[2024-09-16 00:15:22,433] {taskinstance.py:1159} INFO - Dependencies all met for <TaskInstance: BRONZER_GET_CRIPTOS.BRONZE_CRIPTO_ETH scheduled__2024-02-20T00:00:00+00:00 [queued]>
[2024-09-16 00:15:22,433] {taskinstance.py:1356} INFO - 
--------------------------------------------------------------------------------
[2024-09-16 00:15:22,433] {taskinstance.py:1357} INFO - Starting attempt 1 of 1
[2024-09-16 00:15:22,433] {taskinstance.py:1358} INFO - 
--------------------------------------------------------------------------------
[2024-09-16 00:15:22,509] {taskinstance.py:1377} INFO - Executing <Task(_PythonDecoratedOperator): BRONZE_CRIPTO_ETH> on 2024-02-20 00:00:00+00:00
[2024-09-16 00:15:22,547] {standard_task_runner.py:79} INFO - Running: ['airflow', 'tasks', 'run', 'BRONZER_GET_CRIPTOS', 'BRONZE_CRIPTO_ETH', 'scheduled__2024-02-20T00:00:00+00:00', '--job-id', '2083', '--raw', '--subdir', 'DAGS_FOLDER/get_cripto.py', '--cfg-path', '/tmp/tmpz4tr7zkr', '--error-file', '/tmp/tmpuh7g4f7q']
[2024-09-16 00:15:22,548] {standard_task_runner.py:80} INFO - Job 2083: Subtask BRONZE_CRIPTO_ETH
[2024-09-16 00:15:22,519] {standard_task_runner.py:52} INFO - Started process 54293 to run task
[2024-09-16 00:15:22,864] {task_command.py:370} INFO - Running <TaskInstance: BRONZER_GET_CRIPTOS.BRONZE_CRIPTO_ETH scheduled__2024-02-20T00:00:00+00:00 [running]> on host kaiwang.
[2024-09-16 00:15:23,326] {taskinstance.py:1569} INFO - Exporting the following env vars:
AIRFLOW_CTX_DAG_OWNER=airflow
AIRFLOW_CTX_DAG_ID=BRONZER_GET_CRIPTOS
AIRFLOW_CTX_TASK_ID=BRONZE_CRIPTO_ETH
AIRFLOW_CTX_EXECUTION_DATE=2024-02-20T00:00:00+00:00
AIRFLOW_CTX_TRY_NUMBER=1
AIRFLOW_CTX_DAG_RUN_ID=scheduled__2024-02-20T00:00:00+00:00
[2024-09-16 00:15:25,836] {history.py:244} ERROR - $ETH: possibly delisted; no price data found  (1h 2024-02-17 -> 2024-02-20) (Yahoo error = "Data doesn't exist for startDate = 1708146000, endDate = 1708405200")
[2024-09-16 00:15:25,846] {python.py:173} INFO - Done. Returned value was: None
[2024-09-16 00:15:25,899] {taskinstance.py:1395} INFO - Marking task as SUCCESS. dag_id=BRONZER_GET_CRIPTOS, task_id=BRONZE_CRIPTO_ETH, execution_date=20240220T000000, start_date=20240916T031522, end_date=20240916T031525
[2024-09-16 00:15:25,932] {local_task_job.py:156} INFO - Task exited with return code 0
[2024-09-16 00:15:26,091] {local_task_job.py:273} INFO - 0 downstream tasks scheduled from follow-on schedule check
