[2024-09-15 20:04:41,468] {taskinstance.py:1159} INFO - Dependencies all met for <TaskInstance: BRONZER_GET_STONCKS.BRONZE_GOOG scheduled__2024-01-24T00:00:00+00:00 [queued]>
[2024-09-15 20:04:41,473] {taskinstance.py:1159} INFO - Dependencies all met for <TaskInstance: BRONZER_GET_STONCKS.BRONZE_GOOG scheduled__2024-01-24T00:00:00+00:00 [queued]>
[2024-09-15 20:04:41,474] {taskinstance.py:1356} INFO - 
--------------------------------------------------------------------------------
[2024-09-15 20:04:41,474] {taskinstance.py:1357} INFO - Starting attempt 1 of 1
[2024-09-15 20:04:41,474] {taskinstance.py:1358} INFO - 
--------------------------------------------------------------------------------
[2024-09-15 20:04:41,485] {taskinstance.py:1377} INFO - Executing <Task(_PythonDecoratedOperator): BRONZE_GOOG> on 2024-01-24 00:00:00+00:00
[2024-09-15 20:04:41,487] {standard_task_runner.py:52} INFO - Started process 11725 to run task
[2024-09-15 20:04:41,489] {standard_task_runner.py:79} INFO - Running: ['airflow', 'tasks', 'run', 'BRONZER_GET_STONCKS', 'BRONZE_GOOG', 'scheduled__2024-01-24T00:00:00+00:00', '--job-id', '75', '--raw', '--subdir', 'DAGS_FOLDER/get_stocks.py', '--cfg-path', '/tmp/tmpu1hjiab6', '--error-file', '/tmp/tmpq2gjscvj']
[2024-09-15 20:04:41,490] {standard_task_runner.py:80} INFO - Job 75: Subtask BRONZE_GOOG
[2024-09-15 20:04:41,519] {task_command.py:370} INFO - Running <TaskInstance: BRONZER_GET_STONCKS.BRONZE_GOOG scheduled__2024-01-24T00:00:00+00:00 [running]> on host kaiwang.
[2024-09-15 20:04:41,560] {taskinstance.py:1569} INFO - Exporting the following env vars:
AIRFLOW_CTX_DAG_OWNER=airflow
AIRFLOW_CTX_DAG_ID=BRONZER_GET_STONCKS
AIRFLOW_CTX_TASK_ID=BRONZE_GOOG
AIRFLOW_CTX_EXECUTION_DATE=2024-01-24T00:00:00+00:00
AIRFLOW_CTX_TRY_NUMBER=1
AIRFLOW_CTX_DAG_RUN_ID=scheduled__2024-01-24T00:00:00+00:00
[2024-09-15 20:04:41,561] {taskinstance.py:1889} ERROR - Task failed with exception
Traceback (most recent call last):
  File "/usr/lib/python3.10/pathlib.py", line 1175, in mkdir
    self._accessor.mkdir(self, mode)
FileNotFoundError: [Errno 2] No such file or directory: '/datalake/GOOG'

During handling of the above exception, another exception occurred:

Traceback (most recent call last):
  File "/home/kaiwang/Documents/airflow_celeby/venv/lib/python3.10/site-packages/airflow/decorators/base.py", line 179, in execute
    return_value = super().execute(context)
  File "/home/kaiwang/Documents/airflow_celeby/venv/lib/python3.10/site-packages/airflow/operators/python.py", line 171, in execute
    return_value = self.execute_callable()
  File "/home/kaiwang/Documents/airflow_celeby/venv/lib/python3.10/site-packages/airflow/operators/python.py", line 189, in execute_callable
    return self.python_callable(*self.op_args, **self.op_kwargs)
  File "/home/kaiwang/Documents/airflow_celeby/dags/get_stocks.py", line 21, in get_history
    (Path(file_path).parent).mkdir(parents=True, exist_ok=True)
  File "/usr/lib/python3.10/pathlib.py", line 1179, in mkdir
    self.parent.mkdir(parents=True, exist_ok=True)
  File "/usr/lib/python3.10/pathlib.py", line 1175, in mkdir
    self._accessor.mkdir(self, mode)
PermissionError: [Errno 13] Permission denied: '/datalake'
[2024-09-15 20:04:41,564] {taskinstance.py:1395} INFO - Marking task as FAILED. dag_id=BRONZER_GET_STONCKS, task_id=BRONZE_GOOG, execution_date=20240124T000000, start_date=20240915T230441, end_date=20240915T230441
[2024-09-15 20:04:41,573] {standard_task_runner.py:92} ERROR - Failed to execute job 75 for task BRONZE_GOOG ([Errno 13] Permission denied: '/datalake'; 11725)
[2024-09-15 20:04:41,582] {local_task_job.py:156} INFO - Task exited with return code 1
[2024-09-15 20:04:41,593] {local_task_job.py:273} INFO - 0 downstream tasks scheduled from follow-on schedule check
[2024-09-15 23:28:28,276] {taskinstance.py:1159} INFO - Dependencies all met for <TaskInstance: BRONZER_GET_STONCKS.BRONZE_GOOG scheduled__2024-01-24T00:00:00+00:00 [queued]>
[2024-09-15 23:28:28,281] {taskinstance.py:1159} INFO - Dependencies all met for <TaskInstance: BRONZER_GET_STONCKS.BRONZE_GOOG scheduled__2024-01-24T00:00:00+00:00 [queued]>
[2024-09-15 23:28:28,281] {taskinstance.py:1356} INFO - 
--------------------------------------------------------------------------------
[2024-09-15 23:28:28,281] {taskinstance.py:1357} INFO - Starting attempt 1 of 1
[2024-09-15 23:28:28,281] {taskinstance.py:1358} INFO - 
--------------------------------------------------------------------------------
[2024-09-15 23:28:28,292] {taskinstance.py:1377} INFO - Executing <Task(_PythonDecoratedOperator): BRONZE_GOOG> on 2024-01-24 00:00:00+00:00
[2024-09-15 23:28:28,294] {standard_task_runner.py:52} INFO - Started process 14402 to run task
[2024-09-15 23:28:28,296] {standard_task_runner.py:79} INFO - Running: ['airflow', 'tasks', 'run', 'BRONZER_GET_STONCKS', 'BRONZE_GOOG', 'scheduled__2024-01-24T00:00:00+00:00', '--job-id', '126', '--raw', '--subdir', 'DAGS_FOLDER/get_stocks.py', '--cfg-path', '/tmp/tmp7t9x8wxf', '--error-file', '/tmp/tmp__9hxc8r']
[2024-09-15 23:28:28,297] {standard_task_runner.py:80} INFO - Job 126: Subtask BRONZE_GOOG
[2024-09-15 23:28:28,324] {task_command.py:370} INFO - Running <TaskInstance: BRONZER_GET_STONCKS.BRONZE_GOOG scheduled__2024-01-24T00:00:00+00:00 [running]> on host kaiwang.
[2024-09-15 23:28:28,363] {taskinstance.py:1569} INFO - Exporting the following env vars:
AIRFLOW_CTX_DAG_OWNER=airflow
AIRFLOW_CTX_DAG_ID=BRONZER_GET_STONCKS
AIRFLOW_CTX_TASK_ID=BRONZE_GOOG
AIRFLOW_CTX_EXECUTION_DATE=2024-01-24T00:00:00+00:00
AIRFLOW_CTX_TRY_NUMBER=1
AIRFLOW_CTX_DAG_RUN_ID=scheduled__2024-01-24T00:00:00+00:00
[2024-09-15 23:28:30,738] {history.py:244} ERROR - $GOOG: possibly delisted; no price data found  (1h 2024-01-21 -> 2024-01-03) (Yahoo error = "Invalid input - start date cannot be after end date. startDate = 1705813200, endDate = 1704258000")
[2024-09-15 23:28:30,740] {python.py:173} INFO - Done. Returned value was: None
[2024-09-15 23:28:30,744] {taskinstance.py:1395} INFO - Marking task as SUCCESS. dag_id=BRONZER_GET_STONCKS, task_id=BRONZE_GOOG, execution_date=20240124T000000, start_date=20240916T022828, end_date=20240916T022830
[2024-09-15 23:28:30,764] {local_task_job.py:156} INFO - Task exited with return code 0
[2024-09-15 23:28:30,773] {local_task_job.py:273} INFO - 0 downstream tasks scheduled from follow-on schedule check
