[2024-09-16 00:07:16,932] {taskinstance.py:1159} INFO - Dependencies all met for <TaskInstance: BRONZER_GET_STONCKS.BRONZE_STONCKS_MSFT scheduled__2024-08-14T00:00:00+00:00 [queued]>
[2024-09-16 00:07:16,983] {taskinstance.py:1159} INFO - Dependencies all met for <TaskInstance: BRONZER_GET_STONCKS.BRONZE_STONCKS_MSFT scheduled__2024-08-14T00:00:00+00:00 [queued]>
[2024-09-16 00:07:16,984] {taskinstance.py:1356} INFO - 
--------------------------------------------------------------------------------
[2024-09-16 00:07:16,984] {taskinstance.py:1357} INFO - Starting attempt 1 of 1
[2024-09-16 00:07:16,984] {taskinstance.py:1358} INFO - 
--------------------------------------------------------------------------------
[2024-09-16 00:07:17,066] {taskinstance.py:1377} INFO - Executing <Task(_PythonDecoratedOperator): BRONZE_STONCKS_MSFT> on 2024-08-14 00:00:00+00:00
[2024-09-16 00:07:17,073] {standard_task_runner.py:52} INFO - Started process 38417 to run task
[2024-09-16 00:07:17,086] {standard_task_runner.py:79} INFO - Running: ['airflow', 'tasks', 'run', 'BRONZER_GET_STONCKS', 'BRONZE_STONCKS_MSFT', 'scheduled__2024-08-14T00:00:00+00:00', '--job-id', '1187', '--raw', '--subdir', 'DAGS_FOLDER/get_stocks.py', '--cfg-path', '/tmp/tmpmmzr4zuc', '--error-file', '/tmp/tmpykwbeh76']
[2024-09-16 00:07:17,087] {standard_task_runner.py:80} INFO - Job 1187: Subtask BRONZE_STONCKS_MSFT
[2024-09-16 00:07:17,321] {task_command.py:370} INFO - Running <TaskInstance: BRONZER_GET_STONCKS.BRONZE_STONCKS_MSFT scheduled__2024-08-14T00:00:00+00:00 [running]> on host kaiwang.
[2024-09-16 00:07:17,602] {taskinstance.py:1569} INFO - Exporting the following env vars:
AIRFLOW_CTX_DAG_OWNER=airflow
AIRFLOW_CTX_DAG_ID=BRONZER_GET_STONCKS
AIRFLOW_CTX_TASK_ID=BRONZE_STONCKS_MSFT
AIRFLOW_CTX_EXECUTION_DATE=2024-08-14T00:00:00+00:00
AIRFLOW_CTX_TRY_NUMBER=1
AIRFLOW_CTX_DAG_RUN_ID=scheduled__2024-08-14T00:00:00+00:00
[2024-09-16 00:07:18,218] {python.py:173} INFO - Done. Returned value was: None
[2024-09-16 00:07:18,260] {taskinstance.py:1395} INFO - Marking task as SUCCESS. dag_id=BRONZER_GET_STONCKS, task_id=BRONZE_STONCKS_MSFT, execution_date=20240814T000000, start_date=20240916T030716, end_date=20240916T030718
[2024-09-16 00:07:18,337] {local_task_job.py:156} INFO - Task exited with return code 0
[2024-09-16 00:07:18,432] {local_task_job.py:273} INFO - 0 downstream tasks scheduled from follow-on schedule check
[2024-09-16 13:56:03,663] {taskinstance.py:1159} INFO - Dependencies all met for <TaskInstance: BRONZER_GET_STONCKS.BRONZE_STONCKS_MSFT scheduled__2024-08-14T00:00:00+00:00 [queued]>
[2024-09-16 13:56:03,696] {taskinstance.py:1159} INFO - Dependencies all met for <TaskInstance: BRONZER_GET_STONCKS.BRONZE_STONCKS_MSFT scheduled__2024-08-14T00:00:00+00:00 [queued]>
[2024-09-16 13:56:03,696] {taskinstance.py:1356} INFO - 
--------------------------------------------------------------------------------
[2024-09-16 13:56:03,697] {taskinstance.py:1357} INFO - Starting attempt 1 of 1
[2024-09-16 13:56:03,697] {taskinstance.py:1358} INFO - 
--------------------------------------------------------------------------------
[2024-09-16 13:56:03,724] {taskinstance.py:1377} INFO - Executing <Task(_PythonDecoratedOperator): BRONZE_STONCKS_MSFT> on 2024-08-14 00:00:00+00:00
[2024-09-16 13:56:03,740] {standard_task_runner.py:79} INFO - Running: ['airflow', 'tasks', 'run', 'BRONZER_GET_STONCKS', 'BRONZE_STONCKS_MSFT', 'scheduled__2024-08-14T00:00:00+00:00', '--job-id', '2510', '--raw', '--subdir', 'DAGS_FOLDER/get_stocks.py', '--cfg-path', '/tmp/tmptf9ls5ak', '--error-file', '/tmp/tmplaw0ae2u']
[2024-09-16 13:56:03,743] {standard_task_runner.py:80} INFO - Job 2510: Subtask BRONZE_STONCKS_MSFT
[2024-09-16 13:56:03,731] {standard_task_runner.py:52} INFO - Started process 137417 to run task
[2024-09-16 13:56:03,918] {task_command.py:370} INFO - Running <TaskInstance: BRONZER_GET_STONCKS.BRONZE_STONCKS_MSFT scheduled__2024-08-14T00:00:00+00:00 [running]> on host kaiwang.
[2024-09-16 13:56:04,274] {taskinstance.py:1569} INFO - Exporting the following env vars:
AIRFLOW_CTX_DAG_OWNER=airflow
AIRFLOW_CTX_DAG_ID=BRONZER_GET_STONCKS
AIRFLOW_CTX_TASK_ID=BRONZE_STONCKS_MSFT
AIRFLOW_CTX_EXECUTION_DATE=2024-08-14T00:00:00+00:00
AIRFLOW_CTX_TRY_NUMBER=1
AIRFLOW_CTX_DAG_RUN_ID=scheduled__2024-08-14T00:00:00+00:00
[2024-09-16 13:56:05,038] {python.py:173} INFO - Done. Returned value was: None
[2024-09-16 13:56:05,053] {taskinstance.py:1395} INFO - Marking task as SUCCESS. dag_id=BRONZER_GET_STONCKS, task_id=BRONZE_STONCKS_MSFT, execution_date=20240814T000000, start_date=20240916T165603, end_date=20240916T165605
[2024-09-16 13:56:05,096] {local_task_job.py:156} INFO - Task exited with return code 0
[2024-09-16 13:56:05,164] {local_task_job.py:273} INFO - 0 downstream tasks scheduled from follow-on schedule check
