[2024-09-16 00:04:48,752] {taskinstance.py:1159} INFO - Dependencies all met for <TaskInstance: BRONZER_GET_CRIPTOS.BRONZE_CRIPTO_BTC scheduled__2024-03-20T00:00:00+00:00 [queued]>
[2024-09-16 00:04:48,793] {taskinstance.py:1159} INFO - Dependencies all met for <TaskInstance: BRONZER_GET_CRIPTOS.BRONZE_CRIPTO_BTC scheduled__2024-03-20T00:00:00+00:00 [queued]>
[2024-09-16 00:04:48,793] {taskinstance.py:1356} INFO - 
--------------------------------------------------------------------------------
[2024-09-16 00:04:48,793] {taskinstance.py:1357} INFO - Starting attempt 1 of 1
[2024-09-16 00:04:48,793] {taskinstance.py:1358} INFO - 
--------------------------------------------------------------------------------
[2024-09-16 00:04:48,870] {taskinstance.py:1377} INFO - Executing <Task(_PythonDecoratedOperator): BRONZE_CRIPTO_BTC> on 2024-03-20 00:00:00+00:00
[2024-09-16 00:04:48,883] {standard_task_runner.py:52} INFO - Started process 26366 to run task
[2024-09-16 00:04:48,904] {standard_task_runner.py:79} INFO - Running: ['airflow', 'tasks', 'run', 'BRONZER_GET_CRIPTOS', 'BRONZE_CRIPTO_BTC', 'scheduled__2024-03-20T00:00:00+00:00', '--job-id', '483', '--raw', '--subdir', 'DAGS_FOLDER/get_cripto.py', '--cfg-path', '/tmp/tmpdv5un7l1', '--error-file', '/tmp/tmpvnv1jco8']
[2024-09-16 00:04:48,905] {standard_task_runner.py:80} INFO - Job 483: Subtask BRONZE_CRIPTO_BTC
[2024-09-16 00:04:49,268] {task_command.py:370} INFO - Running <TaskInstance: BRONZER_GET_CRIPTOS.BRONZE_CRIPTO_BTC scheduled__2024-03-20T00:00:00+00:00 [running]> on host kaiwang.
[2024-09-16 00:04:49,924] {taskinstance.py:1569} INFO - Exporting the following env vars:
AIRFLOW_CTX_DAG_OWNER=airflow
AIRFLOW_CTX_DAG_ID=BRONZER_GET_CRIPTOS
AIRFLOW_CTX_TASK_ID=BRONZE_CRIPTO_BTC
AIRFLOW_CTX_EXECUTION_DATE=2024-03-20T00:00:00+00:00
AIRFLOW_CTX_TRY_NUMBER=1
AIRFLOW_CTX_DAG_RUN_ID=scheduled__2024-03-20T00:00:00+00:00
[2024-09-16 00:04:53,117] {history.py:244} ERROR - $BTC: possibly delisted; no price data found  (1h 2024-03-17 -> 2024-03-20) (Yahoo error = "Data doesn't exist for startDate = 1710648000, endDate = 1710907200")
[2024-09-16 00:04:53,121] {python.py:173} INFO - Done. Returned value was: None
[2024-09-16 00:04:53,176] {taskinstance.py:1395} INFO - Marking task as SUCCESS. dag_id=BRONZER_GET_CRIPTOS, task_id=BRONZE_CRIPTO_BTC, execution_date=20240320T000000, start_date=20240916T030448, end_date=20240916T030453
[2024-09-16 00:04:53,226] {local_task_job.py:156} INFO - Task exited with return code 0
[2024-09-16 00:04:53,344] {local_task_job.py:273} INFO - 0 downstream tasks scheduled from follow-on schedule check
[2024-09-16 00:16:01,004] {taskinstance.py:1159} INFO - Dependencies all met for <TaskInstance: BRONZER_GET_CRIPTOS.BRONZE_CRIPTO_BTC scheduled__2024-03-20T00:00:00+00:00 [queued]>
[2024-09-16 00:16:01,046] {taskinstance.py:1159} INFO - Dependencies all met for <TaskInstance: BRONZER_GET_CRIPTOS.BRONZE_CRIPTO_BTC scheduled__2024-03-20T00:00:00+00:00 [queued]>
[2024-09-16 00:16:01,046] {taskinstance.py:1356} INFO - 
--------------------------------------------------------------------------------
[2024-09-16 00:16:01,046] {taskinstance.py:1357} INFO - Starting attempt 1 of 1
[2024-09-16 00:16:01,046] {taskinstance.py:1358} INFO - 
--------------------------------------------------------------------------------
[2024-09-16 00:16:01,117] {taskinstance.py:1377} INFO - Executing <Task(_PythonDecoratedOperator): BRONZE_CRIPTO_BTC> on 2024-03-20 00:00:00+00:00
[2024-09-16 00:16:01,130] {standard_task_runner.py:52} INFO - Started process 57536 to run task
[2024-09-16 00:16:01,166] {standard_task_runner.py:79} INFO - Running: ['airflow', 'tasks', 'run', 'BRONZER_GET_CRIPTOS', 'BRONZE_CRIPTO_BTC', 'scheduled__2024-03-20T00:00:00+00:00', '--job-id', '2278', '--raw', '--subdir', 'DAGS_FOLDER/get_cripto.py', '--cfg-path', '/tmp/tmpmrbpstb1', '--error-file', '/tmp/tmp_dne592n']
[2024-09-16 00:16:01,167] {standard_task_runner.py:80} INFO - Job 2278: Subtask BRONZE_CRIPTO_BTC
[2024-09-16 00:16:01,481] {task_command.py:370} INFO - Running <TaskInstance: BRONZER_GET_CRIPTOS.BRONZE_CRIPTO_BTC scheduled__2024-03-20T00:00:00+00:00 [running]> on host kaiwang.
[2024-09-16 00:16:01,921] {taskinstance.py:1569} INFO - Exporting the following env vars:
AIRFLOW_CTX_DAG_OWNER=airflow
AIRFLOW_CTX_DAG_ID=BRONZER_GET_CRIPTOS
AIRFLOW_CTX_TASK_ID=BRONZE_CRIPTO_BTC
AIRFLOW_CTX_EXECUTION_DATE=2024-03-20T00:00:00+00:00
AIRFLOW_CTX_TRY_NUMBER=1
AIRFLOW_CTX_DAG_RUN_ID=scheduled__2024-03-20T00:00:00+00:00
[2024-09-16 00:16:04,736] {history.py:244} ERROR - $BTC: possibly delisted; no price data found  (1h 2024-03-17 -> 2024-03-20) (Yahoo error = "Data doesn't exist for startDate = 1710648000, endDate = 1710907200")
[2024-09-16 00:16:04,744] {python.py:173} INFO - Done. Returned value was: None
[2024-09-16 00:16:04,988] {taskinstance.py:1395} INFO - Marking task as SUCCESS. dag_id=BRONZER_GET_CRIPTOS, task_id=BRONZE_CRIPTO_BTC, execution_date=20240320T000000, start_date=20240916T031601, end_date=20240916T031604
[2024-09-16 00:16:05,084] {local_task_job.py:156} INFO - Task exited with return code 0
[2024-09-16 00:16:05,246] {local_task_job.py:273} INFO - 0 downstream tasks scheduled from follow-on schedule check
