[2024-09-16 00:04:56,292] {taskinstance.py:1159} INFO - Dependencies all met for <TaskInstance: BRONZER_GET_CRIPTOS.BRONZE_CRIPTO_DOGE scheduled__2024-03-26T00:00:00+00:00 [queued]>
[2024-09-16 00:04:56,312] {taskinstance.py:1159} INFO - Dependencies all met for <TaskInstance: BRONZER_GET_CRIPTOS.BRONZE_CRIPTO_DOGE scheduled__2024-03-26T00:00:00+00:00 [queued]>
[2024-09-16 00:04:56,312] {taskinstance.py:1356} INFO - 
--------------------------------------------------------------------------------
[2024-09-16 00:04:56,312] {taskinstance.py:1357} INFO - Starting attempt 1 of 1
[2024-09-16 00:04:56,313] {taskinstance.py:1358} INFO - 
--------------------------------------------------------------------------------
[2024-09-16 00:04:56,346] {taskinstance.py:1377} INFO - Executing <Task(_PythonDecoratedOperator): BRONZE_CRIPTO_DOGE> on 2024-03-26 00:00:00+00:00
[2024-09-16 00:04:56,352] {standard_task_runner.py:52} INFO - Started process 26977 to run task
[2024-09-16 00:04:56,367] {standard_task_runner.py:79} INFO - Running: ['airflow', 'tasks', 'run', 'BRONZER_GET_CRIPTOS', 'BRONZE_CRIPTO_DOGE', 'scheduled__2024-03-26T00:00:00+00:00', '--job-id', '517', '--raw', '--subdir', 'DAGS_FOLDER/get_cripto.py', '--cfg-path', '/tmp/tmpsyhxonlu', '--error-file', '/tmp/tmp2u5ub_ep']
[2024-09-16 00:04:56,368] {standard_task_runner.py:80} INFO - Job 517: Subtask BRONZE_CRIPTO_DOGE
[2024-09-16 00:04:56,545] {task_command.py:370} INFO - Running <TaskInstance: BRONZER_GET_CRIPTOS.BRONZE_CRIPTO_DOGE scheduled__2024-03-26T00:00:00+00:00 [running]> on host kaiwang.
[2024-09-16 00:04:56,742] {taskinstance.py:1569} INFO - Exporting the following env vars:
AIRFLOW_CTX_DAG_OWNER=airflow
AIRFLOW_CTX_DAG_ID=BRONZER_GET_CRIPTOS
AIRFLOW_CTX_TASK_ID=BRONZE_CRIPTO_DOGE
AIRFLOW_CTX_EXECUTION_DATE=2024-03-26T00:00:00+00:00
AIRFLOW_CTX_TRY_NUMBER=1
AIRFLOW_CTX_DAG_RUN_ID=scheduled__2024-03-26T00:00:00+00:00
[2024-09-16 00:05:00,002] {history.py:122} ERROR - $DOGE: possibly delisted; no timezone found
[2024-09-16 00:05:00,006] {python.py:173} INFO - Done. Returned value was: None
[2024-09-16 00:05:00,078] {taskinstance.py:1395} INFO - Marking task as SUCCESS. dag_id=BRONZER_GET_CRIPTOS, task_id=BRONZE_CRIPTO_DOGE, execution_date=20240326T000000, start_date=20240916T030456, end_date=20240916T030500
[2024-09-16 00:05:00,135] {local_task_job.py:156} INFO - Task exited with return code 0
[2024-09-16 00:05:00,868] {local_task_job.py:273} INFO - 0 downstream tasks scheduled from follow-on schedule check
[2024-09-16 00:16:12,709] {taskinstance.py:1159} INFO - Dependencies all met for <TaskInstance: BRONZER_GET_CRIPTOS.BRONZE_CRIPTO_DOGE scheduled__2024-03-26T00:00:00+00:00 [queued]>
[2024-09-16 00:16:12,752] {taskinstance.py:1159} INFO - Dependencies all met for <TaskInstance: BRONZER_GET_CRIPTOS.BRONZE_CRIPTO_DOGE scheduled__2024-03-26T00:00:00+00:00 [queued]>
[2024-09-16 00:16:12,753] {taskinstance.py:1356} INFO - 
--------------------------------------------------------------------------------
[2024-09-16 00:16:12,753] {taskinstance.py:1357} INFO - Starting attempt 1 of 1
[2024-09-16 00:16:12,753] {taskinstance.py:1358} INFO - 
--------------------------------------------------------------------------------
[2024-09-16 00:16:12,819] {taskinstance.py:1377} INFO - Executing <Task(_PythonDecoratedOperator): BRONZE_CRIPTO_DOGE> on 2024-03-26 00:00:00+00:00
[2024-09-16 00:16:12,838] {standard_task_runner.py:52} INFO - Started process 58425 to run task
[2024-09-16 00:16:12,866] {standard_task_runner.py:79} INFO - Running: ['airflow', 'tasks', 'run', 'BRONZER_GET_CRIPTOS', 'BRONZE_CRIPTO_DOGE', 'scheduled__2024-03-26T00:00:00+00:00', '--job-id', '2328', '--raw', '--subdir', 'DAGS_FOLDER/get_cripto.py', '--cfg-path', '/tmp/tmp5rya6kx8', '--error-file', '/tmp/tmpzznv42f4']
[2024-09-16 00:16:12,867] {standard_task_runner.py:80} INFO - Job 2328: Subtask BRONZE_CRIPTO_DOGE
[2024-09-16 00:16:13,163] {task_command.py:370} INFO - Running <TaskInstance: BRONZER_GET_CRIPTOS.BRONZE_CRIPTO_DOGE scheduled__2024-03-26T00:00:00+00:00 [running]> on host kaiwang.
[2024-09-16 00:16:13,461] {taskinstance.py:1569} INFO - Exporting the following env vars:
AIRFLOW_CTX_DAG_OWNER=airflow
AIRFLOW_CTX_DAG_ID=BRONZER_GET_CRIPTOS
AIRFLOW_CTX_TASK_ID=BRONZE_CRIPTO_DOGE
AIRFLOW_CTX_EXECUTION_DATE=2024-03-26T00:00:00+00:00
AIRFLOW_CTX_TRY_NUMBER=1
AIRFLOW_CTX_DAG_RUN_ID=scheduled__2024-03-26T00:00:00+00:00
[2024-09-16 00:16:16,169] {history.py:122} ERROR - $DOGE: possibly delisted; no timezone found
[2024-09-16 00:16:16,175] {python.py:173} INFO - Done. Returned value was: None
[2024-09-16 00:16:16,454] {taskinstance.py:1395} INFO - Marking task as SUCCESS. dag_id=BRONZER_GET_CRIPTOS, task_id=BRONZE_CRIPTO_DOGE, execution_date=20240326T000000, start_date=20240916T031612, end_date=20240916T031616
[2024-09-16 00:16:16,535] {local_task_job.py:156} INFO - Task exited with return code 0
[2024-09-16 00:16:16,888] {local_task_job.py:273} INFO - 0 downstream tasks scheduled from follow-on schedule check
