[2024-09-15 23:28:37,538] {taskinstance.py:1159} INFO - Dependencies all met for <TaskInstance: BRONZER_GET_STONCKS.BRONZE_AAPL scheduled__2024-01-25T00:00:00+00:00 [queued]>
[2024-09-15 23:28:37,542] {taskinstance.py:1159} INFO - Dependencies all met for <TaskInstance: BRONZER_GET_STONCKS.BRONZE_AAPL scheduled__2024-01-25T00:00:00+00:00 [queued]>
[2024-09-15 23:28:37,542] {taskinstance.py:1356} INFO - 
--------------------------------------------------------------------------------
[2024-09-15 23:28:37,542] {taskinstance.py:1357} INFO - Starting attempt 1 of 1
[2024-09-15 23:28:37,542] {taskinstance.py:1358} INFO - 
--------------------------------------------------------------------------------
[2024-09-15 23:28:37,552] {taskinstance.py:1377} INFO - Executing <Task(_PythonDecoratedOperator): BRONZE_AAPL> on 2024-01-25 00:00:00+00:00
[2024-09-15 23:28:37,554] {standard_task_runner.py:52} INFO - Started process 14423 to run task
[2024-09-15 23:28:37,556] {standard_task_runner.py:79} INFO - Running: ['airflow', 'tasks', 'run', 'BRONZER_GET_STONCKS', 'BRONZE_AAPL', 'scheduled__2024-01-25T00:00:00+00:00', '--job-id', '128', '--raw', '--subdir', 'DAGS_FOLDER/get_stocks.py', '--cfg-path', '/tmp/tmp8nnb6uny', '--error-file', '/tmp/tmpfg9q6ejf']
[2024-09-15 23:28:37,557] {standard_task_runner.py:80} INFO - Job 128: Subtask BRONZE_AAPL
[2024-09-15 23:28:37,585] {task_command.py:370} INFO - Running <TaskInstance: BRONZER_GET_STONCKS.BRONZE_AAPL scheduled__2024-01-25T00:00:00+00:00 [running]> on host kaiwang.
[2024-09-15 23:28:37,623] {taskinstance.py:1569} INFO - Exporting the following env vars:
AIRFLOW_CTX_DAG_OWNER=airflow
AIRFLOW_CTX_DAG_ID=BRONZER_GET_STONCKS
AIRFLOW_CTX_TASK_ID=BRONZE_AAPL
AIRFLOW_CTX_EXECUTION_DATE=2024-01-25T00:00:00+00:00
AIRFLOW_CTX_TRY_NUMBER=1
AIRFLOW_CTX_DAG_RUN_ID=scheduled__2024-01-25T00:00:00+00:00
[2024-09-15 23:28:40,003] {history.py:244} ERROR - $AAPL: possibly delisted; no price data found  (1h 2024-01-22 -> 2024-01-03) (Yahoo error = "Invalid input - start date cannot be after end date. startDate = 1705899600, endDate = 1704258000")
[2024-09-15 23:28:40,005] {python.py:173} INFO - Done. Returned value was: None
[2024-09-15 23:28:40,009] {taskinstance.py:1395} INFO - Marking task as SUCCESS. dag_id=BRONZER_GET_STONCKS, task_id=BRONZE_AAPL, execution_date=20240125T000000, start_date=20240916T022837, end_date=20240916T022840
[2024-09-15 23:28:40,023] {local_task_job.py:156} INFO - Task exited with return code 0
[2024-09-15 23:28:40,033] {local_task_job.py:273} INFO - 0 downstream tasks scheduled from follow-on schedule check
