[2024-09-16 00:05:26,124] {taskinstance.py:1159} INFO - Dependencies all met for <TaskInstance: BRONZER_GET_STONCKS.BRONZE_STONCKS_GOOG scheduled__2024-04-30T00:00:00+00:00 [queued]>
[2024-09-16 00:05:26,176] {taskinstance.py:1159} INFO - Dependencies all met for <TaskInstance: BRONZER_GET_STONCKS.BRONZE_STONCKS_GOOG scheduled__2024-04-30T00:00:00+00:00 [queued]>
[2024-09-16 00:05:26,177] {taskinstance.py:1356} INFO - 
--------------------------------------------------------------------------------
[2024-09-16 00:05:26,177] {taskinstance.py:1357} INFO - Starting attempt 1 of 1
[2024-09-16 00:05:26,177] {taskinstance.py:1358} INFO - 
--------------------------------------------------------------------------------
[2024-09-16 00:05:26,228] {taskinstance.py:1377} INFO - Executing <Task(_PythonDecoratedOperator): BRONZE_STONCKS_GOOG> on 2024-04-30 00:00:00+00:00
[2024-09-16 00:05:26,236] {standard_task_runner.py:52} INFO - Started process 29281 to run task
[2024-09-16 00:05:26,265] {standard_task_runner.py:79} INFO - Running: ['airflow', 'tasks', 'run', 'BRONZER_GET_STONCKS', 'BRONZE_STONCKS_GOOG', 'scheduled__2024-04-30T00:00:00+00:00', '--job-id', '657', '--raw', '--subdir', 'DAGS_FOLDER/get_stocks.py', '--cfg-path', '/tmp/tmp94dpp0r6', '--error-file', '/tmp/tmpwvnzdzkd']
[2024-09-16 00:05:26,266] {standard_task_runner.py:80} INFO - Job 657: Subtask BRONZE_STONCKS_GOOG
[2024-09-16 00:05:26,481] {task_command.py:370} INFO - Running <TaskInstance: BRONZER_GET_STONCKS.BRONZE_STONCKS_GOOG scheduled__2024-04-30T00:00:00+00:00 [running]> on host kaiwang.
[2024-09-16 00:05:26,686] {taskinstance.py:1569} INFO - Exporting the following env vars:
AIRFLOW_CTX_DAG_OWNER=airflow
AIRFLOW_CTX_DAG_ID=BRONZER_GET_STONCKS
AIRFLOW_CTX_TASK_ID=BRONZE_STONCKS_GOOG
AIRFLOW_CTX_EXECUTION_DATE=2024-04-30T00:00:00+00:00
AIRFLOW_CTX_TRY_NUMBER=1
AIRFLOW_CTX_DAG_RUN_ID=scheduled__2024-04-30T00:00:00+00:00
[2024-09-16 00:05:27,334] {python.py:173} INFO - Done. Returned value was: None
[2024-09-16 00:05:27,397] {taskinstance.py:1395} INFO - Marking task as SUCCESS. dag_id=BRONZER_GET_STONCKS, task_id=BRONZE_STONCKS_GOOG, execution_date=20240430T000000, start_date=20240916T030526, end_date=20240916T030527
[2024-09-16 00:05:27,514] {local_task_job.py:156} INFO - Task exited with return code 0
[2024-09-16 00:05:27,812] {local_task_job.py:273} INFO - 0 downstream tasks scheduled from follow-on schedule check
[2024-09-16 00:16:27,136] {taskinstance.py:1159} INFO - Dependencies all met for <TaskInstance: BRONZER_GET_STONCKS.BRONZE_STONCKS_GOOG scheduled__2024-04-30T00:00:00+00:00 [queued]>
[2024-09-16 00:16:27,218] {taskinstance.py:1159} INFO - Dependencies all met for <TaskInstance: BRONZER_GET_STONCKS.BRONZE_STONCKS_GOOG scheduled__2024-04-30T00:00:00+00:00 [queued]>
[2024-09-16 00:16:27,223] {taskinstance.py:1356} INFO - 
--------------------------------------------------------------------------------
[2024-09-16 00:16:27,223] {taskinstance.py:1357} INFO - Starting attempt 1 of 1
[2024-09-16 00:16:27,223] {taskinstance.py:1358} INFO - 
--------------------------------------------------------------------------------
[2024-09-16 00:16:27,277] {taskinstance.py:1377} INFO - Executing <Task(_PythonDecoratedOperator): BRONZE_STONCKS_GOOG> on 2024-04-30 00:00:00+00:00
[2024-09-16 00:16:27,283] {standard_task_runner.py:52} INFO - Started process 59619 to run task
[2024-09-16 00:16:27,309] {standard_task_runner.py:79} INFO - Running: ['airflow', 'tasks', 'run', 'BRONZER_GET_STONCKS', 'BRONZE_STONCKS_GOOG', 'scheduled__2024-04-30T00:00:00+00:00', '--job-id', '2400', '--raw', '--subdir', 'DAGS_FOLDER/get_stocks.py', '--cfg-path', '/tmp/tmpavhn0faw', '--error-file', '/tmp/tmppw98r60q']
[2024-09-16 00:16:27,310] {standard_task_runner.py:80} INFO - Job 2400: Subtask BRONZE_STONCKS_GOOG
[2024-09-16 00:16:27,540] {task_command.py:370} INFO - Running <TaskInstance: BRONZER_GET_STONCKS.BRONZE_STONCKS_GOOG scheduled__2024-04-30T00:00:00+00:00 [running]> on host kaiwang.
[2024-09-16 00:16:27,910] {taskinstance.py:1569} INFO - Exporting the following env vars:
AIRFLOW_CTX_DAG_OWNER=airflow
AIRFLOW_CTX_DAG_ID=BRONZER_GET_STONCKS
AIRFLOW_CTX_TASK_ID=BRONZE_STONCKS_GOOG
AIRFLOW_CTX_EXECUTION_DATE=2024-04-30T00:00:00+00:00
AIRFLOW_CTX_TRY_NUMBER=1
AIRFLOW_CTX_DAG_RUN_ID=scheduled__2024-04-30T00:00:00+00:00
[2024-09-16 00:16:28,966] {python.py:173} INFO - Done. Returned value was: None
[2024-09-16 00:16:29,050] {taskinstance.py:1395} INFO - Marking task as SUCCESS. dag_id=BRONZER_GET_STONCKS, task_id=BRONZE_STONCKS_GOOG, execution_date=20240430T000000, start_date=20240916T031627, end_date=20240916T031629
[2024-09-16 00:16:29,194] {local_task_job.py:156} INFO - Task exited with return code 0
[2024-09-16 00:16:29,351] {local_task_job.py:273} INFO - 0 downstream tasks scheduled from follow-on schedule check
