[2024-09-16 00:04:43,538] {taskinstance.py:1159} INFO - Dependencies all met for <TaskInstance: BRONZER_GET_STONCKS.BRONZE_STONCKS_GOOG scheduled__2024-03-23T00:00:00+00:00 [queued]>
[2024-09-16 00:04:43,564] {taskinstance.py:1159} INFO - Dependencies all met for <TaskInstance: BRONZER_GET_STONCKS.BRONZE_STONCKS_GOOG scheduled__2024-03-23T00:00:00+00:00 [queued]>
[2024-09-16 00:04:43,565] {taskinstance.py:1356} INFO - 
--------------------------------------------------------------------------------
[2024-09-16 00:04:43,565] {taskinstance.py:1357} INFO - Starting attempt 1 of 1
[2024-09-16 00:04:43,565] {taskinstance.py:1358} INFO - 
--------------------------------------------------------------------------------
[2024-09-16 00:04:43,607] {taskinstance.py:1377} INFO - Executing <Task(_PythonDecoratedOperator): BRONZE_STONCKS_GOOG> on 2024-03-23 00:00:00+00:00
[2024-09-16 00:04:43,613] {standard_task_runner.py:52} INFO - Started process 26009 to run task
[2024-09-16 00:04:43,637] {standard_task_runner.py:79} INFO - Running: ['airflow', 'tasks', 'run', 'BRONZER_GET_STONCKS', 'BRONZE_STONCKS_GOOG', 'scheduled__2024-03-23T00:00:00+00:00', '--job-id', '462', '--raw', '--subdir', 'DAGS_FOLDER/get_stocks.py', '--cfg-path', '/tmp/tmpensb7pi4', '--error-file', '/tmp/tmpvt3i2vi_']
[2024-09-16 00:04:43,638] {standard_task_runner.py:80} INFO - Job 462: Subtask BRONZE_STONCKS_GOOG
[2024-09-16 00:04:43,859] {task_command.py:370} INFO - Running <TaskInstance: BRONZER_GET_STONCKS.BRONZE_STONCKS_GOOG scheduled__2024-03-23T00:00:00+00:00 [running]> on host kaiwang.
[2024-09-16 00:04:44,190] {taskinstance.py:1569} INFO - Exporting the following env vars:
AIRFLOW_CTX_DAG_OWNER=airflow
AIRFLOW_CTX_DAG_ID=BRONZER_GET_STONCKS
AIRFLOW_CTX_TASK_ID=BRONZE_STONCKS_GOOG
AIRFLOW_CTX_EXECUTION_DATE=2024-03-23T00:00:00+00:00
AIRFLOW_CTX_TRY_NUMBER=1
AIRFLOW_CTX_DAG_RUN_ID=scheduled__2024-03-23T00:00:00+00:00
[2024-09-16 00:04:44,946] {python.py:173} INFO - Done. Returned value was: None
[2024-09-16 00:04:45,110] {taskinstance.py:1395} INFO - Marking task as SUCCESS. dag_id=BRONZER_GET_STONCKS, task_id=BRONZE_STONCKS_GOOG, execution_date=20240323T000000, start_date=20240916T030443, end_date=20240916T030445
[2024-09-16 00:04:45,215] {local_task_job.py:156} INFO - Task exited with return code 0
[2024-09-16 00:04:45,383] {local_task_job.py:273} INFO - 0 downstream tasks scheduled from follow-on schedule check
[2024-09-16 00:15:50,364] {taskinstance.py:1159} INFO - Dependencies all met for <TaskInstance: BRONZER_GET_STONCKS.BRONZE_STONCKS_GOOG scheduled__2024-03-23T00:00:00+00:00 [queued]>
[2024-09-16 00:15:50,438] {taskinstance.py:1159} INFO - Dependencies all met for <TaskInstance: BRONZER_GET_STONCKS.BRONZE_STONCKS_GOOG scheduled__2024-03-23T00:00:00+00:00 [queued]>
[2024-09-16 00:15:50,439] {taskinstance.py:1356} INFO - 
--------------------------------------------------------------------------------
[2024-09-16 00:15:50,459] {taskinstance.py:1357} INFO - Starting attempt 1 of 1
[2024-09-16 00:15:50,459] {taskinstance.py:1358} INFO - 
--------------------------------------------------------------------------------
[2024-09-16 00:15:50,528] {taskinstance.py:1377} INFO - Executing <Task(_PythonDecoratedOperator): BRONZE_STONCKS_GOOG> on 2024-03-23 00:00:00+00:00
[2024-09-16 00:15:50,538] {standard_task_runner.py:52} INFO - Started process 56664 to run task
[2024-09-16 00:15:50,588] {standard_task_runner.py:79} INFO - Running: ['airflow', 'tasks', 'run', 'BRONZER_GET_STONCKS', 'BRONZE_STONCKS_GOOG', 'scheduled__2024-03-23T00:00:00+00:00', '--job-id', '2234', '--raw', '--subdir', 'DAGS_FOLDER/get_stocks.py', '--cfg-path', '/tmp/tmp0kf_5cti', '--error-file', '/tmp/tmp7w7f058_']
[2024-09-16 00:15:50,590] {standard_task_runner.py:80} INFO - Job 2234: Subtask BRONZE_STONCKS_GOOG
[2024-09-16 00:15:50,884] {task_command.py:370} INFO - Running <TaskInstance: BRONZER_GET_STONCKS.BRONZE_STONCKS_GOOG scheduled__2024-03-23T00:00:00+00:00 [running]> on host kaiwang.
[2024-09-16 00:15:51,059] {taskinstance.py:1569} INFO - Exporting the following env vars:
AIRFLOW_CTX_DAG_OWNER=airflow
AIRFLOW_CTX_DAG_ID=BRONZER_GET_STONCKS
AIRFLOW_CTX_TASK_ID=BRONZE_STONCKS_GOOG
AIRFLOW_CTX_EXECUTION_DATE=2024-03-23T00:00:00+00:00
AIRFLOW_CTX_TRY_NUMBER=1
AIRFLOW_CTX_DAG_RUN_ID=scheduled__2024-03-23T00:00:00+00:00
[2024-09-16 00:15:51,893] {python.py:173} INFO - Done. Returned value was: None
[2024-09-16 00:15:52,112] {taskinstance.py:1395} INFO - Marking task as SUCCESS. dag_id=BRONZER_GET_STONCKS, task_id=BRONZE_STONCKS_GOOG, execution_date=20240323T000000, start_date=20240916T031550, end_date=20240916T031552
[2024-09-16 00:15:52,192] {local_task_job.py:156} INFO - Task exited with return code 0
[2024-09-16 00:15:52,594] {local_task_job.py:273} INFO - 0 downstream tasks scheduled from follow-on schedule check
