[2024-09-16 00:07:38,772] {taskinstance.py:1159} INFO - Dependencies all met for <TaskInstance: BRONZER_GET_STONCKS.BRONZE_STONCKS_GOOG scheduled__2024-09-04T00:00:00+00:00 [queued]>
[2024-09-16 00:07:38,785] {taskinstance.py:1159} INFO - Dependencies all met for <TaskInstance: BRONZER_GET_STONCKS.BRONZE_STONCKS_GOOG scheduled__2024-09-04T00:00:00+00:00 [queued]>
[2024-09-16 00:07:38,785] {taskinstance.py:1356} INFO - 
--------------------------------------------------------------------------------
[2024-09-16 00:07:38,785] {taskinstance.py:1357} INFO - Starting attempt 1 of 1
[2024-09-16 00:07:38,785] {taskinstance.py:1358} INFO - 
--------------------------------------------------------------------------------
[2024-09-16 00:07:38,801] {taskinstance.py:1377} INFO - Executing <Task(_PythonDecoratedOperator): BRONZE_STONCKS_GOOG> on 2024-09-04 00:00:00+00:00
[2024-09-16 00:07:38,805] {standard_task_runner.py:52} INFO - Started process 40209 to run task
[2024-09-16 00:07:38,810] {standard_task_runner.py:79} INFO - Running: ['airflow', 'tasks', 'run', 'BRONZER_GET_STONCKS', 'BRONZE_STONCKS_GOOG', 'scheduled__2024-09-04T00:00:00+00:00', '--job-id', '1293', '--raw', '--subdir', 'DAGS_FOLDER/get_stocks.py', '--cfg-path', '/tmp/tmp33dj0fmy', '--error-file', '/tmp/tmplbqvj0ey']
[2024-09-16 00:07:38,811] {standard_task_runner.py:80} INFO - Job 1293: Subtask BRONZE_STONCKS_GOOG
[2024-09-16 00:07:38,898] {task_command.py:370} INFO - Running <TaskInstance: BRONZER_GET_STONCKS.BRONZE_STONCKS_GOOG scheduled__2024-09-04T00:00:00+00:00 [running]> on host kaiwang.
[2024-09-16 00:07:38,996] {taskinstance.py:1569} INFO - Exporting the following env vars:
AIRFLOW_CTX_DAG_OWNER=airflow
AIRFLOW_CTX_DAG_ID=BRONZER_GET_STONCKS
AIRFLOW_CTX_TASK_ID=BRONZE_STONCKS_GOOG
AIRFLOW_CTX_EXECUTION_DATE=2024-09-04T00:00:00+00:00
AIRFLOW_CTX_TRY_NUMBER=1
AIRFLOW_CTX_DAG_RUN_ID=scheduled__2024-09-04T00:00:00+00:00
[2024-09-16 00:07:39,548] {python.py:173} INFO - Done. Returned value was: None
[2024-09-16 00:07:39,574] {taskinstance.py:1395} INFO - Marking task as SUCCESS. dag_id=BRONZER_GET_STONCKS, task_id=BRONZE_STONCKS_GOOG, execution_date=20240904T000000, start_date=20240916T030738, end_date=20240916T030739
[2024-09-16 00:07:39,626] {local_task_job.py:156} INFO - Task exited with return code 0
[2024-09-16 00:07:39,668] {local_task_job.py:273} INFO - 0 downstream tasks scheduled from follow-on schedule check
[2024-09-16 13:56:37,430] {taskinstance.py:1159} INFO - Dependencies all met for <TaskInstance: BRONZER_GET_STONCKS.BRONZE_STONCKS_GOOG scheduled__2024-09-04T00:00:00+00:00 [queued]>
[2024-09-16 13:56:37,449] {taskinstance.py:1159} INFO - Dependencies all met for <TaskInstance: BRONZER_GET_STONCKS.BRONZE_STONCKS_GOOG scheduled__2024-09-04T00:00:00+00:00 [queued]>
[2024-09-16 13:56:37,449] {taskinstance.py:1356} INFO - 
--------------------------------------------------------------------------------
[2024-09-16 13:56:37,449] {taskinstance.py:1357} INFO - Starting attempt 1 of 1
[2024-09-16 13:56:37,449] {taskinstance.py:1358} INFO - 
--------------------------------------------------------------------------------
[2024-09-16 13:56:37,476] {taskinstance.py:1377} INFO - Executing <Task(_PythonDecoratedOperator): BRONZE_STONCKS_GOOG> on 2024-09-04 00:00:00+00:00
[2024-09-16 13:56:37,483] {standard_task_runner.py:52} INFO - Started process 139886 to run task
[2024-09-16 13:56:37,491] {standard_task_runner.py:79} INFO - Running: ['airflow', 'tasks', 'run', 'BRONZER_GET_STONCKS', 'BRONZE_STONCKS_GOOG', 'scheduled__2024-09-04T00:00:00+00:00', '--job-id', '2621', '--raw', '--subdir', 'DAGS_FOLDER/get_stocks.py', '--cfg-path', '/tmp/tmpzjjic54h', '--error-file', '/tmp/tmp488dzhem']
[2024-09-16 13:56:37,493] {standard_task_runner.py:80} INFO - Job 2621: Subtask BRONZE_STONCKS_GOOG
[2024-09-16 13:56:37,628] {task_command.py:370} INFO - Running <TaskInstance: BRONZER_GET_STONCKS.BRONZE_STONCKS_GOOG scheduled__2024-09-04T00:00:00+00:00 [running]> on host kaiwang.
[2024-09-16 13:56:37,992] {taskinstance.py:1569} INFO - Exporting the following env vars:
AIRFLOW_CTX_DAG_OWNER=airflow
AIRFLOW_CTX_DAG_ID=BRONZER_GET_STONCKS
AIRFLOW_CTX_TASK_ID=BRONZE_STONCKS_GOOG
AIRFLOW_CTX_EXECUTION_DATE=2024-09-04T00:00:00+00:00
AIRFLOW_CTX_TRY_NUMBER=1
AIRFLOW_CTX_DAG_RUN_ID=scheduled__2024-09-04T00:00:00+00:00
[2024-09-16 13:56:39,303] {python.py:173} INFO - Done. Returned value was: None
[2024-09-16 13:56:39,474] {taskinstance.py:1395} INFO - Marking task as SUCCESS. dag_id=BRONZER_GET_STONCKS, task_id=BRONZE_STONCKS_GOOG, execution_date=20240904T000000, start_date=20240916T165637, end_date=20240916T165639
[2024-09-16 13:56:39,654] {local_task_job.py:156} INFO - Task exited with return code 0
[2024-09-16 13:56:39,743] {local_task_job.py:273} INFO - 0 downstream tasks scheduled from follow-on schedule check
