[2024-09-16 00:04:42,912] {taskinstance.py:1159} INFO - Dependencies all met for <TaskInstance: BRONZER_GET_STONCKS.BRONZE_STONCKS_MSFT scheduled__2024-03-23T00:00:00+00:00 [queued]>
[2024-09-16 00:04:42,935] {taskinstance.py:1159} INFO - Dependencies all met for <TaskInstance: BRONZER_GET_STONCKS.BRONZE_STONCKS_MSFT scheduled__2024-03-23T00:00:00+00:00 [queued]>
[2024-09-16 00:04:42,936] {taskinstance.py:1356} INFO - 
--------------------------------------------------------------------------------
[2024-09-16 00:04:42,936] {taskinstance.py:1357} INFO - Starting attempt 1 of 1
[2024-09-16 00:04:42,936] {taskinstance.py:1358} INFO - 
--------------------------------------------------------------------------------
[2024-09-16 00:04:42,979] {taskinstance.py:1377} INFO - Executing <Task(_PythonDecoratedOperator): BRONZE_STONCKS_MSFT> on 2024-03-23 00:00:00+00:00
[2024-09-16 00:04:42,993] {standard_task_runner.py:52} INFO - Started process 25966 to run task
[2024-09-16 00:04:43,017] {standard_task_runner.py:79} INFO - Running: ['airflow', 'tasks', 'run', 'BRONZER_GET_STONCKS', 'BRONZE_STONCKS_MSFT', 'scheduled__2024-03-23T00:00:00+00:00', '--job-id', '458', '--raw', '--subdir', 'DAGS_FOLDER/get_stocks.py', '--cfg-path', '/tmp/tmpmb5g4b6t', '--error-file', '/tmp/tmp6w4078qf']
[2024-09-16 00:04:43,018] {standard_task_runner.py:80} INFO - Job 458: Subtask BRONZE_STONCKS_MSFT
[2024-09-16 00:04:43,306] {task_command.py:370} INFO - Running <TaskInstance: BRONZER_GET_STONCKS.BRONZE_STONCKS_MSFT scheduled__2024-03-23T00:00:00+00:00 [running]> on host kaiwang.
[2024-09-16 00:04:43,617] {taskinstance.py:1569} INFO - Exporting the following env vars:
AIRFLOW_CTX_DAG_OWNER=airflow
AIRFLOW_CTX_DAG_ID=BRONZER_GET_STONCKS
AIRFLOW_CTX_TASK_ID=BRONZE_STONCKS_MSFT
AIRFLOW_CTX_EXECUTION_DATE=2024-03-23T00:00:00+00:00
AIRFLOW_CTX_TRY_NUMBER=1
AIRFLOW_CTX_DAG_RUN_ID=scheduled__2024-03-23T00:00:00+00:00
[2024-09-16 00:04:44,337] {python.py:173} INFO - Done. Returned value was: None
[2024-09-16 00:04:44,435] {taskinstance.py:1395} INFO - Marking task as SUCCESS. dag_id=BRONZER_GET_STONCKS, task_id=BRONZE_STONCKS_MSFT, execution_date=20240323T000000, start_date=20240916T030442, end_date=20240916T030444
[2024-09-16 00:04:44,492] {local_task_job.py:156} INFO - Task exited with return code 0
[2024-09-16 00:04:45,033] {local_task_job.py:273} INFO - 0 downstream tasks scheduled from follow-on schedule check
[2024-09-16 00:15:49,513] {taskinstance.py:1159} INFO - Dependencies all met for <TaskInstance: BRONZER_GET_STONCKS.BRONZE_STONCKS_MSFT scheduled__2024-03-23T00:00:00+00:00 [queued]>
[2024-09-16 00:15:49,545] {taskinstance.py:1159} INFO - Dependencies all met for <TaskInstance: BRONZER_GET_STONCKS.BRONZE_STONCKS_MSFT scheduled__2024-03-23T00:00:00+00:00 [queued]>
[2024-09-16 00:15:49,545] {taskinstance.py:1356} INFO - 
--------------------------------------------------------------------------------
[2024-09-16 00:15:49,545] {taskinstance.py:1357} INFO - Starting attempt 1 of 1
[2024-09-16 00:15:49,545] {taskinstance.py:1358} INFO - 
--------------------------------------------------------------------------------
[2024-09-16 00:15:49,608] {taskinstance.py:1377} INFO - Executing <Task(_PythonDecoratedOperator): BRONZE_STONCKS_MSFT> on 2024-03-23 00:00:00+00:00
[2024-09-16 00:15:49,618] {standard_task_runner.py:52} INFO - Started process 56561 to run task
[2024-09-16 00:15:49,647] {standard_task_runner.py:79} INFO - Running: ['airflow', 'tasks', 'run', 'BRONZER_GET_STONCKS', 'BRONZE_STONCKS_MSFT', 'scheduled__2024-03-23T00:00:00+00:00', '--job-id', '2224', '--raw', '--subdir', 'DAGS_FOLDER/get_stocks.py', '--cfg-path', '/tmp/tmpi58uax0l', '--error-file', '/tmp/tmpza__hnwc']
[2024-09-16 00:15:49,648] {standard_task_runner.py:80} INFO - Job 2224: Subtask BRONZE_STONCKS_MSFT
[2024-09-16 00:15:49,923] {task_command.py:370} INFO - Running <TaskInstance: BRONZER_GET_STONCKS.BRONZE_STONCKS_MSFT scheduled__2024-03-23T00:00:00+00:00 [running]> on host kaiwang.
[2024-09-16 00:15:50,407] {taskinstance.py:1569} INFO - Exporting the following env vars:
AIRFLOW_CTX_DAG_OWNER=airflow
AIRFLOW_CTX_DAG_ID=BRONZER_GET_STONCKS
AIRFLOW_CTX_TASK_ID=BRONZE_STONCKS_MSFT
AIRFLOW_CTX_EXECUTION_DATE=2024-03-23T00:00:00+00:00
AIRFLOW_CTX_TRY_NUMBER=1
AIRFLOW_CTX_DAG_RUN_ID=scheduled__2024-03-23T00:00:00+00:00
[2024-09-16 00:15:51,033] {python.py:173} INFO - Done. Returned value was: None
[2024-09-16 00:15:51,057] {taskinstance.py:1395} INFO - Marking task as SUCCESS. dag_id=BRONZER_GET_STONCKS, task_id=BRONZE_STONCKS_MSFT, execution_date=20240323T000000, start_date=20240916T031549, end_date=20240916T031551
[2024-09-16 00:15:51,109] {local_task_job.py:156} INFO - Task exited with return code 0
[2024-09-16 00:15:51,141] {local_task_job.py:273} INFO - 0 downstream tasks scheduled from follow-on schedule check
