[2024-09-16 00:04:38,813] {taskinstance.py:1159} INFO - Dependencies all met for <TaskInstance: BRONZER_GET_STONCKS.BRONZE_STONCKS_TSLA scheduled__2024-03-20T00:00:00+00:00 [queued]>
[2024-09-16 00:04:38,838] {taskinstance.py:1159} INFO - Dependencies all met for <TaskInstance: BRONZER_GET_STONCKS.BRONZE_STONCKS_TSLA scheduled__2024-03-20T00:00:00+00:00 [queued]>
[2024-09-16 00:04:38,838] {taskinstance.py:1356} INFO - 
--------------------------------------------------------------------------------
[2024-09-16 00:04:38,838] {taskinstance.py:1357} INFO - Starting attempt 1 of 1
[2024-09-16 00:04:38,839] {taskinstance.py:1358} INFO - 
--------------------------------------------------------------------------------
[2024-09-16 00:04:38,900] {taskinstance.py:1377} INFO - Executing <Task(_PythonDecoratedOperator): BRONZE_STONCKS_TSLA> on 2024-03-20 00:00:00+00:00
[2024-09-16 00:04:38,905] {standard_task_runner.py:52} INFO - Started process 25669 to run task
[2024-09-16 00:04:38,931] {standard_task_runner.py:79} INFO - Running: ['airflow', 'tasks', 'run', 'BRONZER_GET_STONCKS', 'BRONZE_STONCKS_TSLA', 'scheduled__2024-03-20T00:00:00+00:00', '--job-id', '445', '--raw', '--subdir', 'DAGS_FOLDER/get_stocks.py', '--cfg-path', '/tmp/tmpsa8m6bzr', '--error-file', '/tmp/tmpevxu2x0_']
[2024-09-16 00:04:38,932] {standard_task_runner.py:80} INFO - Job 445: Subtask BRONZE_STONCKS_TSLA
[2024-09-16 00:04:39,107] {task_command.py:370} INFO - Running <TaskInstance: BRONZER_GET_STONCKS.BRONZE_STONCKS_TSLA scheduled__2024-03-20T00:00:00+00:00 [running]> on host kaiwang.
[2024-09-16 00:04:39,276] {taskinstance.py:1569} INFO - Exporting the following env vars:
AIRFLOW_CTX_DAG_OWNER=airflow
AIRFLOW_CTX_DAG_ID=BRONZER_GET_STONCKS
AIRFLOW_CTX_TASK_ID=BRONZE_STONCKS_TSLA
AIRFLOW_CTX_EXECUTION_DATE=2024-03-20T00:00:00+00:00
AIRFLOW_CTX_TRY_NUMBER=1
AIRFLOW_CTX_DAG_RUN_ID=scheduled__2024-03-20T00:00:00+00:00
[2024-09-16 00:04:40,340] {python.py:173} INFO - Done. Returned value was: None
[2024-09-16 00:04:40,360] {taskinstance.py:1395} INFO - Marking task as SUCCESS. dag_id=BRONZER_GET_STONCKS, task_id=BRONZE_STONCKS_TSLA, execution_date=20240320T000000, start_date=20240916T030438, end_date=20240916T030440
[2024-09-16 00:04:40,423] {local_task_job.py:156} INFO - Task exited with return code 0
[2024-09-16 00:04:40,492] {local_task_job.py:273} INFO - 0 downstream tasks scheduled from follow-on schedule check
[2024-09-16 00:15:44,124] {taskinstance.py:1159} INFO - Dependencies all met for <TaskInstance: BRONZER_GET_STONCKS.BRONZE_STONCKS_TSLA scheduled__2024-03-20T00:00:00+00:00 [queued]>
[2024-09-16 00:15:44,137] {taskinstance.py:1159} INFO - Dependencies all met for <TaskInstance: BRONZER_GET_STONCKS.BRONZE_STONCKS_TSLA scheduled__2024-03-20T00:00:00+00:00 [queued]>
[2024-09-16 00:15:44,137] {taskinstance.py:1356} INFO - 
--------------------------------------------------------------------------------
[2024-09-16 00:15:44,137] {taskinstance.py:1357} INFO - Starting attempt 1 of 1
[2024-09-16 00:15:44,137] {taskinstance.py:1358} INFO - 
--------------------------------------------------------------------------------
[2024-09-16 00:15:44,153] {taskinstance.py:1377} INFO - Executing <Task(_PythonDecoratedOperator): BRONZE_STONCKS_TSLA> on 2024-03-20 00:00:00+00:00
[2024-09-16 00:15:44,159] {standard_task_runner.py:52} INFO - Started process 56182 to run task
[2024-09-16 00:15:44,165] {standard_task_runner.py:79} INFO - Running: ['airflow', 'tasks', 'run', 'BRONZER_GET_STONCKS', 'BRONZE_STONCKS_TSLA', 'scheduled__2024-03-20T00:00:00+00:00', '--job-id', '2202', '--raw', '--subdir', 'DAGS_FOLDER/get_stocks.py', '--cfg-path', '/tmp/tmps43tglal', '--error-file', '/tmp/tmp5jjcrvk6']
[2024-09-16 00:15:44,167] {standard_task_runner.py:80} INFO - Job 2202: Subtask BRONZE_STONCKS_TSLA
[2024-09-16 00:15:44,256] {task_command.py:370} INFO - Running <TaskInstance: BRONZER_GET_STONCKS.BRONZE_STONCKS_TSLA scheduled__2024-03-20T00:00:00+00:00 [running]> on host kaiwang.
[2024-09-16 00:15:44,341] {taskinstance.py:1569} INFO - Exporting the following env vars:
AIRFLOW_CTX_DAG_OWNER=airflow
AIRFLOW_CTX_DAG_ID=BRONZER_GET_STONCKS
AIRFLOW_CTX_TASK_ID=BRONZE_STONCKS_TSLA
AIRFLOW_CTX_EXECUTION_DATE=2024-03-20T00:00:00+00:00
AIRFLOW_CTX_TRY_NUMBER=1
AIRFLOW_CTX_DAG_RUN_ID=scheduled__2024-03-20T00:00:00+00:00
[2024-09-16 00:15:45,021] {python.py:173} INFO - Done. Returned value was: None
[2024-09-16 00:15:45,135] {taskinstance.py:1395} INFO - Marking task as SUCCESS. dag_id=BRONZER_GET_STONCKS, task_id=BRONZE_STONCKS_TSLA, execution_date=20240320T000000, start_date=20240916T031544, end_date=20240916T031545
[2024-09-16 00:15:45,188] {local_task_job.py:156} INFO - Task exited with return code 0
[2024-09-16 00:15:45,300] {local_task_job.py:273} INFO - 0 downstream tasks scheduled from follow-on schedule check
