[2024-09-16 00:07:06,361] {taskinstance.py:1159} INFO - Dependencies all met for <TaskInstance: BRONZER_GET_STONCKS.BRONZE_STONCKS_TSLA scheduled__2024-08-06T00:00:00+00:00 [queued]>
[2024-09-16 00:07:06,411] {taskinstance.py:1159} INFO - Dependencies all met for <TaskInstance: BRONZER_GET_STONCKS.BRONZE_STONCKS_TSLA scheduled__2024-08-06T00:00:00+00:00 [queued]>
[2024-09-16 00:07:06,411] {taskinstance.py:1356} INFO - 
--------------------------------------------------------------------------------
[2024-09-16 00:07:06,411] {taskinstance.py:1357} INFO - Starting attempt 1 of 1
[2024-09-16 00:07:06,411] {taskinstance.py:1358} INFO - 
--------------------------------------------------------------------------------
[2024-09-16 00:07:06,463] {taskinstance.py:1377} INFO - Executing <Task(_PythonDecoratedOperator): BRONZE_STONCKS_TSLA> on 2024-08-06 00:00:00+00:00
[2024-09-16 00:07:06,467] {standard_task_runner.py:52} INFO - Started process 37526 to run task
[2024-09-16 00:07:06,484] {standard_task_runner.py:79} INFO - Running: ['airflow', 'tasks', 'run', 'BRONZER_GET_STONCKS', 'BRONZE_STONCKS_TSLA', 'scheduled__2024-08-06T00:00:00+00:00', '--job-id', '1138', '--raw', '--subdir', 'DAGS_FOLDER/get_stocks.py', '--cfg-path', '/tmp/tmp2kqdioxh', '--error-file', '/tmp/tmpqbaai5ia']
[2024-09-16 00:07:06,485] {standard_task_runner.py:80} INFO - Job 1138: Subtask BRONZE_STONCKS_TSLA
[2024-09-16 00:07:06,735] {task_command.py:370} INFO - Running <TaskInstance: BRONZER_GET_STONCKS.BRONZE_STONCKS_TSLA scheduled__2024-08-06T00:00:00+00:00 [running]> on host kaiwang.
[2024-09-16 00:07:06,965] {taskinstance.py:1569} INFO - Exporting the following env vars:
AIRFLOW_CTX_DAG_OWNER=airflow
AIRFLOW_CTX_DAG_ID=BRONZER_GET_STONCKS
AIRFLOW_CTX_TASK_ID=BRONZE_STONCKS_TSLA
AIRFLOW_CTX_EXECUTION_DATE=2024-08-06T00:00:00+00:00
AIRFLOW_CTX_TRY_NUMBER=1
AIRFLOW_CTX_DAG_RUN_ID=scheduled__2024-08-06T00:00:00+00:00
[2024-09-16 00:07:07,686] {python.py:173} INFO - Done. Returned value was: None
[2024-09-16 00:07:07,749] {taskinstance.py:1395} INFO - Marking task as SUCCESS. dag_id=BRONZER_GET_STONCKS, task_id=BRONZE_STONCKS_TSLA, execution_date=20240806T000000, start_date=20240916T030706, end_date=20240916T030707
[2024-09-16 00:07:07,830] {local_task_job.py:156} INFO - Task exited with return code 0
[2024-09-16 00:07:08,065] {local_task_job.py:273} INFO - 0 downstream tasks scheduled from follow-on schedule check
[2024-09-16 13:55:50,542] {taskinstance.py:1159} INFO - Dependencies all met for <TaskInstance: BRONZER_GET_STONCKS.BRONZE_STONCKS_TSLA scheduled__2024-08-06T00:00:00+00:00 [queued]>
[2024-09-16 13:55:50,559] {taskinstance.py:1159} INFO - Dependencies all met for <TaskInstance: BRONZER_GET_STONCKS.BRONZE_STONCKS_TSLA scheduled__2024-08-06T00:00:00+00:00 [queued]>
[2024-09-16 13:55:50,559] {taskinstance.py:1356} INFO - 
--------------------------------------------------------------------------------
[2024-09-16 13:55:50,559] {taskinstance.py:1357} INFO - Starting attempt 1 of 1
[2024-09-16 13:55:50,559] {taskinstance.py:1358} INFO - 
--------------------------------------------------------------------------------
[2024-09-16 13:55:50,596] {taskinstance.py:1377} INFO - Executing <Task(_PythonDecoratedOperator): BRONZE_STONCKS_TSLA> on 2024-08-06 00:00:00+00:00
[2024-09-16 13:55:50,608] {standard_task_runner.py:52} INFO - Started process 136623 to run task
[2024-09-16 13:55:50,631] {standard_task_runner.py:79} INFO - Running: ['airflow', 'tasks', 'run', 'BRONZER_GET_STONCKS', 'BRONZE_STONCKS_TSLA', 'scheduled__2024-08-06T00:00:00+00:00', '--job-id', '2473', '--raw', '--subdir', 'DAGS_FOLDER/get_stocks.py', '--cfg-path', '/tmp/tmp590x5r3k', '--error-file', '/tmp/tmpsgqujl0n']
[2024-09-16 13:55:50,633] {standard_task_runner.py:80} INFO - Job 2473: Subtask BRONZE_STONCKS_TSLA
[2024-09-16 13:55:50,816] {task_command.py:370} INFO - Running <TaskInstance: BRONZER_GET_STONCKS.BRONZE_STONCKS_TSLA scheduled__2024-08-06T00:00:00+00:00 [running]> on host kaiwang.
[2024-09-16 13:55:51,234] {taskinstance.py:1569} INFO - Exporting the following env vars:
AIRFLOW_CTX_DAG_OWNER=airflow
AIRFLOW_CTX_DAG_ID=BRONZER_GET_STONCKS
AIRFLOW_CTX_TASK_ID=BRONZE_STONCKS_TSLA
AIRFLOW_CTX_EXECUTION_DATE=2024-08-06T00:00:00+00:00
AIRFLOW_CTX_TRY_NUMBER=1
AIRFLOW_CTX_DAG_RUN_ID=scheduled__2024-08-06T00:00:00+00:00
[2024-09-16 13:55:51,976] {python.py:173} INFO - Done. Returned value was: None
[2024-09-16 13:55:52,013] {taskinstance.py:1395} INFO - Marking task as SUCCESS. dag_id=BRONZER_GET_STONCKS, task_id=BRONZE_STONCKS_TSLA, execution_date=20240806T000000, start_date=20240916T165550, end_date=20240916T165552
[2024-09-16 13:55:52,058] {local_task_job.py:156} INFO - Task exited with return code 0
[2024-09-16 13:55:52,155] {local_task_job.py:273} INFO - 0 downstream tasks scheduled from follow-on schedule check
