[2024-09-16 00:03:52,173] {taskinstance.py:1159} INFO - Dependencies all met for <TaskInstance: BRONZER_GET_STONCKS.BRONZE_STONCKS_AAPL scheduled__2024-02-09T00:00:00+00:00 [queued]>
[2024-09-16 00:03:52,242] {taskinstance.py:1159} INFO - Dependencies all met for <TaskInstance: BRONZER_GET_STONCKS.BRONZE_STONCKS_AAPL scheduled__2024-02-09T00:00:00+00:00 [queued]>
[2024-09-16 00:03:52,242] {taskinstance.py:1356} INFO - 
--------------------------------------------------------------------------------
[2024-09-16 00:03:52,243] {taskinstance.py:1357} INFO - Starting attempt 1 of 1
[2024-09-16 00:03:52,243] {taskinstance.py:1358} INFO - 
--------------------------------------------------------------------------------
[2024-09-16 00:03:52,296] {taskinstance.py:1377} INFO - Executing <Task(_PythonDecoratedOperator): BRONZE_STONCKS_AAPL> on 2024-02-09 00:00:00+00:00
[2024-09-16 00:03:52,344] {standard_task_runner.py:52} INFO - Started process 21885 to run task
[2024-09-16 00:03:52,377] {standard_task_runner.py:79} INFO - Running: ['airflow', 'tasks', 'run', 'BRONZER_GET_STONCKS', 'BRONZE_STONCKS_AAPL', 'scheduled__2024-02-09T00:00:00+00:00', '--job-id', '227', '--raw', '--subdir', 'DAGS_FOLDER/get_stocks.py', '--cfg-path', '/tmp/tmp56ra1iwt', '--error-file', '/tmp/tmpyk7faqfm']
[2024-09-16 00:03:52,380] {standard_task_runner.py:80} INFO - Job 227: Subtask BRONZE_STONCKS_AAPL
[2024-09-16 00:03:52,697] {task_command.py:370} INFO - Running <TaskInstance: BRONZER_GET_STONCKS.BRONZE_STONCKS_AAPL scheduled__2024-02-09T00:00:00+00:00 [running]> on host kaiwang.
[2024-09-16 00:03:53,283] {taskinstance.py:1569} INFO - Exporting the following env vars:
AIRFLOW_CTX_DAG_OWNER=airflow
AIRFLOW_CTX_DAG_ID=BRONZER_GET_STONCKS
AIRFLOW_CTX_TASK_ID=BRONZE_STONCKS_AAPL
AIRFLOW_CTX_EXECUTION_DATE=2024-02-09T00:00:00+00:00
AIRFLOW_CTX_TRY_NUMBER=1
AIRFLOW_CTX_DAG_RUN_ID=scheduled__2024-02-09T00:00:00+00:00
[2024-09-16 00:03:54,234] {python.py:173} INFO - Done. Returned value was: None
[2024-09-16 00:03:54,329] {taskinstance.py:1395} INFO - Marking task as SUCCESS. dag_id=BRONZER_GET_STONCKS, task_id=BRONZE_STONCKS_AAPL, execution_date=20240209T000000, start_date=20240916T030352, end_date=20240916T030354
[2024-09-16 00:03:54,511] {local_task_job.py:156} INFO - Task exited with return code 0
[2024-09-16 00:03:55,016] {local_task_job.py:273} INFO - 0 downstream tasks scheduled from follow-on schedule check
[2024-09-16 00:13:30,123] {taskinstance.py:1159} INFO - Dependencies all met for <TaskInstance: BRONZER_GET_STONCKS.BRONZE_STONCKS_AAPL scheduled__2024-02-09T00:00:00+00:00 [queued]>
[2024-09-16 00:13:30,164] {taskinstance.py:1159} INFO - Dependencies all met for <TaskInstance: BRONZER_GET_STONCKS.BRONZE_STONCKS_AAPL scheduled__2024-02-09T00:00:00+00:00 [queued]>
[2024-09-16 00:13:30,164] {taskinstance.py:1356} INFO - 
--------------------------------------------------------------------------------
[2024-09-16 00:13:30,164] {taskinstance.py:1357} INFO - Starting attempt 1 of 1
[2024-09-16 00:13:30,164] {taskinstance.py:1358} INFO - 
--------------------------------------------------------------------------------
[2024-09-16 00:13:30,222] {taskinstance.py:1377} INFO - Executing <Task(_PythonDecoratedOperator): BRONZE_STONCKS_AAPL> on 2024-02-09 00:00:00+00:00
[2024-09-16 00:13:30,231] {standard_task_runner.py:52} INFO - Started process 47429 to run task
[2024-09-16 00:13:30,256] {standard_task_runner.py:79} INFO - Running: ['airflow', 'tasks', 'run', 'BRONZER_GET_STONCKS', 'BRONZE_STONCKS_AAPL', 'scheduled__2024-02-09T00:00:00+00:00', '--job-id', '1692', '--raw', '--subdir', 'DAGS_FOLDER/get_stocks.py', '--cfg-path', '/tmp/tmph1ro5tt0', '--error-file', '/tmp/tmptblgkjno']
[2024-09-16 00:13:30,257] {standard_task_runner.py:80} INFO - Job 1692: Subtask BRONZE_STONCKS_AAPL
[2024-09-16 00:13:30,533] {task_command.py:370} INFO - Running <TaskInstance: BRONZER_GET_STONCKS.BRONZE_STONCKS_AAPL scheduled__2024-02-09T00:00:00+00:00 [running]> on host kaiwang.
[2024-09-16 00:13:30,971] {taskinstance.py:1569} INFO - Exporting the following env vars:
AIRFLOW_CTX_DAG_OWNER=airflow
AIRFLOW_CTX_DAG_ID=BRONZER_GET_STONCKS
AIRFLOW_CTX_TASK_ID=BRONZE_STONCKS_AAPL
AIRFLOW_CTX_EXECUTION_DATE=2024-02-09T00:00:00+00:00
AIRFLOW_CTX_TRY_NUMBER=1
AIRFLOW_CTX_DAG_RUN_ID=scheduled__2024-02-09T00:00:00+00:00
[2024-09-16 00:13:31,676] {python.py:173} INFO - Done. Returned value was: None
[2024-09-16 00:13:31,760] {taskinstance.py:1395} INFO - Marking task as SUCCESS. dag_id=BRONZER_GET_STONCKS, task_id=BRONZE_STONCKS_AAPL, execution_date=20240209T000000, start_date=20240916T031330, end_date=20240916T031331
[2024-09-16 00:13:31,844] {local_task_job.py:156} INFO - Task exited with return code 0
[2024-09-16 00:13:32,166] {local_task_job.py:273} INFO - 0 downstream tasks scheduled from follow-on schedule check
[2024-09-16 00:15:04,075] {taskinstance.py:1159} INFO - Dependencies all met for <TaskInstance: BRONZER_GET_STONCKS.BRONZE_STONCKS_AAPL scheduled__2024-02-09T00:00:00+00:00 [queued]>
[2024-09-16 00:15:04,137] {taskinstance.py:1159} INFO - Dependencies all met for <TaskInstance: BRONZER_GET_STONCKS.BRONZE_STONCKS_AAPL scheduled__2024-02-09T00:00:00+00:00 [queued]>
[2024-09-16 00:15:04,137] {taskinstance.py:1356} INFO - 
--------------------------------------------------------------------------------
[2024-09-16 00:15:04,137] {taskinstance.py:1357} INFO - Starting attempt 1 of 1
[2024-09-16 00:15:04,137] {taskinstance.py:1358} INFO - 
--------------------------------------------------------------------------------
[2024-09-16 00:15:04,174] {taskinstance.py:1377} INFO - Executing <Task(_PythonDecoratedOperator): BRONZE_STONCKS_AAPL> on 2024-02-09 00:00:00+00:00
[2024-09-16 00:15:04,182] {standard_task_runner.py:52} INFO - Started process 52859 to run task
[2024-09-16 00:15:04,206] {standard_task_runner.py:79} INFO - Running: ['airflow', 'tasks', 'run', 'BRONZER_GET_STONCKS', 'BRONZE_STONCKS_AAPL', 'scheduled__2024-02-09T00:00:00+00:00', '--job-id', '2004', '--raw', '--subdir', 'DAGS_FOLDER/get_stocks.py', '--cfg-path', '/tmp/tmpj7527ify', '--error-file', '/tmp/tmphn65yoax']
[2024-09-16 00:15:04,209] {standard_task_runner.py:80} INFO - Job 2004: Subtask BRONZE_STONCKS_AAPL
[2024-09-16 00:15:04,458] {task_command.py:370} INFO - Running <TaskInstance: BRONZER_GET_STONCKS.BRONZE_STONCKS_AAPL scheduled__2024-02-09T00:00:00+00:00 [running]> on host kaiwang.
[2024-09-16 00:15:04,758] {taskinstance.py:1569} INFO - Exporting the following env vars:
AIRFLOW_CTX_DAG_OWNER=airflow
AIRFLOW_CTX_DAG_ID=BRONZER_GET_STONCKS
AIRFLOW_CTX_TASK_ID=BRONZE_STONCKS_AAPL
AIRFLOW_CTX_EXECUTION_DATE=2024-02-09T00:00:00+00:00
AIRFLOW_CTX_TRY_NUMBER=1
AIRFLOW_CTX_DAG_RUN_ID=scheduled__2024-02-09T00:00:00+00:00
[2024-09-16 00:15:05,379] {python.py:173} INFO - Done. Returned value was: None
[2024-09-16 00:15:05,424] {taskinstance.py:1395} INFO - Marking task as SUCCESS. dag_id=BRONZER_GET_STONCKS, task_id=BRONZE_STONCKS_AAPL, execution_date=20240209T000000, start_date=20240916T031504, end_date=20240916T031505
[2024-09-16 00:15:05,481] {local_task_job.py:156} INFO - Task exited with return code 0
[2024-09-16 00:15:05,541] {local_task_job.py:273} INFO - 0 downstream tasks scheduled from follow-on schedule check
