[2024-09-16 00:03:49,485] {taskinstance.py:1159} INFO - Dependencies all met for <TaskInstance: BRONZER_GET_STONCKS.BRONZE_STONCKS_MSFT scheduled__2024-02-08T00:00:00+00:00 [queued]>
[2024-09-16 00:03:49,518] {taskinstance.py:1159} INFO - Dependencies all met for <TaskInstance: BRONZER_GET_STONCKS.BRONZE_STONCKS_MSFT scheduled__2024-02-08T00:00:00+00:00 [queued]>
[2024-09-16 00:03:49,518] {taskinstance.py:1356} INFO - 
--------------------------------------------------------------------------------
[2024-09-16 00:03:49,518] {taskinstance.py:1357} INFO - Starting attempt 1 of 1
[2024-09-16 00:03:49,519] {taskinstance.py:1358} INFO - 
--------------------------------------------------------------------------------
[2024-09-16 00:03:49,626] {taskinstance.py:1377} INFO - Executing <Task(_PythonDecoratedOperator): BRONZE_STONCKS_MSFT> on 2024-02-08 00:00:00+00:00
[2024-09-16 00:03:49,637] {standard_task_runner.py:52} INFO - Started process 21671 to run task
[2024-09-16 00:03:49,687] {standard_task_runner.py:79} INFO - Running: ['airflow', 'tasks', 'run', 'BRONZER_GET_STONCKS', 'BRONZE_STONCKS_MSFT', 'scheduled__2024-02-08T00:00:00+00:00', '--job-id', '213', '--raw', '--subdir', 'DAGS_FOLDER/get_stocks.py', '--cfg-path', '/tmp/tmp18_898jf', '--error-file', '/tmp/tmp59gmsyz7']
[2024-09-16 00:03:49,688] {standard_task_runner.py:80} INFO - Job 213: Subtask BRONZE_STONCKS_MSFT
[2024-09-16 00:03:50,018] {task_command.py:370} INFO - Running <TaskInstance: BRONZER_GET_STONCKS.BRONZE_STONCKS_MSFT scheduled__2024-02-08T00:00:00+00:00 [running]> on host kaiwang.
[2024-09-16 00:03:50,419] {taskinstance.py:1569} INFO - Exporting the following env vars:
AIRFLOW_CTX_DAG_OWNER=airflow
AIRFLOW_CTX_DAG_ID=BRONZER_GET_STONCKS
AIRFLOW_CTX_TASK_ID=BRONZE_STONCKS_MSFT
AIRFLOW_CTX_EXECUTION_DATE=2024-02-08T00:00:00+00:00
AIRFLOW_CTX_TRY_NUMBER=1
AIRFLOW_CTX_DAG_RUN_ID=scheduled__2024-02-08T00:00:00+00:00
[2024-09-16 00:03:51,180] {python.py:173} INFO - Done. Returned value was: None
[2024-09-16 00:03:51,321] {taskinstance.py:1395} INFO - Marking task as SUCCESS. dag_id=BRONZER_GET_STONCKS, task_id=BRONZE_STONCKS_MSFT, execution_date=20240208T000000, start_date=20240916T030349, end_date=20240916T030351
[2024-09-16 00:03:51,382] {local_task_job.py:156} INFO - Task exited with return code 0
[2024-09-16 00:03:51,532] {local_task_job.py:273} INFO - 0 downstream tasks scheduled from follow-on schedule check
[2024-09-16 00:13:28,438] {taskinstance.py:1159} INFO - Dependencies all met for <TaskInstance: BRONZER_GET_STONCKS.BRONZE_STONCKS_MSFT scheduled__2024-02-08T00:00:00+00:00 [queued]>
[2024-09-16 00:13:28,445] {taskinstance.py:1159} INFO - Dependencies all met for <TaskInstance: BRONZER_GET_STONCKS.BRONZE_STONCKS_MSFT scheduled__2024-02-08T00:00:00+00:00 [queued]>
[2024-09-16 00:13:28,445] {taskinstance.py:1356} INFO - 
--------------------------------------------------------------------------------
[2024-09-16 00:13:28,445] {taskinstance.py:1357} INFO - Starting attempt 1 of 1
[2024-09-16 00:13:28,445] {taskinstance.py:1358} INFO - 
--------------------------------------------------------------------------------
[2024-09-16 00:13:28,453] {taskinstance.py:1377} INFO - Executing <Task(_PythonDecoratedOperator): BRONZE_STONCKS_MSFT> on 2024-02-08 00:00:00+00:00
[2024-09-16 00:13:28,458] {standard_task_runner.py:52} INFO - Started process 47320 to run task
[2024-09-16 00:13:28,461] {standard_task_runner.py:79} INFO - Running: ['airflow', 'tasks', 'run', 'BRONZER_GET_STONCKS', 'BRONZE_STONCKS_MSFT', 'scheduled__2024-02-08T00:00:00+00:00', '--job-id', '1687', '--raw', '--subdir', 'DAGS_FOLDER/get_stocks.py', '--cfg-path', '/tmp/tmpc4quculk', '--error-file', '/tmp/tmpzoy8dg_1']
[2024-09-16 00:13:28,462] {standard_task_runner.py:80} INFO - Job 1687: Subtask BRONZE_STONCKS_MSFT
[2024-09-16 00:13:28,541] {task_command.py:370} INFO - Running <TaskInstance: BRONZER_GET_STONCKS.BRONZE_STONCKS_MSFT scheduled__2024-02-08T00:00:00+00:00 [running]> on host kaiwang.
[2024-09-16 00:13:28,685] {taskinstance.py:1569} INFO - Exporting the following env vars:
AIRFLOW_CTX_DAG_OWNER=airflow
AIRFLOW_CTX_DAG_ID=BRONZER_GET_STONCKS
AIRFLOW_CTX_TASK_ID=BRONZE_STONCKS_MSFT
AIRFLOW_CTX_EXECUTION_DATE=2024-02-08T00:00:00+00:00
AIRFLOW_CTX_TRY_NUMBER=1
AIRFLOW_CTX_DAG_RUN_ID=scheduled__2024-02-08T00:00:00+00:00
[2024-09-16 00:13:29,288] {python.py:173} INFO - Done. Returned value was: None
[2024-09-16 00:13:29,347] {taskinstance.py:1395} INFO - Marking task as SUCCESS. dag_id=BRONZER_GET_STONCKS, task_id=BRONZE_STONCKS_MSFT, execution_date=20240208T000000, start_date=20240916T031328, end_date=20240916T031329
[2024-09-16 00:13:29,439] {local_task_job.py:156} INFO - Task exited with return code 0
[2024-09-16 00:13:29,596] {local_task_job.py:273} INFO - 0 downstream tasks scheduled from follow-on schedule check
[2024-09-16 00:15:00,660] {taskinstance.py:1159} INFO - Dependencies all met for <TaskInstance: BRONZER_GET_STONCKS.BRONZE_STONCKS_MSFT scheduled__2024-02-08T00:00:00+00:00 [queued]>
[2024-09-16 00:15:00,692] {taskinstance.py:1159} INFO - Dependencies all met for <TaskInstance: BRONZER_GET_STONCKS.BRONZE_STONCKS_MSFT scheduled__2024-02-08T00:00:00+00:00 [queued]>
[2024-09-16 00:15:00,692] {taskinstance.py:1356} INFO - 
--------------------------------------------------------------------------------
[2024-09-16 00:15:00,693] {taskinstance.py:1357} INFO - Starting attempt 1 of 1
[2024-09-16 00:15:00,693] {taskinstance.py:1358} INFO - 
--------------------------------------------------------------------------------
[2024-09-16 00:15:00,737] {taskinstance.py:1377} INFO - Executing <Task(_PythonDecoratedOperator): BRONZE_STONCKS_MSFT> on 2024-02-08 00:00:00+00:00
[2024-09-16 00:15:00,743] {standard_task_runner.py:52} INFO - Started process 52584 to run task
[2024-09-16 00:15:00,757] {standard_task_runner.py:79} INFO - Running: ['airflow', 'tasks', 'run', 'BRONZER_GET_STONCKS', 'BRONZE_STONCKS_MSFT', 'scheduled__2024-02-08T00:00:00+00:00', '--job-id', '1995', '--raw', '--subdir', 'DAGS_FOLDER/get_stocks.py', '--cfg-path', '/tmp/tmpxtmh2a1t', '--error-file', '/tmp/tmp53g_q9ov']
[2024-09-16 00:15:00,758] {standard_task_runner.py:80} INFO - Job 1995: Subtask BRONZE_STONCKS_MSFT
[2024-09-16 00:15:00,914] {task_command.py:370} INFO - Running <TaskInstance: BRONZER_GET_STONCKS.BRONZE_STONCKS_MSFT scheduled__2024-02-08T00:00:00+00:00 [running]> on host kaiwang.
[2024-09-16 00:15:01,194] {taskinstance.py:1569} INFO - Exporting the following env vars:
AIRFLOW_CTX_DAG_OWNER=airflow
AIRFLOW_CTX_DAG_ID=BRONZER_GET_STONCKS
AIRFLOW_CTX_TASK_ID=BRONZE_STONCKS_MSFT
AIRFLOW_CTX_EXECUTION_DATE=2024-02-08T00:00:00+00:00
AIRFLOW_CTX_TRY_NUMBER=1
AIRFLOW_CTX_DAG_RUN_ID=scheduled__2024-02-08T00:00:00+00:00
[2024-09-16 00:15:01,849] {python.py:173} INFO - Done. Returned value was: None
[2024-09-16 00:15:01,908] {taskinstance.py:1395} INFO - Marking task as SUCCESS. dag_id=BRONZER_GET_STONCKS, task_id=BRONZE_STONCKS_MSFT, execution_date=20240208T000000, start_date=20240916T031500, end_date=20240916T031501
[2024-09-16 00:15:01,997] {local_task_job.py:156} INFO - Task exited with return code 0
[2024-09-16 00:15:02,209] {local_task_job.py:273} INFO - 0 downstream tasks scheduled from follow-on schedule check
