[2024-09-16 00:04:57,043] {taskinstance.py:1159} INFO - Dependencies all met for <TaskInstance: BRONZER_GET_STONCKS.BRONZE_STONCKS_GOOG scheduled__2024-04-06T00:00:00+00:00 [queued]>
[2024-09-16 00:04:57,068] {taskinstance.py:1159} INFO - Dependencies all met for <TaskInstance: BRONZER_GET_STONCKS.BRONZE_STONCKS_GOOG scheduled__2024-04-06T00:00:00+00:00 [queued]>
[2024-09-16 00:04:57,068] {taskinstance.py:1356} INFO - 
--------------------------------------------------------------------------------
[2024-09-16 00:04:57,068] {taskinstance.py:1357} INFO - Starting attempt 1 of 1
[2024-09-16 00:04:57,068] {taskinstance.py:1358} INFO - 
--------------------------------------------------------------------------------
[2024-09-16 00:04:57,093] {taskinstance.py:1377} INFO - Executing <Task(_PythonDecoratedOperator): BRONZE_STONCKS_GOOG> on 2024-04-06 00:00:00+00:00
[2024-09-16 00:04:57,099] {standard_task_runner.py:52} INFO - Started process 27082 to run task
[2024-09-16 00:04:57,109] {standard_task_runner.py:79} INFO - Running: ['airflow', 'tasks', 'run', 'BRONZER_GET_STONCKS', 'BRONZE_STONCKS_GOOG', 'scheduled__2024-04-06T00:00:00+00:00', '--job-id', '530', '--raw', '--subdir', 'DAGS_FOLDER/get_stocks.py', '--cfg-path', '/tmp/tmpkkews5pc', '--error-file', '/tmp/tmpc1n89_77']
[2024-09-16 00:04:57,110] {standard_task_runner.py:80} INFO - Job 530: Subtask BRONZE_STONCKS_GOOG
[2024-09-16 00:04:57,252] {task_command.py:370} INFO - Running <TaskInstance: BRONZER_GET_STONCKS.BRONZE_STONCKS_GOOG scheduled__2024-04-06T00:00:00+00:00 [running]> on host kaiwang.
[2024-09-16 00:04:57,359] {taskinstance.py:1569} INFO - Exporting the following env vars:
AIRFLOW_CTX_DAG_OWNER=airflow
AIRFLOW_CTX_DAG_ID=BRONZER_GET_STONCKS
AIRFLOW_CTX_TASK_ID=BRONZE_STONCKS_GOOG
AIRFLOW_CTX_EXECUTION_DATE=2024-04-06T00:00:00+00:00
AIRFLOW_CTX_TRY_NUMBER=1
AIRFLOW_CTX_DAG_RUN_ID=scheduled__2024-04-06T00:00:00+00:00
[2024-09-16 00:04:57,943] {python.py:173} INFO - Done. Returned value was: None
[2024-09-16 00:04:57,973] {taskinstance.py:1395} INFO - Marking task as SUCCESS. dag_id=BRONZER_GET_STONCKS, task_id=BRONZE_STONCKS_GOOG, execution_date=20240406T000000, start_date=20240916T030457, end_date=20240916T030457
[2024-09-16 00:04:58,039] {local_task_job.py:156} INFO - Task exited with return code 0
[2024-09-16 00:04:58,091] {local_task_job.py:273} INFO - 0 downstream tasks scheduled from follow-on schedule check
[2024-09-16 00:16:03,358] {taskinstance.py:1159} INFO - Dependencies all met for <TaskInstance: BRONZER_GET_STONCKS.BRONZE_STONCKS_GOOG scheduled__2024-04-06T00:00:00+00:00 [queued]>
[2024-09-16 00:16:03,373] {taskinstance.py:1159} INFO - Dependencies all met for <TaskInstance: BRONZER_GET_STONCKS.BRONZE_STONCKS_GOOG scheduled__2024-04-06T00:00:00+00:00 [queued]>
[2024-09-16 00:16:03,373] {taskinstance.py:1356} INFO - 
--------------------------------------------------------------------------------
[2024-09-16 00:16:03,373] {taskinstance.py:1357} INFO - Starting attempt 1 of 1
[2024-09-16 00:16:03,373] {taskinstance.py:1358} INFO - 
--------------------------------------------------------------------------------
[2024-09-16 00:16:03,396] {taskinstance.py:1377} INFO - Executing <Task(_PythonDecoratedOperator): BRONZE_STONCKS_GOOG> on 2024-04-06 00:00:00+00:00
[2024-09-16 00:16:03,401] {standard_task_runner.py:52} INFO - Started process 57755 to run task
[2024-09-16 00:16:03,410] {standard_task_runner.py:79} INFO - Running: ['airflow', 'tasks', 'run', 'BRONZER_GET_STONCKS', 'BRONZE_STONCKS_GOOG', 'scheduled__2024-04-06T00:00:00+00:00', '--job-id', '2296', '--raw', '--subdir', 'DAGS_FOLDER/get_stocks.py', '--cfg-path', '/tmp/tmpkaimyhf7', '--error-file', '/tmp/tmp3xb_p99i']
[2024-09-16 00:16:03,411] {standard_task_runner.py:80} INFO - Job 2296: Subtask BRONZE_STONCKS_GOOG
[2024-09-16 00:16:03,533] {task_command.py:370} INFO - Running <TaskInstance: BRONZER_GET_STONCKS.BRONZE_STONCKS_GOOG scheduled__2024-04-06T00:00:00+00:00 [running]> on host kaiwang.
[2024-09-16 00:16:03,750] {taskinstance.py:1569} INFO - Exporting the following env vars:
AIRFLOW_CTX_DAG_OWNER=airflow
AIRFLOW_CTX_DAG_ID=BRONZER_GET_STONCKS
AIRFLOW_CTX_TASK_ID=BRONZE_STONCKS_GOOG
AIRFLOW_CTX_EXECUTION_DATE=2024-04-06T00:00:00+00:00
AIRFLOW_CTX_TRY_NUMBER=1
AIRFLOW_CTX_DAG_RUN_ID=scheduled__2024-04-06T00:00:00+00:00
[2024-09-16 00:16:04,350] {python.py:173} INFO - Done. Returned value was: None
[2024-09-16 00:16:04,386] {taskinstance.py:1395} INFO - Marking task as SUCCESS. dag_id=BRONZER_GET_STONCKS, task_id=BRONZE_STONCKS_GOOG, execution_date=20240406T000000, start_date=20240916T031603, end_date=20240916T031604
[2024-09-16 00:16:04,423] {local_task_job.py:156} INFO - Task exited with return code 0
[2024-09-16 00:16:04,561] {local_task_job.py:273} INFO - 0 downstream tasks scheduled from follow-on schedule check
