[2024-09-16 00:04:20,314] {taskinstance.py:1159} INFO - Dependencies all met for <TaskInstance: BRONZER_GET_STONCKS.BRONZE_STONCKS_GOOG scheduled__2024-03-05T00:00:00+00:00 [queued]>
[2024-09-16 00:04:20,324] {taskinstance.py:1159} INFO - Dependencies all met for <TaskInstance: BRONZER_GET_STONCKS.BRONZE_STONCKS_GOOG scheduled__2024-03-05T00:00:00+00:00 [queued]>
[2024-09-16 00:04:20,324] {taskinstance.py:1356} INFO - 
--------------------------------------------------------------------------------
[2024-09-16 00:04:20,325] {taskinstance.py:1357} INFO - Starting attempt 1 of 1
[2024-09-16 00:04:20,325] {taskinstance.py:1358} INFO - 
--------------------------------------------------------------------------------
[2024-09-16 00:04:20,343] {taskinstance.py:1377} INFO - Executing <Task(_PythonDecoratedOperator): BRONZE_STONCKS_GOOG> on 2024-03-05 00:00:00+00:00
[2024-09-16 00:04:20,351] {standard_task_runner.py:52} INFO - Started process 24108 to run task
[2024-09-16 00:04:20,358] {standard_task_runner.py:79} INFO - Running: ['airflow', 'tasks', 'run', 'BRONZER_GET_STONCKS', 'BRONZE_STONCKS_GOOG', 'scheduled__2024-03-05T00:00:00+00:00', '--job-id', '352', '--raw', '--subdir', 'DAGS_FOLDER/get_stocks.py', '--cfg-path', '/tmp/tmpewqjbjsr', '--error-file', '/tmp/tmphgvffxui']
[2024-09-16 00:04:20,359] {standard_task_runner.py:80} INFO - Job 352: Subtask BRONZE_STONCKS_GOOG
[2024-09-16 00:04:20,481] {task_command.py:370} INFO - Running <TaskInstance: BRONZER_GET_STONCKS.BRONZE_STONCKS_GOOG scheduled__2024-03-05T00:00:00+00:00 [running]> on host kaiwang.
[2024-09-16 00:04:20,589] {taskinstance.py:1569} INFO - Exporting the following env vars:
AIRFLOW_CTX_DAG_OWNER=airflow
AIRFLOW_CTX_DAG_ID=BRONZER_GET_STONCKS
AIRFLOW_CTX_TASK_ID=BRONZE_STONCKS_GOOG
AIRFLOW_CTX_EXECUTION_DATE=2024-03-05T00:00:00+00:00
AIRFLOW_CTX_TRY_NUMBER=1
AIRFLOW_CTX_DAG_RUN_ID=scheduled__2024-03-05T00:00:00+00:00
[2024-09-16 00:04:21,226] {python.py:173} INFO - Done. Returned value was: None
[2024-09-16 00:04:21,317] {taskinstance.py:1395} INFO - Marking task as SUCCESS. dag_id=BRONZER_GET_STONCKS, task_id=BRONZE_STONCKS_GOOG, execution_date=20240305T000000, start_date=20240916T030420, end_date=20240916T030421
[2024-09-16 00:04:21,380] {local_task_job.py:156} INFO - Task exited with return code 0
[2024-09-16 00:04:21,534] {local_task_job.py:273} INFO - 0 downstream tasks scheduled from follow-on schedule check
[2024-09-16 00:15:30,107] {taskinstance.py:1159} INFO - Dependencies all met for <TaskInstance: BRONZER_GET_STONCKS.BRONZE_STONCKS_GOOG scheduled__2024-03-05T00:00:00+00:00 [queued]>
[2024-09-16 00:15:30,154] {taskinstance.py:1159} INFO - Dependencies all met for <TaskInstance: BRONZER_GET_STONCKS.BRONZE_STONCKS_GOOG scheduled__2024-03-05T00:00:00+00:00 [queued]>
[2024-09-16 00:15:30,154] {taskinstance.py:1356} INFO - 
--------------------------------------------------------------------------------
[2024-09-16 00:15:30,154] {taskinstance.py:1357} INFO - Starting attempt 1 of 1
[2024-09-16 00:15:30,154] {taskinstance.py:1358} INFO - 
--------------------------------------------------------------------------------
[2024-09-16 00:15:30,204] {taskinstance.py:1377} INFO - Executing <Task(_PythonDecoratedOperator): BRONZE_STONCKS_GOOG> on 2024-03-05 00:00:00+00:00
[2024-09-16 00:15:30,210] {standard_task_runner.py:52} INFO - Started process 54942 to run task
[2024-09-16 00:15:30,237] {standard_task_runner.py:79} INFO - Running: ['airflow', 'tasks', 'run', 'BRONZER_GET_STONCKS', 'BRONZE_STONCKS_GOOG', 'scheduled__2024-03-05T00:00:00+00:00', '--job-id', '2132', '--raw', '--subdir', 'DAGS_FOLDER/get_stocks.py', '--cfg-path', '/tmp/tmph75dl2st', '--error-file', '/tmp/tmpxpafj_qo']
[2024-09-16 00:15:30,238] {standard_task_runner.py:80} INFO - Job 2132: Subtask BRONZE_STONCKS_GOOG
[2024-09-16 00:15:30,565] {task_command.py:370} INFO - Running <TaskInstance: BRONZER_GET_STONCKS.BRONZE_STONCKS_GOOG scheduled__2024-03-05T00:00:00+00:00 [running]> on host kaiwang.
[2024-09-16 00:15:30,908] {taskinstance.py:1569} INFO - Exporting the following env vars:
AIRFLOW_CTX_DAG_OWNER=airflow
AIRFLOW_CTX_DAG_ID=BRONZER_GET_STONCKS
AIRFLOW_CTX_TASK_ID=BRONZE_STONCKS_GOOG
AIRFLOW_CTX_EXECUTION_DATE=2024-03-05T00:00:00+00:00
AIRFLOW_CTX_TRY_NUMBER=1
AIRFLOW_CTX_DAG_RUN_ID=scheduled__2024-03-05T00:00:00+00:00
[2024-09-16 00:15:31,434] {python.py:173} INFO - Done. Returned value was: None
[2024-09-16 00:15:31,457] {taskinstance.py:1395} INFO - Marking task as SUCCESS. dag_id=BRONZER_GET_STONCKS, task_id=BRONZE_STONCKS_GOOG, execution_date=20240305T000000, start_date=20240916T031530, end_date=20240916T031531
[2024-09-16 00:15:31,500] {local_task_job.py:156} INFO - Task exited with return code 0
[2024-09-16 00:15:31,548] {local_task_job.py:273} INFO - 0 downstream tasks scheduled from follow-on schedule check
