[2024-09-16 00:04:37,201] {taskinstance.py:1159} INFO - Dependencies all met for <TaskInstance: BRONZER_GET_CRIPTOS.BRONZE_CRIPTO_ETH scheduled__2024-03-13T00:00:00+00:00 [queued]>
[2024-09-16 00:04:37,236] {taskinstance.py:1159} INFO - Dependencies all met for <TaskInstance: BRONZER_GET_CRIPTOS.BRONZE_CRIPTO_ETH scheduled__2024-03-13T00:00:00+00:00 [queued]>
[2024-09-16 00:04:37,236] {taskinstance.py:1356} INFO - 
--------------------------------------------------------------------------------
[2024-09-16 00:04:37,236] {taskinstance.py:1357} INFO - Starting attempt 1 of 1
[2024-09-16 00:04:37,236] {taskinstance.py:1358} INFO - 
--------------------------------------------------------------------------------
[2024-09-16 00:04:37,329] {taskinstance.py:1377} INFO - Executing <Task(_PythonDecoratedOperator): BRONZE_CRIPTO_ETH> on 2024-03-13 00:00:00+00:00
[2024-09-16 00:04:37,335] {standard_task_runner.py:52} INFO - Started process 25514 to run task
[2024-09-16 00:04:37,367] {standard_task_runner.py:79} INFO - Running: ['airflow', 'tasks', 'run', 'BRONZER_GET_CRIPTOS', 'BRONZE_CRIPTO_ETH', 'scheduled__2024-03-13T00:00:00+00:00', '--job-id', '432', '--raw', '--subdir', 'DAGS_FOLDER/get_cripto.py', '--cfg-path', '/tmp/tmp7y6jj3mu', '--error-file', '/tmp/tmpmrfxi8ju']
[2024-09-16 00:04:37,368] {standard_task_runner.py:80} INFO - Job 432: Subtask BRONZE_CRIPTO_ETH
[2024-09-16 00:04:37,742] {task_command.py:370} INFO - Running <TaskInstance: BRONZER_GET_CRIPTOS.BRONZE_CRIPTO_ETH scheduled__2024-03-13T00:00:00+00:00 [running]> on host kaiwang.
[2024-09-16 00:04:38,116] {taskinstance.py:1569} INFO - Exporting the following env vars:
AIRFLOW_CTX_DAG_OWNER=airflow
AIRFLOW_CTX_DAG_ID=BRONZER_GET_CRIPTOS
AIRFLOW_CTX_TASK_ID=BRONZE_CRIPTO_ETH
AIRFLOW_CTX_EXECUTION_DATE=2024-03-13T00:00:00+00:00
AIRFLOW_CTX_TRY_NUMBER=1
AIRFLOW_CTX_DAG_RUN_ID=scheduled__2024-03-13T00:00:00+00:00
[2024-09-16 00:04:41,110] {history.py:244} ERROR - $ETH: possibly delisted; no price data found  (1h 2024-03-10 -> 2024-03-13) (Yahoo error = "Data doesn't exist for startDate = 1710046800, endDate = 1710302400")
[2024-09-16 00:04:41,115] {python.py:173} INFO - Done. Returned value was: None
[2024-09-16 00:04:41,216] {taskinstance.py:1395} INFO - Marking task as SUCCESS. dag_id=BRONZER_GET_CRIPTOS, task_id=BRONZE_CRIPTO_ETH, execution_date=20240313T000000, start_date=20240916T030437, end_date=20240916T030441
[2024-09-16 00:04:41,265] {local_task_job.py:156} INFO - Task exited with return code 0
[2024-09-16 00:04:41,353] {local_task_job.py:273} INFO - 0 downstream tasks scheduled from follow-on schedule check
[2024-09-16 00:15:54,802] {taskinstance.py:1159} INFO - Dependencies all met for <TaskInstance: BRONZER_GET_CRIPTOS.BRONZE_CRIPTO_ETH scheduled__2024-03-13T00:00:00+00:00 [queued]>
[2024-09-16 00:15:54,832] {taskinstance.py:1159} INFO - Dependencies all met for <TaskInstance: BRONZER_GET_CRIPTOS.BRONZE_CRIPTO_ETH scheduled__2024-03-13T00:00:00+00:00 [queued]>
[2024-09-16 00:15:54,832] {taskinstance.py:1356} INFO - 
--------------------------------------------------------------------------------
[2024-09-16 00:15:54,833] {taskinstance.py:1357} INFO - Starting attempt 1 of 1
[2024-09-16 00:15:54,833] {taskinstance.py:1358} INFO - 
--------------------------------------------------------------------------------
[2024-09-16 00:15:54,905] {taskinstance.py:1377} INFO - Executing <Task(_PythonDecoratedOperator): BRONZE_CRIPTO_ETH> on 2024-03-13 00:00:00+00:00
[2024-09-16 00:15:54,923] {standard_task_runner.py:52} INFO - Started process 57002 to run task
[2024-09-16 00:15:54,943] {standard_task_runner.py:79} INFO - Running: ['airflow', 'tasks', 'run', 'BRONZER_GET_CRIPTOS', 'BRONZE_CRIPTO_ETH', 'scheduled__2024-03-13T00:00:00+00:00', '--job-id', '2245', '--raw', '--subdir', 'DAGS_FOLDER/get_cripto.py', '--cfg-path', '/tmp/tmp0t1h7ver', '--error-file', '/tmp/tmpy10m4wqr']
[2024-09-16 00:15:54,944] {standard_task_runner.py:80} INFO - Job 2245: Subtask BRONZE_CRIPTO_ETH
[2024-09-16 00:15:55,231] {task_command.py:370} INFO - Running <TaskInstance: BRONZER_GET_CRIPTOS.BRONZE_CRIPTO_ETH scheduled__2024-03-13T00:00:00+00:00 [running]> on host kaiwang.
[2024-09-16 00:15:55,621] {taskinstance.py:1569} INFO - Exporting the following env vars:
AIRFLOW_CTX_DAG_OWNER=airflow
AIRFLOW_CTX_DAG_ID=BRONZER_GET_CRIPTOS
AIRFLOW_CTX_TASK_ID=BRONZE_CRIPTO_ETH
AIRFLOW_CTX_EXECUTION_DATE=2024-03-13T00:00:00+00:00
AIRFLOW_CTX_TRY_NUMBER=1
AIRFLOW_CTX_DAG_RUN_ID=scheduled__2024-03-13T00:00:00+00:00
[2024-09-16 00:15:58,371] {history.py:244} ERROR - $ETH: possibly delisted; no price data found  (1h 2024-03-10 -> 2024-03-13) (Yahoo error = "Data doesn't exist for startDate = 1710046800, endDate = 1710302400")
[2024-09-16 00:15:58,380] {python.py:173} INFO - Done. Returned value was: None
[2024-09-16 00:15:58,470] {taskinstance.py:1395} INFO - Marking task as SUCCESS. dag_id=BRONZER_GET_CRIPTOS, task_id=BRONZE_CRIPTO_ETH, execution_date=20240313T000000, start_date=20240916T031554, end_date=20240916T031558
[2024-09-16 00:15:58,550] {local_task_job.py:156} INFO - Task exited with return code 0
[2024-09-16 00:15:58,667] {local_task_job.py:273} INFO - 0 downstream tasks scheduled from follow-on schedule check
