[2024-09-16 00:05:04,457] {taskinstance.py:1159} INFO - Dependencies all met for <TaskInstance: BRONZER_GET_CRIPTOS.BRONZE_CRIPTO_ETH scheduled__2024-03-30T00:00:00+00:00 [queued]>
[2024-09-16 00:05:04,603] {taskinstance.py:1159} INFO - Dependencies all met for <TaskInstance: BRONZER_GET_CRIPTOS.BRONZE_CRIPTO_ETH scheduled__2024-03-30T00:00:00+00:00 [queued]>
[2024-09-16 00:05:04,603] {taskinstance.py:1356} INFO - 
--------------------------------------------------------------------------------
[2024-09-16 00:05:04,603] {taskinstance.py:1357} INFO - Starting attempt 1 of 1
[2024-09-16 00:05:04,603] {taskinstance.py:1358} INFO - 
--------------------------------------------------------------------------------
[2024-09-16 00:05:04,763] {taskinstance.py:1377} INFO - Executing <Task(_PythonDecoratedOperator): BRONZE_CRIPTO_ETH> on 2024-03-30 00:00:00+00:00
[2024-09-16 00:05:04,787] {standard_task_runner.py:52} INFO - Started process 27487 to run task
[2024-09-16 00:05:04,837] {standard_task_runner.py:79} INFO - Running: ['airflow', 'tasks', 'run', 'BRONZER_GET_CRIPTOS', 'BRONZE_CRIPTO_ETH', 'scheduled__2024-03-30T00:00:00+00:00', '--job-id', '552', '--raw', '--subdir', 'DAGS_FOLDER/get_cripto.py', '--cfg-path', '/tmp/tmpcz0vmw3u', '--error-file', '/tmp/tmpjaa6irrk']
[2024-09-16 00:05:04,838] {standard_task_runner.py:80} INFO - Job 552: Subtask BRONZE_CRIPTO_ETH
[2024-09-16 00:05:05,163] {task_command.py:370} INFO - Running <TaskInstance: BRONZER_GET_CRIPTOS.BRONZE_CRIPTO_ETH scheduled__2024-03-30T00:00:00+00:00 [running]> on host kaiwang.
[2024-09-16 00:05:05,695] {taskinstance.py:1569} INFO - Exporting the following env vars:
AIRFLOW_CTX_DAG_OWNER=airflow
AIRFLOW_CTX_DAG_ID=BRONZER_GET_CRIPTOS
AIRFLOW_CTX_TASK_ID=BRONZE_CRIPTO_ETH
AIRFLOW_CTX_EXECUTION_DATE=2024-03-30T00:00:00+00:00
AIRFLOW_CTX_TRY_NUMBER=1
AIRFLOW_CTX_DAG_RUN_ID=scheduled__2024-03-30T00:00:00+00:00
[2024-09-16 00:05:09,338] {history.py:244} ERROR - $ETH: possibly delisted; no price data found  (1h 2024-03-27 -> 2024-03-30) (Yahoo error = "Data doesn't exist for startDate = 1711512000, endDate = 1711771200")
[2024-09-16 00:05:09,347] {python.py:173} INFO - Done. Returned value was: None
[2024-09-16 00:05:09,466] {taskinstance.py:1395} INFO - Marking task as SUCCESS. dag_id=BRONZER_GET_CRIPTOS, task_id=BRONZE_CRIPTO_ETH, execution_date=20240330T000000, start_date=20240916T030504, end_date=20240916T030509
[2024-09-16 00:05:09,556] {local_task_job.py:156} INFO - Task exited with return code 0
[2024-09-16 00:05:09,764] {local_task_job.py:273} INFO - 0 downstream tasks scheduled from follow-on schedule check
[2024-09-16 00:16:19,131] {taskinstance.py:1159} INFO - Dependencies all met for <TaskInstance: BRONZER_GET_CRIPTOS.BRONZE_CRIPTO_ETH scheduled__2024-03-30T00:00:00+00:00 [queued]>
[2024-09-16 00:16:19,151] {taskinstance.py:1159} INFO - Dependencies all met for <TaskInstance: BRONZER_GET_CRIPTOS.BRONZE_CRIPTO_ETH scheduled__2024-03-30T00:00:00+00:00 [queued]>
[2024-09-16 00:16:19,151] {taskinstance.py:1356} INFO - 
--------------------------------------------------------------------------------
[2024-09-16 00:16:19,152] {taskinstance.py:1357} INFO - Starting attempt 1 of 1
[2024-09-16 00:16:19,152] {taskinstance.py:1358} INFO - 
--------------------------------------------------------------------------------
[2024-09-16 00:16:19,233] {taskinstance.py:1377} INFO - Executing <Task(_PythonDecoratedOperator): BRONZE_CRIPTO_ETH> on 2024-03-30 00:00:00+00:00
[2024-09-16 00:16:19,238] {standard_task_runner.py:52} INFO - Started process 58972 to run task
[2024-09-16 00:16:19,262] {standard_task_runner.py:79} INFO - Running: ['airflow', 'tasks', 'run', 'BRONZER_GET_CRIPTOS', 'BRONZE_CRIPTO_ETH', 'scheduled__2024-03-30T00:00:00+00:00', '--job-id', '2361', '--raw', '--subdir', 'DAGS_FOLDER/get_cripto.py', '--cfg-path', '/tmp/tmpk8g462gy', '--error-file', '/tmp/tmpv0rjc2zi']
[2024-09-16 00:16:19,263] {standard_task_runner.py:80} INFO - Job 2361: Subtask BRONZE_CRIPTO_ETH
[2024-09-16 00:16:19,542] {task_command.py:370} INFO - Running <TaskInstance: BRONZER_GET_CRIPTOS.BRONZE_CRIPTO_ETH scheduled__2024-03-30T00:00:00+00:00 [running]> on host kaiwang.
[2024-09-16 00:16:19,921] {taskinstance.py:1569} INFO - Exporting the following env vars:
AIRFLOW_CTX_DAG_OWNER=airflow
AIRFLOW_CTX_DAG_ID=BRONZER_GET_CRIPTOS
AIRFLOW_CTX_TASK_ID=BRONZE_CRIPTO_ETH
AIRFLOW_CTX_EXECUTION_DATE=2024-03-30T00:00:00+00:00
AIRFLOW_CTX_TRY_NUMBER=1
AIRFLOW_CTX_DAG_RUN_ID=scheduled__2024-03-30T00:00:00+00:00
[2024-09-16 00:16:22,634] {history.py:244} ERROR - $ETH: possibly delisted; no price data found  (1h 2024-03-27 -> 2024-03-30) (Yahoo error = "Data doesn't exist for startDate = 1711512000, endDate = 1711771200")
[2024-09-16 00:16:22,640] {python.py:173} INFO - Done. Returned value was: None
[2024-09-16 00:16:22,782] {taskinstance.py:1395} INFO - Marking task as SUCCESS. dag_id=BRONZER_GET_CRIPTOS, task_id=BRONZE_CRIPTO_ETH, execution_date=20240330T000000, start_date=20240916T031619, end_date=20240916T031622
[2024-09-16 00:16:22,847] {local_task_job.py:156} INFO - Task exited with return code 0
[2024-09-16 00:16:23,041] {local_task_job.py:273} INFO - 0 downstream tasks scheduled from follow-on schedule check
