[2024-09-16 00:05:47,392] {taskinstance.py:1159} INFO - Dependencies all met for <TaskInstance: BRONZER_GET_STONCKS.BRONZE_STONCKS_AAPL scheduled__2024-05-21T00:00:00+00:00 [queued]>
[2024-09-16 00:05:47,417] {taskinstance.py:1159} INFO - Dependencies all met for <TaskInstance: BRONZER_GET_STONCKS.BRONZE_STONCKS_AAPL scheduled__2024-05-21T00:00:00+00:00 [queued]>
[2024-09-16 00:05:47,417] {taskinstance.py:1356} INFO - 
--------------------------------------------------------------------------------
[2024-09-16 00:05:47,418] {taskinstance.py:1357} INFO - Starting attempt 1 of 1
[2024-09-16 00:05:47,418] {taskinstance.py:1358} INFO - 
--------------------------------------------------------------------------------
[2024-09-16 00:05:47,450] {taskinstance.py:1377} INFO - Executing <Task(_PythonDecoratedOperator): BRONZE_STONCKS_AAPL> on 2024-05-21 00:00:00+00:00
[2024-09-16 00:05:47,458] {standard_task_runner.py:52} INFO - Started process 30991 to run task
[2024-09-16 00:05:47,490] {standard_task_runner.py:79} INFO - Running: ['airflow', 'tasks', 'run', 'BRONZER_GET_STONCKS', 'BRONZE_STONCKS_AAPL', 'scheduled__2024-05-21T00:00:00+00:00', '--job-id', '753', '--raw', '--subdir', 'DAGS_FOLDER/get_stocks.py', '--cfg-path', '/tmp/tmpirwrmf_m', '--error-file', '/tmp/tmp2nqr6jrh']
[2024-09-16 00:05:47,492] {standard_task_runner.py:80} INFO - Job 753: Subtask BRONZE_STONCKS_AAPL
[2024-09-16 00:05:47,802] {task_command.py:370} INFO - Running <TaskInstance: BRONZER_GET_STONCKS.BRONZE_STONCKS_AAPL scheduled__2024-05-21T00:00:00+00:00 [running]> on host kaiwang.
[2024-09-16 00:05:48,147] {taskinstance.py:1569} INFO - Exporting the following env vars:
AIRFLOW_CTX_DAG_OWNER=airflow
AIRFLOW_CTX_DAG_ID=BRONZER_GET_STONCKS
AIRFLOW_CTX_TASK_ID=BRONZE_STONCKS_AAPL
AIRFLOW_CTX_EXECUTION_DATE=2024-05-21T00:00:00+00:00
AIRFLOW_CTX_TRY_NUMBER=1
AIRFLOW_CTX_DAG_RUN_ID=scheduled__2024-05-21T00:00:00+00:00
[2024-09-16 00:05:48,852] {python.py:173} INFO - Done. Returned value was: None
[2024-09-16 00:05:48,929] {taskinstance.py:1395} INFO - Marking task as SUCCESS. dag_id=BRONZER_GET_STONCKS, task_id=BRONZE_STONCKS_AAPL, execution_date=20240521T000000, start_date=20240916T030547, end_date=20240916T030548
[2024-09-16 00:05:49,018] {local_task_job.py:156} INFO - Task exited with return code 0
[2024-09-16 00:05:49,372] {local_task_job.py:273} INFO - 0 downstream tasks scheduled from follow-on schedule check
