[2024-09-16 00:04:13,435] {taskinstance.py:1159} INFO - Dependencies all met for <TaskInstance: BRONZER_GET_STONCKS.BRONZE_STONCKS_AAPL scheduled__2024-02-24T00:00:00+00:00 [queued]>
[2024-09-16 00:04:13,477] {taskinstance.py:1159} INFO - Dependencies all met for <TaskInstance: BRONZER_GET_STONCKS.BRONZE_STONCKS_AAPL scheduled__2024-02-24T00:00:00+00:00 [queued]>
[2024-09-16 00:04:13,477] {taskinstance.py:1356} INFO - 
--------------------------------------------------------------------------------
[2024-09-16 00:04:13,477] {taskinstance.py:1357} INFO - Starting attempt 1 of 1
[2024-09-16 00:04:13,477] {taskinstance.py:1358} INFO - 
--------------------------------------------------------------------------------
[2024-09-16 00:04:13,518] {taskinstance.py:1377} INFO - Executing <Task(_PythonDecoratedOperator): BRONZE_STONCKS_AAPL> on 2024-02-24 00:00:00+00:00
[2024-09-16 00:04:13,545] {standard_task_runner.py:52} INFO - Started process 23517 to run task
[2024-09-16 00:04:13,589] {standard_task_runner.py:79} INFO - Running: ['airflow', 'tasks', 'run', 'BRONZER_GET_STONCKS', 'BRONZE_STONCKS_AAPL', 'scheduled__2024-02-24T00:00:00+00:00', '--job-id', '319', '--raw', '--subdir', 'DAGS_FOLDER/get_stocks.py', '--cfg-path', '/tmp/tmpn767hf60', '--error-file', '/tmp/tmpbklx363c']
[2024-09-16 00:04:13,590] {standard_task_runner.py:80} INFO - Job 319: Subtask BRONZE_STONCKS_AAPL
[2024-09-16 00:04:13,889] {task_command.py:370} INFO - Running <TaskInstance: BRONZER_GET_STONCKS.BRONZE_STONCKS_AAPL scheduled__2024-02-24T00:00:00+00:00 [running]> on host kaiwang.
[2024-09-16 00:04:14,200] {taskinstance.py:1569} INFO - Exporting the following env vars:
AIRFLOW_CTX_DAG_OWNER=airflow
AIRFLOW_CTX_DAG_ID=BRONZER_GET_STONCKS
AIRFLOW_CTX_TASK_ID=BRONZE_STONCKS_AAPL
AIRFLOW_CTX_EXECUTION_DATE=2024-02-24T00:00:00+00:00
AIRFLOW_CTX_TRY_NUMBER=1
AIRFLOW_CTX_DAG_RUN_ID=scheduled__2024-02-24T00:00:00+00:00
[2024-09-16 00:04:15,070] {python.py:173} INFO - Done. Returned value was: None
[2024-09-16 00:04:15,143] {taskinstance.py:1395} INFO - Marking task as SUCCESS. dag_id=BRONZER_GET_STONCKS, task_id=BRONZE_STONCKS_AAPL, execution_date=20240224T000000, start_date=20240916T030413, end_date=20240916T030415
[2024-09-16 00:04:15,205] {local_task_job.py:156} INFO - Task exited with return code 0
[2024-09-16 00:04:15,303] {local_task_job.py:273} INFO - 0 downstream tasks scheduled from follow-on schedule check
[2024-09-16 00:13:45,123] {taskinstance.py:1159} INFO - Dependencies all met for <TaskInstance: BRONZER_GET_STONCKS.BRONZE_STONCKS_AAPL scheduled__2024-02-24T00:00:00+00:00 [queued]>
[2024-09-16 00:13:45,146] {taskinstance.py:1159} INFO - Dependencies all met for <TaskInstance: BRONZER_GET_STONCKS.BRONZE_STONCKS_AAPL scheduled__2024-02-24T00:00:00+00:00 [queued]>
[2024-09-16 00:13:45,146] {taskinstance.py:1356} INFO - 
--------------------------------------------------------------------------------
[2024-09-16 00:13:45,146] {taskinstance.py:1357} INFO - Starting attempt 1 of 1
[2024-09-16 00:13:45,146] {taskinstance.py:1358} INFO - 
--------------------------------------------------------------------------------
[2024-09-16 00:13:45,202] {taskinstance.py:1377} INFO - Executing <Task(_PythonDecoratedOperator): BRONZE_STONCKS_AAPL> on 2024-02-24 00:00:00+00:00
[2024-09-16 00:13:45,214] {standard_task_runner.py:52} INFO - Started process 48664 to run task
[2024-09-16 00:13:45,232] {standard_task_runner.py:79} INFO - Running: ['airflow', 'tasks', 'run', 'BRONZER_GET_STONCKS', 'BRONZE_STONCKS_AAPL', 'scheduled__2024-02-24T00:00:00+00:00', '--job-id', '1768', '--raw', '--subdir', 'DAGS_FOLDER/get_stocks.py', '--cfg-path', '/tmp/tmptzrnc64m', '--error-file', '/tmp/tmpszseep8z']
[2024-09-16 00:13:45,234] {standard_task_runner.py:80} INFO - Job 1768: Subtask BRONZE_STONCKS_AAPL
[2024-09-16 00:13:45,500] {task_command.py:370} INFO - Running <TaskInstance: BRONZER_GET_STONCKS.BRONZE_STONCKS_AAPL scheduled__2024-02-24T00:00:00+00:00 [running]> on host kaiwang.
[2024-09-16 00:13:45,735] {taskinstance.py:1569} INFO - Exporting the following env vars:
AIRFLOW_CTX_DAG_OWNER=airflow
AIRFLOW_CTX_DAG_ID=BRONZER_GET_STONCKS
AIRFLOW_CTX_TASK_ID=BRONZE_STONCKS_AAPL
AIRFLOW_CTX_EXECUTION_DATE=2024-02-24T00:00:00+00:00
AIRFLOW_CTX_TRY_NUMBER=1
AIRFLOW_CTX_DAG_RUN_ID=scheduled__2024-02-24T00:00:00+00:00
[2024-09-16 00:13:46,444] {python.py:173} INFO - Done. Returned value was: None
[2024-09-16 00:13:46,497] {taskinstance.py:1395} INFO - Marking task as SUCCESS. dag_id=BRONZER_GET_STONCKS, task_id=BRONZE_STONCKS_AAPL, execution_date=20240224T000000, start_date=20240916T031345, end_date=20240916T031346
[2024-09-16 00:13:46,605] {local_task_job.py:156} INFO - Task exited with return code 0
[2024-09-16 00:13:46,777] {local_task_job.py:273} INFO - 0 downstream tasks scheduled from follow-on schedule check
[2024-09-16 00:15:19,497] {taskinstance.py:1159} INFO - Dependencies all met for <TaskInstance: BRONZER_GET_STONCKS.BRONZE_STONCKS_AAPL scheduled__2024-02-24T00:00:00+00:00 [queued]>
[2024-09-16 00:15:19,510] {taskinstance.py:1159} INFO - Dependencies all met for <TaskInstance: BRONZER_GET_STONCKS.BRONZE_STONCKS_AAPL scheduled__2024-02-24T00:00:00+00:00 [queued]>
[2024-09-16 00:15:19,510] {taskinstance.py:1356} INFO - 
--------------------------------------------------------------------------------
[2024-09-16 00:15:19,510] {taskinstance.py:1357} INFO - Starting attempt 1 of 1
[2024-09-16 00:15:19,510] {taskinstance.py:1358} INFO - 
--------------------------------------------------------------------------------
[2024-09-16 00:15:19,524] {taskinstance.py:1377} INFO - Executing <Task(_PythonDecoratedOperator): BRONZE_STONCKS_AAPL> on 2024-02-24 00:00:00+00:00
[2024-09-16 00:15:19,531] {standard_task_runner.py:52} INFO - Started process 54089 to run task
[2024-09-16 00:15:19,538] {standard_task_runner.py:79} INFO - Running: ['airflow', 'tasks', 'run', 'BRONZER_GET_STONCKS', 'BRONZE_STONCKS_AAPL', 'scheduled__2024-02-24T00:00:00+00:00', '--job-id', '2079', '--raw', '--subdir', 'DAGS_FOLDER/get_stocks.py', '--cfg-path', '/tmp/tmpvnnt5c5c', '--error-file', '/tmp/tmps08r08yr']
[2024-09-16 00:15:19,539] {standard_task_runner.py:80} INFO - Job 2079: Subtask BRONZE_STONCKS_AAPL
[2024-09-16 00:15:19,733] {task_command.py:370} INFO - Running <TaskInstance: BRONZER_GET_STONCKS.BRONZE_STONCKS_AAPL scheduled__2024-02-24T00:00:00+00:00 [running]> on host kaiwang.
[2024-09-16 00:15:19,879] {taskinstance.py:1569} INFO - Exporting the following env vars:
AIRFLOW_CTX_DAG_OWNER=airflow
AIRFLOW_CTX_DAG_ID=BRONZER_GET_STONCKS
AIRFLOW_CTX_TASK_ID=BRONZE_STONCKS_AAPL
AIRFLOW_CTX_EXECUTION_DATE=2024-02-24T00:00:00+00:00
AIRFLOW_CTX_TRY_NUMBER=1
AIRFLOW_CTX_DAG_RUN_ID=scheduled__2024-02-24T00:00:00+00:00
[2024-09-16 00:15:20,431] {python.py:173} INFO - Done. Returned value was: None
[2024-09-16 00:15:20,456] {taskinstance.py:1395} INFO - Marking task as SUCCESS. dag_id=BRONZER_GET_STONCKS, task_id=BRONZE_STONCKS_AAPL, execution_date=20240224T000000, start_date=20240916T031519, end_date=20240916T031520
[2024-09-16 00:15:20,522] {local_task_job.py:156} INFO - Task exited with return code 0
[2024-09-16 00:15:20,679] {local_task_job.py:273} INFO - 0 downstream tasks scheduled from follow-on schedule check
