[2024-09-15 20:03:45,991] {taskinstance.py:1159} INFO - Dependencies all met for <TaskInstance: BRONZER_GET_STONCKS.BRONZE_TSLA scheduled__2024-01-10T00:00:00+00:00 [queued]>
[2024-09-15 20:03:45,996] {taskinstance.py:1159} INFO - Dependencies all met for <TaskInstance: BRONZER_GET_STONCKS.BRONZE_TSLA scheduled__2024-01-10T00:00:00+00:00 [queued]>
[2024-09-15 20:03:45,996] {taskinstance.py:1356} INFO - 
--------------------------------------------------------------------------------
[2024-09-15 20:03:45,996] {taskinstance.py:1357} INFO - Starting attempt 1 of 1
[2024-09-15 20:03:45,996] {taskinstance.py:1358} INFO - 
--------------------------------------------------------------------------------
[2024-09-15 20:03:46,007] {taskinstance.py:1377} INFO - Executing <Task(_PythonDecoratedOperator): BRONZE_TSLA> on 2024-01-10 00:00:00+00:00
[2024-09-15 20:03:46,010] {standard_task_runner.py:52} INFO - Started process 11367 to run task
[2024-09-15 20:03:46,012] {standard_task_runner.py:79} INFO - Running: ['airflow', 'tasks', 'run', 'BRONZER_GET_STONCKS', 'BRONZE_TSLA', 'scheduled__2024-01-10T00:00:00+00:00', '--job-id', '36', '--raw', '--subdir', 'DAGS_FOLDER/get_stocks.py', '--cfg-path', '/tmp/tmp3n_tprqo', '--error-file', '/tmp/tmpcrbieajd']
[2024-09-15 20:03:46,012] {standard_task_runner.py:80} INFO - Job 36: Subtask BRONZE_TSLA
[2024-09-15 20:03:46,041] {task_command.py:370} INFO - Running <TaskInstance: BRONZER_GET_STONCKS.BRONZE_TSLA scheduled__2024-01-10T00:00:00+00:00 [running]> on host kaiwang.
[2024-09-15 20:03:46,082] {taskinstance.py:1569} INFO - Exporting the following env vars:
AIRFLOW_CTX_DAG_OWNER=airflow
AIRFLOW_CTX_DAG_ID=BRONZER_GET_STONCKS
AIRFLOW_CTX_TASK_ID=BRONZE_TSLA
AIRFLOW_CTX_EXECUTION_DATE=2024-01-10T00:00:00+00:00
AIRFLOW_CTX_TRY_NUMBER=1
AIRFLOW_CTX_DAG_RUN_ID=scheduled__2024-01-10T00:00:00+00:00
[2024-09-15 20:03:46,083] {taskinstance.py:1889} ERROR - Task failed with exception
Traceback (most recent call last):
  File "/usr/lib/python3.10/pathlib.py", line 1175, in mkdir
    self._accessor.mkdir(self, mode)
FileNotFoundError: [Errno 2] No such file or directory: '/datalake/TSLA'

During handling of the above exception, another exception occurred:

Traceback (most recent call last):
  File "/home/kaiwang/Documents/airflow_celeby/venv/lib/python3.10/site-packages/airflow/decorators/base.py", line 179, in execute
    return_value = super().execute(context)
  File "/home/kaiwang/Documents/airflow_celeby/venv/lib/python3.10/site-packages/airflow/operators/python.py", line 171, in execute
    return_value = self.execute_callable()
  File "/home/kaiwang/Documents/airflow_celeby/venv/lib/python3.10/site-packages/airflow/operators/python.py", line 189, in execute_callable
    return self.python_callable(*self.op_args, **self.op_kwargs)
  File "/home/kaiwang/Documents/airflow_celeby/dags/get_stocks.py", line 21, in get_history
    (Path(file_path).parent).mkdir(parents=True, exist_ok=True)
  File "/usr/lib/python3.10/pathlib.py", line 1179, in mkdir
    self.parent.mkdir(parents=True, exist_ok=True)
  File "/usr/lib/python3.10/pathlib.py", line 1175, in mkdir
    self._accessor.mkdir(self, mode)
PermissionError: [Errno 13] Permission denied: '/datalake'
[2024-09-15 20:03:46,086] {taskinstance.py:1395} INFO - Marking task as FAILED. dag_id=BRONZER_GET_STONCKS, task_id=BRONZE_TSLA, execution_date=20240110T000000, start_date=20240915T230345, end_date=20240915T230346
[2024-09-15 20:03:46,094] {standard_task_runner.py:92} ERROR - Failed to execute job 36 for task BRONZE_TSLA ([Errno 13] Permission denied: '/datalake'; 11367)
[2024-09-15 20:03:46,105] {local_task_job.py:156} INFO - Task exited with return code 1
[2024-09-15 20:03:46,115] {local_task_job.py:273} INFO - 0 downstream tasks scheduled from follow-on schedule check
[2024-09-15 20:06:31,287] {taskinstance.py:1159} INFO - Dependencies all met for <TaskInstance: BRONZER_GET_STONCKS.BRONZE_TSLA scheduled__2024-01-10T00:00:00+00:00 [queued]>
[2024-09-15 20:06:31,292] {taskinstance.py:1159} INFO - Dependencies all met for <TaskInstance: BRONZER_GET_STONCKS.BRONZE_TSLA scheduled__2024-01-10T00:00:00+00:00 [queued]>
[2024-09-15 20:06:31,292] {taskinstance.py:1356} INFO - 
--------------------------------------------------------------------------------
[2024-09-15 20:06:31,292] {taskinstance.py:1357} INFO - Starting attempt 1 of 1
[2024-09-15 20:06:31,292] {taskinstance.py:1358} INFO - 
--------------------------------------------------------------------------------
[2024-09-15 20:06:31,302] {taskinstance.py:1377} INFO - Executing <Task(_PythonDecoratedOperator): BRONZE_TSLA> on 2024-01-10 00:00:00+00:00
[2024-09-15 20:06:31,305] {standard_task_runner.py:52} INFO - Started process 12078 to run task
[2024-09-15 20:06:31,307] {standard_task_runner.py:79} INFO - Running: ['airflow', 'tasks', 'run', 'BRONZER_GET_STONCKS', 'BRONZE_TSLA', 'scheduled__2024-01-10T00:00:00+00:00', '--job-id', '38', '--raw', '--subdir', 'DAGS_FOLDER/get_stocks.py', '--cfg-path', '/tmp/tmpmtsy3d1q', '--error-file', '/tmp/tmp4epc72tv']
[2024-09-15 20:06:31,307] {standard_task_runner.py:80} INFO - Job 38: Subtask BRONZE_TSLA
[2024-09-15 20:06:31,334] {task_command.py:370} INFO - Running <TaskInstance: BRONZER_GET_STONCKS.BRONZE_TSLA scheduled__2024-01-10T00:00:00+00:00 [running]> on host kaiwang.
[2024-09-15 20:06:31,372] {taskinstance.py:1569} INFO - Exporting the following env vars:
AIRFLOW_CTX_DAG_OWNER=airflow
AIRFLOW_CTX_DAG_ID=BRONZER_GET_STONCKS
AIRFLOW_CTX_TASK_ID=BRONZE_TSLA
AIRFLOW_CTX_EXECUTION_DATE=2024-01-10T00:00:00+00:00
AIRFLOW_CTX_TRY_NUMBER=1
AIRFLOW_CTX_DAG_RUN_ID=scheduled__2024-01-10T00:00:00+00:00
[2024-09-15 20:06:31,372] {taskinstance.py:1889} ERROR - Task failed with exception
Traceback (most recent call last):
  File "/usr/lib/python3.10/pathlib.py", line 1175, in mkdir
    self._accessor.mkdir(self, mode)
FileNotFoundError: [Errno 2] No such file or directory: '/datalake/TSLA'

During handling of the above exception, another exception occurred:

Traceback (most recent call last):
  File "/home/kaiwang/Documents/airflow_celeby/venv/lib/python3.10/site-packages/airflow/decorators/base.py", line 179, in execute
    return_value = super().execute(context)
  File "/home/kaiwang/Documents/airflow_celeby/venv/lib/python3.10/site-packages/airflow/operators/python.py", line 171, in execute
    return_value = self.execute_callable()
  File "/home/kaiwang/Documents/airflow_celeby/venv/lib/python3.10/site-packages/airflow/operators/python.py", line 189, in execute_callable
    return self.python_callable(*self.op_args, **self.op_kwargs)
  File "/home/kaiwang/Documents/airflow_celeby/dags/get_stocks.py", line 21, in get_history
    (Path(file_path).parent).mkdir(parents=True, exist_ok=True)
  File "/usr/lib/python3.10/pathlib.py", line 1179, in mkdir
    self.parent.mkdir(parents=True, exist_ok=True)
  File "/usr/lib/python3.10/pathlib.py", line 1175, in mkdir
    self._accessor.mkdir(self, mode)
PermissionError: [Errno 13] Permission denied: '/datalake'
[2024-09-15 20:06:31,375] {taskinstance.py:1395} INFO - Marking task as FAILED. dag_id=BRONZER_GET_STONCKS, task_id=BRONZE_TSLA, execution_date=20240110T000000, start_date=20240915T230631, end_date=20240915T230631
[2024-09-15 20:06:31,383] {standard_task_runner.py:92} ERROR - Failed to execute job 38 for task BRONZE_TSLA ([Errno 13] Permission denied: '/datalake'; 12078)
[2024-09-15 20:06:31,399] {local_task_job.py:156} INFO - Task exited with return code 1
[2024-09-15 20:06:31,409] {local_task_job.py:273} INFO - 0 downstream tasks scheduled from follow-on schedule check
[2024-09-15 20:09:50,062] {taskinstance.py:1159} INFO - Dependencies all met for <TaskInstance: BRONZER_GET_STONCKS.BRONZE_TSLA scheduled__2024-01-10T00:00:00+00:00 [queued]>
[2024-09-15 20:09:50,066] {taskinstance.py:1159} INFO - Dependencies all met for <TaskInstance: BRONZER_GET_STONCKS.BRONZE_TSLA scheduled__2024-01-10T00:00:00+00:00 [queued]>
[2024-09-15 20:09:50,066] {taskinstance.py:1356} INFO - 
--------------------------------------------------------------------------------
[2024-09-15 20:09:50,066] {taskinstance.py:1357} INFO - Starting attempt 1 of 1
[2024-09-15 20:09:50,066] {taskinstance.py:1358} INFO - 
--------------------------------------------------------------------------------
[2024-09-15 20:09:50,077] {taskinstance.py:1377} INFO - Executing <Task(_PythonDecoratedOperator): BRONZE_TSLA> on 2024-01-10 00:00:00+00:00
[2024-09-15 20:09:50,079] {standard_task_runner.py:52} INFO - Started process 12673 to run task
[2024-09-15 20:09:50,082] {standard_task_runner.py:79} INFO - Running: ['airflow', 'tasks', 'run', 'BRONZER_GET_STONCKS', 'BRONZE_TSLA', 'scheduled__2024-01-10T00:00:00+00:00', '--job-id', '87', '--raw', '--subdir', 'DAGS_FOLDER/get_stocks.py', '--cfg-path', '/tmp/tmpwy4h9xjg', '--error-file', '/tmp/tmpq7drr2a0']
[2024-09-15 20:09:50,082] {standard_task_runner.py:80} INFO - Job 87: Subtask BRONZE_TSLA
[2024-09-15 20:09:50,113] {task_command.py:370} INFO - Running <TaskInstance: BRONZER_GET_STONCKS.BRONZE_TSLA scheduled__2024-01-10T00:00:00+00:00 [running]> on host kaiwang.
[2024-09-15 20:09:50,155] {taskinstance.py:1569} INFO - Exporting the following env vars:
AIRFLOW_CTX_DAG_OWNER=airflow
AIRFLOW_CTX_DAG_ID=BRONZER_GET_STONCKS
AIRFLOW_CTX_TASK_ID=BRONZE_TSLA
AIRFLOW_CTX_EXECUTION_DATE=2024-01-10T00:00:00+00:00
AIRFLOW_CTX_TRY_NUMBER=1
AIRFLOW_CTX_DAG_RUN_ID=scheduled__2024-01-10T00:00:00+00:00
[2024-09-15 20:09:53,355] {history.py:244} ERROR - $TSLA: possibly delisted; no price data found  (1h 2024-01-07 -> 2024-01-03) (Yahoo error = "Invalid input - start date cannot be after end date. startDate = 1704603600, endDate = 1704258000")
[2024-09-15 20:09:53,357] {python.py:173} INFO - Done. Returned value was: None
[2024-09-15 20:09:53,361] {taskinstance.py:1395} INFO - Marking task as SUCCESS. dag_id=BRONZER_GET_STONCKS, task_id=BRONZE_TSLA, execution_date=20240110T000000, start_date=20240915T230950, end_date=20240915T230953
[2024-09-15 20:09:53,393] {local_task_job.py:156} INFO - Task exited with return code 0
[2024-09-15 20:09:53,403] {local_task_job.py:273} INFO - 0 downstream tasks scheduled from follow-on schedule check
[2024-09-15 20:13:06,152] {taskinstance.py:1159} INFO - Dependencies all met for <TaskInstance: BRONZER_GET_STONCKS.BRONZE_TSLA scheduled__2024-01-10T00:00:00+00:00 [queued]>
[2024-09-15 20:13:06,158] {taskinstance.py:1159} INFO - Dependencies all met for <TaskInstance: BRONZER_GET_STONCKS.BRONZE_TSLA scheduled__2024-01-10T00:00:00+00:00 [queued]>
[2024-09-15 20:13:06,158] {taskinstance.py:1356} INFO - 
--------------------------------------------------------------------------------
[2024-09-15 20:13:06,158] {taskinstance.py:1357} INFO - Starting attempt 1 of 1
[2024-09-15 20:13:06,158] {taskinstance.py:1358} INFO - 
--------------------------------------------------------------------------------
[2024-09-15 20:13:06,170] {taskinstance.py:1377} INFO - Executing <Task(_PythonDecoratedOperator): BRONZE_TSLA> on 2024-01-10 00:00:00+00:00
[2024-09-15 20:13:06,173] {standard_task_runner.py:52} INFO - Started process 13298 to run task
[2024-09-15 20:13:06,175] {standard_task_runner.py:79} INFO - Running: ['airflow', 'tasks', 'run', 'BRONZER_GET_STONCKS', 'BRONZE_TSLA', 'scheduled__2024-01-10T00:00:00+00:00', '--job-id', '87', '--raw', '--subdir', 'DAGS_FOLDER/get_stocks.py', '--cfg-path', '/tmp/tmp_1zcptbm', '--error-file', '/tmp/tmp2p1y5r7m']
[2024-09-15 20:13:06,176] {standard_task_runner.py:80} INFO - Job 87: Subtask BRONZE_TSLA
[2024-09-15 20:13:06,204] {task_command.py:370} INFO - Running <TaskInstance: BRONZER_GET_STONCKS.BRONZE_TSLA scheduled__2024-01-10T00:00:00+00:00 [running]> on host kaiwang.
[2024-09-15 20:13:06,244] {taskinstance.py:1569} INFO - Exporting the following env vars:
AIRFLOW_CTX_DAG_OWNER=airflow
AIRFLOW_CTX_DAG_ID=BRONZER_GET_STONCKS
AIRFLOW_CTX_TASK_ID=BRONZE_TSLA
AIRFLOW_CTX_EXECUTION_DATE=2024-01-10T00:00:00+00:00
AIRFLOW_CTX_TRY_NUMBER=1
AIRFLOW_CTX_DAG_RUN_ID=scheduled__2024-01-10T00:00:00+00:00
[2024-09-15 20:13:06,245] {taskinstance.py:1889} ERROR - Task failed with exception
Traceback (most recent call last):
  File "/usr/lib/python3.10/pathlib.py", line 1175, in mkdir
    self._accessor.mkdir(self, mode)
FileNotFoundError: [Errno 2] No such file or directory: '/Documents/airflow_celeby/datalake/TSLA'

During handling of the above exception, another exception occurred:

Traceback (most recent call last):
  File "/usr/lib/python3.10/pathlib.py", line 1175, in mkdir
    self._accessor.mkdir(self, mode)
FileNotFoundError: [Errno 2] No such file or directory: '/Documents/airflow_celeby/datalake'

During handling of the above exception, another exception occurred:

Traceback (most recent call last):
  File "/usr/lib/python3.10/pathlib.py", line 1175, in mkdir
    self._accessor.mkdir(self, mode)
FileNotFoundError: [Errno 2] No such file or directory: '/Documents/airflow_celeby'

During handling of the above exception, another exception occurred:

Traceback (most recent call last):
  File "/home/kaiwang/Documents/airflow_celeby/venv/lib/python3.10/site-packages/airflow/decorators/base.py", line 179, in execute
    return_value = super().execute(context)
  File "/home/kaiwang/Documents/airflow_celeby/venv/lib/python3.10/site-packages/airflow/operators/python.py", line 171, in execute
    return_value = self.execute_callable()
  File "/home/kaiwang/Documents/airflow_celeby/venv/lib/python3.10/site-packages/airflow/operators/python.py", line 189, in execute_callable
    return self.python_callable(*self.op_args, **self.op_kwargs)
  File "/home/kaiwang/Documents/airflow_celeby/dags/get_stocks.py", line 21, in get_history
    (Path(file_path).parent).mkdir(parents=True, exist_ok=True)
  File "/usr/lib/python3.10/pathlib.py", line 1179, in mkdir
    self.parent.mkdir(parents=True, exist_ok=True)
  File "/usr/lib/python3.10/pathlib.py", line 1179, in mkdir
    self.parent.mkdir(parents=True, exist_ok=True)
  File "/usr/lib/python3.10/pathlib.py", line 1179, in mkdir
    self.parent.mkdir(parents=True, exist_ok=True)
  File "/usr/lib/python3.10/pathlib.py", line 1175, in mkdir
    self._accessor.mkdir(self, mode)
PermissionError: [Errno 13] Permission denied: '/Documents'
[2024-09-15 20:13:06,247] {taskinstance.py:1395} INFO - Marking task as FAILED. dag_id=BRONZER_GET_STONCKS, task_id=BRONZE_TSLA, execution_date=20240110T000000, start_date=20240915T231306, end_date=20240915T231306
[2024-09-15 20:13:06,258] {standard_task_runner.py:92} ERROR - Failed to execute job 87 for task BRONZE_TSLA ([Errno 13] Permission denied: '/Documents'; 13298)
[2024-09-15 20:13:06,268] {local_task_job.py:156} INFO - Task exited with return code 1
[2024-09-15 20:13:06,280] {local_task_job.py:273} INFO - 0 downstream tasks scheduled from follow-on schedule check
[2024-09-15 20:16:51,939] {taskinstance.py:1159} INFO - Dependencies all met for <TaskInstance: BRONZER_GET_STONCKS.BRONZE_TSLA scheduled__2024-01-10T00:00:00+00:00 [queued]>
[2024-09-15 20:16:51,943] {taskinstance.py:1159} INFO - Dependencies all met for <TaskInstance: BRONZER_GET_STONCKS.BRONZE_TSLA scheduled__2024-01-10T00:00:00+00:00 [queued]>
[2024-09-15 20:16:51,944] {taskinstance.py:1356} INFO - 
--------------------------------------------------------------------------------
[2024-09-15 20:16:51,944] {taskinstance.py:1357} INFO - Starting attempt 1 of 1
[2024-09-15 20:16:51,944] {taskinstance.py:1358} INFO - 
--------------------------------------------------------------------------------
[2024-09-15 20:16:51,956] {taskinstance.py:1377} INFO - Executing <Task(_PythonDecoratedOperator): BRONZE_TSLA> on 2024-01-10 00:00:00+00:00
[2024-09-15 20:16:51,958] {standard_task_runner.py:52} INFO - Started process 13957 to run task
[2024-09-15 20:16:51,960] {standard_task_runner.py:79} INFO - Running: ['airflow', 'tasks', 'run', 'BRONZER_GET_STONCKS', 'BRONZE_TSLA', 'scheduled__2024-01-10T00:00:00+00:00', '--job-id', '87', '--raw', '--subdir', 'DAGS_FOLDER/get_stocks.py', '--cfg-path', '/tmp/tmpd21p1sy0', '--error-file', '/tmp/tmpc2w21vji']
[2024-09-15 20:16:51,961] {standard_task_runner.py:80} INFO - Job 87: Subtask BRONZE_TSLA
[2024-09-15 20:16:51,989] {task_command.py:370} INFO - Running <TaskInstance: BRONZER_GET_STONCKS.BRONZE_TSLA scheduled__2024-01-10T00:00:00+00:00 [running]> on host kaiwang.
[2024-09-15 20:16:52,028] {taskinstance.py:1569} INFO - Exporting the following env vars:
AIRFLOW_CTX_DAG_OWNER=airflow
AIRFLOW_CTX_DAG_ID=BRONZER_GET_STONCKS
AIRFLOW_CTX_TASK_ID=BRONZE_TSLA
AIRFLOW_CTX_EXECUTION_DATE=2024-01-10T00:00:00+00:00
AIRFLOW_CTX_TRY_NUMBER=1
AIRFLOW_CTX_DAG_RUN_ID=scheduled__2024-01-10T00:00:00+00:00
[2024-09-15 20:16:55,462] {history.py:244} ERROR - $TSLA: possibly delisted; no price data found  (1h 2024-01-07 -> 2024-01-03) (Yahoo error = "Invalid input - start date cannot be after end date. startDate = 1704603600, endDate = 1704258000")
[2024-09-15 20:16:55,470] {python.py:173} INFO - Done. Returned value was: None
[2024-09-15 20:16:55,479] {taskinstance.py:1395} INFO - Marking task as SUCCESS. dag_id=BRONZER_GET_STONCKS, task_id=BRONZE_TSLA, execution_date=20240110T000000, start_date=20240915T231651, end_date=20240915T231655
[2024-09-15 20:16:55,521] {local_task_job.py:156} INFO - Task exited with return code 0
[2024-09-15 20:16:55,530] {local_task_job.py:273} INFO - 0 downstream tasks scheduled from follow-on schedule check
