[2024-09-16 00:07:51,704] {taskinstance.py:1159} INFO - Dependencies all met for <TaskInstance: BRONZER_GET_STONCKS.BRONZE_STONCKS_GOOG scheduled__2024-09-13T00:00:00+00:00 [queued]>
[2024-09-16 00:07:51,738] {taskinstance.py:1159} INFO - Dependencies all met for <TaskInstance: BRONZER_GET_STONCKS.BRONZE_STONCKS_GOOG scheduled__2024-09-13T00:00:00+00:00 [queued]>
[2024-09-16 00:07:51,738] {taskinstance.py:1356} INFO - 
--------------------------------------------------------------------------------
[2024-09-16 00:07:51,738] {taskinstance.py:1357} INFO - Starting attempt 1 of 1
[2024-09-16 00:07:51,738] {taskinstance.py:1358} INFO - 
--------------------------------------------------------------------------------
[2024-09-16 00:07:51,793] {taskinstance.py:1377} INFO - Executing <Task(_PythonDecoratedOperator): BRONZE_STONCKS_GOOG> on 2024-09-13 00:00:00+00:00
[2024-09-16 00:07:51,799] {standard_task_runner.py:52} INFO - Started process 41243 to run task
[2024-09-16 00:07:51,810] {standard_task_runner.py:79} INFO - Running: ['airflow', 'tasks', 'run', 'BRONZER_GET_STONCKS', 'BRONZE_STONCKS_GOOG', 'scheduled__2024-09-13T00:00:00+00:00', '--job-id', '1350', '--raw', '--subdir', 'DAGS_FOLDER/get_stocks.py', '--cfg-path', '/tmp/tmpbnv7a_p1', '--error-file', '/tmp/tmpigm3cq0b']
[2024-09-16 00:07:51,811] {standard_task_runner.py:80} INFO - Job 1350: Subtask BRONZE_STONCKS_GOOG
[2024-09-16 00:07:52,040] {task_command.py:370} INFO - Running <TaskInstance: BRONZER_GET_STONCKS.BRONZE_STONCKS_GOOG scheduled__2024-09-13T00:00:00+00:00 [running]> on host kaiwang.
[2024-09-16 00:07:52,292] {taskinstance.py:1569} INFO - Exporting the following env vars:
AIRFLOW_CTX_DAG_OWNER=airflow
AIRFLOW_CTX_DAG_ID=BRONZER_GET_STONCKS
AIRFLOW_CTX_TASK_ID=BRONZE_STONCKS_GOOG
AIRFLOW_CTX_EXECUTION_DATE=2024-09-13T00:00:00+00:00
AIRFLOW_CTX_TRY_NUMBER=1
AIRFLOW_CTX_DAG_RUN_ID=scheduled__2024-09-13T00:00:00+00:00
[2024-09-16 00:07:53,162] {python.py:173} INFO - Done. Returned value was: None
[2024-09-16 00:07:53,217] {taskinstance.py:1395} INFO - Marking task as SUCCESS. dag_id=BRONZER_GET_STONCKS, task_id=BRONZE_STONCKS_GOOG, execution_date=20240913T000000, start_date=20240916T030751, end_date=20240916T030753
[2024-09-16 00:07:53,262] {local_task_job.py:156} INFO - Task exited with return code 0
[2024-09-16 00:07:53,329] {local_task_job.py:273} INFO - 0 downstream tasks scheduled from follow-on schedule check
[2024-09-16 13:56:49,715] {taskinstance.py:1159} INFO - Dependencies all met for <TaskInstance: BRONZER_GET_STONCKS.BRONZE_STONCKS_GOOG scheduled__2024-09-13T00:00:00+00:00 [queued]>
[2024-09-16 13:56:49,743] {taskinstance.py:1159} INFO - Dependencies all met for <TaskInstance: BRONZER_GET_STONCKS.BRONZE_STONCKS_GOOG scheduled__2024-09-13T00:00:00+00:00 [queued]>
[2024-09-16 13:56:49,743] {taskinstance.py:1356} INFO - 
--------------------------------------------------------------------------------
[2024-09-16 13:56:49,743] {taskinstance.py:1357} INFO - Starting attempt 1 of 1
[2024-09-16 13:56:49,743] {taskinstance.py:1358} INFO - 
--------------------------------------------------------------------------------
[2024-09-16 13:56:49,788] {taskinstance.py:1377} INFO - Executing <Task(_PythonDecoratedOperator): BRONZE_STONCKS_GOOG> on 2024-09-13 00:00:00+00:00
[2024-09-16 13:56:49,795] {standard_task_runner.py:52} INFO - Started process 140826 to run task
[2024-09-16 13:56:49,817] {standard_task_runner.py:79} INFO - Running: ['airflow', 'tasks', 'run', 'BRONZER_GET_STONCKS', 'BRONZE_STONCKS_GOOG', 'scheduled__2024-09-13T00:00:00+00:00', '--job-id', '2665', '--raw', '--subdir', 'DAGS_FOLDER/get_stocks.py', '--cfg-path', '/tmp/tmpiwk8cqus', '--error-file', '/tmp/tmpj7od6y9_']
[2024-09-16 13:56:49,819] {standard_task_runner.py:80} INFO - Job 2665: Subtask BRONZE_STONCKS_GOOG
[2024-09-16 13:56:50,001] {task_command.py:370} INFO - Running <TaskInstance: BRONZER_GET_STONCKS.BRONZE_STONCKS_GOOG scheduled__2024-09-13T00:00:00+00:00 [running]> on host kaiwang.
[2024-09-16 13:56:50,388] {taskinstance.py:1569} INFO - Exporting the following env vars:
AIRFLOW_CTX_DAG_OWNER=airflow
AIRFLOW_CTX_DAG_ID=BRONZER_GET_STONCKS
AIRFLOW_CTX_TASK_ID=BRONZE_STONCKS_GOOG
AIRFLOW_CTX_EXECUTION_DATE=2024-09-13T00:00:00+00:00
AIRFLOW_CTX_TRY_NUMBER=1
AIRFLOW_CTX_DAG_RUN_ID=scheduled__2024-09-13T00:00:00+00:00
[2024-09-16 13:56:51,620] {python.py:173} INFO - Done. Returned value was: None
[2024-09-16 13:56:51,663] {taskinstance.py:1395} INFO - Marking task as SUCCESS. dag_id=BRONZER_GET_STONCKS, task_id=BRONZE_STONCKS_GOOG, execution_date=20240913T000000, start_date=20240916T165649, end_date=20240916T165651
[2024-09-16 13:56:51,716] {local_task_job.py:156} INFO - Task exited with return code 0
[2024-09-16 13:56:51,822] {local_task_job.py:273} INFO - 0 downstream tasks scheduled from follow-on schedule check
