[2024-09-16 00:05:18,266] {taskinstance.py:1159} INFO - Dependencies all met for <TaskInstance: BRONZER_GET_STONCKS.BRONZE_STONCKS_AAPL scheduled__2024-04-23T00:00:00+00:00 [queued]>
[2024-09-16 00:05:18,301] {taskinstance.py:1159} INFO - Dependencies all met for <TaskInstance: BRONZER_GET_STONCKS.BRONZE_STONCKS_AAPL scheduled__2024-04-23T00:00:00+00:00 [queued]>
[2024-09-16 00:05:18,301] {taskinstance.py:1356} INFO - 
--------------------------------------------------------------------------------
[2024-09-16 00:05:18,301] {taskinstance.py:1357} INFO - Starting attempt 1 of 1
[2024-09-16 00:05:18,301] {taskinstance.py:1358} INFO - 
--------------------------------------------------------------------------------
[2024-09-16 00:05:18,369] {taskinstance.py:1377} INFO - Executing <Task(_PythonDecoratedOperator): BRONZE_STONCKS_AAPL> on 2024-04-23 00:00:00+00:00
[2024-09-16 00:05:18,380] {standard_task_runner.py:52} INFO - Started process 28564 to run task
[2024-09-16 00:05:18,406] {standard_task_runner.py:79} INFO - Running: ['airflow', 'tasks', 'run', 'BRONZER_GET_STONCKS', 'BRONZE_STONCKS_AAPL', 'scheduled__2024-04-23T00:00:00+00:00', '--job-id', '607', '--raw', '--subdir', 'DAGS_FOLDER/get_stocks.py', '--cfg-path', '/tmp/tmpxh7dyzg4', '--error-file', '/tmp/tmpg691ywxn']
[2024-09-16 00:05:18,407] {standard_task_runner.py:80} INFO - Job 607: Subtask BRONZE_STONCKS_AAPL
[2024-09-16 00:05:18,747] {task_command.py:370} INFO - Running <TaskInstance: BRONZER_GET_STONCKS.BRONZE_STONCKS_AAPL scheduled__2024-04-23T00:00:00+00:00 [running]> on host kaiwang.
[2024-09-16 00:05:19,111] {taskinstance.py:1569} INFO - Exporting the following env vars:
AIRFLOW_CTX_DAG_OWNER=airflow
AIRFLOW_CTX_DAG_ID=BRONZER_GET_STONCKS
AIRFLOW_CTX_TASK_ID=BRONZE_STONCKS_AAPL
AIRFLOW_CTX_EXECUTION_DATE=2024-04-23T00:00:00+00:00
AIRFLOW_CTX_TRY_NUMBER=1
AIRFLOW_CTX_DAG_RUN_ID=scheduled__2024-04-23T00:00:00+00:00
[2024-09-16 00:05:19,708] {python.py:173} INFO - Done. Returned value was: None
[2024-09-16 00:05:19,755] {taskinstance.py:1395} INFO - Marking task as SUCCESS. dag_id=BRONZER_GET_STONCKS, task_id=BRONZE_STONCKS_AAPL, execution_date=20240423T000000, start_date=20240916T030518, end_date=20240916T030519
[2024-09-16 00:05:19,847] {local_task_job.py:156} INFO - Task exited with return code 0
[2024-09-16 00:05:19,923] {local_task_job.py:273} INFO - 0 downstream tasks scheduled from follow-on schedule check
[2024-09-16 00:16:19,786] {taskinstance.py:1159} INFO - Dependencies all met for <TaskInstance: BRONZER_GET_STONCKS.BRONZE_STONCKS_AAPL scheduled__2024-04-23T00:00:00+00:00 [queued]>
[2024-09-16 00:16:19,823] {taskinstance.py:1159} INFO - Dependencies all met for <TaskInstance: BRONZER_GET_STONCKS.BRONZE_STONCKS_AAPL scheduled__2024-04-23T00:00:00+00:00 [queued]>
[2024-09-16 00:16:19,823] {taskinstance.py:1356} INFO - 
--------------------------------------------------------------------------------
[2024-09-16 00:16:19,824] {taskinstance.py:1357} INFO - Starting attempt 1 of 1
[2024-09-16 00:16:19,824] {taskinstance.py:1358} INFO - 
--------------------------------------------------------------------------------
[2024-09-16 00:16:19,884] {taskinstance.py:1377} INFO - Executing <Task(_PythonDecoratedOperator): BRONZE_STONCKS_AAPL> on 2024-04-23 00:00:00+00:00
[2024-09-16 00:16:19,889] {standard_task_runner.py:52} INFO - Started process 59039 to run task
[2024-09-16 00:16:19,910] {standard_task_runner.py:79} INFO - Running: ['airflow', 'tasks', 'run', 'BRONZER_GET_STONCKS', 'BRONZE_STONCKS_AAPL', 'scheduled__2024-04-23T00:00:00+00:00', '--job-id', '2367', '--raw', '--subdir', 'DAGS_FOLDER/get_stocks.py', '--cfg-path', '/tmp/tmpzvu9917_', '--error-file', '/tmp/tmpq6ogw_zh']
[2024-09-16 00:16:19,912] {standard_task_runner.py:80} INFO - Job 2367: Subtask BRONZE_STONCKS_AAPL
[2024-09-16 00:16:20,162] {task_command.py:370} INFO - Running <TaskInstance: BRONZER_GET_STONCKS.BRONZE_STONCKS_AAPL scheduled__2024-04-23T00:00:00+00:00 [running]> on host kaiwang.
[2024-09-16 00:16:20,464] {taskinstance.py:1569} INFO - Exporting the following env vars:
AIRFLOW_CTX_DAG_OWNER=airflow
AIRFLOW_CTX_DAG_ID=BRONZER_GET_STONCKS
AIRFLOW_CTX_TASK_ID=BRONZE_STONCKS_AAPL
AIRFLOW_CTX_EXECUTION_DATE=2024-04-23T00:00:00+00:00
AIRFLOW_CTX_TRY_NUMBER=1
AIRFLOW_CTX_DAG_RUN_ID=scheduled__2024-04-23T00:00:00+00:00
[2024-09-16 00:16:21,282] {python.py:173} INFO - Done. Returned value was: None
[2024-09-16 00:16:21,439] {taskinstance.py:1395} INFO - Marking task as SUCCESS. dag_id=BRONZER_GET_STONCKS, task_id=BRONZE_STONCKS_AAPL, execution_date=20240423T000000, start_date=20240916T031619, end_date=20240916T031621
[2024-09-16 00:16:21,479] {local_task_job.py:156} INFO - Task exited with return code 0
[2024-09-16 00:16:21,651] {local_task_job.py:273} INFO - 0 downstream tasks scheduled from follow-on schedule check
