[2024-09-16 00:06:07,086] {taskinstance.py:1159} INFO - Dependencies all met for <TaskInstance: BRONZER_GET_CRIPTOS.BRONZE_CRIPTO_ETH scheduled__2024-05-15T00:00:00+00:00 [queued]>
[2024-09-16 00:06:07,124] {taskinstance.py:1159} INFO - Dependencies all met for <TaskInstance: BRONZER_GET_CRIPTOS.BRONZE_CRIPTO_ETH scheduled__2024-05-15T00:00:00+00:00 [queued]>
[2024-09-16 00:06:07,125] {taskinstance.py:1356} INFO - 
--------------------------------------------------------------------------------
[2024-09-16 00:06:07,125] {taskinstance.py:1357} INFO - Starting attempt 1 of 1
[2024-09-16 00:06:07,125] {taskinstance.py:1358} INFO - 
--------------------------------------------------------------------------------
[2024-09-16 00:06:07,176] {taskinstance.py:1377} INFO - Executing <Task(_PythonDecoratedOperator): BRONZE_CRIPTO_ETH> on 2024-05-15 00:00:00+00:00
[2024-09-16 00:06:07,197] {standard_task_runner.py:52} INFO - Started process 32605 to run task
[2024-09-16 00:06:07,226] {standard_task_runner.py:79} INFO - Running: ['airflow', 'tasks', 'run', 'BRONZER_GET_CRIPTOS', 'BRONZE_CRIPTO_ETH', 'scheduled__2024-05-15T00:00:00+00:00', '--job-id', '843', '--raw', '--subdir', 'DAGS_FOLDER/get_cripto.py', '--cfg-path', '/tmp/tmpxzjqq2kl', '--error-file', '/tmp/tmp7uec0ziz']
[2024-09-16 00:06:07,227] {standard_task_runner.py:80} INFO - Job 843: Subtask BRONZE_CRIPTO_ETH
[2024-09-16 00:06:07,505] {task_command.py:370} INFO - Running <TaskInstance: BRONZER_GET_CRIPTOS.BRONZE_CRIPTO_ETH scheduled__2024-05-15T00:00:00+00:00 [running]> on host kaiwang.
[2024-09-16 00:06:07,898] {taskinstance.py:1569} INFO - Exporting the following env vars:
AIRFLOW_CTX_DAG_OWNER=airflow
AIRFLOW_CTX_DAG_ID=BRONZER_GET_CRIPTOS
AIRFLOW_CTX_TASK_ID=BRONZE_CRIPTO_ETH
AIRFLOW_CTX_EXECUTION_DATE=2024-05-15T00:00:00+00:00
AIRFLOW_CTX_TRY_NUMBER=1
AIRFLOW_CTX_DAG_RUN_ID=scheduled__2024-05-15T00:00:00+00:00
[2024-09-16 00:06:10,544] {history.py:244} ERROR - $ETH: possibly delisted; no price data found  (1h 2024-05-12 -> 2024-05-15) (Yahoo error = "Data doesn't exist for startDate = 1715486400, endDate = 1715745600")
[2024-09-16 00:06:10,563] {python.py:173} INFO - Done. Returned value was: None
[2024-09-16 00:06:10,643] {taskinstance.py:1395} INFO - Marking task as SUCCESS. dag_id=BRONZER_GET_CRIPTOS, task_id=BRONZE_CRIPTO_ETH, execution_date=20240515T000000, start_date=20240916T030607, end_date=20240916T030610
[2024-09-16 00:06:10,716] {local_task_job.py:156} INFO - Task exited with return code 0
[2024-09-16 00:06:10,870] {local_task_job.py:273} INFO - 0 downstream tasks scheduled from follow-on schedule check
