[2024-09-16 00:04:12,713] {taskinstance.py:1159} INFO - Dependencies all met for <TaskInstance: BRONZER_GET_STONCKS.BRONZE_STONCKS_TSLA scheduled__2024-02-24T00:00:00+00:00 [queued]>
[2024-09-16 00:04:12,735] {taskinstance.py:1159} INFO - Dependencies all met for <TaskInstance: BRONZER_GET_STONCKS.BRONZE_STONCKS_TSLA scheduled__2024-02-24T00:00:00+00:00 [queued]>
[2024-09-16 00:04:12,735] {taskinstance.py:1356} INFO - 
--------------------------------------------------------------------------------
[2024-09-16 00:04:12,735] {taskinstance.py:1357} INFO - Starting attempt 1 of 1
[2024-09-16 00:04:12,735] {taskinstance.py:1358} INFO - 
--------------------------------------------------------------------------------
[2024-09-16 00:04:12,792] {taskinstance.py:1377} INFO - Executing <Task(_PythonDecoratedOperator): BRONZE_STONCKS_TSLA> on 2024-02-24 00:00:00+00:00
[2024-09-16 00:04:12,797] {standard_task_runner.py:52} INFO - Started process 23446 to run task
[2024-09-16 00:04:12,828] {standard_task_runner.py:79} INFO - Running: ['airflow', 'tasks', 'run', 'BRONZER_GET_STONCKS', 'BRONZE_STONCKS_TSLA', 'scheduled__2024-02-24T00:00:00+00:00', '--job-id', '312', '--raw', '--subdir', 'DAGS_FOLDER/get_stocks.py', '--cfg-path', '/tmp/tmp0itcdhea', '--error-file', '/tmp/tmpzga76v1x']
[2024-09-16 00:04:12,829] {standard_task_runner.py:80} INFO - Job 312: Subtask BRONZE_STONCKS_TSLA
[2024-09-16 00:04:13,094] {task_command.py:370} INFO - Running <TaskInstance: BRONZER_GET_STONCKS.BRONZE_STONCKS_TSLA scheduled__2024-02-24T00:00:00+00:00 [running]> on host kaiwang.
[2024-09-16 00:04:13,744] {taskinstance.py:1569} INFO - Exporting the following env vars:
AIRFLOW_CTX_DAG_OWNER=airflow
AIRFLOW_CTX_DAG_ID=BRONZER_GET_STONCKS
AIRFLOW_CTX_TASK_ID=BRONZE_STONCKS_TSLA
AIRFLOW_CTX_EXECUTION_DATE=2024-02-24T00:00:00+00:00
AIRFLOW_CTX_TRY_NUMBER=1
AIRFLOW_CTX_DAG_RUN_ID=scheduled__2024-02-24T00:00:00+00:00
[2024-09-16 00:04:14,385] {python.py:173} INFO - Done. Returned value was: None
[2024-09-16 00:04:14,443] {taskinstance.py:1395} INFO - Marking task as SUCCESS. dag_id=BRONZER_GET_STONCKS, task_id=BRONZE_STONCKS_TSLA, execution_date=20240224T000000, start_date=20240916T030412, end_date=20240916T030414
[2024-09-16 00:04:14,504] {local_task_job.py:156} INFO - Task exited with return code 0
[2024-09-16 00:04:14,786] {local_task_job.py:273} INFO - 0 downstream tasks scheduled from follow-on schedule check
[2024-09-16 00:13:45,510] {taskinstance.py:1159} INFO - Dependencies all met for <TaskInstance: BRONZER_GET_STONCKS.BRONZE_STONCKS_TSLA scheduled__2024-02-24T00:00:00+00:00 [queued]>
[2024-09-16 00:13:45,540] {taskinstance.py:1159} INFO - Dependencies all met for <TaskInstance: BRONZER_GET_STONCKS.BRONZE_STONCKS_TSLA scheduled__2024-02-24T00:00:00+00:00 [queued]>
[2024-09-16 00:13:45,540] {taskinstance.py:1356} INFO - 
--------------------------------------------------------------------------------
[2024-09-16 00:13:45,541] {taskinstance.py:1357} INFO - Starting attempt 1 of 1
[2024-09-16 00:13:45,541] {taskinstance.py:1358} INFO - 
--------------------------------------------------------------------------------
[2024-09-16 00:13:45,591] {taskinstance.py:1377} INFO - Executing <Task(_PythonDecoratedOperator): BRONZE_STONCKS_TSLA> on 2024-02-24 00:00:00+00:00
[2024-09-16 00:13:45,596] {standard_task_runner.py:52} INFO - Started process 48717 to run task
[2024-09-16 00:13:45,618] {standard_task_runner.py:79} INFO - Running: ['airflow', 'tasks', 'run', 'BRONZER_GET_STONCKS', 'BRONZE_STONCKS_TSLA', 'scheduled__2024-02-24T00:00:00+00:00', '--job-id', '1774', '--raw', '--subdir', 'DAGS_FOLDER/get_stocks.py', '--cfg-path', '/tmp/tmp11jzh_2s', '--error-file', '/tmp/tmphx8gnbe2']
[2024-09-16 00:13:45,619] {standard_task_runner.py:80} INFO - Job 1774: Subtask BRONZE_STONCKS_TSLA
[2024-09-16 00:13:45,854] {task_command.py:370} INFO - Running <TaskInstance: BRONZER_GET_STONCKS.BRONZE_STONCKS_TSLA scheduled__2024-02-24T00:00:00+00:00 [running]> on host kaiwang.
[2024-09-16 00:13:46,089] {taskinstance.py:1569} INFO - Exporting the following env vars:
AIRFLOW_CTX_DAG_OWNER=airflow
AIRFLOW_CTX_DAG_ID=BRONZER_GET_STONCKS
AIRFLOW_CTX_TASK_ID=BRONZE_STONCKS_TSLA
AIRFLOW_CTX_EXECUTION_DATE=2024-02-24T00:00:00+00:00
AIRFLOW_CTX_TRY_NUMBER=1
AIRFLOW_CTX_DAG_RUN_ID=scheduled__2024-02-24T00:00:00+00:00
[2024-09-16 00:13:46,963] {python.py:173} INFO - Done. Returned value was: None
[2024-09-16 00:13:47,039] {taskinstance.py:1395} INFO - Marking task as SUCCESS. dag_id=BRONZER_GET_STONCKS, task_id=BRONZE_STONCKS_TSLA, execution_date=20240224T000000, start_date=20240916T031345, end_date=20240916T031347
[2024-09-16 00:13:47,113] {local_task_job.py:156} INFO - Task exited with return code 0
[2024-09-16 00:13:47,257] {local_task_job.py:273} INFO - 0 downstream tasks scheduled from follow-on schedule check
[2024-09-16 00:13:47,390] {dagrun.py:562} INFO - Marking run <DagRun BRONZER_GET_STONCKS @ 2024-02-24 00:00:00+00:00: scheduled__2024-02-24T00:00:00+00:00, externally triggered: False> successful
[2024-09-16 00:13:47,391] {dagrun.py:607} INFO - DagRun Finished: dag_id=BRONZER_GET_STONCKS, execution_date=2024-02-24 00:00:00+00:00, run_id=scheduled__2024-02-24T00:00:00+00:00, run_start_date=2024-09-16 03:13:42.987638+00:00, run_end_date=2024-09-16 03:13:47.391676+00:00, run_duration=4.404038, state=success, external_trigger=False, run_type=scheduled, data_interval_start=2024-02-24 00:00:00+00:00, data_interval_end=2024-02-27 00:00:00+00:00, dag_hash=54ae87f9a2ad23046fa87f5699b879b0
[2024-09-16 00:15:19,530] {taskinstance.py:1159} INFO - Dependencies all met for <TaskInstance: BRONZER_GET_STONCKS.BRONZE_STONCKS_TSLA scheduled__2024-02-24T00:00:00+00:00 [queued]>
[2024-09-16 00:15:19,547] {taskinstance.py:1159} INFO - Dependencies all met for <TaskInstance: BRONZER_GET_STONCKS.BRONZE_STONCKS_TSLA scheduled__2024-02-24T00:00:00+00:00 [queued]>
[2024-09-16 00:15:19,547] {taskinstance.py:1356} INFO - 
--------------------------------------------------------------------------------
[2024-09-16 00:15:19,547] {taskinstance.py:1357} INFO - Starting attempt 1 of 1
[2024-09-16 00:15:19,547] {taskinstance.py:1358} INFO - 
--------------------------------------------------------------------------------
[2024-09-16 00:15:19,570] {taskinstance.py:1377} INFO - Executing <Task(_PythonDecoratedOperator): BRONZE_STONCKS_TSLA> on 2024-02-24 00:00:00+00:00
[2024-09-16 00:15:19,575] {standard_task_runner.py:52} INFO - Started process 54092 to run task
[2024-09-16 00:15:19,584] {standard_task_runner.py:79} INFO - Running: ['airflow', 'tasks', 'run', 'BRONZER_GET_STONCKS', 'BRONZE_STONCKS_TSLA', 'scheduled__2024-02-24T00:00:00+00:00', '--job-id', '2080', '--raw', '--subdir', 'DAGS_FOLDER/get_stocks.py', '--cfg-path', '/tmp/tmpqzixmqr9', '--error-file', '/tmp/tmp6jb9k596']
[2024-09-16 00:15:19,585] {standard_task_runner.py:80} INFO - Job 2080: Subtask BRONZE_STONCKS_TSLA
[2024-09-16 00:15:19,794] {task_command.py:370} INFO - Running <TaskInstance: BRONZER_GET_STONCKS.BRONZE_STONCKS_TSLA scheduled__2024-02-24T00:00:00+00:00 [running]> on host kaiwang.
[2024-09-16 00:15:19,919] {taskinstance.py:1569} INFO - Exporting the following env vars:
AIRFLOW_CTX_DAG_OWNER=airflow
AIRFLOW_CTX_DAG_ID=BRONZER_GET_STONCKS
AIRFLOW_CTX_TASK_ID=BRONZE_STONCKS_TSLA
AIRFLOW_CTX_EXECUTION_DATE=2024-02-24T00:00:00+00:00
AIRFLOW_CTX_TRY_NUMBER=1
AIRFLOW_CTX_DAG_RUN_ID=scheduled__2024-02-24T00:00:00+00:00
[2024-09-16 00:15:20,517] {python.py:173} INFO - Done. Returned value was: None
[2024-09-16 00:15:20,642] {taskinstance.py:1395} INFO - Marking task as SUCCESS. dag_id=BRONZER_GET_STONCKS, task_id=BRONZE_STONCKS_TSLA, execution_date=20240224T000000, start_date=20240916T031519, end_date=20240916T031520
[2024-09-16 00:15:20,691] {local_task_job.py:156} INFO - Task exited with return code 0
[2024-09-16 00:15:20,832] {local_task_job.py:273} INFO - 0 downstream tasks scheduled from follow-on schedule check
