[2024-09-16 00:05:06,326] {taskinstance.py:1159} INFO - Dependencies all met for <TaskInstance: BRONZER_GET_CRIPTOS.BRONZE_CRIPTO_DOGE scheduled__2024-04-02T00:00:00+00:00 [queued]>
[2024-09-16 00:05:06,340] {taskinstance.py:1159} INFO - Dependencies all met for <TaskInstance: BRONZER_GET_CRIPTOS.BRONZE_CRIPTO_DOGE scheduled__2024-04-02T00:00:00+00:00 [queued]>
[2024-09-16 00:05:06,340] {taskinstance.py:1356} INFO - 
--------------------------------------------------------------------------------
[2024-09-16 00:05:06,340] {taskinstance.py:1357} INFO - Starting attempt 1 of 1
[2024-09-16 00:05:06,340] {taskinstance.py:1358} INFO - 
--------------------------------------------------------------------------------
[2024-09-16 00:05:06,357] {taskinstance.py:1377} INFO - Executing <Task(_PythonDecoratedOperator): BRONZE_CRIPTO_DOGE> on 2024-04-02 00:00:00+00:00
[2024-09-16 00:05:06,362] {standard_task_runner.py:52} INFO - Started process 27635 to run task
[2024-09-16 00:05:06,366] {standard_task_runner.py:79} INFO - Running: ['airflow', 'tasks', 'run', 'BRONZER_GET_CRIPTOS', 'BRONZE_CRIPTO_DOGE', 'scheduled__2024-04-02T00:00:00+00:00', '--job-id', '560', '--raw', '--subdir', 'DAGS_FOLDER/get_cripto.py', '--cfg-path', '/tmp/tmpo_t8n0me', '--error-file', '/tmp/tmpt_k3ecdw']
[2024-09-16 00:05:06,367] {standard_task_runner.py:80} INFO - Job 560: Subtask BRONZE_CRIPTO_DOGE
[2024-09-16 00:05:06,464] {task_command.py:370} INFO - Running <TaskInstance: BRONZER_GET_CRIPTOS.BRONZE_CRIPTO_DOGE scheduled__2024-04-02T00:00:00+00:00 [running]> on host kaiwang.
[2024-09-16 00:05:06,552] {taskinstance.py:1569} INFO - Exporting the following env vars:
AIRFLOW_CTX_DAG_OWNER=airflow
AIRFLOW_CTX_DAG_ID=BRONZER_GET_CRIPTOS
AIRFLOW_CTX_TASK_ID=BRONZE_CRIPTO_DOGE
AIRFLOW_CTX_EXECUTION_DATE=2024-04-02T00:00:00+00:00
AIRFLOW_CTX_TRY_NUMBER=1
AIRFLOW_CTX_DAG_RUN_ID=scheduled__2024-04-02T00:00:00+00:00
[2024-09-16 00:05:09,442] {history.py:122} ERROR - $DOGE: possibly delisted; no timezone found
[2024-09-16 00:05:09,448] {python.py:173} INFO - Done. Returned value was: None
[2024-09-16 00:05:09,536] {taskinstance.py:1395} INFO - Marking task as SUCCESS. dag_id=BRONZER_GET_CRIPTOS, task_id=BRONZE_CRIPTO_DOGE, execution_date=20240402T000000, start_date=20240916T030506, end_date=20240916T030509
[2024-09-16 00:05:09,615] {local_task_job.py:156} INFO - Task exited with return code 0
[2024-09-16 00:05:09,772] {local_task_job.py:273} INFO - 0 downstream tasks scheduled from follow-on schedule check
[2024-09-16 00:16:21,989] {taskinstance.py:1159} INFO - Dependencies all met for <TaskInstance: BRONZER_GET_CRIPTOS.BRONZE_CRIPTO_DOGE scheduled__2024-04-02T00:00:00+00:00 [queued]>
[2024-09-16 00:16:22,021] {taskinstance.py:1159} INFO - Dependencies all met for <TaskInstance: BRONZER_GET_CRIPTOS.BRONZE_CRIPTO_DOGE scheduled__2024-04-02T00:00:00+00:00 [queued]>
[2024-09-16 00:16:22,021] {taskinstance.py:1356} INFO - 
--------------------------------------------------------------------------------
[2024-09-16 00:16:22,021] {taskinstance.py:1357} INFO - Starting attempt 1 of 1
[2024-09-16 00:16:22,021] {taskinstance.py:1358} INFO - 
--------------------------------------------------------------------------------
[2024-09-16 00:16:22,100] {taskinstance.py:1377} INFO - Executing <Task(_PythonDecoratedOperator): BRONZE_CRIPTO_DOGE> on 2024-04-02 00:00:00+00:00
[2024-09-16 00:16:22,106] {standard_task_runner.py:52} INFO - Started process 59274 to run task
[2024-09-16 00:16:22,136] {standard_task_runner.py:79} INFO - Running: ['airflow', 'tasks', 'run', 'BRONZER_GET_CRIPTOS', 'BRONZE_CRIPTO_DOGE', 'scheduled__2024-04-02T00:00:00+00:00', '--job-id', '2379', '--raw', '--subdir', 'DAGS_FOLDER/get_cripto.py', '--cfg-path', '/tmp/tmpq01u14e1', '--error-file', '/tmp/tmp6q_x3u4t']
[2024-09-16 00:16:22,138] {standard_task_runner.py:80} INFO - Job 2379: Subtask BRONZE_CRIPTO_DOGE
[2024-09-16 00:16:22,312] {task_command.py:370} INFO - Running <TaskInstance: BRONZER_GET_CRIPTOS.BRONZE_CRIPTO_DOGE scheduled__2024-04-02T00:00:00+00:00 [running]> on host kaiwang.
[2024-09-16 00:16:22,592] {taskinstance.py:1569} INFO - Exporting the following env vars:
AIRFLOW_CTX_DAG_OWNER=airflow
AIRFLOW_CTX_DAG_ID=BRONZER_GET_CRIPTOS
AIRFLOW_CTX_TASK_ID=BRONZE_CRIPTO_DOGE
AIRFLOW_CTX_EXECUTION_DATE=2024-04-02T00:00:00+00:00
AIRFLOW_CTX_TRY_NUMBER=1
AIRFLOW_CTX_DAG_RUN_ID=scheduled__2024-04-02T00:00:00+00:00
[2024-09-16 00:16:25,807] {history.py:122} ERROR - $DOGE: possibly delisted; no timezone found
[2024-09-16 00:16:25,811] {python.py:173} INFO - Done. Returned value was: None
[2024-09-16 00:16:26,007] {taskinstance.py:1395} INFO - Marking task as SUCCESS. dag_id=BRONZER_GET_CRIPTOS, task_id=BRONZE_CRIPTO_DOGE, execution_date=20240402T000000, start_date=20240916T031621, end_date=20240916T031626
[2024-09-16 00:16:26,112] {local_task_job.py:156} INFO - Task exited with return code 0
[2024-09-16 00:16:26,322] {local_task_job.py:273} INFO - 0 downstream tasks scheduled from follow-on schedule check
