[2024-09-16 00:03:59,317] {taskinstance.py:1159} INFO - Dependencies all met for <TaskInstance: BRONZER_GET_CRIPTOS.BRONZE_CRIPTO_ETH scheduled__2024-02-14T00:00:00+00:00 [queued]>
[2024-09-16 00:03:59,343] {taskinstance.py:1159} INFO - Dependencies all met for <TaskInstance: BRONZER_GET_CRIPTOS.BRONZE_CRIPTO_ETH scheduled__2024-02-14T00:00:00+00:00 [queued]>
[2024-09-16 00:03:59,343] {taskinstance.py:1356} INFO - 
--------------------------------------------------------------------------------
[2024-09-16 00:03:59,343] {taskinstance.py:1357} INFO - Starting attempt 1 of 1
[2024-09-16 00:03:59,343] {taskinstance.py:1358} INFO - 
--------------------------------------------------------------------------------
[2024-09-16 00:03:59,409] {taskinstance.py:1377} INFO - Executing <Task(_PythonDecoratedOperator): BRONZE_CRIPTO_ETH> on 2024-02-14 00:00:00+00:00
[2024-09-16 00:03:59,427] {standard_task_runner.py:52} INFO - Started process 22403 to run task
[2024-09-16 00:03:59,454] {standard_task_runner.py:79} INFO - Running: ['airflow', 'tasks', 'run', 'BRONZER_GET_CRIPTOS', 'BRONZE_CRIPTO_ETH', 'scheduled__2024-02-14T00:00:00+00:00', '--job-id', '259', '--raw', '--subdir', 'DAGS_FOLDER/get_cripto.py', '--cfg-path', '/tmp/tmpwjoij0o3', '--error-file', '/tmp/tmpix5gfxo4']
[2024-09-16 00:03:59,455] {standard_task_runner.py:80} INFO - Job 259: Subtask BRONZE_CRIPTO_ETH
[2024-09-16 00:03:59,642] {task_command.py:370} INFO - Running <TaskInstance: BRONZER_GET_CRIPTOS.BRONZE_CRIPTO_ETH scheduled__2024-02-14T00:00:00+00:00 [running]> on host kaiwang.
[2024-09-16 00:03:59,869] {taskinstance.py:1569} INFO - Exporting the following env vars:
AIRFLOW_CTX_DAG_OWNER=airflow
AIRFLOW_CTX_DAG_ID=BRONZER_GET_CRIPTOS
AIRFLOW_CTX_TASK_ID=BRONZE_CRIPTO_ETH
AIRFLOW_CTX_EXECUTION_DATE=2024-02-14T00:00:00+00:00
AIRFLOW_CTX_TRY_NUMBER=1
AIRFLOW_CTX_DAG_RUN_ID=scheduled__2024-02-14T00:00:00+00:00
[2024-09-16 00:04:02,453] {history.py:244} ERROR - $ETH: possibly delisted; no price data found  (1h 2024-02-11 -> 2024-02-14) (Yahoo error = "Data doesn't exist for startDate = 1707627600, endDate = 1707886800")
[2024-09-16 00:04:02,461] {python.py:173} INFO - Done. Returned value was: None
[2024-09-16 00:04:02,586] {taskinstance.py:1395} INFO - Marking task as SUCCESS. dag_id=BRONZER_GET_CRIPTOS, task_id=BRONZE_CRIPTO_ETH, execution_date=20240214T000000, start_date=20240916T030359, end_date=20240916T030402
[2024-09-16 00:04:02,624] {local_task_job.py:156} INFO - Task exited with return code 0
[2024-09-16 00:04:02,942] {local_task_job.py:273} INFO - 0 downstream tasks scheduled from follow-on schedule check
[2024-09-16 00:13:41,182] {taskinstance.py:1159} INFO - Dependencies all met for <TaskInstance: BRONZER_GET_CRIPTOS.BRONZE_CRIPTO_ETH scheduled__2024-02-14T00:00:00+00:00 [queued]>
[2024-09-16 00:13:41,236] {taskinstance.py:1159} INFO - Dependencies all met for <TaskInstance: BRONZER_GET_CRIPTOS.BRONZE_CRIPTO_ETH scheduled__2024-02-14T00:00:00+00:00 [queued]>
[2024-09-16 00:13:41,237] {taskinstance.py:1356} INFO - 
--------------------------------------------------------------------------------
[2024-09-16 00:13:41,237] {taskinstance.py:1357} INFO - Starting attempt 1 of 1
[2024-09-16 00:13:41,237] {taskinstance.py:1358} INFO - 
--------------------------------------------------------------------------------
[2024-09-16 00:13:41,326] {taskinstance.py:1377} INFO - Executing <Task(_PythonDecoratedOperator): BRONZE_CRIPTO_ETH> on 2024-02-14 00:00:00+00:00
[2024-09-16 00:13:41,347] {standard_task_runner.py:52} INFO - Started process 48368 to run task
[2024-09-16 00:13:41,359] {standard_task_runner.py:79} INFO - Running: ['airflow', 'tasks', 'run', 'BRONZER_GET_CRIPTOS', 'BRONZE_CRIPTO_ETH', 'scheduled__2024-02-14T00:00:00+00:00', '--job-id', '1745', '--raw', '--subdir', 'DAGS_FOLDER/get_cripto.py', '--cfg-path', '/tmp/tmpzcea4oyy', '--error-file', '/tmp/tmpmccfipe2']
[2024-09-16 00:13:41,360] {standard_task_runner.py:80} INFO - Job 1745: Subtask BRONZE_CRIPTO_ETH
[2024-09-16 00:13:41,647] {task_command.py:370} INFO - Running <TaskInstance: BRONZER_GET_CRIPTOS.BRONZE_CRIPTO_ETH scheduled__2024-02-14T00:00:00+00:00 [running]> on host kaiwang.
[2024-09-16 00:13:42,062] {taskinstance.py:1569} INFO - Exporting the following env vars:
AIRFLOW_CTX_DAG_OWNER=airflow
AIRFLOW_CTX_DAG_ID=BRONZER_GET_CRIPTOS
AIRFLOW_CTX_TASK_ID=BRONZE_CRIPTO_ETH
AIRFLOW_CTX_EXECUTION_DATE=2024-02-14T00:00:00+00:00
AIRFLOW_CTX_TRY_NUMBER=1
AIRFLOW_CTX_DAG_RUN_ID=scheduled__2024-02-14T00:00:00+00:00
[2024-09-16 00:13:45,310] {history.py:244} ERROR - $ETH: possibly delisted; no price data found  (1h 2024-02-11 -> 2024-02-14) (Yahoo error = "Data doesn't exist for startDate = 1707627600, endDate = 1707886800")
[2024-09-16 00:13:45,324] {python.py:173} INFO - Done. Returned value was: None
[2024-09-16 00:13:45,426] {taskinstance.py:1395} INFO - Marking task as SUCCESS. dag_id=BRONZER_GET_CRIPTOS, task_id=BRONZE_CRIPTO_ETH, execution_date=20240214T000000, start_date=20240916T031341, end_date=20240916T031345
[2024-09-16 00:13:45,488] {local_task_job.py:156} INFO - Task exited with return code 0
[2024-09-16 00:13:45,614] {local_task_job.py:273} INFO - 0 downstream tasks scheduled from follow-on schedule check
[2024-09-16 00:15:16,753] {taskinstance.py:1159} INFO - Dependencies all met for <TaskInstance: BRONZER_GET_CRIPTOS.BRONZE_CRIPTO_ETH scheduled__2024-02-14T00:00:00+00:00 [queued]>
[2024-09-16 00:15:16,799] {taskinstance.py:1159} INFO - Dependencies all met for <TaskInstance: BRONZER_GET_CRIPTOS.BRONZE_CRIPTO_ETH scheduled__2024-02-14T00:00:00+00:00 [queued]>
[2024-09-16 00:15:16,799] {taskinstance.py:1356} INFO - 
--------------------------------------------------------------------------------
[2024-09-16 00:15:16,800] {taskinstance.py:1357} INFO - Starting attempt 1 of 1
[2024-09-16 00:15:16,800] {taskinstance.py:1358} INFO - 
--------------------------------------------------------------------------------
[2024-09-16 00:15:16,904] {taskinstance.py:1377} INFO - Executing <Task(_PythonDecoratedOperator): BRONZE_CRIPTO_ETH> on 2024-02-14 00:00:00+00:00
[2024-09-16 00:15:16,915] {standard_task_runner.py:52} INFO - Started process 53912 to run task
[2024-09-16 00:15:16,942] {standard_task_runner.py:79} INFO - Running: ['airflow', 'tasks', 'run', 'BRONZER_GET_CRIPTOS', 'BRONZE_CRIPTO_ETH', 'scheduled__2024-02-14T00:00:00+00:00', '--job-id', '2065', '--raw', '--subdir', 'DAGS_FOLDER/get_cripto.py', '--cfg-path', '/tmp/tmp261qe8n0', '--error-file', '/tmp/tmpxcq0n8ne']
[2024-09-16 00:15:16,943] {standard_task_runner.py:80} INFO - Job 2065: Subtask BRONZE_CRIPTO_ETH
[2024-09-16 00:15:17,249] {task_command.py:370} INFO - Running <TaskInstance: BRONZER_GET_CRIPTOS.BRONZE_CRIPTO_ETH scheduled__2024-02-14T00:00:00+00:00 [running]> on host kaiwang.
[2024-09-16 00:15:17,565] {taskinstance.py:1569} INFO - Exporting the following env vars:
AIRFLOW_CTX_DAG_OWNER=airflow
AIRFLOW_CTX_DAG_ID=BRONZER_GET_CRIPTOS
AIRFLOW_CTX_TASK_ID=BRONZE_CRIPTO_ETH
AIRFLOW_CTX_EXECUTION_DATE=2024-02-14T00:00:00+00:00
AIRFLOW_CTX_TRY_NUMBER=1
AIRFLOW_CTX_DAG_RUN_ID=scheduled__2024-02-14T00:00:00+00:00
[2024-09-16 00:15:20,124] {history.py:244} ERROR - $ETH: possibly delisted; no price data found  (1h 2024-02-11 -> 2024-02-14) (Yahoo error = "Data doesn't exist for startDate = 1707627600, endDate = 1707886800")
[2024-09-16 00:15:20,129] {python.py:173} INFO - Done. Returned value was: None
[2024-09-16 00:15:20,153] {taskinstance.py:1395} INFO - Marking task as SUCCESS. dag_id=BRONZER_GET_CRIPTOS, task_id=BRONZE_CRIPTO_ETH, execution_date=20240214T000000, start_date=20240916T031516, end_date=20240916T031520
[2024-09-16 00:15:20,206] {local_task_job.py:156} INFO - Task exited with return code 0
[2024-09-16 00:15:20,246] {local_task_job.py:273} INFO - 0 downstream tasks scheduled from follow-on schedule check
