[2024-09-16 00:07:49,441] {taskinstance.py:1159} INFO - Dependencies all met for <TaskInstance: BRONZER_GET_STONCKS.BRONZE_STONCKS_MSFT scheduled__2024-09-12T00:00:00+00:00 [queued]>
[2024-09-16 00:07:49,480] {taskinstance.py:1159} INFO - Dependencies all met for <TaskInstance: BRONZER_GET_STONCKS.BRONZE_STONCKS_MSFT scheduled__2024-09-12T00:00:00+00:00 [queued]>
[2024-09-16 00:07:49,480] {taskinstance.py:1356} INFO - 
--------------------------------------------------------------------------------
[2024-09-16 00:07:49,480] {taskinstance.py:1357} INFO - Starting attempt 1 of 1
[2024-09-16 00:07:49,480] {taskinstance.py:1358} INFO - 
--------------------------------------------------------------------------------
[2024-09-16 00:07:49,527] {taskinstance.py:1377} INFO - Executing <Task(_PythonDecoratedOperator): BRONZE_STONCKS_MSFT> on 2024-09-12 00:00:00+00:00
[2024-09-16 00:07:49,533] {standard_task_runner.py:52} INFO - Started process 41078 to run task
[2024-09-16 00:07:49,566] {standard_task_runner.py:79} INFO - Running: ['airflow', 'tasks', 'run', 'BRONZER_GET_STONCKS', 'BRONZE_STONCKS_MSFT', 'scheduled__2024-09-12T00:00:00+00:00', '--job-id', '1345', '--raw', '--subdir', 'DAGS_FOLDER/get_stocks.py', '--cfg-path', '/tmp/tmp6qprvgro', '--error-file', '/tmp/tmp_wy8534n']
[2024-09-16 00:07:49,573] {standard_task_runner.py:80} INFO - Job 1345: Subtask BRONZE_STONCKS_MSFT
[2024-09-16 00:07:49,814] {task_command.py:370} INFO - Running <TaskInstance: BRONZER_GET_STONCKS.BRONZE_STONCKS_MSFT scheduled__2024-09-12T00:00:00+00:00 [running]> on host kaiwang.
[2024-09-16 00:07:50,135] {taskinstance.py:1569} INFO - Exporting the following env vars:
AIRFLOW_CTX_DAG_OWNER=airflow
AIRFLOW_CTX_DAG_ID=BRONZER_GET_STONCKS
AIRFLOW_CTX_TASK_ID=BRONZE_STONCKS_MSFT
AIRFLOW_CTX_EXECUTION_DATE=2024-09-12T00:00:00+00:00
AIRFLOW_CTX_TRY_NUMBER=1
AIRFLOW_CTX_DAG_RUN_ID=scheduled__2024-09-12T00:00:00+00:00
[2024-09-16 00:07:50,861] {python.py:173} INFO - Done. Returned value was: None
[2024-09-16 00:07:51,165] {taskinstance.py:1395} INFO - Marking task as SUCCESS. dag_id=BRONZER_GET_STONCKS, task_id=BRONZE_STONCKS_MSFT, execution_date=20240912T000000, start_date=20240916T030749, end_date=20240916T030751
[2024-09-16 00:07:51,218] {local_task_job.py:156} INFO - Task exited with return code 0
[2024-09-16 00:07:51,530] {local_task_job.py:273} INFO - 0 downstream tasks scheduled from follow-on schedule check
[2024-09-16 13:56:49,022] {taskinstance.py:1159} INFO - Dependencies all met for <TaskInstance: BRONZER_GET_STONCKS.BRONZE_STONCKS_MSFT scheduled__2024-09-12T00:00:00+00:00 [queued]>
[2024-09-16 13:56:49,042] {taskinstance.py:1159} INFO - Dependencies all met for <TaskInstance: BRONZER_GET_STONCKS.BRONZE_STONCKS_MSFT scheduled__2024-09-12T00:00:00+00:00 [queued]>
[2024-09-16 13:56:49,042] {taskinstance.py:1356} INFO - 
--------------------------------------------------------------------------------
[2024-09-16 13:56:49,042] {taskinstance.py:1357} INFO - Starting attempt 1 of 1
[2024-09-16 13:56:49,042] {taskinstance.py:1358} INFO - 
--------------------------------------------------------------------------------
[2024-09-16 13:56:49,076] {taskinstance.py:1377} INFO - Executing <Task(_PythonDecoratedOperator): BRONZE_STONCKS_MSFT> on 2024-09-12 00:00:00+00:00
[2024-09-16 13:56:49,082] {standard_task_runner.py:52} INFO - Started process 140748 to run task
[2024-09-16 13:56:49,090] {standard_task_runner.py:79} INFO - Running: ['airflow', 'tasks', 'run', 'BRONZER_GET_STONCKS', 'BRONZE_STONCKS_MSFT', 'scheduled__2024-09-12T00:00:00+00:00', '--job-id', '2661', '--raw', '--subdir', 'DAGS_FOLDER/get_stocks.py', '--cfg-path', '/tmp/tmp3placw5u', '--error-file', '/tmp/tmpwti_trcw']
[2024-09-16 13:56:49,091] {standard_task_runner.py:80} INFO - Job 2661: Subtask BRONZE_STONCKS_MSFT
[2024-09-16 13:56:49,316] {task_command.py:370} INFO - Running <TaskInstance: BRONZER_GET_STONCKS.BRONZE_STONCKS_MSFT scheduled__2024-09-12T00:00:00+00:00 [running]> on host kaiwang.
[2024-09-16 13:56:49,934] {taskinstance.py:1569} INFO - Exporting the following env vars:
AIRFLOW_CTX_DAG_OWNER=airflow
AIRFLOW_CTX_DAG_ID=BRONZER_GET_STONCKS
AIRFLOW_CTX_TASK_ID=BRONZE_STONCKS_MSFT
AIRFLOW_CTX_EXECUTION_DATE=2024-09-12T00:00:00+00:00
AIRFLOW_CTX_TRY_NUMBER=1
AIRFLOW_CTX_DAG_RUN_ID=scheduled__2024-09-12T00:00:00+00:00
[2024-09-16 13:56:51,303] {python.py:173} INFO - Done. Returned value was: None
[2024-09-16 13:56:51,335] {taskinstance.py:1395} INFO - Marking task as SUCCESS. dag_id=BRONZER_GET_STONCKS, task_id=BRONZE_STONCKS_MSFT, execution_date=20240912T000000, start_date=20240916T165649, end_date=20240916T165651
[2024-09-16 13:56:51,408] {local_task_job.py:156} INFO - Task exited with return code 0
[2024-09-16 13:56:51,493] {local_task_job.py:273} INFO - 0 downstream tasks scheduled from follow-on schedule check
