[2024-09-16 00:04:18,281] {taskinstance.py:1159} INFO - Dependencies all met for <TaskInstance: BRONZER_GET_STONCKS.BRONZE_STONCKS_AAPL scheduled__2024-03-01T00:00:00+00:00 [queued]>
[2024-09-16 00:04:18,317] {taskinstance.py:1159} INFO - Dependencies all met for <TaskInstance: BRONZER_GET_STONCKS.BRONZE_STONCKS_AAPL scheduled__2024-03-01T00:00:00+00:00 [queued]>
[2024-09-16 00:04:18,318] {taskinstance.py:1356} INFO - 
--------------------------------------------------------------------------------
[2024-09-16 00:04:18,318] {taskinstance.py:1357} INFO - Starting attempt 1 of 1
[2024-09-16 00:04:18,318] {taskinstance.py:1358} INFO - 
--------------------------------------------------------------------------------
[2024-09-16 00:04:18,372] {taskinstance.py:1377} INFO - Executing <Task(_PythonDecoratedOperator): BRONZE_STONCKS_AAPL> on 2024-03-01 00:00:00+00:00
[2024-09-16 00:04:18,378] {standard_task_runner.py:52} INFO - Started process 23963 to run task
[2024-09-16 00:04:18,389] {standard_task_runner.py:79} INFO - Running: ['airflow', 'tasks', 'run', 'BRONZER_GET_STONCKS', 'BRONZE_STONCKS_AAPL', 'scheduled__2024-03-01T00:00:00+00:00', '--job-id', '347', '--raw', '--subdir', 'DAGS_FOLDER/get_stocks.py', '--cfg-path', '/tmp/tmpfgjw8p70', '--error-file', '/tmp/tmpllbl0eeq']
[2024-09-16 00:04:18,390] {standard_task_runner.py:80} INFO - Job 347: Subtask BRONZE_STONCKS_AAPL
[2024-09-16 00:04:18,618] {task_command.py:370} INFO - Running <TaskInstance: BRONZER_GET_STONCKS.BRONZE_STONCKS_AAPL scheduled__2024-03-01T00:00:00+00:00 [running]> on host kaiwang.
[2024-09-16 00:04:18,741] {taskinstance.py:1569} INFO - Exporting the following env vars:
AIRFLOW_CTX_DAG_OWNER=airflow
AIRFLOW_CTX_DAG_ID=BRONZER_GET_STONCKS
AIRFLOW_CTX_TASK_ID=BRONZE_STONCKS_AAPL
AIRFLOW_CTX_EXECUTION_DATE=2024-03-01T00:00:00+00:00
AIRFLOW_CTX_TRY_NUMBER=1
AIRFLOW_CTX_DAG_RUN_ID=scheduled__2024-03-01T00:00:00+00:00
[2024-09-16 00:04:19,287] {python.py:173} INFO - Done. Returned value was: None
[2024-09-16 00:04:19,302] {taskinstance.py:1395} INFO - Marking task as SUCCESS. dag_id=BRONZER_GET_STONCKS, task_id=BRONZE_STONCKS_AAPL, execution_date=20240301T000000, start_date=20240916T030418, end_date=20240916T030419
[2024-09-16 00:04:19,346] {local_task_job.py:156} INFO - Task exited with return code 0
[2024-09-16 00:04:19,380] {local_task_job.py:273} INFO - 0 downstream tasks scheduled from follow-on schedule check
[2024-09-16 00:15:25,411] {taskinstance.py:1159} INFO - Dependencies all met for <TaskInstance: BRONZER_GET_STONCKS.BRONZE_STONCKS_AAPL scheduled__2024-03-01T00:00:00+00:00 [queued]>
[2024-09-16 00:15:25,421] {taskinstance.py:1159} INFO - Dependencies all met for <TaskInstance: BRONZER_GET_STONCKS.BRONZE_STONCKS_AAPL scheduled__2024-03-01T00:00:00+00:00 [queued]>
[2024-09-16 00:15:25,421] {taskinstance.py:1356} INFO - 
--------------------------------------------------------------------------------
[2024-09-16 00:15:25,421] {taskinstance.py:1357} INFO - Starting attempt 1 of 1
[2024-09-16 00:15:25,421] {taskinstance.py:1358} INFO - 
--------------------------------------------------------------------------------
[2024-09-16 00:15:25,436] {taskinstance.py:1377} INFO - Executing <Task(_PythonDecoratedOperator): BRONZE_STONCKS_AAPL> on 2024-03-01 00:00:00+00:00
[2024-09-16 00:15:25,441] {standard_task_runner.py:52} INFO - Started process 54576 to run task
[2024-09-16 00:15:25,445] {standard_task_runner.py:79} INFO - Running: ['airflow', 'tasks', 'run', 'BRONZER_GET_STONCKS', 'BRONZE_STONCKS_AAPL', 'scheduled__2024-03-01T00:00:00+00:00', '--job-id', '2112', '--raw', '--subdir', 'DAGS_FOLDER/get_stocks.py', '--cfg-path', '/tmp/tmpnrtfdpnk', '--error-file', '/tmp/tmp4kouczbi']
[2024-09-16 00:15:25,446] {standard_task_runner.py:80} INFO - Job 2112: Subtask BRONZE_STONCKS_AAPL
[2024-09-16 00:15:25,556] {task_command.py:370} INFO - Running <TaskInstance: BRONZER_GET_STONCKS.BRONZE_STONCKS_AAPL scheduled__2024-03-01T00:00:00+00:00 [running]> on host kaiwang.
[2024-09-16 00:15:25,681] {taskinstance.py:1569} INFO - Exporting the following env vars:
AIRFLOW_CTX_DAG_OWNER=airflow
AIRFLOW_CTX_DAG_ID=BRONZER_GET_STONCKS
AIRFLOW_CTX_TASK_ID=BRONZE_STONCKS_AAPL
AIRFLOW_CTX_EXECUTION_DATE=2024-03-01T00:00:00+00:00
AIRFLOW_CTX_TRY_NUMBER=1
AIRFLOW_CTX_DAG_RUN_ID=scheduled__2024-03-01T00:00:00+00:00
[2024-09-16 00:15:26,692] {python.py:173} INFO - Done. Returned value was: None
[2024-09-16 00:15:26,717] {taskinstance.py:1395} INFO - Marking task as SUCCESS. dag_id=BRONZER_GET_STONCKS, task_id=BRONZE_STONCKS_AAPL, execution_date=20240301T000000, start_date=20240916T031525, end_date=20240916T031526
[2024-09-16 00:15:26,742] {local_task_job.py:156} INFO - Task exited with return code 0
[2024-09-16 00:15:26,800] {local_task_job.py:273} INFO - 0 downstream tasks scheduled from follow-on schedule check
