[2024-09-16 00:03:34,110] {taskinstance.py:1159} INFO - Dependencies all met for <TaskInstance: BRONZER_GET_STONCKS.BRONZE_STONCKS_TSLA scheduled__2024-01-26T00:00:00+00:00 [queued]>
[2024-09-16 00:03:34,132] {taskinstance.py:1159} INFO - Dependencies all met for <TaskInstance: BRONZER_GET_STONCKS.BRONZE_STONCKS_TSLA scheduled__2024-01-26T00:00:00+00:00 [queued]>
[2024-09-16 00:03:34,133] {taskinstance.py:1356} INFO - 
--------------------------------------------------------------------------------
[2024-09-16 00:03:34,133] {taskinstance.py:1357} INFO - Starting attempt 1 of 1
[2024-09-16 00:03:34,133] {taskinstance.py:1358} INFO - 
--------------------------------------------------------------------------------
[2024-09-16 00:03:34,202] {taskinstance.py:1377} INFO - Executing <Task(_PythonDecoratedOperator): BRONZE_STONCKS_TSLA> on 2024-01-26 00:00:00+00:00
[2024-09-16 00:03:34,210] {standard_task_runner.py:52} INFO - Started process 20588 to run task
[2024-09-16 00:03:34,231] {standard_task_runner.py:79} INFO - Running: ['airflow', 'tasks', 'run', 'BRONZER_GET_STONCKS', 'BRONZE_STONCKS_TSLA', 'scheduled__2024-01-26T00:00:00+00:00', '--job-id', '150', '--raw', '--subdir', 'DAGS_FOLDER/get_stocks.py', '--cfg-path', '/tmp/tmpitqx48n6', '--error-file', '/tmp/tmpv312_y_8']
[2024-09-16 00:03:34,232] {standard_task_runner.py:80} INFO - Job 150: Subtask BRONZE_STONCKS_TSLA
[2024-09-16 00:03:34,508] {task_command.py:370} INFO - Running <TaskInstance: BRONZER_GET_STONCKS.BRONZE_STONCKS_TSLA scheduled__2024-01-26T00:00:00+00:00 [running]> on host kaiwang.
[2024-09-16 00:03:34,842] {taskinstance.py:1569} INFO - Exporting the following env vars:
AIRFLOW_CTX_DAG_OWNER=airflow
AIRFLOW_CTX_DAG_ID=BRONZER_GET_STONCKS
AIRFLOW_CTX_TASK_ID=BRONZE_STONCKS_TSLA
AIRFLOW_CTX_EXECUTION_DATE=2024-01-26T00:00:00+00:00
AIRFLOW_CTX_TRY_NUMBER=1
AIRFLOW_CTX_DAG_RUN_ID=scheduled__2024-01-26T00:00:00+00:00
[2024-09-16 00:03:35,618] {python.py:173} INFO - Done. Returned value was: None
[2024-09-16 00:03:35,915] {taskinstance.py:1395} INFO - Marking task as SUCCESS. dag_id=BRONZER_GET_STONCKS, task_id=BRONZE_STONCKS_TSLA, execution_date=20240126T000000, start_date=20240916T030334, end_date=20240916T030335
[2024-09-16 00:03:35,984] {local_task_job.py:156} INFO - Task exited with return code 0
[2024-09-16 00:03:36,108] {local_task_job.py:273} INFO - 0 downstream tasks scheduled from follow-on schedule check
[2024-09-16 00:13:14,075] {taskinstance.py:1159} INFO - Dependencies all met for <TaskInstance: BRONZER_GET_STONCKS.BRONZE_STONCKS_TSLA scheduled__2024-01-26T00:00:00+00:00 [queued]>
[2024-09-16 00:13:14,123] {taskinstance.py:1159} INFO - Dependencies all met for <TaskInstance: BRONZER_GET_STONCKS.BRONZE_STONCKS_TSLA scheduled__2024-01-26T00:00:00+00:00 [queued]>
[2024-09-16 00:13:14,123] {taskinstance.py:1356} INFO - 
--------------------------------------------------------------------------------
[2024-09-16 00:13:14,124] {taskinstance.py:1357} INFO - Starting attempt 1 of 1
[2024-09-16 00:13:14,124] {taskinstance.py:1358} INFO - 
--------------------------------------------------------------------------------
[2024-09-16 00:13:14,180] {taskinstance.py:1377} INFO - Executing <Task(_PythonDecoratedOperator): BRONZE_STONCKS_TSLA> on 2024-01-26 00:00:00+00:00
[2024-09-16 00:13:14,208] {standard_task_runner.py:52} INFO - Started process 46143 to run task
[2024-09-16 00:13:14,228] {standard_task_runner.py:79} INFO - Running: ['airflow', 'tasks', 'run', 'BRONZER_GET_STONCKS', 'BRONZE_STONCKS_TSLA', 'scheduled__2024-01-26T00:00:00+00:00', '--job-id', '1619', '--raw', '--subdir', 'DAGS_FOLDER/get_stocks.py', '--cfg-path', '/tmp/tmpxbi515sn', '--error-file', '/tmp/tmpvpypiuvw']
[2024-09-16 00:13:14,229] {standard_task_runner.py:80} INFO - Job 1619: Subtask BRONZE_STONCKS_TSLA
[2024-09-16 00:13:14,568] {task_command.py:370} INFO - Running <TaskInstance: BRONZER_GET_STONCKS.BRONZE_STONCKS_TSLA scheduled__2024-01-26T00:00:00+00:00 [running]> on host kaiwang.
[2024-09-16 00:13:14,880] {taskinstance.py:1569} INFO - Exporting the following env vars:
AIRFLOW_CTX_DAG_OWNER=airflow
AIRFLOW_CTX_DAG_ID=BRONZER_GET_STONCKS
AIRFLOW_CTX_TASK_ID=BRONZE_STONCKS_TSLA
AIRFLOW_CTX_EXECUTION_DATE=2024-01-26T00:00:00+00:00
AIRFLOW_CTX_TRY_NUMBER=1
AIRFLOW_CTX_DAG_RUN_ID=scheduled__2024-01-26T00:00:00+00:00
[2024-09-16 00:13:15,671] {python.py:173} INFO - Done. Returned value was: None
[2024-09-16 00:13:15,996] {taskinstance.py:1395} INFO - Marking task as SUCCESS. dag_id=BRONZER_GET_STONCKS, task_id=BRONZE_STONCKS_TSLA, execution_date=20240126T000000, start_date=20240916T031314, end_date=20240916T031315
[2024-09-16 00:13:16,083] {local_task_job.py:156} INFO - Task exited with return code 0
[2024-09-16 00:13:16,456] {local_task_job.py:273} INFO - 0 downstream tasks scheduled from follow-on schedule check
[2024-09-16 00:14:49,656] {taskinstance.py:1159} INFO - Dependencies all met for <TaskInstance: BRONZER_GET_STONCKS.BRONZE_STONCKS_TSLA scheduled__2024-01-26T00:00:00+00:00 [queued]>
[2024-09-16 00:14:49,692] {taskinstance.py:1159} INFO - Dependencies all met for <TaskInstance: BRONZER_GET_STONCKS.BRONZE_STONCKS_TSLA scheduled__2024-01-26T00:00:00+00:00 [queued]>
[2024-09-16 00:14:49,692] {taskinstance.py:1356} INFO - 
--------------------------------------------------------------------------------
[2024-09-16 00:14:49,692] {taskinstance.py:1357} INFO - Starting attempt 1 of 1
[2024-09-16 00:14:49,692] {taskinstance.py:1358} INFO - 
--------------------------------------------------------------------------------
[2024-09-16 00:14:49,763] {taskinstance.py:1377} INFO - Executing <Task(_PythonDecoratedOperator): BRONZE_STONCKS_TSLA> on 2024-01-26 00:00:00+00:00
[2024-09-16 00:14:49,770] {standard_task_runner.py:52} INFO - Started process 51615 to run task
[2024-09-16 00:14:49,807] {standard_task_runner.py:79} INFO - Running: ['airflow', 'tasks', 'run', 'BRONZER_GET_STONCKS', 'BRONZE_STONCKS_TSLA', 'scheduled__2024-01-26T00:00:00+00:00', '--job-id', '1932', '--raw', '--subdir', 'DAGS_FOLDER/get_stocks.py', '--cfg-path', '/tmp/tmpi4ic91yy', '--error-file', '/tmp/tmptlzkftww']
[2024-09-16 00:14:49,808] {standard_task_runner.py:80} INFO - Job 1932: Subtask BRONZE_STONCKS_TSLA
[2024-09-16 00:14:50,088] {task_command.py:370} INFO - Running <TaskInstance: BRONZER_GET_STONCKS.BRONZE_STONCKS_TSLA scheduled__2024-01-26T00:00:00+00:00 [running]> on host kaiwang.
[2024-09-16 00:14:50,489] {taskinstance.py:1569} INFO - Exporting the following env vars:
AIRFLOW_CTX_DAG_OWNER=airflow
AIRFLOW_CTX_DAG_ID=BRONZER_GET_STONCKS
AIRFLOW_CTX_TASK_ID=BRONZE_STONCKS_TSLA
AIRFLOW_CTX_EXECUTION_DATE=2024-01-26T00:00:00+00:00
AIRFLOW_CTX_TRY_NUMBER=1
AIRFLOW_CTX_DAG_RUN_ID=scheduled__2024-01-26T00:00:00+00:00
[2024-09-16 00:14:51,227] {python.py:173} INFO - Done. Returned value was: None
[2024-09-16 00:14:51,292] {taskinstance.py:1395} INFO - Marking task as SUCCESS. dag_id=BRONZER_GET_STONCKS, task_id=BRONZE_STONCKS_TSLA, execution_date=20240126T000000, start_date=20240916T031449, end_date=20240916T031451
[2024-09-16 00:14:51,365] {local_task_job.py:156} INFO - Task exited with return code 0
[2024-09-16 00:14:51,520] {local_task_job.py:273} INFO - 0 downstream tasks scheduled from follow-on schedule check
