[2024-09-16 00:06:34,196] {taskinstance.py:1159} INFO - Dependencies all met for <TaskInstance: BRONZER_GET_STONCKS.BRONZE_STONCKS_TSLA scheduled__2024-07-05T00:00:00+00:00 [queued]>
[2024-09-16 00:06:34,226] {taskinstance.py:1159} INFO - Dependencies all met for <TaskInstance: BRONZER_GET_STONCKS.BRONZE_STONCKS_TSLA scheduled__2024-07-05T00:00:00+00:00 [queued]>
[2024-09-16 00:06:34,227] {taskinstance.py:1356} INFO - 
--------------------------------------------------------------------------------
[2024-09-16 00:06:34,227] {taskinstance.py:1357} INFO - Starting attempt 1 of 1
[2024-09-16 00:06:34,227] {taskinstance.py:1358} INFO - 
--------------------------------------------------------------------------------
[2024-09-16 00:06:34,289] {taskinstance.py:1377} INFO - Executing <Task(_PythonDecoratedOperator): BRONZE_STONCKS_TSLA> on 2024-07-05 00:00:00+00:00
[2024-09-16 00:06:34,307] {standard_task_runner.py:52} INFO - Started process 34913 to run task
[2024-09-16 00:06:34,323] {standard_task_runner.py:79} INFO - Running: ['airflow', 'tasks', 'run', 'BRONZER_GET_STONCKS', 'BRONZE_STONCKS_TSLA', 'scheduled__2024-07-05T00:00:00+00:00', '--job-id', '983', '--raw', '--subdir', 'DAGS_FOLDER/get_stocks.py', '--cfg-path', '/tmp/tmpiggy4mjt', '--error-file', '/tmp/tmppsobalmo']
[2024-09-16 00:06:34,324] {standard_task_runner.py:80} INFO - Job 983: Subtask BRONZE_STONCKS_TSLA
[2024-09-16 00:06:34,678] {task_command.py:370} INFO - Running <TaskInstance: BRONZER_GET_STONCKS.BRONZE_STONCKS_TSLA scheduled__2024-07-05T00:00:00+00:00 [running]> on host kaiwang.
[2024-09-16 00:06:35,138] {taskinstance.py:1569} INFO - Exporting the following env vars:
AIRFLOW_CTX_DAG_OWNER=airflow
AIRFLOW_CTX_DAG_ID=BRONZER_GET_STONCKS
AIRFLOW_CTX_TASK_ID=BRONZE_STONCKS_TSLA
AIRFLOW_CTX_EXECUTION_DATE=2024-07-05T00:00:00+00:00
AIRFLOW_CTX_TRY_NUMBER=1
AIRFLOW_CTX_DAG_RUN_ID=scheduled__2024-07-05T00:00:00+00:00
[2024-09-16 00:06:35,925] {python.py:173} INFO - Done. Returned value was: None
[2024-09-16 00:06:35,943] {taskinstance.py:1395} INFO - Marking task as SUCCESS. dag_id=BRONZER_GET_STONCKS, task_id=BRONZE_STONCKS_TSLA, execution_date=20240705T000000, start_date=20240916T030634, end_date=20240916T030635
[2024-09-16 00:06:35,969] {local_task_job.py:156} INFO - Task exited with return code 0
[2024-09-16 00:06:36,017] {local_task_job.py:273} INFO - 0 downstream tasks scheduled from follow-on schedule check
