[2024-09-16 00:06:16,326] {taskinstance.py:1159} INFO - Dependencies all met for <TaskInstance: BRONZER_GET_CRIPTOS.BRONZE_CRIPTO_ETH scheduled__2024-05-24T00:00:00+00:00 [queued]>
[2024-09-16 00:06:16,418] {taskinstance.py:1159} INFO - Dependencies all met for <TaskInstance: BRONZER_GET_CRIPTOS.BRONZE_CRIPTO_ETH scheduled__2024-05-24T00:00:00+00:00 [queued]>
[2024-09-16 00:06:16,419] {taskinstance.py:1356} INFO - 
--------------------------------------------------------------------------------
[2024-09-16 00:06:16,419] {taskinstance.py:1357} INFO - Starting attempt 1 of 1
[2024-09-16 00:06:16,419] {taskinstance.py:1358} INFO - 
--------------------------------------------------------------------------------
[2024-09-16 00:06:16,472] {taskinstance.py:1377} INFO - Executing <Task(_PythonDecoratedOperator): BRONZE_CRIPTO_ETH> on 2024-05-24 00:00:00+00:00
[2024-09-16 00:06:16,505] {standard_task_runner.py:52} INFO - Started process 33454 to run task
[2024-09-16 00:06:16,551] {standard_task_runner.py:79} INFO - Running: ['airflow', 'tasks', 'run', 'BRONZER_GET_CRIPTOS', 'BRONZE_CRIPTO_ETH', 'scheduled__2024-05-24T00:00:00+00:00', '--job-id', '900', '--raw', '--subdir', 'DAGS_FOLDER/get_cripto.py', '--cfg-path', '/tmp/tmp0_vdmb6j', '--error-file', '/tmp/tmp065mxahf']
[2024-09-16 00:06:16,553] {standard_task_runner.py:80} INFO - Job 900: Subtask BRONZE_CRIPTO_ETH
[2024-09-16 00:06:16,857] {task_command.py:370} INFO - Running <TaskInstance: BRONZER_GET_CRIPTOS.BRONZE_CRIPTO_ETH scheduled__2024-05-24T00:00:00+00:00 [running]> on host kaiwang.
[2024-09-16 00:06:17,222] {taskinstance.py:1569} INFO - Exporting the following env vars:
AIRFLOW_CTX_DAG_OWNER=airflow
AIRFLOW_CTX_DAG_ID=BRONZER_GET_CRIPTOS
AIRFLOW_CTX_TASK_ID=BRONZE_CRIPTO_ETH
AIRFLOW_CTX_EXECUTION_DATE=2024-05-24T00:00:00+00:00
AIRFLOW_CTX_TRY_NUMBER=1
AIRFLOW_CTX_DAG_RUN_ID=scheduled__2024-05-24T00:00:00+00:00
[2024-09-16 00:06:20,131] {history.py:244} ERROR - $ETH: possibly delisted; no price data found  (1h 2024-05-21 -> 2024-05-24) (Yahoo error = "Data doesn't exist for startDate = 1716264000, endDate = 1716523200")
[2024-09-16 00:06:20,135] {python.py:173} INFO - Done. Returned value was: None
[2024-09-16 00:06:20,183] {taskinstance.py:1395} INFO - Marking task as SUCCESS. dag_id=BRONZER_GET_CRIPTOS, task_id=BRONZE_CRIPTO_ETH, execution_date=20240524T000000, start_date=20240916T030616, end_date=20240916T030620
[2024-09-16 00:06:20,312] {local_task_job.py:156} INFO - Task exited with return code 0
[2024-09-16 00:06:20,445] {local_task_job.py:273} INFO - 0 downstream tasks scheduled from follow-on schedule check
