[2024-09-16 00:07:49,311] {taskinstance.py:1159} INFO - Dependencies all met for <TaskInstance: BRONZER_GET_STONCKS.BRONZE_STONCKS_AAPL scheduled__2024-09-12T00:00:00+00:00 [queued]>
[2024-09-16 00:07:49,343] {taskinstance.py:1159} INFO - Dependencies all met for <TaskInstance: BRONZER_GET_STONCKS.BRONZE_STONCKS_AAPL scheduled__2024-09-12T00:00:00+00:00 [queued]>
[2024-09-16 00:07:49,343] {taskinstance.py:1356} INFO - 
--------------------------------------------------------------------------------
[2024-09-16 00:07:49,343] {taskinstance.py:1357} INFO - Starting attempt 1 of 1
[2024-09-16 00:07:49,343] {taskinstance.py:1358} INFO - 
--------------------------------------------------------------------------------
[2024-09-16 00:07:49,363] {taskinstance.py:1377} INFO - Executing <Task(_PythonDecoratedOperator): BRONZE_STONCKS_AAPL> on 2024-09-12 00:00:00+00:00
[2024-09-16 00:07:49,371] {standard_task_runner.py:52} INFO - Started process 41057 to run task
[2024-09-16 00:07:49,398] {standard_task_runner.py:79} INFO - Running: ['airflow', 'tasks', 'run', 'BRONZER_GET_STONCKS', 'BRONZE_STONCKS_AAPL', 'scheduled__2024-09-12T00:00:00+00:00', '--job-id', '1343', '--raw', '--subdir', 'DAGS_FOLDER/get_stocks.py', '--cfg-path', '/tmp/tmponeyad25', '--error-file', '/tmp/tmpwc11xpby']
[2024-09-16 00:07:49,400] {standard_task_runner.py:80} INFO - Job 1343: Subtask BRONZE_STONCKS_AAPL
[2024-09-16 00:07:49,668] {task_command.py:370} INFO - Running <TaskInstance: BRONZER_GET_STONCKS.BRONZE_STONCKS_AAPL scheduled__2024-09-12T00:00:00+00:00 [running]> on host kaiwang.
[2024-09-16 00:07:49,944] {taskinstance.py:1569} INFO - Exporting the following env vars:
AIRFLOW_CTX_DAG_OWNER=airflow
AIRFLOW_CTX_DAG_ID=BRONZER_GET_STONCKS
AIRFLOW_CTX_TASK_ID=BRONZE_STONCKS_AAPL
AIRFLOW_CTX_EXECUTION_DATE=2024-09-12T00:00:00+00:00
AIRFLOW_CTX_TRY_NUMBER=1
AIRFLOW_CTX_DAG_RUN_ID=scheduled__2024-09-12T00:00:00+00:00
[2024-09-16 00:07:50,588] {python.py:173} INFO - Done. Returned value was: None
[2024-09-16 00:07:50,674] {taskinstance.py:1395} INFO - Marking task as SUCCESS. dag_id=BRONZER_GET_STONCKS, task_id=BRONZE_STONCKS_AAPL, execution_date=20240912T000000, start_date=20240916T030749, end_date=20240916T030750
[2024-09-16 00:07:50,814] {local_task_job.py:156} INFO - Task exited with return code 0
[2024-09-16 00:07:51,205] {local_task_job.py:273} INFO - 0 downstream tasks scheduled from follow-on schedule check
[2024-09-16 13:56:48,920] {taskinstance.py:1159} INFO - Dependencies all met for <TaskInstance: BRONZER_GET_STONCKS.BRONZE_STONCKS_AAPL scheduled__2024-09-12T00:00:00+00:00 [queued]>
[2024-09-16 13:56:48,934] {taskinstance.py:1159} INFO - Dependencies all met for <TaskInstance: BRONZER_GET_STONCKS.BRONZE_STONCKS_AAPL scheduled__2024-09-12T00:00:00+00:00 [queued]>
[2024-09-16 13:56:48,934] {taskinstance.py:1356} INFO - 
--------------------------------------------------------------------------------
[2024-09-16 13:56:48,934] {taskinstance.py:1357} INFO - Starting attempt 1 of 1
[2024-09-16 13:56:48,934] {taskinstance.py:1358} INFO - 
--------------------------------------------------------------------------------
[2024-09-16 13:56:48,961] {taskinstance.py:1377} INFO - Executing <Task(_PythonDecoratedOperator): BRONZE_STONCKS_AAPL> on 2024-09-12 00:00:00+00:00
[2024-09-16 13:56:48,972] {standard_task_runner.py:52} INFO - Started process 140735 to run task
[2024-09-16 13:56:48,998] {standard_task_runner.py:79} INFO - Running: ['airflow', 'tasks', 'run', 'BRONZER_GET_STONCKS', 'BRONZE_STONCKS_AAPL', 'scheduled__2024-09-12T00:00:00+00:00', '--job-id', '2659', '--raw', '--subdir', 'DAGS_FOLDER/get_stocks.py', '--cfg-path', '/tmp/tmp9irjwv9a', '--error-file', '/tmp/tmp2pxjs06_']
[2024-09-16 13:56:48,999] {standard_task_runner.py:80} INFO - Job 2659: Subtask BRONZE_STONCKS_AAPL
[2024-09-16 13:56:49,154] {task_command.py:370} INFO - Running <TaskInstance: BRONZER_GET_STONCKS.BRONZE_STONCKS_AAPL scheduled__2024-09-12T00:00:00+00:00 [running]> on host kaiwang.
[2024-09-16 13:56:49,781] {taskinstance.py:1569} INFO - Exporting the following env vars:
AIRFLOW_CTX_DAG_OWNER=airflow
AIRFLOW_CTX_DAG_ID=BRONZER_GET_STONCKS
AIRFLOW_CTX_TASK_ID=BRONZE_STONCKS_AAPL
AIRFLOW_CTX_EXECUTION_DATE=2024-09-12T00:00:00+00:00
AIRFLOW_CTX_TRY_NUMBER=1
AIRFLOW_CTX_DAG_RUN_ID=scheduled__2024-09-12T00:00:00+00:00
[2024-09-16 13:56:50,983] {python.py:173} INFO - Done. Returned value was: None
[2024-09-16 13:56:51,011] {taskinstance.py:1395} INFO - Marking task as SUCCESS. dag_id=BRONZER_GET_STONCKS, task_id=BRONZE_STONCKS_AAPL, execution_date=20240912T000000, start_date=20240916T165648, end_date=20240916T165651
[2024-09-16 13:56:51,071] {local_task_job.py:156} INFO - Task exited with return code 0
[2024-09-16 13:56:51,172] {local_task_job.py:273} INFO - 0 downstream tasks scheduled from follow-on schedule check
