[2024-09-16 00:05:26,238] {taskinstance.py:1159} INFO - Dependencies all met for <TaskInstance: BRONZER_GET_STONCKS.BRONZE_STONCKS_TSLA scheduled__2024-04-30T00:00:00+00:00 [queued]>
[2024-09-16 00:05:26,269] {taskinstance.py:1159} INFO - Dependencies all met for <TaskInstance: BRONZER_GET_STONCKS.BRONZE_STONCKS_TSLA scheduled__2024-04-30T00:00:00+00:00 [queued]>
[2024-09-16 00:05:26,269] {taskinstance.py:1356} INFO - 
--------------------------------------------------------------------------------
[2024-09-16 00:05:26,269] {taskinstance.py:1357} INFO - Starting attempt 1 of 1
[2024-09-16 00:05:26,269] {taskinstance.py:1358} INFO - 
--------------------------------------------------------------------------------
[2024-09-16 00:05:26,338] {taskinstance.py:1377} INFO - Executing <Task(_PythonDecoratedOperator): BRONZE_STONCKS_TSLA> on 2024-04-30 00:00:00+00:00
[2024-09-16 00:05:26,344] {standard_task_runner.py:52} INFO - Started process 29297 to run task
[2024-09-16 00:05:26,354] {standard_task_runner.py:79} INFO - Running: ['airflow', 'tasks', 'run', 'BRONZER_GET_STONCKS', 'BRONZE_STONCKS_TSLA', 'scheduled__2024-04-30T00:00:00+00:00', '--job-id', '655', '--raw', '--subdir', 'DAGS_FOLDER/get_stocks.py', '--cfg-path', '/tmp/tmp_bukv1o0', '--error-file', '/tmp/tmp9q4eflvf']
[2024-09-16 00:05:26,355] {standard_task_runner.py:80} INFO - Job 655: Subtask BRONZE_STONCKS_TSLA
[2024-09-16 00:05:26,524] {task_command.py:370} INFO - Running <TaskInstance: BRONZER_GET_STONCKS.BRONZE_STONCKS_TSLA scheduled__2024-04-30T00:00:00+00:00 [running]> on host kaiwang.
[2024-09-16 00:05:26,710] {taskinstance.py:1569} INFO - Exporting the following env vars:
AIRFLOW_CTX_DAG_OWNER=airflow
AIRFLOW_CTX_DAG_ID=BRONZER_GET_STONCKS
AIRFLOW_CTX_TASK_ID=BRONZE_STONCKS_TSLA
AIRFLOW_CTX_EXECUTION_DATE=2024-04-30T00:00:00+00:00
AIRFLOW_CTX_TRY_NUMBER=1
AIRFLOW_CTX_DAG_RUN_ID=scheduled__2024-04-30T00:00:00+00:00
[2024-09-16 00:05:27,569] {python.py:173} INFO - Done. Returned value was: None
[2024-09-16 00:05:27,815] {taskinstance.py:1395} INFO - Marking task as SUCCESS. dag_id=BRONZER_GET_STONCKS, task_id=BRONZE_STONCKS_TSLA, execution_date=20240430T000000, start_date=20240916T030526, end_date=20240916T030527
[2024-09-16 00:05:27,913] {local_task_job.py:156} INFO - Task exited with return code 0
[2024-09-16 00:05:28,244] {local_task_job.py:273} INFO - 0 downstream tasks scheduled from follow-on schedule check
[2024-09-16 00:16:27,283] {taskinstance.py:1159} INFO - Dependencies all met for <TaskInstance: BRONZER_GET_STONCKS.BRONZE_STONCKS_TSLA scheduled__2024-04-30T00:00:00+00:00 [queued]>
[2024-09-16 00:16:27,354] {taskinstance.py:1159} INFO - Dependencies all met for <TaskInstance: BRONZER_GET_STONCKS.BRONZE_STONCKS_TSLA scheduled__2024-04-30T00:00:00+00:00 [queued]>
[2024-09-16 00:16:27,354] {taskinstance.py:1356} INFO - 
--------------------------------------------------------------------------------
[2024-09-16 00:16:27,354] {taskinstance.py:1357} INFO - Starting attempt 1 of 1
[2024-09-16 00:16:27,354] {taskinstance.py:1358} INFO - 
--------------------------------------------------------------------------------
[2024-09-16 00:16:27,403] {taskinstance.py:1377} INFO - Executing <Task(_PythonDecoratedOperator): BRONZE_STONCKS_TSLA> on 2024-04-30 00:00:00+00:00
[2024-09-16 00:16:27,413] {standard_task_runner.py:52} INFO - Started process 59627 to run task
[2024-09-16 00:16:27,435] {standard_task_runner.py:79} INFO - Running: ['airflow', 'tasks', 'run', 'BRONZER_GET_STONCKS', 'BRONZE_STONCKS_TSLA', 'scheduled__2024-04-30T00:00:00+00:00', '--job-id', '2401', '--raw', '--subdir', 'DAGS_FOLDER/get_stocks.py', '--cfg-path', '/tmp/tmp201xf3lq', '--error-file', '/tmp/tmp29b82y5e']
[2024-09-16 00:16:27,436] {standard_task_runner.py:80} INFO - Job 2401: Subtask BRONZE_STONCKS_TSLA
[2024-09-16 00:16:27,635] {task_command.py:370} INFO - Running <TaskInstance: BRONZER_GET_STONCKS.BRONZE_STONCKS_TSLA scheduled__2024-04-30T00:00:00+00:00 [running]> on host kaiwang.
[2024-09-16 00:16:28,039] {taskinstance.py:1569} INFO - Exporting the following env vars:
AIRFLOW_CTX_DAG_OWNER=airflow
AIRFLOW_CTX_DAG_ID=BRONZER_GET_STONCKS
AIRFLOW_CTX_TASK_ID=BRONZE_STONCKS_TSLA
AIRFLOW_CTX_EXECUTION_DATE=2024-04-30T00:00:00+00:00
AIRFLOW_CTX_TRY_NUMBER=1
AIRFLOW_CTX_DAG_RUN_ID=scheduled__2024-04-30T00:00:00+00:00
[2024-09-16 00:16:28,640] {python.py:173} INFO - Done. Returned value was: None
[2024-09-16 00:16:28,656] {taskinstance.py:1395} INFO - Marking task as SUCCESS. dag_id=BRONZER_GET_STONCKS, task_id=BRONZE_STONCKS_TSLA, execution_date=20240430T000000, start_date=20240916T031627, end_date=20240916T031628
[2024-09-16 00:16:28,708] {local_task_job.py:156} INFO - Task exited with return code 0
[2024-09-16 00:16:28,750] {local_task_job.py:273} INFO - 0 downstream tasks scheduled from follow-on schedule check
