[2024-09-16 00:04:30,081] {taskinstance.py:1159} INFO - Dependencies all met for <TaskInstance: BRONZER_GET_CRIPTOS.BRONZE_CRIPTO_AVAX scheduled__2024-03-06T00:00:00+00:00 [queued]>
[2024-09-16 00:04:30,132] {taskinstance.py:1159} INFO - Dependencies all met for <TaskInstance: BRONZER_GET_CRIPTOS.BRONZE_CRIPTO_AVAX scheduled__2024-03-06T00:00:00+00:00 [queued]>
[2024-09-16 00:04:30,132] {taskinstance.py:1356} INFO - 
--------------------------------------------------------------------------------
[2024-09-16 00:04:30,132] {taskinstance.py:1357} INFO - Starting attempt 1 of 1
[2024-09-16 00:04:30,132] {taskinstance.py:1358} INFO - 
--------------------------------------------------------------------------------
[2024-09-16 00:04:30,156] {taskinstance.py:1377} INFO - Executing <Task(_PythonDecoratedOperator): BRONZE_CRIPTO_AVAX> on 2024-03-06 00:00:00+00:00
[2024-09-16 00:04:30,162] {standard_task_runner.py:52} INFO - Started process 24881 to run task
[2024-09-16 00:04:30,192] {standard_task_runner.py:79} INFO - Running: ['airflow', 'tasks', 'run', 'BRONZER_GET_CRIPTOS', 'BRONZE_CRIPTO_AVAX', 'scheduled__2024-03-06T00:00:00+00:00', '--job-id', '394', '--raw', '--subdir', 'DAGS_FOLDER/get_cripto.py', '--cfg-path', '/tmp/tmpnye3vwq_', '--error-file', '/tmp/tmpj4k54u7n']
[2024-09-16 00:04:30,193] {standard_task_runner.py:80} INFO - Job 394: Subtask BRONZE_CRIPTO_AVAX
[2024-09-16 00:04:30,461] {task_command.py:370} INFO - Running <TaskInstance: BRONZER_GET_CRIPTOS.BRONZE_CRIPTO_AVAX scheduled__2024-03-06T00:00:00+00:00 [running]> on host kaiwang.
[2024-09-16 00:04:30,767] {taskinstance.py:1569} INFO - Exporting the following env vars:
AIRFLOW_CTX_DAG_OWNER=airflow
AIRFLOW_CTX_DAG_ID=BRONZER_GET_CRIPTOS
AIRFLOW_CTX_TASK_ID=BRONZE_CRIPTO_AVAX
AIRFLOW_CTX_EXECUTION_DATE=2024-03-06T00:00:00+00:00
AIRFLOW_CTX_TRY_NUMBER=1
AIRFLOW_CTX_DAG_RUN_ID=scheduled__2024-03-06T00:00:00+00:00
[2024-09-16 00:04:33,784] {history.py:122} ERROR - $AVAX: possibly delisted; no timezone found
[2024-09-16 00:04:33,788] {python.py:173} INFO - Done. Returned value was: None
[2024-09-16 00:04:33,824] {taskinstance.py:1395} INFO - Marking task as SUCCESS. dag_id=BRONZER_GET_CRIPTOS, task_id=BRONZE_CRIPTO_AVAX, execution_date=20240306T000000, start_date=20240916T030430, end_date=20240916T030433
[2024-09-16 00:04:33,884] {local_task_job.py:156} INFO - Task exited with return code 0
[2024-09-16 00:04:33,918] {local_task_job.py:273} INFO - 0 downstream tasks scheduled from follow-on schedule check
[2024-09-16 00:15:42,156] {taskinstance.py:1159} INFO - Dependencies all met for <TaskInstance: BRONZER_GET_CRIPTOS.BRONZE_CRIPTO_AVAX scheduled__2024-03-06T00:00:00+00:00 [queued]>
[2024-09-16 00:15:42,219] {taskinstance.py:1159} INFO - Dependencies all met for <TaskInstance: BRONZER_GET_CRIPTOS.BRONZE_CRIPTO_AVAX scheduled__2024-03-06T00:00:00+00:00 [queued]>
[2024-09-16 00:15:42,220] {taskinstance.py:1356} INFO - 
--------------------------------------------------------------------------------
[2024-09-16 00:15:42,221] {taskinstance.py:1357} INFO - Starting attempt 1 of 1
[2024-09-16 00:15:42,221] {taskinstance.py:1358} INFO - 
--------------------------------------------------------------------------------
[2024-09-16 00:15:42,289] {taskinstance.py:1377} INFO - Executing <Task(_PythonDecoratedOperator): BRONZE_CRIPTO_AVAX> on 2024-03-06 00:00:00+00:00
[2024-09-16 00:15:42,296] {standard_task_runner.py:52} INFO - Started process 55993 to run task
[2024-09-16 00:15:42,311] {standard_task_runner.py:79} INFO - Running: ['airflow', 'tasks', 'run', 'BRONZER_GET_CRIPTOS', 'BRONZE_CRIPTO_AVAX', 'scheduled__2024-03-06T00:00:00+00:00', '--job-id', '2189', '--raw', '--subdir', 'DAGS_FOLDER/get_cripto.py', '--cfg-path', '/tmp/tmpk_xesxnw', '--error-file', '/tmp/tmpw134vexh']
[2024-09-16 00:15:42,313] {standard_task_runner.py:80} INFO - Job 2189: Subtask BRONZE_CRIPTO_AVAX
[2024-09-16 00:15:42,570] {task_command.py:370} INFO - Running <TaskInstance: BRONZER_GET_CRIPTOS.BRONZE_CRIPTO_AVAX scheduled__2024-03-06T00:00:00+00:00 [running]> on host kaiwang.
[2024-09-16 00:15:42,814] {taskinstance.py:1569} INFO - Exporting the following env vars:
AIRFLOW_CTX_DAG_OWNER=airflow
AIRFLOW_CTX_DAG_ID=BRONZER_GET_CRIPTOS
AIRFLOW_CTX_TASK_ID=BRONZE_CRIPTO_AVAX
AIRFLOW_CTX_EXECUTION_DATE=2024-03-06T00:00:00+00:00
AIRFLOW_CTX_TRY_NUMBER=1
AIRFLOW_CTX_DAG_RUN_ID=scheduled__2024-03-06T00:00:00+00:00
[2024-09-16 00:15:45,200] {history.py:122} ERROR - $AVAX: possibly delisted; no timezone found
[2024-09-16 00:15:45,204] {python.py:173} INFO - Done. Returned value was: None
[2024-09-16 00:15:45,263] {taskinstance.py:1395} INFO - Marking task as SUCCESS. dag_id=BRONZER_GET_CRIPTOS, task_id=BRONZE_CRIPTO_AVAX, execution_date=20240306T000000, start_date=20240916T031542, end_date=20240916T031545
[2024-09-16 00:15:45,366] {local_task_job.py:156} INFO - Task exited with return code 0
[2024-09-16 00:15:45,497] {local_task_job.py:273} INFO - 0 downstream tasks scheduled from follow-on schedule check
