[2024-09-16 00:05:03,653] {taskinstance.py:1159} INFO - Dependencies all met for <TaskInstance: BRONZER_GET_CRIPTOS.BRONZE_CRIPTO_AVAX scheduled__2024-03-29T00:00:00+00:00 [queued]>
[2024-09-16 00:05:03,677] {taskinstance.py:1159} INFO - Dependencies all met for <TaskInstance: BRONZER_GET_CRIPTOS.BRONZE_CRIPTO_AVAX scheduled__2024-03-29T00:00:00+00:00 [queued]>
[2024-09-16 00:05:03,678] {taskinstance.py:1356} INFO - 
--------------------------------------------------------------------------------
[2024-09-16 00:05:03,678] {taskinstance.py:1357} INFO - Starting attempt 1 of 1
[2024-09-16 00:05:03,678] {taskinstance.py:1358} INFO - 
--------------------------------------------------------------------------------
[2024-09-16 00:05:03,737] {taskinstance.py:1377} INFO - Executing <Task(_PythonDecoratedOperator): BRONZE_CRIPTO_AVAX> on 2024-03-29 00:00:00+00:00
[2024-09-16 00:05:03,743] {standard_task_runner.py:52} INFO - Started process 27369 to run task
[2024-09-16 00:05:03,771] {standard_task_runner.py:79} INFO - Running: ['airflow', 'tasks', 'run', 'BRONZER_GET_CRIPTOS', 'BRONZE_CRIPTO_AVAX', 'scheduled__2024-03-29T00:00:00+00:00', '--job-id', '543', '--raw', '--subdir', 'DAGS_FOLDER/get_cripto.py', '--cfg-path', '/tmp/tmps38gin_g', '--error-file', '/tmp/tmpc4qk73zh']
[2024-09-16 00:05:03,772] {standard_task_runner.py:80} INFO - Job 543: Subtask BRONZE_CRIPTO_AVAX
[2024-09-16 00:05:04,371] {task_command.py:370} INFO - Running <TaskInstance: BRONZER_GET_CRIPTOS.BRONZE_CRIPTO_AVAX scheduled__2024-03-29T00:00:00+00:00 [running]> on host kaiwang.
[2024-09-16 00:05:05,005] {taskinstance.py:1569} INFO - Exporting the following env vars:
AIRFLOW_CTX_DAG_OWNER=airflow
AIRFLOW_CTX_DAG_ID=BRONZER_GET_CRIPTOS
AIRFLOW_CTX_TASK_ID=BRONZE_CRIPTO_AVAX
AIRFLOW_CTX_EXECUTION_DATE=2024-03-29T00:00:00+00:00
AIRFLOW_CTX_TRY_NUMBER=1
AIRFLOW_CTX_DAG_RUN_ID=scheduled__2024-03-29T00:00:00+00:00
[2024-09-16 00:05:07,398] {history.py:122} ERROR - $AVAX: possibly delisted; no timezone found
[2024-09-16 00:05:07,402] {python.py:173} INFO - Done. Returned value was: None
[2024-09-16 00:05:07,465] {taskinstance.py:1395} INFO - Marking task as SUCCESS. dag_id=BRONZER_GET_CRIPTOS, task_id=BRONZE_CRIPTO_AVAX, execution_date=20240329T000000, start_date=20240916T030503, end_date=20240916T030507
[2024-09-16 00:05:07,504] {local_task_job.py:156} INFO - Task exited with return code 0
[2024-09-16 00:05:07,751] {local_task_job.py:273} INFO - 0 downstream tasks scheduled from follow-on schedule check
[2024-09-16 00:16:17,170] {taskinstance.py:1159} INFO - Dependencies all met for <TaskInstance: BRONZER_GET_CRIPTOS.BRONZE_CRIPTO_AVAX scheduled__2024-03-29T00:00:00+00:00 [queued]>
[2024-09-16 00:16:17,203] {taskinstance.py:1159} INFO - Dependencies all met for <TaskInstance: BRONZER_GET_CRIPTOS.BRONZE_CRIPTO_AVAX scheduled__2024-03-29T00:00:00+00:00 [queued]>
[2024-09-16 00:16:17,203] {taskinstance.py:1356} INFO - 
--------------------------------------------------------------------------------
[2024-09-16 00:16:17,204] {taskinstance.py:1357} INFO - Starting attempt 1 of 1
[2024-09-16 00:16:17,204] {taskinstance.py:1358} INFO - 
--------------------------------------------------------------------------------
[2024-09-16 00:16:17,276] {taskinstance.py:1377} INFO - Executing <Task(_PythonDecoratedOperator): BRONZE_CRIPTO_AVAX> on 2024-03-29 00:00:00+00:00
[2024-09-16 00:16:17,283] {standard_task_runner.py:52} INFO - Started process 58861 to run task
[2024-09-16 00:16:17,315] {standard_task_runner.py:79} INFO - Running: ['airflow', 'tasks', 'run', 'BRONZER_GET_CRIPTOS', 'BRONZE_CRIPTO_AVAX', 'scheduled__2024-03-29T00:00:00+00:00', '--job-id', '2357', '--raw', '--subdir', 'DAGS_FOLDER/get_cripto.py', '--cfg-path', '/tmp/tmpv359f5oj', '--error-file', '/tmp/tmp_qrugsne']
[2024-09-16 00:16:17,316] {standard_task_runner.py:80} INFO - Job 2357: Subtask BRONZE_CRIPTO_AVAX
[2024-09-16 00:16:17,690] {task_command.py:370} INFO - Running <TaskInstance: BRONZER_GET_CRIPTOS.BRONZE_CRIPTO_AVAX scheduled__2024-03-29T00:00:00+00:00 [running]> on host kaiwang.
[2024-09-16 00:16:18,003] {taskinstance.py:1569} INFO - Exporting the following env vars:
AIRFLOW_CTX_DAG_OWNER=airflow
AIRFLOW_CTX_DAG_ID=BRONZER_GET_CRIPTOS
AIRFLOW_CTX_TASK_ID=BRONZE_CRIPTO_AVAX
AIRFLOW_CTX_EXECUTION_DATE=2024-03-29T00:00:00+00:00
AIRFLOW_CTX_TRY_NUMBER=1
AIRFLOW_CTX_DAG_RUN_ID=scheduled__2024-03-29T00:00:00+00:00
[2024-09-16 00:16:21,444] {history.py:122} ERROR - $AVAX: possibly delisted; no timezone found
[2024-09-16 00:16:21,448] {python.py:173} INFO - Done. Returned value was: None
[2024-09-16 00:16:21,519] {taskinstance.py:1395} INFO - Marking task as SUCCESS. dag_id=BRONZER_GET_CRIPTOS, task_id=BRONZE_CRIPTO_AVAX, execution_date=20240329T000000, start_date=20240916T031617, end_date=20240916T031621
[2024-09-16 00:16:21,643] {local_task_job.py:156} INFO - Task exited with return code 0
[2024-09-16 00:16:21,994] {local_task_job.py:273} INFO - 0 downstream tasks scheduled from follow-on schedule check
