[2024-09-16 00:07:52,038] {taskinstance.py:1159} INFO - Dependencies all met for <TaskInstance: BRONZER_GET_CRIPTOS.BRONZE_CRIPTO_AVAX scheduled__2024-08-02T00:00:00+00:00 [queued]>
[2024-09-16 00:07:52,086] {taskinstance.py:1159} INFO - Dependencies all met for <TaskInstance: BRONZER_GET_CRIPTOS.BRONZE_CRIPTO_AVAX scheduled__2024-08-02T00:00:00+00:00 [queued]>
[2024-09-16 00:07:52,087] {taskinstance.py:1356} INFO - 
--------------------------------------------------------------------------------
[2024-09-16 00:07:52,087] {taskinstance.py:1357} INFO - Starting attempt 1 of 1
[2024-09-16 00:07:52,087] {taskinstance.py:1358} INFO - 
--------------------------------------------------------------------------------
[2024-09-16 00:07:52,145] {taskinstance.py:1377} INFO - Executing <Task(_PythonDecoratedOperator): BRONZE_CRIPTO_AVAX> on 2024-08-02 00:00:00+00:00
[2024-09-16 00:07:52,175] {standard_task_runner.py:52} INFO - Started process 41276 to run task
[2024-09-16 00:07:52,199] {standard_task_runner.py:79} INFO - Running: ['airflow', 'tasks', 'run', 'BRONZER_GET_CRIPTOS', 'BRONZE_CRIPTO_AVAX', 'scheduled__2024-08-02T00:00:00+00:00', '--job-id', '1351', '--raw', '--subdir', 'DAGS_FOLDER/get_cripto.py', '--cfg-path', '/tmp/tmp7a1_drgk', '--error-file', '/tmp/tmpkr4qpm_l']
[2024-09-16 00:07:52,201] {standard_task_runner.py:80} INFO - Job 1351: Subtask BRONZE_CRIPTO_AVAX
[2024-09-16 00:07:52,437] {task_command.py:370} INFO - Running <TaskInstance: BRONZER_GET_CRIPTOS.BRONZE_CRIPTO_AVAX scheduled__2024-08-02T00:00:00+00:00 [running]> on host kaiwang.
[2024-09-16 00:07:52,827] {taskinstance.py:1569} INFO - Exporting the following env vars:
AIRFLOW_CTX_DAG_OWNER=airflow
AIRFLOW_CTX_DAG_ID=BRONZER_GET_CRIPTOS
AIRFLOW_CTX_TASK_ID=BRONZE_CRIPTO_AVAX
AIRFLOW_CTX_EXECUTION_DATE=2024-08-02T00:00:00+00:00
AIRFLOW_CTX_TRY_NUMBER=1
AIRFLOW_CTX_DAG_RUN_ID=scheduled__2024-08-02T00:00:00+00:00
[2024-09-16 00:07:55,074] {history.py:122} ERROR - $AVAX: possibly delisted; no timezone found
[2024-09-16 00:07:55,077] {python.py:173} INFO - Done. Returned value was: None
[2024-09-16 00:07:55,093] {taskinstance.py:1395} INFO - Marking task as SUCCESS. dag_id=BRONZER_GET_CRIPTOS, task_id=BRONZE_CRIPTO_AVAX, execution_date=20240802T000000, start_date=20240916T030752, end_date=20240916T030755
[2024-09-16 00:07:55,150] {local_task_job.py:156} INFO - Task exited with return code 0
[2024-09-16 00:07:55,268] {local_task_job.py:273} INFO - 0 downstream tasks scheduled from follow-on schedule check
[2024-09-16 13:55:44,641] {taskinstance.py:1159} INFO - Dependencies all met for <TaskInstance: BRONZER_GET_CRIPTOS.BRONZE_CRIPTO_AVAX scheduled__2024-08-02T00:00:00+00:00 [queued]>
[2024-09-16 13:55:44,702] {taskinstance.py:1159} INFO - Dependencies all met for <TaskInstance: BRONZER_GET_CRIPTOS.BRONZE_CRIPTO_AVAX scheduled__2024-08-02T00:00:00+00:00 [queued]>
[2024-09-16 13:55:44,702] {taskinstance.py:1356} INFO - 
--------------------------------------------------------------------------------
[2024-09-16 13:55:44,702] {taskinstance.py:1357} INFO - Starting attempt 1 of 1
[2024-09-16 13:55:44,702] {taskinstance.py:1358} INFO - 
--------------------------------------------------------------------------------
[2024-09-16 13:55:44,744] {taskinstance.py:1377} INFO - Executing <Task(_PythonDecoratedOperator): BRONZE_CRIPTO_AVAX> on 2024-08-02 00:00:00+00:00
[2024-09-16 13:55:44,755] {standard_task_runner.py:52} INFO - Started process 136089 to run task
[2024-09-16 13:55:44,795] {standard_task_runner.py:79} INFO - Running: ['airflow', 'tasks', 'run', 'BRONZER_GET_CRIPTOS', 'BRONZE_CRIPTO_AVAX', 'scheduled__2024-08-02T00:00:00+00:00', '--job-id', '2448', '--raw', '--subdir', 'DAGS_FOLDER/get_cripto.py', '--cfg-path', '/tmp/tmp8hns6z3p', '--error-file', '/tmp/tmp_6ly5pm1']
[2024-09-16 13:55:44,796] {standard_task_runner.py:80} INFO - Job 2448: Subtask BRONZE_CRIPTO_AVAX
[2024-09-16 13:55:45,038] {task_command.py:370} INFO - Running <TaskInstance: BRONZER_GET_CRIPTOS.BRONZE_CRIPTO_AVAX scheduled__2024-08-02T00:00:00+00:00 [running]> on host kaiwang.
[2024-09-16 13:55:45,703] {taskinstance.py:1569} INFO - Exporting the following env vars:
AIRFLOW_CTX_DAG_OWNER=airflow
AIRFLOW_CTX_DAG_ID=BRONZER_GET_CRIPTOS
AIRFLOW_CTX_TASK_ID=BRONZE_CRIPTO_AVAX
AIRFLOW_CTX_EXECUTION_DATE=2024-08-02T00:00:00+00:00
AIRFLOW_CTX_TRY_NUMBER=1
AIRFLOW_CTX_DAG_RUN_ID=scheduled__2024-08-02T00:00:00+00:00
[2024-09-16 13:55:48,963] {history.py:122} ERROR - $AVAX: possibly delisted; no timezone found
[2024-09-16 13:55:48,968] {python.py:173} INFO - Done. Returned value was: None
[2024-09-16 13:55:49,017] {taskinstance.py:1395} INFO - Marking task as SUCCESS. dag_id=BRONZER_GET_CRIPTOS, task_id=BRONZE_CRIPTO_AVAX, execution_date=20240802T000000, start_date=20240916T165544, end_date=20240916T165549
[2024-09-16 13:55:49,089] {local_task_job.py:156} INFO - Task exited with return code 0
[2024-09-16 13:55:49,212] {local_task_job.py:273} INFO - 0 downstream tasks scheduled from follow-on schedule check
