[2024-09-16 00:08:18,840] {taskinstance.py:1159} INFO - Dependencies all met for <TaskInstance: BRONZER_GET_CRIPTOS.BRONZE_CRIPTO_ETH scheduled__2024-09-04T00:00:00+00:00 [queued]>
[2024-09-16 00:08:18,853] {taskinstance.py:1159} INFO - Dependencies all met for <TaskInstance: BRONZER_GET_CRIPTOS.BRONZE_CRIPTO_ETH scheduled__2024-09-04T00:00:00+00:00 [queued]>
[2024-09-16 00:08:18,854] {taskinstance.py:1356} INFO - 
--------------------------------------------------------------------------------
[2024-09-16 00:08:18,854] {taskinstance.py:1357} INFO - Starting attempt 1 of 1
[2024-09-16 00:08:18,854] {taskinstance.py:1358} INFO - 
--------------------------------------------------------------------------------
[2024-09-16 00:08:18,874] {taskinstance.py:1377} INFO - Executing <Task(_PythonDecoratedOperator): BRONZE_CRIPTO_ETH> on 2024-09-04 00:00:00+00:00
[2024-09-16 00:08:18,886] {standard_task_runner.py:52} INFO - Started process 42850 to run task
[2024-09-16 00:08:18,897] {standard_task_runner.py:79} INFO - Running: ['airflow', 'tasks', 'run', 'BRONZER_GET_CRIPTOS', 'BRONZE_CRIPTO_ETH', 'scheduled__2024-09-04T00:00:00+00:00', '--job-id', '1447', '--raw', '--subdir', 'DAGS_FOLDER/get_cripto.py', '--cfg-path', '/tmp/tmpcabukqze', '--error-file', '/tmp/tmpwxz8s2g6']
[2024-09-16 00:08:18,903] {standard_task_runner.py:80} INFO - Job 1447: Subtask BRONZE_CRIPTO_ETH
[2024-09-16 00:08:19,034] {task_command.py:370} INFO - Running <TaskInstance: BRONZER_GET_CRIPTOS.BRONZE_CRIPTO_ETH scheduled__2024-09-04T00:00:00+00:00 [running]> on host kaiwang.
[2024-09-16 00:08:19,292] {taskinstance.py:1569} INFO - Exporting the following env vars:
AIRFLOW_CTX_DAG_OWNER=airflow
AIRFLOW_CTX_DAG_ID=BRONZER_GET_CRIPTOS
AIRFLOW_CTX_TASK_ID=BRONZE_CRIPTO_ETH
AIRFLOW_CTX_EXECUTION_DATE=2024-09-04T00:00:00+00:00
AIRFLOW_CTX_TRY_NUMBER=1
AIRFLOW_CTX_DAG_RUN_ID=scheduled__2024-09-04T00:00:00+00:00
[2024-09-16 00:08:19,952] {python.py:173} INFO - Done. Returned value was: None
[2024-09-16 00:08:19,995] {taskinstance.py:1395} INFO - Marking task as SUCCESS. dag_id=BRONZER_GET_CRIPTOS, task_id=BRONZE_CRIPTO_ETH, execution_date=20240904T000000, start_date=20240916T030818, end_date=20240916T030819
[2024-09-16 00:08:20,084] {local_task_job.py:156} INFO - Task exited with return code 0
[2024-09-16 00:08:20,181] {local_task_job.py:273} INFO - 0 downstream tasks scheduled from follow-on schedule check
[2024-09-16 13:56:43,272] {taskinstance.py:1159} INFO - Dependencies all met for <TaskInstance: BRONZER_GET_CRIPTOS.BRONZE_CRIPTO_ETH scheduled__2024-09-04T00:00:00+00:00 [queued]>
[2024-09-16 13:56:43,286] {taskinstance.py:1159} INFO - Dependencies all met for <TaskInstance: BRONZER_GET_CRIPTOS.BRONZE_CRIPTO_ETH scheduled__2024-09-04T00:00:00+00:00 [queued]>
[2024-09-16 13:56:43,286] {taskinstance.py:1356} INFO - 
--------------------------------------------------------------------------------
[2024-09-16 13:56:43,286] {taskinstance.py:1357} INFO - Starting attempt 1 of 1
[2024-09-16 13:56:43,286] {taskinstance.py:1358} INFO - 
--------------------------------------------------------------------------------
[2024-09-16 13:56:43,306] {taskinstance.py:1377} INFO - Executing <Task(_PythonDecoratedOperator): BRONZE_CRIPTO_ETH> on 2024-09-04 00:00:00+00:00
[2024-09-16 13:56:43,312] {standard_task_runner.py:52} INFO - Started process 140349 to run task
[2024-09-16 13:56:43,321] {standard_task_runner.py:79} INFO - Running: ['airflow', 'tasks', 'run', 'BRONZER_GET_CRIPTOS', 'BRONZE_CRIPTO_ETH', 'scheduled__2024-09-04T00:00:00+00:00', '--job-id', '2644', '--raw', '--subdir', 'DAGS_FOLDER/get_cripto.py', '--cfg-path', '/tmp/tmp4w5ucy6u', '--error-file', '/tmp/tmpiloxtc1q']
[2024-09-16 13:56:43,323] {standard_task_runner.py:80} INFO - Job 2644: Subtask BRONZE_CRIPTO_ETH
[2024-09-16 13:56:43,469] {task_command.py:370} INFO - Running <TaskInstance: BRONZER_GET_CRIPTOS.BRONZE_CRIPTO_ETH scheduled__2024-09-04T00:00:00+00:00 [running]> on host kaiwang.
[2024-09-16 13:56:43,827] {taskinstance.py:1569} INFO - Exporting the following env vars:
AIRFLOW_CTX_DAG_OWNER=airflow
AIRFLOW_CTX_DAG_ID=BRONZER_GET_CRIPTOS
AIRFLOW_CTX_TASK_ID=BRONZE_CRIPTO_ETH
AIRFLOW_CTX_EXECUTION_DATE=2024-09-04T00:00:00+00:00
AIRFLOW_CTX_TRY_NUMBER=1
AIRFLOW_CTX_DAG_RUN_ID=scheduled__2024-09-04T00:00:00+00:00
[2024-09-16 13:56:44,923] {python.py:173} INFO - Done. Returned value was: None
[2024-09-16 13:56:44,937] {taskinstance.py:1395} INFO - Marking task as SUCCESS. dag_id=BRONZER_GET_CRIPTOS, task_id=BRONZE_CRIPTO_ETH, execution_date=20240904T000000, start_date=20240916T165643, end_date=20240916T165644
[2024-09-16 13:56:44,990] {local_task_job.py:156} INFO - Task exited with return code 0
[2024-09-16 13:56:45,023] {local_task_job.py:273} INFO - 0 downstream tasks scheduled from follow-on schedule check
