[2024-09-16 00:03:19,836] {taskinstance.py:1159} INFO - Dependencies all met for <TaskInstance: BRONZER_GET_STONCKS.BRONZE_STONCKS_MSFT scheduled__2024-01-16T00:00:00+00:00 [queued]>
[2024-09-16 00:03:19,883] {taskinstance.py:1159} INFO - Dependencies all met for <TaskInstance: BRONZER_GET_STONCKS.BRONZE_STONCKS_MSFT scheduled__2024-01-16T00:00:00+00:00 [queued]>
[2024-09-16 00:03:19,883] {taskinstance.py:1356} INFO - 
--------------------------------------------------------------------------------
[2024-09-16 00:03:19,883] {taskinstance.py:1357} INFO - Starting attempt 1 of 1
[2024-09-16 00:03:19,883] {taskinstance.py:1358} INFO - 
--------------------------------------------------------------------------------
[2024-09-16 00:03:19,939] {taskinstance.py:1377} INFO - Executing <Task(_PythonDecoratedOperator): BRONZE_STONCKS_MSFT> on 2024-01-16 00:00:00+00:00
[2024-09-16 00:03:19,952] {standard_task_runner.py:52} INFO - Started process 19560 to run task
[2024-09-16 00:03:19,979] {standard_task_runner.py:79} INFO - Running: ['airflow', 'tasks', 'run', 'BRONZER_GET_STONCKS', 'BRONZE_STONCKS_MSFT', 'scheduled__2024-01-16T00:00:00+00:00', '--job-id', '95', '--raw', '--subdir', 'DAGS_FOLDER/get_stocks.py', '--cfg-path', '/tmp/tmpc7gjmx_k', '--error-file', '/tmp/tmpge6c747y']
[2024-09-16 00:03:19,992] {standard_task_runner.py:80} INFO - Job 95: Subtask BRONZE_STONCKS_MSFT
[2024-09-16 00:03:20,274] {task_command.py:370} INFO - Running <TaskInstance: BRONZER_GET_STONCKS.BRONZE_STONCKS_MSFT scheduled__2024-01-16T00:00:00+00:00 [running]> on host kaiwang.
[2024-09-16 00:03:20,499] {taskinstance.py:1569} INFO - Exporting the following env vars:
AIRFLOW_CTX_DAG_OWNER=airflow
AIRFLOW_CTX_DAG_ID=BRONZER_GET_STONCKS
AIRFLOW_CTX_TASK_ID=BRONZE_STONCKS_MSFT
AIRFLOW_CTX_EXECUTION_DATE=2024-01-16T00:00:00+00:00
AIRFLOW_CTX_TRY_NUMBER=1
AIRFLOW_CTX_DAG_RUN_ID=scheduled__2024-01-16T00:00:00+00:00
[2024-09-16 00:03:21,163] {history.py:244} ERROR - $MSFT: possibly delisted; no price data found  (1h 2024-01-13 -> 2024-01-16)
[2024-09-16 00:03:21,169] {python.py:173} INFO - Done. Returned value was: None
[2024-09-16 00:03:21,459] {taskinstance.py:1395} INFO - Marking task as SUCCESS. dag_id=BRONZER_GET_STONCKS, task_id=BRONZE_STONCKS_MSFT, execution_date=20240116T000000, start_date=20240916T030319, end_date=20240916T030321
[2024-09-16 00:03:21,638] {local_task_job.py:156} INFO - Task exited with return code 0
[2024-09-16 00:03:22,194] {local_task_job.py:273} INFO - 0 downstream tasks scheduled from follow-on schedule check
[2024-09-16 00:12:59,269] {taskinstance.py:1159} INFO - Dependencies all met for <TaskInstance: BRONZER_GET_STONCKS.BRONZE_STONCKS_MSFT scheduled__2024-01-16T00:00:00+00:00 [queued]>
[2024-09-16 00:12:59,307] {taskinstance.py:1159} INFO - Dependencies all met for <TaskInstance: BRONZER_GET_STONCKS.BRONZE_STONCKS_MSFT scheduled__2024-01-16T00:00:00+00:00 [queued]>
[2024-09-16 00:12:59,307] {taskinstance.py:1356} INFO - 
--------------------------------------------------------------------------------
[2024-09-16 00:12:59,307] {taskinstance.py:1357} INFO - Starting attempt 1 of 1
[2024-09-16 00:12:59,307] {taskinstance.py:1358} INFO - 
--------------------------------------------------------------------------------
[2024-09-16 00:12:59,388] {taskinstance.py:1377} INFO - Executing <Task(_PythonDecoratedOperator): BRONZE_STONCKS_MSFT> on 2024-01-16 00:00:00+00:00
[2024-09-16 00:12:59,394] {standard_task_runner.py:52} INFO - Started process 44976 to run task
[2024-09-16 00:12:59,410] {standard_task_runner.py:79} INFO - Running: ['airflow', 'tasks', 'run', 'BRONZER_GET_STONCKS', 'BRONZE_STONCKS_MSFT', 'scheduled__2024-01-16T00:00:00+00:00', '--job-id', '1558', '--raw', '--subdir', 'DAGS_FOLDER/get_stocks.py', '--cfg-path', '/tmp/tmph55izwyg', '--error-file', '/tmp/tmpgajahsc6']
[2024-09-16 00:12:59,411] {standard_task_runner.py:80} INFO - Job 1558: Subtask BRONZE_STONCKS_MSFT
[2024-09-16 00:12:59,655] {task_command.py:370} INFO - Running <TaskInstance: BRONZER_GET_STONCKS.BRONZE_STONCKS_MSFT scheduled__2024-01-16T00:00:00+00:00 [running]> on host kaiwang.
[2024-09-16 00:12:59,888] {taskinstance.py:1569} INFO - Exporting the following env vars:
AIRFLOW_CTX_DAG_OWNER=airflow
AIRFLOW_CTX_DAG_ID=BRONZER_GET_STONCKS
AIRFLOW_CTX_TASK_ID=BRONZE_STONCKS_MSFT
AIRFLOW_CTX_EXECUTION_DATE=2024-01-16T00:00:00+00:00
AIRFLOW_CTX_TRY_NUMBER=1
AIRFLOW_CTX_DAG_RUN_ID=scheduled__2024-01-16T00:00:00+00:00
[2024-09-16 00:13:00,457] {history.py:244} ERROR - $MSFT: possibly delisted; no price data found  (1h 2024-01-13 -> 2024-01-16)
[2024-09-16 00:13:00,459] {python.py:173} INFO - Done. Returned value was: None
[2024-09-16 00:13:00,473] {taskinstance.py:1395} INFO - Marking task as SUCCESS. dag_id=BRONZER_GET_STONCKS, task_id=BRONZE_STONCKS_MSFT, execution_date=20240116T000000, start_date=20240916T031259, end_date=20240916T031300
[2024-09-16 00:13:00,504] {local_task_job.py:156} INFO - Task exited with return code 0
[2024-09-16 00:13:00,539] {local_task_job.py:273} INFO - 0 downstream tasks scheduled from follow-on schedule check
[2024-09-16 00:14:35,635] {taskinstance.py:1159} INFO - Dependencies all met for <TaskInstance: BRONZER_GET_STONCKS.BRONZE_STONCKS_MSFT scheduled__2024-01-16T00:00:00+00:00 [queued]>
[2024-09-16 00:14:35,702] {taskinstance.py:1159} INFO - Dependencies all met for <TaskInstance: BRONZER_GET_STONCKS.BRONZE_STONCKS_MSFT scheduled__2024-01-16T00:00:00+00:00 [queued]>
[2024-09-16 00:14:35,702] {taskinstance.py:1356} INFO - 
--------------------------------------------------------------------------------
[2024-09-16 00:14:35,702] {taskinstance.py:1357} INFO - Starting attempt 1 of 1
[2024-09-16 00:14:35,702] {taskinstance.py:1358} INFO - 
--------------------------------------------------------------------------------
[2024-09-16 00:14:35,757] {taskinstance.py:1377} INFO - Executing <Task(_PythonDecoratedOperator): BRONZE_STONCKS_MSFT> on 2024-01-16 00:00:00+00:00
[2024-09-16 00:14:35,773] {standard_task_runner.py:52} INFO - Started process 50499 to run task
[2024-09-16 00:14:35,827] {standard_task_runner.py:79} INFO - Running: ['airflow', 'tasks', 'run', 'BRONZER_GET_STONCKS', 'BRONZE_STONCKS_MSFT', 'scheduled__2024-01-16T00:00:00+00:00', '--job-id', '1870', '--raw', '--subdir', 'DAGS_FOLDER/get_stocks.py', '--cfg-path', '/tmp/tmp0txnx0i8', '--error-file', '/tmp/tmpzoes7td2']
[2024-09-16 00:14:35,828] {standard_task_runner.py:80} INFO - Job 1870: Subtask BRONZE_STONCKS_MSFT
[2024-09-16 00:14:36,116] {task_command.py:370} INFO - Running <TaskInstance: BRONZER_GET_STONCKS.BRONZE_STONCKS_MSFT scheduled__2024-01-16T00:00:00+00:00 [running]> on host kaiwang.
[2024-09-16 00:14:36,500] {taskinstance.py:1569} INFO - Exporting the following env vars:
AIRFLOW_CTX_DAG_OWNER=airflow
AIRFLOW_CTX_DAG_ID=BRONZER_GET_STONCKS
AIRFLOW_CTX_TASK_ID=BRONZE_STONCKS_MSFT
AIRFLOW_CTX_EXECUTION_DATE=2024-01-16T00:00:00+00:00
AIRFLOW_CTX_TRY_NUMBER=1
AIRFLOW_CTX_DAG_RUN_ID=scheduled__2024-01-16T00:00:00+00:00
[2024-09-16 00:14:38,252] {history.py:244} ERROR - $MSFT: possibly delisted; no price data found  (1h 2024-01-13 -> 2024-01-16)
[2024-09-16 00:14:38,257] {python.py:173} INFO - Done. Returned value was: None
[2024-09-16 00:14:38,353] {taskinstance.py:1395} INFO - Marking task as SUCCESS. dag_id=BRONZER_GET_STONCKS, task_id=BRONZE_STONCKS_MSFT, execution_date=20240116T000000, start_date=20240916T031435, end_date=20240916T031438
[2024-09-16 00:14:38,440] {local_task_job.py:156} INFO - Task exited with return code 0
[2024-09-16 00:14:38,553] {local_task_job.py:273} INFO - 0 downstream tasks scheduled from follow-on schedule check
