[2024-09-16 00:05:19,996] {taskinstance.py:1159} INFO - Dependencies all met for <TaskInstance: BRONZER_GET_STONCKS.BRONZE_STONCKS_MSFT scheduled__2024-04-25T00:00:00+00:00 [queued]>
[2024-09-16 00:05:20,030] {taskinstance.py:1159} INFO - Dependencies all met for <TaskInstance: BRONZER_GET_STONCKS.BRONZE_STONCKS_MSFT scheduled__2024-04-25T00:00:00+00:00 [queued]>
[2024-09-16 00:05:20,030] {taskinstance.py:1356} INFO - 
--------------------------------------------------------------------------------
[2024-09-16 00:05:20,030] {taskinstance.py:1357} INFO - Starting attempt 1 of 1
[2024-09-16 00:05:20,031] {taskinstance.py:1358} INFO - 
--------------------------------------------------------------------------------
[2024-09-16 00:05:20,050] {taskinstance.py:1377} INFO - Executing <Task(_PythonDecoratedOperator): BRONZE_STONCKS_MSFT> on 2024-04-25 00:00:00+00:00
[2024-09-16 00:05:20,055] {standard_task_runner.py:52} INFO - Started process 28762 to run task
[2024-09-16 00:05:20,074] {standard_task_runner.py:79} INFO - Running: ['airflow', 'tasks', 'run', 'BRONZER_GET_STONCKS', 'BRONZE_STONCKS_MSFT', 'scheduled__2024-04-25T00:00:00+00:00', '--job-id', '627', '--raw', '--subdir', 'DAGS_FOLDER/get_stocks.py', '--cfg-path', '/tmp/tmpkfqkmy_h', '--error-file', '/tmp/tmp1vluyv_y']
[2024-09-16 00:05:20,075] {standard_task_runner.py:80} INFO - Job 627: Subtask BRONZE_STONCKS_MSFT
[2024-09-16 00:05:20,226] {task_command.py:370} INFO - Running <TaskInstance: BRONZER_GET_STONCKS.BRONZE_STONCKS_MSFT scheduled__2024-04-25T00:00:00+00:00 [running]> on host kaiwang.
[2024-09-16 00:05:20,476] {taskinstance.py:1569} INFO - Exporting the following env vars:
AIRFLOW_CTX_DAG_OWNER=airflow
AIRFLOW_CTX_DAG_ID=BRONZER_GET_STONCKS
AIRFLOW_CTX_TASK_ID=BRONZE_STONCKS_MSFT
AIRFLOW_CTX_EXECUTION_DATE=2024-04-25T00:00:00+00:00
AIRFLOW_CTX_TRY_NUMBER=1
AIRFLOW_CTX_DAG_RUN_ID=scheduled__2024-04-25T00:00:00+00:00
[2024-09-16 00:05:21,098] {python.py:173} INFO - Done. Returned value was: None
[2024-09-16 00:05:21,130] {taskinstance.py:1395} INFO - Marking task as SUCCESS. dag_id=BRONZER_GET_STONCKS, task_id=BRONZE_STONCKS_MSFT, execution_date=20240425T000000, start_date=20240916T030519, end_date=20240916T030521
[2024-09-16 00:05:21,179] {local_task_job.py:156} INFO - Task exited with return code 0
[2024-09-16 00:05:21,258] {local_task_job.py:273} INFO - 0 downstream tasks scheduled from follow-on schedule check
[2024-09-16 00:16:25,595] {taskinstance.py:1159} INFO - Dependencies all met for <TaskInstance: BRONZER_GET_STONCKS.BRONZE_STONCKS_MSFT scheduled__2024-04-25T00:00:00+00:00 [queued]>
[2024-09-16 00:16:25,662] {taskinstance.py:1159} INFO - Dependencies all met for <TaskInstance: BRONZER_GET_STONCKS.BRONZE_STONCKS_MSFT scheduled__2024-04-25T00:00:00+00:00 [queued]>
[2024-09-16 00:16:25,663] {taskinstance.py:1356} INFO - 
--------------------------------------------------------------------------------
[2024-09-16 00:16:25,663] {taskinstance.py:1357} INFO - Starting attempt 1 of 1
[2024-09-16 00:16:25,663] {taskinstance.py:1358} INFO - 
--------------------------------------------------------------------------------
[2024-09-16 00:16:25,736] {taskinstance.py:1377} INFO - Executing <Task(_PythonDecoratedOperator): BRONZE_STONCKS_MSFT> on 2024-04-25 00:00:00+00:00
[2024-09-16 00:16:25,772] {standard_task_runner.py:52} INFO - Started process 59500 to run task
[2024-09-16 00:16:25,807] {standard_task_runner.py:79} INFO - Running: ['airflow', 'tasks', 'run', 'BRONZER_GET_STONCKS', 'BRONZE_STONCKS_MSFT', 'scheduled__2024-04-25T00:00:00+00:00', '--job-id', '2391', '--raw', '--subdir', 'DAGS_FOLDER/get_stocks.py', '--cfg-path', '/tmp/tmp5dneh_j8', '--error-file', '/tmp/tmpprvycis8']
[2024-09-16 00:16:25,809] {standard_task_runner.py:80} INFO - Job 2391: Subtask BRONZE_STONCKS_MSFT
[2024-09-16 00:16:26,167] {task_command.py:370} INFO - Running <TaskInstance: BRONZER_GET_STONCKS.BRONZE_STONCKS_MSFT scheduled__2024-04-25T00:00:00+00:00 [running]> on host kaiwang.
[2024-09-16 00:16:26,586] {taskinstance.py:1569} INFO - Exporting the following env vars:
AIRFLOW_CTX_DAG_OWNER=airflow
AIRFLOW_CTX_DAG_ID=BRONZER_GET_STONCKS
AIRFLOW_CTX_TASK_ID=BRONZE_STONCKS_MSFT
AIRFLOW_CTX_EXECUTION_DATE=2024-04-25T00:00:00+00:00
AIRFLOW_CTX_TRY_NUMBER=1
AIRFLOW_CTX_DAG_RUN_ID=scheduled__2024-04-25T00:00:00+00:00
[2024-09-16 00:16:27,316] {python.py:173} INFO - Done. Returned value was: None
[2024-09-16 00:16:27,625] {taskinstance.py:1395} INFO - Marking task as SUCCESS. dag_id=BRONZER_GET_STONCKS, task_id=BRONZE_STONCKS_MSFT, execution_date=20240425T000000, start_date=20240916T031625, end_date=20240916T031627
[2024-09-16 00:16:27,713] {local_task_job.py:156} INFO - Task exited with return code 0
[2024-09-16 00:16:27,867] {local_task_job.py:273} INFO - 0 downstream tasks scheduled from follow-on schedule check
