[2024-09-16 00:04:14,713] {taskinstance.py:1159} INFO - Dependencies all met for <TaskInstance: BRONZER_GET_STONCKS.BRONZE_STONCKS_GOOG scheduled__2024-02-28T00:00:00+00:00 [queued]>
[2024-09-16 00:04:14,740] {taskinstance.py:1159} INFO - Dependencies all met for <TaskInstance: BRONZER_GET_STONCKS.BRONZE_STONCKS_GOOG scheduled__2024-02-28T00:00:00+00:00 [queued]>
[2024-09-16 00:04:14,740] {taskinstance.py:1356} INFO - 
--------------------------------------------------------------------------------
[2024-09-16 00:04:14,740] {taskinstance.py:1357} INFO - Starting attempt 1 of 1
[2024-09-16 00:04:14,740] {taskinstance.py:1358} INFO - 
--------------------------------------------------------------------------------
[2024-09-16 00:04:14,824] {taskinstance.py:1377} INFO - Executing <Task(_PythonDecoratedOperator): BRONZE_STONCKS_GOOG> on 2024-02-28 00:00:00+00:00
[2024-09-16 00:04:14,831] {standard_task_runner.py:52} INFO - Started process 23639 to run task
[2024-09-16 00:04:14,881] {standard_task_runner.py:79} INFO - Running: ['airflow', 'tasks', 'run', 'BRONZER_GET_STONCKS', 'BRONZE_STONCKS_GOOG', 'scheduled__2024-02-28T00:00:00+00:00', '--job-id', '329', '--raw', '--subdir', 'DAGS_FOLDER/get_stocks.py', '--cfg-path', '/tmp/tmpmzlokzoe', '--error-file', '/tmp/tmpmheit86_']
[2024-09-16 00:04:14,882] {standard_task_runner.py:80} INFO - Job 329: Subtask BRONZE_STONCKS_GOOG
[2024-09-16 00:04:15,124] {task_command.py:370} INFO - Running <TaskInstance: BRONZER_GET_STONCKS.BRONZE_STONCKS_GOOG scheduled__2024-02-28T00:00:00+00:00 [running]> on host kaiwang.
[2024-09-16 00:04:15,409] {taskinstance.py:1569} INFO - Exporting the following env vars:
AIRFLOW_CTX_DAG_OWNER=airflow
AIRFLOW_CTX_DAG_ID=BRONZER_GET_STONCKS
AIRFLOW_CTX_TASK_ID=BRONZE_STONCKS_GOOG
AIRFLOW_CTX_EXECUTION_DATE=2024-02-28T00:00:00+00:00
AIRFLOW_CTX_TRY_NUMBER=1
AIRFLOW_CTX_DAG_RUN_ID=scheduled__2024-02-28T00:00:00+00:00
[2024-09-16 00:04:16,187] {python.py:173} INFO - Done. Returned value was: None
[2024-09-16 00:04:16,237] {taskinstance.py:1395} INFO - Marking task as SUCCESS. dag_id=BRONZER_GET_STONCKS, task_id=BRONZE_STONCKS_GOOG, execution_date=20240228T000000, start_date=20240916T030414, end_date=20240916T030416
[2024-09-16 00:04:16,314] {local_task_job.py:156} INFO - Task exited with return code 0
[2024-09-16 00:04:16,464] {local_task_job.py:273} INFO - 0 downstream tasks scheduled from follow-on schedule check
[2024-09-16 00:13:48,165] {taskinstance.py:1159} INFO - Dependencies all met for <TaskInstance: BRONZER_GET_STONCKS.BRONZE_STONCKS_GOOG scheduled__2024-02-28T00:00:00+00:00 [queued]>
[2024-09-16 00:13:48,188] {taskinstance.py:1159} INFO - Dependencies all met for <TaskInstance: BRONZER_GET_STONCKS.BRONZE_STONCKS_GOOG scheduled__2024-02-28T00:00:00+00:00 [queued]>
[2024-09-16 00:13:48,188] {taskinstance.py:1356} INFO - 
--------------------------------------------------------------------------------
[2024-09-16 00:13:48,188] {taskinstance.py:1357} INFO - Starting attempt 1 of 1
[2024-09-16 00:13:48,188] {taskinstance.py:1358} INFO - 
--------------------------------------------------------------------------------
[2024-09-16 00:13:48,222] {taskinstance.py:1377} INFO - Executing <Task(_PythonDecoratedOperator): BRONZE_STONCKS_GOOG> on 2024-02-28 00:00:00+00:00
[2024-09-16 00:13:48,234] {standard_task_runner.py:52} INFO - Started process 48981 to run task
[2024-09-16 00:13:48,243] {standard_task_runner.py:79} INFO - Running: ['airflow', 'tasks', 'run', 'BRONZER_GET_STONCKS', 'BRONZE_STONCKS_GOOG', 'scheduled__2024-02-28T00:00:00+00:00', '--job-id', '1785', '--raw', '--subdir', 'DAGS_FOLDER/get_stocks.py', '--cfg-path', '/tmp/tmpmp0sif3v', '--error-file', '/tmp/tmpvrecbckk']
[2024-09-16 00:13:48,245] {standard_task_runner.py:80} INFO - Job 1785: Subtask BRONZE_STONCKS_GOOG
[2024-09-16 00:13:48,355] {task_command.py:370} INFO - Running <TaskInstance: BRONZER_GET_STONCKS.BRONZE_STONCKS_GOOG scheduled__2024-02-28T00:00:00+00:00 [running]> on host kaiwang.
[2024-09-16 00:13:48,446] {taskinstance.py:1569} INFO - Exporting the following env vars:
AIRFLOW_CTX_DAG_OWNER=airflow
AIRFLOW_CTX_DAG_ID=BRONZER_GET_STONCKS
AIRFLOW_CTX_TASK_ID=BRONZE_STONCKS_GOOG
AIRFLOW_CTX_EXECUTION_DATE=2024-02-28T00:00:00+00:00
AIRFLOW_CTX_TRY_NUMBER=1
AIRFLOW_CTX_DAG_RUN_ID=scheduled__2024-02-28T00:00:00+00:00
[2024-09-16 00:13:48,988] {python.py:173} INFO - Done. Returned value was: None
[2024-09-16 00:13:49,023] {taskinstance.py:1395} INFO - Marking task as SUCCESS. dag_id=BRONZER_GET_STONCKS, task_id=BRONZE_STONCKS_GOOG, execution_date=20240228T000000, start_date=20240916T031348, end_date=20240916T031349
[2024-09-16 00:13:49,067] {local_task_job.py:156} INFO - Task exited with return code 0
[2024-09-16 00:13:49,146] {local_task_job.py:273} INFO - 0 downstream tasks scheduled from follow-on schedule check
[2024-09-16 00:15:24,398] {taskinstance.py:1159} INFO - Dependencies all met for <TaskInstance: BRONZER_GET_STONCKS.BRONZE_STONCKS_GOOG scheduled__2024-02-28T00:00:00+00:00 [queued]>
[2024-09-16 00:15:24,422] {taskinstance.py:1159} INFO - Dependencies all met for <TaskInstance: BRONZER_GET_STONCKS.BRONZE_STONCKS_GOOG scheduled__2024-02-28T00:00:00+00:00 [queued]>
[2024-09-16 00:15:24,422] {taskinstance.py:1356} INFO - 
--------------------------------------------------------------------------------
[2024-09-16 00:15:24,423] {taskinstance.py:1357} INFO - Starting attempt 1 of 1
[2024-09-16 00:15:24,423] {taskinstance.py:1358} INFO - 
--------------------------------------------------------------------------------
[2024-09-16 00:15:24,450] {taskinstance.py:1377} INFO - Executing <Task(_PythonDecoratedOperator): BRONZE_STONCKS_GOOG> on 2024-02-28 00:00:00+00:00
[2024-09-16 00:15:24,463] {standard_task_runner.py:52} INFO - Started process 54484 to run task
[2024-09-16 00:15:24,474] {standard_task_runner.py:79} INFO - Running: ['airflow', 'tasks', 'run', 'BRONZER_GET_STONCKS', 'BRONZE_STONCKS_GOOG', 'scheduled__2024-02-28T00:00:00+00:00', '--job-id', '2103', '--raw', '--subdir', 'DAGS_FOLDER/get_stocks.py', '--cfg-path', '/tmp/tmp6adbix1r', '--error-file', '/tmp/tmpvpu0zqbt']
[2024-09-16 00:15:24,475] {standard_task_runner.py:80} INFO - Job 2103: Subtask BRONZE_STONCKS_GOOG
[2024-09-16 00:15:24,695] {task_command.py:370} INFO - Running <TaskInstance: BRONZER_GET_STONCKS.BRONZE_STONCKS_GOOG scheduled__2024-02-28T00:00:00+00:00 [running]> on host kaiwang.
[2024-09-16 00:15:24,942] {taskinstance.py:1569} INFO - Exporting the following env vars:
AIRFLOW_CTX_DAG_OWNER=airflow
AIRFLOW_CTX_DAG_ID=BRONZER_GET_STONCKS
AIRFLOW_CTX_TASK_ID=BRONZE_STONCKS_GOOG
AIRFLOW_CTX_EXECUTION_DATE=2024-02-28T00:00:00+00:00
AIRFLOW_CTX_TRY_NUMBER=1
AIRFLOW_CTX_DAG_RUN_ID=scheduled__2024-02-28T00:00:00+00:00
[2024-09-16 00:15:25,928] {python.py:173} INFO - Done. Returned value was: None
[2024-09-16 00:15:25,956] {taskinstance.py:1395} INFO - Marking task as SUCCESS. dag_id=BRONZER_GET_STONCKS, task_id=BRONZE_STONCKS_GOOG, execution_date=20240228T000000, start_date=20240916T031524, end_date=20240916T031525
[2024-09-16 00:15:26,000] {local_task_job.py:156} INFO - Task exited with return code 0
[2024-09-16 00:15:26,104] {local_task_job.py:273} INFO - 0 downstream tasks scheduled from follow-on schedule check
