[2024-09-16 00:08:18,880] {taskinstance.py:1159} INFO - Dependencies all met for <TaskInstance: BRONZER_GET_CRIPTOS.BRONZE_CRIPTO_AVAX scheduled__2024-09-04T00:00:00+00:00 [queued]>
[2024-09-16 00:08:18,901] {taskinstance.py:1159} INFO - Dependencies all met for <TaskInstance: BRONZER_GET_CRIPTOS.BRONZE_CRIPTO_AVAX scheduled__2024-09-04T00:00:00+00:00 [queued]>
[2024-09-16 00:08:18,901] {taskinstance.py:1356} INFO - 
--------------------------------------------------------------------------------
[2024-09-16 00:08:18,901] {taskinstance.py:1357} INFO - Starting attempt 1 of 1
[2024-09-16 00:08:18,902] {taskinstance.py:1358} INFO - 
--------------------------------------------------------------------------------
[2024-09-16 00:08:18,930] {taskinstance.py:1377} INFO - Executing <Task(_PythonDecoratedOperator): BRONZE_CRIPTO_AVAX> on 2024-09-04 00:00:00+00:00
[2024-09-16 00:08:18,936] {standard_task_runner.py:52} INFO - Started process 42860 to run task
[2024-09-16 00:08:18,946] {standard_task_runner.py:79} INFO - Running: ['airflow', 'tasks', 'run', 'BRONZER_GET_CRIPTOS', 'BRONZE_CRIPTO_AVAX', 'scheduled__2024-09-04T00:00:00+00:00', '--job-id', '1445', '--raw', '--subdir', 'DAGS_FOLDER/get_cripto.py', '--cfg-path', '/tmp/tmpxutw020v', '--error-file', '/tmp/tmpze4ejiwf']
[2024-09-16 00:08:18,947] {standard_task_runner.py:80} INFO - Job 1445: Subtask BRONZE_CRIPTO_AVAX
[2024-09-16 00:08:19,187] {task_command.py:370} INFO - Running <TaskInstance: BRONZER_GET_CRIPTOS.BRONZE_CRIPTO_AVAX scheduled__2024-09-04T00:00:00+00:00 [running]> on host kaiwang.
[2024-09-16 00:08:19,406] {taskinstance.py:1569} INFO - Exporting the following env vars:
AIRFLOW_CTX_DAG_OWNER=airflow
AIRFLOW_CTX_DAG_ID=BRONZER_GET_CRIPTOS
AIRFLOW_CTX_TASK_ID=BRONZE_CRIPTO_AVAX
AIRFLOW_CTX_EXECUTION_DATE=2024-09-04T00:00:00+00:00
AIRFLOW_CTX_TRY_NUMBER=1
AIRFLOW_CTX_DAG_RUN_ID=scheduled__2024-09-04T00:00:00+00:00
[2024-09-16 00:08:21,694] {history.py:122} ERROR - $AVAX: possibly delisted; no timezone found
[2024-09-16 00:08:21,701] {python.py:173} INFO - Done. Returned value was: None
[2024-09-16 00:08:21,725] {taskinstance.py:1395} INFO - Marking task as SUCCESS. dag_id=BRONZER_GET_CRIPTOS, task_id=BRONZE_CRIPTO_AVAX, execution_date=20240904T000000, start_date=20240916T030818, end_date=20240916T030821
[2024-09-16 00:08:21,769] {local_task_job.py:156} INFO - Task exited with return code 0
[2024-09-16 00:08:21,807] {local_task_job.py:273} INFO - 0 downstream tasks scheduled from follow-on schedule check
[2024-09-16 13:56:42,959] {taskinstance.py:1159} INFO - Dependencies all met for <TaskInstance: BRONZER_GET_CRIPTOS.BRONZE_CRIPTO_AVAX scheduled__2024-09-04T00:00:00+00:00 [queued]>
[2024-09-16 13:56:42,973] {taskinstance.py:1159} INFO - Dependencies all met for <TaskInstance: BRONZER_GET_CRIPTOS.BRONZE_CRIPTO_AVAX scheduled__2024-09-04T00:00:00+00:00 [queued]>
[2024-09-16 13:56:42,973] {taskinstance.py:1356} INFO - 
--------------------------------------------------------------------------------
[2024-09-16 13:56:42,973] {taskinstance.py:1357} INFO - Starting attempt 1 of 1
[2024-09-16 13:56:42,974] {taskinstance.py:1358} INFO - 
--------------------------------------------------------------------------------
[2024-09-16 13:56:42,985] {taskinstance.py:1377} INFO - Executing <Task(_PythonDecoratedOperator): BRONZE_CRIPTO_AVAX> on 2024-09-04 00:00:00+00:00
[2024-09-16 13:56:42,990] {standard_task_runner.py:52} INFO - Started process 140322 to run task
[2024-09-16 13:56:42,994] {standard_task_runner.py:79} INFO - Running: ['airflow', 'tasks', 'run', 'BRONZER_GET_CRIPTOS', 'BRONZE_CRIPTO_AVAX', 'scheduled__2024-09-04T00:00:00+00:00', '--job-id', '2641', '--raw', '--subdir', 'DAGS_FOLDER/get_cripto.py', '--cfg-path', '/tmp/tmprdzdas24', '--error-file', '/tmp/tmpkd1osnal']
[2024-09-16 13:56:42,995] {standard_task_runner.py:80} INFO - Job 2641: Subtask BRONZE_CRIPTO_AVAX
[2024-09-16 13:56:43,079] {task_command.py:370} INFO - Running <TaskInstance: BRONZER_GET_CRIPTOS.BRONZE_CRIPTO_AVAX scheduled__2024-09-04T00:00:00+00:00 [running]> on host kaiwang.
[2024-09-16 13:56:43,397] {taskinstance.py:1569} INFO - Exporting the following env vars:
AIRFLOW_CTX_DAG_OWNER=airflow
AIRFLOW_CTX_DAG_ID=BRONZER_GET_CRIPTOS
AIRFLOW_CTX_TASK_ID=BRONZE_CRIPTO_AVAX
AIRFLOW_CTX_EXECUTION_DATE=2024-09-04T00:00:00+00:00
AIRFLOW_CTX_TRY_NUMBER=1
AIRFLOW_CTX_DAG_RUN_ID=scheduled__2024-09-04T00:00:00+00:00
[2024-09-16 13:56:47,055] {history.py:122} ERROR - $AVAX: possibly delisted; no timezone found
[2024-09-16 13:56:47,060] {python.py:173} INFO - Done. Returned value was: None
[2024-09-16 13:56:47,082] {taskinstance.py:1395} INFO - Marking task as SUCCESS. dag_id=BRONZER_GET_CRIPTOS, task_id=BRONZE_CRIPTO_AVAX, execution_date=20240904T000000, start_date=20240916T165642, end_date=20240916T165647
[2024-09-16 13:56:47,108] {local_task_job.py:156} INFO - Task exited with return code 0
[2024-09-16 13:56:47,151] {local_task_job.py:273} INFO - 0 downstream tasks scheduled from follow-on schedule check
