[2024-09-16 00:07:23,275] {taskinstance.py:1159} INFO - Dependencies all met for <TaskInstance: BRONZER_GET_CRIPTOS.BRONZE_CRIPTO_BTC scheduled__2024-07-11T00:00:00+00:00 [queued]>
[2024-09-16 00:07:23,309] {taskinstance.py:1159} INFO - Dependencies all met for <TaskInstance: BRONZER_GET_CRIPTOS.BRONZE_CRIPTO_BTC scheduled__2024-07-11T00:00:00+00:00 [queued]>
[2024-09-16 00:07:23,309] {taskinstance.py:1356} INFO - 
--------------------------------------------------------------------------------
[2024-09-16 00:07:23,310] {taskinstance.py:1357} INFO - Starting attempt 1 of 1
[2024-09-16 00:07:23,310] {taskinstance.py:1358} INFO - 
--------------------------------------------------------------------------------
[2024-09-16 00:07:23,381] {taskinstance.py:1377} INFO - Executing <Task(_PythonDecoratedOperator): BRONZE_CRIPTO_BTC> on 2024-07-11 00:00:00+00:00
[2024-09-16 00:07:23,394] {standard_task_runner.py:52} INFO - Started process 38904 to run task
[2024-09-16 00:07:23,437] {standard_task_runner.py:79} INFO - Running: ['airflow', 'tasks', 'run', 'BRONZER_GET_CRIPTOS', 'BRONZE_CRIPTO_BTC', 'scheduled__2024-07-11T00:00:00+00:00', '--job-id', '1216', '--raw', '--subdir', 'DAGS_FOLDER/get_cripto.py', '--cfg-path', '/tmp/tmph_zp8sdh', '--error-file', '/tmp/tmpml7omo36']
[2024-09-16 00:07:23,439] {standard_task_runner.py:80} INFO - Job 1216: Subtask BRONZE_CRIPTO_BTC
[2024-09-16 00:07:23,719] {task_command.py:370} INFO - Running <TaskInstance: BRONZER_GET_CRIPTOS.BRONZE_CRIPTO_BTC scheduled__2024-07-11T00:00:00+00:00 [running]> on host kaiwang.
[2024-09-16 00:07:24,022] {taskinstance.py:1569} INFO - Exporting the following env vars:
AIRFLOW_CTX_DAG_OWNER=airflow
AIRFLOW_CTX_DAG_ID=BRONZER_GET_CRIPTOS
AIRFLOW_CTX_TASK_ID=BRONZE_CRIPTO_BTC
AIRFLOW_CTX_EXECUTION_DATE=2024-07-11T00:00:00+00:00
AIRFLOW_CTX_TRY_NUMBER=1
AIRFLOW_CTX_DAG_RUN_ID=scheduled__2024-07-11T00:00:00+00:00
[2024-09-16 00:07:27,421] {history.py:244} ERROR - $BTC: possibly delisted; no price data found  (1h 2024-07-08 -> 2024-07-11) (Yahoo error = "Data doesn't exist for startDate = 1720411200, endDate = 1720670400")
[2024-09-16 00:07:27,425] {python.py:173} INFO - Done. Returned value was: None
[2024-09-16 00:07:27,494] {taskinstance.py:1395} INFO - Marking task as SUCCESS. dag_id=BRONZER_GET_CRIPTOS, task_id=BRONZE_CRIPTO_BTC, execution_date=20240711T000000, start_date=20240916T030723, end_date=20240916T030727
[2024-09-16 00:07:27,560] {local_task_job.py:156} INFO - Task exited with return code 0
[2024-09-16 00:07:27,658] {local_task_job.py:273} INFO - 0 downstream tasks scheduled from follow-on schedule check
