[2024-09-16 00:04:43,343] {taskinstance.py:1159} INFO - Dependencies all met for <TaskInstance: BRONZER_GET_STONCKS.BRONZE_STONCKS_TSLA scheduled__2024-03-23T00:00:00+00:00 [queued]>
[2024-09-16 00:04:43,366] {taskinstance.py:1159} INFO - Dependencies all met for <TaskInstance: BRONZER_GET_STONCKS.BRONZE_STONCKS_TSLA scheduled__2024-03-23T00:00:00+00:00 [queued]>
[2024-09-16 00:04:43,366] {taskinstance.py:1356} INFO - 
--------------------------------------------------------------------------------
[2024-09-16 00:04:43,366] {taskinstance.py:1357} INFO - Starting attempt 1 of 1
[2024-09-16 00:04:43,366] {taskinstance.py:1358} INFO - 
--------------------------------------------------------------------------------
[2024-09-16 00:04:43,437] {taskinstance.py:1377} INFO - Executing <Task(_PythonDecoratedOperator): BRONZE_STONCKS_TSLA> on 2024-03-23 00:00:00+00:00
[2024-09-16 00:04:43,450] {standard_task_runner.py:52} INFO - Started process 25995 to run task
[2024-09-16 00:04:43,466] {standard_task_runner.py:79} INFO - Running: ['airflow', 'tasks', 'run', 'BRONZER_GET_STONCKS', 'BRONZE_STONCKS_TSLA', 'scheduled__2024-03-23T00:00:00+00:00', '--job-id', '461', '--raw', '--subdir', 'DAGS_FOLDER/get_stocks.py', '--cfg-path', '/tmp/tmp_emstnbn', '--error-file', '/tmp/tmpylyo7ez5']
[2024-09-16 00:04:43,467] {standard_task_runner.py:80} INFO - Job 461: Subtask BRONZE_STONCKS_TSLA
[2024-09-16 00:04:43,689] {task_command.py:370} INFO - Running <TaskInstance: BRONZER_GET_STONCKS.BRONZE_STONCKS_TSLA scheduled__2024-03-23T00:00:00+00:00 [running]> on host kaiwang.
[2024-09-16 00:04:43,966] {taskinstance.py:1569} INFO - Exporting the following env vars:
AIRFLOW_CTX_DAG_OWNER=airflow
AIRFLOW_CTX_DAG_ID=BRONZER_GET_STONCKS
AIRFLOW_CTX_TASK_ID=BRONZE_STONCKS_TSLA
AIRFLOW_CTX_EXECUTION_DATE=2024-03-23T00:00:00+00:00
AIRFLOW_CTX_TRY_NUMBER=1
AIRFLOW_CTX_DAG_RUN_ID=scheduled__2024-03-23T00:00:00+00:00
[2024-09-16 00:04:44,641] {python.py:173} INFO - Done. Returned value was: None
[2024-09-16 00:04:45,034] {taskinstance.py:1395} INFO - Marking task as SUCCESS. dag_id=BRONZER_GET_STONCKS, task_id=BRONZE_STONCKS_TSLA, execution_date=20240323T000000, start_date=20240916T030443, end_date=20240916T030445
[2024-09-16 00:04:45,175] {local_task_job.py:156} INFO - Task exited with return code 0
[2024-09-16 00:04:45,354] {local_task_job.py:273} INFO - 0 downstream tasks scheduled from follow-on schedule check
[2024-09-16 00:15:50,537] {taskinstance.py:1159} INFO - Dependencies all met for <TaskInstance: BRONZER_GET_STONCKS.BRONZE_STONCKS_TSLA scheduled__2024-03-23T00:00:00+00:00 [queued]>
[2024-09-16 00:15:50,580] {taskinstance.py:1159} INFO - Dependencies all met for <TaskInstance: BRONZER_GET_STONCKS.BRONZE_STONCKS_TSLA scheduled__2024-03-23T00:00:00+00:00 [queued]>
[2024-09-16 00:15:50,580] {taskinstance.py:1356} INFO - 
--------------------------------------------------------------------------------
[2024-09-16 00:15:50,580] {taskinstance.py:1357} INFO - Starting attempt 1 of 1
[2024-09-16 00:15:50,580] {taskinstance.py:1358} INFO - 
--------------------------------------------------------------------------------
[2024-09-16 00:15:50,655] {taskinstance.py:1377} INFO - Executing <Task(_PythonDecoratedOperator): BRONZE_STONCKS_TSLA> on 2024-03-23 00:00:00+00:00
[2024-09-16 00:15:50,687] {standard_task_runner.py:52} INFO - Started process 56686 to run task
[2024-09-16 00:15:50,728] {standard_task_runner.py:79} INFO - Running: ['airflow', 'tasks', 'run', 'BRONZER_GET_STONCKS', 'BRONZE_STONCKS_TSLA', 'scheduled__2024-03-23T00:00:00+00:00', '--job-id', '2233', '--raw', '--subdir', 'DAGS_FOLDER/get_stocks.py', '--cfg-path', '/tmp/tmpgxhwa5vf', '--error-file', '/tmp/tmpwa0mv9o0']
[2024-09-16 00:15:50,729] {standard_task_runner.py:80} INFO - Job 2233: Subtask BRONZE_STONCKS_TSLA
[2024-09-16 00:15:50,986] {task_command.py:370} INFO - Running <TaskInstance: BRONZER_GET_STONCKS.BRONZE_STONCKS_TSLA scheduled__2024-03-23T00:00:00+00:00 [running]> on host kaiwang.
[2024-09-16 00:15:51,110] {taskinstance.py:1569} INFO - Exporting the following env vars:
AIRFLOW_CTX_DAG_OWNER=airflow
AIRFLOW_CTX_DAG_ID=BRONZER_GET_STONCKS
AIRFLOW_CTX_TASK_ID=BRONZE_STONCKS_TSLA
AIRFLOW_CTX_EXECUTION_DATE=2024-03-23T00:00:00+00:00
AIRFLOW_CTX_TRY_NUMBER=1
AIRFLOW_CTX_DAG_RUN_ID=scheduled__2024-03-23T00:00:00+00:00
[2024-09-16 00:15:51,984] {python.py:173} INFO - Done. Returned value was: None
[2024-09-16 00:15:52,132] {taskinstance.py:1395} INFO - Marking task as SUCCESS. dag_id=BRONZER_GET_STONCKS, task_id=BRONZE_STONCKS_TSLA, execution_date=20240323T000000, start_date=20240916T031550, end_date=20240916T031552
[2024-09-16 00:15:52,193] {local_task_job.py:156} INFO - Task exited with return code 0
[2024-09-16 00:15:52,579] {local_task_job.py:273} INFO - 0 downstream tasks scheduled from follow-on schedule check
