[2024-09-16 00:07:11,292] {taskinstance.py:1159} INFO - Dependencies all met for <TaskInstance: BRONZER_GET_STONCKS.BRONZE_STONCKS_GOOG scheduled__2024-08-07T00:00:00+00:00 [queued]>
[2024-09-16 00:07:11,338] {taskinstance.py:1159} INFO - Dependencies all met for <TaskInstance: BRONZER_GET_STONCKS.BRONZE_STONCKS_GOOG scheduled__2024-08-07T00:00:00+00:00 [queued]>
[2024-09-16 00:07:11,338] {taskinstance.py:1356} INFO - 
--------------------------------------------------------------------------------
[2024-09-16 00:07:11,338] {taskinstance.py:1357} INFO - Starting attempt 1 of 1
[2024-09-16 00:07:11,338] {taskinstance.py:1358} INFO - 
--------------------------------------------------------------------------------
[2024-09-16 00:07:11,431] {taskinstance.py:1377} INFO - Executing <Task(_PythonDecoratedOperator): BRONZE_STONCKS_GOOG> on 2024-08-07 00:00:00+00:00
[2024-09-16 00:07:11,437] {standard_task_runner.py:52} INFO - Started process 37922 to run task
[2024-09-16 00:07:11,472] {standard_task_runner.py:79} INFO - Running: ['airflow', 'tasks', 'run', 'BRONZER_GET_STONCKS', 'BRONZE_STONCKS_GOOG', 'scheduled__2024-08-07T00:00:00+00:00', '--job-id', '1159', '--raw', '--subdir', 'DAGS_FOLDER/get_stocks.py', '--cfg-path', '/tmp/tmpv65ra9mv', '--error-file', '/tmp/tmpimt0lwmw']
[2024-09-16 00:07:11,473] {standard_task_runner.py:80} INFO - Job 1159: Subtask BRONZE_STONCKS_GOOG
[2024-09-16 00:07:11,757] {task_command.py:370} INFO - Running <TaskInstance: BRONZER_GET_STONCKS.BRONZE_STONCKS_GOOG scheduled__2024-08-07T00:00:00+00:00 [running]> on host kaiwang.
[2024-09-16 00:07:12,108] {taskinstance.py:1569} INFO - Exporting the following env vars:
AIRFLOW_CTX_DAG_OWNER=airflow
AIRFLOW_CTX_DAG_ID=BRONZER_GET_STONCKS
AIRFLOW_CTX_TASK_ID=BRONZE_STONCKS_GOOG
AIRFLOW_CTX_EXECUTION_DATE=2024-08-07T00:00:00+00:00
AIRFLOW_CTX_TRY_NUMBER=1
AIRFLOW_CTX_DAG_RUN_ID=scheduled__2024-08-07T00:00:00+00:00
[2024-09-16 00:07:12,985] {python.py:173} INFO - Done. Returned value was: None
[2024-09-16 00:07:13,016] {taskinstance.py:1395} INFO - Marking task as SUCCESS. dag_id=BRONZER_GET_STONCKS, task_id=BRONZE_STONCKS_GOOG, execution_date=20240807T000000, start_date=20240916T030711, end_date=20240916T030713
[2024-09-16 00:07:13,127] {local_task_job.py:156} INFO - Task exited with return code 0
[2024-09-16 00:07:13,353] {local_task_job.py:273} INFO - 0 downstream tasks scheduled from follow-on schedule check
[2024-09-16 13:55:51,303] {taskinstance.py:1159} INFO - Dependencies all met for <TaskInstance: BRONZER_GET_STONCKS.BRONZE_STONCKS_GOOG scheduled__2024-08-07T00:00:00+00:00 [queued]>
[2024-09-16 13:55:51,316] {taskinstance.py:1159} INFO - Dependencies all met for <TaskInstance: BRONZER_GET_STONCKS.BRONZE_STONCKS_GOOG scheduled__2024-08-07T00:00:00+00:00 [queued]>
[2024-09-16 13:55:51,316] {taskinstance.py:1356} INFO - 
--------------------------------------------------------------------------------
[2024-09-16 13:55:51,316] {taskinstance.py:1357} INFO - Starting attempt 1 of 1
[2024-09-16 13:55:51,316] {taskinstance.py:1358} INFO - 
--------------------------------------------------------------------------------
[2024-09-16 13:55:51,332] {taskinstance.py:1377} INFO - Executing <Task(_PythonDecoratedOperator): BRONZE_STONCKS_GOOG> on 2024-08-07 00:00:00+00:00
[2024-09-16 13:55:51,337] {standard_task_runner.py:52} INFO - Started process 136677 to run task
[2024-09-16 13:55:51,341] {standard_task_runner.py:79} INFO - Running: ['airflow', 'tasks', 'run', 'BRONZER_GET_STONCKS', 'BRONZE_STONCKS_GOOG', 'scheduled__2024-08-07T00:00:00+00:00', '--job-id', '2476', '--raw', '--subdir', 'DAGS_FOLDER/get_stocks.py', '--cfg-path', '/tmp/tmp97a4qzci', '--error-file', '/tmp/tmpqgmvn88z']
[2024-09-16 13:55:51,342] {standard_task_runner.py:80} INFO - Job 2476: Subtask BRONZE_STONCKS_GOOG
[2024-09-16 13:55:51,435] {task_command.py:370} INFO - Running <TaskInstance: BRONZER_GET_STONCKS.BRONZE_STONCKS_GOOG scheduled__2024-08-07T00:00:00+00:00 [running]> on host kaiwang.
[2024-09-16 13:55:51,827] {taskinstance.py:1569} INFO - Exporting the following env vars:
AIRFLOW_CTX_DAG_OWNER=airflow
AIRFLOW_CTX_DAG_ID=BRONZER_GET_STONCKS
AIRFLOW_CTX_TASK_ID=BRONZE_STONCKS_GOOG
AIRFLOW_CTX_EXECUTION_DATE=2024-08-07T00:00:00+00:00
AIRFLOW_CTX_TRY_NUMBER=1
AIRFLOW_CTX_DAG_RUN_ID=scheduled__2024-08-07T00:00:00+00:00
[2024-09-16 13:55:52,909] {python.py:173} INFO - Done. Returned value was: None
[2024-09-16 13:55:52,944] {taskinstance.py:1395} INFO - Marking task as SUCCESS. dag_id=BRONZER_GET_STONCKS, task_id=BRONZE_STONCKS_GOOG, execution_date=20240807T000000, start_date=20240916T165551, end_date=20240916T165552
[2024-09-16 13:55:53,013] {local_task_job.py:156} INFO - Task exited with return code 0
[2024-09-16 13:55:53,109] {local_task_job.py:273} INFO - 0 downstream tasks scheduled from follow-on schedule check
