[2024-09-16 00:05:47,523] {taskinstance.py:1159} INFO - Dependencies all met for <TaskInstance: BRONZER_GET_STONCKS.BRONZE_STONCKS_GOOG scheduled__2024-05-21T00:00:00+00:00 [queued]>
[2024-09-16 00:05:47,574] {taskinstance.py:1159} INFO - Dependencies all met for <TaskInstance: BRONZER_GET_STONCKS.BRONZE_STONCKS_GOOG scheduled__2024-05-21T00:00:00+00:00 [queued]>
[2024-09-16 00:05:47,574] {taskinstance.py:1356} INFO - 
--------------------------------------------------------------------------------
[2024-09-16 00:05:47,574] {taskinstance.py:1357} INFO - Starting attempt 1 of 1
[2024-09-16 00:05:47,574] {taskinstance.py:1358} INFO - 
--------------------------------------------------------------------------------
[2024-09-16 00:05:47,694] {taskinstance.py:1377} INFO - Executing <Task(_PythonDecoratedOperator): BRONZE_STONCKS_GOOG> on 2024-05-21 00:00:00+00:00
[2024-09-16 00:05:47,707] {standard_task_runner.py:79} INFO - Running: ['airflow', 'tasks', 'run', 'BRONZER_GET_STONCKS', 'BRONZE_STONCKS_GOOG', 'scheduled__2024-05-21T00:00:00+00:00', '--job-id', '754', '--raw', '--subdir', 'DAGS_FOLDER/get_stocks.py', '--cfg-path', '/tmp/tmp7r93t1ud', '--error-file', '/tmp/tmpddno13_u']
[2024-09-16 00:05:47,709] {standard_task_runner.py:80} INFO - Job 754: Subtask BRONZE_STONCKS_GOOG
[2024-09-16 00:05:47,701] {standard_task_runner.py:52} INFO - Started process 31010 to run task
[2024-09-16 00:05:48,055] {task_command.py:370} INFO - Running <TaskInstance: BRONZER_GET_STONCKS.BRONZE_STONCKS_GOOG scheduled__2024-05-21T00:00:00+00:00 [running]> on host kaiwang.
[2024-09-16 00:05:48,407] {taskinstance.py:1569} INFO - Exporting the following env vars:
AIRFLOW_CTX_DAG_OWNER=airflow
AIRFLOW_CTX_DAG_ID=BRONZER_GET_STONCKS
AIRFLOW_CTX_TASK_ID=BRONZE_STONCKS_GOOG
AIRFLOW_CTX_EXECUTION_DATE=2024-05-21T00:00:00+00:00
AIRFLOW_CTX_TRY_NUMBER=1
AIRFLOW_CTX_DAG_RUN_ID=scheduled__2024-05-21T00:00:00+00:00
[2024-09-16 00:05:49,085] {python.py:173} INFO - Done. Returned value was: None
[2024-09-16 00:05:49,316] {taskinstance.py:1395} INFO - Marking task as SUCCESS. dag_id=BRONZER_GET_STONCKS, task_id=BRONZE_STONCKS_GOOG, execution_date=20240521T000000, start_date=20240916T030547, end_date=20240916T030549
[2024-09-16 00:05:49,382] {local_task_job.py:156} INFO - Task exited with return code 0
[2024-09-16 00:05:49,526] {local_task_job.py:273} INFO - 0 downstream tasks scheduled from follow-on schedule check
