[2024-09-16 00:03:27,392] {taskinstance.py:1159} INFO - Dependencies all met for <TaskInstance: BRONZER_GET_STONCKS.BRONZE_STONCKS_TSLA scheduled__2024-01-20T00:00:00+00:00 [queued]>
[2024-09-16 00:03:27,445] {taskinstance.py:1159} INFO - Dependencies all met for <TaskInstance: BRONZER_GET_STONCKS.BRONZE_STONCKS_TSLA scheduled__2024-01-20T00:00:00+00:00 [queued]>
[2024-09-16 00:03:27,445] {taskinstance.py:1356} INFO - 
--------------------------------------------------------------------------------
[2024-09-16 00:03:27,445] {taskinstance.py:1357} INFO - Starting attempt 1 of 1
[2024-09-16 00:03:27,445] {taskinstance.py:1358} INFO - 
--------------------------------------------------------------------------------
[2024-09-16 00:03:27,515] {taskinstance.py:1377} INFO - Executing <Task(_PythonDecoratedOperator): BRONZE_STONCKS_TSLA> on 2024-01-20 00:00:00+00:00
[2024-09-16 00:03:27,529] {standard_task_runner.py:52} INFO - Started process 20009 to run task
[2024-09-16 00:03:27,557] {standard_task_runner.py:79} INFO - Running: ['airflow', 'tasks', 'run', 'BRONZER_GET_STONCKS', 'BRONZE_STONCKS_TSLA', 'scheduled__2024-01-20T00:00:00+00:00', '--job-id', '115', '--raw', '--subdir', 'DAGS_FOLDER/get_stocks.py', '--cfg-path', '/tmp/tmpuexh7ocy', '--error-file', '/tmp/tmp0x5v9q_m']
[2024-09-16 00:03:27,558] {standard_task_runner.py:80} INFO - Job 115: Subtask BRONZE_STONCKS_TSLA
[2024-09-16 00:03:27,815] {task_command.py:370} INFO - Running <TaskInstance: BRONZER_GET_STONCKS.BRONZE_STONCKS_TSLA scheduled__2024-01-20T00:00:00+00:00 [running]> on host kaiwang.
[2024-09-16 00:03:28,085] {taskinstance.py:1569} INFO - Exporting the following env vars:
AIRFLOW_CTX_DAG_OWNER=airflow
AIRFLOW_CTX_DAG_ID=BRONZER_GET_STONCKS
AIRFLOW_CTX_TASK_ID=BRONZE_STONCKS_TSLA
AIRFLOW_CTX_EXECUTION_DATE=2024-01-20T00:00:00+00:00
AIRFLOW_CTX_TRY_NUMBER=1
AIRFLOW_CTX_DAG_RUN_ID=scheduled__2024-01-20T00:00:00+00:00
[2024-09-16 00:03:28,748] {python.py:173} INFO - Done. Returned value was: None
[2024-09-16 00:03:28,808] {taskinstance.py:1395} INFO - Marking task as SUCCESS. dag_id=BRONZER_GET_STONCKS, task_id=BRONZE_STONCKS_TSLA, execution_date=20240120T000000, start_date=20240916T030327, end_date=20240916T030328
[2024-09-16 00:03:28,891] {local_task_job.py:156} INFO - Task exited with return code 0
[2024-09-16 00:03:29,012] {local_task_job.py:273} INFO - 0 downstream tasks scheduled from follow-on schedule check
[2024-09-16 00:13:07,671] {taskinstance.py:1159} INFO - Dependencies all met for <TaskInstance: BRONZER_GET_STONCKS.BRONZE_STONCKS_TSLA scheduled__2024-01-20T00:00:00+00:00 [queued]>
[2024-09-16 00:13:07,696] {taskinstance.py:1159} INFO - Dependencies all met for <TaskInstance: BRONZER_GET_STONCKS.BRONZE_STONCKS_TSLA scheduled__2024-01-20T00:00:00+00:00 [queued]>
[2024-09-16 00:13:07,696] {taskinstance.py:1356} INFO - 
--------------------------------------------------------------------------------
[2024-09-16 00:13:07,696] {taskinstance.py:1357} INFO - Starting attempt 1 of 1
[2024-09-16 00:13:07,696] {taskinstance.py:1358} INFO - 
--------------------------------------------------------------------------------
[2024-09-16 00:13:07,727] {taskinstance.py:1377} INFO - Executing <Task(_PythonDecoratedOperator): BRONZE_STONCKS_TSLA> on 2024-01-20 00:00:00+00:00
[2024-09-16 00:13:07,732] {standard_task_runner.py:52} INFO - Started process 45629 to run task
[2024-09-16 00:13:07,737] {standard_task_runner.py:79} INFO - Running: ['airflow', 'tasks', 'run', 'BRONZER_GET_STONCKS', 'BRONZE_STONCKS_TSLA', 'scheduled__2024-01-20T00:00:00+00:00', '--job-id', '1595', '--raw', '--subdir', 'DAGS_FOLDER/get_stocks.py', '--cfg-path', '/tmp/tmpp94u2h6m', '--error-file', '/tmp/tmpow1t0vf0']
[2024-09-16 00:13:07,738] {standard_task_runner.py:80} INFO - Job 1595: Subtask BRONZE_STONCKS_TSLA
[2024-09-16 00:13:07,932] {task_command.py:370} INFO - Running <TaskInstance: BRONZER_GET_STONCKS.BRONZE_STONCKS_TSLA scheduled__2024-01-20T00:00:00+00:00 [running]> on host kaiwang.
[2024-09-16 00:13:08,175] {taskinstance.py:1569} INFO - Exporting the following env vars:
AIRFLOW_CTX_DAG_OWNER=airflow
AIRFLOW_CTX_DAG_ID=BRONZER_GET_STONCKS
AIRFLOW_CTX_TASK_ID=BRONZE_STONCKS_TSLA
AIRFLOW_CTX_EXECUTION_DATE=2024-01-20T00:00:00+00:00
AIRFLOW_CTX_TRY_NUMBER=1
AIRFLOW_CTX_DAG_RUN_ID=scheduled__2024-01-20T00:00:00+00:00
[2024-09-16 00:13:08,868] {python.py:173} INFO - Done. Returned value was: None
[2024-09-16 00:13:09,046] {taskinstance.py:1395} INFO - Marking task as SUCCESS. dag_id=BRONZER_GET_STONCKS, task_id=BRONZE_STONCKS_TSLA, execution_date=20240120T000000, start_date=20240916T031307, end_date=20240916T031309
[2024-09-16 00:13:09,149] {local_task_job.py:156} INFO - Task exited with return code 0
[2024-09-16 00:13:09,453] {local_task_job.py:273} INFO - 0 downstream tasks scheduled from follow-on schedule check
[2024-09-16 00:14:42,353] {taskinstance.py:1159} INFO - Dependencies all met for <TaskInstance: BRONZER_GET_STONCKS.BRONZE_STONCKS_TSLA scheduled__2024-01-20T00:00:00+00:00 [queued]>
[2024-09-16 00:14:42,449] {taskinstance.py:1159} INFO - Dependencies all met for <TaskInstance: BRONZER_GET_STONCKS.BRONZE_STONCKS_TSLA scheduled__2024-01-20T00:00:00+00:00 [queued]>
[2024-09-16 00:14:42,450] {taskinstance.py:1356} INFO - 
--------------------------------------------------------------------------------
[2024-09-16 00:14:42,450] {taskinstance.py:1357} INFO - Starting attempt 1 of 1
[2024-09-16 00:14:42,450] {taskinstance.py:1358} INFO - 
--------------------------------------------------------------------------------
[2024-09-16 00:14:42,511] {taskinstance.py:1377} INFO - Executing <Task(_PythonDecoratedOperator): BRONZE_STONCKS_TSLA> on 2024-01-20 00:00:00+00:00
[2024-09-16 00:14:42,517] {standard_task_runner.py:52} INFO - Started process 51055 to run task
[2024-09-16 00:14:42,538] {standard_task_runner.py:79} INFO - Running: ['airflow', 'tasks', 'run', 'BRONZER_GET_STONCKS', 'BRONZE_STONCKS_TSLA', 'scheduled__2024-01-20T00:00:00+00:00', '--job-id', '1900', '--raw', '--subdir', 'DAGS_FOLDER/get_stocks.py', '--cfg-path', '/tmp/tmp4oonmnr3', '--error-file', '/tmp/tmpvze9vzty']
[2024-09-16 00:14:42,539] {standard_task_runner.py:80} INFO - Job 1900: Subtask BRONZE_STONCKS_TSLA
[2024-09-16 00:14:42,820] {task_command.py:370} INFO - Running <TaskInstance: BRONZER_GET_STONCKS.BRONZE_STONCKS_TSLA scheduled__2024-01-20T00:00:00+00:00 [running]> on host kaiwang.
[2024-09-16 00:14:43,152] {taskinstance.py:1569} INFO - Exporting the following env vars:
AIRFLOW_CTX_DAG_OWNER=airflow
AIRFLOW_CTX_DAG_ID=BRONZER_GET_STONCKS
AIRFLOW_CTX_TASK_ID=BRONZE_STONCKS_TSLA
AIRFLOW_CTX_EXECUTION_DATE=2024-01-20T00:00:00+00:00
AIRFLOW_CTX_TRY_NUMBER=1
AIRFLOW_CTX_DAG_RUN_ID=scheduled__2024-01-20T00:00:00+00:00
[2024-09-16 00:14:43,937] {python.py:173} INFO - Done. Returned value was: None
[2024-09-16 00:14:44,043] {taskinstance.py:1395} INFO - Marking task as SUCCESS. dag_id=BRONZER_GET_STONCKS, task_id=BRONZE_STONCKS_TSLA, execution_date=20240120T000000, start_date=20240916T031442, end_date=20240916T031444
[2024-09-16 00:14:44,139] {local_task_job.py:156} INFO - Task exited with return code 0
[2024-09-16 00:14:44,335] {local_task_job.py:273} INFO - 0 downstream tasks scheduled from follow-on schedule check
