[2024-09-16 00:03:39,645] {taskinstance.py:1159} INFO - Dependencies all met for <TaskInstance: BRONZER_GET_CRIPTOS.BRONZE_CRIPTO_ETH scheduled__2024-02-01T00:00:00+00:00 [queued]>
[2024-09-16 00:03:39,696] {taskinstance.py:1159} INFO - Dependencies all met for <TaskInstance: BRONZER_GET_CRIPTOS.BRONZE_CRIPTO_ETH scheduled__2024-02-01T00:00:00+00:00 [queued]>
[2024-09-16 00:03:39,696] {taskinstance.py:1356} INFO - 
--------------------------------------------------------------------------------
[2024-09-16 00:03:39,696] {taskinstance.py:1357} INFO - Starting attempt 1 of 1
[2024-09-16 00:03:39,697] {taskinstance.py:1358} INFO - 
--------------------------------------------------------------------------------
[2024-09-16 00:03:39,755] {taskinstance.py:1377} INFO - Executing <Task(_PythonDecoratedOperator): BRONZE_CRIPTO_ETH> on 2024-02-01 00:00:00+00:00
[2024-09-16 00:03:39,776] {standard_task_runner.py:52} INFO - Started process 21078 to run task
[2024-09-16 00:03:39,790] {standard_task_runner.py:79} INFO - Running: ['airflow', 'tasks', 'run', 'BRONZER_GET_CRIPTOS', 'BRONZE_CRIPTO_ETH', 'scheduled__2024-02-01T00:00:00+00:00', '--job-id', '180', '--raw', '--subdir', 'DAGS_FOLDER/get_cripto.py', '--cfg-path', '/tmp/tmpjpqqxe0l', '--error-file', '/tmp/tmpel5sm9ws']
[2024-09-16 00:03:39,799] {standard_task_runner.py:80} INFO - Job 180: Subtask BRONZE_CRIPTO_ETH
[2024-09-16 00:03:40,019] {task_command.py:370} INFO - Running <TaskInstance: BRONZER_GET_CRIPTOS.BRONZE_CRIPTO_ETH scheduled__2024-02-01T00:00:00+00:00 [running]> on host kaiwang.
[2024-09-16 00:03:40,373] {taskinstance.py:1569} INFO - Exporting the following env vars:
AIRFLOW_CTX_DAG_OWNER=airflow
AIRFLOW_CTX_DAG_ID=BRONZER_GET_CRIPTOS
AIRFLOW_CTX_TASK_ID=BRONZE_CRIPTO_ETH
AIRFLOW_CTX_EXECUTION_DATE=2024-02-01T00:00:00+00:00
AIRFLOW_CTX_TRY_NUMBER=1
AIRFLOW_CTX_DAG_RUN_ID=scheduled__2024-02-01T00:00:00+00:00
[2024-09-16 00:03:44,004] {history.py:244} ERROR - $ETH: possibly delisted; no price data found  (1h 2024-01-29 -> 2024-02-01) (Yahoo error = "Data doesn't exist for startDate = 1706504400, endDate = 1706763600")
[2024-09-16 00:03:44,007] {python.py:173} INFO - Done. Returned value was: None
[2024-09-16 00:03:44,024] {taskinstance.py:1395} INFO - Marking task as SUCCESS. dag_id=BRONZER_GET_CRIPTOS, task_id=BRONZE_CRIPTO_ETH, execution_date=20240201T000000, start_date=20240916T030339, end_date=20240916T030344
[2024-09-16 00:03:44,042] {local_task_job.py:156} INFO - Task exited with return code 0
[2024-09-16 00:03:44,077] {local_task_job.py:273} INFO - 0 downstream tasks scheduled from follow-on schedule check
[2024-09-16 00:13:21,926] {taskinstance.py:1159} INFO - Dependencies all met for <TaskInstance: BRONZER_GET_CRIPTOS.BRONZE_CRIPTO_ETH scheduled__2024-02-01T00:00:00+00:00 [queued]>
[2024-09-16 00:13:21,970] {taskinstance.py:1159} INFO - Dependencies all met for <TaskInstance: BRONZER_GET_CRIPTOS.BRONZE_CRIPTO_ETH scheduled__2024-02-01T00:00:00+00:00 [queued]>
[2024-09-16 00:13:21,971] {taskinstance.py:1356} INFO - 
--------------------------------------------------------------------------------
[2024-09-16 00:13:21,971] {taskinstance.py:1357} INFO - Starting attempt 1 of 1
[2024-09-16 00:13:21,971] {taskinstance.py:1358} INFO - 
--------------------------------------------------------------------------------
[2024-09-16 00:13:22,026] {taskinstance.py:1377} INFO - Executing <Task(_PythonDecoratedOperator): BRONZE_CRIPTO_ETH> on 2024-02-01 00:00:00+00:00
[2024-09-16 00:13:22,062] {standard_task_runner.py:52} INFO - Started process 46801 to run task
[2024-09-16 00:13:22,072] {standard_task_runner.py:79} INFO - Running: ['airflow', 'tasks', 'run', 'BRONZER_GET_CRIPTOS', 'BRONZE_CRIPTO_ETH', 'scheduled__2024-02-01T00:00:00+00:00', '--job-id', '1661', '--raw', '--subdir', 'DAGS_FOLDER/get_cripto.py', '--cfg-path', '/tmp/tmpgqqjdhv0', '--error-file', '/tmp/tmpb1te4jc_']
[2024-09-16 00:13:22,074] {standard_task_runner.py:80} INFO - Job 1661: Subtask BRONZE_CRIPTO_ETH
[2024-09-16 00:13:22,272] {task_command.py:370} INFO - Running <TaskInstance: BRONZER_GET_CRIPTOS.BRONZE_CRIPTO_ETH scheduled__2024-02-01T00:00:00+00:00 [running]> on host kaiwang.
[2024-09-16 00:13:22,456] {taskinstance.py:1569} INFO - Exporting the following env vars:
AIRFLOW_CTX_DAG_OWNER=airflow
AIRFLOW_CTX_DAG_ID=BRONZER_GET_CRIPTOS
AIRFLOW_CTX_TASK_ID=BRONZE_CRIPTO_ETH
AIRFLOW_CTX_EXECUTION_DATE=2024-02-01T00:00:00+00:00
AIRFLOW_CTX_TRY_NUMBER=1
AIRFLOW_CTX_DAG_RUN_ID=scheduled__2024-02-01T00:00:00+00:00
[2024-09-16 00:13:25,510] {history.py:244} ERROR - $ETH: possibly delisted; no price data found  (1h 2024-01-29 -> 2024-02-01) (Yahoo error = "Data doesn't exist for startDate = 1706504400, endDate = 1706763600")
[2024-09-16 00:13:25,514] {python.py:173} INFO - Done. Returned value was: None
[2024-09-16 00:13:25,577] {taskinstance.py:1395} INFO - Marking task as SUCCESS. dag_id=BRONZER_GET_CRIPTOS, task_id=BRONZE_CRIPTO_ETH, execution_date=20240201T000000, start_date=20240916T031321, end_date=20240916T031325
[2024-09-16 00:13:25,661] {local_task_job.py:156} INFO - Task exited with return code 0
[2024-09-16 00:13:25,821] {local_task_job.py:273} INFO - 0 downstream tasks scheduled from follow-on schedule check
[2024-09-16 00:14:57,760] {taskinstance.py:1159} INFO - Dependencies all met for <TaskInstance: BRONZER_GET_CRIPTOS.BRONZE_CRIPTO_ETH scheduled__2024-02-01T00:00:00+00:00 [queued]>
[2024-09-16 00:14:57,794] {taskinstance.py:1159} INFO - Dependencies all met for <TaskInstance: BRONZER_GET_CRIPTOS.BRONZE_CRIPTO_ETH scheduled__2024-02-01T00:00:00+00:00 [queued]>
[2024-09-16 00:14:57,794] {taskinstance.py:1356} INFO - 
--------------------------------------------------------------------------------
[2024-09-16 00:14:57,794] {taskinstance.py:1357} INFO - Starting attempt 1 of 1
[2024-09-16 00:14:57,794] {taskinstance.py:1358} INFO - 
--------------------------------------------------------------------------------
[2024-09-16 00:14:57,851] {taskinstance.py:1377} INFO - Executing <Task(_PythonDecoratedOperator): BRONZE_CRIPTO_ETH> on 2024-02-01 00:00:00+00:00
[2024-09-16 00:14:57,857] {standard_task_runner.py:52} INFO - Started process 52315 to run task
[2024-09-16 00:14:57,887] {standard_task_runner.py:79} INFO - Running: ['airflow', 'tasks', 'run', 'BRONZER_GET_CRIPTOS', 'BRONZE_CRIPTO_ETH', 'scheduled__2024-02-01T00:00:00+00:00', '--job-id', '1972', '--raw', '--subdir', 'DAGS_FOLDER/get_cripto.py', '--cfg-path', '/tmp/tmp9inc1rh5', '--error-file', '/tmp/tmpwomgr0ml']
[2024-09-16 00:14:57,888] {standard_task_runner.py:80} INFO - Job 1972: Subtask BRONZE_CRIPTO_ETH
[2024-09-16 00:14:58,235] {task_command.py:370} INFO - Running <TaskInstance: BRONZER_GET_CRIPTOS.BRONZE_CRIPTO_ETH scheduled__2024-02-01T00:00:00+00:00 [running]> on host kaiwang.
[2024-09-16 00:14:58,627] {taskinstance.py:1569} INFO - Exporting the following env vars:
AIRFLOW_CTX_DAG_OWNER=airflow
AIRFLOW_CTX_DAG_ID=BRONZER_GET_CRIPTOS
AIRFLOW_CTX_TASK_ID=BRONZE_CRIPTO_ETH
AIRFLOW_CTX_EXECUTION_DATE=2024-02-01T00:00:00+00:00
AIRFLOW_CTX_TRY_NUMBER=1
AIRFLOW_CTX_DAG_RUN_ID=scheduled__2024-02-01T00:00:00+00:00
[2024-09-16 00:15:01,206] {history.py:244} ERROR - $ETH: possibly delisted; no price data found  (1h 2024-01-29 -> 2024-02-01) (Yahoo error = "Data doesn't exist for startDate = 1706504400, endDate = 1706763600")
[2024-09-16 00:15:01,213] {python.py:173} INFO - Done. Returned value was: None
[2024-09-16 00:15:01,258] {taskinstance.py:1395} INFO - Marking task as SUCCESS. dag_id=BRONZER_GET_CRIPTOS, task_id=BRONZE_CRIPTO_ETH, execution_date=20240201T000000, start_date=20240916T031457, end_date=20240916T031501
[2024-09-16 00:15:01,295] {local_task_job.py:156} INFO - Task exited with return code 0
[2024-09-16 00:15:01,387] {local_task_job.py:273} INFO - 0 downstream tasks scheduled from follow-on schedule check
