[2024-09-16 00:07:37,254] {taskinstance.py:1159} INFO - Dependencies all met for <TaskInstance: BRONZER_GET_STONCKS.BRONZE_STONCKS_GOOG scheduled__2024-09-03T00:00:00+00:00 [queued]>
[2024-09-16 00:07:37,294] {taskinstance.py:1159} INFO - Dependencies all met for <TaskInstance: BRONZER_GET_STONCKS.BRONZE_STONCKS_GOOG scheduled__2024-09-03T00:00:00+00:00 [queued]>
[2024-09-16 00:07:37,294] {taskinstance.py:1356} INFO - 
--------------------------------------------------------------------------------
[2024-09-16 00:07:37,294] {taskinstance.py:1357} INFO - Starting attempt 1 of 1
[2024-09-16 00:07:37,294] {taskinstance.py:1358} INFO - 
--------------------------------------------------------------------------------
[2024-09-16 00:07:37,378] {taskinstance.py:1377} INFO - Executing <Task(_PythonDecoratedOperator): BRONZE_STONCKS_GOOG> on 2024-09-03 00:00:00+00:00
[2024-09-16 00:07:37,383] {standard_task_runner.py:52} INFO - Started process 40039 to run task
[2024-09-16 00:07:37,429] {standard_task_runner.py:79} INFO - Running: ['airflow', 'tasks', 'run', 'BRONZER_GET_STONCKS', 'BRONZE_STONCKS_GOOG', 'scheduled__2024-09-03T00:00:00+00:00', '--job-id', '1285', '--raw', '--subdir', 'DAGS_FOLDER/get_stocks.py', '--cfg-path', '/tmp/tmp5m2vazfy', '--error-file', '/tmp/tmpnch0fmpi']
[2024-09-16 00:07:37,431] {standard_task_runner.py:80} INFO - Job 1285: Subtask BRONZE_STONCKS_GOOG
[2024-09-16 00:07:37,659] {task_command.py:370} INFO - Running <TaskInstance: BRONZER_GET_STONCKS.BRONZE_STONCKS_GOOG scheduled__2024-09-03T00:00:00+00:00 [running]> on host kaiwang.
[2024-09-16 00:07:37,899] {taskinstance.py:1569} INFO - Exporting the following env vars:
AIRFLOW_CTX_DAG_OWNER=airflow
AIRFLOW_CTX_DAG_ID=BRONZER_GET_STONCKS
AIRFLOW_CTX_TASK_ID=BRONZE_STONCKS_GOOG
AIRFLOW_CTX_EXECUTION_DATE=2024-09-03T00:00:00+00:00
AIRFLOW_CTX_TRY_NUMBER=1
AIRFLOW_CTX_DAG_RUN_ID=scheduled__2024-09-03T00:00:00+00:00
[2024-09-16 00:07:38,426] {history.py:244} ERROR - $GOOG: possibly delisted; no price data found  (1h 2024-08-31 -> 2024-09-03)
[2024-09-16 00:07:38,431] {python.py:173} INFO - Done. Returned value was: None
[2024-09-16 00:07:38,483] {taskinstance.py:1395} INFO - Marking task as SUCCESS. dag_id=BRONZER_GET_STONCKS, task_id=BRONZE_STONCKS_GOOG, execution_date=20240903T000000, start_date=20240916T030737, end_date=20240916T030738
[2024-09-16 00:07:38,545] {local_task_job.py:156} INFO - Task exited with return code 0
[2024-09-16 00:07:38,638] {local_task_job.py:273} INFO - 0 downstream tasks scheduled from follow-on schedule check
[2024-09-16 13:56:35,010] {taskinstance.py:1159} INFO - Dependencies all met for <TaskInstance: BRONZER_GET_STONCKS.BRONZE_STONCKS_GOOG scheduled__2024-09-03T00:00:00+00:00 [queued]>
[2024-09-16 13:56:35,024] {taskinstance.py:1159} INFO - Dependencies all met for <TaskInstance: BRONZER_GET_STONCKS.BRONZE_STONCKS_GOOG scheduled__2024-09-03T00:00:00+00:00 [queued]>
[2024-09-16 13:56:35,024] {taskinstance.py:1356} INFO - 
--------------------------------------------------------------------------------
[2024-09-16 13:56:35,025] {taskinstance.py:1357} INFO - Starting attempt 1 of 1
[2024-09-16 13:56:35,025] {taskinstance.py:1358} INFO - 
--------------------------------------------------------------------------------
[2024-09-16 13:56:35,042] {taskinstance.py:1377} INFO - Executing <Task(_PythonDecoratedOperator): BRONZE_STONCKS_GOOG> on 2024-09-03 00:00:00+00:00
[2024-09-16 13:56:35,049] {standard_task_runner.py:52} INFO - Started process 139733 to run task
[2024-09-16 13:56:35,058] {standard_task_runner.py:79} INFO - Running: ['airflow', 'tasks', 'run', 'BRONZER_GET_STONCKS', 'BRONZE_STONCKS_GOOG', 'scheduled__2024-09-03T00:00:00+00:00', '--job-id', '2616', '--raw', '--subdir', 'DAGS_FOLDER/get_stocks.py', '--cfg-path', '/tmp/tmp_0htjp6h', '--error-file', '/tmp/tmp86rv3oa0']
[2024-09-16 13:56:35,059] {standard_task_runner.py:80} INFO - Job 2616: Subtask BRONZE_STONCKS_GOOG
[2024-09-16 13:56:35,201] {task_command.py:370} INFO - Running <TaskInstance: BRONZER_GET_STONCKS.BRONZE_STONCKS_GOOG scheduled__2024-09-03T00:00:00+00:00 [running]> on host kaiwang.
[2024-09-16 13:56:35,490] {taskinstance.py:1569} INFO - Exporting the following env vars:
AIRFLOW_CTX_DAG_OWNER=airflow
AIRFLOW_CTX_DAG_ID=BRONZER_GET_STONCKS
AIRFLOW_CTX_TASK_ID=BRONZE_STONCKS_GOOG
AIRFLOW_CTX_EXECUTION_DATE=2024-09-03T00:00:00+00:00
AIRFLOW_CTX_TRY_NUMBER=1
AIRFLOW_CTX_DAG_RUN_ID=scheduled__2024-09-03T00:00:00+00:00
[2024-09-16 13:56:35,989] {history.py:244} ERROR - $GOOG: possibly delisted; no price data found  (1h 2024-08-31 -> 2024-09-03)
[2024-09-16 13:56:35,992] {python.py:173} INFO - Done. Returned value was: None
[2024-09-16 13:56:36,006] {taskinstance.py:1395} INFO - Marking task as SUCCESS. dag_id=BRONZER_GET_STONCKS, task_id=BRONZE_STONCKS_GOOG, execution_date=20240903T000000, start_date=20240916T165635, end_date=20240916T165636
[2024-09-16 13:56:36,036] {local_task_job.py:156} INFO - Task exited with return code 0
[2024-09-16 13:56:36,071] {local_task_job.py:273} INFO - 0 downstream tasks scheduled from follow-on schedule check
