[2024-09-16 00:08:19,836] {taskinstance.py:1159} INFO - Dependencies all met for <TaskInstance: BRONZER_GET_CRIPTOS.BRONZE_CRIPTO_DOGE scheduled__2024-09-06T00:00:00+00:00 [queued]>
[2024-09-16 00:08:19,848] {taskinstance.py:1159} INFO - Dependencies all met for <TaskInstance: BRONZER_GET_CRIPTOS.BRONZE_CRIPTO_DOGE scheduled__2024-09-06T00:00:00+00:00 [queued]>
[2024-09-16 00:08:19,848] {taskinstance.py:1356} INFO - 
--------------------------------------------------------------------------------
[2024-09-16 00:08:19,848] {taskinstance.py:1357} INFO - Starting attempt 1 of 1
[2024-09-16 00:08:19,848] {taskinstance.py:1358} INFO - 
--------------------------------------------------------------------------------
[2024-09-16 00:08:19,864] {taskinstance.py:1377} INFO - Executing <Task(_PythonDecoratedOperator): BRONZE_CRIPTO_DOGE> on 2024-09-06 00:00:00+00:00
[2024-09-16 00:08:19,870] {standard_task_runner.py:52} INFO - Started process 42919 to run task
[2024-09-16 00:08:19,876] {standard_task_runner.py:79} INFO - Running: ['airflow', 'tasks', 'run', 'BRONZER_GET_CRIPTOS', 'BRONZE_CRIPTO_DOGE', 'scheduled__2024-09-06T00:00:00+00:00', '--job-id', '1449', '--raw', '--subdir', 'DAGS_FOLDER/get_cripto.py', '--cfg-path', '/tmp/tmph709_53z', '--error-file', '/tmp/tmpyn7i8_b9']
[2024-09-16 00:08:19,877] {standard_task_runner.py:80} INFO - Job 1449: Subtask BRONZE_CRIPTO_DOGE
[2024-09-16 00:08:20,022] {task_command.py:370} INFO - Running <TaskInstance: BRONZER_GET_CRIPTOS.BRONZE_CRIPTO_DOGE scheduled__2024-09-06T00:00:00+00:00 [running]> on host kaiwang.
[2024-09-16 00:08:20,210] {taskinstance.py:1569} INFO - Exporting the following env vars:
AIRFLOW_CTX_DAG_OWNER=airflow
AIRFLOW_CTX_DAG_ID=BRONZER_GET_CRIPTOS
AIRFLOW_CTX_TASK_ID=BRONZE_CRIPTO_DOGE
AIRFLOW_CTX_EXECUTION_DATE=2024-09-06T00:00:00+00:00
AIRFLOW_CTX_TRY_NUMBER=1
AIRFLOW_CTX_DAG_RUN_ID=scheduled__2024-09-06T00:00:00+00:00
[2024-09-16 00:08:23,000] {history.py:122} ERROR - $DOGE: possibly delisted; no timezone found
[2024-09-16 00:08:23,007] {python.py:173} INFO - Done. Returned value was: None
[2024-09-16 00:08:23,030] {taskinstance.py:1395} INFO - Marking task as SUCCESS. dag_id=BRONZER_GET_CRIPTOS, task_id=BRONZE_CRIPTO_DOGE, execution_date=20240906T000000, start_date=20240916T030819, end_date=20240916T030823
[2024-09-16 00:08:23,078] {local_task_job.py:156} INFO - Task exited with return code 0
[2024-09-16 00:08:23,111] {local_task_job.py:273} INFO - 0 downstream tasks scheduled from follow-on schedule check
[2024-09-16 13:56:50,457] {taskinstance.py:1159} INFO - Dependencies all met for <TaskInstance: BRONZER_GET_CRIPTOS.BRONZE_CRIPTO_DOGE scheduled__2024-09-06T00:00:00+00:00 [queued]>
[2024-09-16 13:56:50,471] {taskinstance.py:1159} INFO - Dependencies all met for <TaskInstance: BRONZER_GET_CRIPTOS.BRONZE_CRIPTO_DOGE scheduled__2024-09-06T00:00:00+00:00 [queued]>
[2024-09-16 13:56:50,471] {taskinstance.py:1356} INFO - 
--------------------------------------------------------------------------------
[2024-09-16 13:56:50,471] {taskinstance.py:1357} INFO - Starting attempt 1 of 1
[2024-09-16 13:56:50,471] {taskinstance.py:1358} INFO - 
--------------------------------------------------------------------------------
[2024-09-16 13:56:50,492] {taskinstance.py:1377} INFO - Executing <Task(_PythonDecoratedOperator): BRONZE_CRIPTO_DOGE> on 2024-09-06 00:00:00+00:00
[2024-09-16 13:56:50,500] {standard_task_runner.py:52} INFO - Started process 140889 to run task
[2024-09-16 13:56:50,509] {standard_task_runner.py:79} INFO - Running: ['airflow', 'tasks', 'run', 'BRONZER_GET_CRIPTOS', 'BRONZE_CRIPTO_DOGE', 'scheduled__2024-09-06T00:00:00+00:00', '--job-id', '2668', '--raw', '--subdir', 'DAGS_FOLDER/get_cripto.py', '--cfg-path', '/tmp/tmp5xv49a6j', '--error-file', '/tmp/tmphf3emfjz']
[2024-09-16 13:56:50,510] {standard_task_runner.py:80} INFO - Job 2668: Subtask BRONZE_CRIPTO_DOGE
[2024-09-16 13:56:50,634] {task_command.py:370} INFO - Running <TaskInstance: BRONZER_GET_CRIPTOS.BRONZE_CRIPTO_DOGE scheduled__2024-09-06T00:00:00+00:00 [running]> on host kaiwang.
[2024-09-16 13:56:50,937] {taskinstance.py:1569} INFO - Exporting the following env vars:
AIRFLOW_CTX_DAG_OWNER=airflow
AIRFLOW_CTX_DAG_ID=BRONZER_GET_CRIPTOS
AIRFLOW_CTX_TASK_ID=BRONZE_CRIPTO_DOGE
AIRFLOW_CTX_EXECUTION_DATE=2024-09-06T00:00:00+00:00
AIRFLOW_CTX_TRY_NUMBER=1
AIRFLOW_CTX_DAG_RUN_ID=scheduled__2024-09-06T00:00:00+00:00
[2024-09-16 13:56:54,751] {history.py:122} ERROR - $DOGE: possibly delisted; no timezone found
[2024-09-16 13:56:54,753] {python.py:173} INFO - Done. Returned value was: None
[2024-09-16 13:56:54,767] {taskinstance.py:1395} INFO - Marking task as SUCCESS. dag_id=BRONZER_GET_CRIPTOS, task_id=BRONZE_CRIPTO_DOGE, execution_date=20240906T000000, start_date=20240916T165650, end_date=20240916T165654
[2024-09-16 13:56:54,809] {local_task_job.py:156} INFO - Task exited with return code 0
[2024-09-16 13:56:54,861] {local_task_job.py:273} INFO - 0 downstream tasks scheduled from follow-on schedule check
