[2024-09-16 00:07:55,901] {taskinstance.py:1159} INFO - Dependencies all met for <TaskInstance: BRONZER_GET_CRIPTOS.BRONZE_CRIPTO_BTC scheduled__2024-08-08T00:00:00+00:00 [queued]>
[2024-09-16 00:07:55,911] {taskinstance.py:1159} INFO - Dependencies all met for <TaskInstance: BRONZER_GET_CRIPTOS.BRONZE_CRIPTO_BTC scheduled__2024-08-08T00:00:00+00:00 [queued]>
[2024-09-16 00:07:55,912] {taskinstance.py:1356} INFO - 
--------------------------------------------------------------------------------
[2024-09-16 00:07:55,912] {taskinstance.py:1357} INFO - Starting attempt 1 of 1
[2024-09-16 00:07:55,912] {taskinstance.py:1358} INFO - 
--------------------------------------------------------------------------------
[2024-09-16 00:07:55,926] {taskinstance.py:1377} INFO - Executing <Task(_PythonDecoratedOperator): BRONZE_CRIPTO_BTC> on 2024-08-08 00:00:00+00:00
[2024-09-16 00:07:55,932] {standard_task_runner.py:52} INFO - Started process 41562 to run task
[2024-09-16 00:07:55,936] {standard_task_runner.py:79} INFO - Running: ['airflow', 'tasks', 'run', 'BRONZER_GET_CRIPTOS', 'BRONZE_CRIPTO_BTC', 'scheduled__2024-08-08T00:00:00+00:00', '--job-id', '1372', '--raw', '--subdir', 'DAGS_FOLDER/get_cripto.py', '--cfg-path', '/tmp/tmp66t4mpft', '--error-file', '/tmp/tmpvf3qyfy5']
[2024-09-16 00:07:55,937] {standard_task_runner.py:80} INFO - Job 1372: Subtask BRONZE_CRIPTO_BTC
[2024-09-16 00:07:56,065] {task_command.py:370} INFO - Running <TaskInstance: BRONZER_GET_CRIPTOS.BRONZE_CRIPTO_BTC scheduled__2024-08-08T00:00:00+00:00 [running]> on host kaiwang.
[2024-09-16 00:07:56,198] {taskinstance.py:1569} INFO - Exporting the following env vars:
AIRFLOW_CTX_DAG_OWNER=airflow
AIRFLOW_CTX_DAG_ID=BRONZER_GET_CRIPTOS
AIRFLOW_CTX_TASK_ID=BRONZE_CRIPTO_BTC
AIRFLOW_CTX_EXECUTION_DATE=2024-08-08T00:00:00+00:00
AIRFLOW_CTX_TRY_NUMBER=1
AIRFLOW_CTX_DAG_RUN_ID=scheduled__2024-08-08T00:00:00+00:00
[2024-09-16 00:07:56,849] {python.py:173} INFO - Done. Returned value was: None
[2024-09-16 00:07:56,873] {taskinstance.py:1395} INFO - Marking task as SUCCESS. dag_id=BRONZER_GET_CRIPTOS, task_id=BRONZE_CRIPTO_BTC, execution_date=20240808T000000, start_date=20240916T030755, end_date=20240916T030756
[2024-09-16 00:07:56,913] {local_task_job.py:156} INFO - Task exited with return code 0
[2024-09-16 00:07:56,975] {local_task_job.py:273} INFO - 0 downstream tasks scheduled from follow-on schedule check
[2024-09-16 13:55:48,741] {taskinstance.py:1159} INFO - Dependencies all met for <TaskInstance: BRONZER_GET_CRIPTOS.BRONZE_CRIPTO_BTC scheduled__2024-08-08T00:00:00+00:00 [queued]>
[2024-09-16 13:55:48,757] {taskinstance.py:1159} INFO - Dependencies all met for <TaskInstance: BRONZER_GET_CRIPTOS.BRONZE_CRIPTO_BTC scheduled__2024-08-08T00:00:00+00:00 [queued]>
[2024-09-16 13:55:48,757] {taskinstance.py:1356} INFO - 
--------------------------------------------------------------------------------
[2024-09-16 13:55:48,757] {taskinstance.py:1357} INFO - Starting attempt 1 of 1
[2024-09-16 13:55:48,757] {taskinstance.py:1358} INFO - 
--------------------------------------------------------------------------------
[2024-09-16 13:55:48,779] {taskinstance.py:1377} INFO - Executing <Task(_PythonDecoratedOperator): BRONZE_CRIPTO_BTC> on 2024-08-08 00:00:00+00:00
[2024-09-16 13:55:48,788] {standard_task_runner.py:52} INFO - Started process 136459 to run task
[2024-09-16 13:55:48,797] {standard_task_runner.py:79} INFO - Running: ['airflow', 'tasks', 'run', 'BRONZER_GET_CRIPTOS', 'BRONZE_CRIPTO_BTC', 'scheduled__2024-08-08T00:00:00+00:00', '--job-id', '2466', '--raw', '--subdir', 'DAGS_FOLDER/get_cripto.py', '--cfg-path', '/tmp/tmpw1oijhns', '--error-file', '/tmp/tmpgxwk8hqp']
[2024-09-16 13:55:48,799] {standard_task_runner.py:80} INFO - Job 2466: Subtask BRONZE_CRIPTO_BTC
[2024-09-16 13:55:48,937] {task_command.py:370} INFO - Running <TaskInstance: BRONZER_GET_CRIPTOS.BRONZE_CRIPTO_BTC scheduled__2024-08-08T00:00:00+00:00 [running]> on host kaiwang.
[2024-09-16 13:55:49,354] {taskinstance.py:1569} INFO - Exporting the following env vars:
AIRFLOW_CTX_DAG_OWNER=airflow
AIRFLOW_CTX_DAG_ID=BRONZER_GET_CRIPTOS
AIRFLOW_CTX_TASK_ID=BRONZE_CRIPTO_BTC
AIRFLOW_CTX_EXECUTION_DATE=2024-08-08T00:00:00+00:00
AIRFLOW_CTX_TRY_NUMBER=1
AIRFLOW_CTX_DAG_RUN_ID=scheduled__2024-08-08T00:00:00+00:00
[2024-09-16 13:55:49,919] {python.py:173} INFO - Done. Returned value was: None
[2024-09-16 13:55:49,945] {taskinstance.py:1395} INFO - Marking task as SUCCESS. dag_id=BRONZER_GET_CRIPTOS, task_id=BRONZE_CRIPTO_BTC, execution_date=20240808T000000, start_date=20240916T165548, end_date=20240916T165549
[2024-09-16 13:55:49,986] {local_task_job.py:156} INFO - Task exited with return code 0
[2024-09-16 13:55:50,082] {local_task_job.py:273} INFO - 0 downstream tasks scheduled from follow-on schedule check
