[2024-09-16 00:03:50,310] {taskinstance.py:1159} INFO - Dependencies all met for <TaskInstance: BRONZER_GET_CRIPTOS.BRONZE_CRIPTO_BTC scheduled__2024-02-08T00:00:00+00:00 [queued]>
[2024-09-16 00:03:50,348] {taskinstance.py:1159} INFO - Dependencies all met for <TaskInstance: BRONZER_GET_CRIPTOS.BRONZE_CRIPTO_BTC scheduled__2024-02-08T00:00:00+00:00 [queued]>
[2024-09-16 00:03:50,349] {taskinstance.py:1356} INFO - 
--------------------------------------------------------------------------------
[2024-09-16 00:03:50,349] {taskinstance.py:1357} INFO - Starting attempt 1 of 1
[2024-09-16 00:03:50,349] {taskinstance.py:1358} INFO - 
--------------------------------------------------------------------------------
[2024-09-16 00:03:50,397] {taskinstance.py:1377} INFO - Executing <Task(_PythonDecoratedOperator): BRONZE_CRIPTO_BTC> on 2024-02-08 00:00:00+00:00
[2024-09-16 00:03:50,402] {standard_task_runner.py:52} INFO - Started process 21785 to run task
[2024-09-16 00:03:50,422] {standard_task_runner.py:79} INFO - Running: ['airflow', 'tasks', 'run', 'BRONZER_GET_CRIPTOS', 'BRONZE_CRIPTO_BTC', 'scheduled__2024-02-08T00:00:00+00:00', '--job-id', '225', '--raw', '--subdir', 'DAGS_FOLDER/get_cripto.py', '--cfg-path', '/tmp/tmpbahrzcpz', '--error-file', '/tmp/tmp29msmuhu']
[2024-09-16 00:03:50,424] {standard_task_runner.py:80} INFO - Job 225: Subtask BRONZE_CRIPTO_BTC
[2024-09-16 00:03:50,591] {task_command.py:370} INFO - Running <TaskInstance: BRONZER_GET_CRIPTOS.BRONZE_CRIPTO_BTC scheduled__2024-02-08T00:00:00+00:00 [running]> on host kaiwang.
[2024-09-16 00:03:50,752] {taskinstance.py:1569} INFO - Exporting the following env vars:
AIRFLOW_CTX_DAG_OWNER=airflow
AIRFLOW_CTX_DAG_ID=BRONZER_GET_CRIPTOS
AIRFLOW_CTX_TASK_ID=BRONZE_CRIPTO_BTC
AIRFLOW_CTX_EXECUTION_DATE=2024-02-08T00:00:00+00:00
AIRFLOW_CTX_TRY_NUMBER=1
AIRFLOW_CTX_DAG_RUN_ID=scheduled__2024-02-08T00:00:00+00:00
[2024-09-16 00:03:53,521] {history.py:244} ERROR - $BTC: possibly delisted; no price data found  (1h 2024-02-05 -> 2024-02-08) (Yahoo error = "Data doesn't exist for startDate = 1707109200, endDate = 1707368400")
[2024-09-16 00:03:53,539] {python.py:173} INFO - Done. Returned value was: None
[2024-09-16 00:03:53,965] {taskinstance.py:1395} INFO - Marking task as SUCCESS. dag_id=BRONZER_GET_CRIPTOS, task_id=BRONZE_CRIPTO_BTC, execution_date=20240208T000000, start_date=20240916T030350, end_date=20240916T030353
[2024-09-16 00:03:54,109] {local_task_job.py:156} INFO - Task exited with return code 0
[2024-09-16 00:03:54,344] {local_task_job.py:273} INFO - 0 downstream tasks scheduled from follow-on schedule check
[2024-09-16 00:13:33,468] {taskinstance.py:1159} INFO - Dependencies all met for <TaskInstance: BRONZER_GET_CRIPTOS.BRONZE_CRIPTO_BTC scheduled__2024-02-08T00:00:00+00:00 [queued]>
[2024-09-16 00:13:33,510] {taskinstance.py:1159} INFO - Dependencies all met for <TaskInstance: BRONZER_GET_CRIPTOS.BRONZE_CRIPTO_BTC scheduled__2024-02-08T00:00:00+00:00 [queued]>
[2024-09-16 00:13:33,510] {taskinstance.py:1356} INFO - 
--------------------------------------------------------------------------------
[2024-09-16 00:13:33,510] {taskinstance.py:1357} INFO - Starting attempt 1 of 1
[2024-09-16 00:13:33,510] {taskinstance.py:1358} INFO - 
--------------------------------------------------------------------------------
[2024-09-16 00:13:33,582] {taskinstance.py:1377} INFO - Executing <Task(_PythonDecoratedOperator): BRONZE_CRIPTO_BTC> on 2024-02-08 00:00:00+00:00
[2024-09-16 00:13:33,618] {standard_task_runner.py:79} INFO - Running: ['airflow', 'tasks', 'run', 'BRONZER_GET_CRIPTOS', 'BRONZE_CRIPTO_BTC', 'scheduled__2024-02-08T00:00:00+00:00', '--job-id', '1711', '--raw', '--subdir', 'DAGS_FOLDER/get_cripto.py', '--cfg-path', '/tmp/tmpbgxibn4r', '--error-file', '/tmp/tmpssttrlyk']
[2024-09-16 00:13:33,620] {standard_task_runner.py:80} INFO - Job 1711: Subtask BRONZE_CRIPTO_BTC
[2024-09-16 00:13:33,589] {standard_task_runner.py:52} INFO - Started process 47730 to run task
[2024-09-16 00:13:33,765] {task_command.py:370} INFO - Running <TaskInstance: BRONZER_GET_CRIPTOS.BRONZE_CRIPTO_BTC scheduled__2024-02-08T00:00:00+00:00 [running]> on host kaiwang.
[2024-09-16 00:13:34,062] {taskinstance.py:1569} INFO - Exporting the following env vars:
AIRFLOW_CTX_DAG_OWNER=airflow
AIRFLOW_CTX_DAG_ID=BRONZER_GET_CRIPTOS
AIRFLOW_CTX_TASK_ID=BRONZE_CRIPTO_BTC
AIRFLOW_CTX_EXECUTION_DATE=2024-02-08T00:00:00+00:00
AIRFLOW_CTX_TRY_NUMBER=1
AIRFLOW_CTX_DAG_RUN_ID=scheduled__2024-02-08T00:00:00+00:00
[2024-09-16 00:13:36,878] {history.py:244} ERROR - $BTC: possibly delisted; no price data found  (1h 2024-02-05 -> 2024-02-08) (Yahoo error = "Data doesn't exist for startDate = 1707109200, endDate = 1707368400")
[2024-09-16 00:13:36,882] {python.py:173} INFO - Done. Returned value was: None
[2024-09-16 00:13:37,175] {taskinstance.py:1395} INFO - Marking task as SUCCESS. dag_id=BRONZER_GET_CRIPTOS, task_id=BRONZE_CRIPTO_BTC, execution_date=20240208T000000, start_date=20240916T031333, end_date=20240916T031337
[2024-09-16 00:13:37,259] {local_task_job.py:156} INFO - Task exited with return code 0
[2024-09-16 00:13:37,427] {local_task_job.py:273} INFO - 0 downstream tasks scheduled from follow-on schedule check
[2024-09-16 00:15:09,478] {taskinstance.py:1159} INFO - Dependencies all met for <TaskInstance: BRONZER_GET_CRIPTOS.BRONZE_CRIPTO_BTC scheduled__2024-02-08T00:00:00+00:00 [queued]>
[2024-09-16 00:15:09,549] {taskinstance.py:1159} INFO - Dependencies all met for <TaskInstance: BRONZER_GET_CRIPTOS.BRONZE_CRIPTO_BTC scheduled__2024-02-08T00:00:00+00:00 [queued]>
[2024-09-16 00:15:09,549] {taskinstance.py:1356} INFO - 
--------------------------------------------------------------------------------
[2024-09-16 00:15:09,549] {taskinstance.py:1357} INFO - Starting attempt 1 of 1
[2024-09-16 00:15:09,549] {taskinstance.py:1358} INFO - 
--------------------------------------------------------------------------------
[2024-09-16 00:15:09,603] {taskinstance.py:1377} INFO - Executing <Task(_PythonDecoratedOperator): BRONZE_CRIPTO_BTC> on 2024-02-08 00:00:00+00:00
[2024-09-16 00:15:09,610] {standard_task_runner.py:52} INFO - Started process 53289 to run task
[2024-09-16 00:15:09,641] {standard_task_runner.py:79} INFO - Running: ['airflow', 'tasks', 'run', 'BRONZER_GET_CRIPTOS', 'BRONZE_CRIPTO_BTC', 'scheduled__2024-02-08T00:00:00+00:00', '--job-id', '2027', '--raw', '--subdir', 'DAGS_FOLDER/get_cripto.py', '--cfg-path', '/tmp/tmpiu8a96ru', '--error-file', '/tmp/tmpfvvz3p0q']
[2024-09-16 00:15:09,647] {standard_task_runner.py:80} INFO - Job 2027: Subtask BRONZE_CRIPTO_BTC
[2024-09-16 00:15:09,934] {task_command.py:370} INFO - Running <TaskInstance: BRONZER_GET_CRIPTOS.BRONZE_CRIPTO_BTC scheduled__2024-02-08T00:00:00+00:00 [running]> on host kaiwang.
[2024-09-16 00:15:10,257] {taskinstance.py:1569} INFO - Exporting the following env vars:
AIRFLOW_CTX_DAG_OWNER=airflow
AIRFLOW_CTX_DAG_ID=BRONZER_GET_CRIPTOS
AIRFLOW_CTX_TASK_ID=BRONZE_CRIPTO_BTC
AIRFLOW_CTX_EXECUTION_DATE=2024-02-08T00:00:00+00:00
AIRFLOW_CTX_TRY_NUMBER=1
AIRFLOW_CTX_DAG_RUN_ID=scheduled__2024-02-08T00:00:00+00:00
[2024-09-16 00:15:13,011] {history.py:244} ERROR - $BTC: possibly delisted; no price data found  (1h 2024-02-05 -> 2024-02-08) (Yahoo error = "Data doesn't exist for startDate = 1707109200, endDate = 1707368400")
[2024-09-16 00:15:13,015] {python.py:173} INFO - Done. Returned value was: None
[2024-09-16 00:15:13,059] {taskinstance.py:1395} INFO - Marking task as SUCCESS. dag_id=BRONZER_GET_CRIPTOS, task_id=BRONZE_CRIPTO_BTC, execution_date=20240208T000000, start_date=20240916T031509, end_date=20240916T031513
[2024-09-16 00:15:13,129] {local_task_job.py:156} INFO - Task exited with return code 0
[2024-09-16 00:15:13,261] {local_task_job.py:273} INFO - 0 downstream tasks scheduled from follow-on schedule check
