[2024-09-16 00:07:48,193] {taskinstance.py:1159} INFO - Dependencies all met for <TaskInstance: BRONZER_GET_STONCKS.BRONZE_STONCKS_GOOG scheduled__2024-09-07T00:00:00+00:00 [queued]>
[2024-09-16 00:07:48,224] {taskinstance.py:1159} INFO - Dependencies all met for <TaskInstance: BRONZER_GET_STONCKS.BRONZE_STONCKS_GOOG scheduled__2024-09-07T00:00:00+00:00 [queued]>
[2024-09-16 00:07:48,225] {taskinstance.py:1356} INFO - 
--------------------------------------------------------------------------------
[2024-09-16 00:07:48,225] {taskinstance.py:1357} INFO - Starting attempt 1 of 1
[2024-09-16 00:07:48,225] {taskinstance.py:1358} INFO - 
--------------------------------------------------------------------------------
[2024-09-16 00:07:48,266] {taskinstance.py:1377} INFO - Executing <Task(_PythonDecoratedOperator): BRONZE_STONCKS_GOOG> on 2024-09-07 00:00:00+00:00
[2024-09-16 00:07:48,273] {standard_task_runner.py:52} INFO - Started process 40943 to run task
[2024-09-16 00:07:48,306] {standard_task_runner.py:79} INFO - Running: ['airflow', 'tasks', 'run', 'BRONZER_GET_STONCKS', 'BRONZE_STONCKS_GOOG', 'scheduled__2024-09-07T00:00:00+00:00', '--job-id', '1334', '--raw', '--subdir', 'DAGS_FOLDER/get_stocks.py', '--cfg-path', '/tmp/tmpb2ou925m', '--error-file', '/tmp/tmpaqbp5u_u']
[2024-09-16 00:07:48,307] {standard_task_runner.py:80} INFO - Job 1334: Subtask BRONZE_STONCKS_GOOG
[2024-09-16 00:07:48,523] {task_command.py:370} INFO - Running <TaskInstance: BRONZER_GET_STONCKS.BRONZE_STONCKS_GOOG scheduled__2024-09-07T00:00:00+00:00 [running]> on host kaiwang.
[2024-09-16 00:07:48,853] {taskinstance.py:1569} INFO - Exporting the following env vars:
AIRFLOW_CTX_DAG_OWNER=airflow
AIRFLOW_CTX_DAG_ID=BRONZER_GET_STONCKS
AIRFLOW_CTX_TASK_ID=BRONZE_STONCKS_GOOG
AIRFLOW_CTX_EXECUTION_DATE=2024-09-07T00:00:00+00:00
AIRFLOW_CTX_TRY_NUMBER=1
AIRFLOW_CTX_DAG_RUN_ID=scheduled__2024-09-07T00:00:00+00:00
[2024-09-16 00:07:49,439] {python.py:173} INFO - Done. Returned value was: None
[2024-09-16 00:07:49,505] {taskinstance.py:1395} INFO - Marking task as SUCCESS. dag_id=BRONZER_GET_STONCKS, task_id=BRONZE_STONCKS_GOOG, execution_date=20240907T000000, start_date=20240916T030748, end_date=20240916T030749
[2024-09-16 00:07:49,566] {local_task_job.py:156} INFO - Task exited with return code 0
[2024-09-16 00:07:49,753] {local_task_job.py:273} INFO - 0 downstream tasks scheduled from follow-on schedule check
[2024-09-16 13:56:42,084] {taskinstance.py:1159} INFO - Dependencies all met for <TaskInstance: BRONZER_GET_STONCKS.BRONZE_STONCKS_GOOG scheduled__2024-09-07T00:00:00+00:00 [queued]>
[2024-09-16 13:56:42,139] {taskinstance.py:1159} INFO - Dependencies all met for <TaskInstance: BRONZER_GET_STONCKS.BRONZE_STONCKS_GOOG scheduled__2024-09-07T00:00:00+00:00 [queued]>
[2024-09-16 13:56:42,140] {taskinstance.py:1356} INFO - 
--------------------------------------------------------------------------------
[2024-09-16 13:56:42,140] {taskinstance.py:1357} INFO - Starting attempt 1 of 1
[2024-09-16 13:56:42,140] {taskinstance.py:1358} INFO - 
--------------------------------------------------------------------------------
[2024-09-16 13:56:42,165] {taskinstance.py:1377} INFO - Executing <Task(_PythonDecoratedOperator): BRONZE_STONCKS_GOOG> on 2024-09-07 00:00:00+00:00
[2024-09-16 13:56:42,174] {standard_task_runner.py:52} INFO - Started process 140268 to run task
[2024-09-16 13:56:42,193] {standard_task_runner.py:79} INFO - Running: ['airflow', 'tasks', 'run', 'BRONZER_GET_STONCKS', 'BRONZE_STONCKS_GOOG', 'scheduled__2024-09-07T00:00:00+00:00', '--job-id', '2639', '--raw', '--subdir', 'DAGS_FOLDER/get_stocks.py', '--cfg-path', '/tmp/tmpvvmn9abr', '--error-file', '/tmp/tmpdi3rhxls']
[2024-09-16 13:56:42,194] {standard_task_runner.py:80} INFO - Job 2639: Subtask BRONZE_STONCKS_GOOG
[2024-09-16 13:56:42,382] {task_command.py:370} INFO - Running <TaskInstance: BRONZER_GET_STONCKS.BRONZE_STONCKS_GOOG scheduled__2024-09-07T00:00:00+00:00 [running]> on host kaiwang.
[2024-09-16 13:56:42,828] {taskinstance.py:1569} INFO - Exporting the following env vars:
AIRFLOW_CTX_DAG_OWNER=airflow
AIRFLOW_CTX_DAG_ID=BRONZER_GET_STONCKS
AIRFLOW_CTX_TASK_ID=BRONZE_STONCKS_GOOG
AIRFLOW_CTX_EXECUTION_DATE=2024-09-07T00:00:00+00:00
AIRFLOW_CTX_TRY_NUMBER=1
AIRFLOW_CTX_DAG_RUN_ID=scheduled__2024-09-07T00:00:00+00:00
[2024-09-16 13:56:44,015] {python.py:173} INFO - Done. Returned value was: None
[2024-09-16 13:56:44,037] {taskinstance.py:1395} INFO - Marking task as SUCCESS. dag_id=BRONZER_GET_STONCKS, task_id=BRONZE_STONCKS_GOOG, execution_date=20240907T000000, start_date=20240916T165642, end_date=20240916T165644
[2024-09-16 13:56:44,073] {local_task_job.py:156} INFO - Task exited with return code 0
[2024-09-16 13:56:44,117] {local_task_job.py:273} INFO - 0 downstream tasks scheduled from follow-on schedule check
