[2024-09-16 00:03:58,945] {taskinstance.py:1159} INFO - Dependencies all met for <TaskInstance: BRONZER_GET_CRIPTOS.BRONZE_CRIPTO_ETH scheduled__2024-02-13T00:00:00+00:00 [queued]>
[2024-09-16 00:03:59,022] {taskinstance.py:1159} INFO - Dependencies all met for <TaskInstance: BRONZER_GET_CRIPTOS.BRONZE_CRIPTO_ETH scheduled__2024-02-13T00:00:00+00:00 [queued]>
[2024-09-16 00:03:59,022] {taskinstance.py:1356} INFO - 
--------------------------------------------------------------------------------
[2024-09-16 00:03:59,022] {taskinstance.py:1357} INFO - Starting attempt 1 of 1
[2024-09-16 00:03:59,024] {taskinstance.py:1358} INFO - 
--------------------------------------------------------------------------------
[2024-09-16 00:03:59,096] {taskinstance.py:1377} INFO - Executing <Task(_PythonDecoratedOperator): BRONZE_CRIPTO_ETH> on 2024-02-13 00:00:00+00:00
[2024-09-16 00:03:59,105] {standard_task_runner.py:52} INFO - Started process 22357 to run task
[2024-09-16 00:03:59,127] {standard_task_runner.py:79} INFO - Running: ['airflow', 'tasks', 'run', 'BRONZER_GET_CRIPTOS', 'BRONZE_CRIPTO_ETH', 'scheduled__2024-02-13T00:00:00+00:00', '--job-id', '252', '--raw', '--subdir', 'DAGS_FOLDER/get_cripto.py', '--cfg-path', '/tmp/tmp0o93dat5', '--error-file', '/tmp/tmp27dfxwo0']
[2024-09-16 00:03:59,129] {standard_task_runner.py:80} INFO - Job 252: Subtask BRONZE_CRIPTO_ETH
[2024-09-16 00:03:59,402] {task_command.py:370} INFO - Running <TaskInstance: BRONZER_GET_CRIPTOS.BRONZE_CRIPTO_ETH scheduled__2024-02-13T00:00:00+00:00 [running]> on host kaiwang.
[2024-09-16 00:03:59,727] {taskinstance.py:1569} INFO - Exporting the following env vars:
AIRFLOW_CTX_DAG_OWNER=airflow
AIRFLOW_CTX_DAG_ID=BRONZER_GET_CRIPTOS
AIRFLOW_CTX_TASK_ID=BRONZE_CRIPTO_ETH
AIRFLOW_CTX_EXECUTION_DATE=2024-02-13T00:00:00+00:00
AIRFLOW_CTX_TRY_NUMBER=1
AIRFLOW_CTX_DAG_RUN_ID=scheduled__2024-02-13T00:00:00+00:00
[2024-09-16 00:04:02,194] {history.py:244} ERROR - $ETH: possibly delisted; no price data found  (1h 2024-02-10 -> 2024-02-13) (Yahoo error = "Data doesn't exist for startDate = 1707541200, endDate = 1707800400")
[2024-09-16 00:04:02,198] {python.py:173} INFO - Done. Returned value was: None
[2024-09-16 00:04:02,234] {taskinstance.py:1395} INFO - Marking task as SUCCESS. dag_id=BRONZER_GET_CRIPTOS, task_id=BRONZE_CRIPTO_ETH, execution_date=20240213T000000, start_date=20240916T030358, end_date=20240916T030402
[2024-09-16 00:04:02,305] {local_task_job.py:156} INFO - Task exited with return code 0
[2024-09-16 00:04:02,411] {local_task_job.py:273} INFO - 0 downstream tasks scheduled from follow-on schedule check
[2024-09-16 00:13:36,677] {taskinstance.py:1159} INFO - Dependencies all met for <TaskInstance: BRONZER_GET_CRIPTOS.BRONZE_CRIPTO_ETH scheduled__2024-02-13T00:00:00+00:00 [queued]>
[2024-09-16 00:13:36,711] {taskinstance.py:1159} INFO - Dependencies all met for <TaskInstance: BRONZER_GET_CRIPTOS.BRONZE_CRIPTO_ETH scheduled__2024-02-13T00:00:00+00:00 [queued]>
[2024-09-16 00:13:36,712] {taskinstance.py:1356} INFO - 
--------------------------------------------------------------------------------
[2024-09-16 00:13:36,722] {taskinstance.py:1357} INFO - Starting attempt 1 of 1
[2024-09-16 00:13:36,722] {taskinstance.py:1358} INFO - 
--------------------------------------------------------------------------------
[2024-09-16 00:13:36,757] {taskinstance.py:1377} INFO - Executing <Task(_PythonDecoratedOperator): BRONZE_CRIPTO_ETH> on 2024-02-13 00:00:00+00:00
[2024-09-16 00:13:36,797] {standard_task_runner.py:79} INFO - Running: ['airflow', 'tasks', 'run', 'BRONZER_GET_CRIPTOS', 'BRONZE_CRIPTO_ETH', 'scheduled__2024-02-13T00:00:00+00:00', '--job-id', '1728', '--raw', '--subdir', 'DAGS_FOLDER/get_cripto.py', '--cfg-path', '/tmp/tmpnyhmwghu', '--error-file', '/tmp/tmpdb1okyag']
[2024-09-16 00:13:36,799] {standard_task_runner.py:80} INFO - Job 1728: Subtask BRONZE_CRIPTO_ETH
[2024-09-16 00:13:36,765] {standard_task_runner.py:52} INFO - Started process 47980 to run task
[2024-09-16 00:13:37,047] {task_command.py:370} INFO - Running <TaskInstance: BRONZER_GET_CRIPTOS.BRONZE_CRIPTO_ETH scheduled__2024-02-13T00:00:00+00:00 [running]> on host kaiwang.
[2024-09-16 00:13:37,342] {taskinstance.py:1569} INFO - Exporting the following env vars:
AIRFLOW_CTX_DAG_OWNER=airflow
AIRFLOW_CTX_DAG_ID=BRONZER_GET_CRIPTOS
AIRFLOW_CTX_TASK_ID=BRONZE_CRIPTO_ETH
AIRFLOW_CTX_EXECUTION_DATE=2024-02-13T00:00:00+00:00
AIRFLOW_CTX_TRY_NUMBER=1
AIRFLOW_CTX_DAG_RUN_ID=scheduled__2024-02-13T00:00:00+00:00
[2024-09-16 00:13:40,711] {history.py:244} ERROR - $ETH: possibly delisted; no price data found  (1h 2024-02-10 -> 2024-02-13) (Yahoo error = "Data doesn't exist for startDate = 1707541200, endDate = 1707800400")
[2024-09-16 00:13:40,715] {python.py:173} INFO - Done. Returned value was: None
[2024-09-16 00:13:40,762] {taskinstance.py:1395} INFO - Marking task as SUCCESS. dag_id=BRONZER_GET_CRIPTOS, task_id=BRONZE_CRIPTO_ETH, execution_date=20240213T000000, start_date=20240916T031336, end_date=20240916T031340
[2024-09-16 00:13:40,844] {local_task_job.py:156} INFO - Task exited with return code 0
[2024-09-16 00:13:41,208] {local_task_job.py:273} INFO - 0 downstream tasks scheduled from follow-on schedule check
[2024-09-16 00:15:16,727] {taskinstance.py:1159} INFO - Dependencies all met for <TaskInstance: BRONZER_GET_CRIPTOS.BRONZE_CRIPTO_ETH scheduled__2024-02-13T00:00:00+00:00 [queued]>
[2024-09-16 00:15:16,780] {taskinstance.py:1159} INFO - Dependencies all met for <TaskInstance: BRONZER_GET_CRIPTOS.BRONZE_CRIPTO_ETH scheduled__2024-02-13T00:00:00+00:00 [queued]>
[2024-09-16 00:15:16,780] {taskinstance.py:1356} INFO - 
--------------------------------------------------------------------------------
[2024-09-16 00:15:16,780] {taskinstance.py:1357} INFO - Starting attempt 1 of 1
[2024-09-16 00:15:16,780] {taskinstance.py:1358} INFO - 
--------------------------------------------------------------------------------
[2024-09-16 00:15:16,836] {taskinstance.py:1377} INFO - Executing <Task(_PythonDecoratedOperator): BRONZE_CRIPTO_ETH> on 2024-02-13 00:00:00+00:00
[2024-09-16 00:15:16,864] {standard_task_runner.py:52} INFO - Started process 53907 to run task
[2024-09-16 00:15:16,901] {standard_task_runner.py:79} INFO - Running: ['airflow', 'tasks', 'run', 'BRONZER_GET_CRIPTOS', 'BRONZE_CRIPTO_ETH', 'scheduled__2024-02-13T00:00:00+00:00', '--job-id', '2066', '--raw', '--subdir', 'DAGS_FOLDER/get_cripto.py', '--cfg-path', '/tmp/tmpkupjxy_x', '--error-file', '/tmp/tmpdu59tr9k']
[2024-09-16 00:15:16,904] {standard_task_runner.py:80} INFO - Job 2066: Subtask BRONZE_CRIPTO_ETH
[2024-09-16 00:15:17,214] {task_command.py:370} INFO - Running <TaskInstance: BRONZER_GET_CRIPTOS.BRONZE_CRIPTO_ETH scheduled__2024-02-13T00:00:00+00:00 [running]> on host kaiwang.
[2024-09-16 00:15:17,577] {taskinstance.py:1569} INFO - Exporting the following env vars:
AIRFLOW_CTX_DAG_OWNER=airflow
AIRFLOW_CTX_DAG_ID=BRONZER_GET_CRIPTOS
AIRFLOW_CTX_TASK_ID=BRONZE_CRIPTO_ETH
AIRFLOW_CTX_EXECUTION_DATE=2024-02-13T00:00:00+00:00
AIRFLOW_CTX_TRY_NUMBER=1
AIRFLOW_CTX_DAG_RUN_ID=scheduled__2024-02-13T00:00:00+00:00
[2024-09-16 00:15:19,929] {history.py:244} ERROR - $ETH: possibly delisted; no price data found  (1h 2024-02-10 -> 2024-02-13) (Yahoo error = "Data doesn't exist for startDate = 1707541200, endDate = 1707800400")
[2024-09-16 00:15:19,934] {python.py:173} INFO - Done. Returned value was: None
[2024-09-16 00:15:19,957] {taskinstance.py:1395} INFO - Marking task as SUCCESS. dag_id=BRONZER_GET_CRIPTOS, task_id=BRONZE_CRIPTO_ETH, execution_date=20240213T000000, start_date=20240916T031516, end_date=20240916T031519
[2024-09-16 00:15:19,995] {local_task_job.py:156} INFO - Task exited with return code 0
[2024-09-16 00:15:20,049] {local_task_job.py:273} INFO - 0 downstream tasks scheduled from follow-on schedule check
