[2024-09-16 00:07:28,286] {taskinstance.py:1159} INFO - Dependencies all met for <TaskInstance: BRONZER_GET_STONCKS.BRONZE_STONCKS_AAPL scheduled__2024-08-24T00:00:00+00:00 [queued]>
[2024-09-16 00:07:28,342] {taskinstance.py:1159} INFO - Dependencies all met for <TaskInstance: BRONZER_GET_STONCKS.BRONZE_STONCKS_AAPL scheduled__2024-08-24T00:00:00+00:00 [queued]>
[2024-09-16 00:07:28,342] {taskinstance.py:1356} INFO - 
--------------------------------------------------------------------------------
[2024-09-16 00:07:28,342] {taskinstance.py:1357} INFO - Starting attempt 1 of 1
[2024-09-16 00:07:28,342] {taskinstance.py:1358} INFO - 
--------------------------------------------------------------------------------
[2024-09-16 00:07:28,399] {taskinstance.py:1377} INFO - Executing <Task(_PythonDecoratedOperator): BRONZE_STONCKS_AAPL> on 2024-08-24 00:00:00+00:00
[2024-09-16 00:07:28,417] {standard_task_runner.py:52} INFO - Started process 39385 to run task
[2024-09-16 00:07:28,436] {standard_task_runner.py:79} INFO - Running: ['airflow', 'tasks', 'run', 'BRONZER_GET_STONCKS', 'BRONZE_STONCKS_AAPL', 'scheduled__2024-08-24T00:00:00+00:00', '--job-id', '1242', '--raw', '--subdir', 'DAGS_FOLDER/get_stocks.py', '--cfg-path', '/tmp/tmpfmbbt3a6', '--error-file', '/tmp/tmp1r_bkpw2']
[2024-09-16 00:07:28,437] {standard_task_runner.py:80} INFO - Job 1242: Subtask BRONZE_STONCKS_AAPL
[2024-09-16 00:07:28,631] {task_command.py:370} INFO - Running <TaskInstance: BRONZER_GET_STONCKS.BRONZE_STONCKS_AAPL scheduled__2024-08-24T00:00:00+00:00 [running]> on host kaiwang.
[2024-09-16 00:07:28,929] {taskinstance.py:1569} INFO - Exporting the following env vars:
AIRFLOW_CTX_DAG_OWNER=airflow
AIRFLOW_CTX_DAG_ID=BRONZER_GET_STONCKS
AIRFLOW_CTX_TASK_ID=BRONZE_STONCKS_AAPL
AIRFLOW_CTX_EXECUTION_DATE=2024-08-24T00:00:00+00:00
AIRFLOW_CTX_TRY_NUMBER=1
AIRFLOW_CTX_DAG_RUN_ID=scheduled__2024-08-24T00:00:00+00:00
[2024-09-16 00:07:29,557] {python.py:173} INFO - Done. Returned value was: None
[2024-09-16 00:07:29,603] {taskinstance.py:1395} INFO - Marking task as SUCCESS. dag_id=BRONZER_GET_STONCKS, task_id=BRONZE_STONCKS_AAPL, execution_date=20240824T000000, start_date=20240916T030728, end_date=20240916T030729
[2024-09-16 00:07:29,675] {local_task_job.py:156} INFO - Task exited with return code 0
[2024-09-16 00:07:29,735] {local_task_job.py:273} INFO - 0 downstream tasks scheduled from follow-on schedule check
[2024-09-16 13:56:24,237] {taskinstance.py:1159} INFO - Dependencies all met for <TaskInstance: BRONZER_GET_STONCKS.BRONZE_STONCKS_AAPL scheduled__2024-08-24T00:00:00+00:00 [queued]>
[2024-09-16 13:56:24,302] {taskinstance.py:1159} INFO - Dependencies all met for <TaskInstance: BRONZER_GET_STONCKS.BRONZE_STONCKS_AAPL scheduled__2024-08-24T00:00:00+00:00 [queued]>
[2024-09-16 13:56:24,303] {taskinstance.py:1356} INFO - 
--------------------------------------------------------------------------------
[2024-09-16 13:56:24,303] {taskinstance.py:1357} INFO - Starting attempt 1 of 1
[2024-09-16 13:56:24,303] {taskinstance.py:1358} INFO - 
--------------------------------------------------------------------------------
[2024-09-16 13:56:24,353] {taskinstance.py:1377} INFO - Executing <Task(_PythonDecoratedOperator): BRONZE_STONCKS_AAPL> on 2024-08-24 00:00:00+00:00
[2024-09-16 13:56:24,360] {standard_task_runner.py:52} INFO - Started process 138774 to run task
[2024-09-16 13:56:24,376] {standard_task_runner.py:79} INFO - Running: ['airflow', 'tasks', 'run', 'BRONZER_GET_STONCKS', 'BRONZE_STONCKS_AAPL', 'scheduled__2024-08-24T00:00:00+00:00', '--job-id', '2568', '--raw', '--subdir', 'DAGS_FOLDER/get_stocks.py', '--cfg-path', '/tmp/tmp9ph6tfkk', '--error-file', '/tmp/tmp1eca5m2y']
[2024-09-16 13:56:24,377] {standard_task_runner.py:80} INFO - Job 2568: Subtask BRONZE_STONCKS_AAPL
[2024-09-16 13:56:24,667] {task_command.py:370} INFO - Running <TaskInstance: BRONZER_GET_STONCKS.BRONZE_STONCKS_AAPL scheduled__2024-08-24T00:00:00+00:00 [running]> on host kaiwang.
[2024-09-16 13:56:25,309] {taskinstance.py:1569} INFO - Exporting the following env vars:
AIRFLOW_CTX_DAG_OWNER=airflow
AIRFLOW_CTX_DAG_ID=BRONZER_GET_STONCKS
AIRFLOW_CTX_TASK_ID=BRONZE_STONCKS_AAPL
AIRFLOW_CTX_EXECUTION_DATE=2024-08-24T00:00:00+00:00
AIRFLOW_CTX_TRY_NUMBER=1
AIRFLOW_CTX_DAG_RUN_ID=scheduled__2024-08-24T00:00:00+00:00
[2024-09-16 13:56:25,986] {python.py:173} INFO - Done. Returned value was: None
[2024-09-16 13:56:26,049] {taskinstance.py:1395} INFO - Marking task as SUCCESS. dag_id=BRONZER_GET_STONCKS, task_id=BRONZE_STONCKS_AAPL, execution_date=20240824T000000, start_date=20240916T165624, end_date=20240916T165626
[2024-09-16 13:56:26,133] {local_task_job.py:156} INFO - Task exited with return code 0
[2024-09-16 13:56:26,276] {local_task_job.py:273} INFO - 0 downstream tasks scheduled from follow-on schedule check
