[2024-09-16 00:04:48,176] {taskinstance.py:1159} INFO - Dependencies all met for <TaskInstance: BRONZER_GET_STONCKS.BRONZE_STONCKS_MSFT scheduled__2024-03-29T00:00:00+00:00 [queued]>
[2024-09-16 00:04:48,317] {taskinstance.py:1159} INFO - Dependencies all met for <TaskInstance: BRONZER_GET_STONCKS.BRONZE_STONCKS_MSFT scheduled__2024-03-29T00:00:00+00:00 [queued]>
[2024-09-16 00:04:48,317] {taskinstance.py:1356} INFO - 
--------------------------------------------------------------------------------
[2024-09-16 00:04:48,317] {taskinstance.py:1357} INFO - Starting attempt 1 of 1
[2024-09-16 00:04:48,317] {taskinstance.py:1358} INFO - 
--------------------------------------------------------------------------------
[2024-09-16 00:04:48,426] {taskinstance.py:1377} INFO - Executing <Task(_PythonDecoratedOperator): BRONZE_STONCKS_MSFT> on 2024-03-29 00:00:00+00:00
[2024-09-16 00:04:48,441] {standard_task_runner.py:52} INFO - Started process 26353 to run task
[2024-09-16 00:04:48,478] {standard_task_runner.py:79} INFO - Running: ['airflow', 'tasks', 'run', 'BRONZER_GET_STONCKS', 'BRONZE_STONCKS_MSFT', 'scheduled__2024-03-29T00:00:00+00:00', '--job-id', '480', '--raw', '--subdir', 'DAGS_FOLDER/get_stocks.py', '--cfg-path', '/tmp/tmpbytlppd8', '--error-file', '/tmp/tmp7i0p39j1']
[2024-09-16 00:04:48,479] {standard_task_runner.py:80} INFO - Job 480: Subtask BRONZE_STONCKS_MSFT
[2024-09-16 00:04:49,055] {task_command.py:370} INFO - Running <TaskInstance: BRONZER_GET_STONCKS.BRONZE_STONCKS_MSFT scheduled__2024-03-29T00:00:00+00:00 [running]> on host kaiwang.
[2024-09-16 00:04:49,727] {taskinstance.py:1569} INFO - Exporting the following env vars:
AIRFLOW_CTX_DAG_OWNER=airflow
AIRFLOW_CTX_DAG_ID=BRONZER_GET_STONCKS
AIRFLOW_CTX_TASK_ID=BRONZE_STONCKS_MSFT
AIRFLOW_CTX_EXECUTION_DATE=2024-03-29T00:00:00+00:00
AIRFLOW_CTX_TRY_NUMBER=1
AIRFLOW_CTX_DAG_RUN_ID=scheduled__2024-03-29T00:00:00+00:00
[2024-09-16 00:04:50,467] {python.py:173} INFO - Done. Returned value was: None
[2024-09-16 00:04:50,573] {taskinstance.py:1395} INFO - Marking task as SUCCESS. dag_id=BRONZER_GET_STONCKS, task_id=BRONZE_STONCKS_MSFT, execution_date=20240329T000000, start_date=20240916T030448, end_date=20240916T030450
[2024-09-16 00:04:50,648] {local_task_job.py:156} INFO - Task exited with return code 0
[2024-09-16 00:04:50,773] {local_task_job.py:273} INFO - 0 downstream tasks scheduled from follow-on schedule check
[2024-09-16 00:15:55,074] {taskinstance.py:1159} INFO - Dependencies all met for <TaskInstance: BRONZER_GET_STONCKS.BRONZE_STONCKS_MSFT scheduled__2024-03-29T00:00:00+00:00 [queued]>
[2024-09-16 00:15:55,096] {taskinstance.py:1159} INFO - Dependencies all met for <TaskInstance: BRONZER_GET_STONCKS.BRONZE_STONCKS_MSFT scheduled__2024-03-29T00:00:00+00:00 [queued]>
[2024-09-16 00:15:55,096] {taskinstance.py:1356} INFO - 
--------------------------------------------------------------------------------
[2024-09-16 00:15:55,096] {taskinstance.py:1357} INFO - Starting attempt 1 of 1
[2024-09-16 00:15:55,096] {taskinstance.py:1358} INFO - 
--------------------------------------------------------------------------------
[2024-09-16 00:15:55,182] {taskinstance.py:1377} INFO - Executing <Task(_PythonDecoratedOperator): BRONZE_STONCKS_MSFT> on 2024-03-29 00:00:00+00:00
[2024-09-16 00:15:55,188] {standard_task_runner.py:52} INFO - Started process 57050 to run task
[2024-09-16 00:15:55,242] {standard_task_runner.py:79} INFO - Running: ['airflow', 'tasks', 'run', 'BRONZER_GET_STONCKS', 'BRONZE_STONCKS_MSFT', 'scheduled__2024-03-29T00:00:00+00:00', '--job-id', '2258', '--raw', '--subdir', 'DAGS_FOLDER/get_stocks.py', '--cfg-path', '/tmp/tmpo0xiv1h9', '--error-file', '/tmp/tmpqy5jk1ky']
[2024-09-16 00:15:55,243] {standard_task_runner.py:80} INFO - Job 2258: Subtask BRONZE_STONCKS_MSFT
[2024-09-16 00:15:55,586] {task_command.py:370} INFO - Running <TaskInstance: BRONZER_GET_STONCKS.BRONZE_STONCKS_MSFT scheduled__2024-03-29T00:00:00+00:00 [running]> on host kaiwang.
[2024-09-16 00:15:55,867] {taskinstance.py:1569} INFO - Exporting the following env vars:
AIRFLOW_CTX_DAG_OWNER=airflow
AIRFLOW_CTX_DAG_ID=BRONZER_GET_STONCKS
AIRFLOW_CTX_TASK_ID=BRONZE_STONCKS_MSFT
AIRFLOW_CTX_EXECUTION_DATE=2024-03-29T00:00:00+00:00
AIRFLOW_CTX_TRY_NUMBER=1
AIRFLOW_CTX_DAG_RUN_ID=scheduled__2024-03-29T00:00:00+00:00
[2024-09-16 00:15:56,736] {python.py:173} INFO - Done. Returned value was: None
[2024-09-16 00:15:56,760] {taskinstance.py:1395} INFO - Marking task as SUCCESS. dag_id=BRONZER_GET_STONCKS, task_id=BRONZE_STONCKS_MSFT, execution_date=20240329T000000, start_date=20240916T031555, end_date=20240916T031556
[2024-09-16 00:15:56,812] {local_task_job.py:156} INFO - Task exited with return code 0
[2024-09-16 00:15:56,884] {local_task_job.py:273} INFO - 0 downstream tasks scheduled from follow-on schedule check
