[2024-09-16 00:04:31,092] {taskinstance.py:1159} INFO - Dependencies all met for <TaskInstance: BRONZER_GET_CRIPTOS.BRONZE_CRIPTO_DOGE scheduled__2024-03-07T00:00:00+00:00 [queued]>
[2024-09-16 00:04:31,139] {taskinstance.py:1159} INFO - Dependencies all met for <TaskInstance: BRONZER_GET_CRIPTOS.BRONZE_CRIPTO_DOGE scheduled__2024-03-07T00:00:00+00:00 [queued]>
[2024-09-16 00:04:31,139] {taskinstance.py:1356} INFO - 
--------------------------------------------------------------------------------
[2024-09-16 00:04:31,140] {taskinstance.py:1357} INFO - Starting attempt 1 of 1
[2024-09-16 00:04:31,140] {taskinstance.py:1358} INFO - 
--------------------------------------------------------------------------------
[2024-09-16 00:04:31,210] {taskinstance.py:1377} INFO - Executing <Task(_PythonDecoratedOperator): BRONZE_CRIPTO_DOGE> on 2024-03-07 00:00:00+00:00
[2024-09-16 00:04:31,246] {standard_task_runner.py:52} INFO - Started process 24995 to run task
[2024-09-16 00:04:31,256] {standard_task_runner.py:79} INFO - Running: ['airflow', 'tasks', 'run', 'BRONZER_GET_CRIPTOS', 'BRONZE_CRIPTO_DOGE', 'scheduled__2024-03-07T00:00:00+00:00', '--job-id', '406', '--raw', '--subdir', 'DAGS_FOLDER/get_cripto.py', '--cfg-path', '/tmp/tmp60t21pea', '--error-file', '/tmp/tmpop4_jjld']
[2024-09-16 00:04:31,257] {standard_task_runner.py:80} INFO - Job 406: Subtask BRONZE_CRIPTO_DOGE
[2024-09-16 00:04:31,520] {task_command.py:370} INFO - Running <TaskInstance: BRONZER_GET_CRIPTOS.BRONZE_CRIPTO_DOGE scheduled__2024-03-07T00:00:00+00:00 [running]> on host kaiwang.
[2024-09-16 00:04:31,872] {taskinstance.py:1569} INFO - Exporting the following env vars:
AIRFLOW_CTX_DAG_OWNER=airflow
AIRFLOW_CTX_DAG_ID=BRONZER_GET_CRIPTOS
AIRFLOW_CTX_TASK_ID=BRONZE_CRIPTO_DOGE
AIRFLOW_CTX_EXECUTION_DATE=2024-03-07T00:00:00+00:00
AIRFLOW_CTX_TRY_NUMBER=1
AIRFLOW_CTX_DAG_RUN_ID=scheduled__2024-03-07T00:00:00+00:00
[2024-09-16 00:04:34,823] {history.py:122} ERROR - $DOGE: possibly delisted; no timezone found
[2024-09-16 00:04:34,827] {python.py:173} INFO - Done. Returned value was: None
[2024-09-16 00:04:34,862] {taskinstance.py:1395} INFO - Marking task as SUCCESS. dag_id=BRONZER_GET_CRIPTOS, task_id=BRONZE_CRIPTO_DOGE, execution_date=20240307T000000, start_date=20240916T030431, end_date=20240916T030434
[2024-09-16 00:04:34,977] {local_task_job.py:156} INFO - Task exited with return code 0
[2024-09-16 00:04:35,130] {local_task_job.py:273} INFO - 0 downstream tasks scheduled from follow-on schedule check
[2024-09-16 00:15:46,556] {taskinstance.py:1159} INFO - Dependencies all met for <TaskInstance: BRONZER_GET_CRIPTOS.BRONZE_CRIPTO_DOGE scheduled__2024-03-07T00:00:00+00:00 [queued]>
[2024-09-16 00:15:46,608] {taskinstance.py:1159} INFO - Dependencies all met for <TaskInstance: BRONZER_GET_CRIPTOS.BRONZE_CRIPTO_DOGE scheduled__2024-03-07T00:00:00+00:00 [queued]>
[2024-09-16 00:15:46,608] {taskinstance.py:1356} INFO - 
--------------------------------------------------------------------------------
[2024-09-16 00:15:46,608] {taskinstance.py:1357} INFO - Starting attempt 1 of 1
[2024-09-16 00:15:46,608] {taskinstance.py:1358} INFO - 
--------------------------------------------------------------------------------
[2024-09-16 00:15:46,697] {taskinstance.py:1377} INFO - Executing <Task(_PythonDecoratedOperator): BRONZE_CRIPTO_DOGE> on 2024-03-07 00:00:00+00:00
[2024-09-16 00:15:46,725] {standard_task_runner.py:52} INFO - Started process 56351 to run task
[2024-09-16 00:15:46,749] {standard_task_runner.py:79} INFO - Running: ['airflow', 'tasks', 'run', 'BRONZER_GET_CRIPTOS', 'BRONZE_CRIPTO_DOGE', 'scheduled__2024-03-07T00:00:00+00:00', '--job-id', '2206', '--raw', '--subdir', 'DAGS_FOLDER/get_cripto.py', '--cfg-path', '/tmp/tmpqsf30aaf', '--error-file', '/tmp/tmpz704aui4']
[2024-09-16 00:15:46,750] {standard_task_runner.py:80} INFO - Job 2206: Subtask BRONZE_CRIPTO_DOGE
[2024-09-16 00:15:46,957] {task_command.py:370} INFO - Running <TaskInstance: BRONZER_GET_CRIPTOS.BRONZE_CRIPTO_DOGE scheduled__2024-03-07T00:00:00+00:00 [running]> on host kaiwang.
[2024-09-16 00:15:47,303] {taskinstance.py:1569} INFO - Exporting the following env vars:
AIRFLOW_CTX_DAG_OWNER=airflow
AIRFLOW_CTX_DAG_ID=BRONZER_GET_CRIPTOS
AIRFLOW_CTX_TASK_ID=BRONZE_CRIPTO_DOGE
AIRFLOW_CTX_EXECUTION_DATE=2024-03-07T00:00:00+00:00
AIRFLOW_CTX_TRY_NUMBER=1
AIRFLOW_CTX_DAG_RUN_ID=scheduled__2024-03-07T00:00:00+00:00
[2024-09-16 00:15:50,270] {history.py:122} ERROR - $DOGE: possibly delisted; no timezone found
[2024-09-16 00:15:50,274] {python.py:173} INFO - Done. Returned value was: None
[2024-09-16 00:15:50,375] {taskinstance.py:1395} INFO - Marking task as SUCCESS. dag_id=BRONZER_GET_CRIPTOS, task_id=BRONZE_CRIPTO_DOGE, execution_date=20240307T000000, start_date=20240916T031546, end_date=20240916T031550
[2024-09-16 00:15:50,512] {local_task_job.py:156} INFO - Task exited with return code 0
[2024-09-16 00:15:50,690] {local_task_job.py:273} INFO - 0 downstream tasks scheduled from follow-on schedule check
