[2024-09-16 00:06:10,402] {taskinstance.py:1159} INFO - Dependencies all met for <TaskInstance: BRONZER_GET_CRIPTOS.BRONZE_CRIPTO_AVAX scheduled__2024-05-18T00:00:00+00:00 [queued]>
[2024-09-16 00:06:10,429] {taskinstance.py:1159} INFO - Dependencies all met for <TaskInstance: BRONZER_GET_CRIPTOS.BRONZE_CRIPTO_AVAX scheduled__2024-05-18T00:00:00+00:00 [queued]>
[2024-09-16 00:06:10,443] {taskinstance.py:1356} INFO - 
--------------------------------------------------------------------------------
[2024-09-16 00:06:10,443] {taskinstance.py:1357} INFO - Starting attempt 1 of 1
[2024-09-16 00:06:10,443] {taskinstance.py:1358} INFO - 
--------------------------------------------------------------------------------
[2024-09-16 00:06:10,477] {taskinstance.py:1377} INFO - Executing <Task(_PythonDecoratedOperator): BRONZE_CRIPTO_AVAX> on 2024-05-18 00:00:00+00:00
[2024-09-16 00:06:10,484] {standard_task_runner.py:52} INFO - Started process 32945 to run task
[2024-09-16 00:06:10,506] {standard_task_runner.py:79} INFO - Running: ['airflow', 'tasks', 'run', 'BRONZER_GET_CRIPTOS', 'BRONZE_CRIPTO_AVAX', 'scheduled__2024-05-18T00:00:00+00:00', '--job-id', '868', '--raw', '--subdir', 'DAGS_FOLDER/get_cripto.py', '--cfg-path', '/tmp/tmpnhrdaevp', '--error-file', '/tmp/tmp9_bnyrlg']
[2024-09-16 00:06:10,507] {standard_task_runner.py:80} INFO - Job 868: Subtask BRONZE_CRIPTO_AVAX
[2024-09-16 00:06:10,704] {task_command.py:370} INFO - Running <TaskInstance: BRONZER_GET_CRIPTOS.BRONZE_CRIPTO_AVAX scheduled__2024-05-18T00:00:00+00:00 [running]> on host kaiwang.
[2024-09-16 00:06:10,949] {taskinstance.py:1569} INFO - Exporting the following env vars:
AIRFLOW_CTX_DAG_OWNER=airflow
AIRFLOW_CTX_DAG_ID=BRONZER_GET_CRIPTOS
AIRFLOW_CTX_TASK_ID=BRONZE_CRIPTO_AVAX
AIRFLOW_CTX_EXECUTION_DATE=2024-05-18T00:00:00+00:00
AIRFLOW_CTX_TRY_NUMBER=1
AIRFLOW_CTX_DAG_RUN_ID=scheduled__2024-05-18T00:00:00+00:00
[2024-09-16 00:06:14,418] {history.py:122} ERROR - $AVAX: possibly delisted; no timezone found
[2024-09-16 00:06:14,424] {python.py:173} INFO - Done. Returned value was: None
[2024-09-16 00:06:14,585] {taskinstance.py:1395} INFO - Marking task as SUCCESS. dag_id=BRONZER_GET_CRIPTOS, task_id=BRONZE_CRIPTO_AVAX, execution_date=20240518T000000, start_date=20240916T030610, end_date=20240916T030614
[2024-09-16 00:06:14,659] {local_task_job.py:156} INFO - Task exited with return code 0
[2024-09-16 00:06:14,949] {local_task_job.py:273} INFO - 0 downstream tasks scheduled from follow-on schedule check
