[2024-09-16 00:08:03,013] {taskinstance.py:1159} INFO - Dependencies all met for <TaskInstance: BRONZER_GET_CRIPTOS.BRONZE_CRIPTO_DOGE scheduled__2024-08-15T00:00:00+00:00 [queued]>
[2024-09-16 00:08:03,029] {taskinstance.py:1159} INFO - Dependencies all met for <TaskInstance: BRONZER_GET_CRIPTOS.BRONZE_CRIPTO_DOGE scheduled__2024-08-15T00:00:00+00:00 [queued]>
[2024-09-16 00:08:03,030] {taskinstance.py:1356} INFO - 
--------------------------------------------------------------------------------
[2024-09-16 00:08:03,030] {taskinstance.py:1357} INFO - Starting attempt 1 of 1
[2024-09-16 00:08:03,030] {taskinstance.py:1358} INFO - 
--------------------------------------------------------------------------------
[2024-09-16 00:08:03,055] {taskinstance.py:1377} INFO - Executing <Task(_PythonDecoratedOperator): BRONZE_CRIPTO_DOGE> on 2024-08-15 00:00:00+00:00
[2024-09-16 00:08:03,063] {standard_task_runner.py:52} INFO - Started process 41902 to run task
[2024-09-16 00:08:03,072] {standard_task_runner.py:79} INFO - Running: ['airflow', 'tasks', 'run', 'BRONZER_GET_CRIPTOS', 'BRONZE_CRIPTO_DOGE', 'scheduled__2024-08-15T00:00:00+00:00', '--job-id', '1390', '--raw', '--subdir', 'DAGS_FOLDER/get_cripto.py', '--cfg-path', '/tmp/tmpegyz9w6f', '--error-file', '/tmp/tmpmsycgf37']
[2024-09-16 00:08:03,073] {standard_task_runner.py:80} INFO - Job 1390: Subtask BRONZE_CRIPTO_DOGE
[2024-09-16 00:08:03,298] {task_command.py:370} INFO - Running <TaskInstance: BRONZER_GET_CRIPTOS.BRONZE_CRIPTO_DOGE scheduled__2024-08-15T00:00:00+00:00 [running]> on host kaiwang.
[2024-09-16 00:08:03,516] {taskinstance.py:1569} INFO - Exporting the following env vars:
AIRFLOW_CTX_DAG_OWNER=airflow
AIRFLOW_CTX_DAG_ID=BRONZER_GET_CRIPTOS
AIRFLOW_CTX_TASK_ID=BRONZE_CRIPTO_DOGE
AIRFLOW_CTX_EXECUTION_DATE=2024-08-15T00:00:00+00:00
AIRFLOW_CTX_TRY_NUMBER=1
AIRFLOW_CTX_DAG_RUN_ID=scheduled__2024-08-15T00:00:00+00:00
[2024-09-16 00:08:07,356] {history.py:122} ERROR - $DOGE: possibly delisted; no timezone found
[2024-09-16 00:08:07,360] {python.py:173} INFO - Done. Returned value was: None
[2024-09-16 00:08:07,383] {taskinstance.py:1395} INFO - Marking task as SUCCESS. dag_id=BRONZER_GET_CRIPTOS, task_id=BRONZE_CRIPTO_DOGE, execution_date=20240815T000000, start_date=20240916T030803, end_date=20240916T030807
[2024-09-16 00:08:07,404] {local_task_job.py:156} INFO - Task exited with return code 0
[2024-09-16 00:08:07,438] {local_task_job.py:273} INFO - 0 downstream tasks scheduled from follow-on schedule check
[2024-09-16 13:56:06,184] {taskinstance.py:1159} INFO - Dependencies all met for <TaskInstance: BRONZER_GET_CRIPTOS.BRONZE_CRIPTO_DOGE scheduled__2024-08-15T00:00:00+00:00 [queued]>
[2024-09-16 13:56:06,198] {taskinstance.py:1159} INFO - Dependencies all met for <TaskInstance: BRONZER_GET_CRIPTOS.BRONZE_CRIPTO_DOGE scheduled__2024-08-15T00:00:00+00:00 [queued]>
[2024-09-16 13:56:06,198] {taskinstance.py:1356} INFO - 
--------------------------------------------------------------------------------
[2024-09-16 13:56:06,198] {taskinstance.py:1357} INFO - Starting attempt 1 of 1
[2024-09-16 13:56:06,198] {taskinstance.py:1358} INFO - 
--------------------------------------------------------------------------------
[2024-09-16 13:56:06,216] {taskinstance.py:1377} INFO - Executing <Task(_PythonDecoratedOperator): BRONZE_CRIPTO_DOGE> on 2024-08-15 00:00:00+00:00
[2024-09-16 13:56:06,222] {standard_task_runner.py:52} INFO - Started process 137618 to run task
[2024-09-16 13:56:06,229] {standard_task_runner.py:79} INFO - Running: ['airflow', 'tasks', 'run', 'BRONZER_GET_CRIPTOS', 'BRONZE_CRIPTO_DOGE', 'scheduled__2024-08-15T00:00:00+00:00', '--job-id', '2518', '--raw', '--subdir', 'DAGS_FOLDER/get_cripto.py', '--cfg-path', '/tmp/tmpqnsldajk', '--error-file', '/tmp/tmpex_ozf9w']
[2024-09-16 13:56:06,230] {standard_task_runner.py:80} INFO - Job 2518: Subtask BRONZE_CRIPTO_DOGE
[2024-09-16 13:56:06,346] {task_command.py:370} INFO - Running <TaskInstance: BRONZER_GET_CRIPTOS.BRONZE_CRIPTO_DOGE scheduled__2024-08-15T00:00:00+00:00 [running]> on host kaiwang.
[2024-09-16 13:56:06,751] {taskinstance.py:1569} INFO - Exporting the following env vars:
AIRFLOW_CTX_DAG_OWNER=airflow
AIRFLOW_CTX_DAG_ID=BRONZER_GET_CRIPTOS
AIRFLOW_CTX_TASK_ID=BRONZE_CRIPTO_DOGE
AIRFLOW_CTX_EXECUTION_DATE=2024-08-15T00:00:00+00:00
AIRFLOW_CTX_TRY_NUMBER=1
AIRFLOW_CTX_DAG_RUN_ID=scheduled__2024-08-15T00:00:00+00:00
[2024-09-16 13:56:10,310] {history.py:122} ERROR - $DOGE: possibly delisted; no timezone found
[2024-09-16 13:56:10,315] {python.py:173} INFO - Done. Returned value was: None
[2024-09-16 13:56:10,372] {taskinstance.py:1395} INFO - Marking task as SUCCESS. dag_id=BRONZER_GET_CRIPTOS, task_id=BRONZE_CRIPTO_DOGE, execution_date=20240815T000000, start_date=20240916T165606, end_date=20240916T165610
[2024-09-16 13:56:10,427] {local_task_job.py:156} INFO - Task exited with return code 0
[2024-09-16 13:56:10,564] {local_task_job.py:273} INFO - 0 downstream tasks scheduled from follow-on schedule check
