[2024-09-16 00:04:36,983] {taskinstance.py:1159} INFO - Dependencies all met for <TaskInstance: BRONZER_GET_STONCKS.BRONZE_STONCKS_MSFT scheduled__2024-03-19T00:00:00+00:00 [queued]>
[2024-09-16 00:04:37,048] {taskinstance.py:1159} INFO - Dependencies all met for <TaskInstance: BRONZER_GET_STONCKS.BRONZE_STONCKS_MSFT scheduled__2024-03-19T00:00:00+00:00 [queued]>
[2024-09-16 00:04:37,048] {taskinstance.py:1356} INFO - 
--------------------------------------------------------------------------------
[2024-09-16 00:04:37,048] {taskinstance.py:1357} INFO - Starting attempt 1 of 1
[2024-09-16 00:04:37,048] {taskinstance.py:1358} INFO - 
--------------------------------------------------------------------------------
[2024-09-16 00:04:37,122] {taskinstance.py:1377} INFO - Executing <Task(_PythonDecoratedOperator): BRONZE_STONCKS_MSFT> on 2024-03-19 00:00:00+00:00
[2024-09-16 00:04:37,133] {standard_task_runner.py:52} INFO - Started process 25495 to run task
[2024-09-16 00:04:37,171] {standard_task_runner.py:79} INFO - Running: ['airflow', 'tasks', 'run', 'BRONZER_GET_STONCKS', 'BRONZE_STONCKS_MSFT', 'scheduled__2024-03-19T00:00:00+00:00', '--job-id', '429', '--raw', '--subdir', 'DAGS_FOLDER/get_stocks.py', '--cfg-path', '/tmp/tmp8biwfqhh', '--error-file', '/tmp/tmpmkznzqng']
[2024-09-16 00:04:37,194] {standard_task_runner.py:80} INFO - Job 429: Subtask BRONZE_STONCKS_MSFT
[2024-09-16 00:04:37,504] {task_command.py:370} INFO - Running <TaskInstance: BRONZER_GET_STONCKS.BRONZE_STONCKS_MSFT scheduled__2024-03-19T00:00:00+00:00 [running]> on host kaiwang.
[2024-09-16 00:04:37,871] {taskinstance.py:1569} INFO - Exporting the following env vars:
AIRFLOW_CTX_DAG_OWNER=airflow
AIRFLOW_CTX_DAG_ID=BRONZER_GET_STONCKS
AIRFLOW_CTX_TASK_ID=BRONZE_STONCKS_MSFT
AIRFLOW_CTX_EXECUTION_DATE=2024-03-19T00:00:00+00:00
AIRFLOW_CTX_TRY_NUMBER=1
AIRFLOW_CTX_DAG_RUN_ID=scheduled__2024-03-19T00:00:00+00:00
[2024-09-16 00:04:38,564] {python.py:173} INFO - Done. Returned value was: None
[2024-09-16 00:04:38,801] {taskinstance.py:1395} INFO - Marking task as SUCCESS. dag_id=BRONZER_GET_STONCKS, task_id=BRONZE_STONCKS_MSFT, execution_date=20240319T000000, start_date=20240916T030436, end_date=20240916T030438
[2024-09-16 00:04:38,853] {local_task_job.py:156} INFO - Task exited with return code 0
[2024-09-16 00:04:38,939] {local_task_job.py:273} INFO - 0 downstream tasks scheduled from follow-on schedule check
[2024-09-16 00:15:43,267] {taskinstance.py:1159} INFO - Dependencies all met for <TaskInstance: BRONZER_GET_STONCKS.BRONZE_STONCKS_MSFT scheduled__2024-03-19T00:00:00+00:00 [queued]>
[2024-09-16 00:15:43,282] {taskinstance.py:1159} INFO - Dependencies all met for <TaskInstance: BRONZER_GET_STONCKS.BRONZE_STONCKS_MSFT scheduled__2024-03-19T00:00:00+00:00 [queued]>
[2024-09-16 00:15:43,282] {taskinstance.py:1356} INFO - 
--------------------------------------------------------------------------------
[2024-09-16 00:15:43,282] {taskinstance.py:1357} INFO - Starting attempt 1 of 1
[2024-09-16 00:15:43,282] {taskinstance.py:1358} INFO - 
--------------------------------------------------------------------------------
[2024-09-16 00:15:43,315] {taskinstance.py:1377} INFO - Executing <Task(_PythonDecoratedOperator): BRONZE_STONCKS_MSFT> on 2024-03-19 00:00:00+00:00
[2024-09-16 00:15:43,348] {standard_task_runner.py:52} INFO - Started process 56096 to run task
[2024-09-16 00:15:43,382] {standard_task_runner.py:79} INFO - Running: ['airflow', 'tasks', 'run', 'BRONZER_GET_STONCKS', 'BRONZE_STONCKS_MSFT', 'scheduled__2024-03-19T00:00:00+00:00', '--job-id', '2196', '--raw', '--subdir', 'DAGS_FOLDER/get_stocks.py', '--cfg-path', '/tmp/tmp2f2aztai', '--error-file', '/tmp/tmpe7e7cuqs']
[2024-09-16 00:15:43,383] {standard_task_runner.py:80} INFO - Job 2196: Subtask BRONZE_STONCKS_MSFT
[2024-09-16 00:15:43,588] {task_command.py:370} INFO - Running <TaskInstance: BRONZER_GET_STONCKS.BRONZE_STONCKS_MSFT scheduled__2024-03-19T00:00:00+00:00 [running]> on host kaiwang.
[2024-09-16 00:15:43,844] {taskinstance.py:1569} INFO - Exporting the following env vars:
AIRFLOW_CTX_DAG_OWNER=airflow
AIRFLOW_CTX_DAG_ID=BRONZER_GET_STONCKS
AIRFLOW_CTX_TASK_ID=BRONZE_STONCKS_MSFT
AIRFLOW_CTX_EXECUTION_DATE=2024-03-19T00:00:00+00:00
AIRFLOW_CTX_TRY_NUMBER=1
AIRFLOW_CTX_DAG_RUN_ID=scheduled__2024-03-19T00:00:00+00:00
[2024-09-16 00:15:44,417] {python.py:173} INFO - Done. Returned value was: None
[2024-09-16 00:15:44,433] {taskinstance.py:1395} INFO - Marking task as SUCCESS. dag_id=BRONZER_GET_STONCKS, task_id=BRONZE_STONCKS_MSFT, execution_date=20240319T000000, start_date=20240916T031543, end_date=20240916T031544
[2024-09-16 00:15:44,474] {local_task_job.py:156} INFO - Task exited with return code 0
[2024-09-16 00:15:44,507] {local_task_job.py:273} INFO - 0 downstream tasks scheduled from follow-on schedule check
