[2024-09-16 00:07:16,440] {taskinstance.py:1159} INFO - Dependencies all met for <TaskInstance: BRONZER_GET_STONCKS.BRONZE_STONCKS_MSFT scheduled__2024-08-13T00:00:00+00:00 [queued]>
[2024-09-16 00:07:16,479] {taskinstance.py:1159} INFO - Dependencies all met for <TaskInstance: BRONZER_GET_STONCKS.BRONZE_STONCKS_MSFT scheduled__2024-08-13T00:00:00+00:00 [queued]>
[2024-09-16 00:07:16,479] {taskinstance.py:1356} INFO - 
--------------------------------------------------------------------------------
[2024-09-16 00:07:16,479] {taskinstance.py:1357} INFO - Starting attempt 1 of 1
[2024-09-16 00:07:16,479] {taskinstance.py:1358} INFO - 
--------------------------------------------------------------------------------
[2024-09-16 00:07:16,555] {taskinstance.py:1377} INFO - Executing <Task(_PythonDecoratedOperator): BRONZE_STONCKS_MSFT> on 2024-08-13 00:00:00+00:00
[2024-09-16 00:07:16,560] {standard_task_runner.py:52} INFO - Started process 38379 to run task
[2024-09-16 00:07:16,584] {standard_task_runner.py:79} INFO - Running: ['airflow', 'tasks', 'run', 'BRONZER_GET_STONCKS', 'BRONZE_STONCKS_MSFT', 'scheduled__2024-08-13T00:00:00+00:00', '--job-id', '1184', '--raw', '--subdir', 'DAGS_FOLDER/get_stocks.py', '--cfg-path', '/tmp/tmpv686zoo5', '--error-file', '/tmp/tmp56t2od9p']
[2024-09-16 00:07:16,585] {standard_task_runner.py:80} INFO - Job 1184: Subtask BRONZE_STONCKS_MSFT
[2024-09-16 00:07:16,844] {task_command.py:370} INFO - Running <TaskInstance: BRONZER_GET_STONCKS.BRONZE_STONCKS_MSFT scheduled__2024-08-13T00:00:00+00:00 [running]> on host kaiwang.
[2024-09-16 00:07:17,182] {taskinstance.py:1569} INFO - Exporting the following env vars:
AIRFLOW_CTX_DAG_OWNER=airflow
AIRFLOW_CTX_DAG_ID=BRONZER_GET_STONCKS
AIRFLOW_CTX_TASK_ID=BRONZE_STONCKS_MSFT
AIRFLOW_CTX_EXECUTION_DATE=2024-08-13T00:00:00+00:00
AIRFLOW_CTX_TRY_NUMBER=1
AIRFLOW_CTX_DAG_RUN_ID=scheduled__2024-08-13T00:00:00+00:00
[2024-09-16 00:07:17,868] {python.py:173} INFO - Done. Returned value was: None
[2024-09-16 00:07:17,917] {taskinstance.py:1395} INFO - Marking task as SUCCESS. dag_id=BRONZER_GET_STONCKS, task_id=BRONZE_STONCKS_MSFT, execution_date=20240813T000000, start_date=20240916T030716, end_date=20240916T030717
[2024-09-16 00:07:17,973] {local_task_job.py:156} INFO - Task exited with return code 0
[2024-09-16 00:07:18,074] {local_task_job.py:273} INFO - 0 downstream tasks scheduled from follow-on schedule check
[2024-09-16 13:56:01,851] {taskinstance.py:1159} INFO - Dependencies all met for <TaskInstance: BRONZER_GET_STONCKS.BRONZE_STONCKS_MSFT scheduled__2024-08-13T00:00:00+00:00 [queued]>
[2024-09-16 13:56:01,954] {taskinstance.py:1159} INFO - Dependencies all met for <TaskInstance: BRONZER_GET_STONCKS.BRONZE_STONCKS_MSFT scheduled__2024-08-13T00:00:00+00:00 [queued]>
[2024-09-16 13:56:01,955] {taskinstance.py:1356} INFO - 
--------------------------------------------------------------------------------
[2024-09-16 13:56:01,955] {taskinstance.py:1357} INFO - Starting attempt 1 of 1
[2024-09-16 13:56:01,955] {taskinstance.py:1358} INFO - 
--------------------------------------------------------------------------------
[2024-09-16 13:56:02,038] {taskinstance.py:1377} INFO - Executing <Task(_PythonDecoratedOperator): BRONZE_STONCKS_MSFT> on 2024-08-13 00:00:00+00:00
[2024-09-16 13:56:02,068] {standard_task_runner.py:52} INFO - Started process 137322 to run task
[2024-09-16 13:56:02,096] {standard_task_runner.py:79} INFO - Running: ['airflow', 'tasks', 'run', 'BRONZER_GET_STONCKS', 'BRONZE_STONCKS_MSFT', 'scheduled__2024-08-13T00:00:00+00:00', '--job-id', '2503', '--raw', '--subdir', 'DAGS_FOLDER/get_stocks.py', '--cfg-path', '/tmp/tmpe5qty5x0', '--error-file', '/tmp/tmptmhhm1b6']
[2024-09-16 13:56:02,106] {standard_task_runner.py:80} INFO - Job 2503: Subtask BRONZE_STONCKS_MSFT
[2024-09-16 13:56:02,430] {task_command.py:370} INFO - Running <TaskInstance: BRONZER_GET_STONCKS.BRONZE_STONCKS_MSFT scheduled__2024-08-13T00:00:00+00:00 [running]> on host kaiwang.
[2024-09-16 13:56:03,224] {taskinstance.py:1569} INFO - Exporting the following env vars:
AIRFLOW_CTX_DAG_OWNER=airflow
AIRFLOW_CTX_DAG_ID=BRONZER_GET_STONCKS
AIRFLOW_CTX_TASK_ID=BRONZE_STONCKS_MSFT
AIRFLOW_CTX_EXECUTION_DATE=2024-08-13T00:00:00+00:00
AIRFLOW_CTX_TRY_NUMBER=1
AIRFLOW_CTX_DAG_RUN_ID=scheduled__2024-08-13T00:00:00+00:00
[2024-09-16 13:56:03,868] {python.py:173} INFO - Done. Returned value was: None
[2024-09-16 13:56:03,906] {taskinstance.py:1395} INFO - Marking task as SUCCESS. dag_id=BRONZER_GET_STONCKS, task_id=BRONZE_STONCKS_MSFT, execution_date=20240813T000000, start_date=20240916T165601, end_date=20240916T165603
[2024-09-16 13:56:03,992] {local_task_job.py:156} INFO - Task exited with return code 0
[2024-09-16 13:56:04,091] {local_task_job.py:273} INFO - 0 downstream tasks scheduled from follow-on schedule check
