[2024-09-16 00:05:19,988] {taskinstance.py:1159} INFO - Dependencies all met for <TaskInstance: BRONZER_GET_STONCKS.BRONZE_STONCKS_MSFT scheduled__2024-04-26T00:00:00+00:00 [queued]>
[2024-09-16 00:05:20,045] {taskinstance.py:1159} INFO - Dependencies all met for <TaskInstance: BRONZER_GET_STONCKS.BRONZE_STONCKS_MSFT scheduled__2024-04-26T00:00:00+00:00 [queued]>
[2024-09-16 00:05:20,045] {taskinstance.py:1356} INFO - 
--------------------------------------------------------------------------------
[2024-09-16 00:05:20,045] {taskinstance.py:1357} INFO - Starting attempt 1 of 1
[2024-09-16 00:05:20,045] {taskinstance.py:1358} INFO - 
--------------------------------------------------------------------------------
[2024-09-16 00:05:20,102] {taskinstance.py:1377} INFO - Executing <Task(_PythonDecoratedOperator): BRONZE_STONCKS_MSFT> on 2024-04-26 00:00:00+00:00
[2024-09-16 00:05:20,107] {standard_task_runner.py:52} INFO - Started process 28768 to run task
[2024-09-16 00:05:20,139] {standard_task_runner.py:79} INFO - Running: ['airflow', 'tasks', 'run', 'BRONZER_GET_STONCKS', 'BRONZE_STONCKS_MSFT', 'scheduled__2024-04-26T00:00:00+00:00', '--job-id', '628', '--raw', '--subdir', 'DAGS_FOLDER/get_stocks.py', '--cfg-path', '/tmp/tmpvt7w6j3l', '--error-file', '/tmp/tmp2d0yvj8n']
[2024-09-16 00:05:20,140] {standard_task_runner.py:80} INFO - Job 628: Subtask BRONZE_STONCKS_MSFT
[2024-09-16 00:05:20,346] {task_command.py:370} INFO - Running <TaskInstance: BRONZER_GET_STONCKS.BRONZE_STONCKS_MSFT scheduled__2024-04-26T00:00:00+00:00 [running]> on host kaiwang.
[2024-09-16 00:05:20,532] {taskinstance.py:1569} INFO - Exporting the following env vars:
AIRFLOW_CTX_DAG_OWNER=airflow
AIRFLOW_CTX_DAG_ID=BRONZER_GET_STONCKS
AIRFLOW_CTX_TASK_ID=BRONZE_STONCKS_MSFT
AIRFLOW_CTX_EXECUTION_DATE=2024-04-26T00:00:00+00:00
AIRFLOW_CTX_TRY_NUMBER=1
AIRFLOW_CTX_DAG_RUN_ID=scheduled__2024-04-26T00:00:00+00:00
[2024-09-16 00:05:21,616] {python.py:173} INFO - Done. Returned value was: None
[2024-09-16 00:05:21,634] {taskinstance.py:1395} INFO - Marking task as SUCCESS. dag_id=BRONZER_GET_STONCKS, task_id=BRONZE_STONCKS_MSFT, execution_date=20240426T000000, start_date=20240916T030519, end_date=20240916T030521
[2024-09-16 00:05:21,666] {local_task_job.py:156} INFO - Task exited with return code 0
[2024-09-16 00:05:21,719] {local_task_job.py:273} INFO - 0 downstream tasks scheduled from follow-on schedule check
[2024-09-16 00:16:25,535] {taskinstance.py:1159} INFO - Dependencies all met for <TaskInstance: BRONZER_GET_STONCKS.BRONZE_STONCKS_MSFT scheduled__2024-04-26T00:00:00+00:00 [queued]>
[2024-09-16 00:16:25,567] {taskinstance.py:1159} INFO - Dependencies all met for <TaskInstance: BRONZER_GET_STONCKS.BRONZE_STONCKS_MSFT scheduled__2024-04-26T00:00:00+00:00 [queued]>
[2024-09-16 00:16:25,568] {taskinstance.py:1356} INFO - 
--------------------------------------------------------------------------------
[2024-09-16 00:16:25,568] {taskinstance.py:1357} INFO - Starting attempt 1 of 1
[2024-09-16 00:16:25,568] {taskinstance.py:1358} INFO - 
--------------------------------------------------------------------------------
[2024-09-16 00:16:25,641] {taskinstance.py:1377} INFO - Executing <Task(_PythonDecoratedOperator): BRONZE_STONCKS_MSFT> on 2024-04-26 00:00:00+00:00
[2024-09-16 00:16:25,648] {standard_task_runner.py:52} INFO - Started process 59491 to run task
[2024-09-16 00:16:25,685] {standard_task_runner.py:79} INFO - Running: ['airflow', 'tasks', 'run', 'BRONZER_GET_STONCKS', 'BRONZE_STONCKS_MSFT', 'scheduled__2024-04-26T00:00:00+00:00', '--job-id', '2390', '--raw', '--subdir', 'DAGS_FOLDER/get_stocks.py', '--cfg-path', '/tmp/tmpd45amjn7', '--error-file', '/tmp/tmp7ozb3i1l']
[2024-09-16 00:16:25,686] {standard_task_runner.py:80} INFO - Job 2390: Subtask BRONZE_STONCKS_MSFT
[2024-09-16 00:16:25,968] {task_command.py:370} INFO - Running <TaskInstance: BRONZER_GET_STONCKS.BRONZE_STONCKS_MSFT scheduled__2024-04-26T00:00:00+00:00 [running]> on host kaiwang.
[2024-09-16 00:16:26,420] {taskinstance.py:1569} INFO - Exporting the following env vars:
AIRFLOW_CTX_DAG_OWNER=airflow
AIRFLOW_CTX_DAG_ID=BRONZER_GET_STONCKS
AIRFLOW_CTX_TASK_ID=BRONZE_STONCKS_MSFT
AIRFLOW_CTX_EXECUTION_DATE=2024-04-26T00:00:00+00:00
AIRFLOW_CTX_TRY_NUMBER=1
AIRFLOW_CTX_DAG_RUN_ID=scheduled__2024-04-26T00:00:00+00:00
[2024-09-16 00:16:27,220] {python.py:173} INFO - Done. Returned value was: None
[2024-09-16 00:16:27,675] {taskinstance.py:1395} INFO - Marking task as SUCCESS. dag_id=BRONZER_GET_STONCKS, task_id=BRONZE_STONCKS_MSFT, execution_date=20240426T000000, start_date=20240916T031625, end_date=20240916T031627
[2024-09-16 00:16:27,753] {local_task_job.py:156} INFO - Task exited with return code 0
[2024-09-16 00:16:27,912] {local_task_job.py:273} INFO - 0 downstream tasks scheduled from follow-on schedule check
