[2024-09-16 00:04:36,059] {taskinstance.py:1159} INFO - Dependencies all met for <TaskInstance: BRONZER_GET_CRIPTOS.BRONZE_CRIPTO_BTC scheduled__2024-03-12T00:00:00+00:00 [queued]>
[2024-09-16 00:04:36,113] {taskinstance.py:1159} INFO - Dependencies all met for <TaskInstance: BRONZER_GET_CRIPTOS.BRONZE_CRIPTO_BTC scheduled__2024-03-12T00:00:00+00:00 [queued]>
[2024-09-16 00:04:36,118] {taskinstance.py:1356} INFO - 
--------------------------------------------------------------------------------
[2024-09-16 00:04:36,119] {taskinstance.py:1357} INFO - Starting attempt 1 of 1
[2024-09-16 00:04:36,119] {taskinstance.py:1358} INFO - 
--------------------------------------------------------------------------------
[2024-09-16 00:04:36,202] {taskinstance.py:1377} INFO - Executing <Task(_PythonDecoratedOperator): BRONZE_CRIPTO_BTC> on 2024-03-12 00:00:00+00:00
[2024-09-16 00:04:36,210] {standard_task_runner.py:52} INFO - Started process 25420 to run task
[2024-09-16 00:04:36,233] {standard_task_runner.py:79} INFO - Running: ['airflow', 'tasks', 'run', 'BRONZER_GET_CRIPTOS', 'BRONZE_CRIPTO_BTC', 'scheduled__2024-03-12T00:00:00+00:00', '--job-id', '423', '--raw', '--subdir', 'DAGS_FOLDER/get_cripto.py', '--cfg-path', '/tmp/tmpknpklgn9', '--error-file', '/tmp/tmpbfjy__u_']
[2024-09-16 00:04:36,234] {standard_task_runner.py:80} INFO - Job 423: Subtask BRONZE_CRIPTO_BTC
[2024-09-16 00:04:36,640] {task_command.py:370} INFO - Running <TaskInstance: BRONZER_GET_CRIPTOS.BRONZE_CRIPTO_BTC scheduled__2024-03-12T00:00:00+00:00 [running]> on host kaiwang.
[2024-09-16 00:04:37,103] {taskinstance.py:1569} INFO - Exporting the following env vars:
AIRFLOW_CTX_DAG_OWNER=airflow
AIRFLOW_CTX_DAG_ID=BRONZER_GET_CRIPTOS
AIRFLOW_CTX_TASK_ID=BRONZE_CRIPTO_BTC
AIRFLOW_CTX_EXECUTION_DATE=2024-03-12T00:00:00+00:00
AIRFLOW_CTX_TRY_NUMBER=1
AIRFLOW_CTX_DAG_RUN_ID=scheduled__2024-03-12T00:00:00+00:00
[2024-09-16 00:04:40,431] {history.py:244} ERROR - $BTC: possibly delisted; no price data found  (1h 2024-03-09 -> 2024-03-12) (Yahoo error = "Data doesn't exist for startDate = 1709960400, endDate = 1710216000")
[2024-09-16 00:04:40,434] {python.py:173} INFO - Done. Returned value was: None
[2024-09-16 00:04:40,480] {taskinstance.py:1395} INFO - Marking task as SUCCESS. dag_id=BRONZER_GET_CRIPTOS, task_id=BRONZE_CRIPTO_BTC, execution_date=20240312T000000, start_date=20240916T030436, end_date=20240916T030440
[2024-09-16 00:04:40,530] {local_task_job.py:156} INFO - Task exited with return code 0
[2024-09-16 00:04:40,592] {local_task_job.py:273} INFO - 0 downstream tasks scheduled from follow-on schedule check
[2024-09-16 00:15:47,887] {taskinstance.py:1159} INFO - Dependencies all met for <TaskInstance: BRONZER_GET_CRIPTOS.BRONZE_CRIPTO_BTC scheduled__2024-03-12T00:00:00+00:00 [queued]>
[2024-09-16 00:15:47,912] {taskinstance.py:1159} INFO - Dependencies all met for <TaskInstance: BRONZER_GET_CRIPTOS.BRONZE_CRIPTO_BTC scheduled__2024-03-12T00:00:00+00:00 [queued]>
[2024-09-16 00:15:47,912] {taskinstance.py:1356} INFO - 
--------------------------------------------------------------------------------
[2024-09-16 00:15:47,912] {taskinstance.py:1357} INFO - Starting attempt 1 of 1
[2024-09-16 00:15:47,912] {taskinstance.py:1358} INFO - 
--------------------------------------------------------------------------------
[2024-09-16 00:15:48,004] {taskinstance.py:1377} INFO - Executing <Task(_PythonDecoratedOperator): BRONZE_CRIPTO_BTC> on 2024-03-12 00:00:00+00:00
[2024-09-16 00:15:48,010] {standard_task_runner.py:52} INFO - Started process 56470 to run task
[2024-09-16 00:15:48,049] {standard_task_runner.py:79} INFO - Running: ['airflow', 'tasks', 'run', 'BRONZER_GET_CRIPTOS', 'BRONZE_CRIPTO_BTC', 'scheduled__2024-03-12T00:00:00+00:00', '--job-id', '2216', '--raw', '--subdir', 'DAGS_FOLDER/get_cripto.py', '--cfg-path', '/tmp/tmp59nn6zgp', '--error-file', '/tmp/tmp9qgaxmnk']
[2024-09-16 00:15:48,050] {standard_task_runner.py:80} INFO - Job 2216: Subtask BRONZE_CRIPTO_BTC
[2024-09-16 00:15:48,342] {task_command.py:370} INFO - Running <TaskInstance: BRONZER_GET_CRIPTOS.BRONZE_CRIPTO_BTC scheduled__2024-03-12T00:00:00+00:00 [running]> on host kaiwang.
[2024-09-16 00:15:48,635] {taskinstance.py:1569} INFO - Exporting the following env vars:
AIRFLOW_CTX_DAG_OWNER=airflow
AIRFLOW_CTX_DAG_ID=BRONZER_GET_CRIPTOS
AIRFLOW_CTX_TASK_ID=BRONZE_CRIPTO_BTC
AIRFLOW_CTX_EXECUTION_DATE=2024-03-12T00:00:00+00:00
AIRFLOW_CTX_TRY_NUMBER=1
AIRFLOW_CTX_DAG_RUN_ID=scheduled__2024-03-12T00:00:00+00:00
[2024-09-16 00:15:51,724] {history.py:244} ERROR - $BTC: possibly delisted; no price data found  (1h 2024-03-09 -> 2024-03-12) (Yahoo error = "Data doesn't exist for startDate = 1709960400, endDate = 1710216000")
[2024-09-16 00:15:51,728] {python.py:173} INFO - Done. Returned value was: None
[2024-09-16 00:15:51,749] {taskinstance.py:1395} INFO - Marking task as SUCCESS. dag_id=BRONZER_GET_CRIPTOS, task_id=BRONZE_CRIPTO_BTC, execution_date=20240312T000000, start_date=20240916T031547, end_date=20240916T031551
[2024-09-16 00:15:51,773] {local_task_job.py:156} INFO - Task exited with return code 0
[2024-09-16 00:15:51,897] {local_task_job.py:273} INFO - 0 downstream tasks scheduled from follow-on schedule check
