[2024-09-16 00:03:37,857] {taskinstance.py:1159} INFO - Dependencies all met for <TaskInstance: BRONZER_GET_STONCKS.BRONZE_STONCKS_MSFT scheduled__2024-01-31T00:00:00+00:00 [queued]>
[2024-09-16 00:03:37,886] {taskinstance.py:1159} INFO - Dependencies all met for <TaskInstance: BRONZER_GET_STONCKS.BRONZE_STONCKS_MSFT scheduled__2024-01-31T00:00:00+00:00 [queued]>
[2024-09-16 00:03:37,887] {taskinstance.py:1356} INFO - 
--------------------------------------------------------------------------------
[2024-09-16 00:03:37,887] {taskinstance.py:1357} INFO - Starting attempt 1 of 1
[2024-09-16 00:03:37,887] {taskinstance.py:1358} INFO - 
--------------------------------------------------------------------------------
[2024-09-16 00:03:37,953] {taskinstance.py:1377} INFO - Executing <Task(_PythonDecoratedOperator): BRONZE_STONCKS_MSFT> on 2024-01-31 00:00:00+00:00
[2024-09-16 00:03:37,966] {standard_task_runner.py:52} INFO - Started process 20933 to run task
[2024-09-16 00:03:37,985] {standard_task_runner.py:79} INFO - Running: ['airflow', 'tasks', 'run', 'BRONZER_GET_STONCKS', 'BRONZE_STONCKS_MSFT', 'scheduled__2024-01-31T00:00:00+00:00', '--job-id', '172', '--raw', '--subdir', 'DAGS_FOLDER/get_stocks.py', '--cfg-path', '/tmp/tmp0g_s6c40', '--error-file', '/tmp/tmp_snun_y7']
[2024-09-16 00:03:38,005] {standard_task_runner.py:80} INFO - Job 172: Subtask BRONZE_STONCKS_MSFT
[2024-09-16 00:03:38,277] {task_command.py:370} INFO - Running <TaskInstance: BRONZER_GET_STONCKS.BRONZE_STONCKS_MSFT scheduled__2024-01-31T00:00:00+00:00 [running]> on host kaiwang.
[2024-09-16 00:03:38,536] {taskinstance.py:1569} INFO - Exporting the following env vars:
AIRFLOW_CTX_DAG_OWNER=airflow
AIRFLOW_CTX_DAG_ID=BRONZER_GET_STONCKS
AIRFLOW_CTX_TASK_ID=BRONZE_STONCKS_MSFT
AIRFLOW_CTX_EXECUTION_DATE=2024-01-31T00:00:00+00:00
AIRFLOW_CTX_TRY_NUMBER=1
AIRFLOW_CTX_DAG_RUN_ID=scheduled__2024-01-31T00:00:00+00:00
[2024-09-16 00:03:39,211] {python.py:173} INFO - Done. Returned value was: None
[2024-09-16 00:03:39,366] {taskinstance.py:1395} INFO - Marking task as SUCCESS. dag_id=BRONZER_GET_STONCKS, task_id=BRONZE_STONCKS_MSFT, execution_date=20240131T000000, start_date=20240916T030337, end_date=20240916T030339
[2024-09-16 00:03:39,469] {local_task_job.py:156} INFO - Task exited with return code 0
[2024-09-16 00:03:39,588] {local_task_job.py:273} INFO - 0 downstream tasks scheduled from follow-on schedule check
[2024-09-16 00:13:17,487] {taskinstance.py:1159} INFO - Dependencies all met for <TaskInstance: BRONZER_GET_STONCKS.BRONZE_STONCKS_MSFT scheduled__2024-01-31T00:00:00+00:00 [queued]>
[2024-09-16 00:13:17,504] {taskinstance.py:1159} INFO - Dependencies all met for <TaskInstance: BRONZER_GET_STONCKS.BRONZE_STONCKS_MSFT scheduled__2024-01-31T00:00:00+00:00 [queued]>
[2024-09-16 00:13:17,504] {taskinstance.py:1356} INFO - 
--------------------------------------------------------------------------------
[2024-09-16 00:13:17,504] {taskinstance.py:1357} INFO - Starting attempt 1 of 1
[2024-09-16 00:13:17,504] {taskinstance.py:1358} INFO - 
--------------------------------------------------------------------------------
[2024-09-16 00:13:17,539] {taskinstance.py:1377} INFO - Executing <Task(_PythonDecoratedOperator): BRONZE_STONCKS_MSFT> on 2024-01-31 00:00:00+00:00
[2024-09-16 00:13:17,545] {standard_task_runner.py:52} INFO - Started process 46434 to run task
[2024-09-16 00:13:17,563] {standard_task_runner.py:79} INFO - Running: ['airflow', 'tasks', 'run', 'BRONZER_GET_STONCKS', 'BRONZE_STONCKS_MSFT', 'scheduled__2024-01-31T00:00:00+00:00', '--job-id', '1640', '--raw', '--subdir', 'DAGS_FOLDER/get_stocks.py', '--cfg-path', '/tmp/tmplvn429r0', '--error-file', '/tmp/tmpb_gy4ili']
[2024-09-16 00:13:17,564] {standard_task_runner.py:80} INFO - Job 1640: Subtask BRONZE_STONCKS_MSFT
[2024-09-16 00:13:17,789] {task_command.py:370} INFO - Running <TaskInstance: BRONZER_GET_STONCKS.BRONZE_STONCKS_MSFT scheduled__2024-01-31T00:00:00+00:00 [running]> on host kaiwang.
[2024-09-16 00:13:17,984] {taskinstance.py:1569} INFO - Exporting the following env vars:
AIRFLOW_CTX_DAG_OWNER=airflow
AIRFLOW_CTX_DAG_ID=BRONZER_GET_STONCKS
AIRFLOW_CTX_TASK_ID=BRONZE_STONCKS_MSFT
AIRFLOW_CTX_EXECUTION_DATE=2024-01-31T00:00:00+00:00
AIRFLOW_CTX_TRY_NUMBER=1
AIRFLOW_CTX_DAG_RUN_ID=scheduled__2024-01-31T00:00:00+00:00
[2024-09-16 00:13:18,713] {python.py:173} INFO - Done. Returned value was: None
[2024-09-16 00:13:18,794] {taskinstance.py:1395} INFO - Marking task as SUCCESS. dag_id=BRONZER_GET_STONCKS, task_id=BRONZE_STONCKS_MSFT, execution_date=20240131T000000, start_date=20240916T031317, end_date=20240916T031318
[2024-09-16 00:13:18,872] {local_task_job.py:156} INFO - Task exited with return code 0
[2024-09-16 00:13:19,004] {local_task_job.py:273} INFO - 0 downstream tasks scheduled from follow-on schedule check
[2024-09-16 00:14:50,962] {taskinstance.py:1159} INFO - Dependencies all met for <TaskInstance: BRONZER_GET_STONCKS.BRONZE_STONCKS_MSFT scheduled__2024-01-31T00:00:00+00:00 [queued]>
[2024-09-16 00:14:51,012] {taskinstance.py:1159} INFO - Dependencies all met for <TaskInstance: BRONZER_GET_STONCKS.BRONZE_STONCKS_MSFT scheduled__2024-01-31T00:00:00+00:00 [queued]>
[2024-09-16 00:14:51,012] {taskinstance.py:1356} INFO - 
--------------------------------------------------------------------------------
[2024-09-16 00:14:51,012] {taskinstance.py:1357} INFO - Starting attempt 1 of 1
[2024-09-16 00:14:51,012] {taskinstance.py:1358} INFO - 
--------------------------------------------------------------------------------
[2024-09-16 00:14:51,054] {taskinstance.py:1377} INFO - Executing <Task(_PythonDecoratedOperator): BRONZE_STONCKS_MSFT> on 2024-01-31 00:00:00+00:00
[2024-09-16 00:14:51,060] {standard_task_runner.py:52} INFO - Started process 51737 to run task
[2024-09-16 00:14:51,078] {standard_task_runner.py:79} INFO - Running: ['airflow', 'tasks', 'run', 'BRONZER_GET_STONCKS', 'BRONZE_STONCKS_MSFT', 'scheduled__2024-01-31T00:00:00+00:00', '--job-id', '1944', '--raw', '--subdir', 'DAGS_FOLDER/get_stocks.py', '--cfg-path', '/tmp/tmpfl7_yezc', '--error-file', '/tmp/tmpyba37yh_']
[2024-09-16 00:14:51,079] {standard_task_runner.py:80} INFO - Job 1944: Subtask BRONZE_STONCKS_MSFT
[2024-09-16 00:14:51,329] {task_command.py:370} INFO - Running <TaskInstance: BRONZER_GET_STONCKS.BRONZE_STONCKS_MSFT scheduled__2024-01-31T00:00:00+00:00 [running]> on host kaiwang.
[2024-09-16 00:14:51,689] {taskinstance.py:1569} INFO - Exporting the following env vars:
AIRFLOW_CTX_DAG_OWNER=airflow
AIRFLOW_CTX_DAG_ID=BRONZER_GET_STONCKS
AIRFLOW_CTX_TASK_ID=BRONZE_STONCKS_MSFT
AIRFLOW_CTX_EXECUTION_DATE=2024-01-31T00:00:00+00:00
AIRFLOW_CTX_TRY_NUMBER=1
AIRFLOW_CTX_DAG_RUN_ID=scheduled__2024-01-31T00:00:00+00:00
[2024-09-16 00:14:52,255] {python.py:173} INFO - Done. Returned value was: None
[2024-09-16 00:14:52,281] {taskinstance.py:1395} INFO - Marking task as SUCCESS. dag_id=BRONZER_GET_STONCKS, task_id=BRONZE_STONCKS_MSFT, execution_date=20240131T000000, start_date=20240916T031450, end_date=20240916T031452
[2024-09-16 00:14:52,320] {local_task_job.py:156} INFO - Task exited with return code 0
[2024-09-16 00:14:52,423] {local_task_job.py:273} INFO - 0 downstream tasks scheduled from follow-on schedule check
