[2024-09-16 00:07:23,341] {taskinstance.py:1159} INFO - Dependencies all met for <TaskInstance: BRONZER_GET_STONCKS.BRONZE_STONCKS_GOOG scheduled__2024-08-20T00:00:00+00:00 [queued]>
[2024-09-16 00:07:23,384] {taskinstance.py:1159} INFO - Dependencies all met for <TaskInstance: BRONZER_GET_STONCKS.BRONZE_STONCKS_GOOG scheduled__2024-08-20T00:00:00+00:00 [queued]>
[2024-09-16 00:07:23,385] {taskinstance.py:1356} INFO - 
--------------------------------------------------------------------------------
[2024-09-16 00:07:23,385] {taskinstance.py:1357} INFO - Starting attempt 1 of 1
[2024-09-16 00:07:23,385] {taskinstance.py:1358} INFO - 
--------------------------------------------------------------------------------
[2024-09-16 00:07:23,451] {taskinstance.py:1377} INFO - Executing <Task(_PythonDecoratedOperator): BRONZE_STONCKS_GOOG> on 2024-08-20 00:00:00+00:00
[2024-09-16 00:07:23,474] {standard_task_runner.py:52} INFO - Started process 38915 to run task
[2024-09-16 00:07:23,516] {standard_task_runner.py:79} INFO - Running: ['airflow', 'tasks', 'run', 'BRONZER_GET_STONCKS', 'BRONZE_STONCKS_GOOG', 'scheduled__2024-08-20T00:00:00+00:00', '--job-id', '1215', '--raw', '--subdir', 'DAGS_FOLDER/get_stocks.py', '--cfg-path', '/tmp/tmp17p7jg2m', '--error-file', '/tmp/tmp58ynpirk']
[2024-09-16 00:07:23,517] {standard_task_runner.py:80} INFO - Job 1215: Subtask BRONZE_STONCKS_GOOG
[2024-09-16 00:07:23,757] {task_command.py:370} INFO - Running <TaskInstance: BRONZER_GET_STONCKS.BRONZE_STONCKS_GOOG scheduled__2024-08-20T00:00:00+00:00 [running]> on host kaiwang.
[2024-09-16 00:07:24,136] {taskinstance.py:1569} INFO - Exporting the following env vars:
AIRFLOW_CTX_DAG_OWNER=airflow
AIRFLOW_CTX_DAG_ID=BRONZER_GET_STONCKS
AIRFLOW_CTX_TASK_ID=BRONZE_STONCKS_GOOG
AIRFLOW_CTX_EXECUTION_DATE=2024-08-20T00:00:00+00:00
AIRFLOW_CTX_TRY_NUMBER=1
AIRFLOW_CTX_DAG_RUN_ID=scheduled__2024-08-20T00:00:00+00:00
[2024-09-16 00:07:25,048] {python.py:173} INFO - Done. Returned value was: None
[2024-09-16 00:07:25,075] {taskinstance.py:1395} INFO - Marking task as SUCCESS. dag_id=BRONZER_GET_STONCKS, task_id=BRONZE_STONCKS_GOOG, execution_date=20240820T000000, start_date=20240916T030723, end_date=20240916T030725
[2024-09-16 00:07:25,135] {local_task_job.py:156} INFO - Task exited with return code 0
[2024-09-16 00:07:25,208] {local_task_job.py:273} INFO - 0 downstream tasks scheduled from follow-on schedule check
[2024-09-16 13:56:14,237] {taskinstance.py:1159} INFO - Dependencies all met for <TaskInstance: BRONZER_GET_STONCKS.BRONZE_STONCKS_GOOG scheduled__2024-08-20T00:00:00+00:00 [queued]>
[2024-09-16 13:56:14,292] {taskinstance.py:1159} INFO - Dependencies all met for <TaskInstance: BRONZER_GET_STONCKS.BRONZE_STONCKS_GOOG scheduled__2024-08-20T00:00:00+00:00 [queued]>
[2024-09-16 13:56:14,292] {taskinstance.py:1356} INFO - 
--------------------------------------------------------------------------------
[2024-09-16 13:56:14,292] {taskinstance.py:1357} INFO - Starting attempt 1 of 1
[2024-09-16 13:56:14,292] {taskinstance.py:1358} INFO - 
--------------------------------------------------------------------------------
[2024-09-16 13:56:14,324] {taskinstance.py:1377} INFO - Executing <Task(_PythonDecoratedOperator): BRONZE_STONCKS_GOOG> on 2024-08-20 00:00:00+00:00
[2024-09-16 13:56:14,337] {standard_task_runner.py:52} INFO - Started process 138101 to run task
[2024-09-16 13:56:14,351] {standard_task_runner.py:79} INFO - Running: ['airflow', 'tasks', 'run', 'BRONZER_GET_STONCKS', 'BRONZE_STONCKS_GOOG', 'scheduled__2024-08-20T00:00:00+00:00', '--job-id', '2538', '--raw', '--subdir', 'DAGS_FOLDER/get_stocks.py', '--cfg-path', '/tmp/tmpb_u8i0r7', '--error-file', '/tmp/tmp0kunw8hm']
[2024-09-16 13:56:14,352] {standard_task_runner.py:80} INFO - Job 2538: Subtask BRONZE_STONCKS_GOOG
[2024-09-16 13:56:14,819] {task_command.py:370} INFO - Running <TaskInstance: BRONZER_GET_STONCKS.BRONZE_STONCKS_GOOG scheduled__2024-08-20T00:00:00+00:00 [running]> on host kaiwang.
[2024-09-16 13:56:15,112] {taskinstance.py:1569} INFO - Exporting the following env vars:
AIRFLOW_CTX_DAG_OWNER=airflow
AIRFLOW_CTX_DAG_ID=BRONZER_GET_STONCKS
AIRFLOW_CTX_TASK_ID=BRONZE_STONCKS_GOOG
AIRFLOW_CTX_EXECUTION_DATE=2024-08-20T00:00:00+00:00
AIRFLOW_CTX_TRY_NUMBER=1
AIRFLOW_CTX_DAG_RUN_ID=scheduled__2024-08-20T00:00:00+00:00
[2024-09-16 13:56:15,779] {python.py:173} INFO - Done. Returned value was: None
[2024-09-16 13:56:15,807] {taskinstance.py:1395} INFO - Marking task as SUCCESS. dag_id=BRONZER_GET_STONCKS, task_id=BRONZE_STONCKS_GOOG, execution_date=20240820T000000, start_date=20240916T165614, end_date=20240916T165615
[2024-09-16 13:56:15,870] {local_task_job.py:156} INFO - Task exited with return code 0
[2024-09-16 13:56:15,944] {local_task_job.py:273} INFO - 0 downstream tasks scheduled from follow-on schedule check
