[2024-09-16 00:04:56,851] {taskinstance.py:1159} INFO - Dependencies all met for <TaskInstance: BRONZER_GET_STONCKS.BRONZE_STONCKS_MSFT scheduled__2024-04-05T00:00:00+00:00 [queued]>
[2024-09-16 00:04:56,878] {taskinstance.py:1159} INFO - Dependencies all met for <TaskInstance: BRONZER_GET_STONCKS.BRONZE_STONCKS_MSFT scheduled__2024-04-05T00:00:00+00:00 [queued]>
[2024-09-16 00:04:56,878] {taskinstance.py:1356} INFO - 
--------------------------------------------------------------------------------
[2024-09-16 00:04:56,879] {taskinstance.py:1357} INFO - Starting attempt 1 of 1
[2024-09-16 00:04:56,879] {taskinstance.py:1358} INFO - 
--------------------------------------------------------------------------------
[2024-09-16 00:04:56,901] {taskinstance.py:1377} INFO - Executing <Task(_PythonDecoratedOperator): BRONZE_STONCKS_MSFT> on 2024-04-05 00:00:00+00:00
[2024-09-16 00:04:56,907] {standard_task_runner.py:52} INFO - Started process 27051 to run task
[2024-09-16 00:04:56,924] {standard_task_runner.py:79} INFO - Running: ['airflow', 'tasks', 'run', 'BRONZER_GET_STONCKS', 'BRONZE_STONCKS_MSFT', 'scheduled__2024-04-05T00:00:00+00:00', '--job-id', '525', '--raw', '--subdir', 'DAGS_FOLDER/get_stocks.py', '--cfg-path', '/tmp/tmpcurdgh_o', '--error-file', '/tmp/tmpmcqkfh32']
[2024-09-16 00:04:56,926] {standard_task_runner.py:80} INFO - Job 525: Subtask BRONZE_STONCKS_MSFT
[2024-09-16 00:04:57,114] {task_command.py:370} INFO - Running <TaskInstance: BRONZER_GET_STONCKS.BRONZE_STONCKS_MSFT scheduled__2024-04-05T00:00:00+00:00 [running]> on host kaiwang.
[2024-09-16 00:04:57,260] {taskinstance.py:1569} INFO - Exporting the following env vars:
AIRFLOW_CTX_DAG_OWNER=airflow
AIRFLOW_CTX_DAG_ID=BRONZER_GET_STONCKS
AIRFLOW_CTX_TASK_ID=BRONZE_STONCKS_MSFT
AIRFLOW_CTX_EXECUTION_DATE=2024-04-05T00:00:00+00:00
AIRFLOW_CTX_TRY_NUMBER=1
AIRFLOW_CTX_DAG_RUN_ID=scheduled__2024-04-05T00:00:00+00:00
[2024-09-16 00:04:57,825] {python.py:173} INFO - Done. Returned value was: None
[2024-09-16 00:04:57,845] {taskinstance.py:1395} INFO - Marking task as SUCCESS. dag_id=BRONZER_GET_STONCKS, task_id=BRONZE_STONCKS_MSFT, execution_date=20240405T000000, start_date=20240916T030456, end_date=20240916T030457
[2024-09-16 00:04:57,895] {local_task_job.py:156} INFO - Task exited with return code 0
[2024-09-16 00:04:57,948] {local_task_job.py:273} INFO - 0 downstream tasks scheduled from follow-on schedule check
[2024-09-16 00:16:03,158] {taskinstance.py:1159} INFO - Dependencies all met for <TaskInstance: BRONZER_GET_STONCKS.BRONZE_STONCKS_MSFT scheduled__2024-04-05T00:00:00+00:00 [queued]>
[2024-09-16 00:16:03,174] {taskinstance.py:1159} INFO - Dependencies all met for <TaskInstance: BRONZER_GET_STONCKS.BRONZE_STONCKS_MSFT scheduled__2024-04-05T00:00:00+00:00 [queued]>
[2024-09-16 00:16:03,174] {taskinstance.py:1356} INFO - 
--------------------------------------------------------------------------------
[2024-09-16 00:16:03,174] {taskinstance.py:1357} INFO - Starting attempt 1 of 1
[2024-09-16 00:16:03,174] {taskinstance.py:1358} INFO - 
--------------------------------------------------------------------------------
[2024-09-16 00:16:03,201] {taskinstance.py:1377} INFO - Executing <Task(_PythonDecoratedOperator): BRONZE_STONCKS_MSFT> on 2024-04-05 00:00:00+00:00
[2024-09-16 00:16:03,206] {standard_task_runner.py:52} INFO - Started process 57723 to run task
[2024-09-16 00:16:03,215] {standard_task_runner.py:79} INFO - Running: ['airflow', 'tasks', 'run', 'BRONZER_GET_STONCKS', 'BRONZE_STONCKS_MSFT', 'scheduled__2024-04-05T00:00:00+00:00', '--job-id', '2292', '--raw', '--subdir', 'DAGS_FOLDER/get_stocks.py', '--cfg-path', '/tmp/tmp0kj7joop', '--error-file', '/tmp/tmp63r2j4l1']
[2024-09-16 00:16:03,216] {standard_task_runner.py:80} INFO - Job 2292: Subtask BRONZE_STONCKS_MSFT
[2024-09-16 00:16:03,343] {task_command.py:370} INFO - Running <TaskInstance: BRONZER_GET_STONCKS.BRONZE_STONCKS_MSFT scheduled__2024-04-05T00:00:00+00:00 [running]> on host kaiwang.
[2024-09-16 00:16:03,513] {taskinstance.py:1569} INFO - Exporting the following env vars:
AIRFLOW_CTX_DAG_OWNER=airflow
AIRFLOW_CTX_DAG_ID=BRONZER_GET_STONCKS
AIRFLOW_CTX_TASK_ID=BRONZE_STONCKS_MSFT
AIRFLOW_CTX_EXECUTION_DATE=2024-04-05T00:00:00+00:00
AIRFLOW_CTX_TRY_NUMBER=1
AIRFLOW_CTX_DAG_RUN_ID=scheduled__2024-04-05T00:00:00+00:00
[2024-09-16 00:16:04,094] {python.py:173} INFO - Done. Returned value was: None
[2024-09-16 00:16:04,113] {taskinstance.py:1395} INFO - Marking task as SUCCESS. dag_id=BRONZER_GET_STONCKS, task_id=BRONZE_STONCKS_MSFT, execution_date=20240405T000000, start_date=20240916T031603, end_date=20240916T031604
[2024-09-16 00:16:04,162] {local_task_job.py:156} INFO - Task exited with return code 0
[2024-09-16 00:16:04,204] {local_task_job.py:273} INFO - 0 downstream tasks scheduled from follow-on schedule check
