[2024-09-16 00:04:15,174] {taskinstance.py:1159} INFO - Dependencies all met for <TaskInstance: BRONZER_GET_STONCKS.BRONZE_STONCKS_TSLA scheduled__2024-02-29T00:00:00+00:00 [queued]>
[2024-09-16 00:04:15,197] {taskinstance.py:1159} INFO - Dependencies all met for <TaskInstance: BRONZER_GET_STONCKS.BRONZE_STONCKS_TSLA scheduled__2024-02-29T00:00:00+00:00 [queued]>
[2024-09-16 00:04:15,198] {taskinstance.py:1356} INFO - 
--------------------------------------------------------------------------------
[2024-09-16 00:04:15,198] {taskinstance.py:1357} INFO - Starting attempt 1 of 1
[2024-09-16 00:04:15,198] {taskinstance.py:1358} INFO - 
--------------------------------------------------------------------------------
[2024-09-16 00:04:15,222] {taskinstance.py:1377} INFO - Executing <Task(_PythonDecoratedOperator): BRONZE_STONCKS_TSLA> on 2024-02-29 00:00:00+00:00
[2024-09-16 00:04:15,228] {standard_task_runner.py:52} INFO - Started process 23695 to run task
[2024-09-16 00:04:15,234] {standard_task_runner.py:79} INFO - Running: ['airflow', 'tasks', 'run', 'BRONZER_GET_STONCKS', 'BRONZE_STONCKS_TSLA', 'scheduled__2024-02-29T00:00:00+00:00', '--job-id', '333', '--raw', '--subdir', 'DAGS_FOLDER/get_stocks.py', '--cfg-path', '/tmp/tmpod7rqyv1', '--error-file', '/tmp/tmpdv7xm7l_']
[2024-09-16 00:04:15,235] {standard_task_runner.py:80} INFO - Job 333: Subtask BRONZE_STONCKS_TSLA
[2024-09-16 00:04:15,401] {task_command.py:370} INFO - Running <TaskInstance: BRONZER_GET_STONCKS.BRONZE_STONCKS_TSLA scheduled__2024-02-29T00:00:00+00:00 [running]> on host kaiwang.
[2024-09-16 00:04:15,514] {taskinstance.py:1569} INFO - Exporting the following env vars:
AIRFLOW_CTX_DAG_OWNER=airflow
AIRFLOW_CTX_DAG_ID=BRONZER_GET_STONCKS
AIRFLOW_CTX_TASK_ID=BRONZE_STONCKS_TSLA
AIRFLOW_CTX_EXECUTION_DATE=2024-02-29T00:00:00+00:00
AIRFLOW_CTX_TRY_NUMBER=1
AIRFLOW_CTX_DAG_RUN_ID=scheduled__2024-02-29T00:00:00+00:00
[2024-09-16 00:04:16,050] {python.py:173} INFO - Done. Returned value was: None
[2024-09-16 00:04:16,066] {taskinstance.py:1395} INFO - Marking task as SUCCESS. dag_id=BRONZER_GET_STONCKS, task_id=BRONZE_STONCKS_TSLA, execution_date=20240229T000000, start_date=20240916T030415, end_date=20240916T030416
[2024-09-16 00:04:16,113] {local_task_job.py:156} INFO - Task exited with return code 0
[2024-09-16 00:04:16,160] {local_task_job.py:273} INFO - 0 downstream tasks scheduled from follow-on schedule check
[2024-09-16 00:15:24,916] {taskinstance.py:1159} INFO - Dependencies all met for <TaskInstance: BRONZER_GET_STONCKS.BRONZE_STONCKS_TSLA scheduled__2024-02-29T00:00:00+00:00 [queued]>
[2024-09-16 00:15:24,944] {taskinstance.py:1159} INFO - Dependencies all met for <TaskInstance: BRONZER_GET_STONCKS.BRONZE_STONCKS_TSLA scheduled__2024-02-29T00:00:00+00:00 [queued]>
[2024-09-16 00:15:24,945] {taskinstance.py:1356} INFO - 
--------------------------------------------------------------------------------
[2024-09-16 00:15:24,945] {taskinstance.py:1357} INFO - Starting attempt 1 of 1
[2024-09-16 00:15:24,945] {taskinstance.py:1358} INFO - 
--------------------------------------------------------------------------------
[2024-09-16 00:15:24,974] {taskinstance.py:1377} INFO - Executing <Task(_PythonDecoratedOperator): BRONZE_STONCKS_TSLA> on 2024-02-29 00:00:00+00:00
[2024-09-16 00:15:24,985] {standard_task_runner.py:52} INFO - Started process 54546 to run task
[2024-09-16 00:15:24,992] {standard_task_runner.py:79} INFO - Running: ['airflow', 'tasks', 'run', 'BRONZER_GET_STONCKS', 'BRONZE_STONCKS_TSLA', 'scheduled__2024-02-29T00:00:00+00:00', '--job-id', '2110', '--raw', '--subdir', 'DAGS_FOLDER/get_stocks.py', '--cfg-path', '/tmp/tmpkjgou33g', '--error-file', '/tmp/tmpu4brop90']
[2024-09-16 00:15:24,994] {standard_task_runner.py:80} INFO - Job 2110: Subtask BRONZE_STONCKS_TSLA
[2024-09-16 00:15:25,127] {task_command.py:370} INFO - Running <TaskInstance: BRONZER_GET_STONCKS.BRONZE_STONCKS_TSLA scheduled__2024-02-29T00:00:00+00:00 [running]> on host kaiwang.
[2024-09-16 00:15:25,272] {taskinstance.py:1569} INFO - Exporting the following env vars:
AIRFLOW_CTX_DAG_OWNER=airflow
AIRFLOW_CTX_DAG_ID=BRONZER_GET_STONCKS
AIRFLOW_CTX_TASK_ID=BRONZE_STONCKS_TSLA
AIRFLOW_CTX_EXECUTION_DATE=2024-02-29T00:00:00+00:00
AIRFLOW_CTX_TRY_NUMBER=1
AIRFLOW_CTX_DAG_RUN_ID=scheduled__2024-02-29T00:00:00+00:00
[2024-09-16 00:15:26,390] {python.py:173} INFO - Done. Returned value was: None
[2024-09-16 00:15:26,427] {taskinstance.py:1395} INFO - Marking task as SUCCESS. dag_id=BRONZER_GET_STONCKS, task_id=BRONZE_STONCKS_TSLA, execution_date=20240229T000000, start_date=20240916T031524, end_date=20240916T031526
[2024-09-16 00:15:26,487] {local_task_job.py:156} INFO - Task exited with return code 0
[2024-09-16 00:15:26,537] {local_task_job.py:273} INFO - 0 downstream tasks scheduled from follow-on schedule check
