[2024-09-16 00:08:13,670] {taskinstance.py:1159} INFO - Dependencies all met for <TaskInstance: BRONZER_GET_CRIPTOS.BRONZE_CRIPTO_ETH scheduled__2024-08-27T00:00:00+00:00 [queued]>
[2024-09-16 00:08:13,696] {taskinstance.py:1159} INFO - Dependencies all met for <TaskInstance: BRONZER_GET_CRIPTOS.BRONZE_CRIPTO_ETH scheduled__2024-08-27T00:00:00+00:00 [queued]>
[2024-09-16 00:08:13,696] {taskinstance.py:1356} INFO - 
--------------------------------------------------------------------------------
[2024-09-16 00:08:13,696] {taskinstance.py:1357} INFO - Starting attempt 1 of 1
[2024-09-16 00:08:13,696] {taskinstance.py:1358} INFO - 
--------------------------------------------------------------------------------
[2024-09-16 00:08:13,717] {taskinstance.py:1377} INFO - Executing <Task(_PythonDecoratedOperator): BRONZE_CRIPTO_ETH> on 2024-08-27 00:00:00+00:00
[2024-09-16 00:08:13,725] {standard_task_runner.py:52} INFO - Started process 42450 to run task
[2024-09-16 00:08:13,730] {standard_task_runner.py:79} INFO - Running: ['airflow', 'tasks', 'run', 'BRONZER_GET_CRIPTOS', 'BRONZE_CRIPTO_ETH', 'scheduled__2024-08-27T00:00:00+00:00', '--job-id', '1422', '--raw', '--subdir', 'DAGS_FOLDER/get_cripto.py', '--cfg-path', '/tmp/tmptyee_z8c', '--error-file', '/tmp/tmpjzhq07j4']
[2024-09-16 00:08:13,731] {standard_task_runner.py:80} INFO - Job 1422: Subtask BRONZE_CRIPTO_ETH
[2024-09-16 00:08:13,852] {task_command.py:370} INFO - Running <TaskInstance: BRONZER_GET_CRIPTOS.BRONZE_CRIPTO_ETH scheduled__2024-08-27T00:00:00+00:00 [running]> on host kaiwang.
[2024-09-16 00:08:13,958] {taskinstance.py:1569} INFO - Exporting the following env vars:
AIRFLOW_CTX_DAG_OWNER=airflow
AIRFLOW_CTX_DAG_ID=BRONZER_GET_CRIPTOS
AIRFLOW_CTX_TASK_ID=BRONZE_CRIPTO_ETH
AIRFLOW_CTX_EXECUTION_DATE=2024-08-27T00:00:00+00:00
AIRFLOW_CTX_TRY_NUMBER=1
AIRFLOW_CTX_DAG_RUN_ID=scheduled__2024-08-27T00:00:00+00:00
[2024-09-16 00:08:14,635] {python.py:173} INFO - Done. Returned value was: None
[2024-09-16 00:08:14,651] {taskinstance.py:1395} INFO - Marking task as SUCCESS. dag_id=BRONZER_GET_CRIPTOS, task_id=BRONZE_CRIPTO_ETH, execution_date=20240827T000000, start_date=20240916T030813, end_date=20240916T030814
[2024-09-16 00:08:14,682] {local_task_job.py:156} INFO - Task exited with return code 0
[2024-09-16 00:08:14,728] {local_task_job.py:273} INFO - 0 downstream tasks scheduled from follow-on schedule check
[2024-09-16 13:56:28,933] {taskinstance.py:1159} INFO - Dependencies all met for <TaskInstance: BRONZER_GET_CRIPTOS.BRONZE_CRIPTO_ETH scheduled__2024-08-27T00:00:00+00:00 [queued]>
[2024-09-16 13:56:28,963] {taskinstance.py:1159} INFO - Dependencies all met for <TaskInstance: BRONZER_GET_CRIPTOS.BRONZE_CRIPTO_ETH scheduled__2024-08-27T00:00:00+00:00 [queued]>
[2024-09-16 13:56:28,963] {taskinstance.py:1356} INFO - 
--------------------------------------------------------------------------------
[2024-09-16 13:56:28,963] {taskinstance.py:1357} INFO - Starting attempt 1 of 1
[2024-09-16 13:56:28,963] {taskinstance.py:1358} INFO - 
--------------------------------------------------------------------------------
[2024-09-16 13:56:28,997] {taskinstance.py:1377} INFO - Executing <Task(_PythonDecoratedOperator): BRONZE_CRIPTO_ETH> on 2024-08-27 00:00:00+00:00
[2024-09-16 13:56:29,004] {standard_task_runner.py:52} INFO - Started process 139213 to run task
[2024-09-16 13:56:29,019] {standard_task_runner.py:79} INFO - Running: ['airflow', 'tasks', 'run', 'BRONZER_GET_CRIPTOS', 'BRONZE_CRIPTO_ETH', 'scheduled__2024-08-27T00:00:00+00:00', '--job-id', '2586', '--raw', '--subdir', 'DAGS_FOLDER/get_cripto.py', '--cfg-path', '/tmp/tmpczkzf0nr', '--error-file', '/tmp/tmprsvn3nol']
[2024-09-16 13:56:29,021] {standard_task_runner.py:80} INFO - Job 2586: Subtask BRONZE_CRIPTO_ETH
[2024-09-16 13:56:29,225] {task_command.py:370} INFO - Running <TaskInstance: BRONZER_GET_CRIPTOS.BRONZE_CRIPTO_ETH scheduled__2024-08-27T00:00:00+00:00 [running]> on host kaiwang.
[2024-09-16 13:56:29,788] {taskinstance.py:1569} INFO - Exporting the following env vars:
AIRFLOW_CTX_DAG_OWNER=airflow
AIRFLOW_CTX_DAG_ID=BRONZER_GET_CRIPTOS
AIRFLOW_CTX_TASK_ID=BRONZE_CRIPTO_ETH
AIRFLOW_CTX_EXECUTION_DATE=2024-08-27T00:00:00+00:00
AIRFLOW_CTX_TRY_NUMBER=1
AIRFLOW_CTX_DAG_RUN_ID=scheduled__2024-08-27T00:00:00+00:00
[2024-09-16 13:56:30,500] {python.py:173} INFO - Done. Returned value was: None
[2024-09-16 13:56:30,529] {taskinstance.py:1395} INFO - Marking task as SUCCESS. dag_id=BRONZER_GET_CRIPTOS, task_id=BRONZE_CRIPTO_ETH, execution_date=20240827T000000, start_date=20240916T165628, end_date=20240916T165630
[2024-09-16 13:56:30,574] {local_task_job.py:156} INFO - Task exited with return code 0
[2024-09-16 13:56:30,657] {local_task_job.py:273} INFO - 0 downstream tasks scheduled from follow-on schedule check
