[2024-09-16 00:03:58,784] {taskinstance.py:1159} INFO - Dependencies all met for <TaskInstance: BRONZER_GET_CRIPTOS.BRONZE_CRIPTO_DOGE scheduled__2024-02-13T00:00:00+00:00 [queued]>
[2024-09-16 00:03:58,825] {taskinstance.py:1159} INFO - Dependencies all met for <TaskInstance: BRONZER_GET_CRIPTOS.BRONZE_CRIPTO_DOGE scheduled__2024-02-13T00:00:00+00:00 [queued]>
[2024-09-16 00:03:58,825] {taskinstance.py:1356} INFO - 
--------------------------------------------------------------------------------
[2024-09-16 00:03:58,825] {taskinstance.py:1357} INFO - Starting attempt 1 of 1
[2024-09-16 00:03:58,825] {taskinstance.py:1358} INFO - 
--------------------------------------------------------------------------------
[2024-09-16 00:03:58,933] {taskinstance.py:1377} INFO - Executing <Task(_PythonDecoratedOperator): BRONZE_CRIPTO_DOGE> on 2024-02-13 00:00:00+00:00
[2024-09-16 00:03:58,939] {standard_task_runner.py:52} INFO - Started process 22338 to run task
[2024-09-16 00:03:58,951] {standard_task_runner.py:79} INFO - Running: ['airflow', 'tasks', 'run', 'BRONZER_GET_CRIPTOS', 'BRONZE_CRIPTO_DOGE', 'scheduled__2024-02-13T00:00:00+00:00', '--job-id', '250', '--raw', '--subdir', 'DAGS_FOLDER/get_cripto.py', '--cfg-path', '/tmp/tmp5cxm7otg', '--error-file', '/tmp/tmpy0n1jjpl']
[2024-09-16 00:03:58,952] {standard_task_runner.py:80} INFO - Job 250: Subtask BRONZE_CRIPTO_DOGE
[2024-09-16 00:03:59,187] {task_command.py:370} INFO - Running <TaskInstance: BRONZER_GET_CRIPTOS.BRONZE_CRIPTO_DOGE scheduled__2024-02-13T00:00:00+00:00 [running]> on host kaiwang.
[2024-09-16 00:03:59,416] {taskinstance.py:1569} INFO - Exporting the following env vars:
AIRFLOW_CTX_DAG_OWNER=airflow
AIRFLOW_CTX_DAG_ID=BRONZER_GET_CRIPTOS
AIRFLOW_CTX_TASK_ID=BRONZE_CRIPTO_DOGE
AIRFLOW_CTX_EXECUTION_DATE=2024-02-13T00:00:00+00:00
AIRFLOW_CTX_TRY_NUMBER=1
AIRFLOW_CTX_DAG_RUN_ID=scheduled__2024-02-13T00:00:00+00:00
[2024-09-16 00:04:02,006] {history.py:122} ERROR - $DOGE: possibly delisted; no timezone found
[2024-09-16 00:04:02,009] {python.py:173} INFO - Done. Returned value was: None
[2024-09-16 00:04:02,140] {taskinstance.py:1395} INFO - Marking task as SUCCESS. dag_id=BRONZER_GET_CRIPTOS, task_id=BRONZE_CRIPTO_DOGE, execution_date=20240213T000000, start_date=20240916T030358, end_date=20240916T030402
[2024-09-16 00:04:02,189] {local_task_job.py:156} INFO - Task exited with return code 0
[2024-09-16 00:04:02,369] {local_task_job.py:273} INFO - 0 downstream tasks scheduled from follow-on schedule check
[2024-09-16 00:13:37,174] {taskinstance.py:1159} INFO - Dependencies all met for <TaskInstance: BRONZER_GET_CRIPTOS.BRONZE_CRIPTO_DOGE scheduled__2024-02-13T00:00:00+00:00 [queued]>
[2024-09-16 00:13:37,258] {taskinstance.py:1159} INFO - Dependencies all met for <TaskInstance: BRONZER_GET_CRIPTOS.BRONZE_CRIPTO_DOGE scheduled__2024-02-13T00:00:00+00:00 [queued]>
[2024-09-16 00:13:37,258] {taskinstance.py:1356} INFO - 
--------------------------------------------------------------------------------
[2024-09-16 00:13:37,259] {taskinstance.py:1357} INFO - Starting attempt 1 of 1
[2024-09-16 00:13:37,259] {taskinstance.py:1358} INFO - 
--------------------------------------------------------------------------------
[2024-09-16 00:13:37,334] {taskinstance.py:1377} INFO - Executing <Task(_PythonDecoratedOperator): BRONZE_CRIPTO_DOGE> on 2024-02-13 00:00:00+00:00
[2024-09-16 00:13:37,340] {standard_task_runner.py:52} INFO - Started process 48022 to run task
[2024-09-16 00:13:37,370] {standard_task_runner.py:79} INFO - Running: ['airflow', 'tasks', 'run', 'BRONZER_GET_CRIPTOS', 'BRONZE_CRIPTO_DOGE', 'scheduled__2024-02-13T00:00:00+00:00', '--job-id', '1729', '--raw', '--subdir', 'DAGS_FOLDER/get_cripto.py', '--cfg-path', '/tmp/tmpeui0hlo3', '--error-file', '/tmp/tmpu2_g14w0']
[2024-09-16 00:13:37,377] {standard_task_runner.py:80} INFO - Job 1729: Subtask BRONZE_CRIPTO_DOGE
[2024-09-16 00:13:37,694] {task_command.py:370} INFO - Running <TaskInstance: BRONZER_GET_CRIPTOS.BRONZE_CRIPTO_DOGE scheduled__2024-02-13T00:00:00+00:00 [running]> on host kaiwang.
[2024-09-16 00:13:37,900] {taskinstance.py:1569} INFO - Exporting the following env vars:
AIRFLOW_CTX_DAG_OWNER=airflow
AIRFLOW_CTX_DAG_ID=BRONZER_GET_CRIPTOS
AIRFLOW_CTX_TASK_ID=BRONZE_CRIPTO_DOGE
AIRFLOW_CTX_EXECUTION_DATE=2024-02-13T00:00:00+00:00
AIRFLOW_CTX_TRY_NUMBER=1
AIRFLOW_CTX_DAG_RUN_ID=scheduled__2024-02-13T00:00:00+00:00
[2024-09-16 00:13:40,708] {history.py:122} ERROR - $DOGE: possibly delisted; no timezone found
[2024-09-16 00:13:40,714] {python.py:173} INFO - Done. Returned value was: None
[2024-09-16 00:13:40,806] {taskinstance.py:1395} INFO - Marking task as SUCCESS. dag_id=BRONZER_GET_CRIPTOS, task_id=BRONZE_CRIPTO_DOGE, execution_date=20240213T000000, start_date=20240916T031337, end_date=20240916T031340
[2024-09-16 00:13:40,842] {local_task_job.py:156} INFO - Task exited with return code 0
[2024-09-16 00:13:41,193] {local_task_job.py:273} INFO - 0 downstream tasks scheduled from follow-on schedule check
[2024-09-16 00:15:16,484] {taskinstance.py:1159} INFO - Dependencies all met for <TaskInstance: BRONZER_GET_CRIPTOS.BRONZE_CRIPTO_DOGE scheduled__2024-02-13T00:00:00+00:00 [queued]>
[2024-09-16 00:15:16,530] {taskinstance.py:1159} INFO - Dependencies all met for <TaskInstance: BRONZER_GET_CRIPTOS.BRONZE_CRIPTO_DOGE scheduled__2024-02-13T00:00:00+00:00 [queued]>
[2024-09-16 00:15:16,530] {taskinstance.py:1356} INFO - 
--------------------------------------------------------------------------------
[2024-09-16 00:15:16,530] {taskinstance.py:1357} INFO - Starting attempt 1 of 1
[2024-09-16 00:15:16,530] {taskinstance.py:1358} INFO - 
--------------------------------------------------------------------------------
[2024-09-16 00:15:16,583] {taskinstance.py:1377} INFO - Executing <Task(_PythonDecoratedOperator): BRONZE_CRIPTO_DOGE> on 2024-02-13 00:00:00+00:00
[2024-09-16 00:15:16,599] {standard_task_runner.py:79} INFO - Running: ['airflow', 'tasks', 'run', 'BRONZER_GET_CRIPTOS', 'BRONZE_CRIPTO_DOGE', 'scheduled__2024-02-13T00:00:00+00:00', '--job-id', '2060', '--raw', '--subdir', 'DAGS_FOLDER/get_cripto.py', '--cfg-path', '/tmp/tmpp4jcbql1', '--error-file', '/tmp/tmphdrd2xeh']
[2024-09-16 00:15:16,601] {standard_task_runner.py:80} INFO - Job 2060: Subtask BRONZE_CRIPTO_DOGE
[2024-09-16 00:15:16,589] {standard_task_runner.py:52} INFO - Started process 53872 to run task
[2024-09-16 00:15:16,894] {task_command.py:370} INFO - Running <TaskInstance: BRONZER_GET_CRIPTOS.BRONZE_CRIPTO_DOGE scheduled__2024-02-13T00:00:00+00:00 [running]> on host kaiwang.
[2024-09-16 00:15:17,250] {taskinstance.py:1569} INFO - Exporting the following env vars:
AIRFLOW_CTX_DAG_OWNER=airflow
AIRFLOW_CTX_DAG_ID=BRONZER_GET_CRIPTOS
AIRFLOW_CTX_TASK_ID=BRONZE_CRIPTO_DOGE
AIRFLOW_CTX_EXECUTION_DATE=2024-02-13T00:00:00+00:00
AIRFLOW_CTX_TRY_NUMBER=1
AIRFLOW_CTX_DAG_RUN_ID=scheduled__2024-02-13T00:00:00+00:00
[2024-09-16 00:15:20,020] {history.py:122} ERROR - $DOGE: possibly delisted; no timezone found
[2024-09-16 00:15:20,026] {python.py:173} INFO - Done. Returned value was: None
[2024-09-16 00:15:20,051] {taskinstance.py:1395} INFO - Marking task as SUCCESS. dag_id=BRONZER_GET_CRIPTOS, task_id=BRONZE_CRIPTO_DOGE, execution_date=20240213T000000, start_date=20240916T031516, end_date=20240916T031520
[2024-09-16 00:15:20,103] {local_task_job.py:156} INFO - Task exited with return code 0
[2024-09-16 00:15:20,167] {local_task_job.py:273} INFO - 0 downstream tasks scheduled from follow-on schedule check
