[2024-09-16 00:07:12,529] {taskinstance.py:1159} INFO - Dependencies all met for <TaskInstance: BRONZER_GET_STONCKS.BRONZE_STONCKS_MSFT scheduled__2024-08-09T00:00:00+00:00 [queued]>
[2024-09-16 00:07:12,557] {taskinstance.py:1159} INFO - Dependencies all met for <TaskInstance: BRONZER_GET_STONCKS.BRONZE_STONCKS_MSFT scheduled__2024-08-09T00:00:00+00:00 [queued]>
[2024-09-16 00:07:12,557] {taskinstance.py:1356} INFO - 
--------------------------------------------------------------------------------
[2024-09-16 00:07:12,558] {taskinstance.py:1357} INFO - Starting attempt 1 of 1
[2024-09-16 00:07:12,558] {taskinstance.py:1358} INFO - 
--------------------------------------------------------------------------------
[2024-09-16 00:07:12,577] {taskinstance.py:1377} INFO - Executing <Task(_PythonDecoratedOperator): BRONZE_STONCKS_MSFT> on 2024-08-09 00:00:00+00:00
[2024-09-16 00:07:12,607] {standard_task_runner.py:52} INFO - Started process 38038 to run task
[2024-09-16 00:07:12,627] {standard_task_runner.py:79} INFO - Running: ['airflow', 'tasks', 'run', 'BRONZER_GET_STONCKS', 'BRONZE_STONCKS_MSFT', 'scheduled__2024-08-09T00:00:00+00:00', '--job-id', '1168', '--raw', '--subdir', 'DAGS_FOLDER/get_stocks.py', '--cfg-path', '/tmp/tmpep8e9b99', '--error-file', '/tmp/tmpvhmj2cz0']
[2024-09-16 00:07:12,628] {standard_task_runner.py:80} INFO - Job 1168: Subtask BRONZE_STONCKS_MSFT
[2024-09-16 00:07:12,838] {task_command.py:370} INFO - Running <TaskInstance: BRONZER_GET_STONCKS.BRONZE_STONCKS_MSFT scheduled__2024-08-09T00:00:00+00:00 [running]> on host kaiwang.
[2024-09-16 00:07:13,086] {taskinstance.py:1569} INFO - Exporting the following env vars:
AIRFLOW_CTX_DAG_OWNER=airflow
AIRFLOW_CTX_DAG_ID=BRONZER_GET_STONCKS
AIRFLOW_CTX_TASK_ID=BRONZE_STONCKS_MSFT
AIRFLOW_CTX_EXECUTION_DATE=2024-08-09T00:00:00+00:00
AIRFLOW_CTX_TRY_NUMBER=1
AIRFLOW_CTX_DAG_RUN_ID=scheduled__2024-08-09T00:00:00+00:00
[2024-09-16 00:07:13,755] {python.py:173} INFO - Done. Returned value was: None
[2024-09-16 00:07:13,781] {taskinstance.py:1395} INFO - Marking task as SUCCESS. dag_id=BRONZER_GET_STONCKS, task_id=BRONZE_STONCKS_MSFT, execution_date=20240809T000000, start_date=20240916T030712, end_date=20240916T030713
[2024-09-16 00:07:13,856] {local_task_job.py:156} INFO - Task exited with return code 0
[2024-09-16 00:07:14,231] {local_task_job.py:273} INFO - 0 downstream tasks scheduled from follow-on schedule check
[2024-09-16 13:55:55,708] {taskinstance.py:1159} INFO - Dependencies all met for <TaskInstance: BRONZER_GET_STONCKS.BRONZE_STONCKS_MSFT scheduled__2024-08-09T00:00:00+00:00 [queued]>
[2024-09-16 13:55:55,722] {taskinstance.py:1159} INFO - Dependencies all met for <TaskInstance: BRONZER_GET_STONCKS.BRONZE_STONCKS_MSFT scheduled__2024-08-09T00:00:00+00:00 [queued]>
[2024-09-16 13:55:55,723] {taskinstance.py:1356} INFO - 
--------------------------------------------------------------------------------
[2024-09-16 13:55:55,723] {taskinstance.py:1357} INFO - Starting attempt 1 of 1
[2024-09-16 13:55:55,723] {taskinstance.py:1358} INFO - 
--------------------------------------------------------------------------------
[2024-09-16 13:55:55,747] {taskinstance.py:1377} INFO - Executing <Task(_PythonDecoratedOperator): BRONZE_STONCKS_MSFT> on 2024-08-09 00:00:00+00:00
[2024-09-16 13:55:55,756] {standard_task_runner.py:52} INFO - Started process 136940 to run task
[2024-09-16 13:55:55,762] {standard_task_runner.py:79} INFO - Running: ['airflow', 'tasks', 'run', 'BRONZER_GET_STONCKS', 'BRONZE_STONCKS_MSFT', 'scheduled__2024-08-09T00:00:00+00:00', '--job-id', '2488', '--raw', '--subdir', 'DAGS_FOLDER/get_stocks.py', '--cfg-path', '/tmp/tmptw0css3d', '--error-file', '/tmp/tmp5lx34xga']
[2024-09-16 13:55:55,764] {standard_task_runner.py:80} INFO - Job 2488: Subtask BRONZE_STONCKS_MSFT
[2024-09-16 13:55:55,898] {task_command.py:370} INFO - Running <TaskInstance: BRONZER_GET_STONCKS.BRONZE_STONCKS_MSFT scheduled__2024-08-09T00:00:00+00:00 [running]> on host kaiwang.
[2024-09-16 13:55:56,232] {taskinstance.py:1569} INFO - Exporting the following env vars:
AIRFLOW_CTX_DAG_OWNER=airflow
AIRFLOW_CTX_DAG_ID=BRONZER_GET_STONCKS
AIRFLOW_CTX_TASK_ID=BRONZE_STONCKS_MSFT
AIRFLOW_CTX_EXECUTION_DATE=2024-08-09T00:00:00+00:00
AIRFLOW_CTX_TRY_NUMBER=1
AIRFLOW_CTX_DAG_RUN_ID=scheduled__2024-08-09T00:00:00+00:00
[2024-09-16 13:55:56,978] {python.py:173} INFO - Done. Returned value was: None
[2024-09-16 13:55:56,996] {taskinstance.py:1395} INFO - Marking task as SUCCESS. dag_id=BRONZER_GET_STONCKS, task_id=BRONZE_STONCKS_MSFT, execution_date=20240809T000000, start_date=20240916T165555, end_date=20240916T165556
[2024-09-16 13:55:57,025] {local_task_job.py:156} INFO - Task exited with return code 0
[2024-09-16 13:55:57,080] {local_task_job.py:273} INFO - 0 downstream tasks scheduled from follow-on schedule check
