[2024-09-16 00:08:13,367] {taskinstance.py:1159} INFO - Dependencies all met for <TaskInstance: BRONZER_GET_CRIPTOS.BRONZE_CRIPTO_AVAX scheduled__2024-08-27T00:00:00+00:00 [queued]>
[2024-09-16 00:08:13,383] {taskinstance.py:1159} INFO - Dependencies all met for <TaskInstance: BRONZER_GET_CRIPTOS.BRONZE_CRIPTO_AVAX scheduled__2024-08-27T00:00:00+00:00 [queued]>
[2024-09-16 00:08:13,383] {taskinstance.py:1356} INFO - 
--------------------------------------------------------------------------------
[2024-09-16 00:08:13,383] {taskinstance.py:1357} INFO - Starting attempt 1 of 1
[2024-09-16 00:08:13,383] {taskinstance.py:1358} INFO - 
--------------------------------------------------------------------------------
[2024-09-16 00:08:13,415] {taskinstance.py:1377} INFO - Executing <Task(_PythonDecoratedOperator): BRONZE_CRIPTO_AVAX> on 2024-08-27 00:00:00+00:00
[2024-09-16 00:08:13,427] {standard_task_runner.py:52} INFO - Started process 42402 to run task
[2024-09-16 00:08:13,431] {standard_task_runner.py:79} INFO - Running: ['airflow', 'tasks', 'run', 'BRONZER_GET_CRIPTOS', 'BRONZE_CRIPTO_AVAX', 'scheduled__2024-08-27T00:00:00+00:00', '--job-id', '1419', '--raw', '--subdir', 'DAGS_FOLDER/get_cripto.py', '--cfg-path', '/tmp/tmpbe2q95ye', '--error-file', '/tmp/tmpus222h6p']
[2024-09-16 00:08:13,432] {standard_task_runner.py:80} INFO - Job 1419: Subtask BRONZE_CRIPTO_AVAX
[2024-09-16 00:08:13,584] {task_command.py:370} INFO - Running <TaskInstance: BRONZER_GET_CRIPTOS.BRONZE_CRIPTO_AVAX scheduled__2024-08-27T00:00:00+00:00 [running]> on host kaiwang.
[2024-09-16 00:08:13,828] {taskinstance.py:1569} INFO - Exporting the following env vars:
AIRFLOW_CTX_DAG_OWNER=airflow
AIRFLOW_CTX_DAG_ID=BRONZER_GET_CRIPTOS
AIRFLOW_CTX_TASK_ID=BRONZE_CRIPTO_AVAX
AIRFLOW_CTX_EXECUTION_DATE=2024-08-27T00:00:00+00:00
AIRFLOW_CTX_TRY_NUMBER=1
AIRFLOW_CTX_DAG_RUN_ID=scheduled__2024-08-27T00:00:00+00:00
[2024-09-16 00:08:16,155] {history.py:122} ERROR - $AVAX: possibly delisted; no timezone found
[2024-09-16 00:08:16,159] {python.py:173} INFO - Done. Returned value was: None
[2024-09-16 00:08:16,193] {taskinstance.py:1395} INFO - Marking task as SUCCESS. dag_id=BRONZER_GET_CRIPTOS, task_id=BRONZE_CRIPTO_AVAX, execution_date=20240827T000000, start_date=20240916T030813, end_date=20240916T030816
[2024-09-16 00:08:16,227] {local_task_job.py:156} INFO - Task exited with return code 0
[2024-09-16 00:08:16,304] {local_task_job.py:273} INFO - 0 downstream tasks scheduled from follow-on schedule check
[2024-09-16 13:56:29,104] {taskinstance.py:1159} INFO - Dependencies all met for <TaskInstance: BRONZER_GET_CRIPTOS.BRONZE_CRIPTO_AVAX scheduled__2024-08-27T00:00:00+00:00 [queued]>
[2024-09-16 13:56:29,143] {taskinstance.py:1159} INFO - Dependencies all met for <TaskInstance: BRONZER_GET_CRIPTOS.BRONZE_CRIPTO_AVAX scheduled__2024-08-27T00:00:00+00:00 [queued]>
[2024-09-16 13:56:29,144] {taskinstance.py:1356} INFO - 
--------------------------------------------------------------------------------
[2024-09-16 13:56:29,144] {taskinstance.py:1357} INFO - Starting attempt 1 of 1
[2024-09-16 13:56:29,144] {taskinstance.py:1358} INFO - 
--------------------------------------------------------------------------------
[2024-09-16 13:56:29,183] {taskinstance.py:1377} INFO - Executing <Task(_PythonDecoratedOperator): BRONZE_CRIPTO_AVAX> on 2024-08-27 00:00:00+00:00
[2024-09-16 13:56:29,189] {standard_task_runner.py:52} INFO - Started process 139228 to run task
[2024-09-16 13:56:29,203] {standard_task_runner.py:79} INFO - Running: ['airflow', 'tasks', 'run', 'BRONZER_GET_CRIPTOS', 'BRONZE_CRIPTO_AVAX', 'scheduled__2024-08-27T00:00:00+00:00', '--job-id', '2588', '--raw', '--subdir', 'DAGS_FOLDER/get_cripto.py', '--cfg-path', '/tmp/tmpct9emg7i', '--error-file', '/tmp/tmpheev2fpy']
[2024-09-16 13:56:29,205] {standard_task_runner.py:80} INFO - Job 2588: Subtask BRONZE_CRIPTO_AVAX
[2024-09-16 13:56:29,360] {task_command.py:370} INFO - Running <TaskInstance: BRONZER_GET_CRIPTOS.BRONZE_CRIPTO_AVAX scheduled__2024-08-27T00:00:00+00:00 [running]> on host kaiwang.
[2024-09-16 13:56:29,917] {taskinstance.py:1569} INFO - Exporting the following env vars:
AIRFLOW_CTX_DAG_OWNER=airflow
AIRFLOW_CTX_DAG_ID=BRONZER_GET_CRIPTOS
AIRFLOW_CTX_TASK_ID=BRONZE_CRIPTO_AVAX
AIRFLOW_CTX_EXECUTION_DATE=2024-08-27T00:00:00+00:00
AIRFLOW_CTX_TRY_NUMBER=1
AIRFLOW_CTX_DAG_RUN_ID=scheduled__2024-08-27T00:00:00+00:00
[2024-09-16 13:56:33,326] {history.py:122} ERROR - $AVAX: possibly delisted; no timezone found
[2024-09-16 13:56:33,329] {python.py:173} INFO - Done. Returned value was: None
[2024-09-16 13:56:33,385] {taskinstance.py:1395} INFO - Marking task as SUCCESS. dag_id=BRONZER_GET_CRIPTOS, task_id=BRONZE_CRIPTO_AVAX, execution_date=20240827T000000, start_date=20240916T165629, end_date=20240916T165633
[2024-09-16 13:56:33,466] {local_task_job.py:156} INFO - Task exited with return code 0
[2024-09-16 13:56:33,572] {local_task_job.py:273} INFO - 0 downstream tasks scheduled from follow-on schedule check
