[2024-09-16 00:04:32,749] {taskinstance.py:1159} INFO - Dependencies all met for <TaskInstance: BRONZER_GET_STONCKS.BRONZE_STONCKS_AAPL scheduled__2024-03-15T00:00:00+00:00 [queued]>
[2024-09-16 00:04:32,780] {taskinstance.py:1159} INFO - Dependencies all met for <TaskInstance: BRONZER_GET_STONCKS.BRONZE_STONCKS_AAPL scheduled__2024-03-15T00:00:00+00:00 [queued]>
[2024-09-16 00:04:32,780] {taskinstance.py:1356} INFO - 
--------------------------------------------------------------------------------
[2024-09-16 00:04:32,780] {taskinstance.py:1357} INFO - Starting attempt 1 of 1
[2024-09-16 00:04:32,780] {taskinstance.py:1358} INFO - 
--------------------------------------------------------------------------------
[2024-09-16 00:04:32,806] {taskinstance.py:1377} INFO - Executing <Task(_PythonDecoratedOperator): BRONZE_STONCKS_AAPL> on 2024-03-15 00:00:00+00:00
[2024-09-16 00:04:32,812] {standard_task_runner.py:52} INFO - Started process 25144 to run task
[2024-09-16 00:04:32,817] {standard_task_runner.py:79} INFO - Running: ['airflow', 'tasks', 'run', 'BRONZER_GET_STONCKS', 'BRONZE_STONCKS_AAPL', 'scheduled__2024-03-15T00:00:00+00:00', '--job-id', '416', '--raw', '--subdir', 'DAGS_FOLDER/get_stocks.py', '--cfg-path', '/tmp/tmp4_wyqxx0', '--error-file', '/tmp/tmpabkhdlb3']
[2024-09-16 00:04:32,818] {standard_task_runner.py:80} INFO - Job 416: Subtask BRONZE_STONCKS_AAPL
[2024-09-16 00:04:32,943] {task_command.py:370} INFO - Running <TaskInstance: BRONZER_GET_STONCKS.BRONZE_STONCKS_AAPL scheduled__2024-03-15T00:00:00+00:00 [running]> on host kaiwang.
[2024-09-16 00:04:33,139] {taskinstance.py:1569} INFO - Exporting the following env vars:
AIRFLOW_CTX_DAG_OWNER=airflow
AIRFLOW_CTX_DAG_ID=BRONZER_GET_STONCKS
AIRFLOW_CTX_TASK_ID=BRONZE_STONCKS_AAPL
AIRFLOW_CTX_EXECUTION_DATE=2024-03-15T00:00:00+00:00
AIRFLOW_CTX_TRY_NUMBER=1
AIRFLOW_CTX_DAG_RUN_ID=scheduled__2024-03-15T00:00:00+00:00
[2024-09-16 00:04:33,703] {python.py:173} INFO - Done. Returned value was: None
[2024-09-16 00:04:33,726] {taskinstance.py:1395} INFO - Marking task as SUCCESS. dag_id=BRONZER_GET_STONCKS, task_id=BRONZE_STONCKS_AAPL, execution_date=20240315T000000, start_date=20240916T030432, end_date=20240916T030433
[2024-09-16 00:04:33,771] {local_task_job.py:156} INFO - Task exited with return code 0
[2024-09-16 00:04:33,824] {local_task_job.py:273} INFO - 0 downstream tasks scheduled from follow-on schedule check
[2024-09-16 00:15:41,369] {taskinstance.py:1159} INFO - Dependencies all met for <TaskInstance: BRONZER_GET_STONCKS.BRONZE_STONCKS_AAPL scheduled__2024-03-15T00:00:00+00:00 [queued]>
[2024-09-16 00:15:41,434] {taskinstance.py:1159} INFO - Dependencies all met for <TaskInstance: BRONZER_GET_STONCKS.BRONZE_STONCKS_AAPL scheduled__2024-03-15T00:00:00+00:00 [queued]>
[2024-09-16 00:15:41,434] {taskinstance.py:1356} INFO - 
--------------------------------------------------------------------------------
[2024-09-16 00:15:41,434] {taskinstance.py:1357} INFO - Starting attempt 1 of 1
[2024-09-16 00:15:41,434] {taskinstance.py:1358} INFO - 
--------------------------------------------------------------------------------
[2024-09-16 00:15:41,510] {taskinstance.py:1377} INFO - Executing <Task(_PythonDecoratedOperator): BRONZE_STONCKS_AAPL> on 2024-03-15 00:00:00+00:00
[2024-09-16 00:15:41,518] {standard_task_runner.py:52} INFO - Started process 55936 to run task
[2024-09-16 00:15:41,551] {standard_task_runner.py:79} INFO - Running: ['airflow', 'tasks', 'run', 'BRONZER_GET_STONCKS', 'BRONZE_STONCKS_AAPL', 'scheduled__2024-03-15T00:00:00+00:00', '--job-id', '2185', '--raw', '--subdir', 'DAGS_FOLDER/get_stocks.py', '--cfg-path', '/tmp/tmp0p1vny52', '--error-file', '/tmp/tmphj5kca9y']
[2024-09-16 00:15:41,553] {standard_task_runner.py:80} INFO - Job 2185: Subtask BRONZE_STONCKS_AAPL
[2024-09-16 00:15:41,853] {task_command.py:370} INFO - Running <TaskInstance: BRONZER_GET_STONCKS.BRONZE_STONCKS_AAPL scheduled__2024-03-15T00:00:00+00:00 [running]> on host kaiwang.
[2024-09-16 00:15:42,262] {taskinstance.py:1569} INFO - Exporting the following env vars:
AIRFLOW_CTX_DAG_OWNER=airflow
AIRFLOW_CTX_DAG_ID=BRONZER_GET_STONCKS
AIRFLOW_CTX_TASK_ID=BRONZE_STONCKS_AAPL
AIRFLOW_CTX_EXECUTION_DATE=2024-03-15T00:00:00+00:00
AIRFLOW_CTX_TRY_NUMBER=1
AIRFLOW_CTX_DAG_RUN_ID=scheduled__2024-03-15T00:00:00+00:00
[2024-09-16 00:15:42,952] {python.py:173} INFO - Done. Returned value was: None
[2024-09-16 00:15:43,190] {taskinstance.py:1395} INFO - Marking task as SUCCESS. dag_id=BRONZER_GET_STONCKS, task_id=BRONZE_STONCKS_AAPL, execution_date=20240315T000000, start_date=20240916T031541, end_date=20240916T031543
[2024-09-16 00:15:43,278] {local_task_job.py:156} INFO - Task exited with return code 0
[2024-09-16 00:15:43,405] {local_task_job.py:273} INFO - 0 downstream tasks scheduled from follow-on schedule check
