[2024-09-16 00:04:46,433] {taskinstance.py:1159} INFO - Dependencies all met for <TaskInstance: BRONZER_GET_CRIPTOS.BRONZE_CRIPTO_AVAX scheduled__2024-03-19T00:00:00+00:00 [queued]>
[2024-09-16 00:04:46,468] {taskinstance.py:1159} INFO - Dependencies all met for <TaskInstance: BRONZER_GET_CRIPTOS.BRONZE_CRIPTO_AVAX scheduled__2024-03-19T00:00:00+00:00 [queued]>
[2024-09-16 00:04:46,468] {taskinstance.py:1356} INFO - 
--------------------------------------------------------------------------------
[2024-09-16 00:04:46,468] {taskinstance.py:1357} INFO - Starting attempt 1 of 1
[2024-09-16 00:04:46,468] {taskinstance.py:1358} INFO - 
--------------------------------------------------------------------------------
[2024-09-16 00:04:46,538] {taskinstance.py:1377} INFO - Executing <Task(_PythonDecoratedOperator): BRONZE_CRIPTO_AVAX> on 2024-03-19 00:00:00+00:00
[2024-09-16 00:04:46,544] {standard_task_runner.py:52} INFO - Started process 26263 to run task
[2024-09-16 00:04:46,571] {standard_task_runner.py:79} INFO - Running: ['airflow', 'tasks', 'run', 'BRONZER_GET_CRIPTOS', 'BRONZE_CRIPTO_AVAX', 'scheduled__2024-03-19T00:00:00+00:00', '--job-id', '476', '--raw', '--subdir', 'DAGS_FOLDER/get_cripto.py', '--cfg-path', '/tmp/tmp2hkyifyh', '--error-file', '/tmp/tmphtosi8px']
[2024-09-16 00:04:46,578] {standard_task_runner.py:80} INFO - Job 476: Subtask BRONZE_CRIPTO_AVAX
[2024-09-16 00:04:46,855] {task_command.py:370} INFO - Running <TaskInstance: BRONZER_GET_CRIPTOS.BRONZE_CRIPTO_AVAX scheduled__2024-03-19T00:00:00+00:00 [running]> on host kaiwang.
[2024-09-16 00:04:47,462] {taskinstance.py:1569} INFO - Exporting the following env vars:
AIRFLOW_CTX_DAG_OWNER=airflow
AIRFLOW_CTX_DAG_ID=BRONZER_GET_CRIPTOS
AIRFLOW_CTX_TASK_ID=BRONZE_CRIPTO_AVAX
AIRFLOW_CTX_EXECUTION_DATE=2024-03-19T00:00:00+00:00
AIRFLOW_CTX_TRY_NUMBER=1
AIRFLOW_CTX_DAG_RUN_ID=scheduled__2024-03-19T00:00:00+00:00
[2024-09-16 00:04:50,799] {history.py:122} ERROR - $AVAX: possibly delisted; no timezone found
[2024-09-16 00:04:50,803] {python.py:173} INFO - Done. Returned value was: None
[2024-09-16 00:04:50,868] {taskinstance.py:1395} INFO - Marking task as SUCCESS. dag_id=BRONZER_GET_CRIPTOS, task_id=BRONZE_CRIPTO_AVAX, execution_date=20240319T000000, start_date=20240916T030446, end_date=20240916T030450
[2024-09-16 00:04:50,942] {local_task_job.py:156} INFO - Task exited with return code 0
[2024-09-16 00:04:51,106] {local_task_job.py:273} INFO - 0 downstream tasks scheduled from follow-on schedule check
[2024-09-16 00:16:01,178] {taskinstance.py:1159} INFO - Dependencies all met for <TaskInstance: BRONZER_GET_CRIPTOS.BRONZE_CRIPTO_AVAX scheduled__2024-03-19T00:00:00+00:00 [queued]>
[2024-09-16 00:16:01,210] {taskinstance.py:1159} INFO - Dependencies all met for <TaskInstance: BRONZER_GET_CRIPTOS.BRONZE_CRIPTO_AVAX scheduled__2024-03-19T00:00:00+00:00 [queued]>
[2024-09-16 00:16:01,211] {taskinstance.py:1356} INFO - 
--------------------------------------------------------------------------------
[2024-09-16 00:16:01,211] {taskinstance.py:1357} INFO - Starting attempt 1 of 1
[2024-09-16 00:16:01,211] {taskinstance.py:1358} INFO - 
--------------------------------------------------------------------------------
[2024-09-16 00:16:01,272] {taskinstance.py:1377} INFO - Executing <Task(_PythonDecoratedOperator): BRONZE_CRIPTO_AVAX> on 2024-03-19 00:00:00+00:00
[2024-09-16 00:16:01,279] {standard_task_runner.py:52} INFO - Started process 57546 to run task
[2024-09-16 00:16:01,294] {standard_task_runner.py:79} INFO - Running: ['airflow', 'tasks', 'run', 'BRONZER_GET_CRIPTOS', 'BRONZE_CRIPTO_AVAX', 'scheduled__2024-03-19T00:00:00+00:00', '--job-id', '2280', '--raw', '--subdir', 'DAGS_FOLDER/get_cripto.py', '--cfg-path', '/tmp/tmpcsxkr9fu', '--error-file', '/tmp/tmpt3p5rt3n']
[2024-09-16 00:16:01,295] {standard_task_runner.py:80} INFO - Job 2280: Subtask BRONZE_CRIPTO_AVAX
[2024-09-16 00:16:01,568] {task_command.py:370} INFO - Running <TaskInstance: BRONZER_GET_CRIPTOS.BRONZE_CRIPTO_AVAX scheduled__2024-03-19T00:00:00+00:00 [running]> on host kaiwang.
[2024-09-16 00:16:01,873] {taskinstance.py:1569} INFO - Exporting the following env vars:
AIRFLOW_CTX_DAG_OWNER=airflow
AIRFLOW_CTX_DAG_ID=BRONZER_GET_CRIPTOS
AIRFLOW_CTX_TASK_ID=BRONZE_CRIPTO_AVAX
AIRFLOW_CTX_EXECUTION_DATE=2024-03-19T00:00:00+00:00
AIRFLOW_CTX_TRY_NUMBER=1
AIRFLOW_CTX_DAG_RUN_ID=scheduled__2024-03-19T00:00:00+00:00
[2024-09-16 00:16:04,427] {history.py:122} ERROR - $AVAX: possibly delisted; no timezone found
[2024-09-16 00:16:04,431] {python.py:173} INFO - Done. Returned value was: None
[2024-09-16 00:16:04,516] {taskinstance.py:1395} INFO - Marking task as SUCCESS. dag_id=BRONZER_GET_CRIPTOS, task_id=BRONZE_CRIPTO_AVAX, execution_date=20240319T000000, start_date=20240916T031601, end_date=20240916T031604
[2024-09-16 00:16:04,606] {local_task_job.py:156} INFO - Task exited with return code 0
[2024-09-16 00:16:05,002] {local_task_job.py:273} INFO - 0 downstream tasks scheduled from follow-on schedule check
