[2024-09-16 00:08:19,845] {taskinstance.py:1159} INFO - Dependencies all met for <TaskInstance: BRONZER_GET_CRIPTOS.BRONZE_CRIPTO_ETH scheduled__2024-09-05T00:00:00+00:00 [queued]>
[2024-09-16 00:08:19,857] {taskinstance.py:1159} INFO - Dependencies all met for <TaskInstance: BRONZER_GET_CRIPTOS.BRONZE_CRIPTO_ETH scheduled__2024-09-05T00:00:00+00:00 [queued]>
[2024-09-16 00:08:19,857] {taskinstance.py:1356} INFO - 
--------------------------------------------------------------------------------
[2024-09-16 00:08:19,858] {taskinstance.py:1357} INFO - Starting attempt 1 of 1
[2024-09-16 00:08:19,858] {taskinstance.py:1358} INFO - 
--------------------------------------------------------------------------------
[2024-09-16 00:08:19,886] {taskinstance.py:1377} INFO - Executing <Task(_PythonDecoratedOperator): BRONZE_CRIPTO_ETH> on 2024-09-05 00:00:00+00:00
[2024-09-16 00:08:19,899] {standard_task_runner.py:52} INFO - Started process 42922 to run task
[2024-09-16 00:08:19,908] {standard_task_runner.py:79} INFO - Running: ['airflow', 'tasks', 'run', 'BRONZER_GET_CRIPTOS', 'BRONZE_CRIPTO_ETH', 'scheduled__2024-09-05T00:00:00+00:00', '--job-id', '1450', '--raw', '--subdir', 'DAGS_FOLDER/get_cripto.py', '--cfg-path', '/tmp/tmp4_h2dp6q', '--error-file', '/tmp/tmp2edopvye']
[2024-09-16 00:08:19,910] {standard_task_runner.py:80} INFO - Job 1450: Subtask BRONZE_CRIPTO_ETH
[2024-09-16 00:08:20,054] {task_command.py:370} INFO - Running <TaskInstance: BRONZER_GET_CRIPTOS.BRONZE_CRIPTO_ETH scheduled__2024-09-05T00:00:00+00:00 [running]> on host kaiwang.
[2024-09-16 00:08:20,216] {taskinstance.py:1569} INFO - Exporting the following env vars:
AIRFLOW_CTX_DAG_OWNER=airflow
AIRFLOW_CTX_DAG_ID=BRONZER_GET_CRIPTOS
AIRFLOW_CTX_TASK_ID=BRONZE_CRIPTO_ETH
AIRFLOW_CTX_EXECUTION_DATE=2024-09-05T00:00:00+00:00
AIRFLOW_CTX_TRY_NUMBER=1
AIRFLOW_CTX_DAG_RUN_ID=scheduled__2024-09-05T00:00:00+00:00
[2024-09-16 00:08:20,879] {python.py:173} INFO - Done. Returned value was: None
[2024-09-16 00:08:20,898] {taskinstance.py:1395} INFO - Marking task as SUCCESS. dag_id=BRONZER_GET_CRIPTOS, task_id=BRONZE_CRIPTO_ETH, execution_date=20240905T000000, start_date=20240916T030819, end_date=20240916T030820
[2024-09-16 00:08:20,940] {local_task_job.py:156} INFO - Task exited with return code 0
[2024-09-16 00:08:20,978] {local_task_job.py:273} INFO - 0 downstream tasks scheduled from follow-on schedule check
[2024-09-16 13:56:46,002] {taskinstance.py:1159} INFO - Dependencies all met for <TaskInstance: BRONZER_GET_CRIPTOS.BRONZE_CRIPTO_ETH scheduled__2024-09-05T00:00:00+00:00 [queued]>
[2024-09-16 13:56:46,013] {taskinstance.py:1159} INFO - Dependencies all met for <TaskInstance: BRONZER_GET_CRIPTOS.BRONZE_CRIPTO_ETH scheduled__2024-09-05T00:00:00+00:00 [queued]>
[2024-09-16 13:56:46,013] {taskinstance.py:1356} INFO - 
--------------------------------------------------------------------------------
[2024-09-16 13:56:46,013] {taskinstance.py:1357} INFO - Starting attempt 1 of 1
[2024-09-16 13:56:46,013] {taskinstance.py:1358} INFO - 
--------------------------------------------------------------------------------
[2024-09-16 13:56:46,023] {taskinstance.py:1377} INFO - Executing <Task(_PythonDecoratedOperator): BRONZE_CRIPTO_ETH> on 2024-09-05 00:00:00+00:00
[2024-09-16 13:56:46,028] {standard_task_runner.py:52} INFO - Started process 140539 to run task
[2024-09-16 13:56:46,032] {standard_task_runner.py:79} INFO - Running: ['airflow', 'tasks', 'run', 'BRONZER_GET_CRIPTOS', 'BRONZE_CRIPTO_ETH', 'scheduled__2024-09-05T00:00:00+00:00', '--job-id', '2651', '--raw', '--subdir', 'DAGS_FOLDER/get_cripto.py', '--cfg-path', '/tmp/tmp1wggneee', '--error-file', '/tmp/tmp7g0taxtv']
[2024-09-16 13:56:46,033] {standard_task_runner.py:80} INFO - Job 2651: Subtask BRONZE_CRIPTO_ETH
[2024-09-16 13:56:46,121] {task_command.py:370} INFO - Running <TaskInstance: BRONZER_GET_CRIPTOS.BRONZE_CRIPTO_ETH scheduled__2024-09-05T00:00:00+00:00 [running]> on host kaiwang.
[2024-09-16 13:56:46,385] {taskinstance.py:1569} INFO - Exporting the following env vars:
AIRFLOW_CTX_DAG_OWNER=airflow
AIRFLOW_CTX_DAG_ID=BRONZER_GET_CRIPTOS
AIRFLOW_CTX_TASK_ID=BRONZE_CRIPTO_ETH
AIRFLOW_CTX_EXECUTION_DATE=2024-09-05T00:00:00+00:00
AIRFLOW_CTX_TRY_NUMBER=1
AIRFLOW_CTX_DAG_RUN_ID=scheduled__2024-09-05T00:00:00+00:00
[2024-09-16 13:56:47,494] {python.py:173} INFO - Done. Returned value was: None
[2024-09-16 13:56:47,521] {taskinstance.py:1395} INFO - Marking task as SUCCESS. dag_id=BRONZER_GET_CRIPTOS, task_id=BRONZE_CRIPTO_ETH, execution_date=20240905T000000, start_date=20240916T165646, end_date=20240916T165647
[2024-09-16 13:56:47,572] {local_task_job.py:156} INFO - Task exited with return code 0
[2024-09-16 13:56:47,643] {local_task_job.py:273} INFO - 0 downstream tasks scheduled from follow-on schedule check
