[2024-09-16 00:04:48,477] {taskinstance.py:1159} INFO - Dependencies all met for <TaskInstance: BRONZER_GET_CRIPTOS.BRONZE_CRIPTO_AVAX scheduled__2024-03-20T00:00:00+00:00 [queued]>
[2024-09-16 00:04:48,552] {taskinstance.py:1159} INFO - Dependencies all met for <TaskInstance: BRONZER_GET_CRIPTOS.BRONZE_CRIPTO_AVAX scheduled__2024-03-20T00:00:00+00:00 [queued]>
[2024-09-16 00:04:48,552] {taskinstance.py:1356} INFO - 
--------------------------------------------------------------------------------
[2024-09-16 00:04:48,553] {taskinstance.py:1357} INFO - Starting attempt 1 of 1
[2024-09-16 00:04:48,553] {taskinstance.py:1358} INFO - 
--------------------------------------------------------------------------------
[2024-09-16 00:04:48,700] {taskinstance.py:1377} INFO - Executing <Task(_PythonDecoratedOperator): BRONZE_CRIPTO_AVAX> on 2024-03-20 00:00:00+00:00
[2024-09-16 00:04:48,772] {standard_task_runner.py:52} INFO - Started process 26361 to run task
[2024-09-16 00:04:48,797] {standard_task_runner.py:79} INFO - Running: ['airflow', 'tasks', 'run', 'BRONZER_GET_CRIPTOS', 'BRONZE_CRIPTO_AVAX', 'scheduled__2024-03-20T00:00:00+00:00', '--job-id', '481', '--raw', '--subdir', 'DAGS_FOLDER/get_cripto.py', '--cfg-path', '/tmp/tmpq68r01dd', '--error-file', '/tmp/tmpjaocaviw']
[2024-09-16 00:04:48,799] {standard_task_runner.py:80} INFO - Job 481: Subtask BRONZE_CRIPTO_AVAX
[2024-09-16 00:04:49,386] {task_command.py:370} INFO - Running <TaskInstance: BRONZER_GET_CRIPTOS.BRONZE_CRIPTO_AVAX scheduled__2024-03-20T00:00:00+00:00 [running]> on host kaiwang.
[2024-09-16 00:04:49,984] {taskinstance.py:1569} INFO - Exporting the following env vars:
AIRFLOW_CTX_DAG_OWNER=airflow
AIRFLOW_CTX_DAG_ID=BRONZER_GET_CRIPTOS
AIRFLOW_CTX_TASK_ID=BRONZE_CRIPTO_AVAX
AIRFLOW_CTX_EXECUTION_DATE=2024-03-20T00:00:00+00:00
AIRFLOW_CTX_TRY_NUMBER=1
AIRFLOW_CTX_DAG_RUN_ID=scheduled__2024-03-20T00:00:00+00:00
[2024-09-16 00:04:53,257] {history.py:122} ERROR - $AVAX: possibly delisted; no timezone found
[2024-09-16 00:04:53,261] {python.py:173} INFO - Done. Returned value was: None
[2024-09-16 00:04:53,314] {taskinstance.py:1395} INFO - Marking task as SUCCESS. dag_id=BRONZER_GET_CRIPTOS, task_id=BRONZE_CRIPTO_AVAX, execution_date=20240320T000000, start_date=20240916T030448, end_date=20240916T030453
[2024-09-16 00:04:53,382] {local_task_job.py:156} INFO - Task exited with return code 0
[2024-09-16 00:04:53,609] {local_task_job.py:273} INFO - 0 downstream tasks scheduled from follow-on schedule check
[2024-09-16 00:16:01,617] {taskinstance.py:1159} INFO - Dependencies all met for <TaskInstance: BRONZER_GET_CRIPTOS.BRONZE_CRIPTO_AVAX scheduled__2024-03-20T00:00:00+00:00 [queued]>
[2024-09-16 00:16:01,676] {taskinstance.py:1159} INFO - Dependencies all met for <TaskInstance: BRONZER_GET_CRIPTOS.BRONZE_CRIPTO_AVAX scheduled__2024-03-20T00:00:00+00:00 [queued]>
[2024-09-16 00:16:01,676] {taskinstance.py:1356} INFO - 
--------------------------------------------------------------------------------
[2024-09-16 00:16:01,676] {taskinstance.py:1357} INFO - Starting attempt 1 of 1
[2024-09-16 00:16:01,676] {taskinstance.py:1358} INFO - 
--------------------------------------------------------------------------------
[2024-09-16 00:16:01,737] {taskinstance.py:1377} INFO - Executing <Task(_PythonDecoratedOperator): BRONZE_CRIPTO_AVAX> on 2024-03-20 00:00:00+00:00
[2024-09-16 00:16:01,742] {standard_task_runner.py:52} INFO - Started process 57584 to run task
[2024-09-16 00:16:01,773] {standard_task_runner.py:79} INFO - Running: ['airflow', 'tasks', 'run', 'BRONZER_GET_CRIPTOS', 'BRONZE_CRIPTO_AVAX', 'scheduled__2024-03-20T00:00:00+00:00', '--job-id', '2281', '--raw', '--subdir', 'DAGS_FOLDER/get_cripto.py', '--cfg-path', '/tmp/tmpq3u86ccq', '--error-file', '/tmp/tmpb2epgobs']
[2024-09-16 00:16:01,774] {standard_task_runner.py:80} INFO - Job 2281: Subtask BRONZE_CRIPTO_AVAX
[2024-09-16 00:16:02,088] {task_command.py:370} INFO - Running <TaskInstance: BRONZER_GET_CRIPTOS.BRONZE_CRIPTO_AVAX scheduled__2024-03-20T00:00:00+00:00 [running]> on host kaiwang.
[2024-09-16 00:16:02,478] {taskinstance.py:1569} INFO - Exporting the following env vars:
AIRFLOW_CTX_DAG_OWNER=airflow
AIRFLOW_CTX_DAG_ID=BRONZER_GET_CRIPTOS
AIRFLOW_CTX_TASK_ID=BRONZE_CRIPTO_AVAX
AIRFLOW_CTX_EXECUTION_DATE=2024-03-20T00:00:00+00:00
AIRFLOW_CTX_TRY_NUMBER=1
AIRFLOW_CTX_DAG_RUN_ID=scheduled__2024-03-20T00:00:00+00:00
[2024-09-16 00:16:05,537] {history.py:122} ERROR - $AVAX: possibly delisted; no timezone found
[2024-09-16 00:16:05,541] {python.py:173} INFO - Done. Returned value was: None
[2024-09-16 00:16:05,600] {taskinstance.py:1395} INFO - Marking task as SUCCESS. dag_id=BRONZER_GET_CRIPTOS, task_id=BRONZE_CRIPTO_AVAX, execution_date=20240320T000000, start_date=20240916T031601, end_date=20240916T031605
[2024-09-16 00:16:05,660] {local_task_job.py:156} INFO - Task exited with return code 0
[2024-09-16 00:16:05,783] {local_task_job.py:273} INFO - 0 downstream tasks scheduled from follow-on schedule check
