[2024-09-16 00:05:53,539] {taskinstance.py:1159} INFO - Dependencies all met for <TaskInstance: BRONZER_GET_CRIPTOS.BRONZE_CRIPTO_AVAX scheduled__2024-05-04T00:00:00+00:00 [queued]>
[2024-09-16 00:05:53,551] {taskinstance.py:1159} INFO - Dependencies all met for <TaskInstance: BRONZER_GET_CRIPTOS.BRONZE_CRIPTO_AVAX scheduled__2024-05-04T00:00:00+00:00 [queued]>
[2024-09-16 00:05:53,551] {taskinstance.py:1356} INFO - 
--------------------------------------------------------------------------------
[2024-09-16 00:05:53,551] {taskinstance.py:1357} INFO - Starting attempt 1 of 1
[2024-09-16 00:05:53,551] {taskinstance.py:1358} INFO - 
--------------------------------------------------------------------------------
[2024-09-16 00:05:53,592] {taskinstance.py:1377} INFO - Executing <Task(_PythonDecoratedOperator): BRONZE_CRIPTO_AVAX> on 2024-05-04 00:00:00+00:00
[2024-09-16 00:05:53,598] {standard_task_runner.py:52} INFO - Started process 31545 to run task
[2024-09-16 00:05:53,616] {standard_task_runner.py:79} INFO - Running: ['airflow', 'tasks', 'run', 'BRONZER_GET_CRIPTOS', 'BRONZE_CRIPTO_AVAX', 'scheduled__2024-05-04T00:00:00+00:00', '--job-id', '786', '--raw', '--subdir', 'DAGS_FOLDER/get_cripto.py', '--cfg-path', '/tmp/tmpwm7o6l0y', '--error-file', '/tmp/tmp4som_33j']
[2024-09-16 00:05:53,618] {standard_task_runner.py:80} INFO - Job 786: Subtask BRONZE_CRIPTO_AVAX
[2024-09-16 00:05:53,889] {task_command.py:370} INFO - Running <TaskInstance: BRONZER_GET_CRIPTOS.BRONZE_CRIPTO_AVAX scheduled__2024-05-04T00:00:00+00:00 [running]> on host kaiwang.
[2024-09-16 00:05:54,172] {taskinstance.py:1569} INFO - Exporting the following env vars:
AIRFLOW_CTX_DAG_OWNER=airflow
AIRFLOW_CTX_DAG_ID=BRONZER_GET_CRIPTOS
AIRFLOW_CTX_TASK_ID=BRONZE_CRIPTO_AVAX
AIRFLOW_CTX_EXECUTION_DATE=2024-05-04T00:00:00+00:00
AIRFLOW_CTX_TRY_NUMBER=1
AIRFLOW_CTX_DAG_RUN_ID=scheduled__2024-05-04T00:00:00+00:00
[2024-09-16 00:05:56,742] {history.py:122} ERROR - $AVAX: possibly delisted; no timezone found
[2024-09-16 00:05:56,748] {python.py:173} INFO - Done. Returned value was: None
[2024-09-16 00:05:56,855] {taskinstance.py:1395} INFO - Marking task as SUCCESS. dag_id=BRONZER_GET_CRIPTOS, task_id=BRONZE_CRIPTO_AVAX, execution_date=20240504T000000, start_date=20240916T030553, end_date=20240916T030556
[2024-09-16 00:05:56,955] {local_task_job.py:156} INFO - Task exited with return code 0
[2024-09-16 00:05:57,101] {local_task_job.py:273} INFO - 0 downstream tasks scheduled from follow-on schedule check
