[2024-09-16 00:08:25,523] {taskinstance.py:1159} INFO - Dependencies all met for <TaskInstance: BRONZER_GET_CRIPTOS.BRONZE_CRIPTO_BTC scheduled__2024-09-10T00:00:00+00:00 [queued]>
[2024-09-16 00:08:25,535] {taskinstance.py:1159} INFO - Dependencies all met for <TaskInstance: BRONZER_GET_CRIPTOS.BRONZE_CRIPTO_BTC scheduled__2024-09-10T00:00:00+00:00 [queued]>
[2024-09-16 00:08:25,535] {taskinstance.py:1356} INFO - 
--------------------------------------------------------------------------------
[2024-09-16 00:08:25,535] {taskinstance.py:1357} INFO - Starting attempt 1 of 1
[2024-09-16 00:08:25,535] {taskinstance.py:1358} INFO - 
--------------------------------------------------------------------------------
[2024-09-16 00:08:25,579] {taskinstance.py:1377} INFO - Executing <Task(_PythonDecoratedOperator): BRONZE_CRIPTO_BTC> on 2024-09-10 00:00:00+00:00
[2024-09-16 00:08:25,585] {standard_task_runner.py:52} INFO - Started process 43101 to run task
[2024-09-16 00:08:25,606] {standard_task_runner.py:79} INFO - Running: ['airflow', 'tasks', 'run', 'BRONZER_GET_CRIPTOS', 'BRONZE_CRIPTO_BTC', 'scheduled__2024-09-10T00:00:00+00:00', '--job-id', '1457', '--raw', '--subdir', 'DAGS_FOLDER/get_cripto.py', '--cfg-path', '/tmp/tmp92a7_u5d', '--error-file', '/tmp/tmpheo6chhb']
[2024-09-16 00:08:25,608] {standard_task_runner.py:80} INFO - Job 1457: Subtask BRONZE_CRIPTO_BTC
[2024-09-16 00:08:25,803] {task_command.py:370} INFO - Running <TaskInstance: BRONZER_GET_CRIPTOS.BRONZE_CRIPTO_BTC scheduled__2024-09-10T00:00:00+00:00 [running]> on host kaiwang.
[2024-09-16 00:08:26,035] {taskinstance.py:1569} INFO - Exporting the following env vars:
AIRFLOW_CTX_DAG_OWNER=airflow
AIRFLOW_CTX_DAG_ID=BRONZER_GET_CRIPTOS
AIRFLOW_CTX_TASK_ID=BRONZE_CRIPTO_BTC
AIRFLOW_CTX_EXECUTION_DATE=2024-09-10T00:00:00+00:00
AIRFLOW_CTX_TRY_NUMBER=1
AIRFLOW_CTX_DAG_RUN_ID=scheduled__2024-09-10T00:00:00+00:00
[2024-09-16 00:08:26,618] {python.py:173} INFO - Done. Returned value was: None
[2024-09-16 00:08:26,632] {taskinstance.py:1395} INFO - Marking task as SUCCESS. dag_id=BRONZER_GET_CRIPTOS, task_id=BRONZE_CRIPTO_BTC, execution_date=20240910T000000, start_date=20240916T030825, end_date=20240916T030826
[2024-09-16 00:08:26,661] {local_task_job.py:156} INFO - Task exited with return code 0
[2024-09-16 00:08:26,694] {local_task_job.py:273} INFO - 0 downstream tasks scheduled from follow-on schedule check
[2024-09-16 13:56:52,892] {taskinstance.py:1159} INFO - Dependencies all met for <TaskInstance: BRONZER_GET_CRIPTOS.BRONZE_CRIPTO_BTC scheduled__2024-09-10T00:00:00+00:00 [queued]>
[2024-09-16 13:56:52,955] {taskinstance.py:1159} INFO - Dependencies all met for <TaskInstance: BRONZER_GET_CRIPTOS.BRONZE_CRIPTO_BTC scheduled__2024-09-10T00:00:00+00:00 [queued]>
[2024-09-16 13:56:52,955] {taskinstance.py:1356} INFO - 
--------------------------------------------------------------------------------
[2024-09-16 13:56:52,955] {taskinstance.py:1357} INFO - Starting attempt 1 of 1
[2024-09-16 13:56:52,955] {taskinstance.py:1358} INFO - 
--------------------------------------------------------------------------------
[2024-09-16 13:56:53,016] {taskinstance.py:1377} INFO - Executing <Task(_PythonDecoratedOperator): BRONZE_CRIPTO_BTC> on 2024-09-10 00:00:00+00:00
[2024-09-16 13:56:53,023] {standard_task_runner.py:52} INFO - Started process 141096 to run task
[2024-09-16 13:56:53,046] {standard_task_runner.py:79} INFO - Running: ['airflow', 'tasks', 'run', 'BRONZER_GET_CRIPTOS', 'BRONZE_CRIPTO_BTC', 'scheduled__2024-09-10T00:00:00+00:00', '--job-id', '2676', '--raw', '--subdir', 'DAGS_FOLDER/get_cripto.py', '--cfg-path', '/tmp/tmpkak62mp5', '--error-file', '/tmp/tmpuphwg_tt']
[2024-09-16 13:56:53,047] {standard_task_runner.py:80} INFO - Job 2676: Subtask BRONZE_CRIPTO_BTC
[2024-09-16 13:56:53,233] {task_command.py:370} INFO - Running <TaskInstance: BRONZER_GET_CRIPTOS.BRONZE_CRIPTO_BTC scheduled__2024-09-10T00:00:00+00:00 [running]> on host kaiwang.
[2024-09-16 13:56:53,697] {taskinstance.py:1569} INFO - Exporting the following env vars:
AIRFLOW_CTX_DAG_OWNER=airflow
AIRFLOW_CTX_DAG_ID=BRONZER_GET_CRIPTOS
AIRFLOW_CTX_TASK_ID=BRONZE_CRIPTO_BTC
AIRFLOW_CTX_EXECUTION_DATE=2024-09-10T00:00:00+00:00
AIRFLOW_CTX_TRY_NUMBER=1
AIRFLOW_CTX_DAG_RUN_ID=scheduled__2024-09-10T00:00:00+00:00
[2024-09-16 13:56:54,828] {python.py:173} INFO - Done. Returned value was: None
[2024-09-16 13:56:54,854] {taskinstance.py:1395} INFO - Marking task as SUCCESS. dag_id=BRONZER_GET_CRIPTOS, task_id=BRONZE_CRIPTO_BTC, execution_date=20240910T000000, start_date=20240916T165652, end_date=20240916T165654
[2024-09-16 13:56:54,881] {local_task_job.py:156} INFO - Task exited with return code 0
[2024-09-16 13:56:54,950] {local_task_job.py:273} INFO - 0 downstream tasks scheduled from follow-on schedule check
