[2024-09-16 00:04:49,148] {taskinstance.py:1159} INFO - Dependencies all met for <TaskInstance: BRONZER_GET_CRIPTOS.BRONZE_CRIPTO_DOGE scheduled__2024-03-20T00:00:00+00:00 [queued]>
[2024-09-16 00:04:49,355] {taskinstance.py:1159} INFO - Dependencies all met for <TaskInstance: BRONZER_GET_CRIPTOS.BRONZE_CRIPTO_DOGE scheduled__2024-03-20T00:00:00+00:00 [queued]>
[2024-09-16 00:04:49,356] {taskinstance.py:1356} INFO - 
--------------------------------------------------------------------------------
[2024-09-16 00:04:49,356] {taskinstance.py:1357} INFO - Starting attempt 1 of 1
[2024-09-16 00:04:49,356] {taskinstance.py:1358} INFO - 
--------------------------------------------------------------------------------
[2024-09-16 00:04:49,519] {taskinstance.py:1377} INFO - Executing <Task(_PythonDecoratedOperator): BRONZE_CRIPTO_DOGE> on 2024-03-20 00:00:00+00:00
[2024-09-16 00:04:49,526] {standard_task_runner.py:52} INFO - Started process 26407 to run task
[2024-09-16 00:04:49,554] {standard_task_runner.py:79} INFO - Running: ['airflow', 'tasks', 'run', 'BRONZER_GET_CRIPTOS', 'BRONZE_CRIPTO_DOGE', 'scheduled__2024-03-20T00:00:00+00:00', '--job-id', '487', '--raw', '--subdir', 'DAGS_FOLDER/get_cripto.py', '--cfg-path', '/tmp/tmph0e4abfa', '--error-file', '/tmp/tmpfl6hxyqw']
[2024-09-16 00:04:49,555] {standard_task_runner.py:80} INFO - Job 487: Subtask BRONZE_CRIPTO_DOGE
[2024-09-16 00:04:49,950] {task_command.py:370} INFO - Running <TaskInstance: BRONZER_GET_CRIPTOS.BRONZE_CRIPTO_DOGE scheduled__2024-03-20T00:00:00+00:00 [running]> on host kaiwang.
[2024-09-16 00:04:50,308] {taskinstance.py:1569} INFO - Exporting the following env vars:
AIRFLOW_CTX_DAG_OWNER=airflow
AIRFLOW_CTX_DAG_ID=BRONZER_GET_CRIPTOS
AIRFLOW_CTX_TASK_ID=BRONZE_CRIPTO_DOGE
AIRFLOW_CTX_EXECUTION_DATE=2024-03-20T00:00:00+00:00
AIRFLOW_CTX_TRY_NUMBER=1
AIRFLOW_CTX_DAG_RUN_ID=scheduled__2024-03-20T00:00:00+00:00
[2024-09-16 00:04:53,752] {history.py:122} ERROR - $DOGE: possibly delisted; no timezone found
[2024-09-16 00:04:53,757] {python.py:173} INFO - Done. Returned value was: None
[2024-09-16 00:04:53,814] {taskinstance.py:1395} INFO - Marking task as SUCCESS. dag_id=BRONZER_GET_CRIPTOS, task_id=BRONZE_CRIPTO_DOGE, execution_date=20240320T000000, start_date=20240916T030449, end_date=20240916T030453
[2024-09-16 00:04:53,905] {local_task_job.py:156} INFO - Task exited with return code 0
[2024-09-16 00:04:54,032] {local_task_job.py:273} INFO - 0 downstream tasks scheduled from follow-on schedule check
[2024-09-16 00:16:01,746] {taskinstance.py:1159} INFO - Dependencies all met for <TaskInstance: BRONZER_GET_CRIPTOS.BRONZE_CRIPTO_DOGE scheduled__2024-03-20T00:00:00+00:00 [queued]>
[2024-09-16 00:16:01,780] {taskinstance.py:1159} INFO - Dependencies all met for <TaskInstance: BRONZER_GET_CRIPTOS.BRONZE_CRIPTO_DOGE scheduled__2024-03-20T00:00:00+00:00 [queued]>
[2024-09-16 00:16:01,780] {taskinstance.py:1356} INFO - 
--------------------------------------------------------------------------------
[2024-09-16 00:16:01,780] {taskinstance.py:1357} INFO - Starting attempt 1 of 1
[2024-09-16 00:16:01,780] {taskinstance.py:1358} INFO - 
--------------------------------------------------------------------------------
[2024-09-16 00:16:01,852] {taskinstance.py:1377} INFO - Executing <Task(_PythonDecoratedOperator): BRONZE_CRIPTO_DOGE> on 2024-03-20 00:00:00+00:00
[2024-09-16 00:16:01,858] {standard_task_runner.py:52} INFO - Started process 57593 to run task
[2024-09-16 00:16:01,887] {standard_task_runner.py:79} INFO - Running: ['airflow', 'tasks', 'run', 'BRONZER_GET_CRIPTOS', 'BRONZE_CRIPTO_DOGE', 'scheduled__2024-03-20T00:00:00+00:00', '--job-id', '2282', '--raw', '--subdir', 'DAGS_FOLDER/get_cripto.py', '--cfg-path', '/tmp/tmpxm6oa5yv', '--error-file', '/tmp/tmp8qaxpoe5']
[2024-09-16 00:16:01,910] {standard_task_runner.py:80} INFO - Job 2282: Subtask BRONZE_CRIPTO_DOGE
[2024-09-16 00:16:02,206] {task_command.py:370} INFO - Running <TaskInstance: BRONZER_GET_CRIPTOS.BRONZE_CRIPTO_DOGE scheduled__2024-03-20T00:00:00+00:00 [running]> on host kaiwang.
[2024-09-16 00:16:02,517] {taskinstance.py:1569} INFO - Exporting the following env vars:
AIRFLOW_CTX_DAG_OWNER=airflow
AIRFLOW_CTX_DAG_ID=BRONZER_GET_CRIPTOS
AIRFLOW_CTX_TASK_ID=BRONZE_CRIPTO_DOGE
AIRFLOW_CTX_EXECUTION_DATE=2024-03-20T00:00:00+00:00
AIRFLOW_CTX_TRY_NUMBER=1
AIRFLOW_CTX_DAG_RUN_ID=scheduled__2024-03-20T00:00:00+00:00
[2024-09-16 00:16:04,780] {history.py:122} ERROR - $DOGE: possibly delisted; no timezone found
[2024-09-16 00:16:04,784] {python.py:173} INFO - Done. Returned value was: None
[2024-09-16 00:16:05,009] {taskinstance.py:1395} INFO - Marking task as SUCCESS. dag_id=BRONZER_GET_CRIPTOS, task_id=BRONZE_CRIPTO_DOGE, execution_date=20240320T000000, start_date=20240916T031601, end_date=20240916T031605
[2024-09-16 00:16:05,102] {local_task_job.py:156} INFO - Task exited with return code 0
[2024-09-16 00:16:05,258] {local_task_job.py:273} INFO - 0 downstream tasks scheduled from follow-on schedule check
