[2024-09-16 00:03:49,227] {taskinstance.py:1159} INFO - Dependencies all met for <TaskInstance: BRONZER_GET_CRIPTOS.BRONZE_CRIPTO_AVAX scheduled__2024-02-06T00:00:00+00:00 [queued]>
[2024-09-16 00:03:49,272] {taskinstance.py:1159} INFO - Dependencies all met for <TaskInstance: BRONZER_GET_CRIPTOS.BRONZE_CRIPTO_AVAX scheduled__2024-02-06T00:00:00+00:00 [queued]>
[2024-09-16 00:03:49,272] {taskinstance.py:1356} INFO - 
--------------------------------------------------------------------------------
[2024-09-16 00:03:49,273] {taskinstance.py:1357} INFO - Starting attempt 1 of 1
[2024-09-16 00:03:49,273] {taskinstance.py:1358} INFO - 
--------------------------------------------------------------------------------
[2024-09-16 00:03:49,379] {taskinstance.py:1377} INFO - Executing <Task(_PythonDecoratedOperator): BRONZE_CRIPTO_AVAX> on 2024-02-06 00:00:00+00:00
[2024-09-16 00:03:49,385] {standard_task_runner.py:52} INFO - Started process 21635 to run task
[2024-09-16 00:03:49,422] {standard_task_runner.py:79} INFO - Running: ['airflow', 'tasks', 'run', 'BRONZER_GET_CRIPTOS', 'BRONZE_CRIPTO_AVAX', 'scheduled__2024-02-06T00:00:00+00:00', '--job-id', '214', '--raw', '--subdir', 'DAGS_FOLDER/get_cripto.py', '--cfg-path', '/tmp/tmpbk94nw57', '--error-file', '/tmp/tmpate1u1hj']
[2024-09-16 00:03:49,423] {standard_task_runner.py:80} INFO - Job 214: Subtask BRONZE_CRIPTO_AVAX
[2024-09-16 00:03:49,748] {task_command.py:370} INFO - Running <TaskInstance: BRONZER_GET_CRIPTOS.BRONZE_CRIPTO_AVAX scheduled__2024-02-06T00:00:00+00:00 [running]> on host kaiwang.
[2024-09-16 00:03:50,081] {taskinstance.py:1569} INFO - Exporting the following env vars:
AIRFLOW_CTX_DAG_OWNER=airflow
AIRFLOW_CTX_DAG_ID=BRONZER_GET_CRIPTOS
AIRFLOW_CTX_TASK_ID=BRONZE_CRIPTO_AVAX
AIRFLOW_CTX_EXECUTION_DATE=2024-02-06T00:00:00+00:00
AIRFLOW_CTX_TRY_NUMBER=1
AIRFLOW_CTX_DAG_RUN_ID=scheduled__2024-02-06T00:00:00+00:00
[2024-09-16 00:03:53,327] {history.py:122} ERROR - $AVAX: possibly delisted; no timezone found
[2024-09-16 00:03:53,346] {python.py:173} INFO - Done. Returned value was: None
[2024-09-16 00:03:54,000] {taskinstance.py:1395} INFO - Marking task as SUCCESS. dag_id=BRONZER_GET_CRIPTOS, task_id=BRONZE_CRIPTO_AVAX, execution_date=20240206T000000, start_date=20240916T030349, end_date=20240916T030354
[2024-09-16 00:03:54,146] {local_task_job.py:156} INFO - Task exited with return code 0
[2024-09-16 00:03:54,412] {local_task_job.py:273} INFO - 0 downstream tasks scheduled from follow-on schedule check
[2024-09-16 00:13:27,006] {taskinstance.py:1159} INFO - Dependencies all met for <TaskInstance: BRONZER_GET_CRIPTOS.BRONZE_CRIPTO_AVAX scheduled__2024-02-06T00:00:00+00:00 [queued]>
[2024-09-16 00:13:27,032] {taskinstance.py:1159} INFO - Dependencies all met for <TaskInstance: BRONZER_GET_CRIPTOS.BRONZE_CRIPTO_AVAX scheduled__2024-02-06T00:00:00+00:00 [queued]>
[2024-09-16 00:13:27,032] {taskinstance.py:1356} INFO - 
--------------------------------------------------------------------------------
[2024-09-16 00:13:27,032] {taskinstance.py:1357} INFO - Starting attempt 1 of 1
[2024-09-16 00:13:27,032] {taskinstance.py:1358} INFO - 
--------------------------------------------------------------------------------
[2024-09-16 00:13:27,055] {taskinstance.py:1377} INFO - Executing <Task(_PythonDecoratedOperator): BRONZE_CRIPTO_AVAX> on 2024-02-06 00:00:00+00:00
[2024-09-16 00:13:27,061] {standard_task_runner.py:52} INFO - Started process 47228 to run task
[2024-09-16 00:13:27,069] {standard_task_runner.py:79} INFO - Running: ['airflow', 'tasks', 'run', 'BRONZER_GET_CRIPTOS', 'BRONZE_CRIPTO_AVAX', 'scheduled__2024-02-06T00:00:00+00:00', '--job-id', '1684', '--raw', '--subdir', 'DAGS_FOLDER/get_cripto.py', '--cfg-path', '/tmp/tmp35aot1_6', '--error-file', '/tmp/tmpzql57j3o']
[2024-09-16 00:13:27,070] {standard_task_runner.py:80} INFO - Job 1684: Subtask BRONZE_CRIPTO_AVAX
[2024-09-16 00:13:27,279] {task_command.py:370} INFO - Running <TaskInstance: BRONZER_GET_CRIPTOS.BRONZE_CRIPTO_AVAX scheduled__2024-02-06T00:00:00+00:00 [running]> on host kaiwang.
[2024-09-16 00:13:27,409] {taskinstance.py:1569} INFO - Exporting the following env vars:
AIRFLOW_CTX_DAG_OWNER=airflow
AIRFLOW_CTX_DAG_ID=BRONZER_GET_CRIPTOS
AIRFLOW_CTX_TASK_ID=BRONZE_CRIPTO_AVAX
AIRFLOW_CTX_EXECUTION_DATE=2024-02-06T00:00:00+00:00
AIRFLOW_CTX_TRY_NUMBER=1
AIRFLOW_CTX_DAG_RUN_ID=scheduled__2024-02-06T00:00:00+00:00
[2024-09-16 00:13:30,373] {history.py:122} ERROR - $AVAX: possibly delisted; no timezone found
[2024-09-16 00:13:30,377] {python.py:173} INFO - Done. Returned value was: None
[2024-09-16 00:13:30,555] {taskinstance.py:1395} INFO - Marking task as SUCCESS. dag_id=BRONZER_GET_CRIPTOS, task_id=BRONZE_CRIPTO_AVAX, execution_date=20240206T000000, start_date=20240916T031327, end_date=20240916T031330
[2024-09-16 00:13:30,624] {local_task_job.py:156} INFO - Task exited with return code 0
[2024-09-16 00:13:30,851] {local_task_job.py:273} INFO - 0 downstream tasks scheduled from follow-on schedule check
[2024-09-16 00:15:03,771] {taskinstance.py:1159} INFO - Dependencies all met for <TaskInstance: BRONZER_GET_CRIPTOS.BRONZE_CRIPTO_AVAX scheduled__2024-02-06T00:00:00+00:00 [queued]>
[2024-09-16 00:15:03,832] {taskinstance.py:1159} INFO - Dependencies all met for <TaskInstance: BRONZER_GET_CRIPTOS.BRONZE_CRIPTO_AVAX scheduled__2024-02-06T00:00:00+00:00 [queued]>
[2024-09-16 00:15:03,832] {taskinstance.py:1356} INFO - 
--------------------------------------------------------------------------------
[2024-09-16 00:15:03,832] {taskinstance.py:1357} INFO - Starting attempt 1 of 1
[2024-09-16 00:15:03,832] {taskinstance.py:1358} INFO - 
--------------------------------------------------------------------------------
[2024-09-16 00:15:03,879] {taskinstance.py:1377} INFO - Executing <Task(_PythonDecoratedOperator): BRONZE_CRIPTO_AVAX> on 2024-02-06 00:00:00+00:00
[2024-09-16 00:15:03,884] {standard_task_runner.py:52} INFO - Started process 52831 to run task
[2024-09-16 00:15:03,917] {standard_task_runner.py:79} INFO - Running: ['airflow', 'tasks', 'run', 'BRONZER_GET_CRIPTOS', 'BRONZE_CRIPTO_AVAX', 'scheduled__2024-02-06T00:00:00+00:00', '--job-id', '2001', '--raw', '--subdir', 'DAGS_FOLDER/get_cripto.py', '--cfg-path', '/tmp/tmp440mbx8o', '--error-file', '/tmp/tmp3hu5mm26']
[2024-09-16 00:15:03,918] {standard_task_runner.py:80} INFO - Job 2001: Subtask BRONZE_CRIPTO_AVAX
[2024-09-16 00:15:04,199] {task_command.py:370} INFO - Running <TaskInstance: BRONZER_GET_CRIPTOS.BRONZE_CRIPTO_AVAX scheduled__2024-02-06T00:00:00+00:00 [running]> on host kaiwang.
[2024-09-16 00:15:04,481] {taskinstance.py:1569} INFO - Exporting the following env vars:
AIRFLOW_CTX_DAG_OWNER=airflow
AIRFLOW_CTX_DAG_ID=BRONZER_GET_CRIPTOS
AIRFLOW_CTX_TASK_ID=BRONZE_CRIPTO_AVAX
AIRFLOW_CTX_EXECUTION_DATE=2024-02-06T00:00:00+00:00
AIRFLOW_CTX_TRY_NUMBER=1
AIRFLOW_CTX_DAG_RUN_ID=scheduled__2024-02-06T00:00:00+00:00
[2024-09-16 00:15:08,132] {history.py:122} ERROR - $AVAX: possibly delisted; no timezone found
[2024-09-16 00:15:08,137] {python.py:173} INFO - Done. Returned value was: None
[2024-09-16 00:15:08,435] {taskinstance.py:1395} INFO - Marking task as SUCCESS. dag_id=BRONZER_GET_CRIPTOS, task_id=BRONZE_CRIPTO_AVAX, execution_date=20240206T000000, start_date=20240916T031503, end_date=20240916T031508
[2024-09-16 00:15:08,481] {local_task_job.py:156} INFO - Task exited with return code 0
[2024-09-16 00:15:08,655] {local_task_job.py:273} INFO - 0 downstream tasks scheduled from follow-on schedule check
