[2024-09-16 00:04:38,280] {taskinstance.py:1159} INFO - Dependencies all met for <TaskInstance: BRONZER_GET_CRIPTOS.BRONZE_CRIPTO_DOGE scheduled__2024-03-15T00:00:00+00:00 [queued]>
[2024-09-16 00:04:38,310] {taskinstance.py:1159} INFO - Dependencies all met for <TaskInstance: BRONZER_GET_CRIPTOS.BRONZE_CRIPTO_DOGE scheduled__2024-03-15T00:00:00+00:00 [queued]>
[2024-09-16 00:04:38,310] {taskinstance.py:1356} INFO - 
--------------------------------------------------------------------------------
[2024-09-16 00:04:38,310] {taskinstance.py:1357} INFO - Starting attempt 1 of 1
[2024-09-16 00:04:38,311] {taskinstance.py:1358} INFO - 
--------------------------------------------------------------------------------
[2024-09-16 00:04:38,341] {taskinstance.py:1377} INFO - Executing <Task(_PythonDecoratedOperator): BRONZE_CRIPTO_DOGE> on 2024-03-15 00:00:00+00:00
[2024-09-16 00:04:38,348] {standard_task_runner.py:52} INFO - Started process 25602 to run task
[2024-09-16 00:04:38,359] {standard_task_runner.py:79} INFO - Running: ['airflow', 'tasks', 'run', 'BRONZER_GET_CRIPTOS', 'BRONZE_CRIPTO_DOGE', 'scheduled__2024-03-15T00:00:00+00:00', '--job-id', '444', '--raw', '--subdir', 'DAGS_FOLDER/get_cripto.py', '--cfg-path', '/tmp/tmp14qu8o49', '--error-file', '/tmp/tmpm7hgjx80']
[2024-09-16 00:04:38,360] {standard_task_runner.py:80} INFO - Job 444: Subtask BRONZE_CRIPTO_DOGE
[2024-09-16 00:04:38,587] {task_command.py:370} INFO - Running <TaskInstance: BRONZER_GET_CRIPTOS.BRONZE_CRIPTO_DOGE scheduled__2024-03-15T00:00:00+00:00 [running]> on host kaiwang.
[2024-09-16 00:04:38,890] {taskinstance.py:1569} INFO - Exporting the following env vars:
AIRFLOW_CTX_DAG_OWNER=airflow
AIRFLOW_CTX_DAG_ID=BRONZER_GET_CRIPTOS
AIRFLOW_CTX_TASK_ID=BRONZE_CRIPTO_DOGE
AIRFLOW_CTX_EXECUTION_DATE=2024-03-15T00:00:00+00:00
AIRFLOW_CTX_TRY_NUMBER=1
AIRFLOW_CTX_DAG_RUN_ID=scheduled__2024-03-15T00:00:00+00:00
[2024-09-16 00:04:41,553] {history.py:122} ERROR - $DOGE: possibly delisted; no timezone found
[2024-09-16 00:04:41,557] {python.py:173} INFO - Done. Returned value was: None
[2024-09-16 00:04:41,622] {taskinstance.py:1395} INFO - Marking task as SUCCESS. dag_id=BRONZER_GET_CRIPTOS, task_id=BRONZE_CRIPTO_DOGE, execution_date=20240315T000000, start_date=20240916T030438, end_date=20240916T030441
[2024-09-16 00:04:41,685] {local_task_job.py:156} INFO - Task exited with return code 0
[2024-09-16 00:04:41,884] {local_task_job.py:273} INFO - 0 downstream tasks scheduled from follow-on schedule check
[2024-09-16 00:15:54,885] {taskinstance.py:1159} INFO - Dependencies all met for <TaskInstance: BRONZER_GET_CRIPTOS.BRONZE_CRIPTO_DOGE scheduled__2024-03-15T00:00:00+00:00 [queued]>
[2024-09-16 00:15:54,930] {taskinstance.py:1159} INFO - Dependencies all met for <TaskInstance: BRONZER_GET_CRIPTOS.BRONZE_CRIPTO_DOGE scheduled__2024-03-15T00:00:00+00:00 [queued]>
[2024-09-16 00:15:54,930] {taskinstance.py:1356} INFO - 
--------------------------------------------------------------------------------
[2024-09-16 00:15:54,930] {taskinstance.py:1357} INFO - Starting attempt 1 of 1
[2024-09-16 00:15:54,930] {taskinstance.py:1358} INFO - 
--------------------------------------------------------------------------------
[2024-09-16 00:15:54,990] {taskinstance.py:1377} INFO - Executing <Task(_PythonDecoratedOperator): BRONZE_CRIPTO_DOGE> on 2024-03-15 00:00:00+00:00
[2024-09-16 00:15:54,997] {standard_task_runner.py:52} INFO - Started process 57017 to run task
[2024-09-16 00:15:55,022] {standard_task_runner.py:79} INFO - Running: ['airflow', 'tasks', 'run', 'BRONZER_GET_CRIPTOS', 'BRONZE_CRIPTO_DOGE', 'scheduled__2024-03-15T00:00:00+00:00', '--job-id', '2252', '--raw', '--subdir', 'DAGS_FOLDER/get_cripto.py', '--cfg-path', '/tmp/tmph4s57q11', '--error-file', '/tmp/tmpzj3kvz06']
[2024-09-16 00:15:55,023] {standard_task_runner.py:80} INFO - Job 2252: Subtask BRONZE_CRIPTO_DOGE
[2024-09-16 00:15:55,383] {task_command.py:370} INFO - Running <TaskInstance: BRONZER_GET_CRIPTOS.BRONZE_CRIPTO_DOGE scheduled__2024-03-15T00:00:00+00:00 [running]> on host kaiwang.
[2024-09-16 00:15:55,715] {taskinstance.py:1569} INFO - Exporting the following env vars:
AIRFLOW_CTX_DAG_OWNER=airflow
AIRFLOW_CTX_DAG_ID=BRONZER_GET_CRIPTOS
AIRFLOW_CTX_TASK_ID=BRONZE_CRIPTO_DOGE
AIRFLOW_CTX_EXECUTION_DATE=2024-03-15T00:00:00+00:00
AIRFLOW_CTX_TRY_NUMBER=1
AIRFLOW_CTX_DAG_RUN_ID=scheduled__2024-03-15T00:00:00+00:00
[2024-09-16 00:15:59,340] {history.py:122} ERROR - $DOGE: possibly delisted; no timezone found
[2024-09-16 00:15:59,344] {python.py:173} INFO - Done. Returned value was: None
[2024-09-16 00:15:59,392] {taskinstance.py:1395} INFO - Marking task as SUCCESS. dag_id=BRONZER_GET_CRIPTOS, task_id=BRONZE_CRIPTO_DOGE, execution_date=20240315T000000, start_date=20240916T031554, end_date=20240916T031559
[2024-09-16 00:15:59,454] {local_task_job.py:156} INFO - Task exited with return code 0
[2024-09-16 00:15:59,724] {local_task_job.py:273} INFO - 0 downstream tasks scheduled from follow-on schedule check
