[2024-09-16 00:04:08,761] {taskinstance.py:1159} INFO - Dependencies all met for <TaskInstance: BRONZER_GET_STONCKS.BRONZE_STONCKS_TSLA scheduled__2024-02-23T00:00:00+00:00 [queued]>
[2024-09-16 00:04:08,802] {taskinstance.py:1159} INFO - Dependencies all met for <TaskInstance: BRONZER_GET_STONCKS.BRONZE_STONCKS_TSLA scheduled__2024-02-23T00:00:00+00:00 [queued]>
[2024-09-16 00:04:08,802] {taskinstance.py:1356} INFO - 
--------------------------------------------------------------------------------
[2024-09-16 00:04:08,803] {taskinstance.py:1357} INFO - Starting attempt 1 of 1
[2024-09-16 00:04:08,803] {taskinstance.py:1358} INFO - 
--------------------------------------------------------------------------------
[2024-09-16 00:04:08,880] {taskinstance.py:1377} INFO - Executing <Task(_PythonDecoratedOperator): BRONZE_STONCKS_TSLA> on 2024-02-23 00:00:00+00:00
[2024-09-16 00:04:08,887] {standard_task_runner.py:52} INFO - Started process 23121 to run task
[2024-09-16 00:04:08,913] {standard_task_runner.py:79} INFO - Running: ['airflow', 'tasks', 'run', 'BRONZER_GET_STONCKS', 'BRONZE_STONCKS_TSLA', 'scheduled__2024-02-23T00:00:00+00:00', '--job-id', '301', '--raw', '--subdir', 'DAGS_FOLDER/get_stocks.py', '--cfg-path', '/tmp/tmp4k92oqsb', '--error-file', '/tmp/tmpgiyswfa8']
[2024-09-16 00:04:08,915] {standard_task_runner.py:80} INFO - Job 301: Subtask BRONZE_STONCKS_TSLA
[2024-09-16 00:04:09,142] {task_command.py:370} INFO - Running <TaskInstance: BRONZER_GET_STONCKS.BRONZE_STONCKS_TSLA scheduled__2024-02-23T00:00:00+00:00 [running]> on host kaiwang.
[2024-09-16 00:04:09,436] {taskinstance.py:1569} INFO - Exporting the following env vars:
AIRFLOW_CTX_DAG_OWNER=airflow
AIRFLOW_CTX_DAG_ID=BRONZER_GET_STONCKS
AIRFLOW_CTX_TASK_ID=BRONZE_STONCKS_TSLA
AIRFLOW_CTX_EXECUTION_DATE=2024-02-23T00:00:00+00:00
AIRFLOW_CTX_TRY_NUMBER=1
AIRFLOW_CTX_DAG_RUN_ID=scheduled__2024-02-23T00:00:00+00:00
[2024-09-16 00:04:10,330] {python.py:173} INFO - Done. Returned value was: None
[2024-09-16 00:04:10,410] {taskinstance.py:1395} INFO - Marking task as SUCCESS. dag_id=BRONZER_GET_STONCKS, task_id=BRONZE_STONCKS_TSLA, execution_date=20240223T000000, start_date=20240916T030408, end_date=20240916T030410
[2024-09-16 00:04:10,478] {local_task_job.py:156} INFO - Task exited with return code 0
[2024-09-16 00:04:11,016] {local_task_job.py:273} INFO - 0 downstream tasks scheduled from follow-on schedule check
[2024-09-16 00:13:45,346] {taskinstance.py:1159} INFO - Dependencies all met for <TaskInstance: BRONZER_GET_STONCKS.BRONZE_STONCKS_TSLA scheduled__2024-02-23T00:00:00+00:00 [queued]>
[2024-09-16 00:13:45,394] {taskinstance.py:1159} INFO - Dependencies all met for <TaskInstance: BRONZER_GET_STONCKS.BRONZE_STONCKS_TSLA scheduled__2024-02-23T00:00:00+00:00 [queued]>
[2024-09-16 00:13:45,395] {taskinstance.py:1356} INFO - 
--------------------------------------------------------------------------------
[2024-09-16 00:13:45,395] {taskinstance.py:1357} INFO - Starting attempt 1 of 1
[2024-09-16 00:13:45,395] {taskinstance.py:1358} INFO - 
--------------------------------------------------------------------------------
[2024-09-16 00:13:45,478] {taskinstance.py:1377} INFO - Executing <Task(_PythonDecoratedOperator): BRONZE_STONCKS_TSLA> on 2024-02-23 00:00:00+00:00
[2024-09-16 00:13:45,485] {standard_task_runner.py:52} INFO - Started process 48700 to run task
[2024-09-16 00:13:45,527] {standard_task_runner.py:79} INFO - Running: ['airflow', 'tasks', 'run', 'BRONZER_GET_STONCKS', 'BRONZE_STONCKS_TSLA', 'scheduled__2024-02-23T00:00:00+00:00', '--job-id', '1770', '--raw', '--subdir', 'DAGS_FOLDER/get_stocks.py', '--cfg-path', '/tmp/tmpaiqz9tuj', '--error-file', '/tmp/tmp_d0iqdk9']
[2024-09-16 00:13:45,529] {standard_task_runner.py:80} INFO - Job 1770: Subtask BRONZE_STONCKS_TSLA
[2024-09-16 00:13:45,779] {task_command.py:370} INFO - Running <TaskInstance: BRONZER_GET_STONCKS.BRONZE_STONCKS_TSLA scheduled__2024-02-23T00:00:00+00:00 [running]> on host kaiwang.
[2024-09-16 00:13:46,066] {taskinstance.py:1569} INFO - Exporting the following env vars:
AIRFLOW_CTX_DAG_OWNER=airflow
AIRFLOW_CTX_DAG_ID=BRONZER_GET_STONCKS
AIRFLOW_CTX_TASK_ID=BRONZE_STONCKS_TSLA
AIRFLOW_CTX_EXECUTION_DATE=2024-02-23T00:00:00+00:00
AIRFLOW_CTX_TRY_NUMBER=1
AIRFLOW_CTX_DAG_RUN_ID=scheduled__2024-02-23T00:00:00+00:00
[2024-09-16 00:13:46,723] {python.py:173} INFO - Done. Returned value was: None
[2024-09-16 00:13:46,810] {taskinstance.py:1395} INFO - Marking task as SUCCESS. dag_id=BRONZER_GET_STONCKS, task_id=BRONZE_STONCKS_TSLA, execution_date=20240223T000000, start_date=20240916T031345, end_date=20240916T031346
[2024-09-16 00:13:46,873] {local_task_job.py:156} INFO - Task exited with return code 0
[2024-09-16 00:13:46,999] {local_task_job.py:273} INFO - 0 downstream tasks scheduled from follow-on schedule check
[2024-09-16 00:13:47,094] {dagrun.py:562} INFO - Marking run <DagRun BRONZER_GET_STONCKS @ 2024-02-23 00:00:00+00:00: scheduled__2024-02-23T00:00:00+00:00, externally triggered: False> successful
[2024-09-16 00:13:47,094] {dagrun.py:607} INFO - DagRun Finished: dag_id=BRONZER_GET_STONCKS, execution_date=2024-02-23 00:00:00+00:00, run_id=scheduled__2024-02-23T00:00:00+00:00, run_start_date=2024-09-16 03:13:42.794539+00:00, run_end_date=2024-09-16 03:13:47.094620+00:00, run_duration=4.300081, state=success, external_trigger=False, run_type=scheduled, data_interval_start=2024-02-23 00:00:00+00:00, data_interval_end=2024-02-24 00:00:00+00:00, dag_hash=54ae87f9a2ad23046fa87f5699b879b0
[2024-09-16 00:15:17,833] {taskinstance.py:1159} INFO - Dependencies all met for <TaskInstance: BRONZER_GET_STONCKS.BRONZE_STONCKS_TSLA scheduled__2024-02-23T00:00:00+00:00 [queued]>
[2024-09-16 00:15:17,843] {taskinstance.py:1159} INFO - Dependencies all met for <TaskInstance: BRONZER_GET_STONCKS.BRONZE_STONCKS_TSLA scheduled__2024-02-23T00:00:00+00:00 [queued]>
[2024-09-16 00:15:17,844] {taskinstance.py:1356} INFO - 
--------------------------------------------------------------------------------
[2024-09-16 00:15:17,844] {taskinstance.py:1357} INFO - Starting attempt 1 of 1
[2024-09-16 00:15:17,844] {taskinstance.py:1358} INFO - 
--------------------------------------------------------------------------------
[2024-09-16 00:15:17,854] {taskinstance.py:1377} INFO - Executing <Task(_PythonDecoratedOperator): BRONZE_STONCKS_TSLA> on 2024-02-23 00:00:00+00:00
[2024-09-16 00:15:17,859] {standard_task_runner.py:52} INFO - Started process 54015 to run task
[2024-09-16 00:15:17,863] {standard_task_runner.py:79} INFO - Running: ['airflow', 'tasks', 'run', 'BRONZER_GET_STONCKS', 'BRONZE_STONCKS_TSLA', 'scheduled__2024-02-23T00:00:00+00:00', '--job-id', '2075', '--raw', '--subdir', 'DAGS_FOLDER/get_stocks.py', '--cfg-path', '/tmp/tmptkwhemrh', '--error-file', '/tmp/tmpsk4jdp5e']
[2024-09-16 00:15:17,863] {standard_task_runner.py:80} INFO - Job 2075: Subtask BRONZE_STONCKS_TSLA
[2024-09-16 00:15:17,946] {task_command.py:370} INFO - Running <TaskInstance: BRONZER_GET_STONCKS.BRONZE_STONCKS_TSLA scheduled__2024-02-23T00:00:00+00:00 [running]> on host kaiwang.
[2024-09-16 00:15:18,047] {taskinstance.py:1569} INFO - Exporting the following env vars:
AIRFLOW_CTX_DAG_OWNER=airflow
AIRFLOW_CTX_DAG_ID=BRONZER_GET_STONCKS
AIRFLOW_CTX_TASK_ID=BRONZE_STONCKS_TSLA
AIRFLOW_CTX_EXECUTION_DATE=2024-02-23T00:00:00+00:00
AIRFLOW_CTX_TRY_NUMBER=1
AIRFLOW_CTX_DAG_RUN_ID=scheduled__2024-02-23T00:00:00+00:00
[2024-09-16 00:15:18,916] {python.py:173} INFO - Done. Returned value was: None
[2024-09-16 00:15:18,997] {taskinstance.py:1395} INFO - Marking task as SUCCESS. dag_id=BRONZER_GET_STONCKS, task_id=BRONZE_STONCKS_TSLA, execution_date=20240223T000000, start_date=20240916T031517, end_date=20240916T031518
[2024-09-16 00:15:19,069] {local_task_job.py:156} INFO - Task exited with return code 0
[2024-09-16 00:15:19,224] {local_task_job.py:273} INFO - 0 downstream tasks scheduled from follow-on schedule check
