[2024-09-16 00:04:30,854] {taskinstance.py:1159} INFO - Dependencies all met for <TaskInstance: BRONZER_GET_STONCKS.BRONZE_STONCKS_AAPL scheduled__2024-03-13T00:00:00+00:00 [queued]>
[2024-09-16 00:04:30,890] {taskinstance.py:1159} INFO - Dependencies all met for <TaskInstance: BRONZER_GET_STONCKS.BRONZE_STONCKS_AAPL scheduled__2024-03-13T00:00:00+00:00 [queued]>
[2024-09-16 00:04:30,890] {taskinstance.py:1356} INFO - 
--------------------------------------------------------------------------------
[2024-09-16 00:04:30,890] {taskinstance.py:1357} INFO - Starting attempt 1 of 1
[2024-09-16 00:04:30,890] {taskinstance.py:1358} INFO - 
--------------------------------------------------------------------------------
[2024-09-16 00:04:30,987] {taskinstance.py:1377} INFO - Executing <Task(_PythonDecoratedOperator): BRONZE_STONCKS_AAPL> on 2024-03-13 00:00:00+00:00
[2024-09-16 00:04:30,993] {standard_task_runner.py:52} INFO - Started process 24975 to run task
[2024-09-16 00:04:31,028] {standard_task_runner.py:79} INFO - Running: ['airflow', 'tasks', 'run', 'BRONZER_GET_STONCKS', 'BRONZE_STONCKS_AAPL', 'scheduled__2024-03-13T00:00:00+00:00', '--job-id', '399', '--raw', '--subdir', 'DAGS_FOLDER/get_stocks.py', '--cfg-path', '/tmp/tmpywwc_vug', '--error-file', '/tmp/tmpglu96xk4']
[2024-09-16 00:04:31,029] {standard_task_runner.py:80} INFO - Job 399: Subtask BRONZE_STONCKS_AAPL
[2024-09-16 00:04:31,309] {task_command.py:370} INFO - Running <TaskInstance: BRONZER_GET_STONCKS.BRONZE_STONCKS_AAPL scheduled__2024-03-13T00:00:00+00:00 [running]> on host kaiwang.
[2024-09-16 00:04:31,661] {taskinstance.py:1569} INFO - Exporting the following env vars:
AIRFLOW_CTX_DAG_OWNER=airflow
AIRFLOW_CTX_DAG_ID=BRONZER_GET_STONCKS
AIRFLOW_CTX_TASK_ID=BRONZE_STONCKS_AAPL
AIRFLOW_CTX_EXECUTION_DATE=2024-03-13T00:00:00+00:00
AIRFLOW_CTX_TRY_NUMBER=1
AIRFLOW_CTX_DAG_RUN_ID=scheduled__2024-03-13T00:00:00+00:00
[2024-09-16 00:04:32,281] {python.py:173} INFO - Done. Returned value was: None
[2024-09-16 00:04:32,341] {taskinstance.py:1395} INFO - Marking task as SUCCESS. dag_id=BRONZER_GET_STONCKS, task_id=BRONZE_STONCKS_AAPL, execution_date=20240313T000000, start_date=20240916T030430, end_date=20240916T030432
[2024-09-16 00:04:32,386] {local_task_job.py:156} INFO - Task exited with return code 0
[2024-09-16 00:04:32,519] {local_task_job.py:273} INFO - 0 downstream tasks scheduled from follow-on schedule check
[2024-09-16 00:15:37,789] {taskinstance.py:1159} INFO - Dependencies all met for <TaskInstance: BRONZER_GET_STONCKS.BRONZE_STONCKS_AAPL scheduled__2024-03-13T00:00:00+00:00 [queued]>
[2024-09-16 00:15:37,807] {taskinstance.py:1159} INFO - Dependencies all met for <TaskInstance: BRONZER_GET_STONCKS.BRONZE_STONCKS_AAPL scheduled__2024-03-13T00:00:00+00:00 [queued]>
[2024-09-16 00:15:37,807] {taskinstance.py:1356} INFO - 
--------------------------------------------------------------------------------
[2024-09-16 00:15:37,807] {taskinstance.py:1357} INFO - Starting attempt 1 of 1
[2024-09-16 00:15:37,807] {taskinstance.py:1358} INFO - 
--------------------------------------------------------------------------------
[2024-09-16 00:15:37,845] {taskinstance.py:1377} INFO - Executing <Task(_PythonDecoratedOperator): BRONZE_STONCKS_AAPL> on 2024-03-13 00:00:00+00:00
[2024-09-16 00:15:37,850] {standard_task_runner.py:52} INFO - Started process 55655 to run task
[2024-09-16 00:15:37,873] {standard_task_runner.py:79} INFO - Running: ['airflow', 'tasks', 'run', 'BRONZER_GET_STONCKS', 'BRONZE_STONCKS_AAPL', 'scheduled__2024-03-13T00:00:00+00:00', '--job-id', '2172', '--raw', '--subdir', 'DAGS_FOLDER/get_stocks.py', '--cfg-path', '/tmp/tmpykarazdf', '--error-file', '/tmp/tmpn19as37z']
[2024-09-16 00:15:37,874] {standard_task_runner.py:80} INFO - Job 2172: Subtask BRONZE_STONCKS_AAPL
[2024-09-16 00:15:38,061] {task_command.py:370} INFO - Running <TaskInstance: BRONZER_GET_STONCKS.BRONZE_STONCKS_AAPL scheduled__2024-03-13T00:00:00+00:00 [running]> on host kaiwang.
[2024-09-16 00:15:38,253] {taskinstance.py:1569} INFO - Exporting the following env vars:
AIRFLOW_CTX_DAG_OWNER=airflow
AIRFLOW_CTX_DAG_ID=BRONZER_GET_STONCKS
AIRFLOW_CTX_TASK_ID=BRONZE_STONCKS_AAPL
AIRFLOW_CTX_EXECUTION_DATE=2024-03-13T00:00:00+00:00
AIRFLOW_CTX_TRY_NUMBER=1
AIRFLOW_CTX_DAG_RUN_ID=scheduled__2024-03-13T00:00:00+00:00
[2024-09-16 00:15:39,091] {python.py:173} INFO - Done. Returned value was: None
[2024-09-16 00:15:39,364] {taskinstance.py:1395} INFO - Marking task as SUCCESS. dag_id=BRONZER_GET_STONCKS, task_id=BRONZE_STONCKS_AAPL, execution_date=20240313T000000, start_date=20240916T031537, end_date=20240916T031539
[2024-09-16 00:15:39,521] {local_task_job.py:156} INFO - Task exited with return code 0
[2024-09-16 00:15:39,788] {local_task_job.py:273} INFO - 0 downstream tasks scheduled from follow-on schedule check
