[2024-09-16 00:08:06,939] {taskinstance.py:1159} INFO - Dependencies all met for <TaskInstance: BRONZER_GET_CRIPTOS.BRONZE_CRIPTO_DOGE scheduled__2024-08-22T00:00:00+00:00 [queued]>
[2024-09-16 00:08:06,951] {taskinstance.py:1159} INFO - Dependencies all met for <TaskInstance: BRONZER_GET_CRIPTOS.BRONZE_CRIPTO_DOGE scheduled__2024-08-22T00:00:00+00:00 [queued]>
[2024-09-16 00:08:06,951] {taskinstance.py:1356} INFO - 
--------------------------------------------------------------------------------
[2024-09-16 00:08:06,951] {taskinstance.py:1357} INFO - Starting attempt 1 of 1
[2024-09-16 00:08:06,951] {taskinstance.py:1358} INFO - 
--------------------------------------------------------------------------------
[2024-09-16 00:08:06,965] {taskinstance.py:1377} INFO - Executing <Task(_PythonDecoratedOperator): BRONZE_CRIPTO_DOGE> on 2024-08-22 00:00:00+00:00
[2024-09-16 00:08:06,971] {standard_task_runner.py:52} INFO - Started process 42213 to run task
[2024-09-16 00:08:06,976] {standard_task_runner.py:79} INFO - Running: ['airflow', 'tasks', 'run', 'BRONZER_GET_CRIPTOS', 'BRONZE_CRIPTO_DOGE', 'scheduled__2024-08-22T00:00:00+00:00', '--job-id', '1408', '--raw', '--subdir', 'DAGS_FOLDER/get_cripto.py', '--cfg-path', '/tmp/tmp4z5nx3w6', '--error-file', '/tmp/tmpxt0aj1zy']
[2024-09-16 00:08:06,977] {standard_task_runner.py:80} INFO - Job 1408: Subtask BRONZE_CRIPTO_DOGE
[2024-09-16 00:08:07,077] {task_command.py:370} INFO - Running <TaskInstance: BRONZER_GET_CRIPTOS.BRONZE_CRIPTO_DOGE scheduled__2024-08-22T00:00:00+00:00 [running]> on host kaiwang.
[2024-09-16 00:08:07,169] {taskinstance.py:1569} INFO - Exporting the following env vars:
AIRFLOW_CTX_DAG_OWNER=airflow
AIRFLOW_CTX_DAG_ID=BRONZER_GET_CRIPTOS
AIRFLOW_CTX_TASK_ID=BRONZE_CRIPTO_DOGE
AIRFLOW_CTX_EXECUTION_DATE=2024-08-22T00:00:00+00:00
AIRFLOW_CTX_TRY_NUMBER=1
AIRFLOW_CTX_DAG_RUN_ID=scheduled__2024-08-22T00:00:00+00:00
[2024-09-16 00:08:09,422] {history.py:122} ERROR - $DOGE: possibly delisted; no timezone found
[2024-09-16 00:08:09,424] {python.py:173} INFO - Done. Returned value was: None
[2024-09-16 00:08:09,438] {taskinstance.py:1395} INFO - Marking task as SUCCESS. dag_id=BRONZER_GET_CRIPTOS, task_id=BRONZE_CRIPTO_DOGE, execution_date=20240822T000000, start_date=20240916T030806, end_date=20240916T030809
[2024-09-16 00:08:09,480] {local_task_job.py:156} INFO - Task exited with return code 0
[2024-09-16 00:08:09,516] {local_task_job.py:273} INFO - 0 downstream tasks scheduled from follow-on schedule check
[2024-09-16 13:56:23,334] {taskinstance.py:1159} INFO - Dependencies all met for <TaskInstance: BRONZER_GET_CRIPTOS.BRONZE_CRIPTO_DOGE scheduled__2024-08-22T00:00:00+00:00 [queued]>
[2024-09-16 13:56:23,376] {taskinstance.py:1159} INFO - Dependencies all met for <TaskInstance: BRONZER_GET_CRIPTOS.BRONZE_CRIPTO_DOGE scheduled__2024-08-22T00:00:00+00:00 [queued]>
[2024-09-16 13:56:23,377] {taskinstance.py:1356} INFO - 
--------------------------------------------------------------------------------
[2024-09-16 13:56:23,377] {taskinstance.py:1357} INFO - Starting attempt 1 of 1
[2024-09-16 13:56:23,377] {taskinstance.py:1358} INFO - 
--------------------------------------------------------------------------------
[2024-09-16 13:56:23,408] {taskinstance.py:1377} INFO - Executing <Task(_PythonDecoratedOperator): BRONZE_CRIPTO_DOGE> on 2024-08-22 00:00:00+00:00
[2024-09-16 13:56:23,415] {standard_task_runner.py:52} INFO - Started process 138694 to run task
[2024-09-16 13:56:23,421] {standard_task_runner.py:79} INFO - Running: ['airflow', 'tasks', 'run', 'BRONZER_GET_CRIPTOS', 'BRONZE_CRIPTO_DOGE', 'scheduled__2024-08-22T00:00:00+00:00', '--job-id', '2563', '--raw', '--subdir', 'DAGS_FOLDER/get_cripto.py', '--cfg-path', '/tmp/tmptczzok6p', '--error-file', '/tmp/tmpn55879dn']
[2024-09-16 13:56:23,422] {standard_task_runner.py:80} INFO - Job 2563: Subtask BRONZE_CRIPTO_DOGE
[2024-09-16 13:56:23,623] {task_command.py:370} INFO - Running <TaskInstance: BRONZER_GET_CRIPTOS.BRONZE_CRIPTO_DOGE scheduled__2024-08-22T00:00:00+00:00 [running]> on host kaiwang.
[2024-09-16 13:56:24,186] {taskinstance.py:1569} INFO - Exporting the following env vars:
AIRFLOW_CTX_DAG_OWNER=airflow
AIRFLOW_CTX_DAG_ID=BRONZER_GET_CRIPTOS
AIRFLOW_CTX_TASK_ID=BRONZE_CRIPTO_DOGE
AIRFLOW_CTX_EXECUTION_DATE=2024-08-22T00:00:00+00:00
AIRFLOW_CTX_TRY_NUMBER=1
AIRFLOW_CTX_DAG_RUN_ID=scheduled__2024-08-22T00:00:00+00:00
[2024-09-16 13:56:27,678] {history.py:122} ERROR - $DOGE: possibly delisted; no timezone found
[2024-09-16 13:56:27,682] {python.py:173} INFO - Done. Returned value was: None
[2024-09-16 13:56:27,718] {taskinstance.py:1395} INFO - Marking task as SUCCESS. dag_id=BRONZER_GET_CRIPTOS, task_id=BRONZE_CRIPTO_DOGE, execution_date=20240822T000000, start_date=20240916T165623, end_date=20240916T165627
[2024-09-16 13:56:27,760] {local_task_job.py:156} INFO - Task exited with return code 0
[2024-09-16 13:56:27,835] {local_task_job.py:273} INFO - 0 downstream tasks scheduled from follow-on schedule check
