[2024-09-16 00:03:53,224] {taskinstance.py:1159} INFO - Dependencies all met for <TaskInstance: BRONZER_GET_STONCKS.BRONZE_STONCKS_TSLA scheduled__2024-02-09T00:00:00+00:00 [queued]>
[2024-09-16 00:03:53,292] {taskinstance.py:1159} INFO - Dependencies all met for <TaskInstance: BRONZER_GET_STONCKS.BRONZE_STONCKS_TSLA scheduled__2024-02-09T00:00:00+00:00 [queued]>
[2024-09-16 00:03:53,293] {taskinstance.py:1356} INFO - 
--------------------------------------------------------------------------------
[2024-09-16 00:03:53,293] {taskinstance.py:1357} INFO - Starting attempt 1 of 1
[2024-09-16 00:03:53,293] {taskinstance.py:1358} INFO - 
--------------------------------------------------------------------------------
[2024-09-16 00:03:53,373] {taskinstance.py:1377} INFO - Executing <Task(_PythonDecoratedOperator): BRONZE_STONCKS_TSLA> on 2024-02-09 00:00:00+00:00
[2024-09-16 00:03:53,378] {standard_task_runner.py:52} INFO - Started process 21928 to run task
[2024-09-16 00:03:53,404] {standard_task_runner.py:79} INFO - Running: ['airflow', 'tasks', 'run', 'BRONZER_GET_STONCKS', 'BRONZE_STONCKS_TSLA', 'scheduled__2024-02-09T00:00:00+00:00', '--job-id', '230', '--raw', '--subdir', 'DAGS_FOLDER/get_stocks.py', '--cfg-path', '/tmp/tmpf4zibcdd', '--error-file', '/tmp/tmpd4rb4aiu']
[2024-09-16 00:03:53,405] {standard_task_runner.py:80} INFO - Job 230: Subtask BRONZE_STONCKS_TSLA
[2024-09-16 00:03:53,990] {task_command.py:370} INFO - Running <TaskInstance: BRONZER_GET_STONCKS.BRONZE_STONCKS_TSLA scheduled__2024-02-09T00:00:00+00:00 [running]> on host kaiwang.
[2024-09-16 00:03:54,683] {taskinstance.py:1569} INFO - Exporting the following env vars:
AIRFLOW_CTX_DAG_OWNER=airflow
AIRFLOW_CTX_DAG_ID=BRONZER_GET_STONCKS
AIRFLOW_CTX_TASK_ID=BRONZE_STONCKS_TSLA
AIRFLOW_CTX_EXECUTION_DATE=2024-02-09T00:00:00+00:00
AIRFLOW_CTX_TRY_NUMBER=1
AIRFLOW_CTX_DAG_RUN_ID=scheduled__2024-02-09T00:00:00+00:00
[2024-09-16 00:03:55,447] {python.py:173} INFO - Done. Returned value was: None
[2024-09-16 00:03:55,718] {taskinstance.py:1395} INFO - Marking task as SUCCESS. dag_id=BRONZER_GET_STONCKS, task_id=BRONZE_STONCKS_TSLA, execution_date=20240209T000000, start_date=20240916T030353, end_date=20240916T030355
[2024-09-16 00:03:55,784] {local_task_job.py:156} INFO - Task exited with return code 0
[2024-09-16 00:03:56,447] {local_task_job.py:273} INFO - 0 downstream tasks scheduled from follow-on schedule check
[2024-09-16 00:13:30,343] {taskinstance.py:1159} INFO - Dependencies all met for <TaskInstance: BRONZER_GET_STONCKS.BRONZE_STONCKS_TSLA scheduled__2024-02-09T00:00:00+00:00 [queued]>
[2024-09-16 00:13:30,402] {taskinstance.py:1159} INFO - Dependencies all met for <TaskInstance: BRONZER_GET_STONCKS.BRONZE_STONCKS_TSLA scheduled__2024-02-09T00:00:00+00:00 [queued]>
[2024-09-16 00:13:30,402] {taskinstance.py:1356} INFO - 
--------------------------------------------------------------------------------
[2024-09-16 00:13:30,403] {taskinstance.py:1357} INFO - Starting attempt 1 of 1
[2024-09-16 00:13:30,403] {taskinstance.py:1358} INFO - 
--------------------------------------------------------------------------------
[2024-09-16 00:13:30,441] {taskinstance.py:1377} INFO - Executing <Task(_PythonDecoratedOperator): BRONZE_STONCKS_TSLA> on 2024-02-09 00:00:00+00:00
[2024-09-16 00:13:30,454] {standard_task_runner.py:52} INFO - Started process 47455 to run task
[2024-09-16 00:13:30,480] {standard_task_runner.py:79} INFO - Running: ['airflow', 'tasks', 'run', 'BRONZER_GET_STONCKS', 'BRONZE_STONCKS_TSLA', 'scheduled__2024-02-09T00:00:00+00:00', '--job-id', '1694', '--raw', '--subdir', 'DAGS_FOLDER/get_stocks.py', '--cfg-path', '/tmp/tmp7zpjx2ql', '--error-file', '/tmp/tmpab39a7u7']
[2024-09-16 00:13:30,482] {standard_task_runner.py:80} INFO - Job 1694: Subtask BRONZE_STONCKS_TSLA
[2024-09-16 00:13:30,765] {task_command.py:370} INFO - Running <TaskInstance: BRONZER_GET_STONCKS.BRONZE_STONCKS_TSLA scheduled__2024-02-09T00:00:00+00:00 [running]> on host kaiwang.
[2024-09-16 00:13:31,086] {taskinstance.py:1569} INFO - Exporting the following env vars:
AIRFLOW_CTX_DAG_OWNER=airflow
AIRFLOW_CTX_DAG_ID=BRONZER_GET_STONCKS
AIRFLOW_CTX_TASK_ID=BRONZE_STONCKS_TSLA
AIRFLOW_CTX_EXECUTION_DATE=2024-02-09T00:00:00+00:00
AIRFLOW_CTX_TRY_NUMBER=1
AIRFLOW_CTX_DAG_RUN_ID=scheduled__2024-02-09T00:00:00+00:00
[2024-09-16 00:13:31,775] {python.py:173} INFO - Done. Returned value was: None
[2024-09-16 00:13:32,095] {taskinstance.py:1395} INFO - Marking task as SUCCESS. dag_id=BRONZER_GET_STONCKS, task_id=BRONZE_STONCKS_TSLA, execution_date=20240209T000000, start_date=20240916T031330, end_date=20240916T031332
[2024-09-16 00:13:32,170] {local_task_job.py:156} INFO - Task exited with return code 0
[2024-09-16 00:13:32,427] {local_task_job.py:273} INFO - 0 downstream tasks scheduled from follow-on schedule check
[2024-09-16 00:15:03,838] {taskinstance.py:1159} INFO - Dependencies all met for <TaskInstance: BRONZER_GET_STONCKS.BRONZE_STONCKS_TSLA scheduled__2024-02-09T00:00:00+00:00 [queued]>
[2024-09-16 00:15:03,894] {taskinstance.py:1159} INFO - Dependencies all met for <TaskInstance: BRONZER_GET_STONCKS.BRONZE_STONCKS_TSLA scheduled__2024-02-09T00:00:00+00:00 [queued]>
[2024-09-16 00:15:03,894] {taskinstance.py:1356} INFO - 
--------------------------------------------------------------------------------
[2024-09-16 00:15:03,895] {taskinstance.py:1357} INFO - Starting attempt 1 of 1
[2024-09-16 00:15:03,895] {taskinstance.py:1358} INFO - 
--------------------------------------------------------------------------------
[2024-09-16 00:15:03,969] {taskinstance.py:1377} INFO - Executing <Task(_PythonDecoratedOperator): BRONZE_STONCKS_TSLA> on 2024-02-09 00:00:00+00:00
[2024-09-16 00:15:03,976] {standard_task_runner.py:52} INFO - Started process 52836 to run task
[2024-09-16 00:15:04,005] {standard_task_runner.py:79} INFO - Running: ['airflow', 'tasks', 'run', 'BRONZER_GET_STONCKS', 'BRONZE_STONCKS_TSLA', 'scheduled__2024-02-09T00:00:00+00:00', '--job-id', '2002', '--raw', '--subdir', 'DAGS_FOLDER/get_stocks.py', '--cfg-path', '/tmp/tmpv3c9jnqt', '--error-file', '/tmp/tmpsghf4_ul']
[2024-09-16 00:15:04,006] {standard_task_runner.py:80} INFO - Job 2002: Subtask BRONZE_STONCKS_TSLA
[2024-09-16 00:15:04,228] {task_command.py:370} INFO - Running <TaskInstance: BRONZER_GET_STONCKS.BRONZE_STONCKS_TSLA scheduled__2024-02-09T00:00:00+00:00 [running]> on host kaiwang.
[2024-09-16 00:15:04,507] {taskinstance.py:1569} INFO - Exporting the following env vars:
AIRFLOW_CTX_DAG_OWNER=airflow
AIRFLOW_CTX_DAG_ID=BRONZER_GET_STONCKS
AIRFLOW_CTX_TASK_ID=BRONZE_STONCKS_TSLA
AIRFLOW_CTX_EXECUTION_DATE=2024-02-09T00:00:00+00:00
AIRFLOW_CTX_TRY_NUMBER=1
AIRFLOW_CTX_DAG_RUN_ID=scheduled__2024-02-09T00:00:00+00:00
[2024-09-16 00:15:05,138] {python.py:173} INFO - Done. Returned value was: None
[2024-09-16 00:15:05,167] {taskinstance.py:1395} INFO - Marking task as SUCCESS. dag_id=BRONZER_GET_STONCKS, task_id=BRONZE_STONCKS_TSLA, execution_date=20240209T000000, start_date=20240916T031503, end_date=20240916T031505
[2024-09-16 00:15:05,215] {local_task_job.py:156} INFO - Task exited with return code 0
[2024-09-16 00:15:05,295] {local_task_job.py:273} INFO - 0 downstream tasks scheduled from follow-on schedule check
