[2024-09-16 00:07:56,000] {taskinstance.py:1159} INFO - Dependencies all met for <TaskInstance: BRONZER_GET_CRIPTOS.BRONZE_CRIPTO_DOGE scheduled__2024-08-09T00:00:00+00:00 [queued]>
[2024-09-16 00:07:56,013] {taskinstance.py:1159} INFO - Dependencies all met for <TaskInstance: BRONZER_GET_CRIPTOS.BRONZE_CRIPTO_DOGE scheduled__2024-08-09T00:00:00+00:00 [queued]>
[2024-09-16 00:07:56,013] {taskinstance.py:1356} INFO - 
--------------------------------------------------------------------------------
[2024-09-16 00:07:56,013] {taskinstance.py:1357} INFO - Starting attempt 1 of 1
[2024-09-16 00:07:56,013] {taskinstance.py:1358} INFO - 
--------------------------------------------------------------------------------
[2024-09-16 00:07:56,030] {taskinstance.py:1377} INFO - Executing <Task(_PythonDecoratedOperator): BRONZE_CRIPTO_DOGE> on 2024-08-09 00:00:00+00:00
[2024-09-16 00:07:56,036] {standard_task_runner.py:52} INFO - Started process 41580 to run task
[2024-09-16 00:07:56,042] {standard_task_runner.py:79} INFO - Running: ['airflow', 'tasks', 'run', 'BRONZER_GET_CRIPTOS', 'BRONZE_CRIPTO_DOGE', 'scheduled__2024-08-09T00:00:00+00:00', '--job-id', '1374', '--raw', '--subdir', 'DAGS_FOLDER/get_cripto.py', '--cfg-path', '/tmp/tmpsn6807t9', '--error-file', '/tmp/tmp6et79_qx']
[2024-09-16 00:07:56,047] {standard_task_runner.py:80} INFO - Job 1374: Subtask BRONZE_CRIPTO_DOGE
[2024-09-16 00:07:56,155] {task_command.py:370} INFO - Running <TaskInstance: BRONZER_GET_CRIPTOS.BRONZE_CRIPTO_DOGE scheduled__2024-08-09T00:00:00+00:00 [running]> on host kaiwang.
[2024-09-16 00:07:56,287] {taskinstance.py:1569} INFO - Exporting the following env vars:
AIRFLOW_CTX_DAG_OWNER=airflow
AIRFLOW_CTX_DAG_ID=BRONZER_GET_CRIPTOS
AIRFLOW_CTX_TASK_ID=BRONZE_CRIPTO_DOGE
AIRFLOW_CTX_EXECUTION_DATE=2024-08-09T00:00:00+00:00
AIRFLOW_CTX_TRY_NUMBER=1
AIRFLOW_CTX_DAG_RUN_ID=scheduled__2024-08-09T00:00:00+00:00
[2024-09-16 00:07:58,907] {history.py:122} ERROR - $DOGE: possibly delisted; no timezone found
[2024-09-16 00:07:58,909] {python.py:173} INFO - Done. Returned value was: None
[2024-09-16 00:07:58,925] {taskinstance.py:1395} INFO - Marking task as SUCCESS. dag_id=BRONZER_GET_CRIPTOS, task_id=BRONZE_CRIPTO_DOGE, execution_date=20240809T000000, start_date=20240916T030756, end_date=20240916T030758
[2024-09-16 00:07:58,949] {local_task_job.py:156} INFO - Task exited with return code 0
[2024-09-16 00:07:58,985] {local_task_job.py:273} INFO - 0 downstream tasks scheduled from follow-on schedule check
[2024-09-16 13:55:55,621] {taskinstance.py:1159} INFO - Dependencies all met for <TaskInstance: BRONZER_GET_CRIPTOS.BRONZE_CRIPTO_DOGE scheduled__2024-08-09T00:00:00+00:00 [queued]>
[2024-09-16 13:55:55,647] {taskinstance.py:1159} INFO - Dependencies all met for <TaskInstance: BRONZER_GET_CRIPTOS.BRONZE_CRIPTO_DOGE scheduled__2024-08-09T00:00:00+00:00 [queued]>
[2024-09-16 13:55:55,647] {taskinstance.py:1356} INFO - 
--------------------------------------------------------------------------------
[2024-09-16 13:55:55,647] {taskinstance.py:1357} INFO - Starting attempt 1 of 1
[2024-09-16 13:55:55,647] {taskinstance.py:1358} INFO - 
--------------------------------------------------------------------------------
[2024-09-16 13:55:55,673] {taskinstance.py:1377} INFO - Executing <Task(_PythonDecoratedOperator): BRONZE_CRIPTO_DOGE> on 2024-08-09 00:00:00+00:00
[2024-09-16 13:55:55,683] {standard_task_runner.py:52} INFO - Started process 136928 to run task
[2024-09-16 13:55:55,692] {standard_task_runner.py:79} INFO - Running: ['airflow', 'tasks', 'run', 'BRONZER_GET_CRIPTOS', 'BRONZE_CRIPTO_DOGE', 'scheduled__2024-08-09T00:00:00+00:00', '--job-id', '2484', '--raw', '--subdir', 'DAGS_FOLDER/get_cripto.py', '--cfg-path', '/tmp/tmpj8rxxo8m', '--error-file', '/tmp/tmp36ad2fru']
[2024-09-16 13:55:55,694] {standard_task_runner.py:80} INFO - Job 2484: Subtask BRONZE_CRIPTO_DOGE
[2024-09-16 13:55:55,809] {task_command.py:370} INFO - Running <TaskInstance: BRONZER_GET_CRIPTOS.BRONZE_CRIPTO_DOGE scheduled__2024-08-09T00:00:00+00:00 [running]> on host kaiwang.
[2024-09-16 13:55:56,177] {taskinstance.py:1569} INFO - Exporting the following env vars:
AIRFLOW_CTX_DAG_OWNER=airflow
AIRFLOW_CTX_DAG_ID=BRONZER_GET_CRIPTOS
AIRFLOW_CTX_TASK_ID=BRONZE_CRIPTO_DOGE
AIRFLOW_CTX_EXECUTION_DATE=2024-08-09T00:00:00+00:00
AIRFLOW_CTX_TRY_NUMBER=1
AIRFLOW_CTX_DAG_RUN_ID=scheduled__2024-08-09T00:00:00+00:00
[2024-09-16 13:55:59,727] {history.py:122} ERROR - $DOGE: possibly delisted; no timezone found
[2024-09-16 13:55:59,731] {python.py:173} INFO - Done. Returned value was: None
[2024-09-16 13:55:59,773] {taskinstance.py:1395} INFO - Marking task as SUCCESS. dag_id=BRONZER_GET_CRIPTOS, task_id=BRONZE_CRIPTO_DOGE, execution_date=20240809T000000, start_date=20240916T165555, end_date=20240916T165559
[2024-09-16 13:55:59,850] {local_task_job.py:156} INFO - Task exited with return code 0
[2024-09-16 13:56:00,015] {local_task_job.py:273} INFO - 0 downstream tasks scheduled from follow-on schedule check
