[2024-09-16 00:06:21,575] {taskinstance.py:1159} INFO - Dependencies all met for <TaskInstance: BRONZER_GET_STONCKS.BRONZE_STONCKS_TSLA scheduled__2024-06-26T00:00:00+00:00 [queued]>
[2024-09-16 00:06:21,591] {taskinstance.py:1159} INFO - Dependencies all met for <TaskInstance: BRONZER_GET_STONCKS.BRONZE_STONCKS_TSLA scheduled__2024-06-26T00:00:00+00:00 [queued]>
[2024-09-16 00:06:21,591] {taskinstance.py:1356} INFO - 
--------------------------------------------------------------------------------
[2024-09-16 00:06:21,591] {taskinstance.py:1357} INFO - Starting attempt 1 of 1
[2024-09-16 00:06:21,591] {taskinstance.py:1358} INFO - 
--------------------------------------------------------------------------------
[2024-09-16 00:06:21,618] {taskinstance.py:1377} INFO - Executing <Task(_PythonDecoratedOperator): BRONZE_STONCKS_TSLA> on 2024-06-26 00:00:00+00:00
[2024-09-16 00:06:21,625] {standard_task_runner.py:52} INFO - Started process 33927 to run task
[2024-09-16 00:06:21,630] {standard_task_runner.py:79} INFO - Running: ['airflow', 'tasks', 'run', 'BRONZER_GET_STONCKS', 'BRONZE_STONCKS_TSLA', 'scheduled__2024-06-26T00:00:00+00:00', '--job-id', '929', '--raw', '--subdir', 'DAGS_FOLDER/get_stocks.py', '--cfg-path', '/tmp/tmplcwyhrka', '--error-file', '/tmp/tmpzptqmx1h']
[2024-09-16 00:06:21,631] {standard_task_runner.py:80} INFO - Job 929: Subtask BRONZE_STONCKS_TSLA
[2024-09-16 00:06:21,734] {task_command.py:370} INFO - Running <TaskInstance: BRONZER_GET_STONCKS.BRONZE_STONCKS_TSLA scheduled__2024-06-26T00:00:00+00:00 [running]> on host kaiwang.
[2024-09-16 00:06:21,838] {taskinstance.py:1569} INFO - Exporting the following env vars:
AIRFLOW_CTX_DAG_OWNER=airflow
AIRFLOW_CTX_DAG_ID=BRONZER_GET_STONCKS
AIRFLOW_CTX_TASK_ID=BRONZE_STONCKS_TSLA
AIRFLOW_CTX_EXECUTION_DATE=2024-06-26T00:00:00+00:00
AIRFLOW_CTX_TRY_NUMBER=1
AIRFLOW_CTX_DAG_RUN_ID=scheduled__2024-06-26T00:00:00+00:00
[2024-09-16 00:06:22,567] {python.py:173} INFO - Done. Returned value was: None
[2024-09-16 00:06:22,585] {taskinstance.py:1395} INFO - Marking task as SUCCESS. dag_id=BRONZER_GET_STONCKS, task_id=BRONZE_STONCKS_TSLA, execution_date=20240626T000000, start_date=20240916T030621, end_date=20240916T030622
[2024-09-16 00:06:22,608] {local_task_job.py:156} INFO - Task exited with return code 0
[2024-09-16 00:06:22,659] {local_task_job.py:273} INFO - 0 downstream tasks scheduled from follow-on schedule check
