[2024-09-16 00:03:17,464] {taskinstance.py:1159} INFO - Dependencies all met for <TaskInstance: BRONZER_GET_STONCKS.BRONZE_STONCKS_AAPL scheduled__2024-01-13T00:00:00+00:00 [queued]>
[2024-09-16 00:03:17,583] {taskinstance.py:1159} INFO - Dependencies all met for <TaskInstance: BRONZER_GET_STONCKS.BRONZE_STONCKS_AAPL scheduled__2024-01-13T00:00:00+00:00 [queued]>
[2024-09-16 00:03:17,584] {taskinstance.py:1356} INFO - 
--------------------------------------------------------------------------------
[2024-09-16 00:03:17,584] {taskinstance.py:1357} INFO - Starting attempt 1 of 1
[2024-09-16 00:03:17,584] {taskinstance.py:1358} INFO - 
--------------------------------------------------------------------------------
[2024-09-16 00:03:17,698] {taskinstance.py:1377} INFO - Executing <Task(_PythonDecoratedOperator): BRONZE_STONCKS_AAPL> on 2024-01-13 00:00:00+00:00
[2024-09-16 00:03:17,709] {standard_task_runner.py:52} INFO - Started process 19357 to run task
[2024-09-16 00:03:17,723] {standard_task_runner.py:79} INFO - Running: ['airflow', 'tasks', 'run', 'BRONZER_GET_STONCKS', 'BRONZE_STONCKS_AAPL', 'scheduled__2024-01-13T00:00:00+00:00', '--job-id', '75', '--raw', '--subdir', 'DAGS_FOLDER/get_stocks.py', '--cfg-path', '/tmp/tmpe03i1q3g', '--error-file', '/tmp/tmp0ijg4an7']
[2024-09-16 00:03:17,724] {standard_task_runner.py:80} INFO - Job 75: Subtask BRONZE_STONCKS_AAPL
[2024-09-16 00:03:18,377] {task_command.py:370} INFO - Running <TaskInstance: BRONZER_GET_STONCKS.BRONZE_STONCKS_AAPL scheduled__2024-01-13T00:00:00+00:00 [running]> on host kaiwang.
[2024-09-16 00:03:18,950] {taskinstance.py:1569} INFO - Exporting the following env vars:
AIRFLOW_CTX_DAG_OWNER=airflow
AIRFLOW_CTX_DAG_ID=BRONZER_GET_STONCKS
AIRFLOW_CTX_TASK_ID=BRONZE_STONCKS_AAPL
AIRFLOW_CTX_EXECUTION_DATE=2024-01-13T00:00:00+00:00
AIRFLOW_CTX_TRY_NUMBER=1
AIRFLOW_CTX_DAG_RUN_ID=scheduled__2024-01-13T00:00:00+00:00
[2024-09-16 00:03:19,683] {python.py:173} INFO - Done. Returned value was: None
[2024-09-16 00:03:19,766] {taskinstance.py:1395} INFO - Marking task as SUCCESS. dag_id=BRONZER_GET_STONCKS, task_id=BRONZE_STONCKS_AAPL, execution_date=20240113T000000, start_date=20240916T030317, end_date=20240916T030319
[2024-09-16 00:03:19,894] {local_task_job.py:156} INFO - Task exited with return code 0
[2024-09-16 00:03:20,012] {local_task_job.py:273} INFO - 0 downstream tasks scheduled from follow-on schedule check
[2024-09-16 00:12:56,693] {taskinstance.py:1159} INFO - Dependencies all met for <TaskInstance: BRONZER_GET_STONCKS.BRONZE_STONCKS_AAPL scheduled__2024-01-13T00:00:00+00:00 [queued]>
[2024-09-16 00:12:56,755] {taskinstance.py:1159} INFO - Dependencies all met for <TaskInstance: BRONZER_GET_STONCKS.BRONZE_STONCKS_AAPL scheduled__2024-01-13T00:00:00+00:00 [queued]>
[2024-09-16 00:12:56,755] {taskinstance.py:1356} INFO - 
--------------------------------------------------------------------------------
[2024-09-16 00:12:56,756] {taskinstance.py:1357} INFO - Starting attempt 1 of 1
[2024-09-16 00:12:56,756] {taskinstance.py:1358} INFO - 
--------------------------------------------------------------------------------
[2024-09-16 00:12:56,848] {taskinstance.py:1377} INFO - Executing <Task(_PythonDecoratedOperator): BRONZE_STONCKS_AAPL> on 2024-01-13 00:00:00+00:00
[2024-09-16 00:12:56,854] {standard_task_runner.py:52} INFO - Started process 44783 to run task
[2024-09-16 00:12:56,887] {standard_task_runner.py:79} INFO - Running: ['airflow', 'tasks', 'run', 'BRONZER_GET_STONCKS', 'BRONZE_STONCKS_AAPL', 'scheduled__2024-01-13T00:00:00+00:00', '--job-id', '1543', '--raw', '--subdir', 'DAGS_FOLDER/get_stocks.py', '--cfg-path', '/tmp/tmp2p8r4ttn', '--error-file', '/tmp/tmp8xaxe_9o']
[2024-09-16 00:12:56,889] {standard_task_runner.py:80} INFO - Job 1543: Subtask BRONZE_STONCKS_AAPL
[2024-09-16 00:12:57,182] {task_command.py:370} INFO - Running <TaskInstance: BRONZER_GET_STONCKS.BRONZE_STONCKS_AAPL scheduled__2024-01-13T00:00:00+00:00 [running]> on host kaiwang.
[2024-09-16 00:12:57,532] {taskinstance.py:1569} INFO - Exporting the following env vars:
AIRFLOW_CTX_DAG_OWNER=airflow
AIRFLOW_CTX_DAG_ID=BRONZER_GET_STONCKS
AIRFLOW_CTX_TASK_ID=BRONZE_STONCKS_AAPL
AIRFLOW_CTX_EXECUTION_DATE=2024-01-13T00:00:00+00:00
AIRFLOW_CTX_TRY_NUMBER=1
AIRFLOW_CTX_DAG_RUN_ID=scheduled__2024-01-13T00:00:00+00:00
[2024-09-16 00:12:58,249] {python.py:173} INFO - Done. Returned value was: None
[2024-09-16 00:12:58,333] {taskinstance.py:1395} INFO - Marking task as SUCCESS. dag_id=BRONZER_GET_STONCKS, task_id=BRONZE_STONCKS_AAPL, execution_date=20240113T000000, start_date=20240916T031256, end_date=20240916T031258
[2024-09-16 00:12:58,412] {local_task_job.py:156} INFO - Task exited with return code 0
[2024-09-16 00:12:58,545] {local_task_job.py:273} INFO - 0 downstream tasks scheduled from follow-on schedule check
[2024-09-16 00:14:34,059] {taskinstance.py:1159} INFO - Dependencies all met for <TaskInstance: BRONZER_GET_STONCKS.BRONZE_STONCKS_AAPL scheduled__2024-01-13T00:00:00+00:00 [queued]>
[2024-09-16 00:14:34,116] {taskinstance.py:1159} INFO - Dependencies all met for <TaskInstance: BRONZER_GET_STONCKS.BRONZE_STONCKS_AAPL scheduled__2024-01-13T00:00:00+00:00 [queued]>
[2024-09-16 00:14:34,116] {taskinstance.py:1356} INFO - 
--------------------------------------------------------------------------------
[2024-09-16 00:14:34,116] {taskinstance.py:1357} INFO - Starting attempt 1 of 1
[2024-09-16 00:14:34,116] {taskinstance.py:1358} INFO - 
--------------------------------------------------------------------------------
[2024-09-16 00:14:34,220] {taskinstance.py:1377} INFO - Executing <Task(_PythonDecoratedOperator): BRONZE_STONCKS_AAPL> on 2024-01-13 00:00:00+00:00
[2024-09-16 00:14:34,226] {standard_task_runner.py:52} INFO - Started process 50368 to run task
[2024-09-16 00:14:34,256] {standard_task_runner.py:79} INFO - Running: ['airflow', 'tasks', 'run', 'BRONZER_GET_STONCKS', 'BRONZE_STONCKS_AAPL', 'scheduled__2024-01-13T00:00:00+00:00', '--job-id', '1860', '--raw', '--subdir', 'DAGS_FOLDER/get_stocks.py', '--cfg-path', '/tmp/tmpic7dw_eg', '--error-file', '/tmp/tmp4bwthu3m']
[2024-09-16 00:14:34,257] {standard_task_runner.py:80} INFO - Job 1860: Subtask BRONZE_STONCKS_AAPL
[2024-09-16 00:14:34,624] {task_command.py:370} INFO - Running <TaskInstance: BRONZER_GET_STONCKS.BRONZE_STONCKS_AAPL scheduled__2024-01-13T00:00:00+00:00 [running]> on host kaiwang.
[2024-09-16 00:14:34,945] {taskinstance.py:1569} INFO - Exporting the following env vars:
AIRFLOW_CTX_DAG_OWNER=airflow
AIRFLOW_CTX_DAG_ID=BRONZER_GET_STONCKS
AIRFLOW_CTX_TASK_ID=BRONZE_STONCKS_AAPL
AIRFLOW_CTX_EXECUTION_DATE=2024-01-13T00:00:00+00:00
AIRFLOW_CTX_TRY_NUMBER=1
AIRFLOW_CTX_DAG_RUN_ID=scheduled__2024-01-13T00:00:00+00:00
[2024-09-16 00:14:35,652] {python.py:173} INFO - Done. Returned value was: None
[2024-09-16 00:14:35,735] {taskinstance.py:1395} INFO - Marking task as SUCCESS. dag_id=BRONZER_GET_STONCKS, task_id=BRONZE_STONCKS_AAPL, execution_date=20240113T000000, start_date=20240916T031434, end_date=20240916T031435
[2024-09-16 00:14:35,881] {local_task_job.py:156} INFO - Task exited with return code 0
[2024-09-16 00:14:36,441] {local_task_job.py:273} INFO - 0 downstream tasks scheduled from follow-on schedule check
