[2024-09-16 00:03:17,943] {taskinstance.py:1159} INFO - Dependencies all met for <TaskInstance: BRONZER_GET_CRIPTOS.BRONZE_CRIPTO_ETH scheduled__2024-01-13T00:00:00+00:00 [queued]>
[2024-09-16 00:03:18,060] {taskinstance.py:1159} INFO - Dependencies all met for <TaskInstance: BRONZER_GET_CRIPTOS.BRONZE_CRIPTO_ETH scheduled__2024-01-13T00:00:00+00:00 [queued]>
[2024-09-16 00:03:18,060] {taskinstance.py:1356} INFO - 
--------------------------------------------------------------------------------
[2024-09-16 00:03:18,060] {taskinstance.py:1357} INFO - Starting attempt 1 of 1
[2024-09-16 00:03:18,061] {taskinstance.py:1358} INFO - 
--------------------------------------------------------------------------------
[2024-09-16 00:03:18,141] {taskinstance.py:1377} INFO - Executing <Task(_PythonDecoratedOperator): BRONZE_CRIPTO_ETH> on 2024-01-13 00:00:00+00:00
[2024-09-16 00:03:18,198] {standard_task_runner.py:52} INFO - Started process 19395 to run task
[2024-09-16 00:03:18,244] {standard_task_runner.py:79} INFO - Running: ['airflow', 'tasks', 'run', 'BRONZER_GET_CRIPTOS', 'BRONZE_CRIPTO_ETH', 'scheduled__2024-01-13T00:00:00+00:00', '--job-id', '82', '--raw', '--subdir', 'DAGS_FOLDER/get_cripto.py', '--cfg-path', '/tmp/tmpjwosx_y4', '--error-file', '/tmp/tmpeujcq0g_']
[2024-09-16 00:03:18,245] {standard_task_runner.py:80} INFO - Job 82: Subtask BRONZE_CRIPTO_ETH
[2024-09-16 00:03:18,809] {task_command.py:370} INFO - Running <TaskInstance: BRONZER_GET_CRIPTOS.BRONZE_CRIPTO_ETH scheduled__2024-01-13T00:00:00+00:00 [running]> on host kaiwang.
[2024-09-16 00:03:19,329] {taskinstance.py:1569} INFO - Exporting the following env vars:
AIRFLOW_CTX_DAG_OWNER=airflow
AIRFLOW_CTX_DAG_ID=BRONZER_GET_CRIPTOS
AIRFLOW_CTX_TASK_ID=BRONZE_CRIPTO_ETH
AIRFLOW_CTX_EXECUTION_DATE=2024-01-13T00:00:00+00:00
AIRFLOW_CTX_TRY_NUMBER=1
AIRFLOW_CTX_DAG_RUN_ID=scheduled__2024-01-13T00:00:00+00:00
[2024-09-16 00:03:22,276] {history.py:244} ERROR - $ETH: possibly delisted; no price data found  (1h 2024-01-10 -> 2024-01-13) (Yahoo error = "Data doesn't exist for startDate = 1704862800, endDate = 1705122000")
[2024-09-16 00:03:22,312] {python.py:173} INFO - Done. Returned value was: None
[2024-09-16 00:03:22,451] {taskinstance.py:1395} INFO - Marking task as SUCCESS. dag_id=BRONZER_GET_CRIPTOS, task_id=BRONZE_CRIPTO_ETH, execution_date=20240113T000000, start_date=20240916T030317, end_date=20240916T030322
[2024-09-16 00:03:22,586] {local_task_job.py:156} INFO - Task exited with return code 0
[2024-09-16 00:03:22,728] {local_task_job.py:273} INFO - 0 downstream tasks scheduled from follow-on schedule check
[2024-09-16 00:12:59,160] {taskinstance.py:1159} INFO - Dependencies all met for <TaskInstance: BRONZER_GET_CRIPTOS.BRONZE_CRIPTO_ETH scheduled__2024-01-13T00:00:00+00:00 [queued]>
[2024-09-16 00:12:59,187] {taskinstance.py:1159} INFO - Dependencies all met for <TaskInstance: BRONZER_GET_CRIPTOS.BRONZE_CRIPTO_ETH scheduled__2024-01-13T00:00:00+00:00 [queued]>
[2024-09-16 00:12:59,187] {taskinstance.py:1356} INFO - 
--------------------------------------------------------------------------------
[2024-09-16 00:12:59,187] {taskinstance.py:1357} INFO - Starting attempt 1 of 1
[2024-09-16 00:12:59,187] {taskinstance.py:1358} INFO - 
--------------------------------------------------------------------------------
[2024-09-16 00:12:59,248] {taskinstance.py:1377} INFO - Executing <Task(_PythonDecoratedOperator): BRONZE_CRIPTO_ETH> on 2024-01-13 00:00:00+00:00
[2024-09-16 00:12:59,257] {standard_task_runner.py:52} INFO - Started process 44955 to run task
[2024-09-16 00:12:59,278] {standard_task_runner.py:79} INFO - Running: ['airflow', 'tasks', 'run', 'BRONZER_GET_CRIPTOS', 'BRONZE_CRIPTO_ETH', 'scheduled__2024-01-13T00:00:00+00:00', '--job-id', '1552', '--raw', '--subdir', 'DAGS_FOLDER/get_cripto.py', '--cfg-path', '/tmp/tmpagypc5p6', '--error-file', '/tmp/tmpfszcon2c']
[2024-09-16 00:12:59,279] {standard_task_runner.py:80} INFO - Job 1552: Subtask BRONZE_CRIPTO_ETH
[2024-09-16 00:12:59,500] {task_command.py:370} INFO - Running <TaskInstance: BRONZER_GET_CRIPTOS.BRONZE_CRIPTO_ETH scheduled__2024-01-13T00:00:00+00:00 [running]> on host kaiwang.
[2024-09-16 00:12:59,757] {taskinstance.py:1569} INFO - Exporting the following env vars:
AIRFLOW_CTX_DAG_OWNER=airflow
AIRFLOW_CTX_DAG_ID=BRONZER_GET_CRIPTOS
AIRFLOW_CTX_TASK_ID=BRONZE_CRIPTO_ETH
AIRFLOW_CTX_EXECUTION_DATE=2024-01-13T00:00:00+00:00
AIRFLOW_CTX_TRY_NUMBER=1
AIRFLOW_CTX_DAG_RUN_ID=scheduled__2024-01-13T00:00:00+00:00
[2024-09-16 00:13:03,050] {history.py:244} ERROR - $ETH: possibly delisted; no price data found  (1h 2024-01-10 -> 2024-01-13) (Yahoo error = "Data doesn't exist for startDate = 1704862800, endDate = 1705122000")
[2024-09-16 00:13:03,055] {python.py:173} INFO - Done. Returned value was: None
[2024-09-16 00:13:03,125] {taskinstance.py:1395} INFO - Marking task as SUCCESS. dag_id=BRONZER_GET_CRIPTOS, task_id=BRONZE_CRIPTO_ETH, execution_date=20240113T000000, start_date=20240916T031259, end_date=20240916T031303
[2024-09-16 00:13:03,216] {local_task_job.py:156} INFO - Task exited with return code 0
[2024-09-16 00:13:03,674] {local_task_job.py:273} INFO - 0 downstream tasks scheduled from follow-on schedule check
[2024-09-16 00:14:35,043] {taskinstance.py:1159} INFO - Dependencies all met for <TaskInstance: BRONZER_GET_CRIPTOS.BRONZE_CRIPTO_ETH scheduled__2024-01-13T00:00:00+00:00 [queued]>
[2024-09-16 00:14:35,106] {taskinstance.py:1159} INFO - Dependencies all met for <TaskInstance: BRONZER_GET_CRIPTOS.BRONZE_CRIPTO_ETH scheduled__2024-01-13T00:00:00+00:00 [queued]>
[2024-09-16 00:14:35,107] {taskinstance.py:1356} INFO - 
--------------------------------------------------------------------------------
[2024-09-16 00:14:35,107] {taskinstance.py:1357} INFO - Starting attempt 1 of 1
[2024-09-16 00:14:35,107] {taskinstance.py:1358} INFO - 
--------------------------------------------------------------------------------
[2024-09-16 00:14:35,158] {taskinstance.py:1377} INFO - Executing <Task(_PythonDecoratedOperator): BRONZE_CRIPTO_ETH> on 2024-01-13 00:00:00+00:00
[2024-09-16 00:14:35,165] {standard_task_runner.py:52} INFO - Started process 50444 to run task
[2024-09-16 00:14:35,195] {standard_task_runner.py:79} INFO - Running: ['airflow', 'tasks', 'run', 'BRONZER_GET_CRIPTOS', 'BRONZE_CRIPTO_ETH', 'scheduled__2024-01-13T00:00:00+00:00', '--job-id', '1868', '--raw', '--subdir', 'DAGS_FOLDER/get_cripto.py', '--cfg-path', '/tmp/tmpgbhdwos4', '--error-file', '/tmp/tmpk9ft1wm9']
[2024-09-16 00:14:35,196] {standard_task_runner.py:80} INFO - Job 1868: Subtask BRONZE_CRIPTO_ETH
[2024-09-16 00:14:35,464] {task_command.py:370} INFO - Running <TaskInstance: BRONZER_GET_CRIPTOS.BRONZE_CRIPTO_ETH scheduled__2024-01-13T00:00:00+00:00 [running]> on host kaiwang.
[2024-09-16 00:14:35,850] {taskinstance.py:1569} INFO - Exporting the following env vars:
AIRFLOW_CTX_DAG_OWNER=airflow
AIRFLOW_CTX_DAG_ID=BRONZER_GET_CRIPTOS
AIRFLOW_CTX_TASK_ID=BRONZE_CRIPTO_ETH
AIRFLOW_CTX_EXECUTION_DATE=2024-01-13T00:00:00+00:00
AIRFLOW_CTX_TRY_NUMBER=1
AIRFLOW_CTX_DAG_RUN_ID=scheduled__2024-01-13T00:00:00+00:00
[2024-09-16 00:14:39,423] {history.py:244} ERROR - $ETH: possibly delisted; no price data found  (1h 2024-01-10 -> 2024-01-13) (Yahoo error = "Data doesn't exist for startDate = 1704862800, endDate = 1705122000")
[2024-09-16 00:14:39,428] {python.py:173} INFO - Done. Returned value was: None
[2024-09-16 00:14:39,739] {taskinstance.py:1395} INFO - Marking task as SUCCESS. dag_id=BRONZER_GET_CRIPTOS, task_id=BRONZE_CRIPTO_ETH, execution_date=20240113T000000, start_date=20240916T031435, end_date=20240916T031439
[2024-09-16 00:14:39,819] {local_task_job.py:156} INFO - Task exited with return code 0
[2024-09-16 00:14:40,343] {local_task_job.py:273} INFO - 0 downstream tasks scheduled from follow-on schedule check
