[2024-09-16 00:07:45,873] {taskinstance.py:1159} INFO - Dependencies all met for <TaskInstance: BRONZER_GET_STONCKS.BRONZE_STONCKS_MSFT scheduled__2024-09-07T00:00:00+00:00 [queued]>
[2024-09-16 00:07:45,908] {taskinstance.py:1159} INFO - Dependencies all met for <TaskInstance: BRONZER_GET_STONCKS.BRONZE_STONCKS_MSFT scheduled__2024-09-07T00:00:00+00:00 [queued]>
[2024-09-16 00:07:45,908] {taskinstance.py:1356} INFO - 
--------------------------------------------------------------------------------
[2024-09-16 00:07:45,909] {taskinstance.py:1357} INFO - Starting attempt 1 of 1
[2024-09-16 00:07:45,909] {taskinstance.py:1358} INFO - 
--------------------------------------------------------------------------------
[2024-09-16 00:07:45,956] {taskinstance.py:1377} INFO - Executing <Task(_PythonDecoratedOperator): BRONZE_STONCKS_MSFT> on 2024-09-07 00:00:00+00:00
[2024-09-16 00:07:45,963] {standard_task_runner.py:52} INFO - Started process 40764 to run task
[2024-09-16 00:07:45,978] {standard_task_runner.py:79} INFO - Running: ['airflow', 'tasks', 'run', 'BRONZER_GET_STONCKS', 'BRONZE_STONCKS_MSFT', 'scheduled__2024-09-07T00:00:00+00:00', '--job-id', '1325', '--raw', '--subdir', 'DAGS_FOLDER/get_stocks.py', '--cfg-path', '/tmp/tmp5ocrj0j6', '--error-file', '/tmp/tmpaeni2_h2']
[2024-09-16 00:07:45,979] {standard_task_runner.py:80} INFO - Job 1325: Subtask BRONZE_STONCKS_MSFT
[2024-09-16 00:07:46,306] {task_command.py:370} INFO - Running <TaskInstance: BRONZER_GET_STONCKS.BRONZE_STONCKS_MSFT scheduled__2024-09-07T00:00:00+00:00 [running]> on host kaiwang.
[2024-09-16 00:07:46,648] {taskinstance.py:1569} INFO - Exporting the following env vars:
AIRFLOW_CTX_DAG_OWNER=airflow
AIRFLOW_CTX_DAG_ID=BRONZER_GET_STONCKS
AIRFLOW_CTX_TASK_ID=BRONZE_STONCKS_MSFT
AIRFLOW_CTX_EXECUTION_DATE=2024-09-07T00:00:00+00:00
AIRFLOW_CTX_TRY_NUMBER=1
AIRFLOW_CTX_DAG_RUN_ID=scheduled__2024-09-07T00:00:00+00:00
[2024-09-16 00:07:47,369] {python.py:173} INFO - Done. Returned value was: None
[2024-09-16 00:07:47,667] {taskinstance.py:1395} INFO - Marking task as SUCCESS. dag_id=BRONZER_GET_STONCKS, task_id=BRONZE_STONCKS_MSFT, execution_date=20240907T000000, start_date=20240916T030745, end_date=20240916T030747
[2024-09-16 00:07:47,776] {local_task_job.py:156} INFO - Task exited with return code 0
[2024-09-16 00:07:47,982] {local_task_job.py:273} INFO - 0 downstream tasks scheduled from follow-on schedule check
[2024-09-16 13:56:42,985] {taskinstance.py:1159} INFO - Dependencies all met for <TaskInstance: BRONZER_GET_STONCKS.BRONZE_STONCKS_MSFT scheduled__2024-09-07T00:00:00+00:00 [queued]>
[2024-09-16 13:56:42,996] {taskinstance.py:1159} INFO - Dependencies all met for <TaskInstance: BRONZER_GET_STONCKS.BRONZE_STONCKS_MSFT scheduled__2024-09-07T00:00:00+00:00 [queued]>
[2024-09-16 13:56:42,997] {taskinstance.py:1356} INFO - 
--------------------------------------------------------------------------------
[2024-09-16 13:56:42,997] {taskinstance.py:1357} INFO - Starting attempt 1 of 1
[2024-09-16 13:56:42,997] {taskinstance.py:1358} INFO - 
--------------------------------------------------------------------------------
[2024-09-16 13:56:43,009] {taskinstance.py:1377} INFO - Executing <Task(_PythonDecoratedOperator): BRONZE_STONCKS_MSFT> on 2024-09-07 00:00:00+00:00
[2024-09-16 13:56:43,015] {standard_task_runner.py:52} INFO - Started process 140324 to run task
[2024-09-16 13:56:43,019] {standard_task_runner.py:79} INFO - Running: ['airflow', 'tasks', 'run', 'BRONZER_GET_STONCKS', 'BRONZE_STONCKS_MSFT', 'scheduled__2024-09-07T00:00:00+00:00', '--job-id', '2642', '--raw', '--subdir', 'DAGS_FOLDER/get_stocks.py', '--cfg-path', '/tmp/tmpg4_8pqlk', '--error-file', '/tmp/tmp607y8w3b']
[2024-09-16 13:56:43,020] {standard_task_runner.py:80} INFO - Job 2642: Subtask BRONZE_STONCKS_MSFT
[2024-09-16 13:56:43,106] {task_command.py:370} INFO - Running <TaskInstance: BRONZER_GET_STONCKS.BRONZE_STONCKS_MSFT scheduled__2024-09-07T00:00:00+00:00 [running]> on host kaiwang.
[2024-09-16 13:56:43,416] {taskinstance.py:1569} INFO - Exporting the following env vars:
AIRFLOW_CTX_DAG_OWNER=airflow
AIRFLOW_CTX_DAG_ID=BRONZER_GET_STONCKS
AIRFLOW_CTX_TASK_ID=BRONZE_STONCKS_MSFT
AIRFLOW_CTX_EXECUTION_DATE=2024-09-07T00:00:00+00:00
AIRFLOW_CTX_TRY_NUMBER=1
AIRFLOW_CTX_DAG_RUN_ID=scheduled__2024-09-07T00:00:00+00:00
[2024-09-16 13:56:44,923] {python.py:173} INFO - Done. Returned value was: None
[2024-09-16 13:56:44,937] {taskinstance.py:1395} INFO - Marking task as SUCCESS. dag_id=BRONZER_GET_STONCKS, task_id=BRONZE_STONCKS_MSFT, execution_date=20240907T000000, start_date=20240916T165642, end_date=20240916T165644
[2024-09-16 13:56:44,964] {local_task_job.py:156} INFO - Task exited with return code 0
[2024-09-16 13:56:44,996] {local_task_job.py:273} INFO - 0 downstream tasks scheduled from follow-on schedule check
