[2024-09-16 00:04:44,304] {taskinstance.py:1159} INFO - Dependencies all met for <TaskInstance: BRONZER_GET_STONCKS.BRONZE_STONCKS_MSFT scheduled__2024-03-27T00:00:00+00:00 [queued]>
[2024-09-16 00:04:44,342] {taskinstance.py:1159} INFO - Dependencies all met for <TaskInstance: BRONZER_GET_STONCKS.BRONZE_STONCKS_MSFT scheduled__2024-03-27T00:00:00+00:00 [queued]>
[2024-09-16 00:04:44,343] {taskinstance.py:1356} INFO - 
--------------------------------------------------------------------------------
[2024-09-16 00:04:44,343] {taskinstance.py:1357} INFO - Starting attempt 1 of 1
[2024-09-16 00:04:44,343] {taskinstance.py:1358} INFO - 
--------------------------------------------------------------------------------
[2024-09-16 00:04:44,375] {taskinstance.py:1377} INFO - Executing <Task(_PythonDecoratedOperator): BRONZE_STONCKS_MSFT> on 2024-03-27 00:00:00+00:00
[2024-09-16 00:04:44,395] {standard_task_runner.py:52} INFO - Started process 26084 to run task
[2024-09-16 00:04:44,432] {standard_task_runner.py:79} INFO - Running: ['airflow', 'tasks', 'run', 'BRONZER_GET_STONCKS', 'BRONZE_STONCKS_MSFT', 'scheduled__2024-03-27T00:00:00+00:00', '--job-id', '470', '--raw', '--subdir', 'DAGS_FOLDER/get_stocks.py', '--cfg-path', '/tmp/tmpn470ehli', '--error-file', '/tmp/tmp43as7hkw']
[2024-09-16 00:04:44,451] {standard_task_runner.py:80} INFO - Job 470: Subtask BRONZE_STONCKS_MSFT
[2024-09-16 00:04:44,847] {task_command.py:370} INFO - Running <TaskInstance: BRONZER_GET_STONCKS.BRONZE_STONCKS_MSFT scheduled__2024-03-27T00:00:00+00:00 [running]> on host kaiwang.
[2024-09-16 00:04:45,228] {taskinstance.py:1569} INFO - Exporting the following env vars:
AIRFLOW_CTX_DAG_OWNER=airflow
AIRFLOW_CTX_DAG_ID=BRONZER_GET_STONCKS
AIRFLOW_CTX_TASK_ID=BRONZE_STONCKS_MSFT
AIRFLOW_CTX_EXECUTION_DATE=2024-03-27T00:00:00+00:00
AIRFLOW_CTX_TRY_NUMBER=1
AIRFLOW_CTX_DAG_RUN_ID=scheduled__2024-03-27T00:00:00+00:00
[2024-09-16 00:04:45,910] {python.py:173} INFO - Done. Returned value was: None
[2024-09-16 00:04:46,186] {taskinstance.py:1395} INFO - Marking task as SUCCESS. dag_id=BRONZER_GET_STONCKS, task_id=BRONZE_STONCKS_MSFT, execution_date=20240327T000000, start_date=20240916T030444, end_date=20240916T030446
[2024-09-16 00:04:46,247] {local_task_job.py:156} INFO - Task exited with return code 0
[2024-09-16 00:04:46,373] {local_task_job.py:273} INFO - 0 downstream tasks scheduled from follow-on schedule check
[2024-09-16 00:15:54,753] {taskinstance.py:1159} INFO - Dependencies all met for <TaskInstance: BRONZER_GET_STONCKS.BRONZE_STONCKS_MSFT scheduled__2024-03-27T00:00:00+00:00 [queued]>
[2024-09-16 00:15:54,782] {taskinstance.py:1159} INFO - Dependencies all met for <TaskInstance: BRONZER_GET_STONCKS.BRONZE_STONCKS_MSFT scheduled__2024-03-27T00:00:00+00:00 [queued]>
[2024-09-16 00:15:54,782] {taskinstance.py:1356} INFO - 
--------------------------------------------------------------------------------
[2024-09-16 00:15:54,783] {taskinstance.py:1357} INFO - Starting attempt 1 of 1
[2024-09-16 00:15:54,783] {taskinstance.py:1358} INFO - 
--------------------------------------------------------------------------------
[2024-09-16 00:15:54,856] {taskinstance.py:1377} INFO - Executing <Task(_PythonDecoratedOperator): BRONZE_STONCKS_MSFT> on 2024-03-27 00:00:00+00:00
[2024-09-16 00:15:54,864] {standard_task_runner.py:52} INFO - Started process 56993 to run task
[2024-09-16 00:15:54,894] {standard_task_runner.py:79} INFO - Running: ['airflow', 'tasks', 'run', 'BRONZER_GET_STONCKS', 'BRONZE_STONCKS_MSFT', 'scheduled__2024-03-27T00:00:00+00:00', '--job-id', '2246', '--raw', '--subdir', 'DAGS_FOLDER/get_stocks.py', '--cfg-path', '/tmp/tmp7ld_14wq', '--error-file', '/tmp/tmppruojbxn']
[2024-09-16 00:15:54,897] {standard_task_runner.py:80} INFO - Job 2246: Subtask BRONZE_STONCKS_MSFT
[2024-09-16 00:15:55,379] {task_command.py:370} INFO - Running <TaskInstance: BRONZER_GET_STONCKS.BRONZE_STONCKS_MSFT scheduled__2024-03-27T00:00:00+00:00 [running]> on host kaiwang.
[2024-09-16 00:15:55,746] {taskinstance.py:1569} INFO - Exporting the following env vars:
AIRFLOW_CTX_DAG_OWNER=airflow
AIRFLOW_CTX_DAG_ID=BRONZER_GET_STONCKS
AIRFLOW_CTX_TASK_ID=BRONZE_STONCKS_MSFT
AIRFLOW_CTX_EXECUTION_DATE=2024-03-27T00:00:00+00:00
AIRFLOW_CTX_TRY_NUMBER=1
AIRFLOW_CTX_DAG_RUN_ID=scheduled__2024-03-27T00:00:00+00:00
[2024-09-16 00:15:56,418] {python.py:173} INFO - Done. Returned value was: None
[2024-09-16 00:15:56,433] {taskinstance.py:1395} INFO - Marking task as SUCCESS. dag_id=BRONZER_GET_STONCKS, task_id=BRONZE_STONCKS_MSFT, execution_date=20240327T000000, start_date=20240916T031554, end_date=20240916T031556
[2024-09-16 00:15:56,472] {local_task_job.py:156} INFO - Task exited with return code 0
[2024-09-16 00:15:56,507] {local_task_job.py:273} INFO - 0 downstream tasks scheduled from follow-on schedule check
