[2024-09-16 00:05:11,496] {taskinstance.py:1159} INFO - Dependencies all met for <TaskInstance: BRONZER_GET_CRIPTOS.BRONZE_CRIPTO_DOGE scheduled__2024-04-04T00:00:00+00:00 [queued]>
[2024-09-16 00:05:11,527] {taskinstance.py:1159} INFO - Dependencies all met for <TaskInstance: BRONZER_GET_CRIPTOS.BRONZE_CRIPTO_DOGE scheduled__2024-04-04T00:00:00+00:00 [queued]>
[2024-09-16 00:05:11,527] {taskinstance.py:1356} INFO - 
--------------------------------------------------------------------------------
[2024-09-16 00:05:11,527] {taskinstance.py:1357} INFO - Starting attempt 1 of 1
[2024-09-16 00:05:11,527] {taskinstance.py:1358} INFO - 
--------------------------------------------------------------------------------
[2024-09-16 00:05:11,595] {taskinstance.py:1377} INFO - Executing <Task(_PythonDecoratedOperator): BRONZE_CRIPTO_DOGE> on 2024-04-04 00:00:00+00:00
[2024-09-16 00:05:11,611] {standard_task_runner.py:52} INFO - Started process 28035 to run task
[2024-09-16 00:05:11,630] {standard_task_runner.py:79} INFO - Running: ['airflow', 'tasks', 'run', 'BRONZER_GET_CRIPTOS', 'BRONZE_CRIPTO_DOGE', 'scheduled__2024-04-04T00:00:00+00:00', '--job-id', '578', '--raw', '--subdir', 'DAGS_FOLDER/get_cripto.py', '--cfg-path', '/tmp/tmpclvldz8p', '--error-file', '/tmp/tmpzzbrbgmu']
[2024-09-16 00:05:11,644] {standard_task_runner.py:80} INFO - Job 578: Subtask BRONZE_CRIPTO_DOGE
[2024-09-16 00:05:11,932] {task_command.py:370} INFO - Running <TaskInstance: BRONZER_GET_CRIPTOS.BRONZE_CRIPTO_DOGE scheduled__2024-04-04T00:00:00+00:00 [running]> on host kaiwang.
[2024-09-16 00:05:12,397] {taskinstance.py:1569} INFO - Exporting the following env vars:
AIRFLOW_CTX_DAG_OWNER=airflow
AIRFLOW_CTX_DAG_ID=BRONZER_GET_CRIPTOS
AIRFLOW_CTX_TASK_ID=BRONZE_CRIPTO_DOGE
AIRFLOW_CTX_EXECUTION_DATE=2024-04-04T00:00:00+00:00
AIRFLOW_CTX_TRY_NUMBER=1
AIRFLOW_CTX_DAG_RUN_ID=scheduled__2024-04-04T00:00:00+00:00
[2024-09-16 00:05:14,882] {history.py:122} ERROR - $DOGE: possibly delisted; no timezone found
[2024-09-16 00:05:14,885] {python.py:173} INFO - Done. Returned value was: None
[2024-09-16 00:05:14,908] {taskinstance.py:1395} INFO - Marking task as SUCCESS. dag_id=BRONZER_GET_CRIPTOS, task_id=BRONZE_CRIPTO_DOGE, execution_date=20240404T000000, start_date=20240916T030511, end_date=20240916T030514
[2024-09-16 00:05:14,956] {local_task_job.py:156} INFO - Task exited with return code 0
[2024-09-16 00:05:15,091] {local_task_job.py:273} INFO - 0 downstream tasks scheduled from follow-on schedule check
[2024-09-16 00:16:24,850] {taskinstance.py:1159} INFO - Dependencies all met for <TaskInstance: BRONZER_GET_CRIPTOS.BRONZE_CRIPTO_DOGE scheduled__2024-04-04T00:00:00+00:00 [queued]>
[2024-09-16 00:16:24,889] {taskinstance.py:1159} INFO - Dependencies all met for <TaskInstance: BRONZER_GET_CRIPTOS.BRONZE_CRIPTO_DOGE scheduled__2024-04-04T00:00:00+00:00 [queued]>
[2024-09-16 00:16:24,889] {taskinstance.py:1356} INFO - 
--------------------------------------------------------------------------------
[2024-09-16 00:16:24,902] {taskinstance.py:1357} INFO - Starting attempt 1 of 1
[2024-09-16 00:16:24,902] {taskinstance.py:1358} INFO - 
--------------------------------------------------------------------------------
[2024-09-16 00:16:24,988] {taskinstance.py:1377} INFO - Executing <Task(_PythonDecoratedOperator): BRONZE_CRIPTO_DOGE> on 2024-04-04 00:00:00+00:00
[2024-09-16 00:16:25,036] {standard_task_runner.py:79} INFO - Running: ['airflow', 'tasks', 'run', 'BRONZER_GET_CRIPTOS', 'BRONZE_CRIPTO_DOGE', 'scheduled__2024-04-04T00:00:00+00:00', '--job-id', '2386', '--raw', '--subdir', 'DAGS_FOLDER/get_cripto.py', '--cfg-path', '/tmp/tmp_i905fhu', '--error-file', '/tmp/tmpn7fl_s1m']
[2024-09-16 00:16:25,038] {standard_task_runner.py:80} INFO - Job 2386: Subtask BRONZE_CRIPTO_DOGE
[2024-09-16 00:16:24,997] {standard_task_runner.py:52} INFO - Started process 59441 to run task
[2024-09-16 00:16:25,376] {task_command.py:370} INFO - Running <TaskInstance: BRONZER_GET_CRIPTOS.BRONZE_CRIPTO_DOGE scheduled__2024-04-04T00:00:00+00:00 [running]> on host kaiwang.
[2024-09-16 00:16:25,821] {taskinstance.py:1569} INFO - Exporting the following env vars:
AIRFLOW_CTX_DAG_OWNER=airflow
AIRFLOW_CTX_DAG_ID=BRONZER_GET_CRIPTOS
AIRFLOW_CTX_TASK_ID=BRONZE_CRIPTO_DOGE
AIRFLOW_CTX_EXECUTION_DATE=2024-04-04T00:00:00+00:00
AIRFLOW_CTX_TRY_NUMBER=1
AIRFLOW_CTX_DAG_RUN_ID=scheduled__2024-04-04T00:00:00+00:00
[2024-09-16 00:16:28,899] {history.py:122} ERROR - $DOGE: possibly delisted; no timezone found
[2024-09-16 00:16:28,905] {python.py:173} INFO - Done. Returned value was: None
[2024-09-16 00:16:28,937] {taskinstance.py:1395} INFO - Marking task as SUCCESS. dag_id=BRONZER_GET_CRIPTOS, task_id=BRONZE_CRIPTO_DOGE, execution_date=20240404T000000, start_date=20240916T031624, end_date=20240916T031628
[2024-09-16 00:16:28,989] {local_task_job.py:156} INFO - Task exited with return code 0
[2024-09-16 00:16:29,152] {local_task_job.py:273} INFO - 0 downstream tasks scheduled from follow-on schedule check
