[2024-09-16 00:03:08,084] {taskinstance.py:1159} INFO - Dependencies all met for <TaskInstance: BRONZER_GET_CRIPTOS.BRONZE_CRIPTO_AVAX scheduled__2024-01-06T00:00:00+00:00 [queued]>
[2024-09-16 00:03:08,154] {taskinstance.py:1159} INFO - Dependencies all met for <TaskInstance: BRONZER_GET_CRIPTOS.BRONZE_CRIPTO_AVAX scheduled__2024-01-06T00:00:00+00:00 [queued]>
[2024-09-16 00:03:08,154] {taskinstance.py:1356} INFO - 
--------------------------------------------------------------------------------
[2024-09-16 00:03:08,154] {taskinstance.py:1357} INFO - Starting attempt 1 of 1
[2024-09-16 00:03:08,154] {taskinstance.py:1358} INFO - 
--------------------------------------------------------------------------------
[2024-09-16 00:03:08,270] {taskinstance.py:1377} INFO - Executing <Task(_PythonDecoratedOperator): BRONZE_CRIPTO_AVAX> on 2024-01-06 00:00:00+00:00
[2024-09-16 00:03:08,277] {standard_task_runner.py:52} INFO - Started process 18761 to run task
[2024-09-16 00:03:08,322] {standard_task_runner.py:79} INFO - Running: ['airflow', 'tasks', 'run', 'BRONZER_GET_CRIPTOS', 'BRONZE_CRIPTO_AVAX', 'scheduled__2024-01-06T00:00:00+00:00', '--job-id', '38', '--raw', '--subdir', 'DAGS_FOLDER/get_cripto.py', '--cfg-path', '/tmp/tmpyxz6uta8', '--error-file', '/tmp/tmpjfpl0cuc']
[2024-09-16 00:03:08,324] {standard_task_runner.py:80} INFO - Job 38: Subtask BRONZE_CRIPTO_AVAX
[2024-09-16 00:03:08,815] {task_command.py:370} INFO - Running <TaskInstance: BRONZER_GET_CRIPTOS.BRONZE_CRIPTO_AVAX scheduled__2024-01-06T00:00:00+00:00 [running]> on host kaiwang.
[2024-09-16 00:03:09,471] {taskinstance.py:1569} INFO - Exporting the following env vars:
AIRFLOW_CTX_DAG_OWNER=airflow
AIRFLOW_CTX_DAG_ID=BRONZER_GET_CRIPTOS
AIRFLOW_CTX_TASK_ID=BRONZE_CRIPTO_AVAX
AIRFLOW_CTX_EXECUTION_DATE=2024-01-06T00:00:00+00:00
AIRFLOW_CTX_TRY_NUMBER=1
AIRFLOW_CTX_DAG_RUN_ID=scheduled__2024-01-06T00:00:00+00:00
[2024-09-16 00:03:13,243] {history.py:122} ERROR - $AVAX: possibly delisted; no timezone found
[2024-09-16 00:03:13,248] {python.py:173} INFO - Done. Returned value was: None
[2024-09-16 00:03:13,399] {taskinstance.py:1395} INFO - Marking task as SUCCESS. dag_id=BRONZER_GET_CRIPTOS, task_id=BRONZE_CRIPTO_AVAX, execution_date=20240106T000000, start_date=20240916T030308, end_date=20240916T030313
[2024-09-16 00:03:13,492] {local_task_job.py:156} INFO - Task exited with return code 0
[2024-09-16 00:03:13,609] {local_task_job.py:273} INFO - 0 downstream tasks scheduled from follow-on schedule check
[2024-09-16 00:12:51,605] {taskinstance.py:1159} INFO - Dependencies all met for <TaskInstance: BRONZER_GET_CRIPTOS.BRONZE_CRIPTO_AVAX scheduled__2024-01-06T00:00:00+00:00 [queued]>
[2024-09-16 00:12:51,637] {taskinstance.py:1159} INFO - Dependencies all met for <TaskInstance: BRONZER_GET_CRIPTOS.BRONZE_CRIPTO_AVAX scheduled__2024-01-06T00:00:00+00:00 [queued]>
[2024-09-16 00:12:51,637] {taskinstance.py:1356} INFO - 
--------------------------------------------------------------------------------
[2024-09-16 00:12:51,637] {taskinstance.py:1357} INFO - Starting attempt 1 of 1
[2024-09-16 00:12:51,637] {taskinstance.py:1358} INFO - 
--------------------------------------------------------------------------------
[2024-09-16 00:12:51,722] {taskinstance.py:1377} INFO - Executing <Task(_PythonDecoratedOperator): BRONZE_CRIPTO_AVAX> on 2024-01-06 00:00:00+00:00
[2024-09-16 00:12:51,759] {standard_task_runner.py:79} INFO - Running: ['airflow', 'tasks', 'run', 'BRONZER_GET_CRIPTOS', 'BRONZE_CRIPTO_AVAX', 'scheduled__2024-01-06T00:00:00+00:00', '--job-id', '1527', '--raw', '--subdir', 'DAGS_FOLDER/get_cripto.py', '--cfg-path', '/tmp/tmp_mhme319', '--error-file', '/tmp/tmprfpojhqj']
[2024-09-16 00:12:51,761] {standard_task_runner.py:80} INFO - Job 1527: Subtask BRONZE_CRIPTO_AVAX
[2024-09-16 00:12:51,729] {standard_task_runner.py:52} INFO - Started process 44406 to run task
[2024-09-16 00:12:52,159] {task_command.py:370} INFO - Running <TaskInstance: BRONZER_GET_CRIPTOS.BRONZE_CRIPTO_AVAX scheduled__2024-01-06T00:00:00+00:00 [running]> on host kaiwang.
[2024-09-16 00:12:52,471] {taskinstance.py:1569} INFO - Exporting the following env vars:
AIRFLOW_CTX_DAG_OWNER=airflow
AIRFLOW_CTX_DAG_ID=BRONZER_GET_CRIPTOS
AIRFLOW_CTX_TASK_ID=BRONZE_CRIPTO_AVAX
AIRFLOW_CTX_EXECUTION_DATE=2024-01-06T00:00:00+00:00
AIRFLOW_CTX_TRY_NUMBER=1
AIRFLOW_CTX_DAG_RUN_ID=scheduled__2024-01-06T00:00:00+00:00
[2024-09-16 00:12:55,986] {history.py:122} ERROR - $AVAX: possibly delisted; no timezone found
[2024-09-16 00:12:55,990] {python.py:173} INFO - Done. Returned value was: None
[2024-09-16 00:12:56,048] {taskinstance.py:1395} INFO - Marking task as SUCCESS. dag_id=BRONZER_GET_CRIPTOS, task_id=BRONZE_CRIPTO_AVAX, execution_date=20240106T000000, start_date=20240916T031251, end_date=20240916T031256
[2024-09-16 00:12:56,220] {local_task_job.py:156} INFO - Task exited with return code 0
[2024-09-16 00:12:56,588] {local_task_job.py:273} INFO - 0 downstream tasks scheduled from follow-on schedule check
[2024-09-16 00:14:26,705] {taskinstance.py:1159} INFO - Dependencies all met for <TaskInstance: BRONZER_GET_CRIPTOS.BRONZE_CRIPTO_AVAX scheduled__2024-01-06T00:00:00+00:00 [queued]>
[2024-09-16 00:14:26,798] {taskinstance.py:1159} INFO - Dependencies all met for <TaskInstance: BRONZER_GET_CRIPTOS.BRONZE_CRIPTO_AVAX scheduled__2024-01-06T00:00:00+00:00 [queued]>
[2024-09-16 00:14:26,798] {taskinstance.py:1356} INFO - 
--------------------------------------------------------------------------------
[2024-09-16 00:14:26,798] {taskinstance.py:1357} INFO - Starting attempt 1 of 1
[2024-09-16 00:14:26,798] {taskinstance.py:1358} INFO - 
--------------------------------------------------------------------------------
[2024-09-16 00:14:26,853] {taskinstance.py:1377} INFO - Executing <Task(_PythonDecoratedOperator): BRONZE_CRIPTO_AVAX> on 2024-01-06 00:00:00+00:00
[2024-09-16 00:14:26,859] {standard_task_runner.py:52} INFO - Started process 49769 to run task
[2024-09-16 00:14:26,889] {standard_task_runner.py:79} INFO - Running: ['airflow', 'tasks', 'run', 'BRONZER_GET_CRIPTOS', 'BRONZE_CRIPTO_AVAX', 'scheduled__2024-01-06T00:00:00+00:00', '--job-id', '1820', '--raw', '--subdir', 'DAGS_FOLDER/get_cripto.py', '--cfg-path', '/tmp/tmpr_xv8np8', '--error-file', '/tmp/tmphxfadsl7']
[2024-09-16 00:14:26,890] {standard_task_runner.py:80} INFO - Job 1820: Subtask BRONZE_CRIPTO_AVAX
[2024-09-16 00:14:27,273] {task_command.py:370} INFO - Running <TaskInstance: BRONZER_GET_CRIPTOS.BRONZE_CRIPTO_AVAX scheduled__2024-01-06T00:00:00+00:00 [running]> on host kaiwang.
[2024-09-16 00:14:27,850] {taskinstance.py:1569} INFO - Exporting the following env vars:
AIRFLOW_CTX_DAG_OWNER=airflow
AIRFLOW_CTX_DAG_ID=BRONZER_GET_CRIPTOS
AIRFLOW_CTX_TASK_ID=BRONZE_CRIPTO_AVAX
AIRFLOW_CTX_EXECUTION_DATE=2024-01-06T00:00:00+00:00
AIRFLOW_CTX_TRY_NUMBER=1
AIRFLOW_CTX_DAG_RUN_ID=scheduled__2024-01-06T00:00:00+00:00
[2024-09-16 00:14:31,922] {history.py:122} ERROR - $AVAX: possibly delisted; no timezone found
[2024-09-16 00:14:31,926] {python.py:173} INFO - Done. Returned value was: None
[2024-09-16 00:14:32,133] {taskinstance.py:1395} INFO - Marking task as SUCCESS. dag_id=BRONZER_GET_CRIPTOS, task_id=BRONZE_CRIPTO_AVAX, execution_date=20240106T000000, start_date=20240916T031426, end_date=20240916T031432
[2024-09-16 00:14:32,193] {local_task_job.py:156} INFO - Task exited with return code 0
[2024-09-16 00:14:32,633] {local_task_job.py:273} INFO - 0 downstream tasks scheduled from follow-on schedule check
