[2024-09-16 00:05:04,355] {taskinstance.py:1159} INFO - Dependencies all met for <TaskInstance: BRONZER_GET_CRIPTOS.BRONZE_CRIPTO_DOGE scheduled__2024-03-29T00:00:00+00:00 [queued]>
[2024-09-16 00:05:04,492] {taskinstance.py:1159} INFO - Dependencies all met for <TaskInstance: BRONZER_GET_CRIPTOS.BRONZE_CRIPTO_DOGE scheduled__2024-03-29T00:00:00+00:00 [queued]>
[2024-09-16 00:05:04,492] {taskinstance.py:1356} INFO - 
--------------------------------------------------------------------------------
[2024-09-16 00:05:04,492] {taskinstance.py:1357} INFO - Starting attempt 1 of 1
[2024-09-16 00:05:04,492] {taskinstance.py:1358} INFO - 
--------------------------------------------------------------------------------
[2024-09-16 00:05:04,653] {taskinstance.py:1377} INFO - Executing <Task(_PythonDecoratedOperator): BRONZE_CRIPTO_DOGE> on 2024-03-29 00:00:00+00:00
[2024-09-16 00:05:04,746] {standard_task_runner.py:52} INFO - Started process 27479 to run task
[2024-09-16 00:05:04,778] {standard_task_runner.py:79} INFO - Running: ['airflow', 'tasks', 'run', 'BRONZER_GET_CRIPTOS', 'BRONZE_CRIPTO_DOGE', 'scheduled__2024-03-29T00:00:00+00:00', '--job-id', '550', '--raw', '--subdir', 'DAGS_FOLDER/get_cripto.py', '--cfg-path', '/tmp/tmp9zzdxz_i', '--error-file', '/tmp/tmpnc4qws2x']
[2024-09-16 00:05:04,832] {standard_task_runner.py:80} INFO - Job 550: Subtask BRONZE_CRIPTO_DOGE
[2024-09-16 00:05:05,421] {task_command.py:370} INFO - Running <TaskInstance: BRONZER_GET_CRIPTOS.BRONZE_CRIPTO_DOGE scheduled__2024-03-29T00:00:00+00:00 [running]> on host kaiwang.
[2024-09-16 00:05:05,865] {taskinstance.py:1569} INFO - Exporting the following env vars:
AIRFLOW_CTX_DAG_OWNER=airflow
AIRFLOW_CTX_DAG_ID=BRONZER_GET_CRIPTOS
AIRFLOW_CTX_TASK_ID=BRONZE_CRIPTO_DOGE
AIRFLOW_CTX_EXECUTION_DATE=2024-03-29T00:00:00+00:00
AIRFLOW_CTX_TRY_NUMBER=1
AIRFLOW_CTX_DAG_RUN_ID=scheduled__2024-03-29T00:00:00+00:00
[2024-09-16 00:05:09,282] {history.py:122} ERROR - $DOGE: possibly delisted; no timezone found
[2024-09-16 00:05:09,288] {python.py:173} INFO - Done. Returned value was: None
[2024-09-16 00:05:09,457] {taskinstance.py:1395} INFO - Marking task as SUCCESS. dag_id=BRONZER_GET_CRIPTOS, task_id=BRONZE_CRIPTO_DOGE, execution_date=20240329T000000, start_date=20240916T030504, end_date=20240916T030509
[2024-09-16 00:05:09,546] {local_task_job.py:156} INFO - Task exited with return code 0
[2024-09-16 00:05:09,722] {local_task_job.py:273} INFO - 0 downstream tasks scheduled from follow-on schedule check
[2024-09-16 00:16:17,051] {taskinstance.py:1159} INFO - Dependencies all met for <TaskInstance: BRONZER_GET_CRIPTOS.BRONZE_CRIPTO_DOGE scheduled__2024-03-29T00:00:00+00:00 [queued]>
[2024-09-16 00:16:17,068] {taskinstance.py:1159} INFO - Dependencies all met for <TaskInstance: BRONZER_GET_CRIPTOS.BRONZE_CRIPTO_DOGE scheduled__2024-03-29T00:00:00+00:00 [queued]>
[2024-09-16 00:16:17,069] {taskinstance.py:1356} INFO - 
--------------------------------------------------------------------------------
[2024-09-16 00:16:17,069] {taskinstance.py:1357} INFO - Starting attempt 1 of 1
[2024-09-16 00:16:17,069] {taskinstance.py:1358} INFO - 
--------------------------------------------------------------------------------
[2024-09-16 00:16:17,093] {taskinstance.py:1377} INFO - Executing <Task(_PythonDecoratedOperator): BRONZE_CRIPTO_DOGE> on 2024-03-29 00:00:00+00:00
[2024-09-16 00:16:17,126] {standard_task_runner.py:52} INFO - Started process 58839 to run task
[2024-09-16 00:16:17,156] {standard_task_runner.py:79} INFO - Running: ['airflow', 'tasks', 'run', 'BRONZER_GET_CRIPTOS', 'BRONZE_CRIPTO_DOGE', 'scheduled__2024-03-29T00:00:00+00:00', '--job-id', '2356', '--raw', '--subdir', 'DAGS_FOLDER/get_cripto.py', '--cfg-path', '/tmp/tmpnh9ioti1', '--error-file', '/tmp/tmpej2lxd7m']
[2024-09-16 00:16:17,158] {standard_task_runner.py:80} INFO - Job 2356: Subtask BRONZE_CRIPTO_DOGE
[2024-09-16 00:16:17,433] {task_command.py:370} INFO - Running <TaskInstance: BRONZER_GET_CRIPTOS.BRONZE_CRIPTO_DOGE scheduled__2024-03-29T00:00:00+00:00 [running]> on host kaiwang.
[2024-09-16 00:16:17,914] {taskinstance.py:1569} INFO - Exporting the following env vars:
AIRFLOW_CTX_DAG_OWNER=airflow
AIRFLOW_CTX_DAG_ID=BRONZER_GET_CRIPTOS
AIRFLOW_CTX_TASK_ID=BRONZE_CRIPTO_DOGE
AIRFLOW_CTX_EXECUTION_DATE=2024-03-29T00:00:00+00:00
AIRFLOW_CTX_TRY_NUMBER=1
AIRFLOW_CTX_DAG_RUN_ID=scheduled__2024-03-29T00:00:00+00:00
[2024-09-16 00:16:21,502] {history.py:122} ERROR - $DOGE: possibly delisted; no timezone found
[2024-09-16 00:16:21,508] {python.py:173} INFO - Done. Returned value was: None
[2024-09-16 00:16:21,605] {taskinstance.py:1395} INFO - Marking task as SUCCESS. dag_id=BRONZER_GET_CRIPTOS, task_id=BRONZE_CRIPTO_DOGE, execution_date=20240329T000000, start_date=20240916T031617, end_date=20240916T031621
[2024-09-16 00:16:21,667] {local_task_job.py:156} INFO - Task exited with return code 0
[2024-09-16 00:16:22,014] {local_task_job.py:273} INFO - 0 downstream tasks scheduled from follow-on schedule check
