[2024-09-16 00:02:56,563] {taskinstance.py:1159} INFO - Dependencies all met for <TaskInstance: BRONZER_GET_CRIPTOS.BRONZE_CRIPTO_ETH scheduled__2024-01-02T00:00:00+00:00 [queued]>
[2024-09-16 00:02:56,615] {taskinstance.py:1159} INFO - Dependencies all met for <TaskInstance: BRONZER_GET_CRIPTOS.BRONZE_CRIPTO_ETH scheduled__2024-01-02T00:00:00+00:00 [queued]>
[2024-09-16 00:02:56,616] {taskinstance.py:1356} INFO - 
--------------------------------------------------------------------------------
[2024-09-16 00:02:56,616] {taskinstance.py:1357} INFO - Starting attempt 1 of 1
[2024-09-16 00:02:56,616] {taskinstance.py:1358} INFO - 
--------------------------------------------------------------------------------
[2024-09-16 00:02:56,679] {taskinstance.py:1377} INFO - Executing <Task(_PythonDecoratedOperator): BRONZE_CRIPTO_ETH> on 2024-01-02 00:00:00+00:00
[2024-09-16 00:02:56,695] {standard_task_runner.py:52} INFO - Started process 18128 to run task
[2024-09-16 00:02:56,718] {standard_task_runner.py:79} INFO - Running: ['airflow', 'tasks', 'run', 'BRONZER_GET_CRIPTOS', 'BRONZE_CRIPTO_ETH', 'scheduled__2024-01-02T00:00:00+00:00', '--job-id', '7', '--raw', '--subdir', 'DAGS_FOLDER/get_cripto.py', '--cfg-path', '/tmp/tmpmhoqxo9s', '--error-file', '/tmp/tmp424ofc96']
[2024-09-16 00:02:56,743] {standard_task_runner.py:80} INFO - Job 7: Subtask BRONZE_CRIPTO_ETH
[2024-09-16 00:02:57,190] {task_command.py:370} INFO - Running <TaskInstance: BRONZER_GET_CRIPTOS.BRONZE_CRIPTO_ETH scheduled__2024-01-02T00:00:00+00:00 [running]> on host kaiwang.
[2024-09-16 00:02:57,491] {taskinstance.py:1569} INFO - Exporting the following env vars:
AIRFLOW_CTX_DAG_OWNER=airflow
AIRFLOW_CTX_DAG_ID=BRONZER_GET_CRIPTOS
AIRFLOW_CTX_TASK_ID=BRONZE_CRIPTO_ETH
AIRFLOW_CTX_EXECUTION_DATE=2024-01-02T00:00:00+00:00
AIRFLOW_CTX_TRY_NUMBER=1
AIRFLOW_CTX_DAG_RUN_ID=scheduled__2024-01-02T00:00:00+00:00
[2024-09-16 00:03:00,967] {history.py:244} ERROR - $ETH: possibly delisted; no price data found  (1h 2023-12-30 -> 2024-01-02) (Yahoo error = "Data doesn't exist for startDate = 1703912400, endDate = 1704171600")
[2024-09-16 00:03:01,027] {python.py:173} INFO - Done. Returned value was: None
[2024-09-16 00:03:01,105] {taskinstance.py:1395} INFO - Marking task as SUCCESS. dag_id=BRONZER_GET_CRIPTOS, task_id=BRONZE_CRIPTO_ETH, execution_date=20240102T000000, start_date=20240916T030256, end_date=20240916T030301
[2024-09-16 00:03:01,218] {local_task_job.py:156} INFO - Task exited with return code 0
[2024-09-16 00:03:01,388] {local_task_job.py:273} INFO - 0 downstream tasks scheduled from follow-on schedule check
[2024-09-16 00:12:42,031] {taskinstance.py:1159} INFO - Dependencies all met for <TaskInstance: BRONZER_GET_CRIPTOS.BRONZE_CRIPTO_ETH scheduled__2024-01-02T00:00:00+00:00 [queued]>
[2024-09-16 00:12:42,049] {taskinstance.py:1159} INFO - Dependencies all met for <TaskInstance: BRONZER_GET_CRIPTOS.BRONZE_CRIPTO_ETH scheduled__2024-01-02T00:00:00+00:00 [queued]>
[2024-09-16 00:12:42,050] {taskinstance.py:1356} INFO - 
--------------------------------------------------------------------------------
[2024-09-16 00:12:42,050] {taskinstance.py:1357} INFO - Starting attempt 1 of 1
[2024-09-16 00:12:42,050] {taskinstance.py:1358} INFO - 
--------------------------------------------------------------------------------
[2024-09-16 00:12:42,077] {taskinstance.py:1377} INFO - Executing <Task(_PythonDecoratedOperator): BRONZE_CRIPTO_ETH> on 2024-01-02 00:00:00+00:00
[2024-09-16 00:12:42,081] {standard_task_runner.py:52} INFO - Started process 43664 to run task
[2024-09-16 00:12:42,107] {standard_task_runner.py:79} INFO - Running: ['airflow', 'tasks', 'run', 'BRONZER_GET_CRIPTOS', 'BRONZE_CRIPTO_ETH', 'scheduled__2024-01-02T00:00:00+00:00', '--job-id', '1476', '--raw', '--subdir', 'DAGS_FOLDER/get_cripto.py', '--cfg-path', '/tmp/tmpufjedxjd', '--error-file', '/tmp/tmp342iz7ro']
[2024-09-16 00:12:42,108] {standard_task_runner.py:80} INFO - Job 1476: Subtask BRONZE_CRIPTO_ETH
[2024-09-16 00:12:42,335] {task_command.py:370} INFO - Running <TaskInstance: BRONZER_GET_CRIPTOS.BRONZE_CRIPTO_ETH scheduled__2024-01-02T00:00:00+00:00 [running]> on host kaiwang.
[2024-09-16 00:12:42,599] {taskinstance.py:1569} INFO - Exporting the following env vars:
AIRFLOW_CTX_DAG_OWNER=airflow
AIRFLOW_CTX_DAG_ID=BRONZER_GET_CRIPTOS
AIRFLOW_CTX_TASK_ID=BRONZE_CRIPTO_ETH
AIRFLOW_CTX_EXECUTION_DATE=2024-01-02T00:00:00+00:00
AIRFLOW_CTX_TRY_NUMBER=1
AIRFLOW_CTX_DAG_RUN_ID=scheduled__2024-01-02T00:00:00+00:00
[2024-09-16 00:12:44,963] {history.py:244} ERROR - $ETH: possibly delisted; no price data found  (1h 2023-12-30 -> 2024-01-02) (Yahoo error = "Data doesn't exist for startDate = 1703912400, endDate = 1704171600")
[2024-09-16 00:12:44,967] {python.py:173} INFO - Done. Returned value was: None
[2024-09-16 00:12:45,207] {taskinstance.py:1395} INFO - Marking task as SUCCESS. dag_id=BRONZER_GET_CRIPTOS, task_id=BRONZE_CRIPTO_ETH, execution_date=20240102T000000, start_date=20240916T031242, end_date=20240916T031245
[2024-09-16 00:12:45,274] {local_task_job.py:156} INFO - Task exited with return code 0
[2024-09-16 00:12:45,380] {local_task_job.py:273} INFO - 0 downstream tasks scheduled from follow-on schedule check
[2024-09-16 00:14:17,529] {taskinstance.py:1159} INFO - Dependencies all met for <TaskInstance: BRONZER_GET_CRIPTOS.BRONZE_CRIPTO_ETH scheduled__2024-01-02T00:00:00+00:00 [queued]>
[2024-09-16 00:14:17,555] {taskinstance.py:1159} INFO - Dependencies all met for <TaskInstance: BRONZER_GET_CRIPTOS.BRONZE_CRIPTO_ETH scheduled__2024-01-02T00:00:00+00:00 [queued]>
[2024-09-16 00:14:17,556] {taskinstance.py:1356} INFO - 
--------------------------------------------------------------------------------
[2024-09-16 00:14:17,556] {taskinstance.py:1357} INFO - Starting attempt 1 of 1
[2024-09-16 00:14:17,556] {taskinstance.py:1358} INFO - 
--------------------------------------------------------------------------------
[2024-09-16 00:14:17,672] {taskinstance.py:1377} INFO - Executing <Task(_PythonDecoratedOperator): BRONZE_CRIPTO_ETH> on 2024-01-02 00:00:00+00:00
[2024-09-16 00:14:17,680] {standard_task_runner.py:52} INFO - Started process 49166 to run task
[2024-09-16 00:14:17,709] {standard_task_runner.py:79} INFO - Running: ['airflow', 'tasks', 'run', 'BRONZER_GET_CRIPTOS', 'BRONZE_CRIPTO_ETH', 'scheduled__2024-01-02T00:00:00+00:00', '--job-id', '1787', '--raw', '--subdir', 'DAGS_FOLDER/get_cripto.py', '--cfg-path', '/tmp/tmpd65_dxa8', '--error-file', '/tmp/tmpin51l3m2']
[2024-09-16 00:14:17,710] {standard_task_runner.py:80} INFO - Job 1787: Subtask BRONZE_CRIPTO_ETH
[2024-09-16 00:14:18,204] {task_command.py:370} INFO - Running <TaskInstance: BRONZER_GET_CRIPTOS.BRONZE_CRIPTO_ETH scheduled__2024-01-02T00:00:00+00:00 [running]> on host kaiwang.
[2024-09-16 00:14:18,626] {taskinstance.py:1569} INFO - Exporting the following env vars:
AIRFLOW_CTX_DAG_OWNER=airflow
AIRFLOW_CTX_DAG_ID=BRONZER_GET_CRIPTOS
AIRFLOW_CTX_TASK_ID=BRONZE_CRIPTO_ETH
AIRFLOW_CTX_EXECUTION_DATE=2024-01-02T00:00:00+00:00
AIRFLOW_CTX_TRY_NUMBER=1
AIRFLOW_CTX_DAG_RUN_ID=scheduled__2024-01-02T00:00:00+00:00
[2024-09-16 00:14:21,575] {history.py:244} ERROR - $ETH: possibly delisted; no price data found  (1h 2023-12-30 -> 2024-01-02) (Yahoo error = "Data doesn't exist for startDate = 1703912400, endDate = 1704171600")
[2024-09-16 00:14:21,578] {python.py:173} INFO - Done. Returned value was: None
[2024-09-16 00:14:21,598] {taskinstance.py:1395} INFO - Marking task as SUCCESS. dag_id=BRONZER_GET_CRIPTOS, task_id=BRONZE_CRIPTO_ETH, execution_date=20240102T000000, start_date=20240916T031417, end_date=20240916T031421
[2024-09-16 00:14:21,640] {local_task_job.py:156} INFO - Task exited with return code 0
[2024-09-16 00:14:21,683] {local_task_job.py:273} INFO - 0 downstream tasks scheduled from follow-on schedule check
