[2024-09-16 00:04:10,425] {taskinstance.py:1159} INFO - Dependencies all met for <TaskInstance: BRONZER_GET_CRIPTOS.BRONZE_CRIPTO_ETH scheduled__2024-02-21T00:00:00+00:00 [queued]>
[2024-09-16 00:04:10,452] {taskinstance.py:1159} INFO - Dependencies all met for <TaskInstance: BRONZER_GET_CRIPTOS.BRONZE_CRIPTO_ETH scheduled__2024-02-21T00:00:00+00:00 [queued]>
[2024-09-16 00:04:10,452] {taskinstance.py:1356} INFO - 
--------------------------------------------------------------------------------
[2024-09-16 00:04:10,454] {taskinstance.py:1357} INFO - Starting attempt 1 of 1
[2024-09-16 00:04:10,455] {taskinstance.py:1358} INFO - 
--------------------------------------------------------------------------------
[2024-09-16 00:04:10,488] {taskinstance.py:1377} INFO - Executing <Task(_PythonDecoratedOperator): BRONZE_CRIPTO_ETH> on 2024-02-21 00:00:00+00:00
[2024-09-16 00:04:10,495] {standard_task_runner.py:52} INFO - Started process 23281 to run task
[2024-09-16 00:04:10,549] {standard_task_runner.py:79} INFO - Running: ['airflow', 'tasks', 'run', 'BRONZER_GET_CRIPTOS', 'BRONZE_CRIPTO_ETH', 'scheduled__2024-02-21T00:00:00+00:00', '--job-id', '303', '--raw', '--subdir', 'DAGS_FOLDER/get_cripto.py', '--cfg-path', '/tmp/tmp47nl3dta', '--error-file', '/tmp/tmpkoneribc']
[2024-09-16 00:04:10,550] {standard_task_runner.py:80} INFO - Job 303: Subtask BRONZE_CRIPTO_ETH
[2024-09-16 00:04:10,797] {task_command.py:370} INFO - Running <TaskInstance: BRONZER_GET_CRIPTOS.BRONZE_CRIPTO_ETH scheduled__2024-02-21T00:00:00+00:00 [running]> on host kaiwang.
[2024-09-16 00:04:11,253] {taskinstance.py:1569} INFO - Exporting the following env vars:
AIRFLOW_CTX_DAG_OWNER=airflow
AIRFLOW_CTX_DAG_ID=BRONZER_GET_CRIPTOS
AIRFLOW_CTX_TASK_ID=BRONZE_CRIPTO_ETH
AIRFLOW_CTX_EXECUTION_DATE=2024-02-21T00:00:00+00:00
AIRFLOW_CTX_TRY_NUMBER=1
AIRFLOW_CTX_DAG_RUN_ID=scheduled__2024-02-21T00:00:00+00:00
[2024-09-16 00:04:14,513] {history.py:244} ERROR - $ETH: possibly delisted; no price data found  (1h 2024-02-18 -> 2024-02-21) (Yahoo error = "Data doesn't exist for startDate = 1708232400, endDate = 1708491600")
[2024-09-16 00:04:14,517] {python.py:173} INFO - Done. Returned value was: None
[2024-09-16 00:04:14,744] {taskinstance.py:1395} INFO - Marking task as SUCCESS. dag_id=BRONZER_GET_CRIPTOS, task_id=BRONZE_CRIPTO_ETH, execution_date=20240221T000000, start_date=20240916T030410, end_date=20240916T030414
[2024-09-16 00:04:14,820] {local_task_job.py:156} INFO - Task exited with return code 0
[2024-09-16 00:04:14,992] {local_task_job.py:273} INFO - 0 downstream tasks scheduled from follow-on schedule check
[2024-09-16 00:15:23,418] {taskinstance.py:1159} INFO - Dependencies all met for <TaskInstance: BRONZER_GET_CRIPTOS.BRONZE_CRIPTO_ETH scheduled__2024-02-21T00:00:00+00:00 [queued]>
[2024-09-16 00:15:23,449] {taskinstance.py:1159} INFO - Dependencies all met for <TaskInstance: BRONZER_GET_CRIPTOS.BRONZE_CRIPTO_ETH scheduled__2024-02-21T00:00:00+00:00 [queued]>
[2024-09-16 00:15:23,450] {taskinstance.py:1356} INFO - 
--------------------------------------------------------------------------------
[2024-09-16 00:15:23,450] {taskinstance.py:1357} INFO - Starting attempt 1 of 1
[2024-09-16 00:15:23,450] {taskinstance.py:1358} INFO - 
--------------------------------------------------------------------------------
[2024-09-16 00:15:23,497] {taskinstance.py:1377} INFO - Executing <Task(_PythonDecoratedOperator): BRONZE_CRIPTO_ETH> on 2024-02-21 00:00:00+00:00
[2024-09-16 00:15:23,511] {standard_task_runner.py:52} INFO - Started process 54366 to run task
[2024-09-16 00:15:23,542] {standard_task_runner.py:79} INFO - Running: ['airflow', 'tasks', 'run', 'BRONZER_GET_CRIPTOS', 'BRONZE_CRIPTO_ETH', 'scheduled__2024-02-21T00:00:00+00:00', '--job-id', '2093', '--raw', '--subdir', 'DAGS_FOLDER/get_cripto.py', '--cfg-path', '/tmp/tmp3n5c7hxq', '--error-file', '/tmp/tmp5gb81k_a']
[2024-09-16 00:15:23,543] {standard_task_runner.py:80} INFO - Job 2093: Subtask BRONZE_CRIPTO_ETH
[2024-09-16 00:15:23,781] {task_command.py:370} INFO - Running <TaskInstance: BRONZER_GET_CRIPTOS.BRONZE_CRIPTO_ETH scheduled__2024-02-21T00:00:00+00:00 [running]> on host kaiwang.
[2024-09-16 00:15:24,062] {taskinstance.py:1569} INFO - Exporting the following env vars:
AIRFLOW_CTX_DAG_OWNER=airflow
AIRFLOW_CTX_DAG_ID=BRONZER_GET_CRIPTOS
AIRFLOW_CTX_TASK_ID=BRONZE_CRIPTO_ETH
AIRFLOW_CTX_EXECUTION_DATE=2024-02-21T00:00:00+00:00
AIRFLOW_CTX_TRY_NUMBER=1
AIRFLOW_CTX_DAG_RUN_ID=scheduled__2024-02-21T00:00:00+00:00
[2024-09-16 00:15:26,971] {history.py:244} ERROR - $ETH: possibly delisted; no price data found  (1h 2024-02-18 -> 2024-02-21) (Yahoo error = "Data doesn't exist for startDate = 1708232400, endDate = 1708491600")
[2024-09-16 00:15:26,973] {python.py:173} INFO - Done. Returned value was: None
[2024-09-16 00:15:26,987] {taskinstance.py:1395} INFO - Marking task as SUCCESS. dag_id=BRONZER_GET_CRIPTOS, task_id=BRONZE_CRIPTO_ETH, execution_date=20240221T000000, start_date=20240916T031523, end_date=20240916T031526
[2024-09-16 00:15:27,037] {local_task_job.py:156} INFO - Task exited with return code 0
[2024-09-16 00:15:27,071] {local_task_job.py:273} INFO - 0 downstream tasks scheduled from follow-on schedule check
