[2024-09-16 00:06:08,567] {taskinstance.py:1159} INFO - Dependencies all met for <TaskInstance: BRONZER_GET_CRIPTOS.BRONZE_CRIPTO_ETH scheduled__2024-05-17T00:00:00+00:00 [queued]>
[2024-09-16 00:06:08,607] {taskinstance.py:1159} INFO - Dependencies all met for <TaskInstance: BRONZER_GET_CRIPTOS.BRONZE_CRIPTO_ETH scheduled__2024-05-17T00:00:00+00:00 [queued]>
[2024-09-16 00:06:08,607] {taskinstance.py:1356} INFO - 
--------------------------------------------------------------------------------
[2024-09-16 00:06:08,607] {taskinstance.py:1357} INFO - Starting attempt 1 of 1
[2024-09-16 00:06:08,607] {taskinstance.py:1358} INFO - 
--------------------------------------------------------------------------------
[2024-09-16 00:06:08,651] {taskinstance.py:1377} INFO - Executing <Task(_PythonDecoratedOperator): BRONZE_CRIPTO_ETH> on 2024-05-17 00:00:00+00:00
[2024-09-16 00:06:08,657] {standard_task_runner.py:52} INFO - Started process 32799 to run task
[2024-09-16 00:06:08,664] {standard_task_runner.py:79} INFO - Running: ['airflow', 'tasks', 'run', 'BRONZER_GET_CRIPTOS', 'BRONZE_CRIPTO_ETH', 'scheduled__2024-05-17T00:00:00+00:00', '--job-id', '863', '--raw', '--subdir', 'DAGS_FOLDER/get_cripto.py', '--cfg-path', '/tmp/tmp2vpf1dzi', '--error-file', '/tmp/tmp7zgbrxop']
[2024-09-16 00:06:08,665] {standard_task_runner.py:80} INFO - Job 863: Subtask BRONZE_CRIPTO_ETH
[2024-09-16 00:06:08,839] {task_command.py:370} INFO - Running <TaskInstance: BRONZER_GET_CRIPTOS.BRONZE_CRIPTO_ETH scheduled__2024-05-17T00:00:00+00:00 [running]> on host kaiwang.
[2024-09-16 00:06:08,993] {taskinstance.py:1569} INFO - Exporting the following env vars:
AIRFLOW_CTX_DAG_OWNER=airflow
AIRFLOW_CTX_DAG_ID=BRONZER_GET_CRIPTOS
AIRFLOW_CTX_TASK_ID=BRONZE_CRIPTO_ETH
AIRFLOW_CTX_EXECUTION_DATE=2024-05-17T00:00:00+00:00
AIRFLOW_CTX_TRY_NUMBER=1
AIRFLOW_CTX_DAG_RUN_ID=scheduled__2024-05-17T00:00:00+00:00
[2024-09-16 00:06:11,631] {history.py:244} ERROR - $ETH: possibly delisted; no price data found  (1h 2024-05-14 -> 2024-05-17) (Yahoo error = "Data doesn't exist for startDate = 1715659200, endDate = 1715918400")
[2024-09-16 00:06:11,639] {python.py:173} INFO - Done. Returned value was: None
[2024-09-16 00:06:11,725] {taskinstance.py:1395} INFO - Marking task as SUCCESS. dag_id=BRONZER_GET_CRIPTOS, task_id=BRONZE_CRIPTO_ETH, execution_date=20240517T000000, start_date=20240916T030608, end_date=20240916T030611
[2024-09-16 00:06:11,807] {local_task_job.py:156} INFO - Task exited with return code 0
[2024-09-16 00:06:11,928] {local_task_job.py:273} INFO - 0 downstream tasks scheduled from follow-on schedule check
