[2024-09-16 00:08:04,869] {taskinstance.py:1159} INFO - Dependencies all met for <TaskInstance: BRONZER_GET_CRIPTOS.BRONZE_CRIPTO_ETH scheduled__2024-08-20T00:00:00+00:00 [queued]>
[2024-09-16 00:08:04,880] {taskinstance.py:1159} INFO - Dependencies all met for <TaskInstance: BRONZER_GET_CRIPTOS.BRONZE_CRIPTO_ETH scheduled__2024-08-20T00:00:00+00:00 [queued]>
[2024-09-16 00:08:04,881] {taskinstance.py:1356} INFO - 
--------------------------------------------------------------------------------
[2024-09-16 00:08:04,881] {taskinstance.py:1357} INFO - Starting attempt 1 of 1
[2024-09-16 00:08:04,881] {taskinstance.py:1358} INFO - 
--------------------------------------------------------------------------------
[2024-09-16 00:08:04,911] {taskinstance.py:1377} INFO - Executing <Task(_PythonDecoratedOperator): BRONZE_CRIPTO_ETH> on 2024-08-20 00:00:00+00:00
[2024-09-16 00:08:04,918] {standard_task_runner.py:52} INFO - Started process 42047 to run task
[2024-09-16 00:08:04,937] {standard_task_runner.py:79} INFO - Running: ['airflow', 'tasks', 'run', 'BRONZER_GET_CRIPTOS', 'BRONZE_CRIPTO_ETH', 'scheduled__2024-08-20T00:00:00+00:00', '--job-id', '1397', '--raw', '--subdir', 'DAGS_FOLDER/get_cripto.py', '--cfg-path', '/tmp/tmpffsj0ofi', '--error-file', '/tmp/tmpdwpp9rdw']
[2024-09-16 00:08:04,938] {standard_task_runner.py:80} INFO - Job 1397: Subtask BRONZE_CRIPTO_ETH
[2024-09-16 00:08:05,085] {task_command.py:370} INFO - Running <TaskInstance: BRONZER_GET_CRIPTOS.BRONZE_CRIPTO_ETH scheduled__2024-08-20T00:00:00+00:00 [running]> on host kaiwang.
[2024-09-16 00:08:05,253] {taskinstance.py:1569} INFO - Exporting the following env vars:
AIRFLOW_CTX_DAG_OWNER=airflow
AIRFLOW_CTX_DAG_ID=BRONZER_GET_CRIPTOS
AIRFLOW_CTX_TASK_ID=BRONZE_CRIPTO_ETH
AIRFLOW_CTX_EXECUTION_DATE=2024-08-20T00:00:00+00:00
AIRFLOW_CTX_TRY_NUMBER=1
AIRFLOW_CTX_DAG_RUN_ID=scheduled__2024-08-20T00:00:00+00:00
[2024-09-16 00:08:05,821] {python.py:173} INFO - Done. Returned value was: None
[2024-09-16 00:08:05,877] {taskinstance.py:1395} INFO - Marking task as SUCCESS. dag_id=BRONZER_GET_CRIPTOS, task_id=BRONZE_CRIPTO_ETH, execution_date=20240820T000000, start_date=20240916T030804, end_date=20240916T030805
[2024-09-16 00:08:05,909] {local_task_job.py:156} INFO - Task exited with return code 0
[2024-09-16 00:08:06,052] {local_task_job.py:273} INFO - 0 downstream tasks scheduled from follow-on schedule check
[2024-09-16 13:56:14,555] {taskinstance.py:1159} INFO - Dependencies all met for <TaskInstance: BRONZER_GET_CRIPTOS.BRONZE_CRIPTO_ETH scheduled__2024-08-20T00:00:00+00:00 [queued]>
[2024-09-16 13:56:14,582] {taskinstance.py:1159} INFO - Dependencies all met for <TaskInstance: BRONZER_GET_CRIPTOS.BRONZE_CRIPTO_ETH scheduled__2024-08-20T00:00:00+00:00 [queued]>
[2024-09-16 13:56:14,583] {taskinstance.py:1356} INFO - 
--------------------------------------------------------------------------------
[2024-09-16 13:56:14,583] {taskinstance.py:1357} INFO - Starting attempt 1 of 1
[2024-09-16 13:56:14,583] {taskinstance.py:1358} INFO - 
--------------------------------------------------------------------------------
[2024-09-16 13:56:14,624] {taskinstance.py:1377} INFO - Executing <Task(_PythonDecoratedOperator): BRONZE_CRIPTO_ETH> on 2024-08-20 00:00:00+00:00
[2024-09-16 13:56:14,630] {standard_task_runner.py:52} INFO - Started process 138130 to run task
[2024-09-16 13:56:14,643] {standard_task_runner.py:79} INFO - Running: ['airflow', 'tasks', 'run', 'BRONZER_GET_CRIPTOS', 'BRONZE_CRIPTO_ETH', 'scheduled__2024-08-20T00:00:00+00:00', '--job-id', '2541', '--raw', '--subdir', 'DAGS_FOLDER/get_cripto.py', '--cfg-path', '/tmp/tmpazn_6s13', '--error-file', '/tmp/tmpkevt4jj2']
[2024-09-16 13:56:14,644] {standard_task_runner.py:80} INFO - Job 2541: Subtask BRONZE_CRIPTO_ETH
[2024-09-16 13:56:14,804] {task_command.py:370} INFO - Running <TaskInstance: BRONZER_GET_CRIPTOS.BRONZE_CRIPTO_ETH scheduled__2024-08-20T00:00:00+00:00 [running]> on host kaiwang.
[2024-09-16 13:56:15,513] {taskinstance.py:1569} INFO - Exporting the following env vars:
AIRFLOW_CTX_DAG_OWNER=airflow
AIRFLOW_CTX_DAG_ID=BRONZER_GET_CRIPTOS
AIRFLOW_CTX_TASK_ID=BRONZE_CRIPTO_ETH
AIRFLOW_CTX_EXECUTION_DATE=2024-08-20T00:00:00+00:00
AIRFLOW_CTX_TRY_NUMBER=1
AIRFLOW_CTX_DAG_RUN_ID=scheduled__2024-08-20T00:00:00+00:00
[2024-09-16 13:56:16,094] {python.py:173} INFO - Done. Returned value was: None
[2024-09-16 13:56:16,126] {taskinstance.py:1395} INFO - Marking task as SUCCESS. dag_id=BRONZER_GET_CRIPTOS, task_id=BRONZE_CRIPTO_ETH, execution_date=20240820T000000, start_date=20240916T165614, end_date=20240916T165616
[2024-09-16 13:56:16,180] {local_task_job.py:156} INFO - Task exited with return code 0
[2024-09-16 13:56:16,266] {local_task_job.py:273} INFO - 0 downstream tasks scheduled from follow-on schedule check
