[2024-09-16 00:04:38,991] {taskinstance.py:1159} INFO - Dependencies all met for <TaskInstance: BRONZER_GET_STONCKS.BRONZE_STONCKS_TSLA scheduled__2024-03-21T00:00:00+00:00 [queued]>
[2024-09-16 00:04:39,012] {taskinstance.py:1159} INFO - Dependencies all met for <TaskInstance: BRONZER_GET_STONCKS.BRONZE_STONCKS_TSLA scheduled__2024-03-21T00:00:00+00:00 [queued]>
[2024-09-16 00:04:39,012] {taskinstance.py:1356} INFO - 
--------------------------------------------------------------------------------
[2024-09-16 00:04:39,012] {taskinstance.py:1357} INFO - Starting attempt 1 of 1
[2024-09-16 00:04:39,012] {taskinstance.py:1358} INFO - 
--------------------------------------------------------------------------------
[2024-09-16 00:04:39,059] {taskinstance.py:1377} INFO - Executing <Task(_PythonDecoratedOperator): BRONZE_STONCKS_TSLA> on 2024-03-21 00:00:00+00:00
[2024-09-16 00:04:39,067] {standard_task_runner.py:52} INFO - Started process 25698 to run task
[2024-09-16 00:04:39,078] {standard_task_runner.py:79} INFO - Running: ['airflow', 'tasks', 'run', 'BRONZER_GET_STONCKS', 'BRONZE_STONCKS_TSLA', 'scheduled__2024-03-21T00:00:00+00:00', '--job-id', '450', '--raw', '--subdir', 'DAGS_FOLDER/get_stocks.py', '--cfg-path', '/tmp/tmpjna4quvg', '--error-file', '/tmp/tmpd18x0th_']
[2024-09-16 00:04:39,081] {standard_task_runner.py:80} INFO - Job 450: Subtask BRONZE_STONCKS_TSLA
[2024-09-16 00:04:39,216] {task_command.py:370} INFO - Running <TaskInstance: BRONZER_GET_STONCKS.BRONZE_STONCKS_TSLA scheduled__2024-03-21T00:00:00+00:00 [running]> on host kaiwang.
[2024-09-16 00:04:39,370] {taskinstance.py:1569} INFO - Exporting the following env vars:
AIRFLOW_CTX_DAG_OWNER=airflow
AIRFLOW_CTX_DAG_ID=BRONZER_GET_STONCKS
AIRFLOW_CTX_TASK_ID=BRONZE_STONCKS_TSLA
AIRFLOW_CTX_EXECUTION_DATE=2024-03-21T00:00:00+00:00
AIRFLOW_CTX_TRY_NUMBER=1
AIRFLOW_CTX_DAG_RUN_ID=scheduled__2024-03-21T00:00:00+00:00
[2024-09-16 00:04:40,341] {python.py:173} INFO - Done. Returned value was: None
[2024-09-16 00:04:40,360] {taskinstance.py:1395} INFO - Marking task as SUCCESS. dag_id=BRONZER_GET_STONCKS, task_id=BRONZE_STONCKS_TSLA, execution_date=20240321T000000, start_date=20240916T030438, end_date=20240916T030440
[2024-09-16 00:04:40,415] {local_task_job.py:156} INFO - Task exited with return code 0
[2024-09-16 00:04:40,465] {local_task_job.py:273} INFO - 0 downstream tasks scheduled from follow-on schedule check
[2024-09-16 00:15:48,605] {taskinstance.py:1159} INFO - Dependencies all met for <TaskInstance: BRONZER_GET_STONCKS.BRONZE_STONCKS_TSLA scheduled__2024-03-21T00:00:00+00:00 [queued]>
[2024-09-16 00:15:48,653] {taskinstance.py:1159} INFO - Dependencies all met for <TaskInstance: BRONZER_GET_STONCKS.BRONZE_STONCKS_TSLA scheduled__2024-03-21T00:00:00+00:00 [queued]>
[2024-09-16 00:15:48,654] {taskinstance.py:1356} INFO - 
--------------------------------------------------------------------------------
[2024-09-16 00:15:48,654] {taskinstance.py:1357} INFO - Starting attempt 1 of 1
[2024-09-16 00:15:48,654] {taskinstance.py:1358} INFO - 
--------------------------------------------------------------------------------
[2024-09-16 00:15:48,725] {taskinstance.py:1377} INFO - Executing <Task(_PythonDecoratedOperator): BRONZE_STONCKS_TSLA> on 2024-03-21 00:00:00+00:00
[2024-09-16 00:15:48,754] {standard_task_runner.py:52} INFO - Started process 56510 to run task
[2024-09-16 00:15:48,770] {standard_task_runner.py:79} INFO - Running: ['airflow', 'tasks', 'run', 'BRONZER_GET_STONCKS', 'BRONZE_STONCKS_TSLA', 'scheduled__2024-03-21T00:00:00+00:00', '--job-id', '2220', '--raw', '--subdir', 'DAGS_FOLDER/get_stocks.py', '--cfg-path', '/tmp/tmpqoc_fb4y', '--error-file', '/tmp/tmpq471j56o']
[2024-09-16 00:15:48,781] {standard_task_runner.py:80} INFO - Job 2220: Subtask BRONZE_STONCKS_TSLA
[2024-09-16 00:15:49,126] {task_command.py:370} INFO - Running <TaskInstance: BRONZER_GET_STONCKS.BRONZE_STONCKS_TSLA scheduled__2024-03-21T00:00:00+00:00 [running]> on host kaiwang.
[2024-09-16 00:15:49,409] {taskinstance.py:1569} INFO - Exporting the following env vars:
AIRFLOW_CTX_DAG_OWNER=airflow
AIRFLOW_CTX_DAG_ID=BRONZER_GET_STONCKS
AIRFLOW_CTX_TASK_ID=BRONZE_STONCKS_TSLA
AIRFLOW_CTX_EXECUTION_DATE=2024-03-21T00:00:00+00:00
AIRFLOW_CTX_TRY_NUMBER=1
AIRFLOW_CTX_DAG_RUN_ID=scheduled__2024-03-21T00:00:00+00:00
[2024-09-16 00:15:50,254] {python.py:173} INFO - Done. Returned value was: None
[2024-09-16 00:15:50,424] {taskinstance.py:1395} INFO - Marking task as SUCCESS. dag_id=BRONZER_GET_STONCKS, task_id=BRONZE_STONCKS_TSLA, execution_date=20240321T000000, start_date=20240916T031548, end_date=20240916T031550
[2024-09-16 00:15:50,507] {local_task_job.py:156} INFO - Task exited with return code 0
[2024-09-16 00:15:50,670] {local_task_job.py:273} INFO - 0 downstream tasks scheduled from follow-on schedule check
