[2024-09-16 00:07:25,534] {taskinstance.py:1159} INFO - Dependencies all met for <TaskInstance: BRONZER_GET_STONCKS.BRONZE_STONCKS_GOOG scheduled__2024-08-23T00:00:00+00:00 [queued]>
[2024-09-16 00:07:25,549] {taskinstance.py:1159} INFO - Dependencies all met for <TaskInstance: BRONZER_GET_STONCKS.BRONZE_STONCKS_GOOG scheduled__2024-08-23T00:00:00+00:00 [queued]>
[2024-09-16 00:07:25,549] {taskinstance.py:1356} INFO - 
--------------------------------------------------------------------------------
[2024-09-16 00:07:25,549] {taskinstance.py:1357} INFO - Starting attempt 1 of 1
[2024-09-16 00:07:25,549] {taskinstance.py:1358} INFO - 
--------------------------------------------------------------------------------
[2024-09-16 00:07:25,565] {taskinstance.py:1377} INFO - Executing <Task(_PythonDecoratedOperator): BRONZE_STONCKS_GOOG> on 2024-08-23 00:00:00+00:00
[2024-09-16 00:07:25,570] {standard_task_runner.py:52} INFO - Started process 39153 to run task
[2024-09-16 00:07:25,596] {standard_task_runner.py:79} INFO - Running: ['airflow', 'tasks', 'run', 'BRONZER_GET_STONCKS', 'BRONZE_STONCKS_GOOG', 'scheduled__2024-08-23T00:00:00+00:00', '--job-id', '1231', '--raw', '--subdir', 'DAGS_FOLDER/get_stocks.py', '--cfg-path', '/tmp/tmph7l6qzsh', '--error-file', '/tmp/tmpwglsobkq']
[2024-09-16 00:07:25,599] {standard_task_runner.py:80} INFO - Job 1231: Subtask BRONZE_STONCKS_GOOG
[2024-09-16 00:07:25,720] {task_command.py:370} INFO - Running <TaskInstance: BRONZER_GET_STONCKS.BRONZE_STONCKS_GOOG scheduled__2024-08-23T00:00:00+00:00 [running]> on host kaiwang.
[2024-09-16 00:07:25,859] {taskinstance.py:1569} INFO - Exporting the following env vars:
AIRFLOW_CTX_DAG_OWNER=airflow
AIRFLOW_CTX_DAG_ID=BRONZER_GET_STONCKS
AIRFLOW_CTX_TASK_ID=BRONZE_STONCKS_GOOG
AIRFLOW_CTX_EXECUTION_DATE=2024-08-23T00:00:00+00:00
AIRFLOW_CTX_TRY_NUMBER=1
AIRFLOW_CTX_DAG_RUN_ID=scheduled__2024-08-23T00:00:00+00:00
[2024-09-16 00:07:26,700] {python.py:173} INFO - Done. Returned value was: None
[2024-09-16 00:07:26,860] {taskinstance.py:1395} INFO - Marking task as SUCCESS. dag_id=BRONZER_GET_STONCKS, task_id=BRONZE_STONCKS_GOOG, execution_date=20240823T000000, start_date=20240916T030725, end_date=20240916T030726
[2024-09-16 00:07:26,963] {local_task_job.py:156} INFO - Task exited with return code 0
[2024-09-16 00:07:27,089] {local_task_job.py:273} INFO - 0 downstream tasks scheduled from follow-on schedule check
[2024-09-16 13:56:20,153] {taskinstance.py:1159} INFO - Dependencies all met for <TaskInstance: BRONZER_GET_STONCKS.BRONZE_STONCKS_GOOG scheduled__2024-08-23T00:00:00+00:00 [queued]>
[2024-09-16 13:56:20,170] {taskinstance.py:1159} INFO - Dependencies all met for <TaskInstance: BRONZER_GET_STONCKS.BRONZE_STONCKS_GOOG scheduled__2024-08-23T00:00:00+00:00 [queued]>
[2024-09-16 13:56:20,170] {taskinstance.py:1356} INFO - 
--------------------------------------------------------------------------------
[2024-09-16 13:56:20,170] {taskinstance.py:1357} INFO - Starting attempt 1 of 1
[2024-09-16 13:56:20,170] {taskinstance.py:1358} INFO - 
--------------------------------------------------------------------------------
[2024-09-16 13:56:20,195] {taskinstance.py:1377} INFO - Executing <Task(_PythonDecoratedOperator): BRONZE_STONCKS_GOOG> on 2024-08-23 00:00:00+00:00
[2024-09-16 13:56:20,202] {standard_task_runner.py:52} INFO - Started process 138553 to run task
[2024-09-16 13:56:20,207] {standard_task_runner.py:79} INFO - Running: ['airflow', 'tasks', 'run', 'BRONZER_GET_STONCKS', 'BRONZE_STONCKS_GOOG', 'scheduled__2024-08-23T00:00:00+00:00', '--job-id', '2561', '--raw', '--subdir', 'DAGS_FOLDER/get_stocks.py', '--cfg-path', '/tmp/tmpngmdnlbz', '--error-file', '/tmp/tmp51089711']
[2024-09-16 13:56:20,209] {standard_task_runner.py:80} INFO - Job 2561: Subtask BRONZE_STONCKS_GOOG
[2024-09-16 13:56:20,309] {task_command.py:370} INFO - Running <TaskInstance: BRONZER_GET_STONCKS.BRONZE_STONCKS_GOOG scheduled__2024-08-23T00:00:00+00:00 [running]> on host kaiwang.
[2024-09-16 13:56:20,579] {taskinstance.py:1569} INFO - Exporting the following env vars:
AIRFLOW_CTX_DAG_OWNER=airflow
AIRFLOW_CTX_DAG_ID=BRONZER_GET_STONCKS
AIRFLOW_CTX_TASK_ID=BRONZE_STONCKS_GOOG
AIRFLOW_CTX_EXECUTION_DATE=2024-08-23T00:00:00+00:00
AIRFLOW_CTX_TRY_NUMBER=1
AIRFLOW_CTX_DAG_RUN_ID=scheduled__2024-08-23T00:00:00+00:00
[2024-09-16 13:56:21,066] {python.py:173} INFO - Done. Returned value was: None
[2024-09-16 13:56:21,082] {taskinstance.py:1395} INFO - Marking task as SUCCESS. dag_id=BRONZER_GET_STONCKS, task_id=BRONZE_STONCKS_GOOG, execution_date=20240823T000000, start_date=20240916T165620, end_date=20240916T165621
[2024-09-16 13:56:21,143] {local_task_job.py:156} INFO - Task exited with return code 0
[2024-09-16 13:56:21,187] {local_task_job.py:273} INFO - 0 downstream tasks scheduled from follow-on schedule check
