[2024-09-16 00:08:00,801] {taskinstance.py:1159} INFO - Dependencies all met for <TaskInstance: BRONZER_GET_CRIPTOS.BRONZE_CRIPTO_AVAX scheduled__2024-08-13T00:00:00+00:00 [queued]>
[2024-09-16 00:08:00,811] {taskinstance.py:1159} INFO - Dependencies all met for <TaskInstance: BRONZER_GET_CRIPTOS.BRONZE_CRIPTO_AVAX scheduled__2024-08-13T00:00:00+00:00 [queued]>
[2024-09-16 00:08:00,811] {taskinstance.py:1356} INFO - 
--------------------------------------------------------------------------------
[2024-09-16 00:08:00,811] {taskinstance.py:1357} INFO - Starting attempt 1 of 1
[2024-09-16 00:08:00,811] {taskinstance.py:1358} INFO - 
--------------------------------------------------------------------------------
[2024-09-16 00:08:00,822] {taskinstance.py:1377} INFO - Executing <Task(_PythonDecoratedOperator): BRONZE_CRIPTO_AVAX> on 2024-08-13 00:00:00+00:00
[2024-09-16 00:08:00,827] {standard_task_runner.py:52} INFO - Started process 41770 to run task
[2024-09-16 00:08:00,832] {standard_task_runner.py:79} INFO - Running: ['airflow', 'tasks', 'run', 'BRONZER_GET_CRIPTOS', 'BRONZE_CRIPTO_AVAX', 'scheduled__2024-08-13T00:00:00+00:00', '--job-id', '1382', '--raw', '--subdir', 'DAGS_FOLDER/get_cripto.py', '--cfg-path', '/tmp/tmpxi9q013g', '--error-file', '/tmp/tmpudtn0n4a']
[2024-09-16 00:08:00,833] {standard_task_runner.py:80} INFO - Job 1382: Subtask BRONZE_CRIPTO_AVAX
[2024-09-16 00:08:00,910] {task_command.py:370} INFO - Running <TaskInstance: BRONZER_GET_CRIPTOS.BRONZE_CRIPTO_AVAX scheduled__2024-08-13T00:00:00+00:00 [running]> on host kaiwang.
[2024-09-16 00:08:00,985] {taskinstance.py:1569} INFO - Exporting the following env vars:
AIRFLOW_CTX_DAG_OWNER=airflow
AIRFLOW_CTX_DAG_ID=BRONZER_GET_CRIPTOS
AIRFLOW_CTX_TASK_ID=BRONZE_CRIPTO_AVAX
AIRFLOW_CTX_EXECUTION_DATE=2024-08-13T00:00:00+00:00
AIRFLOW_CTX_TRY_NUMBER=1
AIRFLOW_CTX_DAG_RUN_ID=scheduled__2024-08-13T00:00:00+00:00
[2024-09-16 00:08:03,685] {history.py:122} ERROR - $AVAX: possibly delisted; no timezone found
[2024-09-16 00:08:03,688] {python.py:173} INFO - Done. Returned value was: None
[2024-09-16 00:08:03,708] {taskinstance.py:1395} INFO - Marking task as SUCCESS. dag_id=BRONZER_GET_CRIPTOS, task_id=BRONZE_CRIPTO_AVAX, execution_date=20240813T000000, start_date=20240916T030800, end_date=20240916T030803
[2024-09-16 00:08:03,747] {local_task_job.py:156} INFO - Task exited with return code 0
[2024-09-16 00:08:03,782] {local_task_job.py:273} INFO - 0 downstream tasks scheduled from follow-on schedule check
[2024-09-16 13:56:00,271] {taskinstance.py:1159} INFO - Dependencies all met for <TaskInstance: BRONZER_GET_CRIPTOS.BRONZE_CRIPTO_AVAX scheduled__2024-08-13T00:00:00+00:00 [queued]>
[2024-09-16 13:56:00,286] {taskinstance.py:1159} INFO - Dependencies all met for <TaskInstance: BRONZER_GET_CRIPTOS.BRONZE_CRIPTO_AVAX scheduled__2024-08-13T00:00:00+00:00 [queued]>
[2024-09-16 13:56:00,287] {taskinstance.py:1356} INFO - 
--------------------------------------------------------------------------------
[2024-09-16 13:56:00,287] {taskinstance.py:1357} INFO - Starting attempt 1 of 1
[2024-09-16 13:56:00,287] {taskinstance.py:1358} INFO - 
--------------------------------------------------------------------------------
[2024-09-16 13:56:00,310] {taskinstance.py:1377} INFO - Executing <Task(_PythonDecoratedOperator): BRONZE_CRIPTO_AVAX> on 2024-08-13 00:00:00+00:00
[2024-09-16 13:56:00,316] {standard_task_runner.py:52} INFO - Started process 137215 to run task
[2024-09-16 13:56:00,326] {standard_task_runner.py:79} INFO - Running: ['airflow', 'tasks', 'run', 'BRONZER_GET_CRIPTOS', 'BRONZE_CRIPTO_AVAX', 'scheduled__2024-08-13T00:00:00+00:00', '--job-id', '2498', '--raw', '--subdir', 'DAGS_FOLDER/get_cripto.py', '--cfg-path', '/tmp/tmp0lvz4v5o', '--error-file', '/tmp/tmpyhpacp97']
[2024-09-16 13:56:00,327] {standard_task_runner.py:80} INFO - Job 2498: Subtask BRONZE_CRIPTO_AVAX
[2024-09-16 13:56:00,481] {task_command.py:370} INFO - Running <TaskInstance: BRONZER_GET_CRIPTOS.BRONZE_CRIPTO_AVAX scheduled__2024-08-13T00:00:00+00:00 [running]> on host kaiwang.
[2024-09-16 13:56:01,551] {taskinstance.py:1569} INFO - Exporting the following env vars:
AIRFLOW_CTX_DAG_OWNER=airflow
AIRFLOW_CTX_DAG_ID=BRONZER_GET_CRIPTOS
AIRFLOW_CTX_TASK_ID=BRONZE_CRIPTO_AVAX
AIRFLOW_CTX_EXECUTION_DATE=2024-08-13T00:00:00+00:00
AIRFLOW_CTX_TRY_NUMBER=1
AIRFLOW_CTX_DAG_RUN_ID=scheduled__2024-08-13T00:00:00+00:00
[2024-09-16 13:56:05,062] {history.py:122} ERROR - $AVAX: possibly delisted; no timezone found
[2024-09-16 13:56:05,064] {python.py:173} INFO - Done. Returned value was: None
[2024-09-16 13:56:05,081] {taskinstance.py:1395} INFO - Marking task as SUCCESS. dag_id=BRONZER_GET_CRIPTOS, task_id=BRONZE_CRIPTO_AVAX, execution_date=20240813T000000, start_date=20240916T165600, end_date=20240916T165605
[2024-09-16 13:56:05,107] {local_task_job.py:156} INFO - Task exited with return code 0
[2024-09-16 13:56:05,163] {local_task_job.py:273} INFO - 0 downstream tasks scheduled from follow-on schedule check
