[2024-09-16 00:03:18,228] {taskinstance.py:1159} INFO - Dependencies all met for <TaskInstance: BRONZER_GET_STONCKS.BRONZE_STONCKS_GOOG scheduled__2024-01-13T00:00:00+00:00 [queued]>
[2024-09-16 00:03:18,300] {taskinstance.py:1159} INFO - Dependencies all met for <TaskInstance: BRONZER_GET_STONCKS.BRONZE_STONCKS_GOOG scheduled__2024-01-13T00:00:00+00:00 [queued]>
[2024-09-16 00:03:18,300] {taskinstance.py:1356} INFO - 
--------------------------------------------------------------------------------
[2024-09-16 00:03:18,300] {taskinstance.py:1357} INFO - Starting attempt 1 of 1
[2024-09-16 00:03:18,300] {taskinstance.py:1358} INFO - 
--------------------------------------------------------------------------------
[2024-09-16 00:03:18,347] {taskinstance.py:1377} INFO - Executing <Task(_PythonDecoratedOperator): BRONZE_STONCKS_GOOG> on 2024-01-13 00:00:00+00:00
[2024-09-16 00:03:18,365] {standard_task_runner.py:52} INFO - Started process 19412 to run task
[2024-09-16 00:03:18,413] {standard_task_runner.py:79} INFO - Running: ['airflow', 'tasks', 'run', 'BRONZER_GET_STONCKS', 'BRONZE_STONCKS_GOOG', 'scheduled__2024-01-13T00:00:00+00:00', '--job-id', '83', '--raw', '--subdir', 'DAGS_FOLDER/get_stocks.py', '--cfg-path', '/tmp/tmp64s_vwzm', '--error-file', '/tmp/tmpy34soibv']
[2024-09-16 00:03:18,415] {standard_task_runner.py:80} INFO - Job 83: Subtask BRONZE_STONCKS_GOOG
[2024-09-16 00:03:18,880] {task_command.py:370} INFO - Running <TaskInstance: BRONZER_GET_STONCKS.BRONZE_STONCKS_GOOG scheduled__2024-01-13T00:00:00+00:00 [running]> on host kaiwang.
[2024-09-16 00:03:19,447] {taskinstance.py:1569} INFO - Exporting the following env vars:
AIRFLOW_CTX_DAG_OWNER=airflow
AIRFLOW_CTX_DAG_ID=BRONZER_GET_STONCKS
AIRFLOW_CTX_TASK_ID=BRONZE_STONCKS_GOOG
AIRFLOW_CTX_EXECUTION_DATE=2024-01-13T00:00:00+00:00
AIRFLOW_CTX_TRY_NUMBER=1
AIRFLOW_CTX_DAG_RUN_ID=scheduled__2024-01-13T00:00:00+00:00
[2024-09-16 00:03:20,328] {python.py:173} INFO - Done. Returned value was: None
[2024-09-16 00:03:20,409] {taskinstance.py:1395} INFO - Marking task as SUCCESS. dag_id=BRONZER_GET_STONCKS, task_id=BRONZE_STONCKS_GOOG, execution_date=20240113T000000, start_date=20240916T030318, end_date=20240916T030320
[2024-09-16 00:03:20,483] {local_task_job.py:156} INFO - Task exited with return code 0
[2024-09-16 00:03:20,620] {local_task_job.py:273} INFO - 0 downstream tasks scheduled from follow-on schedule check
[2024-09-16 00:12:57,163] {taskinstance.py:1159} INFO - Dependencies all met for <TaskInstance: BRONZER_GET_STONCKS.BRONZE_STONCKS_GOOG scheduled__2024-01-13T00:00:00+00:00 [queued]>
[2024-09-16 00:12:57,213] {taskinstance.py:1159} INFO - Dependencies all met for <TaskInstance: BRONZER_GET_STONCKS.BRONZE_STONCKS_GOOG scheduled__2024-01-13T00:00:00+00:00 [queued]>
[2024-09-16 00:12:57,213] {taskinstance.py:1356} INFO - 
--------------------------------------------------------------------------------
[2024-09-16 00:12:57,213] {taskinstance.py:1357} INFO - Starting attempt 1 of 1
[2024-09-16 00:12:57,213] {taskinstance.py:1358} INFO - 
--------------------------------------------------------------------------------
[2024-09-16 00:12:57,279] {taskinstance.py:1377} INFO - Executing <Task(_PythonDecoratedOperator): BRONZE_STONCKS_GOOG> on 2024-01-13 00:00:00+00:00
[2024-09-16 00:12:57,286] {standard_task_runner.py:52} INFO - Started process 44811 to run task
[2024-09-16 00:12:57,310] {standard_task_runner.py:79} INFO - Running: ['airflow', 'tasks', 'run', 'BRONZER_GET_STONCKS', 'BRONZE_STONCKS_GOOG', 'scheduled__2024-01-13T00:00:00+00:00', '--job-id', '1544', '--raw', '--subdir', 'DAGS_FOLDER/get_stocks.py', '--cfg-path', '/tmp/tmpydeojur4', '--error-file', '/tmp/tmpjmrvnsr9']
[2024-09-16 00:12:57,311] {standard_task_runner.py:80} INFO - Job 1544: Subtask BRONZE_STONCKS_GOOG
[2024-09-16 00:12:57,631] {task_command.py:370} INFO - Running <TaskInstance: BRONZER_GET_STONCKS.BRONZE_STONCKS_GOOG scheduled__2024-01-13T00:00:00+00:00 [running]> on host kaiwang.
[2024-09-16 00:12:58,010] {taskinstance.py:1569} INFO - Exporting the following env vars:
AIRFLOW_CTX_DAG_OWNER=airflow
AIRFLOW_CTX_DAG_ID=BRONZER_GET_STONCKS
AIRFLOW_CTX_TASK_ID=BRONZE_STONCKS_GOOG
AIRFLOW_CTX_EXECUTION_DATE=2024-01-13T00:00:00+00:00
AIRFLOW_CTX_TRY_NUMBER=1
AIRFLOW_CTX_DAG_RUN_ID=scheduled__2024-01-13T00:00:00+00:00
[2024-09-16 00:12:58,739] {python.py:173} INFO - Done. Returned value was: None
[2024-09-16 00:12:58,790] {taskinstance.py:1395} INFO - Marking task as SUCCESS. dag_id=BRONZER_GET_STONCKS, task_id=BRONZE_STONCKS_GOOG, execution_date=20240113T000000, start_date=20240916T031257, end_date=20240916T031258
[2024-09-16 00:12:58,873] {local_task_job.py:156} INFO - Task exited with return code 0
[2024-09-16 00:12:59,073] {local_task_job.py:273} INFO - 0 downstream tasks scheduled from follow-on schedule check
[2024-09-16 00:14:33,910] {taskinstance.py:1159} INFO - Dependencies all met for <TaskInstance: BRONZER_GET_STONCKS.BRONZE_STONCKS_GOOG scheduled__2024-01-13T00:00:00+00:00 [queued]>
[2024-09-16 00:14:33,956] {taskinstance.py:1159} INFO - Dependencies all met for <TaskInstance: BRONZER_GET_STONCKS.BRONZE_STONCKS_GOOG scheduled__2024-01-13T00:00:00+00:00 [queued]>
[2024-09-16 00:14:33,956] {taskinstance.py:1356} INFO - 
--------------------------------------------------------------------------------
[2024-09-16 00:14:33,956] {taskinstance.py:1357} INFO - Starting attempt 1 of 1
[2024-09-16 00:14:33,957] {taskinstance.py:1358} INFO - 
--------------------------------------------------------------------------------
[2024-09-16 00:14:34,053] {taskinstance.py:1377} INFO - Executing <Task(_PythonDecoratedOperator): BRONZE_STONCKS_GOOG> on 2024-01-13 00:00:00+00:00
[2024-09-16 00:14:34,059] {standard_task_runner.py:52} INFO - Started process 50350 to run task
[2024-09-16 00:14:34,088] {standard_task_runner.py:79} INFO - Running: ['airflow', 'tasks', 'run', 'BRONZER_GET_STONCKS', 'BRONZE_STONCKS_GOOG', 'scheduled__2024-01-13T00:00:00+00:00', '--job-id', '1858', '--raw', '--subdir', 'DAGS_FOLDER/get_stocks.py', '--cfg-path', '/tmp/tmp1x566nii', '--error-file', '/tmp/tmpycie18rj']
[2024-09-16 00:14:34,089] {standard_task_runner.py:80} INFO - Job 1858: Subtask BRONZE_STONCKS_GOOG
[2024-09-16 00:14:34,403] {task_command.py:370} INFO - Running <TaskInstance: BRONZER_GET_STONCKS.BRONZE_STONCKS_GOOG scheduled__2024-01-13T00:00:00+00:00 [running]> on host kaiwang.
[2024-09-16 00:14:34,807] {taskinstance.py:1569} INFO - Exporting the following env vars:
AIRFLOW_CTX_DAG_OWNER=airflow
AIRFLOW_CTX_DAG_ID=BRONZER_GET_STONCKS
AIRFLOW_CTX_TASK_ID=BRONZE_STONCKS_GOOG
AIRFLOW_CTX_EXECUTION_DATE=2024-01-13T00:00:00+00:00
AIRFLOW_CTX_TRY_NUMBER=1
AIRFLOW_CTX_DAG_RUN_ID=scheduled__2024-01-13T00:00:00+00:00
[2024-09-16 00:14:35,538] {python.py:173} INFO - Done. Returned value was: None
[2024-09-16 00:14:35,613] {taskinstance.py:1395} INFO - Marking task as SUCCESS. dag_id=BRONZER_GET_STONCKS, task_id=BRONZE_STONCKS_GOOG, execution_date=20240113T000000, start_date=20240916T031433, end_date=20240916T031435
[2024-09-16 00:14:35,737] {local_task_job.py:156} INFO - Task exited with return code 0
[2024-09-16 00:14:35,928] {local_task_job.py:273} INFO - 0 downstream tasks scheduled from follow-on schedule check
