[2024-09-16 00:07:53,005] {taskinstance.py:1159} INFO - Dependencies all met for <TaskInstance: BRONZER_GET_CRIPTOS.BRONZE_CRIPTO_DOGE scheduled__2024-08-06T00:00:00+00:00 [queued]>
[2024-09-16 00:07:53,035] {taskinstance.py:1159} INFO - Dependencies all met for <TaskInstance: BRONZER_GET_CRIPTOS.BRONZE_CRIPTO_DOGE scheduled__2024-08-06T00:00:00+00:00 [queued]>
[2024-09-16 00:07:53,035] {taskinstance.py:1356} INFO - 
--------------------------------------------------------------------------------
[2024-09-16 00:07:53,035] {taskinstance.py:1357} INFO - Starting attempt 1 of 1
[2024-09-16 00:07:53,035] {taskinstance.py:1358} INFO - 
--------------------------------------------------------------------------------
[2024-09-16 00:07:53,067] {taskinstance.py:1377} INFO - Executing <Task(_PythonDecoratedOperator): BRONZE_CRIPTO_DOGE> on 2024-08-06 00:00:00+00:00
[2024-09-16 00:07:53,078] {standard_task_runner.py:52} INFO - Started process 41374 to run task
[2024-09-16 00:07:53,087] {standard_task_runner.py:79} INFO - Running: ['airflow', 'tasks', 'run', 'BRONZER_GET_CRIPTOS', 'BRONZE_CRIPTO_DOGE', 'scheduled__2024-08-06T00:00:00+00:00', '--job-id', '1362', '--raw', '--subdir', 'DAGS_FOLDER/get_cripto.py', '--cfg-path', '/tmp/tmpyd0c7f0g', '--error-file', '/tmp/tmpg5h3y3ju']
[2024-09-16 00:07:53,088] {standard_task_runner.py:80} INFO - Job 1362: Subtask BRONZE_CRIPTO_DOGE
[2024-09-16 00:07:53,267] {task_command.py:370} INFO - Running <TaskInstance: BRONZER_GET_CRIPTOS.BRONZE_CRIPTO_DOGE scheduled__2024-08-06T00:00:00+00:00 [running]> on host kaiwang.
[2024-09-16 00:07:53,470] {taskinstance.py:1569} INFO - Exporting the following env vars:
AIRFLOW_CTX_DAG_OWNER=airflow
AIRFLOW_CTX_DAG_ID=BRONZER_GET_CRIPTOS
AIRFLOW_CTX_TASK_ID=BRONZE_CRIPTO_DOGE
AIRFLOW_CTX_EXECUTION_DATE=2024-08-06T00:00:00+00:00
AIRFLOW_CTX_TRY_NUMBER=1
AIRFLOW_CTX_DAG_RUN_ID=scheduled__2024-08-06T00:00:00+00:00
[2024-09-16 00:07:55,894] {history.py:122} ERROR - $DOGE: possibly delisted; no timezone found
[2024-09-16 00:07:55,897] {python.py:173} INFO - Done. Returned value was: None
[2024-09-16 00:07:55,920] {taskinstance.py:1395} INFO - Marking task as SUCCESS. dag_id=BRONZER_GET_CRIPTOS, task_id=BRONZE_CRIPTO_DOGE, execution_date=20240806T000000, start_date=20240916T030753, end_date=20240916T030755
[2024-09-16 00:07:55,962] {local_task_job.py:156} INFO - Task exited with return code 0
[2024-09-16 00:07:56,040] {local_task_job.py:273} INFO - 0 downstream tasks scheduled from follow-on schedule check
[2024-09-16 13:55:47,393] {taskinstance.py:1159} INFO - Dependencies all met for <TaskInstance: BRONZER_GET_CRIPTOS.BRONZE_CRIPTO_DOGE scheduled__2024-08-06T00:00:00+00:00 [queued]>
[2024-09-16 13:55:47,422] {taskinstance.py:1159} INFO - Dependencies all met for <TaskInstance: BRONZER_GET_CRIPTOS.BRONZE_CRIPTO_DOGE scheduled__2024-08-06T00:00:00+00:00 [queued]>
[2024-09-16 13:55:47,423] {taskinstance.py:1356} INFO - 
--------------------------------------------------------------------------------
[2024-09-16 13:55:47,424] {taskinstance.py:1357} INFO - Starting attempt 1 of 1
[2024-09-16 13:55:47,424] {taskinstance.py:1358} INFO - 
--------------------------------------------------------------------------------
[2024-09-16 13:55:47,449] {taskinstance.py:1377} INFO - Executing <Task(_PythonDecoratedOperator): BRONZE_CRIPTO_DOGE> on 2024-08-06 00:00:00+00:00
[2024-09-16 13:55:47,459] {standard_task_runner.py:52} INFO - Started process 136320 to run task
[2024-09-16 13:55:47,476] {standard_task_runner.py:79} INFO - Running: ['airflow', 'tasks', 'run', 'BRONZER_GET_CRIPTOS', 'BRONZE_CRIPTO_DOGE', 'scheduled__2024-08-06T00:00:00+00:00', '--job-id', '2457', '--raw', '--subdir', 'DAGS_FOLDER/get_cripto.py', '--cfg-path', '/tmp/tmpawezzcco', '--error-file', '/tmp/tmpqjh25byc']
[2024-09-16 13:55:47,477] {standard_task_runner.py:80} INFO - Job 2457: Subtask BRONZE_CRIPTO_DOGE
[2024-09-16 13:55:47,659] {task_command.py:370} INFO - Running <TaskInstance: BRONZER_GET_CRIPTOS.BRONZE_CRIPTO_DOGE scheduled__2024-08-06T00:00:00+00:00 [running]> on host kaiwang.
[2024-09-16 13:55:48,184] {taskinstance.py:1569} INFO - Exporting the following env vars:
AIRFLOW_CTX_DAG_OWNER=airflow
AIRFLOW_CTX_DAG_ID=BRONZER_GET_CRIPTOS
AIRFLOW_CTX_TASK_ID=BRONZE_CRIPTO_DOGE
AIRFLOW_CTX_EXECUTION_DATE=2024-08-06T00:00:00+00:00
AIRFLOW_CTX_TRY_NUMBER=1
AIRFLOW_CTX_DAG_RUN_ID=scheduled__2024-08-06T00:00:00+00:00
[2024-09-16 13:55:51,422] {history.py:122} ERROR - $DOGE: possibly delisted; no timezone found
[2024-09-16 13:55:51,427] {python.py:173} INFO - Done. Returned value was: None
[2024-09-16 13:55:51,449] {taskinstance.py:1395} INFO - Marking task as SUCCESS. dag_id=BRONZER_GET_CRIPTOS, task_id=BRONZE_CRIPTO_DOGE, execution_date=20240806T000000, start_date=20240916T165547, end_date=20240916T165551
[2024-09-16 13:55:51,494] {local_task_job.py:156} INFO - Task exited with return code 0
[2024-09-16 13:55:51,559] {local_task_job.py:273} INFO - 0 downstream tasks scheduled from follow-on schedule check
