[2024-09-16 00:04:56,569] {taskinstance.py:1159} INFO - Dependencies all met for <TaskInstance: BRONZER_GET_CRIPTOS.BRONZE_CRIPTO_BTC scheduled__2024-03-26T00:00:00+00:00 [queued]>
[2024-09-16 00:04:56,592] {taskinstance.py:1159} INFO - Dependencies all met for <TaskInstance: BRONZER_GET_CRIPTOS.BRONZE_CRIPTO_BTC scheduled__2024-03-26T00:00:00+00:00 [queued]>
[2024-09-16 00:04:56,592] {taskinstance.py:1356} INFO - 
--------------------------------------------------------------------------------
[2024-09-16 00:04:56,592] {taskinstance.py:1357} INFO - Starting attempt 1 of 1
[2024-09-16 00:04:56,592] {taskinstance.py:1358} INFO - 
--------------------------------------------------------------------------------
[2024-09-16 00:04:56,635] {taskinstance.py:1377} INFO - Executing <Task(_PythonDecoratedOperator): BRONZE_CRIPTO_BTC> on 2024-03-26 00:00:00+00:00
[2024-09-16 00:04:56,648] {standard_task_runner.py:52} INFO - Started process 27010 to run task
[2024-09-16 00:04:56,672] {standard_task_runner.py:79} INFO - Running: ['airflow', 'tasks', 'run', 'BRONZER_GET_CRIPTOS', 'BRONZE_CRIPTO_BTC', 'scheduled__2024-03-26T00:00:00+00:00', '--job-id', '521', '--raw', '--subdir', 'DAGS_FOLDER/get_cripto.py', '--cfg-path', '/tmp/tmpb7e2owl8', '--error-file', '/tmp/tmp_ga80l13']
[2024-09-16 00:04:56,673] {standard_task_runner.py:80} INFO - Job 521: Subtask BRONZE_CRIPTO_BTC
[2024-09-16 00:04:56,925] {task_command.py:370} INFO - Running <TaskInstance: BRONZER_GET_CRIPTOS.BRONZE_CRIPTO_BTC scheduled__2024-03-26T00:00:00+00:00 [running]> on host kaiwang.
[2024-09-16 00:04:57,109] {taskinstance.py:1569} INFO - Exporting the following env vars:
AIRFLOW_CTX_DAG_OWNER=airflow
AIRFLOW_CTX_DAG_ID=BRONZER_GET_CRIPTOS
AIRFLOW_CTX_TASK_ID=BRONZE_CRIPTO_BTC
AIRFLOW_CTX_EXECUTION_DATE=2024-03-26T00:00:00+00:00
AIRFLOW_CTX_TRY_NUMBER=1
AIRFLOW_CTX_DAG_RUN_ID=scheduled__2024-03-26T00:00:00+00:00
[2024-09-16 00:05:00,616] {history.py:244} ERROR - $BTC: possibly delisted; no price data found  (1h 2024-03-23 -> 2024-03-26) (Yahoo error = "Data doesn't exist for startDate = 1711166400, endDate = 1711425600")
[2024-09-16 00:05:00,621] {python.py:173} INFO - Done. Returned value was: None
[2024-09-16 00:05:00,860] {taskinstance.py:1395} INFO - Marking task as SUCCESS. dag_id=BRONZER_GET_CRIPTOS, task_id=BRONZE_CRIPTO_BTC, execution_date=20240326T000000, start_date=20240916T030456, end_date=20240916T030500
[2024-09-16 00:05:01,003] {local_task_job.py:156} INFO - Task exited with return code 0
[2024-09-16 00:05:01,295] {local_task_job.py:273} INFO - 0 downstream tasks scheduled from follow-on schedule check
[2024-09-16 00:16:12,431] {taskinstance.py:1159} INFO - Dependencies all met for <TaskInstance: BRONZER_GET_CRIPTOS.BRONZE_CRIPTO_BTC scheduled__2024-03-26T00:00:00+00:00 [queued]>
[2024-09-16 00:16:12,467] {taskinstance.py:1159} INFO - Dependencies all met for <TaskInstance: BRONZER_GET_CRIPTOS.BRONZE_CRIPTO_BTC scheduled__2024-03-26T00:00:00+00:00 [queued]>
[2024-09-16 00:16:12,467] {taskinstance.py:1356} INFO - 
--------------------------------------------------------------------------------
[2024-09-16 00:16:12,468] {taskinstance.py:1357} INFO - Starting attempt 1 of 1
[2024-09-16 00:16:12,468] {taskinstance.py:1358} INFO - 
--------------------------------------------------------------------------------
[2024-09-16 00:16:12,524] {taskinstance.py:1377} INFO - Executing <Task(_PythonDecoratedOperator): BRONZE_CRIPTO_BTC> on 2024-03-26 00:00:00+00:00
[2024-09-16 00:16:12,530] {standard_task_runner.py:52} INFO - Started process 58406 to run task
[2024-09-16 00:16:12,545] {standard_task_runner.py:79} INFO - Running: ['airflow', 'tasks', 'run', 'BRONZER_GET_CRIPTOS', 'BRONZE_CRIPTO_BTC', 'scheduled__2024-03-26T00:00:00+00:00', '--job-id', '2324', '--raw', '--subdir', 'DAGS_FOLDER/get_cripto.py', '--cfg-path', '/tmp/tmpju21dpdg', '--error-file', '/tmp/tmp0z8l73j4']
[2024-09-16 00:16:12,548] {standard_task_runner.py:80} INFO - Job 2324: Subtask BRONZE_CRIPTO_BTC
[2024-09-16 00:16:12,807] {task_command.py:370} INFO - Running <TaskInstance: BRONZER_GET_CRIPTOS.BRONZE_CRIPTO_BTC scheduled__2024-03-26T00:00:00+00:00 [running]> on host kaiwang.
[2024-09-16 00:16:13,151] {taskinstance.py:1569} INFO - Exporting the following env vars:
AIRFLOW_CTX_DAG_OWNER=airflow
AIRFLOW_CTX_DAG_ID=BRONZER_GET_CRIPTOS
AIRFLOW_CTX_TASK_ID=BRONZE_CRIPTO_BTC
AIRFLOW_CTX_EXECUTION_DATE=2024-03-26T00:00:00+00:00
AIRFLOW_CTX_TRY_NUMBER=1
AIRFLOW_CTX_DAG_RUN_ID=scheduled__2024-03-26T00:00:00+00:00
[2024-09-16 00:16:15,814] {history.py:244} ERROR - $BTC: possibly delisted; no price data found  (1h 2024-03-23 -> 2024-03-26) (Yahoo error = "Data doesn't exist for startDate = 1711166400, endDate = 1711425600")
[2024-09-16 00:16:15,818] {python.py:173} INFO - Done. Returned value was: None
[2024-09-16 00:16:16,006] {taskinstance.py:1395} INFO - Marking task as SUCCESS. dag_id=BRONZER_GET_CRIPTOS, task_id=BRONZE_CRIPTO_BTC, execution_date=20240326T000000, start_date=20240916T031612, end_date=20240916T031616
[2024-09-16 00:16:16,074] {local_task_job.py:156} INFO - Task exited with return code 0
[2024-09-16 00:16:16,190] {local_task_job.py:273} INFO - 0 downstream tasks scheduled from follow-on schedule check
