[2024-09-16 00:04:30,188] {taskinstance.py:1159} INFO - Dependencies all met for <TaskInstance: BRONZER_GET_CRIPTOS.BRONZE_CRIPTO_ETH scheduled__2024-03-07T00:00:00+00:00 [queued]>
[2024-09-16 00:04:30,228] {taskinstance.py:1159} INFO - Dependencies all met for <TaskInstance: BRONZER_GET_CRIPTOS.BRONZE_CRIPTO_ETH scheduled__2024-03-07T00:00:00+00:00 [queued]>
[2024-09-16 00:04:30,229] {taskinstance.py:1356} INFO - 
--------------------------------------------------------------------------------
[2024-09-16 00:04:30,229] {taskinstance.py:1357} INFO - Starting attempt 1 of 1
[2024-09-16 00:04:30,229] {taskinstance.py:1358} INFO - 
--------------------------------------------------------------------------------
[2024-09-16 00:04:30,310] {taskinstance.py:1377} INFO - Executing <Task(_PythonDecoratedOperator): BRONZE_CRIPTO_ETH> on 2024-03-07 00:00:00+00:00
[2024-09-16 00:04:30,340] {standard_task_runner.py:52} INFO - Started process 24893 to run task
[2024-09-16 00:04:30,353] {standard_task_runner.py:79} INFO - Running: ['airflow', 'tasks', 'run', 'BRONZER_GET_CRIPTOS', 'BRONZE_CRIPTO_ETH', 'scheduled__2024-03-07T00:00:00+00:00', '--job-id', '393', '--raw', '--subdir', 'DAGS_FOLDER/get_cripto.py', '--cfg-path', '/tmp/tmp_15tzohn', '--error-file', '/tmp/tmp2adoc1en']
[2024-09-16 00:04:30,355] {standard_task_runner.py:80} INFO - Job 393: Subtask BRONZE_CRIPTO_ETH
[2024-09-16 00:04:30,702] {task_command.py:370} INFO - Running <TaskInstance: BRONZER_GET_CRIPTOS.BRONZE_CRIPTO_ETH scheduled__2024-03-07T00:00:00+00:00 [running]> on host kaiwang.
[2024-09-16 00:04:31,121] {taskinstance.py:1569} INFO - Exporting the following env vars:
AIRFLOW_CTX_DAG_OWNER=airflow
AIRFLOW_CTX_DAG_ID=BRONZER_GET_CRIPTOS
AIRFLOW_CTX_TASK_ID=BRONZE_CRIPTO_ETH
AIRFLOW_CTX_EXECUTION_DATE=2024-03-07T00:00:00+00:00
AIRFLOW_CTX_TRY_NUMBER=1
AIRFLOW_CTX_DAG_RUN_ID=scheduled__2024-03-07T00:00:00+00:00
[2024-09-16 00:04:33,916] {history.py:244} ERROR - $ETH: possibly delisted; no price data found  (1h 2024-03-04 -> 2024-03-07) (Yahoo error = "Data doesn't exist for startDate = 1709528400, endDate = 1709787600")
[2024-09-16 00:04:33,920] {python.py:173} INFO - Done. Returned value was: None
[2024-09-16 00:04:33,938] {taskinstance.py:1395} INFO - Marking task as SUCCESS. dag_id=BRONZER_GET_CRIPTOS, task_id=BRONZE_CRIPTO_ETH, execution_date=20240307T000000, start_date=20240916T030430, end_date=20240916T030433
[2024-09-16 00:04:33,975] {local_task_job.py:156} INFO - Task exited with return code 0
[2024-09-16 00:04:34,026] {local_task_job.py:273} INFO - 0 downstream tasks scheduled from follow-on schedule check
[2024-09-16 00:15:46,445] {taskinstance.py:1159} INFO - Dependencies all met for <TaskInstance: BRONZER_GET_CRIPTOS.BRONZE_CRIPTO_ETH scheduled__2024-03-07T00:00:00+00:00 [queued]>
[2024-09-16 00:15:46,494] {taskinstance.py:1159} INFO - Dependencies all met for <TaskInstance: BRONZER_GET_CRIPTOS.BRONZE_CRIPTO_ETH scheduled__2024-03-07T00:00:00+00:00 [queued]>
[2024-09-16 00:15:46,494] {taskinstance.py:1356} INFO - 
--------------------------------------------------------------------------------
[2024-09-16 00:15:46,494] {taskinstance.py:1357} INFO - Starting attempt 1 of 1
[2024-09-16 00:15:46,494] {taskinstance.py:1358} INFO - 
--------------------------------------------------------------------------------
[2024-09-16 00:15:46,546] {taskinstance.py:1377} INFO - Executing <Task(_PythonDecoratedOperator): BRONZE_CRIPTO_ETH> on 2024-03-07 00:00:00+00:00
[2024-09-16 00:15:46,558] {standard_task_runner.py:52} INFO - Started process 56343 to run task
[2024-09-16 00:15:46,594] {standard_task_runner.py:79} INFO - Running: ['airflow', 'tasks', 'run', 'BRONZER_GET_CRIPTOS', 'BRONZE_CRIPTO_ETH', 'scheduled__2024-03-07T00:00:00+00:00', '--job-id', '2205', '--raw', '--subdir', 'DAGS_FOLDER/get_cripto.py', '--cfg-path', '/tmp/tmp5u1z3ev2', '--error-file', '/tmp/tmphbbu6yzg']
[2024-09-16 00:15:46,595] {standard_task_runner.py:80} INFO - Job 2205: Subtask BRONZE_CRIPTO_ETH
[2024-09-16 00:15:46,882] {task_command.py:370} INFO - Running <TaskInstance: BRONZER_GET_CRIPTOS.BRONZE_CRIPTO_ETH scheduled__2024-03-07T00:00:00+00:00 [running]> on host kaiwang.
[2024-09-16 00:15:47,183] {taskinstance.py:1569} INFO - Exporting the following env vars:
AIRFLOW_CTX_DAG_OWNER=airflow
AIRFLOW_CTX_DAG_ID=BRONZER_GET_CRIPTOS
AIRFLOW_CTX_TASK_ID=BRONZE_CRIPTO_ETH
AIRFLOW_CTX_EXECUTION_DATE=2024-03-07T00:00:00+00:00
AIRFLOW_CTX_TRY_NUMBER=1
AIRFLOW_CTX_DAG_RUN_ID=scheduled__2024-03-07T00:00:00+00:00
[2024-09-16 00:15:50,365] {history.py:244} ERROR - $ETH: possibly delisted; no price data found  (1h 2024-03-04 -> 2024-03-07) (Yahoo error = "Data doesn't exist for startDate = 1709528400, endDate = 1709787600")
[2024-09-16 00:15:50,371] {python.py:173} INFO - Done. Returned value was: None
[2024-09-16 00:15:50,453] {taskinstance.py:1395} INFO - Marking task as SUCCESS. dag_id=BRONZER_GET_CRIPTOS, task_id=BRONZE_CRIPTO_ETH, execution_date=20240307T000000, start_date=20240916T031546, end_date=20240916T031550
[2024-09-16 00:15:50,548] {local_task_job.py:156} INFO - Task exited with return code 0
[2024-09-16 00:15:50,767] {local_task_job.py:273} INFO - 0 downstream tasks scheduled from follow-on schedule check
