[2024-09-16 00:08:06,890] {taskinstance.py:1159} INFO - Dependencies all met for <TaskInstance: BRONZER_GET_CRIPTOS.BRONZE_CRIPTO_AVAX scheduled__2024-08-22T00:00:00+00:00 [queued]>
[2024-09-16 00:08:06,915] {taskinstance.py:1159} INFO - Dependencies all met for <TaskInstance: BRONZER_GET_CRIPTOS.BRONZE_CRIPTO_AVAX scheduled__2024-08-22T00:00:00+00:00 [queued]>
[2024-09-16 00:08:06,915] {taskinstance.py:1356} INFO - 
--------------------------------------------------------------------------------
[2024-09-16 00:08:06,915] {taskinstance.py:1357} INFO - Starting attempt 1 of 1
[2024-09-16 00:08:06,915] {taskinstance.py:1358} INFO - 
--------------------------------------------------------------------------------
[2024-09-16 00:08:06,935] {taskinstance.py:1377} INFO - Executing <Task(_PythonDecoratedOperator): BRONZE_CRIPTO_AVAX> on 2024-08-22 00:00:00+00:00
[2024-09-16 00:08:06,940] {standard_task_runner.py:52} INFO - Started process 42208 to run task
[2024-09-16 00:08:06,945] {standard_task_runner.py:79} INFO - Running: ['airflow', 'tasks', 'run', 'BRONZER_GET_CRIPTOS', 'BRONZE_CRIPTO_AVAX', 'scheduled__2024-08-22T00:00:00+00:00', '--job-id', '1407', '--raw', '--subdir', 'DAGS_FOLDER/get_cripto.py', '--cfg-path', '/tmp/tmpytxyqnsh', '--error-file', '/tmp/tmpj3h8exxl']
[2024-09-16 00:08:06,946] {standard_task_runner.py:80} INFO - Job 1407: Subtask BRONZE_CRIPTO_AVAX
[2024-09-16 00:08:07,052] {task_command.py:370} INFO - Running <TaskInstance: BRONZER_GET_CRIPTOS.BRONZE_CRIPTO_AVAX scheduled__2024-08-22T00:00:00+00:00 [running]> on host kaiwang.
[2024-09-16 00:08:07,143] {taskinstance.py:1569} INFO - Exporting the following env vars:
AIRFLOW_CTX_DAG_OWNER=airflow
AIRFLOW_CTX_DAG_ID=BRONZER_GET_CRIPTOS
AIRFLOW_CTX_TASK_ID=BRONZE_CRIPTO_AVAX
AIRFLOW_CTX_EXECUTION_DATE=2024-08-22T00:00:00+00:00
AIRFLOW_CTX_TRY_NUMBER=1
AIRFLOW_CTX_DAG_RUN_ID=scheduled__2024-08-22T00:00:00+00:00
[2024-09-16 00:08:09,812] {history.py:122} ERROR - $AVAX: possibly delisted; no timezone found
[2024-09-16 00:08:09,816] {python.py:173} INFO - Done. Returned value was: None
[2024-09-16 00:08:09,841] {taskinstance.py:1395} INFO - Marking task as SUCCESS. dag_id=BRONZER_GET_CRIPTOS, task_id=BRONZE_CRIPTO_AVAX, execution_date=20240822T000000, start_date=20240916T030806, end_date=20240916T030809
[2024-09-16 00:08:09,893] {local_task_job.py:156} INFO - Task exited with return code 0
[2024-09-16 00:08:09,937] {local_task_job.py:273} INFO - 0 downstream tasks scheduled from follow-on schedule check
[2024-09-16 13:56:23,478] {taskinstance.py:1159} INFO - Dependencies all met for <TaskInstance: BRONZER_GET_CRIPTOS.BRONZE_CRIPTO_AVAX scheduled__2024-08-22T00:00:00+00:00 [queued]>
[2024-09-16 13:56:23,505] {taskinstance.py:1159} INFO - Dependencies all met for <TaskInstance: BRONZER_GET_CRIPTOS.BRONZE_CRIPTO_AVAX scheduled__2024-08-22T00:00:00+00:00 [queued]>
[2024-09-16 13:56:23,505] {taskinstance.py:1356} INFO - 
--------------------------------------------------------------------------------
[2024-09-16 13:56:23,505] {taskinstance.py:1357} INFO - Starting attempt 1 of 1
[2024-09-16 13:56:23,506] {taskinstance.py:1358} INFO - 
--------------------------------------------------------------------------------
[2024-09-16 13:56:23,539] {taskinstance.py:1377} INFO - Executing <Task(_PythonDecoratedOperator): BRONZE_CRIPTO_AVAX> on 2024-08-22 00:00:00+00:00
[2024-09-16 13:56:23,545] {standard_task_runner.py:52} INFO - Started process 138705 to run task
[2024-09-16 13:56:23,556] {standard_task_runner.py:79} INFO - Running: ['airflow', 'tasks', 'run', 'BRONZER_GET_CRIPTOS', 'BRONZE_CRIPTO_AVAX', 'scheduled__2024-08-22T00:00:00+00:00', '--job-id', '2565', '--raw', '--subdir', 'DAGS_FOLDER/get_cripto.py', '--cfg-path', '/tmp/tmps_6muydt', '--error-file', '/tmp/tmp7r188ilq']
[2024-09-16 13:56:23,557] {standard_task_runner.py:80} INFO - Job 2565: Subtask BRONZE_CRIPTO_AVAX
[2024-09-16 13:56:24,222] {task_command.py:370} INFO - Running <TaskInstance: BRONZER_GET_CRIPTOS.BRONZE_CRIPTO_AVAX scheduled__2024-08-22T00:00:00+00:00 [running]> on host kaiwang.
[2024-09-16 13:56:24,503] {taskinstance.py:1569} INFO - Exporting the following env vars:
AIRFLOW_CTX_DAG_OWNER=airflow
AIRFLOW_CTX_DAG_ID=BRONZER_GET_CRIPTOS
AIRFLOW_CTX_TASK_ID=BRONZE_CRIPTO_AVAX
AIRFLOW_CTX_EXECUTION_DATE=2024-08-22T00:00:00+00:00
AIRFLOW_CTX_TRY_NUMBER=1
AIRFLOW_CTX_DAG_RUN_ID=scheduled__2024-08-22T00:00:00+00:00
[2024-09-16 13:56:27,934] {history.py:122} ERROR - $AVAX: possibly delisted; no timezone found
[2024-09-16 13:56:27,938] {python.py:173} INFO - Done. Returned value was: None
[2024-09-16 13:56:27,962] {taskinstance.py:1395} INFO - Marking task as SUCCESS. dag_id=BRONZER_GET_CRIPTOS, task_id=BRONZE_CRIPTO_AVAX, execution_date=20240822T000000, start_date=20240916T165623, end_date=20240916T165627
[2024-09-16 13:56:28,014] {local_task_job.py:156} INFO - Task exited with return code 0
[2024-09-16 13:56:28,080] {local_task_job.py:273} INFO - 0 downstream tasks scheduled from follow-on schedule check
