[2024-09-16 00:04:02,427] {taskinstance.py:1159} INFO - Dependencies all met for <TaskInstance: BRONZER_GET_STONCKS.BRONZE_STONCKS_TSLA scheduled__2024-02-20T00:00:00+00:00 [queued]>
[2024-09-16 00:04:02,446] {taskinstance.py:1159} INFO - Dependencies all met for <TaskInstance: BRONZER_GET_STONCKS.BRONZE_STONCKS_TSLA scheduled__2024-02-20T00:00:00+00:00 [queued]>
[2024-09-16 00:04:02,446] {taskinstance.py:1356} INFO - 
--------------------------------------------------------------------------------
[2024-09-16 00:04:02,447] {taskinstance.py:1357} INFO - Starting attempt 1 of 1
[2024-09-16 00:04:02,447] {taskinstance.py:1358} INFO - 
--------------------------------------------------------------------------------
[2024-09-16 00:04:02,477] {taskinstance.py:1377} INFO - Executing <Task(_PythonDecoratedOperator): BRONZE_STONCKS_TSLA> on 2024-02-20 00:00:00+00:00
[2024-09-16 00:04:02,483] {standard_task_runner.py:52} INFO - Started process 22689 to run task
[2024-09-16 00:04:02,500] {standard_task_runner.py:79} INFO - Running: ['airflow', 'tasks', 'run', 'BRONZER_GET_STONCKS', 'BRONZE_STONCKS_TSLA', 'scheduled__2024-02-20T00:00:00+00:00', '--job-id', '275', '--raw', '--subdir', 'DAGS_FOLDER/get_stocks.py', '--cfg-path', '/tmp/tmpshoxvvy8', '--error-file', '/tmp/tmpsrkpt3lq']
[2024-09-16 00:04:02,501] {standard_task_runner.py:80} INFO - Job 275: Subtask BRONZE_STONCKS_TSLA
[2024-09-16 00:04:02,672] {task_command.py:370} INFO - Running <TaskInstance: BRONZER_GET_STONCKS.BRONZE_STONCKS_TSLA scheduled__2024-02-20T00:00:00+00:00 [running]> on host kaiwang.
[2024-09-16 00:04:02,979] {taskinstance.py:1569} INFO - Exporting the following env vars:
AIRFLOW_CTX_DAG_OWNER=airflow
AIRFLOW_CTX_DAG_ID=BRONZER_GET_STONCKS
AIRFLOW_CTX_TASK_ID=BRONZE_STONCKS_TSLA
AIRFLOW_CTX_EXECUTION_DATE=2024-02-20T00:00:00+00:00
AIRFLOW_CTX_TRY_NUMBER=1
AIRFLOW_CTX_DAG_RUN_ID=scheduled__2024-02-20T00:00:00+00:00
[2024-09-16 00:04:03,515] {history.py:244} ERROR - $TSLA: possibly delisted; no price data found  (1h 2024-02-17 -> 2024-02-20)
[2024-09-16 00:04:03,520] {python.py:173} INFO - Done. Returned value was: None
[2024-09-16 00:04:03,575] {taskinstance.py:1395} INFO - Marking task as SUCCESS. dag_id=BRONZER_GET_STONCKS, task_id=BRONZE_STONCKS_TSLA, execution_date=20240220T000000, start_date=20240916T030402, end_date=20240916T030403
[2024-09-16 00:04:03,639] {local_task_job.py:156} INFO - Task exited with return code 0
[2024-09-16 00:04:03,760] {local_task_job.py:273} INFO - 0 downstream tasks scheduled from follow-on schedule check
[2024-09-16 00:13:38,501] {taskinstance.py:1159} INFO - Dependencies all met for <TaskInstance: BRONZER_GET_STONCKS.BRONZE_STONCKS_TSLA scheduled__2024-02-20T00:00:00+00:00 [queued]>
[2024-09-16 00:13:38,518] {taskinstance.py:1159} INFO - Dependencies all met for <TaskInstance: BRONZER_GET_STONCKS.BRONZE_STONCKS_TSLA scheduled__2024-02-20T00:00:00+00:00 [queued]>
[2024-09-16 00:13:38,518] {taskinstance.py:1356} INFO - 
--------------------------------------------------------------------------------
[2024-09-16 00:13:38,518] {taskinstance.py:1357} INFO - Starting attempt 1 of 1
[2024-09-16 00:13:38,518] {taskinstance.py:1358} INFO - 
--------------------------------------------------------------------------------
[2024-09-16 00:13:38,532] {taskinstance.py:1377} INFO - Executing <Task(_PythonDecoratedOperator): BRONZE_STONCKS_TSLA> on 2024-02-20 00:00:00+00:00
[2024-09-16 00:13:38,536] {standard_task_runner.py:52} INFO - Started process 48173 to run task
[2024-09-16 00:13:38,541] {standard_task_runner.py:79} INFO - Running: ['airflow', 'tasks', 'run', 'BRONZER_GET_STONCKS', 'BRONZE_STONCKS_TSLA', 'scheduled__2024-02-20T00:00:00+00:00', '--job-id', '1740', '--raw', '--subdir', 'DAGS_FOLDER/get_stocks.py', '--cfg-path', '/tmp/tmp8w226ltt', '--error-file', '/tmp/tmp5k_zizsu']
[2024-09-16 00:13:38,542] {standard_task_runner.py:80} INFO - Job 1740: Subtask BRONZE_STONCKS_TSLA
[2024-09-16 00:13:38,628] {task_command.py:370} INFO - Running <TaskInstance: BRONZER_GET_STONCKS.BRONZE_STONCKS_TSLA scheduled__2024-02-20T00:00:00+00:00 [running]> on host kaiwang.
[2024-09-16 00:13:38,743] {taskinstance.py:1569} INFO - Exporting the following env vars:
AIRFLOW_CTX_DAG_OWNER=airflow
AIRFLOW_CTX_DAG_ID=BRONZER_GET_STONCKS
AIRFLOW_CTX_TASK_ID=BRONZE_STONCKS_TSLA
AIRFLOW_CTX_EXECUTION_DATE=2024-02-20T00:00:00+00:00
AIRFLOW_CTX_TRY_NUMBER=1
AIRFLOW_CTX_DAG_RUN_ID=scheduled__2024-02-20T00:00:00+00:00
[2024-09-16 00:13:39,363] {history.py:244} ERROR - $TSLA: possibly delisted; no price data found  (1h 2024-02-17 -> 2024-02-20)
[2024-09-16 00:13:39,380] {python.py:173} INFO - Done. Returned value was: None
[2024-09-16 00:13:39,457] {taskinstance.py:1395} INFO - Marking task as SUCCESS. dag_id=BRONZER_GET_STONCKS, task_id=BRONZE_STONCKS_TSLA, execution_date=20240220T000000, start_date=20240916T031338, end_date=20240916T031339
[2024-09-16 00:13:39,522] {local_task_job.py:156} INFO - Task exited with return code 0
[2024-09-16 00:13:39,809] {local_task_job.py:273} INFO - 0 downstream tasks scheduled from follow-on schedule check
[2024-09-16 00:15:11,331] {taskinstance.py:1159} INFO - Dependencies all met for <TaskInstance: BRONZER_GET_STONCKS.BRONZE_STONCKS_TSLA scheduled__2024-02-20T00:00:00+00:00 [queued]>
[2024-09-16 00:15:11,346] {taskinstance.py:1159} INFO - Dependencies all met for <TaskInstance: BRONZER_GET_STONCKS.BRONZE_STONCKS_TSLA scheduled__2024-02-20T00:00:00+00:00 [queued]>
[2024-09-16 00:15:11,346] {taskinstance.py:1356} INFO - 
--------------------------------------------------------------------------------
[2024-09-16 00:15:11,346] {taskinstance.py:1357} INFO - Starting attempt 1 of 1
[2024-09-16 00:15:11,346] {taskinstance.py:1358} INFO - 
--------------------------------------------------------------------------------
[2024-09-16 00:15:11,366] {taskinstance.py:1377} INFO - Executing <Task(_PythonDecoratedOperator): BRONZE_STONCKS_TSLA> on 2024-02-20 00:00:00+00:00
[2024-09-16 00:15:11,372] {standard_task_runner.py:52} INFO - Started process 53472 to run task
[2024-09-16 00:15:11,379] {standard_task_runner.py:79} INFO - Running: ['airflow', 'tasks', 'run', 'BRONZER_GET_STONCKS', 'BRONZE_STONCKS_TSLA', 'scheduled__2024-02-20T00:00:00+00:00', '--job-id', '2045', '--raw', '--subdir', 'DAGS_FOLDER/get_stocks.py', '--cfg-path', '/tmp/tmpxuitw_bi', '--error-file', '/tmp/tmpkvqvj7me']
[2024-09-16 00:15:11,380] {standard_task_runner.py:80} INFO - Job 2045: Subtask BRONZE_STONCKS_TSLA
[2024-09-16 00:15:11,529] {task_command.py:370} INFO - Running <TaskInstance: BRONZER_GET_STONCKS.BRONZE_STONCKS_TSLA scheduled__2024-02-20T00:00:00+00:00 [running]> on host kaiwang.
[2024-09-16 00:15:11,671] {taskinstance.py:1569} INFO - Exporting the following env vars:
AIRFLOW_CTX_DAG_OWNER=airflow
AIRFLOW_CTX_DAG_ID=BRONZER_GET_STONCKS
AIRFLOW_CTX_TASK_ID=BRONZE_STONCKS_TSLA
AIRFLOW_CTX_EXECUTION_DATE=2024-02-20T00:00:00+00:00
AIRFLOW_CTX_TRY_NUMBER=1
AIRFLOW_CTX_DAG_RUN_ID=scheduled__2024-02-20T00:00:00+00:00
[2024-09-16 00:15:12,215] {history.py:244} ERROR - $TSLA: possibly delisted; no price data found  (1h 2024-02-17 -> 2024-02-20)
[2024-09-16 00:15:12,219] {python.py:173} INFO - Done. Returned value was: None
[2024-09-16 00:15:12,264] {taskinstance.py:1395} INFO - Marking task as SUCCESS. dag_id=BRONZER_GET_STONCKS, task_id=BRONZE_STONCKS_TSLA, execution_date=20240220T000000, start_date=20240916T031511, end_date=20240916T031512
[2024-09-16 00:15:12,361] {local_task_job.py:156} INFO - Task exited with return code 0
[2024-09-16 00:15:12,650] {local_task_job.py:273} INFO - 0 downstream tasks scheduled from follow-on schedule check
