[2024-09-16 00:08:27,746] {taskinstance.py:1159} INFO - Dependencies all met for <TaskInstance: BRONZER_GET_CRIPTOS.BRONZE_CRIPTO_BTC scheduled__2024-09-13T00:00:00+00:00 [queued]>
[2024-09-16 00:08:27,754] {taskinstance.py:1159} INFO - Dependencies all met for <TaskInstance: BRONZER_GET_CRIPTOS.BRONZE_CRIPTO_BTC scheduled__2024-09-13T00:00:00+00:00 [queued]>
[2024-09-16 00:08:27,754] {taskinstance.py:1356} INFO - 
--------------------------------------------------------------------------------
[2024-09-16 00:08:27,754] {taskinstance.py:1357} INFO - Starting attempt 1 of 1
[2024-09-16 00:08:27,754] {taskinstance.py:1358} INFO - 
--------------------------------------------------------------------------------
[2024-09-16 00:08:27,764] {taskinstance.py:1377} INFO - Executing <Task(_PythonDecoratedOperator): BRONZE_CRIPTO_BTC> on 2024-09-13 00:00:00+00:00
[2024-09-16 00:08:27,769] {standard_task_runner.py:52} INFO - Started process 43300 to run task
[2024-09-16 00:08:27,772] {standard_task_runner.py:79} INFO - Running: ['airflow', 'tasks', 'run', 'BRONZER_GET_CRIPTOS', 'BRONZE_CRIPTO_BTC', 'scheduled__2024-09-13T00:00:00+00:00', '--job-id', '1472', '--raw', '--subdir', 'DAGS_FOLDER/get_cripto.py', '--cfg-path', '/tmp/tmpeowwzcvm', '--error-file', '/tmp/tmpb5beuf39']
[2024-09-16 00:08:27,773] {standard_task_runner.py:80} INFO - Job 1472: Subtask BRONZE_CRIPTO_BTC
[2024-09-16 00:08:27,856] {task_command.py:370} INFO - Running <TaskInstance: BRONZER_GET_CRIPTOS.BRONZE_CRIPTO_BTC scheduled__2024-09-13T00:00:00+00:00 [running]> on host kaiwang.
[2024-09-16 00:08:27,944] {taskinstance.py:1569} INFO - Exporting the following env vars:
AIRFLOW_CTX_DAG_OWNER=airflow
AIRFLOW_CTX_DAG_ID=BRONZER_GET_CRIPTOS
AIRFLOW_CTX_TASK_ID=BRONZE_CRIPTO_BTC
AIRFLOW_CTX_EXECUTION_DATE=2024-09-13T00:00:00+00:00
AIRFLOW_CTX_TRY_NUMBER=1
AIRFLOW_CTX_DAG_RUN_ID=scheduled__2024-09-13T00:00:00+00:00
[2024-09-16 00:08:28,687] {python.py:173} INFO - Done. Returned value was: None
[2024-09-16 00:08:28,701] {taskinstance.py:1395} INFO - Marking task as SUCCESS. dag_id=BRONZER_GET_CRIPTOS, task_id=BRONZE_CRIPTO_BTC, execution_date=20240913T000000, start_date=20240916T030827, end_date=20240916T030828
[2024-09-16 00:08:28,747] {local_task_job.py:156} INFO - Task exited with return code 0
[2024-09-16 00:08:28,781] {local_task_job.py:273} INFO - 0 downstream tasks scheduled from follow-on schedule check
[2024-09-16 13:56:56,418] {taskinstance.py:1159} INFO - Dependencies all met for <TaskInstance: BRONZER_GET_CRIPTOS.BRONZE_CRIPTO_BTC scheduled__2024-09-13T00:00:00+00:00 [queued]>
[2024-09-16 13:56:56,436] {taskinstance.py:1159} INFO - Dependencies all met for <TaskInstance: BRONZER_GET_CRIPTOS.BRONZE_CRIPTO_BTC scheduled__2024-09-13T00:00:00+00:00 [queued]>
[2024-09-16 13:56:56,437] {taskinstance.py:1356} INFO - 
--------------------------------------------------------------------------------
[2024-09-16 13:56:56,437] {taskinstance.py:1357} INFO - Starting attempt 1 of 1
[2024-09-16 13:56:56,437] {taskinstance.py:1358} INFO - 
--------------------------------------------------------------------------------
[2024-09-16 13:56:56,455] {taskinstance.py:1377} INFO - Executing <Task(_PythonDecoratedOperator): BRONZE_CRIPTO_BTC> on 2024-09-13 00:00:00+00:00
[2024-09-16 13:56:56,461] {standard_task_runner.py:52} INFO - Started process 141332 to run task
[2024-09-16 13:56:56,465] {standard_task_runner.py:79} INFO - Running: ['airflow', 'tasks', 'run', 'BRONZER_GET_CRIPTOS', 'BRONZE_CRIPTO_BTC', 'scheduled__2024-09-13T00:00:00+00:00', '--job-id', '2689', '--raw', '--subdir', 'DAGS_FOLDER/get_cripto.py', '--cfg-path', '/tmp/tmp78qo14qs', '--error-file', '/tmp/tmp5sw2nn8a']
[2024-09-16 13:56:56,466] {standard_task_runner.py:80} INFO - Job 2689: Subtask BRONZE_CRIPTO_BTC
[2024-09-16 13:56:56,556] {task_command.py:370} INFO - Running <TaskInstance: BRONZER_GET_CRIPTOS.BRONZE_CRIPTO_BTC scheduled__2024-09-13T00:00:00+00:00 [running]> on host kaiwang.
[2024-09-16 13:56:56,777] {taskinstance.py:1569} INFO - Exporting the following env vars:
AIRFLOW_CTX_DAG_OWNER=airflow
AIRFLOW_CTX_DAG_ID=BRONZER_GET_CRIPTOS
AIRFLOW_CTX_TASK_ID=BRONZE_CRIPTO_BTC
AIRFLOW_CTX_EXECUTION_DATE=2024-09-13T00:00:00+00:00
AIRFLOW_CTX_TRY_NUMBER=1
AIRFLOW_CTX_DAG_RUN_ID=scheduled__2024-09-13T00:00:00+00:00
[2024-09-16 13:56:57,971] {python.py:173} INFO - Done. Returned value was: None
[2024-09-16 13:56:57,986] {taskinstance.py:1395} INFO - Marking task as SUCCESS. dag_id=BRONZER_GET_CRIPTOS, task_id=BRONZE_CRIPTO_BTC, execution_date=20240913T000000, start_date=20240916T165656, end_date=20240916T165657
[2024-09-16 13:56:58,003] {local_task_job.py:156} INFO - Task exited with return code 0
[2024-09-16 13:56:58,037] {local_task_job.py:273} INFO - 0 downstream tasks scheduled from follow-on schedule check
