[2024-09-16 00:03:49,731] {taskinstance.py:1159} INFO - Dependencies all met for <TaskInstance: BRONZER_GET_CRIPTOS.BRONZE_CRIPTO_AVAX scheduled__2024-02-07T00:00:00+00:00 [queued]>
[2024-09-16 00:03:49,769] {taskinstance.py:1159} INFO - Dependencies all met for <TaskInstance: BRONZER_GET_CRIPTOS.BRONZE_CRIPTO_AVAX scheduled__2024-02-07T00:00:00+00:00 [queued]>
[2024-09-16 00:03:49,769] {taskinstance.py:1356} INFO - 
--------------------------------------------------------------------------------
[2024-09-16 00:03:49,769] {taskinstance.py:1357} INFO - Starting attempt 1 of 1
[2024-09-16 00:03:49,769] {taskinstance.py:1358} INFO - 
--------------------------------------------------------------------------------
[2024-09-16 00:03:49,839] {taskinstance.py:1377} INFO - Executing <Task(_PythonDecoratedOperator): BRONZE_CRIPTO_AVAX> on 2024-02-07 00:00:00+00:00
[2024-09-16 00:03:49,845] {standard_task_runner.py:52} INFO - Started process 21707 to run task
[2024-09-16 00:03:49,875] {standard_task_runner.py:79} INFO - Running: ['airflow', 'tasks', 'run', 'BRONZER_GET_CRIPTOS', 'BRONZE_CRIPTO_AVAX', 'scheduled__2024-02-07T00:00:00+00:00', '--job-id', '220', '--raw', '--subdir', 'DAGS_FOLDER/get_cripto.py', '--cfg-path', '/tmp/tmp_cnwmivr', '--error-file', '/tmp/tmpprh9o9ye']
[2024-09-16 00:03:49,876] {standard_task_runner.py:80} INFO - Job 220: Subtask BRONZE_CRIPTO_AVAX
[2024-09-16 00:03:50,088] {task_command.py:370} INFO - Running <TaskInstance: BRONZER_GET_CRIPTOS.BRONZE_CRIPTO_AVAX scheduled__2024-02-07T00:00:00+00:00 [running]> on host kaiwang.
[2024-09-16 00:03:50,393] {taskinstance.py:1569} INFO - Exporting the following env vars:
AIRFLOW_CTX_DAG_OWNER=airflow
AIRFLOW_CTX_DAG_ID=BRONZER_GET_CRIPTOS
AIRFLOW_CTX_TASK_ID=BRONZE_CRIPTO_AVAX
AIRFLOW_CTX_EXECUTION_DATE=2024-02-07T00:00:00+00:00
AIRFLOW_CTX_TRY_NUMBER=1
AIRFLOW_CTX_DAG_RUN_ID=scheduled__2024-02-07T00:00:00+00:00
[2024-09-16 00:03:52,998] {history.py:122} ERROR - $AVAX: possibly delisted; no timezone found
[2024-09-16 00:03:53,004] {python.py:173} INFO - Done. Returned value was: None
[2024-09-16 00:03:53,067] {taskinstance.py:1395} INFO - Marking task as SUCCESS. dag_id=BRONZER_GET_CRIPTOS, task_id=BRONZE_CRIPTO_AVAX, execution_date=20240207T000000, start_date=20240916T030349, end_date=20240916T030353
[2024-09-16 00:03:53,181] {local_task_job.py:156} INFO - Task exited with return code 0
[2024-09-16 00:03:53,440] {local_task_job.py:273} INFO - 0 downstream tasks scheduled from follow-on schedule check
[2024-09-16 00:13:30,716] {taskinstance.py:1159} INFO - Dependencies all met for <TaskInstance: BRONZER_GET_CRIPTOS.BRONZE_CRIPTO_AVAX scheduled__2024-02-07T00:00:00+00:00 [queued]>
[2024-09-16 00:13:30,765] {taskinstance.py:1159} INFO - Dependencies all met for <TaskInstance: BRONZER_GET_CRIPTOS.BRONZE_CRIPTO_AVAX scheduled__2024-02-07T00:00:00+00:00 [queued]>
[2024-09-16 00:13:30,766] {taskinstance.py:1356} INFO - 
--------------------------------------------------------------------------------
[2024-09-16 00:13:30,766] {taskinstance.py:1357} INFO - Starting attempt 1 of 1
[2024-09-16 00:13:30,766] {taskinstance.py:1358} INFO - 
--------------------------------------------------------------------------------
[2024-09-16 00:13:30,829] {taskinstance.py:1377} INFO - Executing <Task(_PythonDecoratedOperator): BRONZE_CRIPTO_AVAX> on 2024-02-07 00:00:00+00:00
[2024-09-16 00:13:30,836] {standard_task_runner.py:52} INFO - Started process 47518 to run task
[2024-09-16 00:13:30,880] {standard_task_runner.py:79} INFO - Running: ['airflow', 'tasks', 'run', 'BRONZER_GET_CRIPTOS', 'BRONZE_CRIPTO_AVAX', 'scheduled__2024-02-07T00:00:00+00:00', '--job-id', '1702', '--raw', '--subdir', 'DAGS_FOLDER/get_cripto.py', '--cfg-path', '/tmp/tmpu5n55axe', '--error-file', '/tmp/tmpr0tny_3o']
[2024-09-16 00:13:30,921] {standard_task_runner.py:80} INFO - Job 1702: Subtask BRONZE_CRIPTO_AVAX
[2024-09-16 00:13:31,180] {task_command.py:370} INFO - Running <TaskInstance: BRONZER_GET_CRIPTOS.BRONZE_CRIPTO_AVAX scheduled__2024-02-07T00:00:00+00:00 [running]> on host kaiwang.
[2024-09-16 00:13:31,546] {taskinstance.py:1569} INFO - Exporting the following env vars:
AIRFLOW_CTX_DAG_OWNER=airflow
AIRFLOW_CTX_DAG_ID=BRONZER_GET_CRIPTOS
AIRFLOW_CTX_TASK_ID=BRONZE_CRIPTO_AVAX
AIRFLOW_CTX_EXECUTION_DATE=2024-02-07T00:00:00+00:00
AIRFLOW_CTX_TRY_NUMBER=1
AIRFLOW_CTX_DAG_RUN_ID=scheduled__2024-02-07T00:00:00+00:00
[2024-09-16 00:13:34,485] {history.py:122} ERROR - $AVAX: possibly delisted; no timezone found
[2024-09-16 00:13:34,493] {python.py:173} INFO - Done. Returned value was: None
[2024-09-16 00:13:34,685] {taskinstance.py:1395} INFO - Marking task as SUCCESS. dag_id=BRONZER_GET_CRIPTOS, task_id=BRONZE_CRIPTO_AVAX, execution_date=20240207T000000, start_date=20240916T031330, end_date=20240916T031334
[2024-09-16 00:13:34,742] {local_task_job.py:156} INFO - Task exited with return code 0
[2024-09-16 00:13:34,851] {local_task_job.py:273} INFO - 0 downstream tasks scheduled from follow-on schedule check
[2024-09-16 00:15:08,573] {taskinstance.py:1159} INFO - Dependencies all met for <TaskInstance: BRONZER_GET_CRIPTOS.BRONZE_CRIPTO_AVAX scheduled__2024-02-07T00:00:00+00:00 [queued]>
[2024-09-16 00:15:08,653] {taskinstance.py:1159} INFO - Dependencies all met for <TaskInstance: BRONZER_GET_CRIPTOS.BRONZE_CRIPTO_AVAX scheduled__2024-02-07T00:00:00+00:00 [queued]>
[2024-09-16 00:15:08,654] {taskinstance.py:1356} INFO - 
--------------------------------------------------------------------------------
[2024-09-16 00:15:08,654] {taskinstance.py:1357} INFO - Starting attempt 1 of 1
[2024-09-16 00:15:08,654] {taskinstance.py:1358} INFO - 
--------------------------------------------------------------------------------
[2024-09-16 00:15:08,723] {taskinstance.py:1377} INFO - Executing <Task(_PythonDecoratedOperator): BRONZE_CRIPTO_AVAX> on 2024-02-07 00:00:00+00:00
[2024-09-16 00:15:08,744] {standard_task_runner.py:52} INFO - Started process 53237 to run task
[2024-09-16 00:15:08,776] {standard_task_runner.py:79} INFO - Running: ['airflow', 'tasks', 'run', 'BRONZER_GET_CRIPTOS', 'BRONZE_CRIPTO_AVAX', 'scheduled__2024-02-07T00:00:00+00:00', '--job-id', '2023', '--raw', '--subdir', 'DAGS_FOLDER/get_cripto.py', '--cfg-path', '/tmp/tmpqpxvow3b', '--error-file', '/tmp/tmp_mn4yn2p']
[2024-09-16 00:15:08,778] {standard_task_runner.py:80} INFO - Job 2023: Subtask BRONZE_CRIPTO_AVAX
[2024-09-16 00:15:09,102] {task_command.py:370} INFO - Running <TaskInstance: BRONZER_GET_CRIPTOS.BRONZE_CRIPTO_AVAX scheduled__2024-02-07T00:00:00+00:00 [running]> on host kaiwang.
[2024-09-16 00:15:09,504] {taskinstance.py:1569} INFO - Exporting the following env vars:
AIRFLOW_CTX_DAG_OWNER=airflow
AIRFLOW_CTX_DAG_ID=BRONZER_GET_CRIPTOS
AIRFLOW_CTX_TASK_ID=BRONZE_CRIPTO_AVAX
AIRFLOW_CTX_EXECUTION_DATE=2024-02-07T00:00:00+00:00
AIRFLOW_CTX_TRY_NUMBER=1
AIRFLOW_CTX_DAG_RUN_ID=scheduled__2024-02-07T00:00:00+00:00
[2024-09-16 00:15:12,480] {history.py:122} ERROR - $AVAX: possibly delisted; no timezone found
[2024-09-16 00:15:12,484] {python.py:173} INFO - Done. Returned value was: None
[2024-09-16 00:15:12,592] {taskinstance.py:1395} INFO - Marking task as SUCCESS. dag_id=BRONZER_GET_CRIPTOS, task_id=BRONZE_CRIPTO_AVAX, execution_date=20240207T000000, start_date=20240916T031508, end_date=20240916T031512
[2024-09-16 00:15:12,682] {local_task_job.py:156} INFO - Task exited with return code 0
[2024-09-16 00:15:12,836] {local_task_job.py:273} INFO - 0 downstream tasks scheduled from follow-on schedule check
