[2024-09-16 00:04:14,942] {taskinstance.py:1159} INFO - Dependencies all met for <TaskInstance: BRONZER_GET_STONCKS.BRONZE_STONCKS_MSFT scheduled__2024-02-29T00:00:00+00:00 [queued]>
[2024-09-16 00:04:14,956] {taskinstance.py:1159} INFO - Dependencies all met for <TaskInstance: BRONZER_GET_STONCKS.BRONZE_STONCKS_MSFT scheduled__2024-02-29T00:00:00+00:00 [queued]>
[2024-09-16 00:04:14,956] {taskinstance.py:1356} INFO - 
--------------------------------------------------------------------------------
[2024-09-16 00:04:14,956] {taskinstance.py:1357} INFO - Starting attempt 1 of 1
[2024-09-16 00:04:14,956] {taskinstance.py:1358} INFO - 
--------------------------------------------------------------------------------
[2024-09-16 00:04:14,979] {taskinstance.py:1377} INFO - Executing <Task(_PythonDecoratedOperator): BRONZE_STONCKS_MSFT> on 2024-02-29 00:00:00+00:00
[2024-09-16 00:04:14,985] {standard_task_runner.py:52} INFO - Started process 23658 to run task
[2024-09-16 00:04:15,000] {standard_task_runner.py:79} INFO - Running: ['airflow', 'tasks', 'run', 'BRONZER_GET_STONCKS', 'BRONZE_STONCKS_MSFT', 'scheduled__2024-02-29T00:00:00+00:00', '--job-id', '331', '--raw', '--subdir', 'DAGS_FOLDER/get_stocks.py', '--cfg-path', '/tmp/tmp8uate6hr', '--error-file', '/tmp/tmp9g8phuek']
[2024-09-16 00:04:15,002] {standard_task_runner.py:80} INFO - Job 331: Subtask BRONZE_STONCKS_MSFT
[2024-09-16 00:04:15,158] {task_command.py:370} INFO - Running <TaskInstance: BRONZER_GET_STONCKS.BRONZE_STONCKS_MSFT scheduled__2024-02-29T00:00:00+00:00 [running]> on host kaiwang.
[2024-09-16 00:04:15,377] {taskinstance.py:1569} INFO - Exporting the following env vars:
AIRFLOW_CTX_DAG_OWNER=airflow
AIRFLOW_CTX_DAG_ID=BRONZER_GET_STONCKS
AIRFLOW_CTX_TASK_ID=BRONZE_STONCKS_MSFT
AIRFLOW_CTX_EXECUTION_DATE=2024-02-29T00:00:00+00:00
AIRFLOW_CTX_TRY_NUMBER=1
AIRFLOW_CTX_DAG_RUN_ID=scheduled__2024-02-29T00:00:00+00:00
[2024-09-16 00:04:15,999] {python.py:173} INFO - Done. Returned value was: None
[2024-09-16 00:04:16,020] {taskinstance.py:1395} INFO - Marking task as SUCCESS. dag_id=BRONZER_GET_STONCKS, task_id=BRONZE_STONCKS_MSFT, execution_date=20240229T000000, start_date=20240916T030414, end_date=20240916T030416
[2024-09-16 00:04:16,064] {local_task_job.py:156} INFO - Task exited with return code 0
[2024-09-16 00:04:16,100] {local_task_job.py:273} INFO - 0 downstream tasks scheduled from follow-on schedule check
[2024-09-16 00:15:24,557] {taskinstance.py:1159} INFO - Dependencies all met for <TaskInstance: BRONZER_GET_STONCKS.BRONZE_STONCKS_MSFT scheduled__2024-02-29T00:00:00+00:00 [queued]>
[2024-09-16 00:15:24,574] {taskinstance.py:1159} INFO - Dependencies all met for <TaskInstance: BRONZER_GET_STONCKS.BRONZE_STONCKS_MSFT scheduled__2024-02-29T00:00:00+00:00 [queued]>
[2024-09-16 00:15:24,574] {taskinstance.py:1356} INFO - 
--------------------------------------------------------------------------------
[2024-09-16 00:15:24,574] {taskinstance.py:1357} INFO - Starting attempt 1 of 1
[2024-09-16 00:15:24,574] {taskinstance.py:1358} INFO - 
--------------------------------------------------------------------------------
[2024-09-16 00:15:24,625] {taskinstance.py:1377} INFO - Executing <Task(_PythonDecoratedOperator): BRONZE_STONCKS_MSFT> on 2024-02-29 00:00:00+00:00
[2024-09-16 00:15:24,634] {standard_task_runner.py:52} INFO - Started process 54510 to run task
[2024-09-16 00:15:24,657] {standard_task_runner.py:79} INFO - Running: ['airflow', 'tasks', 'run', 'BRONZER_GET_STONCKS', 'BRONZE_STONCKS_MSFT', 'scheduled__2024-02-29T00:00:00+00:00', '--job-id', '2108', '--raw', '--subdir', 'DAGS_FOLDER/get_stocks.py', '--cfg-path', '/tmp/tmp87u_gbn9', '--error-file', '/tmp/tmpt6368xtq']
[2024-09-16 00:15:24,659] {standard_task_runner.py:80} INFO - Job 2108: Subtask BRONZE_STONCKS_MSFT
[2024-09-16 00:15:24,861] {task_command.py:370} INFO - Running <TaskInstance: BRONZER_GET_STONCKS.BRONZE_STONCKS_MSFT scheduled__2024-02-29T00:00:00+00:00 [running]> on host kaiwang.
[2024-09-16 00:15:25,112] {taskinstance.py:1569} INFO - Exporting the following env vars:
AIRFLOW_CTX_DAG_OWNER=airflow
AIRFLOW_CTX_DAG_ID=BRONZER_GET_STONCKS
AIRFLOW_CTX_TASK_ID=BRONZE_STONCKS_MSFT
AIRFLOW_CTX_EXECUTION_DATE=2024-02-29T00:00:00+00:00
AIRFLOW_CTX_TRY_NUMBER=1
AIRFLOW_CTX_DAG_RUN_ID=scheduled__2024-02-29T00:00:00+00:00
[2024-09-16 00:15:25,904] {python.py:173} INFO - Done. Returned value was: None
[2024-09-16 00:15:25,929] {taskinstance.py:1395} INFO - Marking task as SUCCESS. dag_id=BRONZER_GET_STONCKS, task_id=BRONZE_STONCKS_MSFT, execution_date=20240229T000000, start_date=20240916T031524, end_date=20240916T031525
[2024-09-16 00:15:25,972] {local_task_job.py:156} INFO - Task exited with return code 0
[2024-09-16 00:15:26,022] {local_task_job.py:273} INFO - 0 downstream tasks scheduled from follow-on schedule check
