[2024-09-16 00:05:32,830] {taskinstance.py:1159} INFO - Dependencies all met for <TaskInstance: BRONZER_GET_STONCKS.BRONZE_STONCKS_AAPL scheduled__2024-05-08T00:00:00+00:00 [queued]>
[2024-09-16 00:05:32,902] {taskinstance.py:1159} INFO - Dependencies all met for <TaskInstance: BRONZER_GET_STONCKS.BRONZE_STONCKS_AAPL scheduled__2024-05-08T00:00:00+00:00 [queued]>
[2024-09-16 00:05:32,902] {taskinstance.py:1356} INFO - 
--------------------------------------------------------------------------------
[2024-09-16 00:05:32,902] {taskinstance.py:1357} INFO - Starting attempt 1 of 1
[2024-09-16 00:05:32,902] {taskinstance.py:1358} INFO - 
--------------------------------------------------------------------------------
[2024-09-16 00:05:32,974] {taskinstance.py:1377} INFO - Executing <Task(_PythonDecoratedOperator): BRONZE_STONCKS_AAPL> on 2024-05-08 00:00:00+00:00
[2024-09-16 00:05:32,993] {standard_task_runner.py:52} INFO - Started process 29888 to run task
[2024-09-16 00:05:33,028] {standard_task_runner.py:79} INFO - Running: ['airflow', 'tasks', 'run', 'BRONZER_GET_STONCKS', 'BRONZE_STONCKS_AAPL', 'scheduled__2024-05-08T00:00:00+00:00', '--job-id', '690', '--raw', '--subdir', 'DAGS_FOLDER/get_stocks.py', '--cfg-path', '/tmp/tmpk19r6dnc', '--error-file', '/tmp/tmpxmsq8s4w']
[2024-09-16 00:05:33,029] {standard_task_runner.py:80} INFO - Job 690: Subtask BRONZE_STONCKS_AAPL
[2024-09-16 00:05:33,208] {task_command.py:370} INFO - Running <TaskInstance: BRONZER_GET_STONCKS.BRONZE_STONCKS_AAPL scheduled__2024-05-08T00:00:00+00:00 [running]> on host kaiwang.
[2024-09-16 00:05:33,472] {taskinstance.py:1569} INFO - Exporting the following env vars:
AIRFLOW_CTX_DAG_OWNER=airflow
AIRFLOW_CTX_DAG_ID=BRONZER_GET_STONCKS
AIRFLOW_CTX_TASK_ID=BRONZE_STONCKS_AAPL
AIRFLOW_CTX_EXECUTION_DATE=2024-05-08T00:00:00+00:00
AIRFLOW_CTX_TRY_NUMBER=1
AIRFLOW_CTX_DAG_RUN_ID=scheduled__2024-05-08T00:00:00+00:00
[2024-09-16 00:05:34,174] {python.py:173} INFO - Done. Returned value was: None
[2024-09-16 00:05:34,223] {taskinstance.py:1395} INFO - Marking task as SUCCESS. dag_id=BRONZER_GET_STONCKS, task_id=BRONZE_STONCKS_AAPL, execution_date=20240508T000000, start_date=20240916T030532, end_date=20240916T030534
[2024-09-16 00:05:34,287] {local_task_job.py:156} INFO - Task exited with return code 0
[2024-09-16 00:05:34,557] {local_task_job.py:273} INFO - 0 downstream tasks scheduled from follow-on schedule check
