[2024-09-16 00:05:03,490] {taskinstance.py:1159} INFO - Dependencies all met for <TaskInstance: BRONZER_GET_CRIPTOS.BRONZE_CRIPTO_AVAX scheduled__2024-03-28T00:00:00+00:00 [queued]>
[2024-09-16 00:05:03,537] {taskinstance.py:1159} INFO - Dependencies all met for <TaskInstance: BRONZER_GET_CRIPTOS.BRONZE_CRIPTO_AVAX scheduled__2024-03-28T00:00:00+00:00 [queued]>
[2024-09-16 00:05:03,537] {taskinstance.py:1356} INFO - 
--------------------------------------------------------------------------------
[2024-09-16 00:05:03,537] {taskinstance.py:1357} INFO - Starting attempt 1 of 1
[2024-09-16 00:05:03,537] {taskinstance.py:1358} INFO - 
--------------------------------------------------------------------------------
[2024-09-16 00:05:03,614] {taskinstance.py:1377} INFO - Executing <Task(_PythonDecoratedOperator): BRONZE_CRIPTO_AVAX> on 2024-03-28 00:00:00+00:00
[2024-09-16 00:05:03,620] {standard_task_runner.py:52} INFO - Started process 27358 to run task
[2024-09-16 00:05:03,645] {standard_task_runner.py:79} INFO - Running: ['airflow', 'tasks', 'run', 'BRONZER_GET_CRIPTOS', 'BRONZE_CRIPTO_AVAX', 'scheduled__2024-03-28T00:00:00+00:00', '--job-id', '535', '--raw', '--subdir', 'DAGS_FOLDER/get_cripto.py', '--cfg-path', '/tmp/tmp8f0uqzew', '--error-file', '/tmp/tmp2dvrmi0m']
[2024-09-16 00:05:03,646] {standard_task_runner.py:80} INFO - Job 535: Subtask BRONZE_CRIPTO_AVAX
[2024-09-16 00:05:03,961] {task_command.py:370} INFO - Running <TaskInstance: BRONZER_GET_CRIPTOS.BRONZE_CRIPTO_AVAX scheduled__2024-03-28T00:00:00+00:00 [running]> on host kaiwang.
[2024-09-16 00:05:04,799] {taskinstance.py:1569} INFO - Exporting the following env vars:
AIRFLOW_CTX_DAG_OWNER=airflow
AIRFLOW_CTX_DAG_ID=BRONZER_GET_CRIPTOS
AIRFLOW_CTX_TASK_ID=BRONZE_CRIPTO_AVAX
AIRFLOW_CTX_EXECUTION_DATE=2024-03-28T00:00:00+00:00
AIRFLOW_CTX_TRY_NUMBER=1
AIRFLOW_CTX_DAG_RUN_ID=scheduled__2024-03-28T00:00:00+00:00
[2024-09-16 00:05:07,325] {history.py:122} ERROR - $AVAX: possibly delisted; no timezone found
[2024-09-16 00:05:07,330] {python.py:173} INFO - Done. Returned value was: None
[2024-09-16 00:05:07,388] {taskinstance.py:1395} INFO - Marking task as SUCCESS. dag_id=BRONZER_GET_CRIPTOS, task_id=BRONZE_CRIPTO_AVAX, execution_date=20240328T000000, start_date=20240916T030503, end_date=20240916T030507
[2024-09-16 00:05:07,469] {local_task_job.py:156} INFO - Task exited with return code 0
[2024-09-16 00:05:07,618] {local_task_job.py:273} INFO - 0 downstream tasks scheduled from follow-on schedule check
[2024-09-16 00:16:16,612] {taskinstance.py:1159} INFO - Dependencies all met for <TaskInstance: BRONZER_GET_CRIPTOS.BRONZE_CRIPTO_AVAX scheduled__2024-03-28T00:00:00+00:00 [queued]>
[2024-09-16 00:16:16,643] {taskinstance.py:1159} INFO - Dependencies all met for <TaskInstance: BRONZER_GET_CRIPTOS.BRONZE_CRIPTO_AVAX scheduled__2024-03-28T00:00:00+00:00 [queued]>
[2024-09-16 00:16:16,645] {taskinstance.py:1356} INFO - 
--------------------------------------------------------------------------------
[2024-09-16 00:16:16,646] {taskinstance.py:1357} INFO - Starting attempt 1 of 1
[2024-09-16 00:16:16,646] {taskinstance.py:1358} INFO - 
--------------------------------------------------------------------------------
[2024-09-16 00:16:16,691] {taskinstance.py:1377} INFO - Executing <Task(_PythonDecoratedOperator): BRONZE_CRIPTO_AVAX> on 2024-03-28 00:00:00+00:00
[2024-09-16 00:16:16,697] {standard_task_runner.py:52} INFO - Started process 58790 to run task
[2024-09-16 00:16:16,726] {standard_task_runner.py:79} INFO - Running: ['airflow', 'tasks', 'run', 'BRONZER_GET_CRIPTOS', 'BRONZE_CRIPTO_AVAX', 'scheduled__2024-03-28T00:00:00+00:00', '--job-id', '2353', '--raw', '--subdir', 'DAGS_FOLDER/get_cripto.py', '--cfg-path', '/tmp/tmp6dj9j60d', '--error-file', '/tmp/tmppbyyyv8f']
[2024-09-16 00:16:16,731] {standard_task_runner.py:80} INFO - Job 2353: Subtask BRONZE_CRIPTO_AVAX
[2024-09-16 00:16:16,943] {task_command.py:370} INFO - Running <TaskInstance: BRONZER_GET_CRIPTOS.BRONZE_CRIPTO_AVAX scheduled__2024-03-28T00:00:00+00:00 [running]> on host kaiwang.
[2024-09-16 00:16:17,234] {taskinstance.py:1569} INFO - Exporting the following env vars:
AIRFLOW_CTX_DAG_OWNER=airflow
AIRFLOW_CTX_DAG_ID=BRONZER_GET_CRIPTOS
AIRFLOW_CTX_TASK_ID=BRONZE_CRIPTO_AVAX
AIRFLOW_CTX_EXECUTION_DATE=2024-03-28T00:00:00+00:00
AIRFLOW_CTX_TRY_NUMBER=1
AIRFLOW_CTX_DAG_RUN_ID=scheduled__2024-03-28T00:00:00+00:00
[2024-09-16 00:16:20,127] {history.py:122} ERROR - $AVAX: possibly delisted; no timezone found
[2024-09-16 00:16:20,131] {python.py:173} INFO - Done. Returned value was: None
[2024-09-16 00:16:20,426] {taskinstance.py:1395} INFO - Marking task as SUCCESS. dag_id=BRONZER_GET_CRIPTOS, task_id=BRONZE_CRIPTO_AVAX, execution_date=20240328T000000, start_date=20240916T031616, end_date=20240916T031620
[2024-09-16 00:16:20,492] {local_task_job.py:156} INFO - Task exited with return code 0
[2024-09-16 00:16:20,639] {local_task_job.py:273} INFO - 0 downstream tasks scheduled from follow-on schedule check
