[2024-09-16 00:07:52,663] {taskinstance.py:1159} INFO - Dependencies all met for <TaskInstance: BRONZER_GET_CRIPTOS.BRONZE_CRIPTO_AVAX scheduled__2024-08-06T00:00:00+00:00 [queued]>
[2024-09-16 00:07:52,677] {taskinstance.py:1159} INFO - Dependencies all met for <TaskInstance: BRONZER_GET_CRIPTOS.BRONZE_CRIPTO_AVAX scheduled__2024-08-06T00:00:00+00:00 [queued]>
[2024-09-16 00:07:52,677] {taskinstance.py:1356} INFO - 
--------------------------------------------------------------------------------
[2024-09-16 00:07:52,678] {taskinstance.py:1357} INFO - Starting attempt 1 of 1
[2024-09-16 00:07:52,678] {taskinstance.py:1358} INFO - 
--------------------------------------------------------------------------------
[2024-09-16 00:07:52,706] {taskinstance.py:1377} INFO - Executing <Task(_PythonDecoratedOperator): BRONZE_CRIPTO_AVAX> on 2024-08-06 00:00:00+00:00
[2024-09-16 00:07:52,712] {standard_task_runner.py:52} INFO - Started process 41329 to run task
[2024-09-16 00:07:52,733] {standard_task_runner.py:79} INFO - Running: ['airflow', 'tasks', 'run', 'BRONZER_GET_CRIPTOS', 'BRONZE_CRIPTO_AVAX', 'scheduled__2024-08-06T00:00:00+00:00', '--job-id', '1359', '--raw', '--subdir', 'DAGS_FOLDER/get_cripto.py', '--cfg-path', '/tmp/tmp8mz7uipi', '--error-file', '/tmp/tmpb7yoti5_']
[2024-09-16 00:07:52,734] {standard_task_runner.py:80} INFO - Job 1359: Subtask BRONZE_CRIPTO_AVAX
[2024-09-16 00:07:52,988] {task_command.py:370} INFO - Running <TaskInstance: BRONZER_GET_CRIPTOS.BRONZE_CRIPTO_AVAX scheduled__2024-08-06T00:00:00+00:00 [running]> on host kaiwang.
[2024-09-16 00:07:53,348] {taskinstance.py:1569} INFO - Exporting the following env vars:
AIRFLOW_CTX_DAG_OWNER=airflow
AIRFLOW_CTX_DAG_ID=BRONZER_GET_CRIPTOS
AIRFLOW_CTX_TASK_ID=BRONZE_CRIPTO_AVAX
AIRFLOW_CTX_EXECUTION_DATE=2024-08-06T00:00:00+00:00
AIRFLOW_CTX_TRY_NUMBER=1
AIRFLOW_CTX_DAG_RUN_ID=scheduled__2024-08-06T00:00:00+00:00
[2024-09-16 00:07:56,233] {history.py:122} ERROR - $AVAX: possibly delisted; no timezone found
[2024-09-16 00:07:56,236] {python.py:173} INFO - Done. Returned value was: None
[2024-09-16 00:07:56,259] {taskinstance.py:1395} INFO - Marking task as SUCCESS. dag_id=BRONZER_GET_CRIPTOS, task_id=BRONZE_CRIPTO_AVAX, execution_date=20240806T000000, start_date=20240916T030752, end_date=20240916T030756
[2024-09-16 00:07:56,299] {local_task_job.py:156} INFO - Task exited with return code 0
[2024-09-16 00:07:56,352] {local_task_job.py:273} INFO - 0 downstream tasks scheduled from follow-on schedule check
[2024-09-16 13:55:47,839] {taskinstance.py:1159} INFO - Dependencies all met for <TaskInstance: BRONZER_GET_CRIPTOS.BRONZE_CRIPTO_AVAX scheduled__2024-08-06T00:00:00+00:00 [queued]>
[2024-09-16 13:55:47,881] {taskinstance.py:1159} INFO - Dependencies all met for <TaskInstance: BRONZER_GET_CRIPTOS.BRONZE_CRIPTO_AVAX scheduled__2024-08-06T00:00:00+00:00 [queued]>
[2024-09-16 13:55:47,881] {taskinstance.py:1356} INFO - 
--------------------------------------------------------------------------------
[2024-09-16 13:55:47,881] {taskinstance.py:1357} INFO - Starting attempt 1 of 1
[2024-09-16 13:55:47,881] {taskinstance.py:1358} INFO - 
--------------------------------------------------------------------------------
[2024-09-16 13:55:47,942] {taskinstance.py:1377} INFO - Executing <Task(_PythonDecoratedOperator): BRONZE_CRIPTO_AVAX> on 2024-08-06 00:00:00+00:00
[2024-09-16 13:55:47,950] {standard_task_runner.py:52} INFO - Started process 136377 to run task
[2024-09-16 13:55:47,964] {standard_task_runner.py:79} INFO - Running: ['airflow', 'tasks', 'run', 'BRONZER_GET_CRIPTOS', 'BRONZE_CRIPTO_AVAX', 'scheduled__2024-08-06T00:00:00+00:00', '--job-id', '2460', '--raw', '--subdir', 'DAGS_FOLDER/get_cripto.py', '--cfg-path', '/tmp/tmppwiayywe', '--error-file', '/tmp/tmpj356b1e_']
[2024-09-16 13:55:47,966] {standard_task_runner.py:80} INFO - Job 2460: Subtask BRONZE_CRIPTO_AVAX
[2024-09-16 13:55:48,169] {task_command.py:370} INFO - Running <TaskInstance: BRONZER_GET_CRIPTOS.BRONZE_CRIPTO_AVAX scheduled__2024-08-06T00:00:00+00:00 [running]> on host kaiwang.
[2024-09-16 13:55:48,591] {taskinstance.py:1569} INFO - Exporting the following env vars:
AIRFLOW_CTX_DAG_OWNER=airflow
AIRFLOW_CTX_DAG_ID=BRONZER_GET_CRIPTOS
AIRFLOW_CTX_TASK_ID=BRONZE_CRIPTO_AVAX
AIRFLOW_CTX_EXECUTION_DATE=2024-08-06T00:00:00+00:00
AIRFLOW_CTX_TRY_NUMBER=1
AIRFLOW_CTX_DAG_RUN_ID=scheduled__2024-08-06T00:00:00+00:00
[2024-09-16 13:55:52,047] {history.py:122} ERROR - $AVAX: possibly delisted; no timezone found
[2024-09-16 13:55:52,052] {python.py:173} INFO - Done. Returned value was: None
[2024-09-16 13:55:52,086] {taskinstance.py:1395} INFO - Marking task as SUCCESS. dag_id=BRONZER_GET_CRIPTOS, task_id=BRONZE_CRIPTO_AVAX, execution_date=20240806T000000, start_date=20240916T165547, end_date=20240916T165552
[2024-09-16 13:55:52,154] {local_task_job.py:156} INFO - Task exited with return code 0
[2024-09-16 13:55:52,303] {local_task_job.py:273} INFO - 0 downstream tasks scheduled from follow-on schedule check
