[2024-09-16 00:07:19,622] {taskinstance.py:1159} INFO - Dependencies all met for <TaskInstance: BRONZER_GET_STONCKS.BRONZE_STONCKS_GOOG scheduled__2024-08-17T00:00:00+00:00 [queued]>
[2024-09-16 00:07:19,639] {taskinstance.py:1159} INFO - Dependencies all met for <TaskInstance: BRONZER_GET_STONCKS.BRONZE_STONCKS_GOOG scheduled__2024-08-17T00:00:00+00:00 [queued]>
[2024-09-16 00:07:19,640] {taskinstance.py:1356} INFO - 
--------------------------------------------------------------------------------
[2024-09-16 00:07:19,640] {taskinstance.py:1357} INFO - Starting attempt 1 of 1
[2024-09-16 00:07:19,640] {taskinstance.py:1358} INFO - 
--------------------------------------------------------------------------------
[2024-09-16 00:07:19,658] {taskinstance.py:1377} INFO - Executing <Task(_PythonDecoratedOperator): BRONZE_STONCKS_GOOG> on 2024-08-17 00:00:00+00:00
[2024-09-16 00:07:19,664] {standard_task_runner.py:52} INFO - Started process 38669 to run task
[2024-09-16 00:07:19,668] {standard_task_runner.py:79} INFO - Running: ['airflow', 'tasks', 'run', 'BRONZER_GET_STONCKS', 'BRONZE_STONCKS_GOOG', 'scheduled__2024-08-17T00:00:00+00:00', '--job-id', '1199', '--raw', '--subdir', 'DAGS_FOLDER/get_stocks.py', '--cfg-path', '/tmp/tmp9fqq50aw', '--error-file', '/tmp/tmp8y2vosu7']
[2024-09-16 00:07:19,669] {standard_task_runner.py:80} INFO - Job 1199: Subtask BRONZE_STONCKS_GOOG
[2024-09-16 00:07:19,752] {task_command.py:370} INFO - Running <TaskInstance: BRONZER_GET_STONCKS.BRONZE_STONCKS_GOOG scheduled__2024-08-17T00:00:00+00:00 [running]> on host kaiwang.
[2024-09-16 00:07:19,844] {taskinstance.py:1569} INFO - Exporting the following env vars:
AIRFLOW_CTX_DAG_OWNER=airflow
AIRFLOW_CTX_DAG_ID=BRONZER_GET_STONCKS
AIRFLOW_CTX_TASK_ID=BRONZE_STONCKS_GOOG
AIRFLOW_CTX_EXECUTION_DATE=2024-08-17T00:00:00+00:00
AIRFLOW_CTX_TRY_NUMBER=1
AIRFLOW_CTX_DAG_RUN_ID=scheduled__2024-08-17T00:00:00+00:00
[2024-09-16 00:07:20,420] {python.py:173} INFO - Done. Returned value was: None
[2024-09-16 00:07:20,556] {taskinstance.py:1395} INFO - Marking task as SUCCESS. dag_id=BRONZER_GET_STONCKS, task_id=BRONZE_STONCKS_GOOG, execution_date=20240817T000000, start_date=20240916T030719, end_date=20240916T030720
[2024-09-16 00:07:20,645] {local_task_job.py:156} INFO - Task exited with return code 0
[2024-09-16 00:07:21,196] {local_task_job.py:273} INFO - 0 downstream tasks scheduled from follow-on schedule check
[2024-09-16 13:56:10,173] {taskinstance.py:1159} INFO - Dependencies all met for <TaskInstance: BRONZER_GET_STONCKS.BRONZE_STONCKS_GOOG scheduled__2024-08-17T00:00:00+00:00 [queued]>
[2024-09-16 13:56:10,222] {taskinstance.py:1159} INFO - Dependencies all met for <TaskInstance: BRONZER_GET_STONCKS.BRONZE_STONCKS_GOOG scheduled__2024-08-17T00:00:00+00:00 [queued]>
[2024-09-16 13:56:10,223] {taskinstance.py:1356} INFO - 
--------------------------------------------------------------------------------
[2024-09-16 13:56:10,223] {taskinstance.py:1357} INFO - Starting attempt 1 of 1
[2024-09-16 13:56:10,223] {taskinstance.py:1358} INFO - 
--------------------------------------------------------------------------------
[2024-09-16 13:56:10,253] {taskinstance.py:1377} INFO - Executing <Task(_PythonDecoratedOperator): BRONZE_STONCKS_GOOG> on 2024-08-17 00:00:00+00:00
[2024-09-16 13:56:10,276] {standard_task_runner.py:52} INFO - Started process 137844 to run task
[2024-09-16 13:56:10,283] {standard_task_runner.py:79} INFO - Running: ['airflow', 'tasks', 'run', 'BRONZER_GET_STONCKS', 'BRONZE_STONCKS_GOOG', 'scheduled__2024-08-17T00:00:00+00:00', '--job-id', '2528', '--raw', '--subdir', 'DAGS_FOLDER/get_stocks.py', '--cfg-path', '/tmp/tmptvdmwoe5', '--error-file', '/tmp/tmp5ujjcu2w']
[2024-09-16 13:56:10,285] {standard_task_runner.py:80} INFO - Job 2528: Subtask BRONZE_STONCKS_GOOG
[2024-09-16 13:56:10,565] {task_command.py:370} INFO - Running <TaskInstance: BRONZER_GET_STONCKS.BRONZE_STONCKS_GOOG scheduled__2024-08-17T00:00:00+00:00 [running]> on host kaiwang.
[2024-09-16 13:56:11,249] {taskinstance.py:1569} INFO - Exporting the following env vars:
AIRFLOW_CTX_DAG_OWNER=airflow
AIRFLOW_CTX_DAG_ID=BRONZER_GET_STONCKS
AIRFLOW_CTX_TASK_ID=BRONZE_STONCKS_GOOG
AIRFLOW_CTX_EXECUTION_DATE=2024-08-17T00:00:00+00:00
AIRFLOW_CTX_TRY_NUMBER=1
AIRFLOW_CTX_DAG_RUN_ID=scheduled__2024-08-17T00:00:00+00:00
[2024-09-16 13:56:11,970] {python.py:173} INFO - Done. Returned value was: None
[2024-09-16 13:56:12,061] {taskinstance.py:1395} INFO - Marking task as SUCCESS. dag_id=BRONZER_GET_STONCKS, task_id=BRONZE_STONCKS_GOOG, execution_date=20240817T000000, start_date=20240916T165610, end_date=20240916T165612
[2024-09-16 13:56:12,149] {local_task_job.py:156} INFO - Task exited with return code 0
[2024-09-16 13:56:12,449] {local_task_job.py:273} INFO - 0 downstream tasks scheduled from follow-on schedule check
