[2024-09-16 00:03:34,437] {taskinstance.py:1159} INFO - Dependencies all met for <TaskInstance: BRONZER_GET_STONCKS.BRONZE_STONCKS_GOOG scheduled__2024-01-26T00:00:00+00:00 [queued]>
[2024-09-16 00:03:34,475] {taskinstance.py:1159} INFO - Dependencies all met for <TaskInstance: BRONZER_GET_STONCKS.BRONZE_STONCKS_GOOG scheduled__2024-01-26T00:00:00+00:00 [queued]>
[2024-09-16 00:03:34,475] {taskinstance.py:1356} INFO - 
--------------------------------------------------------------------------------
[2024-09-16 00:03:34,475] {taskinstance.py:1357} INFO - Starting attempt 1 of 1
[2024-09-16 00:03:34,475] {taskinstance.py:1358} INFO - 
--------------------------------------------------------------------------------
[2024-09-16 00:03:34,508] {taskinstance.py:1377} INFO - Executing <Task(_PythonDecoratedOperator): BRONZE_STONCKS_GOOG> on 2024-01-26 00:00:00+00:00
[2024-09-16 00:03:34,515] {standard_task_runner.py:52} INFO - Started process 20615 to run task
[2024-09-16 00:03:34,538] {standard_task_runner.py:79} INFO - Running: ['airflow', 'tasks', 'run', 'BRONZER_GET_STONCKS', 'BRONZE_STONCKS_GOOG', 'scheduled__2024-01-26T00:00:00+00:00', '--job-id', '152', '--raw', '--subdir', 'DAGS_FOLDER/get_stocks.py', '--cfg-path', '/tmp/tmpdolpn4d8', '--error-file', '/tmp/tmp2rton4j0']
[2024-09-16 00:03:34,540] {standard_task_runner.py:80} INFO - Job 152: Subtask BRONZE_STONCKS_GOOG
[2024-09-16 00:03:34,724] {task_command.py:370} INFO - Running <TaskInstance: BRONZER_GET_STONCKS.BRONZE_STONCKS_GOOG scheduled__2024-01-26T00:00:00+00:00 [running]> on host kaiwang.
[2024-09-16 00:03:34,954] {taskinstance.py:1569} INFO - Exporting the following env vars:
AIRFLOW_CTX_DAG_OWNER=airflow
AIRFLOW_CTX_DAG_ID=BRONZER_GET_STONCKS
AIRFLOW_CTX_TASK_ID=BRONZE_STONCKS_GOOG
AIRFLOW_CTX_EXECUTION_DATE=2024-01-26T00:00:00+00:00
AIRFLOW_CTX_TRY_NUMBER=1
AIRFLOW_CTX_DAG_RUN_ID=scheduled__2024-01-26T00:00:00+00:00
[2024-09-16 00:03:35,683] {python.py:173} INFO - Done. Returned value was: None
[2024-09-16 00:03:35,928] {taskinstance.py:1395} INFO - Marking task as SUCCESS. dag_id=BRONZER_GET_STONCKS, task_id=BRONZE_STONCKS_GOOG, execution_date=20240126T000000, start_date=20240916T030334, end_date=20240916T030335
[2024-09-16 00:03:36,012] {local_task_job.py:156} INFO - Task exited with return code 0
[2024-09-16 00:03:36,154] {local_task_job.py:273} INFO - 0 downstream tasks scheduled from follow-on schedule check
[2024-09-16 00:13:14,292] {taskinstance.py:1159} INFO - Dependencies all met for <TaskInstance: BRONZER_GET_STONCKS.BRONZE_STONCKS_GOOG scheduled__2024-01-26T00:00:00+00:00 [queued]>
[2024-09-16 00:13:14,330] {taskinstance.py:1159} INFO - Dependencies all met for <TaskInstance: BRONZER_GET_STONCKS.BRONZE_STONCKS_GOOG scheduled__2024-01-26T00:00:00+00:00 [queued]>
[2024-09-16 00:13:14,330] {taskinstance.py:1356} INFO - 
--------------------------------------------------------------------------------
[2024-09-16 00:13:14,331] {taskinstance.py:1357} INFO - Starting attempt 1 of 1
[2024-09-16 00:13:14,331] {taskinstance.py:1358} INFO - 
--------------------------------------------------------------------------------
[2024-09-16 00:13:14,395] {taskinstance.py:1377} INFO - Executing <Task(_PythonDecoratedOperator): BRONZE_STONCKS_GOOG> on 2024-01-26 00:00:00+00:00
[2024-09-16 00:13:14,423] {standard_task_runner.py:52} INFO - Started process 46170 to run task
[2024-09-16 00:13:14,451] {standard_task_runner.py:79} INFO - Running: ['airflow', 'tasks', 'run', 'BRONZER_GET_STONCKS', 'BRONZE_STONCKS_GOOG', 'scheduled__2024-01-26T00:00:00+00:00', '--job-id', '1621', '--raw', '--subdir', 'DAGS_FOLDER/get_stocks.py', '--cfg-path', '/tmp/tmpncj5cb70', '--error-file', '/tmp/tmpg802i7kc']
[2024-09-16 00:13:14,452] {standard_task_runner.py:80} INFO - Job 1621: Subtask BRONZE_STONCKS_GOOG
[2024-09-16 00:13:14,773] {task_command.py:370} INFO - Running <TaskInstance: BRONZER_GET_STONCKS.BRONZE_STONCKS_GOOG scheduled__2024-01-26T00:00:00+00:00 [running]> on host kaiwang.
[2024-09-16 00:13:15,128] {taskinstance.py:1569} INFO - Exporting the following env vars:
AIRFLOW_CTX_DAG_OWNER=airflow
AIRFLOW_CTX_DAG_ID=BRONZER_GET_STONCKS
AIRFLOW_CTX_TASK_ID=BRONZE_STONCKS_GOOG
AIRFLOW_CTX_EXECUTION_DATE=2024-01-26T00:00:00+00:00
AIRFLOW_CTX_TRY_NUMBER=1
AIRFLOW_CTX_DAG_RUN_ID=scheduled__2024-01-26T00:00:00+00:00
[2024-09-16 00:13:15,832] {python.py:173} INFO - Done. Returned value was: None
[2024-09-16 00:13:16,016] {taskinstance.py:1395} INFO - Marking task as SUCCESS. dag_id=BRONZER_GET_STONCKS, task_id=BRONZE_STONCKS_GOOG, execution_date=20240126T000000, start_date=20240916T031314, end_date=20240916T031316
[2024-09-16 00:13:16,093] {local_task_job.py:156} INFO - Task exited with return code 0
[2024-09-16 00:13:16,446] {local_task_job.py:273} INFO - 0 downstream tasks scheduled from follow-on schedule check
[2024-09-16 00:14:49,769] {taskinstance.py:1159} INFO - Dependencies all met for <TaskInstance: BRONZER_GET_STONCKS.BRONZE_STONCKS_GOOG scheduled__2024-01-26T00:00:00+00:00 [queued]>
[2024-09-16 00:14:49,805] {taskinstance.py:1159} INFO - Dependencies all met for <TaskInstance: BRONZER_GET_STONCKS.BRONZE_STONCKS_GOOG scheduled__2024-01-26T00:00:00+00:00 [queued]>
[2024-09-16 00:14:49,805] {taskinstance.py:1356} INFO - 
--------------------------------------------------------------------------------
[2024-09-16 00:14:49,805] {taskinstance.py:1357} INFO - Starting attempt 1 of 1
[2024-09-16 00:14:49,805] {taskinstance.py:1358} INFO - 
--------------------------------------------------------------------------------
[2024-09-16 00:14:49,902] {taskinstance.py:1377} INFO - Executing <Task(_PythonDecoratedOperator): BRONZE_STONCKS_GOOG> on 2024-01-26 00:00:00+00:00
[2024-09-16 00:14:49,908] {standard_task_runner.py:52} INFO - Started process 51622 to run task
[2024-09-16 00:14:49,924] {standard_task_runner.py:79} INFO - Running: ['airflow', 'tasks', 'run', 'BRONZER_GET_STONCKS', 'BRONZE_STONCKS_GOOG', 'scheduled__2024-01-26T00:00:00+00:00', '--job-id', '1931', '--raw', '--subdir', 'DAGS_FOLDER/get_stocks.py', '--cfg-path', '/tmp/tmpo_g7vhr2', '--error-file', '/tmp/tmprm58firp']
[2024-09-16 00:14:49,925] {standard_task_runner.py:80} INFO - Job 1931: Subtask BRONZE_STONCKS_GOOG
[2024-09-16 00:14:50,208] {task_command.py:370} INFO - Running <TaskInstance: BRONZER_GET_STONCKS.BRONZE_STONCKS_GOOG scheduled__2024-01-26T00:00:00+00:00 [running]> on host kaiwang.
[2024-09-16 00:14:50,580] {taskinstance.py:1569} INFO - Exporting the following env vars:
AIRFLOW_CTX_DAG_OWNER=airflow
AIRFLOW_CTX_DAG_ID=BRONZER_GET_STONCKS
AIRFLOW_CTX_TASK_ID=BRONZE_STONCKS_GOOG
AIRFLOW_CTX_EXECUTION_DATE=2024-01-26T00:00:00+00:00
AIRFLOW_CTX_TRY_NUMBER=1
AIRFLOW_CTX_DAG_RUN_ID=scheduled__2024-01-26T00:00:00+00:00
[2024-09-16 00:14:51,267] {python.py:173} INFO - Done. Returned value was: None
[2024-09-16 00:14:51,334] {taskinstance.py:1395} INFO - Marking task as SUCCESS. dag_id=BRONZER_GET_STONCKS, task_id=BRONZE_STONCKS_GOOG, execution_date=20240126T000000, start_date=20240916T031449, end_date=20240916T031451
[2024-09-16 00:14:51,413] {local_task_job.py:156} INFO - Task exited with return code 0
[2024-09-16 00:14:51,567] {local_task_job.py:273} INFO - 0 downstream tasks scheduled from follow-on schedule check
