[2024-09-15 23:30:53,103] {taskinstance.py:1159} INFO - Dependencies all met for <TaskInstance: BRONZER_GET_STONCKS.BRONZE_STONCKS_GOOG scheduled__2024-02-06T00:00:00+00:00 [queued]>
[2024-09-15 23:30:53,108] {taskinstance.py:1159} INFO - Dependencies all met for <TaskInstance: BRONZER_GET_STONCKS.BRONZE_STONCKS_GOOG scheduled__2024-02-06T00:00:00+00:00 [queued]>
[2024-09-15 23:30:53,108] {taskinstance.py:1356} INFO - 
--------------------------------------------------------------------------------
[2024-09-15 23:30:53,108] {taskinstance.py:1357} INFO - Starting attempt 1 of 1
[2024-09-15 23:30:53,108] {taskinstance.py:1358} INFO - 
--------------------------------------------------------------------------------
[2024-09-15 23:30:53,119] {taskinstance.py:1377} INFO - Executing <Task(_PythonDecoratedOperator): BRONZE_STONCKS_GOOG> on 2024-02-06 00:00:00+00:00
[2024-09-15 23:30:53,122] {standard_task_runner.py:52} INFO - Started process 14803 to run task
[2024-09-15 23:30:53,125] {standard_task_runner.py:79} INFO - Running: ['airflow', 'tasks', 'run', 'BRONZER_GET_STONCKS', 'BRONZE_STONCKS_GOOG', 'scheduled__2024-02-06T00:00:00+00:00', '--job-id', '160', '--raw', '--subdir', 'DAGS_FOLDER/get_stocks.py', '--cfg-path', '/tmp/tmpe3aa6zvf', '--error-file', '/tmp/tmpgsu96dof']
[2024-09-15 23:30:53,125] {standard_task_runner.py:80} INFO - Job 160: Subtask BRONZE_STONCKS_GOOG
[2024-09-15 23:30:53,154] {task_command.py:370} INFO - Running <TaskInstance: BRONZER_GET_STONCKS.BRONZE_STONCKS_GOOG scheduled__2024-02-06T00:00:00+00:00 [running]> on host kaiwang.
[2024-09-15 23:30:53,197] {taskinstance.py:1569} INFO - Exporting the following env vars:
AIRFLOW_CTX_DAG_OWNER=airflow
AIRFLOW_CTX_DAG_ID=BRONZER_GET_STONCKS
AIRFLOW_CTX_TASK_ID=BRONZE_STONCKS_GOOG
AIRFLOW_CTX_EXECUTION_DATE=2024-02-06T00:00:00+00:00
AIRFLOW_CTX_TRY_NUMBER=1
AIRFLOW_CTX_DAG_RUN_ID=scheduled__2024-02-06T00:00:00+00:00
[2024-09-15 23:30:55,616] {history.py:244} ERROR - $GOOG: possibly delisted; no price data found  (1h 2024-02-03 -> 2024-01-03) (Yahoo error = "Invalid input - start date cannot be after end date. startDate = 1706936400, endDate = 1704258000")
[2024-09-15 23:30:55,618] {python.py:173} INFO - Done. Returned value was: None
[2024-09-15 23:30:55,623] {taskinstance.py:1395} INFO - Marking task as SUCCESS. dag_id=BRONZER_GET_STONCKS, task_id=BRONZE_STONCKS_GOOG, execution_date=20240206T000000, start_date=20240916T023053, end_date=20240916T023055
[2024-09-15 23:30:55,672] {local_task_job.py:156} INFO - Task exited with return code 0
[2024-09-15 23:30:55,686] {local_task_job.py:273} INFO - 0 downstream tasks scheduled from follow-on schedule check
[2024-09-16 00:03:47,542] {taskinstance.py:1159} INFO - Dependencies all met for <TaskInstance: BRONZER_GET_STONCKS.BRONZE_STONCKS_GOOG scheduled__2024-02-06T00:00:00+00:00 [queued]>
[2024-09-16 00:03:47,615] {taskinstance.py:1159} INFO - Dependencies all met for <TaskInstance: BRONZER_GET_STONCKS.BRONZE_STONCKS_GOOG scheduled__2024-02-06T00:00:00+00:00 [queued]>
[2024-09-16 00:03:47,615] {taskinstance.py:1356} INFO - 
--------------------------------------------------------------------------------
[2024-09-16 00:03:47,615] {taskinstance.py:1357} INFO - Starting attempt 1 of 1
[2024-09-16 00:03:47,615] {taskinstance.py:1358} INFO - 
--------------------------------------------------------------------------------
[2024-09-16 00:03:47,725] {taskinstance.py:1377} INFO - Executing <Task(_PythonDecoratedOperator): BRONZE_STONCKS_GOOG> on 2024-02-06 00:00:00+00:00
[2024-09-16 00:03:47,799] {standard_task_runner.py:52} INFO - Started process 21518 to run task
[2024-09-16 00:03:47,838] {standard_task_runner.py:79} INFO - Running: ['airflow', 'tasks', 'run', 'BRONZER_GET_STONCKS', 'BRONZE_STONCKS_GOOG', 'scheduled__2024-02-06T00:00:00+00:00', '--job-id', '202', '--raw', '--subdir', 'DAGS_FOLDER/get_stocks.py', '--cfg-path', '/tmp/tmpqrfd7_xl', '--error-file', '/tmp/tmpfkpboz5z']
[2024-09-16 00:03:47,865] {standard_task_runner.py:80} INFO - Job 202: Subtask BRONZE_STONCKS_GOOG
[2024-09-16 00:03:48,408] {task_command.py:370} INFO - Running <TaskInstance: BRONZER_GET_STONCKS.BRONZE_STONCKS_GOOG scheduled__2024-02-06T00:00:00+00:00 [running]> on host kaiwang.
[2024-09-16 00:03:49,350] {taskinstance.py:1569} INFO - Exporting the following env vars:
AIRFLOW_CTX_DAG_OWNER=airflow
AIRFLOW_CTX_DAG_ID=BRONZER_GET_STONCKS
AIRFLOW_CTX_TASK_ID=BRONZE_STONCKS_GOOG
AIRFLOW_CTX_EXECUTION_DATE=2024-02-06T00:00:00+00:00
AIRFLOW_CTX_TRY_NUMBER=1
AIRFLOW_CTX_DAG_RUN_ID=scheduled__2024-02-06T00:00:00+00:00
[2024-09-16 00:03:50,233] {python.py:173} INFO - Done. Returned value was: None
[2024-09-16 00:03:50,309] {taskinstance.py:1395} INFO - Marking task as SUCCESS. dag_id=BRONZER_GET_STONCKS, task_id=BRONZE_STONCKS_GOOG, execution_date=20240206T000000, start_date=20240916T030347, end_date=20240916T030350
[2024-09-16 00:03:50,387] {local_task_job.py:156} INFO - Task exited with return code 0
[2024-09-16 00:03:50,698] {local_task_job.py:273} INFO - 0 downstream tasks scheduled from follow-on schedule check
[2024-09-16 00:13:25,445] {taskinstance.py:1159} INFO - Dependencies all met for <TaskInstance: BRONZER_GET_STONCKS.BRONZE_STONCKS_GOOG scheduled__2024-02-06T00:00:00+00:00 [queued]>
[2024-09-16 00:13:25,471] {taskinstance.py:1159} INFO - Dependencies all met for <TaskInstance: BRONZER_GET_STONCKS.BRONZE_STONCKS_GOOG scheduled__2024-02-06T00:00:00+00:00 [queued]>
[2024-09-16 00:13:25,472] {taskinstance.py:1356} INFO - 
--------------------------------------------------------------------------------
[2024-09-16 00:13:25,472] {taskinstance.py:1357} INFO - Starting attempt 1 of 1
[2024-09-16 00:13:25,472] {taskinstance.py:1358} INFO - 
--------------------------------------------------------------------------------
[2024-09-16 00:13:25,534] {taskinstance.py:1377} INFO - Executing <Task(_PythonDecoratedOperator): BRONZE_STONCKS_GOOG> on 2024-02-06 00:00:00+00:00
[2024-09-16 00:13:25,540] {standard_task_runner.py:52} INFO - Started process 47093 to run task
[2024-09-16 00:13:25,554] {standard_task_runner.py:79} INFO - Running: ['airflow', 'tasks', 'run', 'BRONZER_GET_STONCKS', 'BRONZE_STONCKS_GOOG', 'scheduled__2024-02-06T00:00:00+00:00', '--job-id', '1676', '--raw', '--subdir', 'DAGS_FOLDER/get_stocks.py', '--cfg-path', '/tmp/tmpe2p5jlxr', '--error-file', '/tmp/tmptrp5pmyh']
[2024-09-16 00:13:25,555] {standard_task_runner.py:80} INFO - Job 1676: Subtask BRONZE_STONCKS_GOOG
[2024-09-16 00:13:25,789] {task_command.py:370} INFO - Running <TaskInstance: BRONZER_GET_STONCKS.BRONZE_STONCKS_GOOG scheduled__2024-02-06T00:00:00+00:00 [running]> on host kaiwang.
[2024-09-16 00:13:26,176] {taskinstance.py:1569} INFO - Exporting the following env vars:
AIRFLOW_CTX_DAG_OWNER=airflow
AIRFLOW_CTX_DAG_ID=BRONZER_GET_STONCKS
AIRFLOW_CTX_TASK_ID=BRONZE_STONCKS_GOOG
AIRFLOW_CTX_EXECUTION_DATE=2024-02-06T00:00:00+00:00
AIRFLOW_CTX_TRY_NUMBER=1
AIRFLOW_CTX_DAG_RUN_ID=scheduled__2024-02-06T00:00:00+00:00
[2024-09-16 00:13:26,973] {python.py:173} INFO - Done. Returned value was: None
[2024-09-16 00:13:27,007] {taskinstance.py:1395} INFO - Marking task as SUCCESS. dag_id=BRONZER_GET_STONCKS, task_id=BRONZE_STONCKS_GOOG, execution_date=20240206T000000, start_date=20240916T031325, end_date=20240916T031327
[2024-09-16 00:13:27,064] {local_task_job.py:156} INFO - Task exited with return code 0
[2024-09-16 00:13:27,146] {local_task_job.py:273} INFO - 0 downstream tasks scheduled from follow-on schedule check
[2024-09-16 00:14:59,408] {taskinstance.py:1159} INFO - Dependencies all met for <TaskInstance: BRONZER_GET_STONCKS.BRONZE_STONCKS_GOOG scheduled__2024-02-06T00:00:00+00:00 [queued]>
[2024-09-16 00:14:59,426] {taskinstance.py:1159} INFO - Dependencies all met for <TaskInstance: BRONZER_GET_STONCKS.BRONZE_STONCKS_GOOG scheduled__2024-02-06T00:00:00+00:00 [queued]>
[2024-09-16 00:14:59,426] {taskinstance.py:1356} INFO - 
--------------------------------------------------------------------------------
[2024-09-16 00:14:59,426] {taskinstance.py:1357} INFO - Starting attempt 1 of 1
[2024-09-16 00:14:59,426] {taskinstance.py:1358} INFO - 
--------------------------------------------------------------------------------
[2024-09-16 00:14:59,493] {taskinstance.py:1377} INFO - Executing <Task(_PythonDecoratedOperator): BRONZE_STONCKS_GOOG> on 2024-02-06 00:00:00+00:00
[2024-09-16 00:14:59,533] {standard_task_runner.py:52} INFO - Started process 52450 to run task
[2024-09-16 00:14:59,556] {standard_task_runner.py:79} INFO - Running: ['airflow', 'tasks', 'run', 'BRONZER_GET_STONCKS', 'BRONZE_STONCKS_GOOG', 'scheduled__2024-02-06T00:00:00+00:00', '--job-id', '1983', '--raw', '--subdir', 'DAGS_FOLDER/get_stocks.py', '--cfg-path', '/tmp/tmpn04p849h', '--error-file', '/tmp/tmpk58fnwq4']
[2024-09-16 00:14:59,557] {standard_task_runner.py:80} INFO - Job 1983: Subtask BRONZE_STONCKS_GOOG
[2024-09-16 00:14:59,858] {task_command.py:370} INFO - Running <TaskInstance: BRONZER_GET_STONCKS.BRONZE_STONCKS_GOOG scheduled__2024-02-06T00:00:00+00:00 [running]> on host kaiwang.
[2024-09-16 00:15:00,155] {taskinstance.py:1569} INFO - Exporting the following env vars:
AIRFLOW_CTX_DAG_OWNER=airflow
AIRFLOW_CTX_DAG_ID=BRONZER_GET_STONCKS
AIRFLOW_CTX_TASK_ID=BRONZE_STONCKS_GOOG
AIRFLOW_CTX_EXECUTION_DATE=2024-02-06T00:00:00+00:00
AIRFLOW_CTX_TRY_NUMBER=1
AIRFLOW_CTX_DAG_RUN_ID=scheduled__2024-02-06T00:00:00+00:00
[2024-09-16 00:15:00,811] {python.py:173} INFO - Done. Returned value was: None
[2024-09-16 00:15:00,843] {taskinstance.py:1395} INFO - Marking task as SUCCESS. dag_id=BRONZER_GET_STONCKS, task_id=BRONZE_STONCKS_GOOG, execution_date=20240206T000000, start_date=20240916T031459, end_date=20240916T031500
[2024-09-16 00:15:00,914] {local_task_job.py:156} INFO - Task exited with return code 0
[2024-09-16 00:15:01,058] {local_task_job.py:273} INFO - 0 downstream tasks scheduled from follow-on schedule check
