[2024-09-16 00:07:36,838] {taskinstance.py:1159} INFO - Dependencies all met for <TaskInstance: BRONZER_GET_CRIPTOS.BRONZE_CRIPTO_ETH scheduled__2024-07-19T00:00:00+00:00 [queued]>
[2024-09-16 00:07:36,892] {taskinstance.py:1159} INFO - Dependencies all met for <TaskInstance: BRONZER_GET_CRIPTOS.BRONZE_CRIPTO_ETH scheduled__2024-07-19T00:00:00+00:00 [queued]>
[2024-09-16 00:07:36,893] {taskinstance.py:1356} INFO - 
--------------------------------------------------------------------------------
[2024-09-16 00:07:36,893] {taskinstance.py:1357} INFO - Starting attempt 1 of 1
[2024-09-16 00:07:36,893] {taskinstance.py:1358} INFO - 
--------------------------------------------------------------------------------
[2024-09-16 00:07:36,961] {taskinstance.py:1377} INFO - Executing <Task(_PythonDecoratedOperator): BRONZE_CRIPTO_ETH> on 2024-07-19 00:00:00+00:00
[2024-09-16 00:07:36,965] {standard_task_runner.py:52} INFO - Started process 39967 to run task
[2024-09-16 00:07:36,978] {standard_task_runner.py:79} INFO - Running: ['airflow', 'tasks', 'run', 'BRONZER_GET_CRIPTOS', 'BRONZE_CRIPTO_ETH', 'scheduled__2024-07-19T00:00:00+00:00', '--job-id', '1278', '--raw', '--subdir', 'DAGS_FOLDER/get_cripto.py', '--cfg-path', '/tmp/tmpc_2vy21o', '--error-file', '/tmp/tmpqvzhu63u']
[2024-09-16 00:07:36,979] {standard_task_runner.py:80} INFO - Job 1278: Subtask BRONZE_CRIPTO_ETH
[2024-09-16 00:07:37,273] {task_command.py:370} INFO - Running <TaskInstance: BRONZER_GET_CRIPTOS.BRONZE_CRIPTO_ETH scheduled__2024-07-19T00:00:00+00:00 [running]> on host kaiwang.
[2024-09-16 00:07:37,653] {taskinstance.py:1569} INFO - Exporting the following env vars:
AIRFLOW_CTX_DAG_OWNER=airflow
AIRFLOW_CTX_DAG_ID=BRONZER_GET_CRIPTOS
AIRFLOW_CTX_TASK_ID=BRONZE_CRIPTO_ETH
AIRFLOW_CTX_EXECUTION_DATE=2024-07-19T00:00:00+00:00
AIRFLOW_CTX_TRY_NUMBER=1
AIRFLOW_CTX_DAG_RUN_ID=scheduled__2024-07-19T00:00:00+00:00
[2024-09-16 00:07:40,148] {history.py:244} ERROR - $ETH: possibly delisted; no price data found  (1h 2024-07-16 -> 2024-07-19) (Yahoo error = "Data doesn't exist for startDate = 1721102400, endDate = 1721361600")
[2024-09-16 00:07:40,153] {python.py:173} INFO - Done. Returned value was: None
[2024-09-16 00:07:40,386] {taskinstance.py:1395} INFO - Marking task as SUCCESS. dag_id=BRONZER_GET_CRIPTOS, task_id=BRONZE_CRIPTO_ETH, execution_date=20240719T000000, start_date=20240916T030736, end_date=20240916T030740
[2024-09-16 00:07:40,436] {local_task_job.py:156} INFO - Task exited with return code 0
[2024-09-16 00:07:40,520] {local_task_job.py:273} INFO - 0 downstream tasks scheduled from follow-on schedule check
