[2024-09-16 00:08:04,972] {taskinstance.py:1159} INFO - Dependencies all met for <TaskInstance: BRONZER_GET_CRIPTOS.BRONZE_CRIPTO_ETH scheduled__2024-08-17T00:00:00+00:00 [queued]>
[2024-09-16 00:08:04,983] {taskinstance.py:1159} INFO - Dependencies all met for <TaskInstance: BRONZER_GET_CRIPTOS.BRONZE_CRIPTO_ETH scheduled__2024-08-17T00:00:00+00:00 [queued]>
[2024-09-16 00:08:04,983] {taskinstance.py:1356} INFO - 
--------------------------------------------------------------------------------
[2024-09-16 00:08:04,983] {taskinstance.py:1357} INFO - Starting attempt 1 of 1
[2024-09-16 00:08:04,983] {taskinstance.py:1358} INFO - 
--------------------------------------------------------------------------------
[2024-09-16 00:08:05,014] {taskinstance.py:1377} INFO - Executing <Task(_PythonDecoratedOperator): BRONZE_CRIPTO_ETH> on 2024-08-17 00:00:00+00:00
[2024-09-16 00:08:05,021] {standard_task_runner.py:52} INFO - Started process 42057 to run task
[2024-09-16 00:08:05,030] {standard_task_runner.py:79} INFO - Running: ['airflow', 'tasks', 'run', 'BRONZER_GET_CRIPTOS', 'BRONZE_CRIPTO_ETH', 'scheduled__2024-08-17T00:00:00+00:00', '--job-id', '1400', '--raw', '--subdir', 'DAGS_FOLDER/get_cripto.py', '--cfg-path', '/tmp/tmpo_xbv0os', '--error-file', '/tmp/tmp6sk6fa4e']
[2024-09-16 00:08:05,032] {standard_task_runner.py:80} INFO - Job 1400: Subtask BRONZE_CRIPTO_ETH
[2024-09-16 00:08:05,161] {task_command.py:370} INFO - Running <TaskInstance: BRONZER_GET_CRIPTOS.BRONZE_CRIPTO_ETH scheduled__2024-08-17T00:00:00+00:00 [running]> on host kaiwang.
[2024-09-16 00:08:05,301] {taskinstance.py:1569} INFO - Exporting the following env vars:
AIRFLOW_CTX_DAG_OWNER=airflow
AIRFLOW_CTX_DAG_ID=BRONZER_GET_CRIPTOS
AIRFLOW_CTX_TASK_ID=BRONZE_CRIPTO_ETH
AIRFLOW_CTX_EXECUTION_DATE=2024-08-17T00:00:00+00:00
AIRFLOW_CTX_TRY_NUMBER=1
AIRFLOW_CTX_DAG_RUN_ID=scheduled__2024-08-17T00:00:00+00:00
[2024-09-16 00:08:05,839] {python.py:173} INFO - Done. Returned value was: None
[2024-09-16 00:08:05,895] {taskinstance.py:1395} INFO - Marking task as SUCCESS. dag_id=BRONZER_GET_CRIPTOS, task_id=BRONZE_CRIPTO_ETH, execution_date=20240817T000000, start_date=20240916T030804, end_date=20240916T030805
[2024-09-16 00:08:05,932] {local_task_job.py:156} INFO - Task exited with return code 0
[2024-09-16 00:08:06,074] {local_task_job.py:273} INFO - 0 downstream tasks scheduled from follow-on schedule check
[2024-09-16 13:56:13,192] {taskinstance.py:1159} INFO - Dependencies all met for <TaskInstance: BRONZER_GET_CRIPTOS.BRONZE_CRIPTO_ETH scheduled__2024-08-17T00:00:00+00:00 [queued]>
[2024-09-16 13:56:13,231] {taskinstance.py:1159} INFO - Dependencies all met for <TaskInstance: BRONZER_GET_CRIPTOS.BRONZE_CRIPTO_ETH scheduled__2024-08-17T00:00:00+00:00 [queued]>
[2024-09-16 13:56:13,231] {taskinstance.py:1356} INFO - 
--------------------------------------------------------------------------------
[2024-09-16 13:56:13,231] {taskinstance.py:1357} INFO - Starting attempt 1 of 1
[2024-09-16 13:56:13,231] {taskinstance.py:1358} INFO - 
--------------------------------------------------------------------------------
[2024-09-16 13:56:13,293] {taskinstance.py:1377} INFO - Executing <Task(_PythonDecoratedOperator): BRONZE_CRIPTO_ETH> on 2024-08-17 00:00:00+00:00
[2024-09-16 13:56:13,310] {standard_task_runner.py:52} INFO - Started process 138056 to run task
[2024-09-16 13:56:13,337] {standard_task_runner.py:79} INFO - Running: ['airflow', 'tasks', 'run', 'BRONZER_GET_CRIPTOS', 'BRONZE_CRIPTO_ETH', 'scheduled__2024-08-17T00:00:00+00:00', '--job-id', '2536', '--raw', '--subdir', 'DAGS_FOLDER/get_cripto.py', '--cfg-path', '/tmp/tmp7zwlv1ug', '--error-file', '/tmp/tmp21j3m4l7']
[2024-09-16 13:56:13,338] {standard_task_runner.py:80} INFO - Job 2536: Subtask BRONZE_CRIPTO_ETH
[2024-09-16 13:56:13,496] {task_command.py:370} INFO - Running <TaskInstance: BRONZER_GET_CRIPTOS.BRONZE_CRIPTO_ETH scheduled__2024-08-17T00:00:00+00:00 [running]> on host kaiwang.
[2024-09-16 13:56:14,271] {taskinstance.py:1569} INFO - Exporting the following env vars:
AIRFLOW_CTX_DAG_OWNER=airflow
AIRFLOW_CTX_DAG_ID=BRONZER_GET_CRIPTOS
AIRFLOW_CTX_TASK_ID=BRONZE_CRIPTO_ETH
AIRFLOW_CTX_EXECUTION_DATE=2024-08-17T00:00:00+00:00
AIRFLOW_CTX_TRY_NUMBER=1
AIRFLOW_CTX_DAG_RUN_ID=scheduled__2024-08-17T00:00:00+00:00
[2024-09-16 13:56:14,932] {python.py:173} INFO - Done. Returned value was: None
[2024-09-16 13:56:15,010] {taskinstance.py:1395} INFO - Marking task as SUCCESS. dag_id=BRONZER_GET_CRIPTOS, task_id=BRONZE_CRIPTO_ETH, execution_date=20240817T000000, start_date=20240916T165613, end_date=20240916T165615
[2024-09-16 13:56:15,144] {local_task_job.py:156} INFO - Task exited with return code 0
[2024-09-16 13:56:15,313] {local_task_job.py:273} INFO - 0 downstream tasks scheduled from follow-on schedule check
