[2024-09-16 00:07:36,536] {taskinstance.py:1159} INFO - Dependencies all met for <TaskInstance: BRONZER_GET_STONCKS.BRONZE_STONCKS_AAPL scheduled__2024-08-31T00:00:00+00:00 [queued]>
[2024-09-16 00:07:36,572] {taskinstance.py:1159} INFO - Dependencies all met for <TaskInstance: BRONZER_GET_STONCKS.BRONZE_STONCKS_AAPL scheduled__2024-08-31T00:00:00+00:00 [queued]>
[2024-09-16 00:07:36,573] {taskinstance.py:1356} INFO - 
--------------------------------------------------------------------------------
[2024-09-16 00:07:36,573] {taskinstance.py:1357} INFO - Starting attempt 1 of 1
[2024-09-16 00:07:36,573] {taskinstance.py:1358} INFO - 
--------------------------------------------------------------------------------
[2024-09-16 00:07:36,615] {taskinstance.py:1377} INFO - Executing <Task(_PythonDecoratedOperator): BRONZE_STONCKS_AAPL> on 2024-08-31 00:00:00+00:00
[2024-09-16 00:07:36,620] {standard_task_runner.py:52} INFO - Started process 39915 to run task
[2024-09-16 00:07:36,645] {standard_task_runner.py:79} INFO - Running: ['airflow', 'tasks', 'run', 'BRONZER_GET_STONCKS', 'BRONZE_STONCKS_AAPL', 'scheduled__2024-08-31T00:00:00+00:00', '--job-id', '1272', '--raw', '--subdir', 'DAGS_FOLDER/get_stocks.py', '--cfg-path', '/tmp/tmpqhj_cz5s', '--error-file', '/tmp/tmpq58ctuhh']
[2024-09-16 00:07:36,646] {standard_task_runner.py:80} INFO - Job 1272: Subtask BRONZE_STONCKS_AAPL
[2024-09-16 00:07:36,848] {task_command.py:370} INFO - Running <TaskInstance: BRONZER_GET_STONCKS.BRONZE_STONCKS_AAPL scheduled__2024-08-31T00:00:00+00:00 [running]> on host kaiwang.
[2024-09-16 00:07:37,250] {taskinstance.py:1569} INFO - Exporting the following env vars:
AIRFLOW_CTX_DAG_OWNER=airflow
AIRFLOW_CTX_DAG_ID=BRONZER_GET_STONCKS
AIRFLOW_CTX_TASK_ID=BRONZE_STONCKS_AAPL
AIRFLOW_CTX_EXECUTION_DATE=2024-08-31T00:00:00+00:00
AIRFLOW_CTX_TRY_NUMBER=1
AIRFLOW_CTX_DAG_RUN_ID=scheduled__2024-08-31T00:00:00+00:00
[2024-09-16 00:07:37,868] {python.py:173} INFO - Done. Returned value was: None
[2024-09-16 00:07:37,914] {taskinstance.py:1395} INFO - Marking task as SUCCESS. dag_id=BRONZER_GET_STONCKS, task_id=BRONZE_STONCKS_AAPL, execution_date=20240831T000000, start_date=20240916T030736, end_date=20240916T030737
[2024-09-16 00:07:37,970] {local_task_job.py:156} INFO - Task exited with return code 0
[2024-09-16 00:07:38,156] {local_task_job.py:273} INFO - 0 downstream tasks scheduled from follow-on schedule check
[2024-09-16 13:56:33,515] {taskinstance.py:1159} INFO - Dependencies all met for <TaskInstance: BRONZER_GET_STONCKS.BRONZE_STONCKS_AAPL scheduled__2024-08-31T00:00:00+00:00 [queued]>
[2024-09-16 13:56:33,548] {taskinstance.py:1159} INFO - Dependencies all met for <TaskInstance: BRONZER_GET_STONCKS.BRONZE_STONCKS_AAPL scheduled__2024-08-31T00:00:00+00:00 [queued]>
[2024-09-16 13:56:33,548] {taskinstance.py:1356} INFO - 
--------------------------------------------------------------------------------
[2024-09-16 13:56:33,549] {taskinstance.py:1357} INFO - Starting attempt 1 of 1
[2024-09-16 13:56:33,549] {taskinstance.py:1358} INFO - 
--------------------------------------------------------------------------------
[2024-09-16 13:56:33,604] {taskinstance.py:1377} INFO - Executing <Task(_PythonDecoratedOperator): BRONZE_STONCKS_AAPL> on 2024-08-31 00:00:00+00:00
[2024-09-16 13:56:33,614] {standard_task_runner.py:52} INFO - Started process 139610 to run task
[2024-09-16 13:56:33,631] {standard_task_runner.py:79} INFO - Running: ['airflow', 'tasks', 'run', 'BRONZER_GET_STONCKS', 'BRONZE_STONCKS_AAPL', 'scheduled__2024-08-31T00:00:00+00:00', '--job-id', '2610', '--raw', '--subdir', 'DAGS_FOLDER/get_stocks.py', '--cfg-path', '/tmp/tmp41bq6zp4', '--error-file', '/tmp/tmpo80caq_1']
[2024-09-16 13:56:33,632] {standard_task_runner.py:80} INFO - Job 2610: Subtask BRONZE_STONCKS_AAPL
[2024-09-16 13:56:33,815] {task_command.py:370} INFO - Running <TaskInstance: BRONZER_GET_STONCKS.BRONZE_STONCKS_AAPL scheduled__2024-08-31T00:00:00+00:00 [running]> on host kaiwang.
[2024-09-16 13:56:34,250] {taskinstance.py:1569} INFO - Exporting the following env vars:
AIRFLOW_CTX_DAG_OWNER=airflow
AIRFLOW_CTX_DAG_ID=BRONZER_GET_STONCKS
AIRFLOW_CTX_TASK_ID=BRONZE_STONCKS_AAPL
AIRFLOW_CTX_EXECUTION_DATE=2024-08-31T00:00:00+00:00
AIRFLOW_CTX_TRY_NUMBER=1
AIRFLOW_CTX_DAG_RUN_ID=scheduled__2024-08-31T00:00:00+00:00
[2024-09-16 13:56:35,099] {python.py:173} INFO - Done. Returned value was: None
[2024-09-16 13:56:35,125] {taskinstance.py:1395} INFO - Marking task as SUCCESS. dag_id=BRONZER_GET_STONCKS, task_id=BRONZE_STONCKS_AAPL, execution_date=20240831T000000, start_date=20240916T165633, end_date=20240916T165635
[2024-09-16 13:56:35,192] {local_task_job.py:156} INFO - Task exited with return code 0
[2024-09-16 13:56:35,263] {local_task_job.py:273} INFO - 0 downstream tasks scheduled from follow-on schedule check
