[2024-09-16 00:07:40,782] {taskinstance.py:1159} INFO - Dependencies all met for <TaskInstance: BRONZER_GET_CRIPTOS.BRONZE_CRIPTO_BTC scheduled__2024-07-24T00:00:00+00:00 [queued]>
[2024-09-16 00:07:40,816] {taskinstance.py:1159} INFO - Dependencies all met for <TaskInstance: BRONZER_GET_CRIPTOS.BRONZE_CRIPTO_BTC scheduled__2024-07-24T00:00:00+00:00 [queued]>
[2024-09-16 00:07:40,816] {taskinstance.py:1356} INFO - 
--------------------------------------------------------------------------------
[2024-09-16 00:07:40,817] {taskinstance.py:1357} INFO - Starting attempt 1 of 1
[2024-09-16 00:07:40,817] {taskinstance.py:1358} INFO - 
--------------------------------------------------------------------------------
[2024-09-16 00:07:40,845] {taskinstance.py:1377} INFO - Executing <Task(_PythonDecoratedOperator): BRONZE_CRIPTO_BTC> on 2024-07-24 00:00:00+00:00
[2024-09-16 00:07:40,852] {standard_task_runner.py:52} INFO - Started process 40338 to run task
[2024-09-16 00:07:40,878] {standard_task_runner.py:79} INFO - Running: ['airflow', 'tasks', 'run', 'BRONZER_GET_CRIPTOS', 'BRONZE_CRIPTO_BTC', 'scheduled__2024-07-24T00:00:00+00:00', '--job-id', '1299', '--raw', '--subdir', 'DAGS_FOLDER/get_cripto.py', '--cfg-path', '/tmp/tmpwjjvmyd5', '--error-file', '/tmp/tmpbu1gdf1n']
[2024-09-16 00:07:40,879] {standard_task_runner.py:80} INFO - Job 1299: Subtask BRONZE_CRIPTO_BTC
[2024-09-16 00:07:41,068] {task_command.py:370} INFO - Running <TaskInstance: BRONZER_GET_CRIPTOS.BRONZE_CRIPTO_BTC scheduled__2024-07-24T00:00:00+00:00 [running]> on host kaiwang.
[2024-09-16 00:07:41,347] {taskinstance.py:1569} INFO - Exporting the following env vars:
AIRFLOW_CTX_DAG_OWNER=airflow
AIRFLOW_CTX_DAG_ID=BRONZER_GET_CRIPTOS
AIRFLOW_CTX_TASK_ID=BRONZE_CRIPTO_BTC
AIRFLOW_CTX_EXECUTION_DATE=2024-07-24T00:00:00+00:00
AIRFLOW_CTX_TRY_NUMBER=1
AIRFLOW_CTX_DAG_RUN_ID=scheduled__2024-07-24T00:00:00+00:00
[2024-09-16 00:07:44,514] {history.py:244} ERROR - $BTC: possibly delisted; no price data found  (1h 2024-07-21 -> 2024-07-24) (Yahoo error = "Data doesn't exist for startDate = 1721534400, endDate = 1721793600")
[2024-09-16 00:07:44,518] {python.py:173} INFO - Done. Returned value was: None
[2024-09-16 00:07:44,703] {taskinstance.py:1395} INFO - Marking task as SUCCESS. dag_id=BRONZER_GET_CRIPTOS, task_id=BRONZE_CRIPTO_BTC, execution_date=20240724T000000, start_date=20240916T030740, end_date=20240916T030744
[2024-09-16 00:07:44,740] {local_task_job.py:156} INFO - Task exited with return code 0
[2024-09-16 00:07:44,915] {local_task_job.py:273} INFO - 0 downstream tasks scheduled from follow-on schedule check
