[2024-09-16 00:07:10,876] {taskinstance.py:1159} INFO - Dependencies all met for <TaskInstance: BRONZER_GET_STONCKS.BRONZE_STONCKS_TSLA scheduled__2024-08-07T00:00:00+00:00 [queued]>
[2024-09-16 00:07:10,901] {taskinstance.py:1159} INFO - Dependencies all met for <TaskInstance: BRONZER_GET_STONCKS.BRONZE_STONCKS_TSLA scheduled__2024-08-07T00:00:00+00:00 [queued]>
[2024-09-16 00:07:10,901] {taskinstance.py:1356} INFO - 
--------------------------------------------------------------------------------
[2024-09-16 00:07:10,901] {taskinstance.py:1357} INFO - Starting attempt 1 of 1
[2024-09-16 00:07:10,901] {taskinstance.py:1358} INFO - 
--------------------------------------------------------------------------------
[2024-09-16 00:07:10,978] {taskinstance.py:1377} INFO - Executing <Task(_PythonDecoratedOperator): BRONZE_STONCKS_TSLA> on 2024-08-07 00:00:00+00:00
[2024-09-16 00:07:10,993] {standard_task_runner.py:52} INFO - Started process 37883 to run task
[2024-09-16 00:07:11,023] {standard_task_runner.py:79} INFO - Running: ['airflow', 'tasks', 'run', 'BRONZER_GET_STONCKS', 'BRONZE_STONCKS_TSLA', 'scheduled__2024-08-07T00:00:00+00:00', '--job-id', '1154', '--raw', '--subdir', 'DAGS_FOLDER/get_stocks.py', '--cfg-path', '/tmp/tmp6cedjmzm', '--error-file', '/tmp/tmpqjy5ng_g']
[2024-09-16 00:07:11,024] {standard_task_runner.py:80} INFO - Job 1154: Subtask BRONZE_STONCKS_TSLA
[2024-09-16 00:07:11,464] {task_command.py:370} INFO - Running <TaskInstance: BRONZER_GET_STONCKS.BRONZE_STONCKS_TSLA scheduled__2024-08-07T00:00:00+00:00 [running]> on host kaiwang.
[2024-09-16 00:07:11,861] {taskinstance.py:1569} INFO - Exporting the following env vars:
AIRFLOW_CTX_DAG_OWNER=airflow
AIRFLOW_CTX_DAG_ID=BRONZER_GET_STONCKS
AIRFLOW_CTX_TASK_ID=BRONZE_STONCKS_TSLA
AIRFLOW_CTX_EXECUTION_DATE=2024-08-07T00:00:00+00:00
AIRFLOW_CTX_TRY_NUMBER=1
AIRFLOW_CTX_DAG_RUN_ID=scheduled__2024-08-07T00:00:00+00:00
[2024-09-16 00:07:12,667] {python.py:173} INFO - Done. Returned value was: None
[2024-09-16 00:07:12,710] {taskinstance.py:1395} INFO - Marking task as SUCCESS. dag_id=BRONZER_GET_STONCKS, task_id=BRONZE_STONCKS_TSLA, execution_date=20240807T000000, start_date=20240916T030710, end_date=20240916T030712
[2024-09-16 00:07:12,792] {local_task_job.py:156} INFO - Task exited with return code 0
[2024-09-16 00:07:12,894] {local_task_job.py:273} INFO - 0 downstream tasks scheduled from follow-on schedule check
[2024-09-16 13:55:51,575] {taskinstance.py:1159} INFO - Dependencies all met for <TaskInstance: BRONZER_GET_STONCKS.BRONZE_STONCKS_TSLA scheduled__2024-08-07T00:00:00+00:00 [queued]>
[2024-09-16 13:55:51,592] {taskinstance.py:1159} INFO - Dependencies all met for <TaskInstance: BRONZER_GET_STONCKS.BRONZE_STONCKS_TSLA scheduled__2024-08-07T00:00:00+00:00 [queued]>
[2024-09-16 13:55:51,592] {taskinstance.py:1356} INFO - 
--------------------------------------------------------------------------------
[2024-09-16 13:55:51,592] {taskinstance.py:1357} INFO - Starting attempt 1 of 1
[2024-09-16 13:55:51,592] {taskinstance.py:1358} INFO - 
--------------------------------------------------------------------------------
[2024-09-16 13:55:51,615] {taskinstance.py:1377} INFO - Executing <Task(_PythonDecoratedOperator): BRONZE_STONCKS_TSLA> on 2024-08-07 00:00:00+00:00
[2024-09-16 13:55:51,622] {standard_task_runner.py:52} INFO - Started process 136698 to run task
[2024-09-16 13:55:51,626] {standard_task_runner.py:79} INFO - Running: ['airflow', 'tasks', 'run', 'BRONZER_GET_STONCKS', 'BRONZE_STONCKS_TSLA', 'scheduled__2024-08-07T00:00:00+00:00', '--job-id', '2477', '--raw', '--subdir', 'DAGS_FOLDER/get_stocks.py', '--cfg-path', '/tmp/tmpu8cn5hk1', '--error-file', '/tmp/tmpzv8yxnag']
[2024-09-16 13:55:51,628] {standard_task_runner.py:80} INFO - Job 2477: Subtask BRONZE_STONCKS_TSLA
[2024-09-16 13:55:51,774] {task_command.py:370} INFO - Running <TaskInstance: BRONZER_GET_STONCKS.BRONZE_STONCKS_TSLA scheduled__2024-08-07T00:00:00+00:00 [running]> on host kaiwang.
[2024-09-16 13:55:52,302] {taskinstance.py:1569} INFO - Exporting the following env vars:
AIRFLOW_CTX_DAG_OWNER=airflow
AIRFLOW_CTX_DAG_ID=BRONZER_GET_STONCKS
AIRFLOW_CTX_TASK_ID=BRONZE_STONCKS_TSLA
AIRFLOW_CTX_EXECUTION_DATE=2024-08-07T00:00:00+00:00
AIRFLOW_CTX_TRY_NUMBER=1
AIRFLOW_CTX_DAG_RUN_ID=scheduled__2024-08-07T00:00:00+00:00
[2024-09-16 13:55:52,950] {python.py:173} INFO - Done. Returned value was: None
[2024-09-16 13:55:52,984] {taskinstance.py:1395} INFO - Marking task as SUCCESS. dag_id=BRONZER_GET_STONCKS, task_id=BRONZE_STONCKS_TSLA, execution_date=20240807T000000, start_date=20240916T165551, end_date=20240916T165552
[2024-09-16 13:55:53,084] {local_task_job.py:156} INFO - Task exited with return code 0
[2024-09-16 13:55:53,170] {local_task_job.py:273} INFO - 0 downstream tasks scheduled from follow-on schedule check
