[2024-09-16 00:03:30,141] {taskinstance.py:1159} INFO - Dependencies all met for <TaskInstance: BRONZER_GET_CRIPTOS.BRONZE_CRIPTO_ETH scheduled__2024-01-24T00:00:00+00:00 [queued]>
[2024-09-16 00:03:30,184] {taskinstance.py:1159} INFO - Dependencies all met for <TaskInstance: BRONZER_GET_CRIPTOS.BRONZE_CRIPTO_ETH scheduled__2024-01-24T00:00:00+00:00 [queued]>
[2024-09-16 00:03:30,184] {taskinstance.py:1356} INFO - 
--------------------------------------------------------------------------------
[2024-09-16 00:03:30,185] {taskinstance.py:1357} INFO - Starting attempt 1 of 1
[2024-09-16 00:03:30,185] {taskinstance.py:1358} INFO - 
--------------------------------------------------------------------------------
[2024-09-16 00:03:30,236] {taskinstance.py:1377} INFO - Executing <Task(_PythonDecoratedOperator): BRONZE_CRIPTO_ETH> on 2024-01-24 00:00:00+00:00
[2024-09-16 00:03:30,267] {standard_task_runner.py:52} INFO - Started process 20278 to run task
[2024-09-16 00:03:30,285] {standard_task_runner.py:79} INFO - Running: ['airflow', 'tasks', 'run', 'BRONZER_GET_CRIPTOS', 'BRONZE_CRIPTO_ETH', 'scheduled__2024-01-24T00:00:00+00:00', '--job-id', '132', '--raw', '--subdir', 'DAGS_FOLDER/get_cripto.py', '--cfg-path', '/tmp/tmp1j3a369w', '--error-file', '/tmp/tmp0j01kabe']
[2024-09-16 00:03:30,286] {standard_task_runner.py:80} INFO - Job 132: Subtask BRONZE_CRIPTO_ETH
[2024-09-16 00:03:30,555] {task_command.py:370} INFO - Running <TaskInstance: BRONZER_GET_CRIPTOS.BRONZE_CRIPTO_ETH scheduled__2024-01-24T00:00:00+00:00 [running]> on host kaiwang.
[2024-09-16 00:03:30,861] {taskinstance.py:1569} INFO - Exporting the following env vars:
AIRFLOW_CTX_DAG_OWNER=airflow
AIRFLOW_CTX_DAG_ID=BRONZER_GET_CRIPTOS
AIRFLOW_CTX_TASK_ID=BRONZE_CRIPTO_ETH
AIRFLOW_CTX_EXECUTION_DATE=2024-01-24T00:00:00+00:00
AIRFLOW_CTX_TRY_NUMBER=1
AIRFLOW_CTX_DAG_RUN_ID=scheduled__2024-01-24T00:00:00+00:00
[2024-09-16 00:03:33,648] {history.py:244} ERROR - $ETH: possibly delisted; no price data found  (1h 2024-01-21 -> 2024-01-24) (Yahoo error = "Data doesn't exist for startDate = 1705813200, endDate = 1706072400")
[2024-09-16 00:03:33,652] {python.py:173} INFO - Done. Returned value was: None
[2024-09-16 00:03:33,980] {taskinstance.py:1395} INFO - Marking task as SUCCESS. dag_id=BRONZER_GET_CRIPTOS, task_id=BRONZE_CRIPTO_ETH, execution_date=20240124T000000, start_date=20240916T030330, end_date=20240916T030333
[2024-09-16 00:03:34,061] {local_task_job.py:156} INFO - Task exited with return code 0
[2024-09-16 00:03:34,256] {local_task_job.py:273} INFO - 0 downstream tasks scheduled from follow-on schedule check
[2024-09-16 00:13:11,451] {taskinstance.py:1159} INFO - Dependencies all met for <TaskInstance: BRONZER_GET_CRIPTOS.BRONZE_CRIPTO_ETH scheduled__2024-01-24T00:00:00+00:00 [queued]>
[2024-09-16 00:13:11,501] {taskinstance.py:1159} INFO - Dependencies all met for <TaskInstance: BRONZER_GET_CRIPTOS.BRONZE_CRIPTO_ETH scheduled__2024-01-24T00:00:00+00:00 [queued]>
[2024-09-16 00:13:11,502] {taskinstance.py:1356} INFO - 
--------------------------------------------------------------------------------
[2024-09-16 00:13:11,502] {taskinstance.py:1357} INFO - Starting attempt 1 of 1
[2024-09-16 00:13:11,502] {taskinstance.py:1358} INFO - 
--------------------------------------------------------------------------------
[2024-09-16 00:13:11,582] {taskinstance.py:1377} INFO - Executing <Task(_PythonDecoratedOperator): BRONZE_CRIPTO_ETH> on 2024-01-24 00:00:00+00:00
[2024-09-16 00:13:11,588] {standard_task_runner.py:52} INFO - Started process 45909 to run task
[2024-09-16 00:13:11,617] {standard_task_runner.py:79} INFO - Running: ['airflow', 'tasks', 'run', 'BRONZER_GET_CRIPTOS', 'BRONZE_CRIPTO_ETH', 'scheduled__2024-01-24T00:00:00+00:00', '--job-id', '1609', '--raw', '--subdir', 'DAGS_FOLDER/get_cripto.py', '--cfg-path', '/tmp/tmpjy8snnme', '--error-file', '/tmp/tmpwim4b77t']
[2024-09-16 00:13:11,618] {standard_task_runner.py:80} INFO - Job 1609: Subtask BRONZE_CRIPTO_ETH
[2024-09-16 00:13:12,007] {task_command.py:370} INFO - Running <TaskInstance: BRONZER_GET_CRIPTOS.BRONZE_CRIPTO_ETH scheduled__2024-01-24T00:00:00+00:00 [running]> on host kaiwang.
[2024-09-16 00:13:12,353] {taskinstance.py:1569} INFO - Exporting the following env vars:
AIRFLOW_CTX_DAG_OWNER=airflow
AIRFLOW_CTX_DAG_ID=BRONZER_GET_CRIPTOS
AIRFLOW_CTX_TASK_ID=BRONZE_CRIPTO_ETH
AIRFLOW_CTX_EXECUTION_DATE=2024-01-24T00:00:00+00:00
AIRFLOW_CTX_TRY_NUMBER=1
AIRFLOW_CTX_DAG_RUN_ID=scheduled__2024-01-24T00:00:00+00:00
[2024-09-16 00:13:15,724] {history.py:244} ERROR - $ETH: possibly delisted; no price data found  (1h 2024-01-21 -> 2024-01-24) (Yahoo error = "Data doesn't exist for startDate = 1705813200, endDate = 1706072400")
[2024-09-16 00:13:15,729] {python.py:173} INFO - Done. Returned value was: None
[2024-09-16 00:13:15,827] {taskinstance.py:1395} INFO - Marking task as SUCCESS. dag_id=BRONZER_GET_CRIPTOS, task_id=BRONZE_CRIPTO_ETH, execution_date=20240124T000000, start_date=20240916T031311, end_date=20240916T031315
[2024-09-16 00:13:15,928] {local_task_job.py:156} INFO - Task exited with return code 0
[2024-09-16 00:13:16,085] {local_task_job.py:273} INFO - 0 downstream tasks scheduled from follow-on schedule check
[2024-09-16 00:14:46,713] {taskinstance.py:1159} INFO - Dependencies all met for <TaskInstance: BRONZER_GET_CRIPTOS.BRONZE_CRIPTO_ETH scheduled__2024-01-24T00:00:00+00:00 [queued]>
[2024-09-16 00:14:46,749] {taskinstance.py:1159} INFO - Dependencies all met for <TaskInstance: BRONZER_GET_CRIPTOS.BRONZE_CRIPTO_ETH scheduled__2024-01-24T00:00:00+00:00 [queued]>
[2024-09-16 00:14:46,749] {taskinstance.py:1356} INFO - 
--------------------------------------------------------------------------------
[2024-09-16 00:14:46,749] {taskinstance.py:1357} INFO - Starting attempt 1 of 1
[2024-09-16 00:14:46,749] {taskinstance.py:1358} INFO - 
--------------------------------------------------------------------------------
[2024-09-16 00:14:46,787] {taskinstance.py:1377} INFO - Executing <Task(_PythonDecoratedOperator): BRONZE_CRIPTO_ETH> on 2024-01-24 00:00:00+00:00
[2024-09-16 00:14:46,794] {standard_task_runner.py:52} INFO - Started process 51394 to run task
[2024-09-16 00:14:46,838] {standard_task_runner.py:79} INFO - Running: ['airflow', 'tasks', 'run', 'BRONZER_GET_CRIPTOS', 'BRONZE_CRIPTO_ETH', 'scheduled__2024-01-24T00:00:00+00:00', '--job-id', '1921', '--raw', '--subdir', 'DAGS_FOLDER/get_cripto.py', '--cfg-path', '/tmp/tmpqvtqngzw', '--error-file', '/tmp/tmpoeye6oy6']
[2024-09-16 00:14:46,846] {standard_task_runner.py:80} INFO - Job 1921: Subtask BRONZE_CRIPTO_ETH
[2024-09-16 00:14:47,047] {task_command.py:370} INFO - Running <TaskInstance: BRONZER_GET_CRIPTOS.BRONZE_CRIPTO_ETH scheduled__2024-01-24T00:00:00+00:00 [running]> on host kaiwang.
[2024-09-16 00:14:47,347] {taskinstance.py:1569} INFO - Exporting the following env vars:
AIRFLOW_CTX_DAG_OWNER=airflow
AIRFLOW_CTX_DAG_ID=BRONZER_GET_CRIPTOS
AIRFLOW_CTX_TASK_ID=BRONZE_CRIPTO_ETH
AIRFLOW_CTX_EXECUTION_DATE=2024-01-24T00:00:00+00:00
AIRFLOW_CTX_TRY_NUMBER=1
AIRFLOW_CTX_DAG_RUN_ID=scheduled__2024-01-24T00:00:00+00:00
[2024-09-16 00:14:50,450] {history.py:244} ERROR - $ETH: possibly delisted; no price data found  (1h 2024-01-21 -> 2024-01-24) (Yahoo error = "Data doesn't exist for startDate = 1705813200, endDate = 1706072400")
[2024-09-16 00:14:50,454] {python.py:173} INFO - Done. Returned value was: None
[2024-09-16 00:14:50,523] {taskinstance.py:1395} INFO - Marking task as SUCCESS. dag_id=BRONZER_GET_CRIPTOS, task_id=BRONZE_CRIPTO_ETH, execution_date=20240124T000000, start_date=20240916T031446, end_date=20240916T031450
[2024-09-16 00:14:50,597] {local_task_job.py:156} INFO - Task exited with return code 0
[2024-09-16 00:14:50,772] {local_task_job.py:273} INFO - 0 downstream tasks scheduled from follow-on schedule check
