[2024-09-16 00:04:56,320] {taskinstance.py:1159} INFO - Dependencies all met for <TaskInstance: BRONZER_GET_CRIPTOS.BRONZE_CRIPTO_BTC scheduled__2024-03-27T00:00:00+00:00 [queued]>
[2024-09-16 00:04:56,359] {taskinstance.py:1159} INFO - Dependencies all met for <TaskInstance: BRONZER_GET_CRIPTOS.BRONZE_CRIPTO_BTC scheduled__2024-03-27T00:00:00+00:00 [queued]>
[2024-09-16 00:04:56,359] {taskinstance.py:1356} INFO - 
--------------------------------------------------------------------------------
[2024-09-16 00:04:56,360] {taskinstance.py:1357} INFO - Starting attempt 1 of 1
[2024-09-16 00:04:56,360] {taskinstance.py:1358} INFO - 
--------------------------------------------------------------------------------
[2024-09-16 00:04:56,382] {taskinstance.py:1377} INFO - Executing <Task(_PythonDecoratedOperator): BRONZE_CRIPTO_BTC> on 2024-03-27 00:00:00+00:00
[2024-09-16 00:04:56,388] {standard_task_runner.py:52} INFO - Started process 26982 to run task
[2024-09-16 00:04:56,405] {standard_task_runner.py:79} INFO - Running: ['airflow', 'tasks', 'run', 'BRONZER_GET_CRIPTOS', 'BRONZE_CRIPTO_BTC', 'scheduled__2024-03-27T00:00:00+00:00', '--job-id', '516', '--raw', '--subdir', 'DAGS_FOLDER/get_cripto.py', '--cfg-path', '/tmp/tmpoa7wjcgs', '--error-file', '/tmp/tmpbmhx8j_5']
[2024-09-16 00:04:56,406] {standard_task_runner.py:80} INFO - Job 516: Subtask BRONZE_CRIPTO_BTC
[2024-09-16 00:04:56,661] {task_command.py:370} INFO - Running <TaskInstance: BRONZER_GET_CRIPTOS.BRONZE_CRIPTO_BTC scheduled__2024-03-27T00:00:00+00:00 [running]> on host kaiwang.
[2024-09-16 00:04:56,916] {taskinstance.py:1569} INFO - Exporting the following env vars:
AIRFLOW_CTX_DAG_OWNER=airflow
AIRFLOW_CTX_DAG_ID=BRONZER_GET_CRIPTOS
AIRFLOW_CTX_TASK_ID=BRONZE_CRIPTO_BTC
AIRFLOW_CTX_EXECUTION_DATE=2024-03-27T00:00:00+00:00
AIRFLOW_CTX_TRY_NUMBER=1
AIRFLOW_CTX_DAG_RUN_ID=scheduled__2024-03-27T00:00:00+00:00
[2024-09-16 00:04:59,197] {history.py:244} ERROR - $BTC: possibly delisted; no price data found  (1h 2024-03-24 -> 2024-03-27) (Yahoo error = "Data doesn't exist for startDate = 1711252800, endDate = 1711512000")
[2024-09-16 00:04:59,201] {python.py:173} INFO - Done. Returned value was: None
[2024-09-16 00:04:59,233] {taskinstance.py:1395} INFO - Marking task as SUCCESS. dag_id=BRONZER_GET_CRIPTOS, task_id=BRONZE_CRIPTO_BTC, execution_date=20240327T000000, start_date=20240916T030456, end_date=20240916T030459
[2024-09-16 00:04:59,317] {local_task_job.py:156} INFO - Task exited with return code 0
[2024-09-16 00:04:59,520] {local_task_job.py:273} INFO - 0 downstream tasks scheduled from follow-on schedule check
[2024-09-16 00:16:13,912] {taskinstance.py:1159} INFO - Dependencies all met for <TaskInstance: BRONZER_GET_CRIPTOS.BRONZE_CRIPTO_BTC scheduled__2024-03-27T00:00:00+00:00 [queued]>
[2024-09-16 00:16:13,946] {taskinstance.py:1159} INFO - Dependencies all met for <TaskInstance: BRONZER_GET_CRIPTOS.BRONZE_CRIPTO_BTC scheduled__2024-03-27T00:00:00+00:00 [queued]>
[2024-09-16 00:16:13,947] {taskinstance.py:1356} INFO - 
--------------------------------------------------------------------------------
[2024-09-16 00:16:13,947] {taskinstance.py:1357} INFO - Starting attempt 1 of 1
[2024-09-16 00:16:13,947] {taskinstance.py:1358} INFO - 
--------------------------------------------------------------------------------
[2024-09-16 00:16:14,020] {taskinstance.py:1377} INFO - Executing <Task(_PythonDecoratedOperator): BRONZE_CRIPTO_BTC> on 2024-03-27 00:00:00+00:00
[2024-09-16 00:16:14,029] {standard_task_runner.py:52} INFO - Started process 58554 to run task
[2024-09-16 00:16:14,072] {standard_task_runner.py:79} INFO - Running: ['airflow', 'tasks', 'run', 'BRONZER_GET_CRIPTOS', 'BRONZE_CRIPTO_BTC', 'scheduled__2024-03-27T00:00:00+00:00', '--job-id', '2340', '--raw', '--subdir', 'DAGS_FOLDER/get_cripto.py', '--cfg-path', '/tmp/tmpp8x7099a', '--error-file', '/tmp/tmpmqkefsgp']
[2024-09-16 00:16:14,073] {standard_task_runner.py:80} INFO - Job 2340: Subtask BRONZE_CRIPTO_BTC
[2024-09-16 00:16:14,270] {task_command.py:370} INFO - Running <TaskInstance: BRONZER_GET_CRIPTOS.BRONZE_CRIPTO_BTC scheduled__2024-03-27T00:00:00+00:00 [running]> on host kaiwang.
[2024-09-16 00:16:14,559] {taskinstance.py:1569} INFO - Exporting the following env vars:
AIRFLOW_CTX_DAG_OWNER=airflow
AIRFLOW_CTX_DAG_ID=BRONZER_GET_CRIPTOS
AIRFLOW_CTX_TASK_ID=BRONZE_CRIPTO_BTC
AIRFLOW_CTX_EXECUTION_DATE=2024-03-27T00:00:00+00:00
AIRFLOW_CTX_TRY_NUMBER=1
AIRFLOW_CTX_DAG_RUN_ID=scheduled__2024-03-27T00:00:00+00:00
[2024-09-16 00:16:17,467] {history.py:244} ERROR - $BTC: possibly delisted; no price data found  (1h 2024-03-24 -> 2024-03-27) (Yahoo error = "Data doesn't exist for startDate = 1711252800, endDate = 1711512000")
[2024-09-16 00:16:17,471] {python.py:173} INFO - Done. Returned value was: None
[2024-09-16 00:16:17,679] {taskinstance.py:1395} INFO - Marking task as SUCCESS. dag_id=BRONZER_GET_CRIPTOS, task_id=BRONZE_CRIPTO_BTC, execution_date=20240327T000000, start_date=20240916T031613, end_date=20240916T031617
[2024-09-16 00:16:17,749] {local_task_job.py:156} INFO - Task exited with return code 0
[2024-09-16 00:16:18,087] {local_task_job.py:273} INFO - 0 downstream tasks scheduled from follow-on schedule check
