[2024-09-16 00:04:54,134] {taskinstance.py:1159} INFO - Dependencies all met for <TaskInstance: BRONZER_GET_STONCKS.BRONZE_STONCKS_GOOG scheduled__2024-04-04T00:00:00+00:00 [queued]>
[2024-09-16 00:04:54,145] {taskinstance.py:1159} INFO - Dependencies all met for <TaskInstance: BRONZER_GET_STONCKS.BRONZE_STONCKS_GOOG scheduled__2024-04-04T00:00:00+00:00 [queued]>
[2024-09-16 00:04:54,146] {taskinstance.py:1356} INFO - 
--------------------------------------------------------------------------------
[2024-09-16 00:04:54,146] {taskinstance.py:1357} INFO - Starting attempt 1 of 1
[2024-09-16 00:04:54,146] {taskinstance.py:1358} INFO - 
--------------------------------------------------------------------------------
[2024-09-16 00:04:54,170] {taskinstance.py:1377} INFO - Executing <Task(_PythonDecoratedOperator): BRONZE_STONCKS_GOOG> on 2024-04-04 00:00:00+00:00
[2024-09-16 00:04:54,178] {standard_task_runner.py:52} INFO - Started process 26822 to run task
[2024-09-16 00:04:54,185] {standard_task_runner.py:79} INFO - Running: ['airflow', 'tasks', 'run', 'BRONZER_GET_STONCKS', 'BRONZE_STONCKS_GOOG', 'scheduled__2024-04-04T00:00:00+00:00', '--job-id', '512', '--raw', '--subdir', 'DAGS_FOLDER/get_stocks.py', '--cfg-path', '/tmp/tmpcjca3ap6', '--error-file', '/tmp/tmpu54yif0t']
[2024-09-16 00:04:54,187] {standard_task_runner.py:80} INFO - Job 512: Subtask BRONZE_STONCKS_GOOG
[2024-09-16 00:04:54,384] {task_command.py:370} INFO - Running <TaskInstance: BRONZER_GET_STONCKS.BRONZE_STONCKS_GOOG scheduled__2024-04-04T00:00:00+00:00 [running]> on host kaiwang.
[2024-09-16 00:04:54,545] {taskinstance.py:1569} INFO - Exporting the following env vars:
AIRFLOW_CTX_DAG_OWNER=airflow
AIRFLOW_CTX_DAG_ID=BRONZER_GET_STONCKS
AIRFLOW_CTX_TASK_ID=BRONZE_STONCKS_GOOG
AIRFLOW_CTX_EXECUTION_DATE=2024-04-04T00:00:00+00:00
AIRFLOW_CTX_TRY_NUMBER=1
AIRFLOW_CTX_DAG_RUN_ID=scheduled__2024-04-04T00:00:00+00:00
[2024-09-16 00:04:55,208] {python.py:173} INFO - Done. Returned value was: None
[2024-09-16 00:04:55,259] {taskinstance.py:1395} INFO - Marking task as SUCCESS. dag_id=BRONZER_GET_STONCKS, task_id=BRONZE_STONCKS_GOOG, execution_date=20240404T000000, start_date=20240916T030454, end_date=20240916T030455
[2024-09-16 00:04:55,329] {local_task_job.py:156} INFO - Task exited with return code 0
[2024-09-16 00:04:55,429] {local_task_job.py:273} INFO - 0 downstream tasks scheduled from follow-on schedule check
[2024-09-16 00:16:02,397] {taskinstance.py:1159} INFO - Dependencies all met for <TaskInstance: BRONZER_GET_STONCKS.BRONZE_STONCKS_GOOG scheduled__2024-04-04T00:00:00+00:00 [queued]>
[2024-09-16 00:16:02,447] {taskinstance.py:1159} INFO - Dependencies all met for <TaskInstance: BRONZER_GET_STONCKS.BRONZE_STONCKS_GOOG scheduled__2024-04-04T00:00:00+00:00 [queued]>
[2024-09-16 00:16:02,447] {taskinstance.py:1356} INFO - 
--------------------------------------------------------------------------------
[2024-09-16 00:16:02,447] {taskinstance.py:1357} INFO - Starting attempt 1 of 1
[2024-09-16 00:16:02,447] {taskinstance.py:1358} INFO - 
--------------------------------------------------------------------------------
[2024-09-16 00:16:02,522] {taskinstance.py:1377} INFO - Executing <Task(_PythonDecoratedOperator): BRONZE_STONCKS_GOOG> on 2024-04-04 00:00:00+00:00
[2024-09-16 00:16:02,553] {standard_task_runner.py:52} INFO - Started process 57662 to run task
[2024-09-16 00:16:02,568] {standard_task_runner.py:79} INFO - Running: ['airflow', 'tasks', 'run', 'BRONZER_GET_STONCKS', 'BRONZE_STONCKS_GOOG', 'scheduled__2024-04-04T00:00:00+00:00', '--job-id', '2289', '--raw', '--subdir', 'DAGS_FOLDER/get_stocks.py', '--cfg-path', '/tmp/tmph3vn2ug7', '--error-file', '/tmp/tmpjzehc8kh']
[2024-09-16 00:16:02,570] {standard_task_runner.py:80} INFO - Job 2289: Subtask BRONZE_STONCKS_GOOG
[2024-09-16 00:16:02,878] {task_command.py:370} INFO - Running <TaskInstance: BRONZER_GET_STONCKS.BRONZE_STONCKS_GOOG scheduled__2024-04-04T00:00:00+00:00 [running]> on host kaiwang.
[2024-09-16 00:16:03,134] {taskinstance.py:1569} INFO - Exporting the following env vars:
AIRFLOW_CTX_DAG_OWNER=airflow
AIRFLOW_CTX_DAG_ID=BRONZER_GET_STONCKS
AIRFLOW_CTX_TASK_ID=BRONZE_STONCKS_GOOG
AIRFLOW_CTX_EXECUTION_DATE=2024-04-04T00:00:00+00:00
AIRFLOW_CTX_TRY_NUMBER=1
AIRFLOW_CTX_DAG_RUN_ID=scheduled__2024-04-04T00:00:00+00:00
[2024-09-16 00:16:03,734] {python.py:173} INFO - Done. Returned value was: None
[2024-09-16 00:16:03,761] {taskinstance.py:1395} INFO - Marking task as SUCCESS. dag_id=BRONZER_GET_STONCKS, task_id=BRONZE_STONCKS_GOOG, execution_date=20240404T000000, start_date=20240916T031602, end_date=20240916T031603
[2024-09-16 00:16:03,802] {local_task_job.py:156} INFO - Task exited with return code 0
[2024-09-16 00:16:03,836] {local_task_job.py:273} INFO - 0 downstream tasks scheduled from follow-on schedule check
