[2024-09-16 00:07:10,988] {taskinstance.py:1159} INFO - Dependencies all met for <TaskInstance: BRONZER_GET_STONCKS.BRONZE_STONCKS_AAPL scheduled__2024-08-07T00:00:00+00:00 [queued]>
[2024-09-16 00:07:11,031] {taskinstance.py:1159} INFO - Dependencies all met for <TaskInstance: BRONZER_GET_STONCKS.BRONZE_STONCKS_AAPL scheduled__2024-08-07T00:00:00+00:00 [queued]>
[2024-09-16 00:07:11,031] {taskinstance.py:1356} INFO - 
--------------------------------------------------------------------------------
[2024-09-16 00:07:11,031] {taskinstance.py:1357} INFO - Starting attempt 1 of 1
[2024-09-16 00:07:11,031] {taskinstance.py:1358} INFO - 
--------------------------------------------------------------------------------
[2024-09-16 00:07:11,161] {taskinstance.py:1377} INFO - Executing <Task(_PythonDecoratedOperator): BRONZE_STONCKS_AAPL> on 2024-08-07 00:00:00+00:00
[2024-09-16 00:07:11,177] {standard_task_runner.py:52} INFO - Started process 37900 to run task
[2024-09-16 00:07:11,211] {standard_task_runner.py:79} INFO - Running: ['airflow', 'tasks', 'run', 'BRONZER_GET_STONCKS', 'BRONZE_STONCKS_AAPL', 'scheduled__2024-08-07T00:00:00+00:00', '--job-id', '1155', '--raw', '--subdir', 'DAGS_FOLDER/get_stocks.py', '--cfg-path', '/tmp/tmp9cuva0hl', '--error-file', '/tmp/tmpc_rf5alz']
[2024-09-16 00:07:11,212] {standard_task_runner.py:80} INFO - Job 1155: Subtask BRONZE_STONCKS_AAPL
[2024-09-16 00:07:11,534] {task_command.py:370} INFO - Running <TaskInstance: BRONZER_GET_STONCKS.BRONZE_STONCKS_AAPL scheduled__2024-08-07T00:00:00+00:00 [running]> on host kaiwang.
[2024-09-16 00:07:12,000] {taskinstance.py:1569} INFO - Exporting the following env vars:
AIRFLOW_CTX_DAG_OWNER=airflow
AIRFLOW_CTX_DAG_ID=BRONZER_GET_STONCKS
AIRFLOW_CTX_TASK_ID=BRONZE_STONCKS_AAPL
AIRFLOW_CTX_EXECUTION_DATE=2024-08-07T00:00:00+00:00
AIRFLOW_CTX_TRY_NUMBER=1
AIRFLOW_CTX_DAG_RUN_ID=scheduled__2024-08-07T00:00:00+00:00
[2024-09-16 00:07:12,660] {python.py:173} INFO - Done. Returned value was: None
[2024-09-16 00:07:12,759] {taskinstance.py:1395} INFO - Marking task as SUCCESS. dag_id=BRONZER_GET_STONCKS, task_id=BRONZE_STONCKS_AAPL, execution_date=20240807T000000, start_date=20240916T030710, end_date=20240916T030712
[2024-09-16 00:07:12,796] {local_task_job.py:156} INFO - Task exited with return code 0
[2024-09-16 00:07:12,951] {local_task_job.py:273} INFO - 0 downstream tasks scheduled from follow-on schedule check
[2024-09-16 13:55:50,497] {taskinstance.py:1159} INFO - Dependencies all met for <TaskInstance: BRONZER_GET_STONCKS.BRONZE_STONCKS_AAPL scheduled__2024-08-07T00:00:00+00:00 [queued]>
[2024-09-16 13:55:50,525] {taskinstance.py:1159} INFO - Dependencies all met for <TaskInstance: BRONZER_GET_STONCKS.BRONZE_STONCKS_AAPL scheduled__2024-08-07T00:00:00+00:00 [queued]>
[2024-09-16 13:55:50,526] {taskinstance.py:1356} INFO - 
--------------------------------------------------------------------------------
[2024-09-16 13:55:50,526] {taskinstance.py:1357} INFO - Starting attempt 1 of 1
[2024-09-16 13:55:50,526] {taskinstance.py:1358} INFO - 
--------------------------------------------------------------------------------
[2024-09-16 13:55:50,588] {taskinstance.py:1377} INFO - Executing <Task(_PythonDecoratedOperator): BRONZE_STONCKS_AAPL> on 2024-08-07 00:00:00+00:00
[2024-09-16 13:55:50,593] {standard_task_runner.py:52} INFO - Started process 136622 to run task
[2024-09-16 13:55:50,607] {standard_task_runner.py:79} INFO - Running: ['airflow', 'tasks', 'run', 'BRONZER_GET_STONCKS', 'BRONZE_STONCKS_AAPL', 'scheduled__2024-08-07T00:00:00+00:00', '--job-id', '2472', '--raw', '--subdir', 'DAGS_FOLDER/get_stocks.py', '--cfg-path', '/tmp/tmp_gm9r3nq', '--error-file', '/tmp/tmpfphht17j']
[2024-09-16 13:55:50,608] {standard_task_runner.py:80} INFO - Job 2472: Subtask BRONZE_STONCKS_AAPL
[2024-09-16 13:55:50,762] {task_command.py:370} INFO - Running <TaskInstance: BRONZER_GET_STONCKS.BRONZE_STONCKS_AAPL scheduled__2024-08-07T00:00:00+00:00 [running]> on host kaiwang.
[2024-09-16 13:55:51,174] {taskinstance.py:1569} INFO - Exporting the following env vars:
AIRFLOW_CTX_DAG_OWNER=airflow
AIRFLOW_CTX_DAG_ID=BRONZER_GET_STONCKS
AIRFLOW_CTX_TASK_ID=BRONZE_STONCKS_AAPL
AIRFLOW_CTX_EXECUTION_DATE=2024-08-07T00:00:00+00:00
AIRFLOW_CTX_TRY_NUMBER=1
AIRFLOW_CTX_DAG_RUN_ID=scheduled__2024-08-07T00:00:00+00:00
[2024-09-16 13:55:53,039] {python.py:173} INFO - Done. Returned value was: None
[2024-09-16 13:55:53,071] {taskinstance.py:1395} INFO - Marking task as SUCCESS. dag_id=BRONZER_GET_STONCKS, task_id=BRONZE_STONCKS_AAPL, execution_date=20240807T000000, start_date=20240916T165550, end_date=20240916T165553
[2024-09-16 13:55:53,128] {local_task_job.py:156} INFO - Task exited with return code 0
[2024-09-16 13:55:53,226] {local_task_job.py:273} INFO - 0 downstream tasks scheduled from follow-on schedule check
