[2024-09-16 00:02:58,019] {taskinstance.py:1159} INFO - Dependencies all met for <TaskInstance: BRONZER_GET_CRIPTOS.BRONZE_CRIPTO_ETH scheduled__2024-01-04T00:00:00+00:00 [queued]>
[2024-09-16 00:02:58,074] {taskinstance.py:1159} INFO - Dependencies all met for <TaskInstance: BRONZER_GET_CRIPTOS.BRONZE_CRIPTO_ETH scheduled__2024-01-04T00:00:00+00:00 [queued]>
[2024-09-16 00:02:58,075] {taskinstance.py:1356} INFO - 
--------------------------------------------------------------------------------
[2024-09-16 00:02:58,075] {taskinstance.py:1357} INFO - Starting attempt 1 of 1
[2024-09-16 00:02:58,075] {taskinstance.py:1358} INFO - 
--------------------------------------------------------------------------------
[2024-09-16 00:02:58,138] {taskinstance.py:1377} INFO - Executing <Task(_PythonDecoratedOperator): BRONZE_CRIPTO_ETH> on 2024-01-04 00:00:00+00:00
[2024-09-16 00:02:58,148] {standard_task_runner.py:52} INFO - Started process 18253 to run task
[2024-09-16 00:02:58,174] {standard_task_runner.py:79} INFO - Running: ['airflow', 'tasks', 'run', 'BRONZER_GET_CRIPTOS', 'BRONZE_CRIPTO_ETH', 'scheduled__2024-01-04T00:00:00+00:00', '--job-id', '17', '--raw', '--subdir', 'DAGS_FOLDER/get_cripto.py', '--cfg-path', '/tmp/tmpoyg2zeqi', '--error-file', '/tmp/tmpy_ts18dh']
[2024-09-16 00:02:58,175] {standard_task_runner.py:80} INFO - Job 17: Subtask BRONZE_CRIPTO_ETH
[2024-09-16 00:02:58,633] {task_command.py:370} INFO - Running <TaskInstance: BRONZER_GET_CRIPTOS.BRONZE_CRIPTO_ETH scheduled__2024-01-04T00:00:00+00:00 [running]> on host kaiwang.
[2024-09-16 00:02:59,201] {taskinstance.py:1569} INFO - Exporting the following env vars:
AIRFLOW_CTX_DAG_OWNER=airflow
AIRFLOW_CTX_DAG_ID=BRONZER_GET_CRIPTOS
AIRFLOW_CTX_TASK_ID=BRONZE_CRIPTO_ETH
AIRFLOW_CTX_EXECUTION_DATE=2024-01-04T00:00:00+00:00
AIRFLOW_CTX_TRY_NUMBER=1
AIRFLOW_CTX_DAG_RUN_ID=scheduled__2024-01-04T00:00:00+00:00
[2024-09-16 00:03:02,332] {history.py:244} ERROR - $ETH: possibly delisted; no price data found  (1h 2024-01-01 -> 2024-01-04) (Yahoo error = "Data doesn't exist for startDate = 1704085200, endDate = 1704344400")
[2024-09-16 00:03:02,336] {python.py:173} INFO - Done. Returned value was: None
[2024-09-16 00:03:02,401] {taskinstance.py:1395} INFO - Marking task as SUCCESS. dag_id=BRONZER_GET_CRIPTOS, task_id=BRONZE_CRIPTO_ETH, execution_date=20240104T000000, start_date=20240916T030258, end_date=20240916T030302
[2024-09-16 00:03:02,470] {local_task_job.py:156} INFO - Task exited with return code 0
[2024-09-16 00:03:02,598] {local_task_job.py:273} INFO - 0 downstream tasks scheduled from follow-on schedule check
[2024-09-16 00:12:42,698] {taskinstance.py:1159} INFO - Dependencies all met for <TaskInstance: BRONZER_GET_CRIPTOS.BRONZE_CRIPTO_ETH scheduled__2024-01-04T00:00:00+00:00 [queued]>
[2024-09-16 00:12:42,721] {taskinstance.py:1159} INFO - Dependencies all met for <TaskInstance: BRONZER_GET_CRIPTOS.BRONZE_CRIPTO_ETH scheduled__2024-01-04T00:00:00+00:00 [queued]>
[2024-09-16 00:12:42,721] {taskinstance.py:1356} INFO - 
--------------------------------------------------------------------------------
[2024-09-16 00:12:42,722] {taskinstance.py:1357} INFO - Starting attempt 1 of 1
[2024-09-16 00:12:42,722] {taskinstance.py:1358} INFO - 
--------------------------------------------------------------------------------
[2024-09-16 00:12:42,749] {taskinstance.py:1377} INFO - Executing <Task(_PythonDecoratedOperator): BRONZE_CRIPTO_ETH> on 2024-01-04 00:00:00+00:00
[2024-09-16 00:12:42,754] {standard_task_runner.py:52} INFO - Started process 43763 to run task
[2024-09-16 00:12:42,766] {standard_task_runner.py:79} INFO - Running: ['airflow', 'tasks', 'run', 'BRONZER_GET_CRIPTOS', 'BRONZE_CRIPTO_ETH', 'scheduled__2024-01-04T00:00:00+00:00', '--job-id', '1486', '--raw', '--subdir', 'DAGS_FOLDER/get_cripto.py', '--cfg-path', '/tmp/tmpmba3y8kd', '--error-file', '/tmp/tmpj8mm04tt']
[2024-09-16 00:12:42,767] {standard_task_runner.py:80} INFO - Job 1486: Subtask BRONZE_CRIPTO_ETH
[2024-09-16 00:12:42,945] {task_command.py:370} INFO - Running <TaskInstance: BRONZER_GET_CRIPTOS.BRONZE_CRIPTO_ETH scheduled__2024-01-04T00:00:00+00:00 [running]> on host kaiwang.
[2024-09-16 00:12:43,179] {taskinstance.py:1569} INFO - Exporting the following env vars:
AIRFLOW_CTX_DAG_OWNER=airflow
AIRFLOW_CTX_DAG_ID=BRONZER_GET_CRIPTOS
AIRFLOW_CTX_TASK_ID=BRONZE_CRIPTO_ETH
AIRFLOW_CTX_EXECUTION_DATE=2024-01-04T00:00:00+00:00
AIRFLOW_CTX_TRY_NUMBER=1
AIRFLOW_CTX_DAG_RUN_ID=scheduled__2024-01-04T00:00:00+00:00
[2024-09-16 00:12:46,505] {history.py:244} ERROR - $ETH: possibly delisted; no price data found  (1h 2024-01-01 -> 2024-01-04) (Yahoo error = "Data doesn't exist for startDate = 1704085200, endDate = 1704344400")
[2024-09-16 00:12:46,509] {python.py:173} INFO - Done. Returned value was: None
[2024-09-16 00:12:46,529] {taskinstance.py:1395} INFO - Marking task as SUCCESS. dag_id=BRONZER_GET_CRIPTOS, task_id=BRONZE_CRIPTO_ETH, execution_date=20240104T000000, start_date=20240916T031242, end_date=20240916T031246
[2024-09-16 00:12:46,568] {local_task_job.py:156} INFO - Task exited with return code 0
[2024-09-16 00:12:46,610] {local_task_job.py:273} INFO - 0 downstream tasks scheduled from follow-on schedule check
[2024-09-16 00:14:19,418] {taskinstance.py:1159} INFO - Dependencies all met for <TaskInstance: BRONZER_GET_CRIPTOS.BRONZE_CRIPTO_ETH scheduled__2024-01-04T00:00:00+00:00 [queued]>
[2024-09-16 00:14:19,507] {taskinstance.py:1159} INFO - Dependencies all met for <TaskInstance: BRONZER_GET_CRIPTOS.BRONZE_CRIPTO_ETH scheduled__2024-01-04T00:00:00+00:00 [queued]>
[2024-09-16 00:14:19,507] {taskinstance.py:1356} INFO - 
--------------------------------------------------------------------------------
[2024-09-16 00:14:19,507] {taskinstance.py:1357} INFO - Starting attempt 1 of 1
[2024-09-16 00:14:19,507] {taskinstance.py:1358} INFO - 
--------------------------------------------------------------------------------
[2024-09-16 00:14:19,607] {taskinstance.py:1377} INFO - Executing <Task(_PythonDecoratedOperator): BRONZE_CRIPTO_ETH> on 2024-01-04 00:00:00+00:00
[2024-09-16 00:14:19,614] {standard_task_runner.py:52} INFO - Started process 49273 to run task
[2024-09-16 00:14:19,651] {standard_task_runner.py:79} INFO - Running: ['airflow', 'tasks', 'run', 'BRONZER_GET_CRIPTOS', 'BRONZE_CRIPTO_ETH', 'scheduled__2024-01-04T00:00:00+00:00', '--job-id', '1798', '--raw', '--subdir', 'DAGS_FOLDER/get_cripto.py', '--cfg-path', '/tmp/tmpcwy2aqnt', '--error-file', '/tmp/tmp6g0ym9p_']
[2024-09-16 00:14:19,662] {standard_task_runner.py:80} INFO - Job 1798: Subtask BRONZE_CRIPTO_ETH
[2024-09-16 00:14:19,917] {task_command.py:370} INFO - Running <TaskInstance: BRONZER_GET_CRIPTOS.BRONZE_CRIPTO_ETH scheduled__2024-01-04T00:00:00+00:00 [running]> on host kaiwang.
[2024-09-16 00:14:20,248] {taskinstance.py:1569} INFO - Exporting the following env vars:
AIRFLOW_CTX_DAG_OWNER=airflow
AIRFLOW_CTX_DAG_ID=BRONZER_GET_CRIPTOS
AIRFLOW_CTX_TASK_ID=BRONZE_CRIPTO_ETH
AIRFLOW_CTX_EXECUTION_DATE=2024-01-04T00:00:00+00:00
AIRFLOW_CTX_TRY_NUMBER=1
AIRFLOW_CTX_DAG_RUN_ID=scheduled__2024-01-04T00:00:00+00:00
[2024-09-16 00:14:23,105] {history.py:244} ERROR - $ETH: possibly delisted; no price data found  (1h 2024-01-01 -> 2024-01-04) (Yahoo error = "Data doesn't exist for startDate = 1704085200, endDate = 1704344400")
[2024-09-16 00:14:23,116] {python.py:173} INFO - Done. Returned value was: None
[2024-09-16 00:14:23,165] {taskinstance.py:1395} INFO - Marking task as SUCCESS. dag_id=BRONZER_GET_CRIPTOS, task_id=BRONZE_CRIPTO_ETH, execution_date=20240104T000000, start_date=20240916T031419, end_date=20240916T031423
[2024-09-16 00:14:23,228] {local_task_job.py:156} INFO - Task exited with return code 0
[2024-09-16 00:14:23,267] {local_task_job.py:273} INFO - 0 downstream tasks scheduled from follow-on schedule check
