[2024-09-16 00:08:14,623] {taskinstance.py:1159} INFO - Dependencies all met for <TaskInstance: BRONZER_GET_CRIPTOS.BRONZE_CRIPTO_AVAX scheduled__2024-08-29T00:00:00+00:00 [queued]>
[2024-09-16 00:08:14,633] {taskinstance.py:1159} INFO - Dependencies all met for <TaskInstance: BRONZER_GET_CRIPTOS.BRONZE_CRIPTO_AVAX scheduled__2024-08-29T00:00:00+00:00 [queued]>
[2024-09-16 00:08:14,633] {taskinstance.py:1356} INFO - 
--------------------------------------------------------------------------------
[2024-09-16 00:08:14,633] {taskinstance.py:1357} INFO - Starting attempt 1 of 1
[2024-09-16 00:08:14,633] {taskinstance.py:1358} INFO - 
--------------------------------------------------------------------------------
[2024-09-16 00:08:14,644] {taskinstance.py:1377} INFO - Executing <Task(_PythonDecoratedOperator): BRONZE_CRIPTO_AVAX> on 2024-08-29 00:00:00+00:00
[2024-09-16 00:08:14,649] {standard_task_runner.py:52} INFO - Started process 42530 to run task
[2024-09-16 00:08:14,654] {standard_task_runner.py:79} INFO - Running: ['airflow', 'tasks', 'run', 'BRONZER_GET_CRIPTOS', 'BRONZE_CRIPTO_AVAX', 'scheduled__2024-08-29T00:00:00+00:00', '--job-id', '1428', '--raw', '--subdir', 'DAGS_FOLDER/get_cripto.py', '--cfg-path', '/tmp/tmpbmxp_bk7', '--error-file', '/tmp/tmp9s42e_f1']
[2024-09-16 00:08:14,655] {standard_task_runner.py:80} INFO - Job 1428: Subtask BRONZE_CRIPTO_AVAX
[2024-09-16 00:08:14,740] {task_command.py:370} INFO - Running <TaskInstance: BRONZER_GET_CRIPTOS.BRONZE_CRIPTO_AVAX scheduled__2024-08-29T00:00:00+00:00 [running]> on host kaiwang.
[2024-09-16 00:08:14,820] {taskinstance.py:1569} INFO - Exporting the following env vars:
AIRFLOW_CTX_DAG_OWNER=airflow
AIRFLOW_CTX_DAG_ID=BRONZER_GET_CRIPTOS
AIRFLOW_CTX_TASK_ID=BRONZE_CRIPTO_AVAX
AIRFLOW_CTX_EXECUTION_DATE=2024-08-29T00:00:00+00:00
AIRFLOW_CTX_TRY_NUMBER=1
AIRFLOW_CTX_DAG_RUN_ID=scheduled__2024-08-29T00:00:00+00:00
[2024-09-16 00:08:17,699] {history.py:122} ERROR - $AVAX: possibly delisted; no timezone found
[2024-09-16 00:08:17,703] {python.py:173} INFO - Done. Returned value was: None
[2024-09-16 00:08:17,729] {taskinstance.py:1395} INFO - Marking task as SUCCESS. dag_id=BRONZER_GET_CRIPTOS, task_id=BRONZE_CRIPTO_AVAX, execution_date=20240829T000000, start_date=20240916T030814, end_date=20240916T030817
[2024-09-16 00:08:17,785] {local_task_job.py:156} INFO - Task exited with return code 0
[2024-09-16 00:08:17,847] {local_task_job.py:273} INFO - 0 downstream tasks scheduled from follow-on schedule check
[2024-09-16 13:56:33,068] {taskinstance.py:1159} INFO - Dependencies all met for <TaskInstance: BRONZER_GET_CRIPTOS.BRONZE_CRIPTO_AVAX scheduled__2024-08-29T00:00:00+00:00 [queued]>
[2024-09-16 13:56:33,086] {taskinstance.py:1159} INFO - Dependencies all met for <TaskInstance: BRONZER_GET_CRIPTOS.BRONZE_CRIPTO_AVAX scheduled__2024-08-29T00:00:00+00:00 [queued]>
[2024-09-16 13:56:33,086] {taskinstance.py:1356} INFO - 
--------------------------------------------------------------------------------
[2024-09-16 13:56:33,086] {taskinstance.py:1357} INFO - Starting attempt 1 of 1
[2024-09-16 13:56:33,087] {taskinstance.py:1358} INFO - 
--------------------------------------------------------------------------------
[2024-09-16 13:56:33,117] {taskinstance.py:1377} INFO - Executing <Task(_PythonDecoratedOperator): BRONZE_CRIPTO_AVAX> on 2024-08-29 00:00:00+00:00
[2024-09-16 13:56:33,125] {standard_task_runner.py:52} INFO - Started process 139563 to run task
[2024-09-16 13:56:33,136] {standard_task_runner.py:79} INFO - Running: ['airflow', 'tasks', 'run', 'BRONZER_GET_CRIPTOS', 'BRONZE_CRIPTO_AVAX', 'scheduled__2024-08-29T00:00:00+00:00', '--job-id', '2607', '--raw', '--subdir', 'DAGS_FOLDER/get_cripto.py', '--cfg-path', '/tmp/tmpinv5pkj0', '--error-file', '/tmp/tmptwit3q5k']
[2024-09-16 13:56:33,139] {standard_task_runner.py:80} INFO - Job 2607: Subtask BRONZE_CRIPTO_AVAX
[2024-09-16 13:56:33,322] {task_command.py:370} INFO - Running <TaskInstance: BRONZER_GET_CRIPTOS.BRONZE_CRIPTO_AVAX scheduled__2024-08-29T00:00:00+00:00 [running]> on host kaiwang.
[2024-09-16 13:56:33,886] {taskinstance.py:1569} INFO - Exporting the following env vars:
AIRFLOW_CTX_DAG_OWNER=airflow
AIRFLOW_CTX_DAG_ID=BRONZER_GET_CRIPTOS
AIRFLOW_CTX_TASK_ID=BRONZE_CRIPTO_AVAX
AIRFLOW_CTX_EXECUTION_DATE=2024-08-29T00:00:00+00:00
AIRFLOW_CTX_TRY_NUMBER=1
AIRFLOW_CTX_DAG_RUN_ID=scheduled__2024-08-29T00:00:00+00:00
[2024-09-16 13:56:36,870] {history.py:122} ERROR - $AVAX: possibly delisted; no timezone found
[2024-09-16 13:56:36,875] {python.py:173} INFO - Done. Returned value was: None
[2024-09-16 13:56:36,899] {taskinstance.py:1395} INFO - Marking task as SUCCESS. dag_id=BRONZER_GET_CRIPTOS, task_id=BRONZE_CRIPTO_AVAX, execution_date=20240829T000000, start_date=20240916T165633, end_date=20240916T165636
[2024-09-16 13:56:36,941] {local_task_job.py:156} INFO - Task exited with return code 0
[2024-09-16 13:56:37,001] {local_task_job.py:273} INFO - 0 downstream tasks scheduled from follow-on schedule check
