[2024-09-16 00:07:23,253] {taskinstance.py:1159} INFO - Dependencies all met for <TaskInstance: BRONZER_GET_STONCKS.BRONZE_STONCKS_MSFT scheduled__2024-08-20T00:00:00+00:00 [queued]>
[2024-09-16 00:07:23,294] {taskinstance.py:1159} INFO - Dependencies all met for <TaskInstance: BRONZER_GET_STONCKS.BRONZE_STONCKS_MSFT scheduled__2024-08-20T00:00:00+00:00 [queued]>
[2024-09-16 00:07:23,294] {taskinstance.py:1356} INFO - 
--------------------------------------------------------------------------------
[2024-09-16 00:07:23,294] {taskinstance.py:1357} INFO - Starting attempt 1 of 1
[2024-09-16 00:07:23,294] {taskinstance.py:1358} INFO - 
--------------------------------------------------------------------------------
[2024-09-16 00:07:23,333] {taskinstance.py:1377} INFO - Executing <Task(_PythonDecoratedOperator): BRONZE_STONCKS_MSFT> on 2024-08-20 00:00:00+00:00
[2024-09-16 00:07:23,339] {standard_task_runner.py:52} INFO - Started process 38899 to run task
[2024-09-16 00:07:23,347] {standard_task_runner.py:79} INFO - Running: ['airflow', 'tasks', 'run', 'BRONZER_GET_STONCKS', 'BRONZE_STONCKS_MSFT', 'scheduled__2024-08-20T00:00:00+00:00', '--job-id', '1213', '--raw', '--subdir', 'DAGS_FOLDER/get_stocks.py', '--cfg-path', '/tmp/tmpu4z_owfi', '--error-file', '/tmp/tmpxkya0z87']
[2024-09-16 00:07:23,349] {standard_task_runner.py:80} INFO - Job 1213: Subtask BRONZE_STONCKS_MSFT
[2024-09-16 00:07:23,582] {task_command.py:370} INFO - Running <TaskInstance: BRONZER_GET_STONCKS.BRONZE_STONCKS_MSFT scheduled__2024-08-20T00:00:00+00:00 [running]> on host kaiwang.
[2024-09-16 00:07:23,902] {taskinstance.py:1569} INFO - Exporting the following env vars:
AIRFLOW_CTX_DAG_OWNER=airflow
AIRFLOW_CTX_DAG_ID=BRONZER_GET_STONCKS
AIRFLOW_CTX_TASK_ID=BRONZE_STONCKS_MSFT
AIRFLOW_CTX_EXECUTION_DATE=2024-08-20T00:00:00+00:00
AIRFLOW_CTX_TRY_NUMBER=1
AIRFLOW_CTX_DAG_RUN_ID=scheduled__2024-08-20T00:00:00+00:00
[2024-09-16 00:07:24,435] {python.py:173} INFO - Done. Returned value was: None
[2024-09-16 00:07:24,460] {taskinstance.py:1395} INFO - Marking task as SUCCESS. dag_id=BRONZER_GET_STONCKS, task_id=BRONZE_STONCKS_MSFT, execution_date=20240820T000000, start_date=20240916T030723, end_date=20240916T030724
[2024-09-16 00:07:24,521] {local_task_job.py:156} INFO - Task exited with return code 0
[2024-09-16 00:07:24,602] {local_task_job.py:273} INFO - 0 downstream tasks scheduled from follow-on schedule check
[2024-09-16 13:56:14,626] {taskinstance.py:1159} INFO - Dependencies all met for <TaskInstance: BRONZER_GET_STONCKS.BRONZE_STONCKS_MSFT scheduled__2024-08-20T00:00:00+00:00 [queued]>
[2024-09-16 13:56:14,650] {taskinstance.py:1159} INFO - Dependencies all met for <TaskInstance: BRONZER_GET_STONCKS.BRONZE_STONCKS_MSFT scheduled__2024-08-20T00:00:00+00:00 [queued]>
[2024-09-16 13:56:14,650] {taskinstance.py:1356} INFO - 
--------------------------------------------------------------------------------
[2024-09-16 13:56:14,651] {taskinstance.py:1357} INFO - Starting attempt 1 of 1
[2024-09-16 13:56:14,651] {taskinstance.py:1358} INFO - 
--------------------------------------------------------------------------------
[2024-09-16 13:56:14,689] {taskinstance.py:1377} INFO - Executing <Task(_PythonDecoratedOperator): BRONZE_STONCKS_MSFT> on 2024-08-20 00:00:00+00:00
[2024-09-16 13:56:14,701] {standard_task_runner.py:52} INFO - Started process 138134 to run task
[2024-09-16 13:56:14,721] {standard_task_runner.py:79} INFO - Running: ['airflow', 'tasks', 'run', 'BRONZER_GET_STONCKS', 'BRONZE_STONCKS_MSFT', 'scheduled__2024-08-20T00:00:00+00:00', '--job-id', '2544', '--raw', '--subdir', 'DAGS_FOLDER/get_stocks.py', '--cfg-path', '/tmp/tmpyv8nef3i', '--error-file', '/tmp/tmpxu4_xnd1']
[2024-09-16 13:56:14,722] {standard_task_runner.py:80} INFO - Job 2544: Subtask BRONZE_STONCKS_MSFT
[2024-09-16 13:56:14,939] {task_command.py:370} INFO - Running <TaskInstance: BRONZER_GET_STONCKS.BRONZE_STONCKS_MSFT scheduled__2024-08-20T00:00:00+00:00 [running]> on host kaiwang.
[2024-09-16 13:56:15,588] {taskinstance.py:1569} INFO - Exporting the following env vars:
AIRFLOW_CTX_DAG_OWNER=airflow
AIRFLOW_CTX_DAG_ID=BRONZER_GET_STONCKS
AIRFLOW_CTX_TASK_ID=BRONZE_STONCKS_MSFT
AIRFLOW_CTX_EXECUTION_DATE=2024-08-20T00:00:00+00:00
AIRFLOW_CTX_TRY_NUMBER=1
AIRFLOW_CTX_DAG_RUN_ID=scheduled__2024-08-20T00:00:00+00:00
[2024-09-16 13:56:16,454] {python.py:173} INFO - Done. Returned value was: None
[2024-09-16 13:56:16,497] {taskinstance.py:1395} INFO - Marking task as SUCCESS. dag_id=BRONZER_GET_STONCKS, task_id=BRONZE_STONCKS_MSFT, execution_date=20240820T000000, start_date=20240916T165614, end_date=20240916T165616
[2024-09-16 13:56:16,552] {local_task_job.py:156} INFO - Task exited with return code 0
[2024-09-16 13:56:16,691] {local_task_job.py:273} INFO - 0 downstream tasks scheduled from follow-on schedule check
