[2024-09-16 00:04:00,675] {taskinstance.py:1159} INFO - Dependencies all met for <TaskInstance: BRONZER_GET_STONCKS.BRONZE_STONCKS_GOOG scheduled__2024-02-16T00:00:00+00:00 [queued]>
[2024-09-16 00:04:00,687] {taskinstance.py:1159} INFO - Dependencies all met for <TaskInstance: BRONZER_GET_STONCKS.BRONZE_STONCKS_GOOG scheduled__2024-02-16T00:00:00+00:00 [queued]>
[2024-09-16 00:04:00,687] {taskinstance.py:1356} INFO - 
--------------------------------------------------------------------------------
[2024-09-16 00:04:00,687] {taskinstance.py:1357} INFO - Starting attempt 1 of 1
[2024-09-16 00:04:00,687] {taskinstance.py:1358} INFO - 
--------------------------------------------------------------------------------
[2024-09-16 00:04:00,712] {taskinstance.py:1377} INFO - Executing <Task(_PythonDecoratedOperator): BRONZE_STONCKS_GOOG> on 2024-02-16 00:00:00+00:00
[2024-09-16 00:04:00,723] {standard_task_runner.py:52} INFO - Started process 22511 to run task
[2024-09-16 00:04:00,734] {standard_task_runner.py:79} INFO - Running: ['airflow', 'tasks', 'run', 'BRONZER_GET_STONCKS', 'BRONZE_STONCKS_GOOG', 'scheduled__2024-02-16T00:00:00+00:00', '--job-id', '266', '--raw', '--subdir', 'DAGS_FOLDER/get_stocks.py', '--cfg-path', '/tmp/tmpbnjiadue', '--error-file', '/tmp/tmp9jy59llt']
[2024-09-16 00:04:00,735] {standard_task_runner.py:80} INFO - Job 266: Subtask BRONZE_STONCKS_GOOG
[2024-09-16 00:04:00,902] {task_command.py:370} INFO - Running <TaskInstance: BRONZER_GET_STONCKS.BRONZE_STONCKS_GOOG scheduled__2024-02-16T00:00:00+00:00 [running]> on host kaiwang.
[2024-09-16 00:04:01,124] {taskinstance.py:1569} INFO - Exporting the following env vars:
AIRFLOW_CTX_DAG_OWNER=airflow
AIRFLOW_CTX_DAG_ID=BRONZER_GET_STONCKS
AIRFLOW_CTX_TASK_ID=BRONZE_STONCKS_GOOG
AIRFLOW_CTX_EXECUTION_DATE=2024-02-16T00:00:00+00:00
AIRFLOW_CTX_TRY_NUMBER=1
AIRFLOW_CTX_DAG_RUN_ID=scheduled__2024-02-16T00:00:00+00:00
[2024-09-16 00:04:01,764] {python.py:173} INFO - Done. Returned value was: None
[2024-09-16 00:04:01,808] {taskinstance.py:1395} INFO - Marking task as SUCCESS. dag_id=BRONZER_GET_STONCKS, task_id=BRONZE_STONCKS_GOOG, execution_date=20240216T000000, start_date=20240916T030400, end_date=20240916T030401
[2024-09-16 00:04:01,872] {local_task_job.py:156} INFO - Task exited with return code 0
[2024-09-16 00:04:01,987] {local_task_job.py:273} INFO - 0 downstream tasks scheduled from follow-on schedule check
[2024-09-16 00:13:37,703] {taskinstance.py:1159} INFO - Dependencies all met for <TaskInstance: BRONZER_GET_STONCKS.BRONZE_STONCKS_GOOG scheduled__2024-02-16T00:00:00+00:00 [queued]>
[2024-09-16 00:13:37,731] {taskinstance.py:1159} INFO - Dependencies all met for <TaskInstance: BRONZER_GET_STONCKS.BRONZE_STONCKS_GOOG scheduled__2024-02-16T00:00:00+00:00 [queued]>
[2024-09-16 00:13:37,731] {taskinstance.py:1356} INFO - 
--------------------------------------------------------------------------------
[2024-09-16 00:13:37,731] {taskinstance.py:1357} INFO - Starting attempt 1 of 1
[2024-09-16 00:13:37,731] {taskinstance.py:1358} INFO - 
--------------------------------------------------------------------------------
[2024-09-16 00:13:37,796] {taskinstance.py:1377} INFO - Executing <Task(_PythonDecoratedOperator): BRONZE_STONCKS_GOOG> on 2024-02-16 00:00:00+00:00
[2024-09-16 00:13:37,801] {standard_task_runner.py:52} INFO - Started process 48086 to run task
[2024-09-16 00:13:37,822] {standard_task_runner.py:79} INFO - Running: ['airflow', 'tasks', 'run', 'BRONZER_GET_STONCKS', 'BRONZE_STONCKS_GOOG', 'scheduled__2024-02-16T00:00:00+00:00', '--job-id', '1732', '--raw', '--subdir', 'DAGS_FOLDER/get_stocks.py', '--cfg-path', '/tmp/tmp5j7s_p9n', '--error-file', '/tmp/tmpyale1hg6']
[2024-09-16 00:13:37,823] {standard_task_runner.py:80} INFO - Job 1732: Subtask BRONZE_STONCKS_GOOG
[2024-09-16 00:13:38,075] {task_command.py:370} INFO - Running <TaskInstance: BRONZER_GET_STONCKS.BRONZE_STONCKS_GOOG scheduled__2024-02-16T00:00:00+00:00 [running]> on host kaiwang.
[2024-09-16 00:13:38,375] {taskinstance.py:1569} INFO - Exporting the following env vars:
AIRFLOW_CTX_DAG_OWNER=airflow
AIRFLOW_CTX_DAG_ID=BRONZER_GET_STONCKS
AIRFLOW_CTX_TASK_ID=BRONZE_STONCKS_GOOG
AIRFLOW_CTX_EXECUTION_DATE=2024-02-16T00:00:00+00:00
AIRFLOW_CTX_TRY_NUMBER=1
AIRFLOW_CTX_DAG_RUN_ID=scheduled__2024-02-16T00:00:00+00:00
[2024-09-16 00:13:38,913] {python.py:173} INFO - Done. Returned value was: None
[2024-09-16 00:13:38,929] {taskinstance.py:1395} INFO - Marking task as SUCCESS. dag_id=BRONZER_GET_STONCKS, task_id=BRONZE_STONCKS_GOOG, execution_date=20240216T000000, start_date=20240916T031337, end_date=20240916T031338
[2024-09-16 00:13:38,967] {local_task_job.py:156} INFO - Task exited with return code 0
[2024-09-16 00:13:39,346] {local_task_job.py:273} INFO - 0 downstream tasks scheduled from follow-on schedule check
[2024-09-16 00:15:10,373] {taskinstance.py:1159} INFO - Dependencies all met for <TaskInstance: BRONZER_GET_STONCKS.BRONZE_STONCKS_GOOG scheduled__2024-02-16T00:00:00+00:00 [queued]>
[2024-09-16 00:15:10,408] {taskinstance.py:1159} INFO - Dependencies all met for <TaskInstance: BRONZER_GET_STONCKS.BRONZE_STONCKS_GOOG scheduled__2024-02-16T00:00:00+00:00 [queued]>
[2024-09-16 00:15:10,408] {taskinstance.py:1356} INFO - 
--------------------------------------------------------------------------------
[2024-09-16 00:15:10,408] {taskinstance.py:1357} INFO - Starting attempt 1 of 1
[2024-09-16 00:15:10,408] {taskinstance.py:1358} INFO - 
--------------------------------------------------------------------------------
[2024-09-16 00:15:10,468] {taskinstance.py:1377} INFO - Executing <Task(_PythonDecoratedOperator): BRONZE_STONCKS_GOOG> on 2024-02-16 00:00:00+00:00
[2024-09-16 00:15:10,498] {standard_task_runner.py:52} INFO - Started process 53376 to run task
[2024-09-16 00:15:10,519] {standard_task_runner.py:79} INFO - Running: ['airflow', 'tasks', 'run', 'BRONZER_GET_STONCKS', 'BRONZE_STONCKS_GOOG', 'scheduled__2024-02-16T00:00:00+00:00', '--job-id', '2038', '--raw', '--subdir', 'DAGS_FOLDER/get_stocks.py', '--cfg-path', '/tmp/tmpkr9ivil0', '--error-file', '/tmp/tmpitgkwpbp']
[2024-09-16 00:15:10,523] {standard_task_runner.py:80} INFO - Job 2038: Subtask BRONZE_STONCKS_GOOG
[2024-09-16 00:15:10,814] {task_command.py:370} INFO - Running <TaskInstance: BRONZER_GET_STONCKS.BRONZE_STONCKS_GOOG scheduled__2024-02-16T00:00:00+00:00 [running]> on host kaiwang.
[2024-09-16 00:15:11,107] {taskinstance.py:1569} INFO - Exporting the following env vars:
AIRFLOW_CTX_DAG_OWNER=airflow
AIRFLOW_CTX_DAG_ID=BRONZER_GET_STONCKS
AIRFLOW_CTX_TASK_ID=BRONZE_STONCKS_GOOG
AIRFLOW_CTX_EXECUTION_DATE=2024-02-16T00:00:00+00:00
AIRFLOW_CTX_TRY_NUMBER=1
AIRFLOW_CTX_DAG_RUN_ID=scheduled__2024-02-16T00:00:00+00:00
[2024-09-16 00:15:11,744] {python.py:173} INFO - Done. Returned value was: None
[2024-09-16 00:15:11,762] {taskinstance.py:1395} INFO - Marking task as SUCCESS. dag_id=BRONZER_GET_STONCKS, task_id=BRONZE_STONCKS_GOOG, execution_date=20240216T000000, start_date=20240916T031510, end_date=20240916T031511
[2024-09-16 00:15:11,797] {local_task_job.py:156} INFO - Task exited with return code 0
[2024-09-16 00:15:11,838] {local_task_job.py:273} INFO - 0 downstream tasks scheduled from follow-on schedule check
