[2024-09-16 00:04:26,862] {taskinstance.py:1159} INFO - Dependencies all met for <TaskInstance: BRONZER_GET_STONCKS.BRONZE_STONCKS_TSLA scheduled__2024-03-09T00:00:00+00:00 [queued]>
[2024-09-16 00:04:26,882] {taskinstance.py:1159} INFO - Dependencies all met for <TaskInstance: BRONZER_GET_STONCKS.BRONZE_STONCKS_TSLA scheduled__2024-03-09T00:00:00+00:00 [queued]>
[2024-09-16 00:04:26,882] {taskinstance.py:1356} INFO - 
--------------------------------------------------------------------------------
[2024-09-16 00:04:26,882] {taskinstance.py:1357} INFO - Starting attempt 1 of 1
[2024-09-16 00:04:26,883] {taskinstance.py:1358} INFO - 
--------------------------------------------------------------------------------
[2024-09-16 00:04:26,904] {taskinstance.py:1377} INFO - Executing <Task(_PythonDecoratedOperator): BRONZE_STONCKS_TSLA> on 2024-03-09 00:00:00+00:00
[2024-09-16 00:04:26,910] {standard_task_runner.py:52} INFO - Started process 24637 to run task
[2024-09-16 00:04:26,915] {standard_task_runner.py:79} INFO - Running: ['airflow', 'tasks', 'run', 'BRONZER_GET_STONCKS', 'BRONZE_STONCKS_TSLA', 'scheduled__2024-03-09T00:00:00+00:00', '--job-id', '384', '--raw', '--subdir', 'DAGS_FOLDER/get_stocks.py', '--cfg-path', '/tmp/tmpk45vrtcv', '--error-file', '/tmp/tmpbts4lc1u']
[2024-09-16 00:04:26,916] {standard_task_runner.py:80} INFO - Job 384: Subtask BRONZE_STONCKS_TSLA
[2024-09-16 00:04:27,051] {task_command.py:370} INFO - Running <TaskInstance: BRONZER_GET_STONCKS.BRONZE_STONCKS_TSLA scheduled__2024-03-09T00:00:00+00:00 [running]> on host kaiwang.
[2024-09-16 00:04:27,312] {taskinstance.py:1569} INFO - Exporting the following env vars:
AIRFLOW_CTX_DAG_OWNER=airflow
AIRFLOW_CTX_DAG_ID=BRONZER_GET_STONCKS
AIRFLOW_CTX_TASK_ID=BRONZE_STONCKS_TSLA
AIRFLOW_CTX_EXECUTION_DATE=2024-03-09T00:00:00+00:00
AIRFLOW_CTX_TRY_NUMBER=1
AIRFLOW_CTX_DAG_RUN_ID=scheduled__2024-03-09T00:00:00+00:00
[2024-09-16 00:04:27,912] {python.py:173} INFO - Done. Returned value was: None
[2024-09-16 00:04:27,931] {taskinstance.py:1395} INFO - Marking task as SUCCESS. dag_id=BRONZER_GET_STONCKS, task_id=BRONZE_STONCKS_TSLA, execution_date=20240309T000000, start_date=20240916T030426, end_date=20240916T030427
[2024-09-16 00:04:27,986] {local_task_job.py:156} INFO - Task exited with return code 0
[2024-09-16 00:04:28,102] {local_task_job.py:273} INFO - 0 downstream tasks scheduled from follow-on schedule check
[2024-09-16 00:15:34,687] {taskinstance.py:1159} INFO - Dependencies all met for <TaskInstance: BRONZER_GET_STONCKS.BRONZE_STONCKS_TSLA scheduled__2024-03-09T00:00:00+00:00 [queued]>
[2024-09-16 00:15:34,732] {taskinstance.py:1159} INFO - Dependencies all met for <TaskInstance: BRONZER_GET_STONCKS.BRONZE_STONCKS_TSLA scheduled__2024-03-09T00:00:00+00:00 [queued]>
[2024-09-16 00:15:34,732] {taskinstance.py:1356} INFO - 
--------------------------------------------------------------------------------
[2024-09-16 00:15:34,733] {taskinstance.py:1357} INFO - Starting attempt 1 of 1
[2024-09-16 00:15:34,733] {taskinstance.py:1358} INFO - 
--------------------------------------------------------------------------------
[2024-09-16 00:15:34,770] {taskinstance.py:1377} INFO - Executing <Task(_PythonDecoratedOperator): BRONZE_STONCKS_TSLA> on 2024-03-09 00:00:00+00:00
[2024-09-16 00:15:34,777] {standard_task_runner.py:52} INFO - Started process 55337 to run task
[2024-09-16 00:15:34,807] {standard_task_runner.py:79} INFO - Running: ['airflow', 'tasks', 'run', 'BRONZER_GET_STONCKS', 'BRONZE_STONCKS_TSLA', 'scheduled__2024-03-09T00:00:00+00:00', '--job-id', '2150', '--raw', '--subdir', 'DAGS_FOLDER/get_stocks.py', '--cfg-path', '/tmp/tmp3sllpx07', '--error-file', '/tmp/tmp0u_0oavv']
[2024-09-16 00:15:34,808] {standard_task_runner.py:80} INFO - Job 2150: Subtask BRONZE_STONCKS_TSLA
[2024-09-16 00:15:35,013] {task_command.py:370} INFO - Running <TaskInstance: BRONZER_GET_STONCKS.BRONZE_STONCKS_TSLA scheduled__2024-03-09T00:00:00+00:00 [running]> on host kaiwang.
[2024-09-16 00:15:35,372] {taskinstance.py:1569} INFO - Exporting the following env vars:
AIRFLOW_CTX_DAG_OWNER=airflow
AIRFLOW_CTX_DAG_ID=BRONZER_GET_STONCKS
AIRFLOW_CTX_TASK_ID=BRONZE_STONCKS_TSLA
AIRFLOW_CTX_EXECUTION_DATE=2024-03-09T00:00:00+00:00
AIRFLOW_CTX_TRY_NUMBER=1
AIRFLOW_CTX_DAG_RUN_ID=scheduled__2024-03-09T00:00:00+00:00
[2024-09-16 00:15:36,134] {python.py:173} INFO - Done. Returned value was: None
[2024-09-16 00:15:36,376] {taskinstance.py:1395} INFO - Marking task as SUCCESS. dag_id=BRONZER_GET_STONCKS, task_id=BRONZE_STONCKS_TSLA, execution_date=20240309T000000, start_date=20240916T031534, end_date=20240916T031536
[2024-09-16 00:15:36,444] {local_task_job.py:156} INFO - Task exited with return code 0
[2024-09-16 00:15:36,599] {local_task_job.py:273} INFO - 0 downstream tasks scheduled from follow-on schedule check
