[2024-09-16 00:08:17,624] {taskinstance.py:1159} INFO - Dependencies all met for <TaskInstance: BRONZER_GET_CRIPTOS.BRONZE_CRIPTO_AVAX scheduled__2024-08-31T00:00:00+00:00 [queued]>
[2024-09-16 00:08:17,636] {taskinstance.py:1159} INFO - Dependencies all met for <TaskInstance: BRONZER_GET_CRIPTOS.BRONZE_CRIPTO_AVAX scheduled__2024-08-31T00:00:00+00:00 [queued]>
[2024-09-16 00:08:17,636] {taskinstance.py:1356} INFO - 
--------------------------------------------------------------------------------
[2024-09-16 00:08:17,636] {taskinstance.py:1357} INFO - Starting attempt 1 of 1
[2024-09-16 00:08:17,636] {taskinstance.py:1358} INFO - 
--------------------------------------------------------------------------------
[2024-09-16 00:08:17,652] {taskinstance.py:1377} INFO - Executing <Task(_PythonDecoratedOperator): BRONZE_CRIPTO_AVAX> on 2024-08-31 00:00:00+00:00
[2024-09-16 00:08:17,657] {standard_task_runner.py:52} INFO - Started process 42724 to run task
[2024-09-16 00:08:17,667] {standard_task_runner.py:79} INFO - Running: ['airflow', 'tasks', 'run', 'BRONZER_GET_CRIPTOS', 'BRONZE_CRIPTO_AVAX', 'scheduled__2024-08-31T00:00:00+00:00', '--job-id', '1435', '--raw', '--subdir', 'DAGS_FOLDER/get_cripto.py', '--cfg-path', '/tmp/tmpmp5qcet6', '--error-file', '/tmp/tmpor1txky4']
[2024-09-16 00:08:17,668] {standard_task_runner.py:80} INFO - Job 1435: Subtask BRONZE_CRIPTO_AVAX
[2024-09-16 00:08:17,777] {task_command.py:370} INFO - Running <TaskInstance: BRONZER_GET_CRIPTOS.BRONZE_CRIPTO_AVAX scheduled__2024-08-31T00:00:00+00:00 [running]> on host kaiwang.
[2024-09-16 00:08:17,935] {taskinstance.py:1569} INFO - Exporting the following env vars:
AIRFLOW_CTX_DAG_OWNER=airflow
AIRFLOW_CTX_DAG_ID=BRONZER_GET_CRIPTOS
AIRFLOW_CTX_TASK_ID=BRONZE_CRIPTO_AVAX
AIRFLOW_CTX_EXECUTION_DATE=2024-08-31T00:00:00+00:00
AIRFLOW_CTX_TRY_NUMBER=1
AIRFLOW_CTX_DAG_RUN_ID=scheduled__2024-08-31T00:00:00+00:00
[2024-09-16 00:08:20,928] {history.py:122} ERROR - $AVAX: possibly delisted; no timezone found
[2024-09-16 00:08:20,931] {python.py:173} INFO - Done. Returned value was: None
[2024-09-16 00:08:20,946] {taskinstance.py:1395} INFO - Marking task as SUCCESS. dag_id=BRONZER_GET_CRIPTOS, task_id=BRONZE_CRIPTO_AVAX, execution_date=20240831T000000, start_date=20240916T030817, end_date=20240916T030820
[2024-09-16 00:08:20,976] {local_task_job.py:156} INFO - Task exited with return code 0
[2024-09-16 00:08:21,020] {local_task_job.py:273} INFO - 0 downstream tasks scheduled from follow-on schedule check
[2024-09-16 13:56:39,507] {taskinstance.py:1159} INFO - Dependencies all met for <TaskInstance: BRONZER_GET_CRIPTOS.BRONZE_CRIPTO_AVAX scheduled__2024-08-31T00:00:00+00:00 [queued]>
[2024-09-16 13:56:39,527] {taskinstance.py:1159} INFO - Dependencies all met for <TaskInstance: BRONZER_GET_CRIPTOS.BRONZE_CRIPTO_AVAX scheduled__2024-08-31T00:00:00+00:00 [queued]>
[2024-09-16 13:56:39,528] {taskinstance.py:1356} INFO - 
--------------------------------------------------------------------------------
[2024-09-16 13:56:39,528] {taskinstance.py:1357} INFO - Starting attempt 1 of 1
[2024-09-16 13:56:39,528] {taskinstance.py:1358} INFO - 
--------------------------------------------------------------------------------
[2024-09-16 13:56:39,583] {taskinstance.py:1377} INFO - Executing <Task(_PythonDecoratedOperator): BRONZE_CRIPTO_AVAX> on 2024-08-31 00:00:00+00:00
[2024-09-16 13:56:39,598] {standard_task_runner.py:52} INFO - Started process 140045 to run task
[2024-09-16 13:56:39,626] {standard_task_runner.py:79} INFO - Running: ['airflow', 'tasks', 'run', 'BRONZER_GET_CRIPTOS', 'BRONZE_CRIPTO_AVAX', 'scheduled__2024-08-31T00:00:00+00:00', '--job-id', '2630', '--raw', '--subdir', 'DAGS_FOLDER/get_cripto.py', '--cfg-path', '/tmp/tmp5yju6rx5', '--error-file', '/tmp/tmpc3oe3rbb']
[2024-09-16 13:56:39,628] {standard_task_runner.py:80} INFO - Job 2630: Subtask BRONZE_CRIPTO_AVAX
[2024-09-16 13:56:39,897] {task_command.py:370} INFO - Running <TaskInstance: BRONZER_GET_CRIPTOS.BRONZE_CRIPTO_AVAX scheduled__2024-08-31T00:00:00+00:00 [running]> on host kaiwang.
[2024-09-16 13:56:40,711] {taskinstance.py:1569} INFO - Exporting the following env vars:
AIRFLOW_CTX_DAG_OWNER=airflow
AIRFLOW_CTX_DAG_ID=BRONZER_GET_CRIPTOS
AIRFLOW_CTX_TASK_ID=BRONZE_CRIPTO_AVAX
AIRFLOW_CTX_EXECUTION_DATE=2024-08-31T00:00:00+00:00
AIRFLOW_CTX_TRY_NUMBER=1
AIRFLOW_CTX_DAG_RUN_ID=scheduled__2024-08-31T00:00:00+00:00
[2024-09-16 13:56:44,532] {history.py:122} ERROR - $AVAX: possibly delisted; no timezone found
[2024-09-16 13:56:44,536] {python.py:173} INFO - Done. Returned value was: None
[2024-09-16 13:56:44,568] {taskinstance.py:1395} INFO - Marking task as SUCCESS. dag_id=BRONZER_GET_CRIPTOS, task_id=BRONZE_CRIPTO_AVAX, execution_date=20240831T000000, start_date=20240916T165639, end_date=20240916T165644
[2024-09-16 13:56:44,623] {local_task_job.py:156} INFO - Task exited with return code 0
[2024-09-16 13:56:44,654] {local_task_job.py:273} INFO - 0 downstream tasks scheduled from follow-on schedule check
