[2024-09-16 00:07:51,570] {taskinstance.py:1159} INFO - Dependencies all met for <TaskInstance: BRONZER_GET_STONCKS.BRONZE_STONCKS_MSFT scheduled__2024-09-13T00:00:00+00:00 [queued]>
[2024-09-16 00:07:51,610] {taskinstance.py:1159} INFO - Dependencies all met for <TaskInstance: BRONZER_GET_STONCKS.BRONZE_STONCKS_MSFT scheduled__2024-09-13T00:00:00+00:00 [queued]>
[2024-09-16 00:07:51,610] {taskinstance.py:1356} INFO - 
--------------------------------------------------------------------------------
[2024-09-16 00:07:51,610] {taskinstance.py:1357} INFO - Starting attempt 1 of 1
[2024-09-16 00:07:51,610] {taskinstance.py:1358} INFO - 
--------------------------------------------------------------------------------
[2024-09-16 00:07:51,672] {taskinstance.py:1377} INFO - Executing <Task(_PythonDecoratedOperator): BRONZE_STONCKS_MSFT> on 2024-09-13 00:00:00+00:00
[2024-09-16 00:07:51,679] {standard_task_runner.py:52} INFO - Started process 41233 to run task
[2024-09-16 00:07:51,696] {standard_task_runner.py:79} INFO - Running: ['airflow', 'tasks', 'run', 'BRONZER_GET_STONCKS', 'BRONZE_STONCKS_MSFT', 'scheduled__2024-09-13T00:00:00+00:00', '--job-id', '1349', '--raw', '--subdir', 'DAGS_FOLDER/get_stocks.py', '--cfg-path', '/tmp/tmpakxl1ldm', '--error-file', '/tmp/tmpn3rf1_c_']
[2024-09-16 00:07:51,698] {standard_task_runner.py:80} INFO - Job 1349: Subtask BRONZE_STONCKS_MSFT
[2024-09-16 00:07:51,982] {task_command.py:370} INFO - Running <TaskInstance: BRONZER_GET_STONCKS.BRONZE_STONCKS_MSFT scheduled__2024-09-13T00:00:00+00:00 [running]> on host kaiwang.
[2024-09-16 00:07:52,206] {taskinstance.py:1569} INFO - Exporting the following env vars:
AIRFLOW_CTX_DAG_OWNER=airflow
AIRFLOW_CTX_DAG_ID=BRONZER_GET_STONCKS
AIRFLOW_CTX_TASK_ID=BRONZE_STONCKS_MSFT
AIRFLOW_CTX_EXECUTION_DATE=2024-09-13T00:00:00+00:00
AIRFLOW_CTX_TRY_NUMBER=1
AIRFLOW_CTX_DAG_RUN_ID=scheduled__2024-09-13T00:00:00+00:00
[2024-09-16 00:07:52,908] {python.py:173} INFO - Done. Returned value was: None
[2024-09-16 00:07:52,968] {taskinstance.py:1395} INFO - Marking task as SUCCESS. dag_id=BRONZER_GET_STONCKS, task_id=BRONZE_STONCKS_MSFT, execution_date=20240913T000000, start_date=20240916T030751, end_date=20240916T030752
[2024-09-16 00:07:53,009] {local_task_job.py:156} INFO - Task exited with return code 0
[2024-09-16 00:07:53,144] {local_task_job.py:273} INFO - 0 downstream tasks scheduled from follow-on schedule check
[2024-09-16 13:56:49,649] {taskinstance.py:1159} INFO - Dependencies all met for <TaskInstance: BRONZER_GET_STONCKS.BRONZE_STONCKS_MSFT scheduled__2024-09-13T00:00:00+00:00 [queued]>
[2024-09-16 13:56:49,674] {taskinstance.py:1159} INFO - Dependencies all met for <TaskInstance: BRONZER_GET_STONCKS.BRONZE_STONCKS_MSFT scheduled__2024-09-13T00:00:00+00:00 [queued]>
[2024-09-16 13:56:49,674] {taskinstance.py:1356} INFO - 
--------------------------------------------------------------------------------
[2024-09-16 13:56:49,674] {taskinstance.py:1357} INFO - Starting attempt 1 of 1
[2024-09-16 13:56:49,674] {taskinstance.py:1358} INFO - 
--------------------------------------------------------------------------------
[2024-09-16 13:56:49,705] {taskinstance.py:1377} INFO - Executing <Task(_PythonDecoratedOperator): BRONZE_STONCKS_MSFT> on 2024-09-13 00:00:00+00:00
[2024-09-16 13:56:49,711] {standard_task_runner.py:52} INFO - Started process 140819 to run task
[2024-09-16 13:56:49,726] {standard_task_runner.py:79} INFO - Running: ['airflow', 'tasks', 'run', 'BRONZER_GET_STONCKS', 'BRONZE_STONCKS_MSFT', 'scheduled__2024-09-13T00:00:00+00:00', '--job-id', '2664', '--raw', '--subdir', 'DAGS_FOLDER/get_stocks.py', '--cfg-path', '/tmp/tmpgtg3d4gf', '--error-file', '/tmp/tmp16qdq113']
[2024-09-16 13:56:49,727] {standard_task_runner.py:80} INFO - Job 2664: Subtask BRONZE_STONCKS_MSFT
[2024-09-16 13:56:49,920] {task_command.py:370} INFO - Running <TaskInstance: BRONZER_GET_STONCKS.BRONZE_STONCKS_MSFT scheduled__2024-09-13T00:00:00+00:00 [running]> on host kaiwang.
[2024-09-16 13:56:50,414] {taskinstance.py:1569} INFO - Exporting the following env vars:
AIRFLOW_CTX_DAG_OWNER=airflow
AIRFLOW_CTX_DAG_ID=BRONZER_GET_STONCKS
AIRFLOW_CTX_TASK_ID=BRONZE_STONCKS_MSFT
AIRFLOW_CTX_EXECUTION_DATE=2024-09-13T00:00:00+00:00
AIRFLOW_CTX_TRY_NUMBER=1
AIRFLOW_CTX_DAG_RUN_ID=scheduled__2024-09-13T00:00:00+00:00
[2024-09-16 13:56:51,601] {python.py:173} INFO - Done. Returned value was: None
[2024-09-16 13:56:51,630] {taskinstance.py:1395} INFO - Marking task as SUCCESS. dag_id=BRONZER_GET_STONCKS, task_id=BRONZE_STONCKS_MSFT, execution_date=20240913T000000, start_date=20240916T165649, end_date=20240916T165651
[2024-09-16 13:56:51,691] {local_task_job.py:156} INFO - Task exited with return code 0
[2024-09-16 13:56:51,796] {local_task_job.py:273} INFO - 0 downstream tasks scheduled from follow-on schedule check
