[2024-09-16 00:04:44,703] {taskinstance.py:1159} INFO - Dependencies all met for <TaskInstance: BRONZER_GET_STONCKS.BRONZE_STONCKS_GOOG scheduled__2024-03-28T00:00:00+00:00 [queued]>
[2024-09-16 00:04:44,751] {taskinstance.py:1159} INFO - Dependencies all met for <TaskInstance: BRONZER_GET_STONCKS.BRONZE_STONCKS_GOOG scheduled__2024-03-28T00:00:00+00:00 [queued]>
[2024-09-16 00:04:44,752] {taskinstance.py:1356} INFO - 
--------------------------------------------------------------------------------
[2024-09-16 00:04:44,753] {taskinstance.py:1357} INFO - Starting attempt 1 of 1
[2024-09-16 00:04:44,753] {taskinstance.py:1358} INFO - 
--------------------------------------------------------------------------------
[2024-09-16 00:04:44,833] {taskinstance.py:1377} INFO - Executing <Task(_PythonDecoratedOperator): BRONZE_STONCKS_GOOG> on 2024-03-28 00:00:00+00:00
[2024-09-16 00:04:44,847] {standard_task_runner.py:52} INFO - Started process 26129 to run task
[2024-09-16 00:04:44,910] {standard_task_runner.py:79} INFO - Running: ['airflow', 'tasks', 'run', 'BRONZER_GET_STONCKS', 'BRONZE_STONCKS_GOOG', 'scheduled__2024-03-28T00:00:00+00:00', '--job-id', '473', '--raw', '--subdir', 'DAGS_FOLDER/get_stocks.py', '--cfg-path', '/tmp/tmpyyq9s4yf', '--error-file', '/tmp/tmpr97978wl']
[2024-09-16 00:04:44,911] {standard_task_runner.py:80} INFO - Job 473: Subtask BRONZE_STONCKS_GOOG
[2024-09-16 00:04:45,173] {task_command.py:370} INFO - Running <TaskInstance: BRONZER_GET_STONCKS.BRONZE_STONCKS_GOOG scheduled__2024-03-28T00:00:00+00:00 [running]> on host kaiwang.
[2024-09-16 00:04:45,500] {taskinstance.py:1569} INFO - Exporting the following env vars:
AIRFLOW_CTX_DAG_OWNER=airflow
AIRFLOW_CTX_DAG_ID=BRONZER_GET_STONCKS
AIRFLOW_CTX_TASK_ID=BRONZE_STONCKS_GOOG
AIRFLOW_CTX_EXECUTION_DATE=2024-03-28T00:00:00+00:00
AIRFLOW_CTX_TRY_NUMBER=1
AIRFLOW_CTX_DAG_RUN_ID=scheduled__2024-03-28T00:00:00+00:00
[2024-09-16 00:04:46,139] {python.py:173} INFO - Done. Returned value was: None
[2024-09-16 00:04:46,211] {taskinstance.py:1395} INFO - Marking task as SUCCESS. dag_id=BRONZER_GET_STONCKS, task_id=BRONZE_STONCKS_GOOG, execution_date=20240328T000000, start_date=20240916T030444, end_date=20240916T030446
[2024-09-16 00:04:46,298] {local_task_job.py:156} INFO - Task exited with return code 0
[2024-09-16 00:04:46,459] {local_task_job.py:273} INFO - 0 downstream tasks scheduled from follow-on schedule check
[2024-09-16 00:15:54,493] {taskinstance.py:1159} INFO - Dependencies all met for <TaskInstance: BRONZER_GET_STONCKS.BRONZE_STONCKS_GOOG scheduled__2024-03-28T00:00:00+00:00 [queued]>
[2024-09-16 00:15:54,558] {taskinstance.py:1159} INFO - Dependencies all met for <TaskInstance: BRONZER_GET_STONCKS.BRONZE_STONCKS_GOOG scheduled__2024-03-28T00:00:00+00:00 [queued]>
[2024-09-16 00:15:54,558] {taskinstance.py:1356} INFO - 
--------------------------------------------------------------------------------
[2024-09-16 00:15:54,558] {taskinstance.py:1357} INFO - Starting attempt 1 of 1
[2024-09-16 00:15:54,558] {taskinstance.py:1358} INFO - 
--------------------------------------------------------------------------------
[2024-09-16 00:15:54,615] {taskinstance.py:1377} INFO - Executing <Task(_PythonDecoratedOperator): BRONZE_STONCKS_GOOG> on 2024-03-28 00:00:00+00:00
[2024-09-16 00:15:54,626] {standard_task_runner.py:52} INFO - Started process 56954 to run task
[2024-09-16 00:15:54,637] {standard_task_runner.py:79} INFO - Running: ['airflow', 'tasks', 'run', 'BRONZER_GET_STONCKS', 'BRONZE_STONCKS_GOOG', 'scheduled__2024-03-28T00:00:00+00:00', '--job-id', '2237', '--raw', '--subdir', 'DAGS_FOLDER/get_stocks.py', '--cfg-path', '/tmp/tmpdwksu0_q', '--error-file', '/tmp/tmpztnwzlft']
[2024-09-16 00:15:54,638] {standard_task_runner.py:80} INFO - Job 2237: Subtask BRONZE_STONCKS_GOOG
[2024-09-16 00:15:54,873] {task_command.py:370} INFO - Running <TaskInstance: BRONZER_GET_STONCKS.BRONZE_STONCKS_GOOG scheduled__2024-03-28T00:00:00+00:00 [running]> on host kaiwang.
[2024-09-16 00:15:55,311] {taskinstance.py:1569} INFO - Exporting the following env vars:
AIRFLOW_CTX_DAG_OWNER=airflow
AIRFLOW_CTX_DAG_ID=BRONZER_GET_STONCKS
AIRFLOW_CTX_TASK_ID=BRONZE_STONCKS_GOOG
AIRFLOW_CTX_EXECUTION_DATE=2024-03-28T00:00:00+00:00
AIRFLOW_CTX_TRY_NUMBER=1
AIRFLOW_CTX_DAG_RUN_ID=scheduled__2024-03-28T00:00:00+00:00
[2024-09-16 00:15:56,025] {python.py:173} INFO - Done. Returned value was: None
[2024-09-16 00:15:56,041] {taskinstance.py:1395} INFO - Marking task as SUCCESS. dag_id=BRONZER_GET_STONCKS, task_id=BRONZE_STONCKS_GOOG, execution_date=20240328T000000, start_date=20240916T031554, end_date=20240916T031556
[2024-09-16 00:15:56,068] {local_task_job.py:156} INFO - Task exited with return code 0
[2024-09-16 00:15:56,104] {local_task_job.py:273} INFO - 0 downstream tasks scheduled from follow-on schedule check
