[2024-09-16 00:08:07,003] {taskinstance.py:1159} INFO - Dependencies all met for <TaskInstance: BRONZER_GET_CRIPTOS.BRONZE_CRIPTO_BTC scheduled__2024-08-22T00:00:00+00:00 [queued]>
[2024-09-16 00:08:07,021] {taskinstance.py:1159} INFO - Dependencies all met for <TaskInstance: BRONZER_GET_CRIPTOS.BRONZE_CRIPTO_BTC scheduled__2024-08-22T00:00:00+00:00 [queued]>
[2024-09-16 00:08:07,021] {taskinstance.py:1356} INFO - 
--------------------------------------------------------------------------------
[2024-09-16 00:08:07,021] {taskinstance.py:1357} INFO - Starting attempt 1 of 1
[2024-09-16 00:08:07,021] {taskinstance.py:1358} INFO - 
--------------------------------------------------------------------------------
[2024-09-16 00:08:07,034] {taskinstance.py:1377} INFO - Executing <Task(_PythonDecoratedOperator): BRONZE_CRIPTO_BTC> on 2024-08-22 00:00:00+00:00
[2024-09-16 00:08:07,039] {standard_task_runner.py:52} INFO - Started process 42221 to run task
[2024-09-16 00:08:07,044] {standard_task_runner.py:79} INFO - Running: ['airflow', 'tasks', 'run', 'BRONZER_GET_CRIPTOS', 'BRONZE_CRIPTO_BTC', 'scheduled__2024-08-22T00:00:00+00:00', '--job-id', '1409', '--raw', '--subdir', 'DAGS_FOLDER/get_cripto.py', '--cfg-path', '/tmp/tmp_ff_h9ki', '--error-file', '/tmp/tmpqx5cf33f']
[2024-09-16 00:08:07,045] {standard_task_runner.py:80} INFO - Job 1409: Subtask BRONZE_CRIPTO_BTC
[2024-09-16 00:08:07,126] {task_command.py:370} INFO - Running <TaskInstance: BRONZER_GET_CRIPTOS.BRONZE_CRIPTO_BTC scheduled__2024-08-22T00:00:00+00:00 [running]> on host kaiwang.
[2024-09-16 00:08:07,202] {taskinstance.py:1569} INFO - Exporting the following env vars:
AIRFLOW_CTX_DAG_OWNER=airflow
AIRFLOW_CTX_DAG_ID=BRONZER_GET_CRIPTOS
AIRFLOW_CTX_TASK_ID=BRONZE_CRIPTO_BTC
AIRFLOW_CTX_EXECUTION_DATE=2024-08-22T00:00:00+00:00
AIRFLOW_CTX_TRY_NUMBER=1
AIRFLOW_CTX_DAG_RUN_ID=scheduled__2024-08-22T00:00:00+00:00
[2024-09-16 00:08:07,826] {python.py:173} INFO - Done. Returned value was: None
[2024-09-16 00:08:07,842] {taskinstance.py:1395} INFO - Marking task as SUCCESS. dag_id=BRONZER_GET_CRIPTOS, task_id=BRONZE_CRIPTO_BTC, execution_date=20240822T000000, start_date=20240916T030807, end_date=20240916T030807
[2024-09-16 00:08:07,858] {local_task_job.py:156} INFO - Task exited with return code 0
[2024-09-16 00:08:07,901] {local_task_job.py:273} INFO - 0 downstream tasks scheduled from follow-on schedule check
[2024-09-16 13:56:23,404] {taskinstance.py:1159} INFO - Dependencies all met for <TaskInstance: BRONZER_GET_CRIPTOS.BRONZE_CRIPTO_BTC scheduled__2024-08-22T00:00:00+00:00 [queued]>
[2024-09-16 13:56:23,433] {taskinstance.py:1159} INFO - Dependencies all met for <TaskInstance: BRONZER_GET_CRIPTOS.BRONZE_CRIPTO_BTC scheduled__2024-08-22T00:00:00+00:00 [queued]>
[2024-09-16 13:56:23,433] {taskinstance.py:1356} INFO - 
--------------------------------------------------------------------------------
[2024-09-16 13:56:23,433] {taskinstance.py:1357} INFO - Starting attempt 1 of 1
[2024-09-16 13:56:23,433] {taskinstance.py:1358} INFO - 
--------------------------------------------------------------------------------
[2024-09-16 13:56:23,469] {taskinstance.py:1377} INFO - Executing <Task(_PythonDecoratedOperator): BRONZE_CRIPTO_BTC> on 2024-08-22 00:00:00+00:00
[2024-09-16 13:56:23,474] {standard_task_runner.py:52} INFO - Started process 138697 to run task
[2024-09-16 13:56:23,496] {standard_task_runner.py:79} INFO - Running: ['airflow', 'tasks', 'run', 'BRONZER_GET_CRIPTOS', 'BRONZE_CRIPTO_BTC', 'scheduled__2024-08-22T00:00:00+00:00', '--job-id', '2564', '--raw', '--subdir', 'DAGS_FOLDER/get_cripto.py', '--cfg-path', '/tmp/tmp5xbnruqx', '--error-file', '/tmp/tmp2j1m3lj5']
[2024-09-16 13:56:23,497] {standard_task_runner.py:80} INFO - Job 2564: Subtask BRONZE_CRIPTO_BTC
[2024-09-16 13:56:23,723] {task_command.py:370} INFO - Running <TaskInstance: BRONZER_GET_CRIPTOS.BRONZE_CRIPTO_BTC scheduled__2024-08-22T00:00:00+00:00 [running]> on host kaiwang.
[2024-09-16 13:56:24,271] {taskinstance.py:1569} INFO - Exporting the following env vars:
AIRFLOW_CTX_DAG_OWNER=airflow
AIRFLOW_CTX_DAG_ID=BRONZER_GET_CRIPTOS
AIRFLOW_CTX_TASK_ID=BRONZE_CRIPTO_BTC
AIRFLOW_CTX_EXECUTION_DATE=2024-08-22T00:00:00+00:00
AIRFLOW_CTX_TRY_NUMBER=1
AIRFLOW_CTX_DAG_RUN_ID=scheduled__2024-08-22T00:00:00+00:00
[2024-09-16 13:56:24,948] {python.py:173} INFO - Done. Returned value was: None
[2024-09-16 13:56:24,998] {taskinstance.py:1395} INFO - Marking task as SUCCESS. dag_id=BRONZER_GET_CRIPTOS, task_id=BRONZE_CRIPTO_BTC, execution_date=20240822T000000, start_date=20240916T165623, end_date=20240916T165624
[2024-09-16 13:56:25,073] {local_task_job.py:156} INFO - Task exited with return code 0
[2024-09-16 13:56:25,203] {local_task_job.py:273} INFO - 0 downstream tasks scheduled from follow-on schedule check
