[2024-09-16 00:03:53,410] {taskinstance.py:1159} INFO - Dependencies all met for <TaskInstance: BRONZER_GET_STONCKS.BRONZE_STONCKS_GOOG scheduled__2024-02-09T00:00:00+00:00 [queued]>
[2024-09-16 00:03:53,452] {taskinstance.py:1159} INFO - Dependencies all met for <TaskInstance: BRONZER_GET_STONCKS.BRONZE_STONCKS_GOOG scheduled__2024-02-09T00:00:00+00:00 [queued]>
[2024-09-16 00:03:53,452] {taskinstance.py:1356} INFO - 
--------------------------------------------------------------------------------
[2024-09-16 00:03:53,452] {taskinstance.py:1357} INFO - Starting attempt 1 of 1
[2024-09-16 00:03:53,452] {taskinstance.py:1358} INFO - 
--------------------------------------------------------------------------------
[2024-09-16 00:03:53,516] {taskinstance.py:1377} INFO - Executing <Task(_PythonDecoratedOperator): BRONZE_STONCKS_GOOG> on 2024-02-09 00:00:00+00:00
[2024-09-16 00:03:53,533] {standard_task_runner.py:52} INFO - Started process 21935 to run task
[2024-09-16 00:03:53,569] {standard_task_runner.py:79} INFO - Running: ['airflow', 'tasks', 'run', 'BRONZER_GET_STONCKS', 'BRONZE_STONCKS_GOOG', 'scheduled__2024-02-09T00:00:00+00:00', '--job-id', '229', '--raw', '--subdir', 'DAGS_FOLDER/get_stocks.py', '--cfg-path', '/tmp/tmpyp2maiv8', '--error-file', '/tmp/tmpolrt88wo']
[2024-09-16 00:03:53,573] {standard_task_runner.py:80} INFO - Job 229: Subtask BRONZE_STONCKS_GOOG
[2024-09-16 00:03:54,093] {task_command.py:370} INFO - Running <TaskInstance: BRONZER_GET_STONCKS.BRONZE_STONCKS_GOOG scheduled__2024-02-09T00:00:00+00:00 [running]> on host kaiwang.
[2024-09-16 00:03:54,559] {taskinstance.py:1569} INFO - Exporting the following env vars:
AIRFLOW_CTX_DAG_OWNER=airflow
AIRFLOW_CTX_DAG_ID=BRONZER_GET_STONCKS
AIRFLOW_CTX_TASK_ID=BRONZE_STONCKS_GOOG
AIRFLOW_CTX_EXECUTION_DATE=2024-02-09T00:00:00+00:00
AIRFLOW_CTX_TRY_NUMBER=1
AIRFLOW_CTX_DAG_RUN_ID=scheduled__2024-02-09T00:00:00+00:00
[2024-09-16 00:03:55,338] {python.py:173} INFO - Done. Returned value was: None
[2024-09-16 00:03:55,648] {taskinstance.py:1395} INFO - Marking task as SUCCESS. dag_id=BRONZER_GET_STONCKS, task_id=BRONZE_STONCKS_GOOG, execution_date=20240209T000000, start_date=20240916T030353, end_date=20240916T030355
[2024-09-16 00:03:55,719] {local_task_job.py:156} INFO - Task exited with return code 0
[2024-09-16 00:03:55,862] {local_task_job.py:273} INFO - 0 downstream tasks scheduled from follow-on schedule check
[2024-09-16 00:13:30,240] {taskinstance.py:1159} INFO - Dependencies all met for <TaskInstance: BRONZER_GET_STONCKS.BRONZE_STONCKS_GOOG scheduled__2024-02-09T00:00:00+00:00 [queued]>
[2024-09-16 00:13:30,291] {taskinstance.py:1159} INFO - Dependencies all met for <TaskInstance: BRONZER_GET_STONCKS.BRONZE_STONCKS_GOOG scheduled__2024-02-09T00:00:00+00:00 [queued]>
[2024-09-16 00:13:30,292] {taskinstance.py:1356} INFO - 
--------------------------------------------------------------------------------
[2024-09-16 00:13:30,292] {taskinstance.py:1357} INFO - Starting attempt 1 of 1
[2024-09-16 00:13:30,292] {taskinstance.py:1358} INFO - 
--------------------------------------------------------------------------------
[2024-09-16 00:13:30,333] {taskinstance.py:1377} INFO - Executing <Task(_PythonDecoratedOperator): BRONZE_STONCKS_GOOG> on 2024-02-09 00:00:00+00:00
[2024-09-16 00:13:30,351] {standard_task_runner.py:52} INFO - Started process 47440 to run task
[2024-09-16 00:13:30,391] {standard_task_runner.py:79} INFO - Running: ['airflow', 'tasks', 'run', 'BRONZER_GET_STONCKS', 'BRONZE_STONCKS_GOOG', 'scheduled__2024-02-09T00:00:00+00:00', '--job-id', '1693', '--raw', '--subdir', 'DAGS_FOLDER/get_stocks.py', '--cfg-path', '/tmp/tmprx968ag_', '--error-file', '/tmp/tmp16ws8m4v']
[2024-09-16 00:13:30,392] {standard_task_runner.py:80} INFO - Job 1693: Subtask BRONZE_STONCKS_GOOG
[2024-09-16 00:13:30,622] {task_command.py:370} INFO - Running <TaskInstance: BRONZER_GET_STONCKS.BRONZE_STONCKS_GOOG scheduled__2024-02-09T00:00:00+00:00 [running]> on host kaiwang.
[2024-09-16 00:13:31,002] {taskinstance.py:1569} INFO - Exporting the following env vars:
AIRFLOW_CTX_DAG_OWNER=airflow
AIRFLOW_CTX_DAG_ID=BRONZER_GET_STONCKS
AIRFLOW_CTX_TASK_ID=BRONZE_STONCKS_GOOG
AIRFLOW_CTX_EXECUTION_DATE=2024-02-09T00:00:00+00:00
AIRFLOW_CTX_TRY_NUMBER=1
AIRFLOW_CTX_DAG_RUN_ID=scheduled__2024-02-09T00:00:00+00:00
[2024-09-16 00:13:31,708] {python.py:173} INFO - Done. Returned value was: None
[2024-09-16 00:13:32,069] {taskinstance.py:1395} INFO - Marking task as SUCCESS. dag_id=BRONZER_GET_STONCKS, task_id=BRONZE_STONCKS_GOOG, execution_date=20240209T000000, start_date=20240916T031330, end_date=20240916T031332
[2024-09-16 00:13:32,167] {local_task_job.py:156} INFO - Task exited with return code 0
[2024-09-16 00:13:32,413] {local_task_job.py:273} INFO - 0 downstream tasks scheduled from follow-on schedule check
[2024-09-16 00:15:04,274] {taskinstance.py:1159} INFO - Dependencies all met for <TaskInstance: BRONZER_GET_STONCKS.BRONZE_STONCKS_GOOG scheduled__2024-02-09T00:00:00+00:00 [queued]>
[2024-09-16 00:15:04,339] {taskinstance.py:1159} INFO - Dependencies all met for <TaskInstance: BRONZER_GET_STONCKS.BRONZE_STONCKS_GOOG scheduled__2024-02-09T00:00:00+00:00 [queued]>
[2024-09-16 00:15:04,339] {taskinstance.py:1356} INFO - 
--------------------------------------------------------------------------------
[2024-09-16 00:15:04,341] {taskinstance.py:1357} INFO - Starting attempt 1 of 1
[2024-09-16 00:15:04,341] {taskinstance.py:1358} INFO - 
--------------------------------------------------------------------------------
[2024-09-16 00:15:04,403] {taskinstance.py:1377} INFO - Executing <Task(_PythonDecoratedOperator): BRONZE_STONCKS_GOOG> on 2024-02-09 00:00:00+00:00
[2024-09-16 00:15:04,422] {standard_task_runner.py:52} INFO - Started process 52885 to run task
[2024-09-16 00:15:04,450] {standard_task_runner.py:79} INFO - Running: ['airflow', 'tasks', 'run', 'BRONZER_GET_STONCKS', 'BRONZE_STONCKS_GOOG', 'scheduled__2024-02-09T00:00:00+00:00', '--job-id', '2006', '--raw', '--subdir', 'DAGS_FOLDER/get_stocks.py', '--cfg-path', '/tmp/tmppu4yjx_c', '--error-file', '/tmp/tmpucq9dti9']
[2024-09-16 00:15:04,451] {standard_task_runner.py:80} INFO - Job 2006: Subtask BRONZE_STONCKS_GOOG
[2024-09-16 00:15:04,643] {task_command.py:370} INFO - Running <TaskInstance: BRONZER_GET_STONCKS.BRONZE_STONCKS_GOOG scheduled__2024-02-09T00:00:00+00:00 [running]> on host kaiwang.
[2024-09-16 00:15:04,925] {taskinstance.py:1569} INFO - Exporting the following env vars:
AIRFLOW_CTX_DAG_OWNER=airflow
AIRFLOW_CTX_DAG_ID=BRONZER_GET_STONCKS
AIRFLOW_CTX_TASK_ID=BRONZE_STONCKS_GOOG
AIRFLOW_CTX_EXECUTION_DATE=2024-02-09T00:00:00+00:00
AIRFLOW_CTX_TRY_NUMBER=1
AIRFLOW_CTX_DAG_RUN_ID=scheduled__2024-02-09T00:00:00+00:00
[2024-09-16 00:15:05,550] {python.py:173} INFO - Done. Returned value was: None
[2024-09-16 00:15:05,570] {taskinstance.py:1395} INFO - Marking task as SUCCESS. dag_id=BRONZER_GET_STONCKS, task_id=BRONZE_STONCKS_GOOG, execution_date=20240209T000000, start_date=20240916T031504, end_date=20240916T031505
[2024-09-16 00:15:05,628] {local_task_job.py:156} INFO - Task exited with return code 0
[2024-09-16 00:15:05,683] {local_task_job.py:273} INFO - 0 downstream tasks scheduled from follow-on schedule check
