[2024-09-16 00:04:32,403] {taskinstance.py:1159} INFO - Dependencies all met for <TaskInstance: BRONZER_GET_STONCKS.BRONZE_STONCKS_MSFT scheduled__2024-03-14T00:00:00+00:00 [queued]>
[2024-09-16 00:04:32,431] {taskinstance.py:1159} INFO - Dependencies all met for <TaskInstance: BRONZER_GET_STONCKS.BRONZE_STONCKS_MSFT scheduled__2024-03-14T00:00:00+00:00 [queued]>
[2024-09-16 00:04:32,431] {taskinstance.py:1356} INFO - 
--------------------------------------------------------------------------------
[2024-09-16 00:04:32,432] {taskinstance.py:1357} INFO - Starting attempt 1 of 1
[2024-09-16 00:04:32,432] {taskinstance.py:1358} INFO - 
--------------------------------------------------------------------------------
[2024-09-16 00:04:32,467] {taskinstance.py:1377} INFO - Executing <Task(_PythonDecoratedOperator): BRONZE_STONCKS_MSFT> on 2024-03-14 00:00:00+00:00
[2024-09-16 00:04:32,472] {standard_task_runner.py:52} INFO - Started process 25099 to run task
[2024-09-16 00:04:32,489] {standard_task_runner.py:79} INFO - Running: ['airflow', 'tasks', 'run', 'BRONZER_GET_STONCKS', 'BRONZE_STONCKS_MSFT', 'scheduled__2024-03-14T00:00:00+00:00', '--job-id', '413', '--raw', '--subdir', 'DAGS_FOLDER/get_stocks.py', '--cfg-path', '/tmp/tmpyh0f40kf', '--error-file', '/tmp/tmp3zpfwu_2']
[2024-09-16 00:04:32,490] {standard_task_runner.py:80} INFO - Job 413: Subtask BRONZE_STONCKS_MSFT
[2024-09-16 00:04:32,692] {task_command.py:370} INFO - Running <TaskInstance: BRONZER_GET_STONCKS.BRONZE_STONCKS_MSFT scheduled__2024-03-14T00:00:00+00:00 [running]> on host kaiwang.
[2024-09-16 00:04:32,900] {taskinstance.py:1569} INFO - Exporting the following env vars:
AIRFLOW_CTX_DAG_OWNER=airflow
AIRFLOW_CTX_DAG_ID=BRONZER_GET_STONCKS
AIRFLOW_CTX_TASK_ID=BRONZE_STONCKS_MSFT
AIRFLOW_CTX_EXECUTION_DATE=2024-03-14T00:00:00+00:00
AIRFLOW_CTX_TRY_NUMBER=1
AIRFLOW_CTX_DAG_RUN_ID=scheduled__2024-03-14T00:00:00+00:00
[2024-09-16 00:04:33,573] {python.py:173} INFO - Done. Returned value was: None
[2024-09-16 00:04:33,593] {taskinstance.py:1395} INFO - Marking task as SUCCESS. dag_id=BRONZER_GET_STONCKS, task_id=BRONZE_STONCKS_MSFT, execution_date=20240314T000000, start_date=20240916T030432, end_date=20240916T030433
[2024-09-16 00:04:33,623] {local_task_job.py:156} INFO - Task exited with return code 0
[2024-09-16 00:04:33,667] {local_task_job.py:273} INFO - 0 downstream tasks scheduled from follow-on schedule check
[2024-09-16 00:15:39,357] {taskinstance.py:1159} INFO - Dependencies all met for <TaskInstance: BRONZER_GET_STONCKS.BRONZE_STONCKS_MSFT scheduled__2024-03-14T00:00:00+00:00 [queued]>
[2024-09-16 00:15:39,414] {taskinstance.py:1159} INFO - Dependencies all met for <TaskInstance: BRONZER_GET_STONCKS.BRONZE_STONCKS_MSFT scheduled__2024-03-14T00:00:00+00:00 [queued]>
[2024-09-16 00:15:39,414] {taskinstance.py:1356} INFO - 
--------------------------------------------------------------------------------
[2024-09-16 00:15:39,414] {taskinstance.py:1357} INFO - Starting attempt 1 of 1
[2024-09-16 00:15:39,414] {taskinstance.py:1358} INFO - 
--------------------------------------------------------------------------------
[2024-09-16 00:15:39,501] {taskinstance.py:1377} INFO - Executing <Task(_PythonDecoratedOperator): BRONZE_STONCKS_MSFT> on 2024-03-14 00:00:00+00:00
[2024-09-16 00:15:39,509] {standard_task_runner.py:52} INFO - Started process 55767 to run task
[2024-09-16 00:15:39,527] {standard_task_runner.py:79} INFO - Running: ['airflow', 'tasks', 'run', 'BRONZER_GET_STONCKS', 'BRONZE_STONCKS_MSFT', 'scheduled__2024-03-14T00:00:00+00:00', '--job-id', '2175', '--raw', '--subdir', 'DAGS_FOLDER/get_stocks.py', '--cfg-path', '/tmp/tmp2461ztpn', '--error-file', '/tmp/tmp7id0l3vb']
[2024-09-16 00:15:39,528] {standard_task_runner.py:80} INFO - Job 2175: Subtask BRONZE_STONCKS_MSFT
[2024-09-16 00:15:39,759] {task_command.py:370} INFO - Running <TaskInstance: BRONZER_GET_STONCKS.BRONZE_STONCKS_MSFT scheduled__2024-03-14T00:00:00+00:00 [running]> on host kaiwang.
[2024-09-16 00:15:40,083] {taskinstance.py:1569} INFO - Exporting the following env vars:
AIRFLOW_CTX_DAG_OWNER=airflow
AIRFLOW_CTX_DAG_ID=BRONZER_GET_STONCKS
AIRFLOW_CTX_TASK_ID=BRONZE_STONCKS_MSFT
AIRFLOW_CTX_EXECUTION_DATE=2024-03-14T00:00:00+00:00
AIRFLOW_CTX_TRY_NUMBER=1
AIRFLOW_CTX_DAG_RUN_ID=scheduled__2024-03-14T00:00:00+00:00
[2024-09-16 00:15:40,837] {python.py:173} INFO - Done. Returned value was: None
[2024-09-16 00:15:40,899] {taskinstance.py:1395} INFO - Marking task as SUCCESS. dag_id=BRONZER_GET_STONCKS, task_id=BRONZE_STONCKS_MSFT, execution_date=20240314T000000, start_date=20240916T031539, end_date=20240916T031540
[2024-09-16 00:15:40,972] {local_task_job.py:156} INFO - Task exited with return code 0
[2024-09-16 00:15:41,186] {local_task_job.py:273} INFO - 0 downstream tasks scheduled from follow-on schedule check
