[2024-09-16 00:07:15,624] {taskinstance.py:1159} INFO - Dependencies all met for <TaskInstance: BRONZER_GET_STONCKS.BRONZE_STONCKS_TSLA scheduled__2024-08-10T00:00:00+00:00 [queued]>
[2024-09-16 00:07:15,711] {taskinstance.py:1159} INFO - Dependencies all met for <TaskInstance: BRONZER_GET_STONCKS.BRONZE_STONCKS_TSLA scheduled__2024-08-10T00:00:00+00:00 [queued]>
[2024-09-16 00:07:15,711] {taskinstance.py:1356} INFO - 
--------------------------------------------------------------------------------
[2024-09-16 00:07:15,711] {taskinstance.py:1357} INFO - Starting attempt 1 of 1
[2024-09-16 00:07:15,711] {taskinstance.py:1358} INFO - 
--------------------------------------------------------------------------------
[2024-09-16 00:07:15,789] {taskinstance.py:1377} INFO - Executing <Task(_PythonDecoratedOperator): BRONZE_STONCKS_TSLA> on 2024-08-10 00:00:00+00:00
[2024-09-16 00:07:15,810] {standard_task_runner.py:52} INFO - Started process 38320 to run task
[2024-09-16 00:07:15,832] {standard_task_runner.py:79} INFO - Running: ['airflow', 'tasks', 'run', 'BRONZER_GET_STONCKS', 'BRONZE_STONCKS_TSLA', 'scheduled__2024-08-10T00:00:00+00:00', '--job-id', '1180', '--raw', '--subdir', 'DAGS_FOLDER/get_stocks.py', '--cfg-path', '/tmp/tmp22sdqwj1', '--error-file', '/tmp/tmppuc0grmo']
[2024-09-16 00:07:15,833] {standard_task_runner.py:80} INFO - Job 1180: Subtask BRONZE_STONCKS_TSLA
[2024-09-16 00:07:16,150] {task_command.py:370} INFO - Running <TaskInstance: BRONZER_GET_STONCKS.BRONZE_STONCKS_TSLA scheduled__2024-08-10T00:00:00+00:00 [running]> on host kaiwang.
[2024-09-16 00:07:16,508] {taskinstance.py:1569} INFO - Exporting the following env vars:
AIRFLOW_CTX_DAG_OWNER=airflow
AIRFLOW_CTX_DAG_ID=BRONZER_GET_STONCKS
AIRFLOW_CTX_TASK_ID=BRONZE_STONCKS_TSLA
AIRFLOW_CTX_EXECUTION_DATE=2024-08-10T00:00:00+00:00
AIRFLOW_CTX_TRY_NUMBER=1
AIRFLOW_CTX_DAG_RUN_ID=scheduled__2024-08-10T00:00:00+00:00
[2024-09-16 00:07:17,590] {python.py:173} INFO - Done. Returned value was: None
[2024-09-16 00:07:17,660] {taskinstance.py:1395} INFO - Marking task as SUCCESS. dag_id=BRONZER_GET_STONCKS, task_id=BRONZE_STONCKS_TSLA, execution_date=20240810T000000, start_date=20240916T030715, end_date=20240916T030717
[2024-09-16 00:07:17,738] {local_task_job.py:156} INFO - Task exited with return code 0
[2024-09-16 00:07:17,877] {local_task_job.py:273} INFO - 0 downstream tasks scheduled from follow-on schedule check
[2024-09-16 13:55:58,828] {taskinstance.py:1159} INFO - Dependencies all met for <TaskInstance: BRONZER_GET_STONCKS.BRONZE_STONCKS_TSLA scheduled__2024-08-10T00:00:00+00:00 [queued]>
[2024-09-16 13:55:58,840] {taskinstance.py:1159} INFO - Dependencies all met for <TaskInstance: BRONZER_GET_STONCKS.BRONZE_STONCKS_TSLA scheduled__2024-08-10T00:00:00+00:00 [queued]>
[2024-09-16 13:55:58,840] {taskinstance.py:1356} INFO - 
--------------------------------------------------------------------------------
[2024-09-16 13:55:58,840] {taskinstance.py:1357} INFO - Starting attempt 1 of 1
[2024-09-16 13:55:58,840] {taskinstance.py:1358} INFO - 
--------------------------------------------------------------------------------
[2024-09-16 13:55:58,861] {taskinstance.py:1377} INFO - Executing <Task(_PythonDecoratedOperator): BRONZE_STONCKS_TSLA> on 2024-08-10 00:00:00+00:00
[2024-09-16 13:55:58,871] {standard_task_runner.py:52} INFO - Started process 137093 to run task
[2024-09-16 13:55:58,880] {standard_task_runner.py:79} INFO - Running: ['airflow', 'tasks', 'run', 'BRONZER_GET_STONCKS', 'BRONZE_STONCKS_TSLA', 'scheduled__2024-08-10T00:00:00+00:00', '--job-id', '2492', '--raw', '--subdir', 'DAGS_FOLDER/get_stocks.py', '--cfg-path', '/tmp/tmpi7pt37dn', '--error-file', '/tmp/tmpo346ec2n']
[2024-09-16 13:55:58,882] {standard_task_runner.py:80} INFO - Job 2492: Subtask BRONZE_STONCKS_TSLA
[2024-09-16 13:55:59,068] {task_command.py:370} INFO - Running <TaskInstance: BRONZER_GET_STONCKS.BRONZE_STONCKS_TSLA scheduled__2024-08-10T00:00:00+00:00 [running]> on host kaiwang.
[2024-09-16 13:55:59,916] {taskinstance.py:1569} INFO - Exporting the following env vars:
AIRFLOW_CTX_DAG_OWNER=airflow
AIRFLOW_CTX_DAG_ID=BRONZER_GET_STONCKS
AIRFLOW_CTX_TASK_ID=BRONZE_STONCKS_TSLA
AIRFLOW_CTX_EXECUTION_DATE=2024-08-10T00:00:00+00:00
AIRFLOW_CTX_TRY_NUMBER=1
AIRFLOW_CTX_DAG_RUN_ID=scheduled__2024-08-10T00:00:00+00:00
[2024-09-16 13:56:00,574] {python.py:173} INFO - Done. Returned value was: None
[2024-09-16 13:56:00,633] {taskinstance.py:1395} INFO - Marking task as SUCCESS. dag_id=BRONZER_GET_STONCKS, task_id=BRONZE_STONCKS_TSLA, execution_date=20240810T000000, start_date=20240916T165558, end_date=20240916T165600
[2024-09-16 13:56:00,710] {local_task_job.py:156} INFO - Task exited with return code 0
[2024-09-16 13:56:00,800] {local_task_job.py:273} INFO - 0 downstream tasks scheduled from follow-on schedule check
