[2024-09-16 00:08:02,967] {taskinstance.py:1159} INFO - Dependencies all met for <TaskInstance: BRONZER_GET_CRIPTOS.BRONZE_CRIPTO_BTC scheduled__2024-08-16T00:00:00+00:00 [queued]>
[2024-09-16 00:08:02,988] {taskinstance.py:1159} INFO - Dependencies all met for <TaskInstance: BRONZER_GET_CRIPTOS.BRONZE_CRIPTO_BTC scheduled__2024-08-16T00:00:00+00:00 [queued]>
[2024-09-16 00:08:02,988] {taskinstance.py:1356} INFO - 
--------------------------------------------------------------------------------
[2024-09-16 00:08:02,988] {taskinstance.py:1357} INFO - Starting attempt 1 of 1
[2024-09-16 00:08:02,988] {taskinstance.py:1358} INFO - 
--------------------------------------------------------------------------------
[2024-09-16 00:08:03,045] {taskinstance.py:1377} INFO - Executing <Task(_PythonDecoratedOperator): BRONZE_CRIPTO_BTC> on 2024-08-16 00:00:00+00:00
[2024-09-16 00:08:03,050] {standard_task_runner.py:52} INFO - Started process 41901 to run task
[2024-09-16 00:08:03,083] {standard_task_runner.py:79} INFO - Running: ['airflow', 'tasks', 'run', 'BRONZER_GET_CRIPTOS', 'BRONZE_CRIPTO_BTC', 'scheduled__2024-08-16T00:00:00+00:00', '--job-id', '1389', '--raw', '--subdir', 'DAGS_FOLDER/get_cripto.py', '--cfg-path', '/tmp/tmp0kcmp9wq', '--error-file', '/tmp/tmpnoi93v4u']
[2024-09-16 00:08:03,084] {standard_task_runner.py:80} INFO - Job 1389: Subtask BRONZE_CRIPTO_BTC
[2024-09-16 00:08:03,256] {task_command.py:370} INFO - Running <TaskInstance: BRONZER_GET_CRIPTOS.BRONZE_CRIPTO_BTC scheduled__2024-08-16T00:00:00+00:00 [running]> on host kaiwang.
[2024-09-16 00:08:03,459] {taskinstance.py:1569} INFO - Exporting the following env vars:
AIRFLOW_CTX_DAG_OWNER=airflow
AIRFLOW_CTX_DAG_ID=BRONZER_GET_CRIPTOS
AIRFLOW_CTX_TASK_ID=BRONZE_CRIPTO_BTC
AIRFLOW_CTX_EXECUTION_DATE=2024-08-16T00:00:00+00:00
AIRFLOW_CTX_TRY_NUMBER=1
AIRFLOW_CTX_DAG_RUN_ID=scheduled__2024-08-16T00:00:00+00:00
[2024-09-16 00:08:04,018] {python.py:173} INFO - Done. Returned value was: None
[2024-09-16 00:08:04,043] {taskinstance.py:1395} INFO - Marking task as SUCCESS. dag_id=BRONZER_GET_CRIPTOS, task_id=BRONZE_CRIPTO_BTC, execution_date=20240816T000000, start_date=20240916T030802, end_date=20240916T030804
[2024-09-16 00:08:04,083] {local_task_job.py:156} INFO - Task exited with return code 0
[2024-09-16 00:08:04,171] {local_task_job.py:273} INFO - 0 downstream tasks scheduled from follow-on schedule check
[2024-09-16 13:56:11,452] {taskinstance.py:1159} INFO - Dependencies all met for <TaskInstance: BRONZER_GET_CRIPTOS.BRONZE_CRIPTO_BTC scheduled__2024-08-16T00:00:00+00:00 [queued]>
[2024-09-16 13:56:11,511] {taskinstance.py:1159} INFO - Dependencies all met for <TaskInstance: BRONZER_GET_CRIPTOS.BRONZE_CRIPTO_BTC scheduled__2024-08-16T00:00:00+00:00 [queued]>
[2024-09-16 13:56:11,513] {taskinstance.py:1356} INFO - 
--------------------------------------------------------------------------------
[2024-09-16 13:56:11,513] {taskinstance.py:1357} INFO - Starting attempt 1 of 1
[2024-09-16 13:56:11,513] {taskinstance.py:1358} INFO - 
--------------------------------------------------------------------------------
[2024-09-16 13:56:11,553] {taskinstance.py:1377} INFO - Executing <Task(_PythonDecoratedOperator): BRONZE_CRIPTO_BTC> on 2024-08-16 00:00:00+00:00
[2024-09-16 13:56:11,559] {standard_task_runner.py:52} INFO - Started process 137951 to run task
[2024-09-16 13:56:11,590] {standard_task_runner.py:79} INFO - Running: ['airflow', 'tasks', 'run', 'BRONZER_GET_CRIPTOS', 'BRONZE_CRIPTO_BTC', 'scheduled__2024-08-16T00:00:00+00:00', '--job-id', '2533', '--raw', '--subdir', 'DAGS_FOLDER/get_cripto.py', '--cfg-path', '/tmp/tmp468o1fij', '--error-file', '/tmp/tmp8d6v9ug8']
[2024-09-16 13:56:11,593] {standard_task_runner.py:80} INFO - Job 2533: Subtask BRONZE_CRIPTO_BTC
[2024-09-16 13:56:11,824] {task_command.py:370} INFO - Running <TaskInstance: BRONZER_GET_CRIPTOS.BRONZE_CRIPTO_BTC scheduled__2024-08-16T00:00:00+00:00 [running]> on host kaiwang.
[2024-09-16 13:56:12,670] {taskinstance.py:1569} INFO - Exporting the following env vars:
AIRFLOW_CTX_DAG_OWNER=airflow
AIRFLOW_CTX_DAG_ID=BRONZER_GET_CRIPTOS
AIRFLOW_CTX_TASK_ID=BRONZE_CRIPTO_BTC
AIRFLOW_CTX_EXECUTION_DATE=2024-08-16T00:00:00+00:00
AIRFLOW_CTX_TRY_NUMBER=1
AIRFLOW_CTX_DAG_RUN_ID=scheduled__2024-08-16T00:00:00+00:00
[2024-09-16 13:56:13,490] {python.py:173} INFO - Done. Returned value was: None
[2024-09-16 13:56:13,541] {taskinstance.py:1395} INFO - Marking task as SUCCESS. dag_id=BRONZER_GET_CRIPTOS, task_id=BRONZE_CRIPTO_BTC, execution_date=20240816T000000, start_date=20240916T165611, end_date=20240916T165613
[2024-09-16 13:56:13,702] {local_task_job.py:156} INFO - Task exited with return code 0
[2024-09-16 13:56:13,862] {local_task_job.py:273} INFO - 0 downstream tasks scheduled from follow-on schedule check
