[2024-09-16 00:05:37,867] {taskinstance.py:1159} INFO - Dependencies all met for <TaskInstance: BRONZER_GET_CRIPTOS.BRONZE_CRIPTO_ETH scheduled__2024-04-25T00:00:00+00:00 [queued]>
[2024-09-16 00:05:37,874] {taskinstance.py:1159} INFO - Dependencies all met for <TaskInstance: BRONZER_GET_CRIPTOS.BRONZE_CRIPTO_ETH scheduled__2024-04-25T00:00:00+00:00 [queued]>
[2024-09-16 00:05:37,874] {taskinstance.py:1356} INFO - 
--------------------------------------------------------------------------------
[2024-09-16 00:05:37,874] {taskinstance.py:1357} INFO - Starting attempt 1 of 1
[2024-09-16 00:05:37,874] {taskinstance.py:1358} INFO - 
--------------------------------------------------------------------------------
[2024-09-16 00:05:37,883] {taskinstance.py:1377} INFO - Executing <Task(_PythonDecoratedOperator): BRONZE_CRIPTO_ETH> on 2024-04-25 00:00:00+00:00
[2024-09-16 00:05:37,888] {standard_task_runner.py:52} INFO - Started process 30303 to run task
[2024-09-16 00:05:37,892] {standard_task_runner.py:79} INFO - Running: ['airflow', 'tasks', 'run', 'BRONZER_GET_CRIPTOS', 'BRONZE_CRIPTO_ETH', 'scheduled__2024-04-25T00:00:00+00:00', '--job-id', '712', '--raw', '--subdir', 'DAGS_FOLDER/get_cripto.py', '--cfg-path', '/tmp/tmpfqcwfwpi', '--error-file', '/tmp/tmp71gj06h1']
[2024-09-16 00:05:37,893] {standard_task_runner.py:80} INFO - Job 712: Subtask BRONZE_CRIPTO_ETH
[2024-09-16 00:05:37,976] {task_command.py:370} INFO - Running <TaskInstance: BRONZER_GET_CRIPTOS.BRONZE_CRIPTO_ETH scheduled__2024-04-25T00:00:00+00:00 [running]> on host kaiwang.
[2024-09-16 00:05:38,079] {taskinstance.py:1569} INFO - Exporting the following env vars:
AIRFLOW_CTX_DAG_OWNER=airflow
AIRFLOW_CTX_DAG_ID=BRONZER_GET_CRIPTOS
AIRFLOW_CTX_TASK_ID=BRONZE_CRIPTO_ETH
AIRFLOW_CTX_EXECUTION_DATE=2024-04-25T00:00:00+00:00
AIRFLOW_CTX_TRY_NUMBER=1
AIRFLOW_CTX_DAG_RUN_ID=scheduled__2024-04-25T00:00:00+00:00
[2024-09-16 00:05:41,559] {history.py:244} ERROR - $ETH: possibly delisted; no price data found  (1h 2024-04-22 -> 2024-04-25) (Yahoo error = "Data doesn't exist for startDate = 1713758400, endDate = 1714017600")
[2024-09-16 00:05:41,564] {python.py:173} INFO - Done. Returned value was: None
[2024-09-16 00:05:41,666] {taskinstance.py:1395} INFO - Marking task as SUCCESS. dag_id=BRONZER_GET_CRIPTOS, task_id=BRONZE_CRIPTO_ETH, execution_date=20240425T000000, start_date=20240916T030537, end_date=20240916T030541
[2024-09-16 00:05:41,777] {local_task_job.py:156} INFO - Task exited with return code 0
[2024-09-16 00:05:41,964] {local_task_job.py:273} INFO - 0 downstream tasks scheduled from follow-on schedule check
