[2024-09-16 00:05:19,943] {taskinstance.py:1159} INFO - Dependencies all met for <TaskInstance: BRONZER_GET_STONCKS.BRONZE_STONCKS_AAPL scheduled__2024-04-25T00:00:00+00:00 [queued]>
[2024-09-16 00:05:19,967] {taskinstance.py:1159} INFO - Dependencies all met for <TaskInstance: BRONZER_GET_STONCKS.BRONZE_STONCKS_AAPL scheduled__2024-04-25T00:00:00+00:00 [queued]>
[2024-09-16 00:05:19,967] {taskinstance.py:1356} INFO - 
--------------------------------------------------------------------------------
[2024-09-16 00:05:19,967] {taskinstance.py:1357} INFO - Starting attempt 1 of 1
[2024-09-16 00:05:19,967] {taskinstance.py:1358} INFO - 
--------------------------------------------------------------------------------
[2024-09-16 00:05:19,989] {taskinstance.py:1377} INFO - Executing <Task(_PythonDecoratedOperator): BRONZE_STONCKS_AAPL> on 2024-04-25 00:00:00+00:00
[2024-09-16 00:05:20,004] {standard_task_runner.py:52} INFO - Started process 28751 to run task
[2024-09-16 00:05:20,033] {standard_task_runner.py:79} INFO - Running: ['airflow', 'tasks', 'run', 'BRONZER_GET_STONCKS', 'BRONZE_STONCKS_AAPL', 'scheduled__2024-04-25T00:00:00+00:00', '--job-id', '625', '--raw', '--subdir', 'DAGS_FOLDER/get_stocks.py', '--cfg-path', '/tmp/tmppsb3_jy5', '--error-file', '/tmp/tmp3axft6i6']
[2024-09-16 00:05:20,034] {standard_task_runner.py:80} INFO - Job 625: Subtask BRONZE_STONCKS_AAPL
[2024-09-16 00:05:20,207] {task_command.py:370} INFO - Running <TaskInstance: BRONZER_GET_STONCKS.BRONZE_STONCKS_AAPL scheduled__2024-04-25T00:00:00+00:00 [running]> on host kaiwang.
[2024-09-16 00:05:20,432] {taskinstance.py:1569} INFO - Exporting the following env vars:
AIRFLOW_CTX_DAG_OWNER=airflow
AIRFLOW_CTX_DAG_ID=BRONZER_GET_STONCKS
AIRFLOW_CTX_TASK_ID=BRONZE_STONCKS_AAPL
AIRFLOW_CTX_EXECUTION_DATE=2024-04-25T00:00:00+00:00
AIRFLOW_CTX_TRY_NUMBER=1
AIRFLOW_CTX_DAG_RUN_ID=scheduled__2024-04-25T00:00:00+00:00
[2024-09-16 00:05:21,047] {python.py:173} INFO - Done. Returned value was: None
[2024-09-16 00:05:21,071] {taskinstance.py:1395} INFO - Marking task as SUCCESS. dag_id=BRONZER_GET_STONCKS, task_id=BRONZE_STONCKS_AAPL, execution_date=20240425T000000, start_date=20240916T030519, end_date=20240916T030521
[2024-09-16 00:05:21,110] {local_task_job.py:156} INFO - Task exited with return code 0
[2024-09-16 00:05:21,169] {local_task_job.py:273} INFO - 0 downstream tasks scheduled from follow-on schedule check
[2024-09-16 00:16:21,153] {taskinstance.py:1159} INFO - Dependencies all met for <TaskInstance: BRONZER_GET_STONCKS.BRONZE_STONCKS_AAPL scheduled__2024-04-25T00:00:00+00:00 [queued]>
[2024-09-16 00:16:21,194] {taskinstance.py:1159} INFO - Dependencies all met for <TaskInstance: BRONZER_GET_STONCKS.BRONZE_STONCKS_AAPL scheduled__2024-04-25T00:00:00+00:00 [queued]>
[2024-09-16 00:16:21,194] {taskinstance.py:1356} INFO - 
--------------------------------------------------------------------------------
[2024-09-16 00:16:21,195] {taskinstance.py:1357} INFO - Starting attempt 1 of 1
[2024-09-16 00:16:21,195] {taskinstance.py:1358} INFO - 
--------------------------------------------------------------------------------
[2024-09-16 00:16:21,268] {taskinstance.py:1377} INFO - Executing <Task(_PythonDecoratedOperator): BRONZE_STONCKS_AAPL> on 2024-04-25 00:00:00+00:00
[2024-09-16 00:16:21,281] {standard_task_runner.py:52} INFO - Started process 59185 to run task
[2024-09-16 00:16:21,299] {standard_task_runner.py:79} INFO - Running: ['airflow', 'tasks', 'run', 'BRONZER_GET_STONCKS', 'BRONZE_STONCKS_AAPL', 'scheduled__2024-04-25T00:00:00+00:00', '--job-id', '2377', '--raw', '--subdir', 'DAGS_FOLDER/get_stocks.py', '--cfg-path', '/tmp/tmpyc21233x', '--error-file', '/tmp/tmpjdf33227']
[2024-09-16 00:16:21,301] {standard_task_runner.py:80} INFO - Job 2377: Subtask BRONZE_STONCKS_AAPL
[2024-09-16 00:16:21,585] {task_command.py:370} INFO - Running <TaskInstance: BRONZER_GET_STONCKS.BRONZE_STONCKS_AAPL scheduled__2024-04-25T00:00:00+00:00 [running]> on host kaiwang.
[2024-09-16 00:16:21,941] {taskinstance.py:1569} INFO - Exporting the following env vars:
AIRFLOW_CTX_DAG_OWNER=airflow
AIRFLOW_CTX_DAG_ID=BRONZER_GET_STONCKS
AIRFLOW_CTX_TASK_ID=BRONZE_STONCKS_AAPL
AIRFLOW_CTX_EXECUTION_DATE=2024-04-25T00:00:00+00:00
AIRFLOW_CTX_TRY_NUMBER=1
AIRFLOW_CTX_DAG_RUN_ID=scheduled__2024-04-25T00:00:00+00:00
[2024-09-16 00:16:22,640] {python.py:173} INFO - Done. Returned value was: None
[2024-09-16 00:16:23,208] {taskinstance.py:1395} INFO - Marking task as SUCCESS. dag_id=BRONZER_GET_STONCKS, task_id=BRONZE_STONCKS_AAPL, execution_date=20240425T000000, start_date=20240916T031621, end_date=20240916T031623
[2024-09-16 00:16:23,278] {local_task_job.py:156} INFO - Task exited with return code 0
[2024-09-16 00:16:23,449] {local_task_job.py:273} INFO - 0 downstream tasks scheduled from follow-on schedule check
