[2024-09-16 00:07:15,594] {taskinstance.py:1159} INFO - Dependencies all met for <TaskInstance: BRONZER_GET_CRIPTOS.BRONZE_CRIPTO_BTC scheduled__2024-07-06T00:00:00+00:00 [queued]>
[2024-09-16 00:07:15,629] {taskinstance.py:1159} INFO - Dependencies all met for <TaskInstance: BRONZER_GET_CRIPTOS.BRONZE_CRIPTO_BTC scheduled__2024-07-06T00:00:00+00:00 [queued]>
[2024-09-16 00:07:15,629] {taskinstance.py:1356} INFO - 
--------------------------------------------------------------------------------
[2024-09-16 00:07:15,629] {taskinstance.py:1357} INFO - Starting attempt 1 of 1
[2024-09-16 00:07:15,629] {taskinstance.py:1358} INFO - 
--------------------------------------------------------------------------------
[2024-09-16 00:07:15,715] {taskinstance.py:1377} INFO - Executing <Task(_PythonDecoratedOperator): BRONZE_CRIPTO_BTC> on 2024-07-06 00:00:00+00:00
[2024-09-16 00:07:15,721] {standard_task_runner.py:52} INFO - Started process 38312 to run task
[2024-09-16 00:07:15,734] {standard_task_runner.py:79} INFO - Running: ['airflow', 'tasks', 'run', 'BRONZER_GET_CRIPTOS', 'BRONZE_CRIPTO_BTC', 'scheduled__2024-07-06T00:00:00+00:00', '--job-id', '1178', '--raw', '--subdir', 'DAGS_FOLDER/get_cripto.py', '--cfg-path', '/tmp/tmpmc8hmvwp', '--error-file', '/tmp/tmpqfyoplpx']
[2024-09-16 00:07:15,762] {standard_task_runner.py:80} INFO - Job 1178: Subtask BRONZE_CRIPTO_BTC
[2024-09-16 00:07:16,137] {task_command.py:370} INFO - Running <TaskInstance: BRONZER_GET_CRIPTOS.BRONZE_CRIPTO_BTC scheduled__2024-07-06T00:00:00+00:00 [running]> on host kaiwang.
[2024-09-16 00:07:16,500] {taskinstance.py:1569} INFO - Exporting the following env vars:
AIRFLOW_CTX_DAG_OWNER=airflow
AIRFLOW_CTX_DAG_ID=BRONZER_GET_CRIPTOS
AIRFLOW_CTX_TASK_ID=BRONZE_CRIPTO_BTC
AIRFLOW_CTX_EXECUTION_DATE=2024-07-06T00:00:00+00:00
AIRFLOW_CTX_TRY_NUMBER=1
AIRFLOW_CTX_DAG_RUN_ID=scheduled__2024-07-06T00:00:00+00:00
[2024-09-16 00:07:18,948] {history.py:244} ERROR - $BTC: possibly delisted; no price data found  (1h 2024-07-03 -> 2024-07-06) (Yahoo error = "Data doesn't exist for startDate = 1719979200, endDate = 1720238400")
[2024-09-16 00:07:18,954] {python.py:173} INFO - Done. Returned value was: None
[2024-09-16 00:07:18,988] {taskinstance.py:1395} INFO - Marking task as SUCCESS. dag_id=BRONZER_GET_CRIPTOS, task_id=BRONZE_CRIPTO_BTC, execution_date=20240706T000000, start_date=20240916T030715, end_date=20240916T030718
[2024-09-16 00:07:19,040] {local_task_job.py:156} INFO - Task exited with return code 0
[2024-09-16 00:07:19,147] {local_task_job.py:273} INFO - 0 downstream tasks scheduled from follow-on schedule check
