[2024-09-16 00:07:33,736] {taskinstance.py:1159} INFO - Dependencies all met for <TaskInstance: BRONZER_GET_STONCKS.BRONZE_STONCKS_AAPL scheduled__2024-08-29T00:00:00+00:00 [queued]>
[2024-09-16 00:07:33,747] {taskinstance.py:1159} INFO - Dependencies all met for <TaskInstance: BRONZER_GET_STONCKS.BRONZE_STONCKS_AAPL scheduled__2024-08-29T00:00:00+00:00 [queued]>
[2024-09-16 00:07:33,747] {taskinstance.py:1356} INFO - 
--------------------------------------------------------------------------------
[2024-09-16 00:07:33,747] {taskinstance.py:1357} INFO - Starting attempt 1 of 1
[2024-09-16 00:07:33,747] {taskinstance.py:1358} INFO - 
--------------------------------------------------------------------------------
[2024-09-16 00:07:33,776] {taskinstance.py:1377} INFO - Executing <Task(_PythonDecoratedOperator): BRONZE_STONCKS_AAPL> on 2024-08-29 00:00:00+00:00
[2024-09-16 00:07:33,781] {standard_task_runner.py:52} INFO - Started process 39755 to run task
[2024-09-16 00:07:33,821] {standard_task_runner.py:79} INFO - Running: ['airflow', 'tasks', 'run', 'BRONZER_GET_STONCKS', 'BRONZE_STONCKS_AAPL', 'scheduled__2024-08-29T00:00:00+00:00', '--job-id', '1259', '--raw', '--subdir', 'DAGS_FOLDER/get_stocks.py', '--cfg-path', '/tmp/tmppo1jzi55', '--error-file', '/tmp/tmphw963_u9']
[2024-09-16 00:07:33,841] {standard_task_runner.py:80} INFO - Job 1259: Subtask BRONZE_STONCKS_AAPL
[2024-09-16 00:07:34,112] {task_command.py:370} INFO - Running <TaskInstance: BRONZER_GET_STONCKS.BRONZE_STONCKS_AAPL scheduled__2024-08-29T00:00:00+00:00 [running]> on host kaiwang.
[2024-09-16 00:07:34,535] {taskinstance.py:1569} INFO - Exporting the following env vars:
AIRFLOW_CTX_DAG_OWNER=airflow
AIRFLOW_CTX_DAG_ID=BRONZER_GET_STONCKS
AIRFLOW_CTX_TASK_ID=BRONZE_STONCKS_AAPL
AIRFLOW_CTX_EXECUTION_DATE=2024-08-29T00:00:00+00:00
AIRFLOW_CTX_TRY_NUMBER=1
AIRFLOW_CTX_DAG_RUN_ID=scheduled__2024-08-29T00:00:00+00:00
[2024-09-16 00:07:35,246] {python.py:173} INFO - Done. Returned value was: None
[2024-09-16 00:07:35,338] {taskinstance.py:1395} INFO - Marking task as SUCCESS. dag_id=BRONZER_GET_STONCKS, task_id=BRONZE_STONCKS_AAPL, execution_date=20240829T000000, start_date=20240916T030733, end_date=20240916T030735
[2024-09-16 00:07:35,408] {local_task_job.py:156} INFO - Task exited with return code 0
[2024-09-16 00:07:35,593] {local_task_job.py:273} INFO - 0 downstream tasks scheduled from follow-on schedule check
[2024-09-16 13:56:29,765] {taskinstance.py:1159} INFO - Dependencies all met for <TaskInstance: BRONZER_GET_STONCKS.BRONZE_STONCKS_AAPL scheduled__2024-08-29T00:00:00+00:00 [queued]>
[2024-09-16 13:56:29,805] {taskinstance.py:1159} INFO - Dependencies all met for <TaskInstance: BRONZER_GET_STONCKS.BRONZE_STONCKS_AAPL scheduled__2024-08-29T00:00:00+00:00 [queued]>
[2024-09-16 13:56:29,805] {taskinstance.py:1356} INFO - 
--------------------------------------------------------------------------------
[2024-09-16 13:56:29,805] {taskinstance.py:1357} INFO - Starting attempt 1 of 1
[2024-09-16 13:56:29,805] {taskinstance.py:1358} INFO - 
--------------------------------------------------------------------------------
[2024-09-16 13:56:29,837] {taskinstance.py:1377} INFO - Executing <Task(_PythonDecoratedOperator): BRONZE_STONCKS_AAPL> on 2024-08-29 00:00:00+00:00
[2024-09-16 13:56:29,846] {standard_task_runner.py:52} INFO - Started process 139268 to run task
[2024-09-16 13:56:29,869] {standard_task_runner.py:79} INFO - Running: ['airflow', 'tasks', 'run', 'BRONZER_GET_STONCKS', 'BRONZE_STONCKS_AAPL', 'scheduled__2024-08-29T00:00:00+00:00', '--job-id', '2590', '--raw', '--subdir', 'DAGS_FOLDER/get_stocks.py', '--cfg-path', '/tmp/tmp_3hcbs2i', '--error-file', '/tmp/tmp3287r1mw']
[2024-09-16 13:56:29,872] {standard_task_runner.py:80} INFO - Job 2590: Subtask BRONZE_STONCKS_AAPL
[2024-09-16 13:56:30,451] {task_command.py:370} INFO - Running <TaskInstance: BRONZER_GET_STONCKS.BRONZE_STONCKS_AAPL scheduled__2024-08-29T00:00:00+00:00 [running]> on host kaiwang.
[2024-09-16 13:56:30,695] {taskinstance.py:1569} INFO - Exporting the following env vars:
AIRFLOW_CTX_DAG_OWNER=airflow
AIRFLOW_CTX_DAG_ID=BRONZER_GET_STONCKS
AIRFLOW_CTX_TASK_ID=BRONZE_STONCKS_AAPL
AIRFLOW_CTX_EXECUTION_DATE=2024-08-29T00:00:00+00:00
AIRFLOW_CTX_TRY_NUMBER=1
AIRFLOW_CTX_DAG_RUN_ID=scheduled__2024-08-29T00:00:00+00:00
[2024-09-16 13:56:31,220] {python.py:173} INFO - Done. Returned value was: None
[2024-09-16 13:56:31,252] {taskinstance.py:1395} INFO - Marking task as SUCCESS. dag_id=BRONZER_GET_STONCKS, task_id=BRONZE_STONCKS_AAPL, execution_date=20240829T000000, start_date=20240916T165629, end_date=20240916T165631
[2024-09-16 13:56:31,305] {local_task_job.py:156} INFO - Task exited with return code 0
[2024-09-16 13:56:31,374] {local_task_job.py:273} INFO - 0 downstream tasks scheduled from follow-on schedule check
