[2024-09-16 00:05:20,189] {taskinstance.py:1159} INFO - Dependencies all met for <TaskInstance: BRONZER_GET_STONCKS.BRONZE_STONCKS_GOOG scheduled__2024-04-26T00:00:00+00:00 [queued]>
[2024-09-16 00:05:20,220] {taskinstance.py:1159} INFO - Dependencies all met for <TaskInstance: BRONZER_GET_STONCKS.BRONZE_STONCKS_GOOG scheduled__2024-04-26T00:00:00+00:00 [queued]>
[2024-09-16 00:05:20,220] {taskinstance.py:1356} INFO - 
--------------------------------------------------------------------------------
[2024-09-16 00:05:20,220] {taskinstance.py:1357} INFO - Starting attempt 1 of 1
[2024-09-16 00:05:20,220] {taskinstance.py:1358} INFO - 
--------------------------------------------------------------------------------
[2024-09-16 00:05:20,257] {taskinstance.py:1377} INFO - Executing <Task(_PythonDecoratedOperator): BRONZE_STONCKS_GOOG> on 2024-04-26 00:00:00+00:00
[2024-09-16 00:05:20,262] {standard_task_runner.py:52} INFO - Started process 28785 to run task
[2024-09-16 00:05:20,293] {standard_task_runner.py:79} INFO - Running: ['airflow', 'tasks', 'run', 'BRONZER_GET_STONCKS', 'BRONZE_STONCKS_GOOG', 'scheduled__2024-04-26T00:00:00+00:00', '--job-id', '630', '--raw', '--subdir', 'DAGS_FOLDER/get_stocks.py', '--cfg-path', '/tmp/tmpub1sqkrm', '--error-file', '/tmp/tmp4rvuwtb2']
[2024-09-16 00:05:20,295] {standard_task_runner.py:80} INFO - Job 630: Subtask BRONZE_STONCKS_GOOG
[2024-09-16 00:05:20,476] {task_command.py:370} INFO - Running <TaskInstance: BRONZER_GET_STONCKS.BRONZE_STONCKS_GOOG scheduled__2024-04-26T00:00:00+00:00 [running]> on host kaiwang.
[2024-09-16 00:05:20,689] {taskinstance.py:1569} INFO - Exporting the following env vars:
AIRFLOW_CTX_DAG_OWNER=airflow
AIRFLOW_CTX_DAG_ID=BRONZER_GET_STONCKS
AIRFLOW_CTX_TASK_ID=BRONZE_STONCKS_GOOG
AIRFLOW_CTX_EXECUTION_DATE=2024-04-26T00:00:00+00:00
AIRFLOW_CTX_TRY_NUMBER=1
AIRFLOW_CTX_DAG_RUN_ID=scheduled__2024-04-26T00:00:00+00:00
[2024-09-16 00:05:21,386] {python.py:173} INFO - Done. Returned value was: None
[2024-09-16 00:05:21,417] {taskinstance.py:1395} INFO - Marking task as SUCCESS. dag_id=BRONZER_GET_STONCKS, task_id=BRONZE_STONCKS_GOOG, execution_date=20240426T000000, start_date=20240916T030520, end_date=20240916T030521
[2024-09-16 00:05:21,466] {local_task_job.py:156} INFO - Task exited with return code 0
[2024-09-16 00:05:21,546] {local_task_job.py:273} INFO - 0 downstream tasks scheduled from follow-on schedule check
[2024-09-16 00:16:25,675] {taskinstance.py:1159} INFO - Dependencies all met for <TaskInstance: BRONZER_GET_STONCKS.BRONZE_STONCKS_GOOG scheduled__2024-04-26T00:00:00+00:00 [queued]>
[2024-09-16 00:16:25,731] {taskinstance.py:1159} INFO - Dependencies all met for <TaskInstance: BRONZER_GET_STONCKS.BRONZE_STONCKS_GOOG scheduled__2024-04-26T00:00:00+00:00 [queued]>
[2024-09-16 00:16:25,731] {taskinstance.py:1356} INFO - 
--------------------------------------------------------------------------------
[2024-09-16 00:16:25,731] {taskinstance.py:1357} INFO - Starting attempt 1 of 1
[2024-09-16 00:16:25,731] {taskinstance.py:1358} INFO - 
--------------------------------------------------------------------------------
[2024-09-16 00:16:25,804] {taskinstance.py:1377} INFO - Executing <Task(_PythonDecoratedOperator): BRONZE_STONCKS_GOOG> on 2024-04-26 00:00:00+00:00
[2024-09-16 00:16:25,822] {standard_task_runner.py:52} INFO - Started process 59502 to run task
[2024-09-16 00:16:25,848] {standard_task_runner.py:79} INFO - Running: ['airflow', 'tasks', 'run', 'BRONZER_GET_STONCKS', 'BRONZE_STONCKS_GOOG', 'scheduled__2024-04-26T00:00:00+00:00', '--job-id', '2394', '--raw', '--subdir', 'DAGS_FOLDER/get_stocks.py', '--cfg-path', '/tmp/tmpierte0mu', '--error-file', '/tmp/tmp1war05_b']
[2024-09-16 00:16:25,849] {standard_task_runner.py:80} INFO - Job 2394: Subtask BRONZE_STONCKS_GOOG
[2024-09-16 00:16:26,243] {task_command.py:370} INFO - Running <TaskInstance: BRONZER_GET_STONCKS.BRONZE_STONCKS_GOOG scheduled__2024-04-26T00:00:00+00:00 [running]> on host kaiwang.
[2024-09-16 00:16:26,684] {taskinstance.py:1569} INFO - Exporting the following env vars:
AIRFLOW_CTX_DAG_OWNER=airflow
AIRFLOW_CTX_DAG_ID=BRONZER_GET_STONCKS
AIRFLOW_CTX_TASK_ID=BRONZE_STONCKS_GOOG
AIRFLOW_CTX_EXECUTION_DATE=2024-04-26T00:00:00+00:00
AIRFLOW_CTX_TRY_NUMBER=1
AIRFLOW_CTX_DAG_RUN_ID=scheduled__2024-04-26T00:00:00+00:00
[2024-09-16 00:16:27,696] {python.py:173} INFO - Done. Returned value was: None
[2024-09-16 00:16:27,751] {taskinstance.py:1395} INFO - Marking task as SUCCESS. dag_id=BRONZER_GET_STONCKS, task_id=BRONZE_STONCKS_GOOG, execution_date=20240426T000000, start_date=20240916T031625, end_date=20240916T031627
[2024-09-16 00:16:27,875] {local_task_job.py:156} INFO - Task exited with return code 0
[2024-09-16 00:16:28,109] {local_task_job.py:273} INFO - 0 downstream tasks scheduled from follow-on schedule check
