[2024-09-16 00:07:23,671] {taskinstance.py:1159} INFO - Dependencies all met for <TaskInstance: BRONZER_GET_STONCKS.BRONZE_STONCKS_MSFT scheduled__2024-08-21T00:00:00+00:00 [queued]>
[2024-09-16 00:07:23,778] {taskinstance.py:1159} INFO - Dependencies all met for <TaskInstance: BRONZER_GET_STONCKS.BRONZE_STONCKS_MSFT scheduled__2024-08-21T00:00:00+00:00 [queued]>
[2024-09-16 00:07:23,779] {taskinstance.py:1356} INFO - 
--------------------------------------------------------------------------------
[2024-09-16 00:07:23,779] {taskinstance.py:1357} INFO - Starting attempt 1 of 1
[2024-09-16 00:07:23,779] {taskinstance.py:1358} INFO - 
--------------------------------------------------------------------------------
[2024-09-16 00:07:23,826] {taskinstance.py:1377} INFO - Executing <Task(_PythonDecoratedOperator): BRONZE_STONCKS_MSFT> on 2024-08-21 00:00:00+00:00
[2024-09-16 00:07:23,831] {standard_task_runner.py:52} INFO - Started process 38970 to run task
[2024-09-16 00:07:23,870] {standard_task_runner.py:79} INFO - Running: ['airflow', 'tasks', 'run', 'BRONZER_GET_STONCKS', 'BRONZE_STONCKS_MSFT', 'scheduled__2024-08-21T00:00:00+00:00', '--job-id', '1221', '--raw', '--subdir', 'DAGS_FOLDER/get_stocks.py', '--cfg-path', '/tmp/tmpvw2sv9g8', '--error-file', '/tmp/tmp2lmgga9g']
[2024-09-16 00:07:23,871] {standard_task_runner.py:80} INFO - Job 1221: Subtask BRONZE_STONCKS_MSFT
[2024-09-16 00:07:24,097] {task_command.py:370} INFO - Running <TaskInstance: BRONZER_GET_STONCKS.BRONZE_STONCKS_MSFT scheduled__2024-08-21T00:00:00+00:00 [running]> on host kaiwang.
[2024-09-16 00:07:24,284] {taskinstance.py:1569} INFO - Exporting the following env vars:
AIRFLOW_CTX_DAG_OWNER=airflow
AIRFLOW_CTX_DAG_ID=BRONZER_GET_STONCKS
AIRFLOW_CTX_TASK_ID=BRONZE_STONCKS_MSFT
AIRFLOW_CTX_EXECUTION_DATE=2024-08-21T00:00:00+00:00
AIRFLOW_CTX_TRY_NUMBER=1
AIRFLOW_CTX_DAG_RUN_ID=scheduled__2024-08-21T00:00:00+00:00
[2024-09-16 00:07:24,864] {python.py:173} INFO - Done. Returned value was: None
[2024-09-16 00:07:24,912] {taskinstance.py:1395} INFO - Marking task as SUCCESS. dag_id=BRONZER_GET_STONCKS, task_id=BRONZE_STONCKS_MSFT, execution_date=20240821T000000, start_date=20240916T030723, end_date=20240916T030724
[2024-09-16 00:07:24,957] {local_task_job.py:156} INFO - Task exited with return code 0
[2024-09-16 00:07:25,042] {local_task_job.py:273} INFO - 0 downstream tasks scheduled from follow-on schedule check
[2024-09-16 13:56:16,998] {taskinstance.py:1159} INFO - Dependencies all met for <TaskInstance: BRONZER_GET_STONCKS.BRONZE_STONCKS_MSFT scheduled__2024-08-21T00:00:00+00:00 [queued]>
[2024-09-16 13:56:17,037] {taskinstance.py:1159} INFO - Dependencies all met for <TaskInstance: BRONZER_GET_STONCKS.BRONZE_STONCKS_MSFT scheduled__2024-08-21T00:00:00+00:00 [queued]>
[2024-09-16 13:56:17,037] {taskinstance.py:1356} INFO - 
--------------------------------------------------------------------------------
[2024-09-16 13:56:17,038] {taskinstance.py:1357} INFO - Starting attempt 1 of 1
[2024-09-16 13:56:17,038] {taskinstance.py:1358} INFO - 
--------------------------------------------------------------------------------
[2024-09-16 13:56:17,069] {taskinstance.py:1377} INFO - Executing <Task(_PythonDecoratedOperator): BRONZE_STONCKS_MSFT> on 2024-08-21 00:00:00+00:00
[2024-09-16 13:56:17,076] {standard_task_runner.py:52} INFO - Started process 138310 to run task
[2024-09-16 13:56:17,094] {standard_task_runner.py:79} INFO - Running: ['airflow', 'tasks', 'run', 'BRONZER_GET_STONCKS', 'BRONZE_STONCKS_MSFT', 'scheduled__2024-08-21T00:00:00+00:00', '--job-id', '2547', '--raw', '--subdir', 'DAGS_FOLDER/get_stocks.py', '--cfg-path', '/tmp/tmpzrgg7d6c', '--error-file', '/tmp/tmpqwzm9k_c']
[2024-09-16 13:56:17,096] {standard_task_runner.py:80} INFO - Job 2547: Subtask BRONZE_STONCKS_MSFT
[2024-09-16 13:56:17,246] {task_command.py:370} INFO - Running <TaskInstance: BRONZER_GET_STONCKS.BRONZE_STONCKS_MSFT scheduled__2024-08-21T00:00:00+00:00 [running]> on host kaiwang.
[2024-09-16 13:56:17,731] {taskinstance.py:1569} INFO - Exporting the following env vars:
AIRFLOW_CTX_DAG_OWNER=airflow
AIRFLOW_CTX_DAG_ID=BRONZER_GET_STONCKS
AIRFLOW_CTX_TASK_ID=BRONZE_STONCKS_MSFT
AIRFLOW_CTX_EXECUTION_DATE=2024-08-21T00:00:00+00:00
AIRFLOW_CTX_TRY_NUMBER=1
AIRFLOW_CTX_DAG_RUN_ID=scheduled__2024-08-21T00:00:00+00:00
[2024-09-16 13:56:18,619] {python.py:173} INFO - Done. Returned value was: None
[2024-09-16 13:56:18,678] {taskinstance.py:1395} INFO - Marking task as SUCCESS. dag_id=BRONZER_GET_STONCKS, task_id=BRONZE_STONCKS_MSFT, execution_date=20240821T000000, start_date=20240916T165617, end_date=20240916T165618
[2024-09-16 13:56:18,850] {local_task_job.py:156} INFO - Task exited with return code 0
[2024-09-16 13:56:18,987] {local_task_job.py:273} INFO - 0 downstream tasks scheduled from follow-on schedule check
