[2024-09-16 00:03:57,855] {taskinstance.py:1159} INFO - Dependencies all met for <TaskInstance: BRONZER_GET_CRIPTOS.BRONZE_CRIPTO_BTC scheduled__2024-02-09T00:00:00+00:00 [queued]>
[2024-09-16 00:03:57,903] {taskinstance.py:1159} INFO - Dependencies all met for <TaskInstance: BRONZER_GET_CRIPTOS.BRONZE_CRIPTO_BTC scheduled__2024-02-09T00:00:00+00:00 [queued]>
[2024-09-16 00:03:57,903] {taskinstance.py:1356} INFO - 
--------------------------------------------------------------------------------
[2024-09-16 00:03:57,903] {taskinstance.py:1357} INFO - Starting attempt 1 of 1
[2024-09-16 00:03:57,903] {taskinstance.py:1358} INFO - 
--------------------------------------------------------------------------------
[2024-09-16 00:03:57,920] {taskinstance.py:1377} INFO - Executing <Task(_PythonDecoratedOperator): BRONZE_CRIPTO_BTC> on 2024-02-09 00:00:00+00:00
[2024-09-16 00:03:57,926] {standard_task_runner.py:52} INFO - Started process 22260 to run task
[2024-09-16 00:03:57,951] {standard_task_runner.py:79} INFO - Running: ['airflow', 'tasks', 'run', 'BRONZER_GET_CRIPTOS', 'BRONZE_CRIPTO_BTC', 'scheduled__2024-02-09T00:00:00+00:00', '--job-id', '245', '--raw', '--subdir', 'DAGS_FOLDER/get_cripto.py', '--cfg-path', '/tmp/tmpkw4pr5v_', '--error-file', '/tmp/tmp1k4zrk30']
[2024-09-16 00:03:57,952] {standard_task_runner.py:80} INFO - Job 245: Subtask BRONZE_CRIPTO_BTC
[2024-09-16 00:03:58,140] {task_command.py:370} INFO - Running <TaskInstance: BRONZER_GET_CRIPTOS.BRONZE_CRIPTO_BTC scheduled__2024-02-09T00:00:00+00:00 [running]> on host kaiwang.
[2024-09-16 00:03:58,482] {taskinstance.py:1569} INFO - Exporting the following env vars:
AIRFLOW_CTX_DAG_OWNER=airflow
AIRFLOW_CTX_DAG_ID=BRONZER_GET_CRIPTOS
AIRFLOW_CTX_TASK_ID=BRONZE_CRIPTO_BTC
AIRFLOW_CTX_EXECUTION_DATE=2024-02-09T00:00:00+00:00
AIRFLOW_CTX_TRY_NUMBER=1
AIRFLOW_CTX_DAG_RUN_ID=scheduled__2024-02-09T00:00:00+00:00
[2024-09-16 00:04:01,314] {history.py:244} ERROR - $BTC: possibly delisted; no price data found  (1h 2024-02-06 -> 2024-02-09) (Yahoo error = "Data doesn't exist for startDate = 1707195600, endDate = 1707454800")
[2024-09-16 00:04:01,318] {python.py:173} INFO - Done. Returned value was: None
[2024-09-16 00:04:01,410] {taskinstance.py:1395} INFO - Marking task as SUCCESS. dag_id=BRONZER_GET_CRIPTOS, task_id=BRONZE_CRIPTO_BTC, execution_date=20240209T000000, start_date=20240916T030357, end_date=20240916T030401
[2024-09-16 00:04:01,480] {local_task_job.py:156} INFO - Task exited with return code 0
[2024-09-16 00:04:01,744] {local_task_job.py:273} INFO - 0 downstream tasks scheduled from follow-on schedule check
[2024-09-16 00:13:33,827] {taskinstance.py:1159} INFO - Dependencies all met for <TaskInstance: BRONZER_GET_CRIPTOS.BRONZE_CRIPTO_BTC scheduled__2024-02-09T00:00:00+00:00 [queued]>
[2024-09-16 00:13:33,885] {taskinstance.py:1159} INFO - Dependencies all met for <TaskInstance: BRONZER_GET_CRIPTOS.BRONZE_CRIPTO_BTC scheduled__2024-02-09T00:00:00+00:00 [queued]>
[2024-09-16 00:13:33,885] {taskinstance.py:1356} INFO - 
--------------------------------------------------------------------------------
[2024-09-16 00:13:33,885] {taskinstance.py:1357} INFO - Starting attempt 1 of 1
[2024-09-16 00:13:33,885] {taskinstance.py:1358} INFO - 
--------------------------------------------------------------------------------
[2024-09-16 00:13:33,918] {taskinstance.py:1377} INFO - Executing <Task(_PythonDecoratedOperator): BRONZE_CRIPTO_BTC> on 2024-02-09 00:00:00+00:00
[2024-09-16 00:13:33,924] {standard_task_runner.py:52} INFO - Started process 47769 to run task
[2024-09-16 00:13:33,938] {standard_task_runner.py:79} INFO - Running: ['airflow', 'tasks', 'run', 'BRONZER_GET_CRIPTOS', 'BRONZE_CRIPTO_BTC', 'scheduled__2024-02-09T00:00:00+00:00', '--job-id', '1717', '--raw', '--subdir', 'DAGS_FOLDER/get_cripto.py', '--cfg-path', '/tmp/tmpbdwu_sx9', '--error-file', '/tmp/tmpwhvgve1m']
[2024-09-16 00:13:33,939] {standard_task_runner.py:80} INFO - Job 1717: Subtask BRONZE_CRIPTO_BTC
[2024-09-16 00:13:34,285] {task_command.py:370} INFO - Running <TaskInstance: BRONZER_GET_CRIPTOS.BRONZE_CRIPTO_BTC scheduled__2024-02-09T00:00:00+00:00 [running]> on host kaiwang.
[2024-09-16 00:13:34,572] {taskinstance.py:1569} INFO - Exporting the following env vars:
AIRFLOW_CTX_DAG_OWNER=airflow
AIRFLOW_CTX_DAG_ID=BRONZER_GET_CRIPTOS
AIRFLOW_CTX_TASK_ID=BRONZE_CRIPTO_BTC
AIRFLOW_CTX_EXECUTION_DATE=2024-02-09T00:00:00+00:00
AIRFLOW_CTX_TRY_NUMBER=1
AIRFLOW_CTX_DAG_RUN_ID=scheduled__2024-02-09T00:00:00+00:00
[2024-09-16 00:13:37,278] {history.py:244} ERROR - $BTC: possibly delisted; no price data found  (1h 2024-02-06 -> 2024-02-09) (Yahoo error = "Data doesn't exist for startDate = 1707195600, endDate = 1707454800")
[2024-09-16 00:13:37,286] {python.py:173} INFO - Done. Returned value was: None
[2024-09-16 00:13:37,367] {taskinstance.py:1395} INFO - Marking task as SUCCESS. dag_id=BRONZER_GET_CRIPTOS, task_id=BRONZE_CRIPTO_BTC, execution_date=20240209T000000, start_date=20240916T031333, end_date=20240916T031337
[2024-09-16 00:13:37,445] {local_task_job.py:156} INFO - Task exited with return code 0
[2024-09-16 00:13:37,597] {local_task_job.py:273} INFO - 0 downstream tasks scheduled from follow-on schedule check
[2024-09-16 00:15:10,175] {taskinstance.py:1159} INFO - Dependencies all met for <TaskInstance: BRONZER_GET_CRIPTOS.BRONZE_CRIPTO_BTC scheduled__2024-02-09T00:00:00+00:00 [queued]>
[2024-09-16 00:15:10,231] {taskinstance.py:1159} INFO - Dependencies all met for <TaskInstance: BRONZER_GET_CRIPTOS.BRONZE_CRIPTO_BTC scheduled__2024-02-09T00:00:00+00:00 [queued]>
[2024-09-16 00:15:10,231] {taskinstance.py:1356} INFO - 
--------------------------------------------------------------------------------
[2024-09-16 00:15:10,232] {taskinstance.py:1357} INFO - Starting attempt 1 of 1
[2024-09-16 00:15:10,232] {taskinstance.py:1358} INFO - 
--------------------------------------------------------------------------------
[2024-09-16 00:15:10,295] {taskinstance.py:1377} INFO - Executing <Task(_PythonDecoratedOperator): BRONZE_CRIPTO_BTC> on 2024-02-09 00:00:00+00:00
[2024-09-16 00:15:10,312] {standard_task_runner.py:52} INFO - Started process 53356 to run task
[2024-09-16 00:15:10,347] {standard_task_runner.py:79} INFO - Running: ['airflow', 'tasks', 'run', 'BRONZER_GET_CRIPTOS', 'BRONZE_CRIPTO_BTC', 'scheduled__2024-02-09T00:00:00+00:00', '--job-id', '2034', '--raw', '--subdir', 'DAGS_FOLDER/get_cripto.py', '--cfg-path', '/tmp/tmpmo9siab8', '--error-file', '/tmp/tmpezpuxs50']
[2024-09-16 00:15:10,348] {standard_task_runner.py:80} INFO - Job 2034: Subtask BRONZE_CRIPTO_BTC
[2024-09-16 00:15:10,670] {task_command.py:370} INFO - Running <TaskInstance: BRONZER_GET_CRIPTOS.BRONZE_CRIPTO_BTC scheduled__2024-02-09T00:00:00+00:00 [running]> on host kaiwang.
[2024-09-16 00:15:11,039] {taskinstance.py:1569} INFO - Exporting the following env vars:
AIRFLOW_CTX_DAG_OWNER=airflow
AIRFLOW_CTX_DAG_ID=BRONZER_GET_CRIPTOS
AIRFLOW_CTX_TASK_ID=BRONZE_CRIPTO_BTC
AIRFLOW_CTX_EXECUTION_DATE=2024-02-09T00:00:00+00:00
AIRFLOW_CTX_TRY_NUMBER=1
AIRFLOW_CTX_DAG_RUN_ID=scheduled__2024-02-09T00:00:00+00:00
[2024-09-16 00:15:14,031] {history.py:244} ERROR - $BTC: possibly delisted; no price data found  (1h 2024-02-06 -> 2024-02-09) (Yahoo error = "Data doesn't exist for startDate = 1707195600, endDate = 1707454800")
[2024-09-16 00:15:14,037] {python.py:173} INFO - Done. Returned value was: None
[2024-09-16 00:15:14,068] {taskinstance.py:1395} INFO - Marking task as SUCCESS. dag_id=BRONZER_GET_CRIPTOS, task_id=BRONZE_CRIPTO_BTC, execution_date=20240209T000000, start_date=20240916T031510, end_date=20240916T031514
[2024-09-16 00:15:14,140] {local_task_job.py:156} INFO - Task exited with return code 0
[2024-09-16 00:15:14,295] {local_task_job.py:273} INFO - 0 downstream tasks scheduled from follow-on schedule check
