[2024-09-16 00:03:27,884] {taskinstance.py:1159} INFO - Dependencies all met for <TaskInstance: BRONZER_GET_STONCKS.BRONZE_STONCKS_AAPL scheduled__2024-01-23T00:00:00+00:00 [queued]>
[2024-09-16 00:03:27,907] {taskinstance.py:1159} INFO - Dependencies all met for <TaskInstance: BRONZER_GET_STONCKS.BRONZE_STONCKS_AAPL scheduled__2024-01-23T00:00:00+00:00 [queued]>
[2024-09-16 00:03:27,907] {taskinstance.py:1356} INFO - 
--------------------------------------------------------------------------------
[2024-09-16 00:03:27,907] {taskinstance.py:1357} INFO - Starting attempt 1 of 1
[2024-09-16 00:03:27,907] {taskinstance.py:1358} INFO - 
--------------------------------------------------------------------------------
[2024-09-16 00:03:27,953] {taskinstance.py:1377} INFO - Executing <Task(_PythonDecoratedOperator): BRONZE_STONCKS_AAPL> on 2024-01-23 00:00:00+00:00
[2024-09-16 00:03:27,964] {standard_task_runner.py:52} INFO - Started process 20065 to run task
[2024-09-16 00:03:27,985] {standard_task_runner.py:79} INFO - Running: ['airflow', 'tasks', 'run', 'BRONZER_GET_STONCKS', 'BRONZE_STONCKS_AAPL', 'scheduled__2024-01-23T00:00:00+00:00', '--job-id', '123', '--raw', '--subdir', 'DAGS_FOLDER/get_stocks.py', '--cfg-path', '/tmp/tmpb9fa5ybm', '--error-file', '/tmp/tmpg4wlg3tm']
[2024-09-16 00:03:28,019] {standard_task_runner.py:80} INFO - Job 123: Subtask BRONZE_STONCKS_AAPL
[2024-09-16 00:03:28,252] {task_command.py:370} INFO - Running <TaskInstance: BRONZER_GET_STONCKS.BRONZE_STONCKS_AAPL scheduled__2024-01-23T00:00:00+00:00 [running]> on host kaiwang.
[2024-09-16 00:03:28,533] {taskinstance.py:1569} INFO - Exporting the following env vars:
AIRFLOW_CTX_DAG_OWNER=airflow
AIRFLOW_CTX_DAG_ID=BRONZER_GET_STONCKS
AIRFLOW_CTX_TASK_ID=BRONZE_STONCKS_AAPL
AIRFLOW_CTX_EXECUTION_DATE=2024-01-23T00:00:00+00:00
AIRFLOW_CTX_TRY_NUMBER=1
AIRFLOW_CTX_DAG_RUN_ID=scheduled__2024-01-23T00:00:00+00:00
[2024-09-16 00:03:29,200] {python.py:173} INFO - Done. Returned value was: None
[2024-09-16 00:03:29,381] {taskinstance.py:1395} INFO - Marking task as SUCCESS. dag_id=BRONZER_GET_STONCKS, task_id=BRONZE_STONCKS_AAPL, execution_date=20240123T000000, start_date=20240916T030327, end_date=20240916T030329
[2024-09-16 00:03:29,465] {local_task_job.py:156} INFO - Task exited with return code 0
[2024-09-16 00:03:29,592] {local_task_job.py:273} INFO - 0 downstream tasks scheduled from follow-on schedule check
[2024-09-16 00:13:09,904] {taskinstance.py:1159} INFO - Dependencies all met for <TaskInstance: BRONZER_GET_STONCKS.BRONZE_STONCKS_AAPL scheduled__2024-01-23T00:00:00+00:00 [queued]>
[2024-09-16 00:13:09,965] {taskinstance.py:1159} INFO - Dependencies all met for <TaskInstance: BRONZER_GET_STONCKS.BRONZE_STONCKS_AAPL scheduled__2024-01-23T00:00:00+00:00 [queued]>
[2024-09-16 00:13:09,965] {taskinstance.py:1356} INFO - 
--------------------------------------------------------------------------------
[2024-09-16 00:13:09,965] {taskinstance.py:1357} INFO - Starting attempt 1 of 1
[2024-09-16 00:13:09,965] {taskinstance.py:1358} INFO - 
--------------------------------------------------------------------------------
[2024-09-16 00:13:10,041] {taskinstance.py:1377} INFO - Executing <Task(_PythonDecoratedOperator): BRONZE_STONCKS_AAPL> on 2024-01-23 00:00:00+00:00
[2024-09-16 00:13:10,077] {standard_task_runner.py:79} INFO - Running: ['airflow', 'tasks', 'run', 'BRONZER_GET_STONCKS', 'BRONZE_STONCKS_AAPL', 'scheduled__2024-01-23T00:00:00+00:00', '--job-id', '1599', '--raw', '--subdir', 'DAGS_FOLDER/get_stocks.py', '--cfg-path', '/tmp/tmpvylh3c2u', '--error-file', '/tmp/tmpetyrzv55']
[2024-09-16 00:13:10,079] {standard_task_runner.py:80} INFO - Job 1599: Subtask BRONZE_STONCKS_AAPL
[2024-09-16 00:13:10,050] {standard_task_runner.py:52} INFO - Started process 45764 to run task
[2024-09-16 00:13:10,421] {task_command.py:370} INFO - Running <TaskInstance: BRONZER_GET_STONCKS.BRONZE_STONCKS_AAPL scheduled__2024-01-23T00:00:00+00:00 [running]> on host kaiwang.
[2024-09-16 00:13:10,752] {taskinstance.py:1569} INFO - Exporting the following env vars:
AIRFLOW_CTX_DAG_OWNER=airflow
AIRFLOW_CTX_DAG_ID=BRONZER_GET_STONCKS
AIRFLOW_CTX_TASK_ID=BRONZE_STONCKS_AAPL
AIRFLOW_CTX_EXECUTION_DATE=2024-01-23T00:00:00+00:00
AIRFLOW_CTX_TRY_NUMBER=1
AIRFLOW_CTX_DAG_RUN_ID=scheduled__2024-01-23T00:00:00+00:00
[2024-09-16 00:13:11,431] {python.py:173} INFO - Done. Returned value was: None
[2024-09-16 00:13:11,518] {taskinstance.py:1395} INFO - Marking task as SUCCESS. dag_id=BRONZER_GET_STONCKS, task_id=BRONZE_STONCKS_AAPL, execution_date=20240123T000000, start_date=20240916T031309, end_date=20240916T031311
[2024-09-16 00:13:11,572] {local_task_job.py:156} INFO - Task exited with return code 0
[2024-09-16 00:13:11,910] {local_task_job.py:273} INFO - 0 downstream tasks scheduled from follow-on schedule check
[2024-09-16 00:14:43,926] {taskinstance.py:1159} INFO - Dependencies all met for <TaskInstance: BRONZER_GET_STONCKS.BRONZE_STONCKS_AAPL scheduled__2024-01-23T00:00:00+00:00 [queued]>
[2024-09-16 00:14:44,003] {taskinstance.py:1159} INFO - Dependencies all met for <TaskInstance: BRONZER_GET_STONCKS.BRONZE_STONCKS_AAPL scheduled__2024-01-23T00:00:00+00:00 [queued]>
[2024-09-16 00:14:44,003] {taskinstance.py:1356} INFO - 
--------------------------------------------------------------------------------
[2024-09-16 00:14:44,003] {taskinstance.py:1357} INFO - Starting attempt 1 of 1
[2024-09-16 00:14:44,003] {taskinstance.py:1358} INFO - 
--------------------------------------------------------------------------------
[2024-09-16 00:14:44,044] {taskinstance.py:1377} INFO - Executing <Task(_PythonDecoratedOperator): BRONZE_STONCKS_AAPL> on 2024-01-23 00:00:00+00:00
[2024-09-16 00:14:44,049] {standard_task_runner.py:52} INFO - Started process 51165 to run task
[2024-09-16 00:14:44,097] {standard_task_runner.py:79} INFO - Running: ['airflow', 'tasks', 'run', 'BRONZER_GET_STONCKS', 'BRONZE_STONCKS_AAPL', 'scheduled__2024-01-23T00:00:00+00:00', '--job-id', '1909', '--raw', '--subdir', 'DAGS_FOLDER/get_stocks.py', '--cfg-path', '/tmp/tmpig1xau1p', '--error-file', '/tmp/tmp98esb57q']
[2024-09-16 00:14:44,113] {standard_task_runner.py:80} INFO - Job 1909: Subtask BRONZE_STONCKS_AAPL
[2024-09-16 00:14:44,421] {task_command.py:370} INFO - Running <TaskInstance: BRONZER_GET_STONCKS.BRONZE_STONCKS_AAPL scheduled__2024-01-23T00:00:00+00:00 [running]> on host kaiwang.
[2024-09-16 00:14:44,700] {taskinstance.py:1569} INFO - Exporting the following env vars:
AIRFLOW_CTX_DAG_OWNER=airflow
AIRFLOW_CTX_DAG_ID=BRONZER_GET_STONCKS
AIRFLOW_CTX_TASK_ID=BRONZE_STONCKS_AAPL
AIRFLOW_CTX_EXECUTION_DATE=2024-01-23T00:00:00+00:00
AIRFLOW_CTX_TRY_NUMBER=1
AIRFLOW_CTX_DAG_RUN_ID=scheduled__2024-01-23T00:00:00+00:00
[2024-09-16 00:14:45,279] {python.py:173} INFO - Done. Returned value was: None
[2024-09-16 00:14:45,387] {taskinstance.py:1395} INFO - Marking task as SUCCESS. dag_id=BRONZER_GET_STONCKS, task_id=BRONZE_STONCKS_AAPL, execution_date=20240123T000000, start_date=20240916T031443, end_date=20240916T031445
[2024-09-16 00:14:45,435] {local_task_job.py:156} INFO - Task exited with return code 0
[2024-09-16 00:14:45,561] {local_task_job.py:273} INFO - 0 downstream tasks scheduled from follow-on schedule check
