[2024-09-16 00:07:42,877] {taskinstance.py:1159} INFO - Dependencies all met for <TaskInstance: BRONZER_GET_STONCKS.BRONZE_STONCKS_AAPL scheduled__2024-09-05T00:00:00+00:00 [queued]>
[2024-09-16 00:07:42,909] {taskinstance.py:1159} INFO - Dependencies all met for <TaskInstance: BRONZER_GET_STONCKS.BRONZE_STONCKS_AAPL scheduled__2024-09-05T00:00:00+00:00 [queued]>
[2024-09-16 00:07:42,910] {taskinstance.py:1356} INFO - 
--------------------------------------------------------------------------------
[2024-09-16 00:07:42,910] {taskinstance.py:1357} INFO - Starting attempt 1 of 1
[2024-09-16 00:07:42,910] {taskinstance.py:1358} INFO - 
--------------------------------------------------------------------------------
[2024-09-16 00:07:42,994] {taskinstance.py:1377} INFO - Executing <Task(_PythonDecoratedOperator): BRONZE_STONCKS_AAPL> on 2024-09-05 00:00:00+00:00
[2024-09-16 00:07:43,001] {standard_task_runner.py:52} INFO - Started process 40493 to run task
[2024-09-16 00:07:43,024] {standard_task_runner.py:79} INFO - Running: ['airflow', 'tasks', 'run', 'BRONZER_GET_STONCKS', 'BRONZE_STONCKS_AAPL', 'scheduled__2024-09-05T00:00:00+00:00', '--job-id', '1306', '--raw', '--subdir', 'DAGS_FOLDER/get_stocks.py', '--cfg-path', '/tmp/tmpucd6d3gz', '--error-file', '/tmp/tmp35vpn290']
[2024-09-16 00:07:43,026] {standard_task_runner.py:80} INFO - Job 1306: Subtask BRONZE_STONCKS_AAPL
[2024-09-16 00:07:43,271] {task_command.py:370} INFO - Running <TaskInstance: BRONZER_GET_STONCKS.BRONZE_STONCKS_AAPL scheduled__2024-09-05T00:00:00+00:00 [running]> on host kaiwang.
[2024-09-16 00:07:43,524] {taskinstance.py:1569} INFO - Exporting the following env vars:
AIRFLOW_CTX_DAG_OWNER=airflow
AIRFLOW_CTX_DAG_ID=BRONZER_GET_STONCKS
AIRFLOW_CTX_TASK_ID=BRONZE_STONCKS_AAPL
AIRFLOW_CTX_EXECUTION_DATE=2024-09-05T00:00:00+00:00
AIRFLOW_CTX_TRY_NUMBER=1
AIRFLOW_CTX_DAG_RUN_ID=scheduled__2024-09-05T00:00:00+00:00
[2024-09-16 00:07:44,166] {python.py:173} INFO - Done. Returned value was: None
[2024-09-16 00:07:44,339] {taskinstance.py:1395} INFO - Marking task as SUCCESS. dag_id=BRONZER_GET_STONCKS, task_id=BRONZE_STONCKS_AAPL, execution_date=20240905T000000, start_date=20240916T030742, end_date=20240916T030744
[2024-09-16 00:07:44,411] {local_task_job.py:156} INFO - Task exited with return code 0
[2024-09-16 00:07:44,712] {local_task_job.py:273} INFO - 0 downstream tasks scheduled from follow-on schedule check
[2024-09-16 13:56:38,366] {taskinstance.py:1159} INFO - Dependencies all met for <TaskInstance: BRONZER_GET_STONCKS.BRONZE_STONCKS_AAPL scheduled__2024-09-05T00:00:00+00:00 [queued]>
[2024-09-16 13:56:38,398] {taskinstance.py:1159} INFO - Dependencies all met for <TaskInstance: BRONZER_GET_STONCKS.BRONZE_STONCKS_AAPL scheduled__2024-09-05T00:00:00+00:00 [queued]>
[2024-09-16 13:56:38,398] {taskinstance.py:1356} INFO - 
--------------------------------------------------------------------------------
[2024-09-16 13:56:38,398] {taskinstance.py:1357} INFO - Starting attempt 1 of 1
[2024-09-16 13:56:38,398] {taskinstance.py:1358} INFO - 
--------------------------------------------------------------------------------
[2024-09-16 13:56:38,433] {taskinstance.py:1377} INFO - Executing <Task(_PythonDecoratedOperator): BRONZE_STONCKS_AAPL> on 2024-09-05 00:00:00+00:00
[2024-09-16 13:56:38,439] {standard_task_runner.py:52} INFO - Started process 139959 to run task
[2024-09-16 13:56:38,451] {standard_task_runner.py:79} INFO - Running: ['airflow', 'tasks', 'run', 'BRONZER_GET_STONCKS', 'BRONZE_STONCKS_AAPL', 'scheduled__2024-09-05T00:00:00+00:00', '--job-id', '2622', '--raw', '--subdir', 'DAGS_FOLDER/get_stocks.py', '--cfg-path', '/tmp/tmpynbeyfo7', '--error-file', '/tmp/tmpsnsi7v35']
[2024-09-16 13:56:38,452] {standard_task_runner.py:80} INFO - Job 2622: Subtask BRONZE_STONCKS_AAPL
[2024-09-16 13:56:38,634] {task_command.py:370} INFO - Running <TaskInstance: BRONZER_GET_STONCKS.BRONZE_STONCKS_AAPL scheduled__2024-09-05T00:00:00+00:00 [running]> on host kaiwang.
[2024-09-16 13:56:39,136] {taskinstance.py:1569} INFO - Exporting the following env vars:
AIRFLOW_CTX_DAG_OWNER=airflow
AIRFLOW_CTX_DAG_ID=BRONZER_GET_STONCKS
AIRFLOW_CTX_TASK_ID=BRONZE_STONCKS_AAPL
AIRFLOW_CTX_EXECUTION_DATE=2024-09-05T00:00:00+00:00
AIRFLOW_CTX_TRY_NUMBER=1
AIRFLOW_CTX_DAG_RUN_ID=scheduled__2024-09-05T00:00:00+00:00
[2024-09-16 13:56:40,389] {python.py:173} INFO - Done. Returned value was: None
[2024-09-16 13:56:40,467] {taskinstance.py:1395} INFO - Marking task as SUCCESS. dag_id=BRONZER_GET_STONCKS, task_id=BRONZE_STONCKS_AAPL, execution_date=20240905T000000, start_date=20240916T165638, end_date=20240916T165640
[2024-09-16 13:56:40,522] {local_task_job.py:156} INFO - Task exited with return code 0
[2024-09-16 13:56:40,609] {local_task_job.py:273} INFO - 0 downstream tasks scheduled from follow-on schedule check
