[2024-09-16 00:06:07,745] {taskinstance.py:1159} INFO - Dependencies all met for <TaskInstance: BRONZER_GET_CRIPTOS.BRONZE_CRIPTO_DOGE scheduled__2024-05-16T00:00:00+00:00 [queued]>
[2024-09-16 00:06:07,790] {taskinstance.py:1159} INFO - Dependencies all met for <TaskInstance: BRONZER_GET_CRIPTOS.BRONZE_CRIPTO_DOGE scheduled__2024-05-16T00:00:00+00:00 [queued]>
[2024-09-16 00:06:07,790] {taskinstance.py:1356} INFO - 
--------------------------------------------------------------------------------
[2024-09-16 00:06:07,790] {taskinstance.py:1357} INFO - Starting attempt 1 of 1
[2024-09-16 00:06:07,790] {taskinstance.py:1358} INFO - 
--------------------------------------------------------------------------------
[2024-09-16 00:06:07,854] {taskinstance.py:1377} INFO - Executing <Task(_PythonDecoratedOperator): BRONZE_CRIPTO_DOGE> on 2024-05-16 00:00:00+00:00
[2024-09-16 00:06:07,866] {standard_task_runner.py:52} INFO - Started process 32681 to run task
[2024-09-16 00:06:07,898] {standard_task_runner.py:79} INFO - Running: ['airflow', 'tasks', 'run', 'BRONZER_GET_CRIPTOS', 'BRONZE_CRIPTO_DOGE', 'scheduled__2024-05-16T00:00:00+00:00', '--job-id', '854', '--raw', '--subdir', 'DAGS_FOLDER/get_cripto.py', '--cfg-path', '/tmp/tmp721j87b2', '--error-file', '/tmp/tmp2rd1hion']
[2024-09-16 00:06:07,899] {standard_task_runner.py:80} INFO - Job 854: Subtask BRONZE_CRIPTO_DOGE
[2024-09-16 00:06:08,204] {task_command.py:370} INFO - Running <TaskInstance: BRONZER_GET_CRIPTOS.BRONZE_CRIPTO_DOGE scheduled__2024-05-16T00:00:00+00:00 [running]> on host kaiwang.
[2024-09-16 00:06:08,500] {taskinstance.py:1569} INFO - Exporting the following env vars:
AIRFLOW_CTX_DAG_OWNER=airflow
AIRFLOW_CTX_DAG_ID=BRONZER_GET_CRIPTOS
AIRFLOW_CTX_TASK_ID=BRONZE_CRIPTO_DOGE
AIRFLOW_CTX_EXECUTION_DATE=2024-05-16T00:00:00+00:00
AIRFLOW_CTX_TRY_NUMBER=1
AIRFLOW_CTX_DAG_RUN_ID=scheduled__2024-05-16T00:00:00+00:00
[2024-09-16 00:06:11,821] {history.py:122} ERROR - $DOGE: possibly delisted; no timezone found
[2024-09-16 00:06:11,854] {python.py:173} INFO - Done. Returned value was: None
[2024-09-16 00:06:11,891] {taskinstance.py:1395} INFO - Marking task as SUCCESS. dag_id=BRONZER_GET_CRIPTOS, task_id=BRONZE_CRIPTO_DOGE, execution_date=20240516T000000, start_date=20240916T030607, end_date=20240916T030611
[2024-09-16 00:06:11,943] {local_task_job.py:156} INFO - Task exited with return code 0
[2024-09-16 00:06:12,171] {local_task_job.py:273} INFO - 0 downstream tasks scheduled from follow-on schedule check
