[2024-09-16 00:04:20,554] {taskinstance.py:1159} INFO - Dependencies all met for <TaskInstance: BRONZER_GET_STONCKS.BRONZE_STONCKS_GOOG scheduled__2024-03-06T00:00:00+00:00 [queued]>
[2024-09-16 00:04:20,568] {taskinstance.py:1159} INFO - Dependencies all met for <TaskInstance: BRONZER_GET_STONCKS.BRONZE_STONCKS_GOOG scheduled__2024-03-06T00:00:00+00:00 [queued]>
[2024-09-16 00:04:20,568] {taskinstance.py:1356} INFO - 
--------------------------------------------------------------------------------
[2024-09-16 00:04:20,568] {taskinstance.py:1357} INFO - Starting attempt 1 of 1
[2024-09-16 00:04:20,568] {taskinstance.py:1358} INFO - 
--------------------------------------------------------------------------------
[2024-09-16 00:04:20,580] {taskinstance.py:1377} INFO - Executing <Task(_PythonDecoratedOperator): BRONZE_STONCKS_GOOG> on 2024-03-06 00:00:00+00:00
[2024-09-16 00:04:20,585] {standard_task_runner.py:52} INFO - Started process 24149 to run task
[2024-09-16 00:04:20,589] {standard_task_runner.py:79} INFO - Running: ['airflow', 'tasks', 'run', 'BRONZER_GET_STONCKS', 'BRONZE_STONCKS_GOOG', 'scheduled__2024-03-06T00:00:00+00:00', '--job-id', '358', '--raw', '--subdir', 'DAGS_FOLDER/get_stocks.py', '--cfg-path', '/tmp/tmp16ysf3cs', '--error-file', '/tmp/tmpezl632qr']
[2024-09-16 00:04:20,593] {standard_task_runner.py:80} INFO - Job 358: Subtask BRONZE_STONCKS_GOOG
[2024-09-16 00:04:20,685] {task_command.py:370} INFO - Running <TaskInstance: BRONZER_GET_STONCKS.BRONZE_STONCKS_GOOG scheduled__2024-03-06T00:00:00+00:00 [running]> on host kaiwang.
[2024-09-16 00:04:20,767] {taskinstance.py:1569} INFO - Exporting the following env vars:
AIRFLOW_CTX_DAG_OWNER=airflow
AIRFLOW_CTX_DAG_ID=BRONZER_GET_STONCKS
AIRFLOW_CTX_TASK_ID=BRONZE_STONCKS_GOOG
AIRFLOW_CTX_EXECUTION_DATE=2024-03-06T00:00:00+00:00
AIRFLOW_CTX_TRY_NUMBER=1
AIRFLOW_CTX_DAG_RUN_ID=scheduled__2024-03-06T00:00:00+00:00
[2024-09-16 00:04:21,786] {python.py:173} INFO - Done. Returned value was: None
[2024-09-16 00:04:21,941] {taskinstance.py:1395} INFO - Marking task as SUCCESS. dag_id=BRONZER_GET_STONCKS, task_id=BRONZE_STONCKS_GOOG, execution_date=20240306T000000, start_date=20240916T030420, end_date=20240916T030421
[2024-09-16 00:04:22,006] {local_task_job.py:156} INFO - Task exited with return code 0
[2024-09-16 00:04:22,187] {local_task_job.py:273} INFO - 0 downstream tasks scheduled from follow-on schedule check
[2024-09-16 00:15:30,287] {taskinstance.py:1159} INFO - Dependencies all met for <TaskInstance: BRONZER_GET_STONCKS.BRONZE_STONCKS_GOOG scheduled__2024-03-06T00:00:00+00:00 [queued]>
[2024-09-16 00:15:30,342] {taskinstance.py:1159} INFO - Dependencies all met for <TaskInstance: BRONZER_GET_STONCKS.BRONZE_STONCKS_GOOG scheduled__2024-03-06T00:00:00+00:00 [queued]>
[2024-09-16 00:15:30,343] {taskinstance.py:1356} INFO - 
--------------------------------------------------------------------------------
[2024-09-16 00:15:30,343] {taskinstance.py:1357} INFO - Starting attempt 1 of 1
[2024-09-16 00:15:30,343] {taskinstance.py:1358} INFO - 
--------------------------------------------------------------------------------
[2024-09-16 00:15:30,405] {taskinstance.py:1377} INFO - Executing <Task(_PythonDecoratedOperator): BRONZE_STONCKS_GOOG> on 2024-03-06 00:00:00+00:00
[2024-09-16 00:15:30,410] {standard_task_runner.py:52} INFO - Started process 54974 to run task
[2024-09-16 00:15:30,431] {standard_task_runner.py:79} INFO - Running: ['airflow', 'tasks', 'run', 'BRONZER_GET_STONCKS', 'BRONZE_STONCKS_GOOG', 'scheduled__2024-03-06T00:00:00+00:00', '--job-id', '2138', '--raw', '--subdir', 'DAGS_FOLDER/get_stocks.py', '--cfg-path', '/tmp/tmpyxa3ti24', '--error-file', '/tmp/tmpg5r0zsuq']
[2024-09-16 00:15:30,432] {standard_task_runner.py:80} INFO - Job 2138: Subtask BRONZE_STONCKS_GOOG
[2024-09-16 00:15:30,747] {task_command.py:370} INFO - Running <TaskInstance: BRONZER_GET_STONCKS.BRONZE_STONCKS_GOOG scheduled__2024-03-06T00:00:00+00:00 [running]> on host kaiwang.
[2024-09-16 00:15:30,997] {taskinstance.py:1569} INFO - Exporting the following env vars:
AIRFLOW_CTX_DAG_OWNER=airflow
AIRFLOW_CTX_DAG_ID=BRONZER_GET_STONCKS
AIRFLOW_CTX_TASK_ID=BRONZE_STONCKS_GOOG
AIRFLOW_CTX_EXECUTION_DATE=2024-03-06T00:00:00+00:00
AIRFLOW_CTX_TRY_NUMBER=1
AIRFLOW_CTX_DAG_RUN_ID=scheduled__2024-03-06T00:00:00+00:00
[2024-09-16 00:15:31,574] {python.py:173} INFO - Done. Returned value was: None
[2024-09-16 00:15:31,599] {taskinstance.py:1395} INFO - Marking task as SUCCESS. dag_id=BRONZER_GET_STONCKS, task_id=BRONZE_STONCKS_GOOG, execution_date=20240306T000000, start_date=20240916T031530, end_date=20240916T031531
[2024-09-16 00:15:31,655] {local_task_job.py:156} INFO - Task exited with return code 0
[2024-09-16 00:15:31,700] {local_task_job.py:273} INFO - 0 downstream tasks scheduled from follow-on schedule check
