[2024-09-16 00:06:06,680] {taskinstance.py:1159} INFO - Dependencies all met for <TaskInstance: BRONZER_GET_STONCKS.BRONZE_STONCKS_GOOG scheduled__2024-06-07T00:00:00+00:00 [queued]>
[2024-09-16 00:06:06,742] {taskinstance.py:1159} INFO - Dependencies all met for <TaskInstance: BRONZER_GET_STONCKS.BRONZE_STONCKS_GOOG scheduled__2024-06-07T00:00:00+00:00 [queued]>
[2024-09-16 00:06:06,742] {taskinstance.py:1356} INFO - 
--------------------------------------------------------------------------------
[2024-09-16 00:06:06,742] {taskinstance.py:1357} INFO - Starting attempt 1 of 1
[2024-09-16 00:06:06,742] {taskinstance.py:1358} INFO - 
--------------------------------------------------------------------------------
[2024-09-16 00:06:06,813] {taskinstance.py:1377} INFO - Executing <Task(_PythonDecoratedOperator): BRONZE_STONCKS_GOOG> on 2024-06-07 00:00:00+00:00
[2024-09-16 00:06:06,819] {standard_task_runner.py:52} INFO - Started process 32575 to run task
[2024-09-16 00:06:06,857] {standard_task_runner.py:79} INFO - Running: ['airflow', 'tasks', 'run', 'BRONZER_GET_STONCKS', 'BRONZE_STONCKS_GOOG', 'scheduled__2024-06-07T00:00:00+00:00', '--job-id', '842', '--raw', '--subdir', 'DAGS_FOLDER/get_stocks.py', '--cfg-path', '/tmp/tmpnuu4s6dq', '--error-file', '/tmp/tmp7tb9_yht']
[2024-09-16 00:06:06,858] {standard_task_runner.py:80} INFO - Job 842: Subtask BRONZE_STONCKS_GOOG
[2024-09-16 00:06:07,169] {task_command.py:370} INFO - Running <TaskInstance: BRONZER_GET_STONCKS.BRONZE_STONCKS_GOOG scheduled__2024-06-07T00:00:00+00:00 [running]> on host kaiwang.
[2024-09-16 00:06:07,515] {taskinstance.py:1569} INFO - Exporting the following env vars:
AIRFLOW_CTX_DAG_OWNER=airflow
AIRFLOW_CTX_DAG_ID=BRONZER_GET_STONCKS
AIRFLOW_CTX_TASK_ID=BRONZE_STONCKS_GOOG
AIRFLOW_CTX_EXECUTION_DATE=2024-06-07T00:00:00+00:00
AIRFLOW_CTX_TRY_NUMBER=1
AIRFLOW_CTX_DAG_RUN_ID=scheduled__2024-06-07T00:00:00+00:00
[2024-09-16 00:06:08,160] {python.py:173} INFO - Done. Returned value was: None
[2024-09-16 00:06:08,246] {taskinstance.py:1395} INFO - Marking task as SUCCESS. dag_id=BRONZER_GET_STONCKS, task_id=BRONZE_STONCKS_GOOG, execution_date=20240607T000000, start_date=20240916T030606, end_date=20240916T030608
[2024-09-16 00:06:08,339] {local_task_job.py:156} INFO - Task exited with return code 0
[2024-09-16 00:06:08,463] {local_task_job.py:273} INFO - 0 downstream tasks scheduled from follow-on schedule check
