[2024-09-16 00:05:09,573] {taskinstance.py:1159} INFO - Dependencies all met for <TaskInstance: BRONZER_GET_CRIPTOS.BRONZE_CRIPTO_DOGE scheduled__2024-04-03T00:00:00+00:00 [queued]>
[2024-09-16 00:05:09,643] {taskinstance.py:1159} INFO - Dependencies all met for <TaskInstance: BRONZER_GET_CRIPTOS.BRONZE_CRIPTO_DOGE scheduled__2024-04-03T00:00:00+00:00 [queued]>
[2024-09-16 00:05:09,644] {taskinstance.py:1356} INFO - 
--------------------------------------------------------------------------------
[2024-09-16 00:05:09,644] {taskinstance.py:1357} INFO - Starting attempt 1 of 1
[2024-09-16 00:05:09,644] {taskinstance.py:1358} INFO - 
--------------------------------------------------------------------------------
[2024-09-16 00:05:09,702] {taskinstance.py:1377} INFO - Executing <Task(_PythonDecoratedOperator): BRONZE_CRIPTO_DOGE> on 2024-04-03 00:00:00+00:00
[2024-09-16 00:05:09,708] {standard_task_runner.py:52} INFO - Started process 27900 to run task
[2024-09-16 00:05:09,721] {standard_task_runner.py:79} INFO - Running: ['airflow', 'tasks', 'run', 'BRONZER_GET_CRIPTOS', 'BRONZE_CRIPTO_DOGE', 'scheduled__2024-04-03T00:00:00+00:00', '--job-id', '572', '--raw', '--subdir', 'DAGS_FOLDER/get_cripto.py', '--cfg-path', '/tmp/tmpfb7d5c60', '--error-file', '/tmp/tmp54sexryx']
[2024-09-16 00:05:09,762] {standard_task_runner.py:80} INFO - Job 572: Subtask BRONZE_CRIPTO_DOGE
[2024-09-16 00:05:10,067] {task_command.py:370} INFO - Running <TaskInstance: BRONZER_GET_CRIPTOS.BRONZE_CRIPTO_DOGE scheduled__2024-04-03T00:00:00+00:00 [running]> on host kaiwang.
[2024-09-16 00:05:10,475] {taskinstance.py:1569} INFO - Exporting the following env vars:
AIRFLOW_CTX_DAG_OWNER=airflow
AIRFLOW_CTX_DAG_ID=BRONZER_GET_CRIPTOS
AIRFLOW_CTX_TASK_ID=BRONZE_CRIPTO_DOGE
AIRFLOW_CTX_EXECUTION_DATE=2024-04-03T00:00:00+00:00
AIRFLOW_CTX_TRY_NUMBER=1
AIRFLOW_CTX_DAG_RUN_ID=scheduled__2024-04-03T00:00:00+00:00
[2024-09-16 00:05:13,863] {history.py:122} ERROR - $DOGE: possibly delisted; no timezone found
[2024-09-16 00:05:13,869] {python.py:173} INFO - Done. Returned value was: None
[2024-09-16 00:05:13,911] {taskinstance.py:1395} INFO - Marking task as SUCCESS. dag_id=BRONZER_GET_CRIPTOS, task_id=BRONZE_CRIPTO_DOGE, execution_date=20240403T000000, start_date=20240916T030509, end_date=20240916T030513
[2024-09-16 00:05:13,982] {local_task_job.py:156} INFO - Task exited with return code 0
[2024-09-16 00:05:14,159] {local_task_job.py:273} INFO - 0 downstream tasks scheduled from follow-on schedule check
[2024-09-16 00:16:23,218] {taskinstance.py:1159} INFO - Dependencies all met for <TaskInstance: BRONZER_GET_CRIPTOS.BRONZE_CRIPTO_DOGE scheduled__2024-04-03T00:00:00+00:00 [queued]>
[2024-09-16 00:16:23,247] {taskinstance.py:1159} INFO - Dependencies all met for <TaskInstance: BRONZER_GET_CRIPTOS.BRONZE_CRIPTO_DOGE scheduled__2024-04-03T00:00:00+00:00 [queued]>
[2024-09-16 00:16:23,248] {taskinstance.py:1356} INFO - 
--------------------------------------------------------------------------------
[2024-09-16 00:16:23,248] {taskinstance.py:1357} INFO - Starting attempt 1 of 1
[2024-09-16 00:16:23,248] {taskinstance.py:1358} INFO - 
--------------------------------------------------------------------------------
[2024-09-16 00:16:23,296] {taskinstance.py:1377} INFO - Executing <Task(_PythonDecoratedOperator): BRONZE_CRIPTO_DOGE> on 2024-04-03 00:00:00+00:00
[2024-09-16 00:16:23,308] {standard_task_runner.py:52} INFO - Started process 59367 to run task
[2024-09-16 00:16:23,356] {standard_task_runner.py:79} INFO - Running: ['airflow', 'tasks', 'run', 'BRONZER_GET_CRIPTOS', 'BRONZE_CRIPTO_DOGE', 'scheduled__2024-04-03T00:00:00+00:00', '--job-id', '2382', '--raw', '--subdir', 'DAGS_FOLDER/get_cripto.py', '--cfg-path', '/tmp/tmpc183age6', '--error-file', '/tmp/tmpeqcvlhix']
[2024-09-16 00:16:23,357] {standard_task_runner.py:80} INFO - Job 2382: Subtask BRONZE_CRIPTO_DOGE
[2024-09-16 00:16:23,652] {task_command.py:370} INFO - Running <TaskInstance: BRONZER_GET_CRIPTOS.BRONZE_CRIPTO_DOGE scheduled__2024-04-03T00:00:00+00:00 [running]> on host kaiwang.
[2024-09-16 00:16:24,162] {taskinstance.py:1569} INFO - Exporting the following env vars:
AIRFLOW_CTX_DAG_OWNER=airflow
AIRFLOW_CTX_DAG_ID=BRONZER_GET_CRIPTOS
AIRFLOW_CTX_TASK_ID=BRONZE_CRIPTO_DOGE
AIRFLOW_CTX_EXECUTION_DATE=2024-04-03T00:00:00+00:00
AIRFLOW_CTX_TRY_NUMBER=1
AIRFLOW_CTX_DAG_RUN_ID=scheduled__2024-04-03T00:00:00+00:00
[2024-09-16 00:16:27,245] {history.py:122} ERROR - $DOGE: possibly delisted; no timezone found
[2024-09-16 00:16:27,250] {python.py:173} INFO - Done. Returned value was: None
[2024-09-16 00:16:27,662] {taskinstance.py:1395} INFO - Marking task as SUCCESS. dag_id=BRONZER_GET_CRIPTOS, task_id=BRONZE_CRIPTO_DOGE, execution_date=20240403T000000, start_date=20240916T031623, end_date=20240916T031627
[2024-09-16 00:16:27,770] {local_task_job.py:156} INFO - Task exited with return code 0
[2024-09-16 00:16:27,944] {local_task_job.py:273} INFO - 0 downstream tasks scheduled from follow-on schedule check
