[2024-09-16 00:05:03,845] {taskinstance.py:1159} INFO - Dependencies all met for <TaskInstance: BRONZER_GET_STONCKS.BRONZE_STONCKS_GOOG scheduled__2024-04-10T00:00:00+00:00 [queued]>
[2024-09-16 00:05:03,893] {taskinstance.py:1159} INFO - Dependencies all met for <TaskInstance: BRONZER_GET_STONCKS.BRONZE_STONCKS_GOOG scheduled__2024-04-10T00:00:00+00:00 [queued]>
[2024-09-16 00:05:03,894] {taskinstance.py:1356} INFO - 
--------------------------------------------------------------------------------
[2024-09-16 00:05:03,894] {taskinstance.py:1357} INFO - Starting attempt 1 of 1
[2024-09-16 00:05:03,894] {taskinstance.py:1358} INFO - 
--------------------------------------------------------------------------------
[2024-09-16 00:05:03,962] {taskinstance.py:1377} INFO - Executing <Task(_PythonDecoratedOperator): BRONZE_STONCKS_GOOG> on 2024-04-10 00:00:00+00:00
[2024-09-16 00:05:03,968] {standard_task_runner.py:52} INFO - Started process 27396 to run task
[2024-09-16 00:05:04,006] {standard_task_runner.py:79} INFO - Running: ['airflow', 'tasks', 'run', 'BRONZER_GET_STONCKS', 'BRONZE_STONCKS_GOOG', 'scheduled__2024-04-10T00:00:00+00:00', '--job-id', '542', '--raw', '--subdir', 'DAGS_FOLDER/get_stocks.py', '--cfg-path', '/tmp/tmpnzyypfq8', '--error-file', '/tmp/tmphwlp761d']
[2024-09-16 00:05:04,007] {standard_task_runner.py:80} INFO - Job 542: Subtask BRONZE_STONCKS_GOOG
[2024-09-16 00:05:04,581] {task_command.py:370} INFO - Running <TaskInstance: BRONZER_GET_STONCKS.BRONZE_STONCKS_GOOG scheduled__2024-04-10T00:00:00+00:00 [running]> on host kaiwang.
[2024-09-16 00:05:05,190] {taskinstance.py:1569} INFO - Exporting the following env vars:
AIRFLOW_CTX_DAG_OWNER=airflow
AIRFLOW_CTX_DAG_ID=BRONZER_GET_STONCKS
AIRFLOW_CTX_TASK_ID=BRONZE_STONCKS_GOOG
AIRFLOW_CTX_EXECUTION_DATE=2024-04-10T00:00:00+00:00
AIRFLOW_CTX_TRY_NUMBER=1
AIRFLOW_CTX_DAG_RUN_ID=scheduled__2024-04-10T00:00:00+00:00
[2024-09-16 00:05:05,948] {python.py:173} INFO - Done. Returned value was: None
[2024-09-16 00:05:06,032] {taskinstance.py:1395} INFO - Marking task as SUCCESS. dag_id=BRONZER_GET_STONCKS, task_id=BRONZE_STONCKS_GOOG, execution_date=20240410T000000, start_date=20240916T030503, end_date=20240916T030506
[2024-09-16 00:05:06,099] {local_task_job.py:156} INFO - Task exited with return code 0
[2024-09-16 00:05:06,210] {local_task_job.py:273} INFO - 0 downstream tasks scheduled from follow-on schedule check
[2024-09-16 00:16:07,230] {taskinstance.py:1159} INFO - Dependencies all met for <TaskInstance: BRONZER_GET_STONCKS.BRONZE_STONCKS_GOOG scheduled__2024-04-10T00:00:00+00:00 [queued]>
[2024-09-16 00:16:07,266] {taskinstance.py:1159} INFO - Dependencies all met for <TaskInstance: BRONZER_GET_STONCKS.BRONZE_STONCKS_GOOG scheduled__2024-04-10T00:00:00+00:00 [queued]>
[2024-09-16 00:16:07,267] {taskinstance.py:1356} INFO - 
--------------------------------------------------------------------------------
[2024-09-16 00:16:07,267] {taskinstance.py:1357} INFO - Starting attempt 1 of 1
[2024-09-16 00:16:07,267] {taskinstance.py:1358} INFO - 
--------------------------------------------------------------------------------
[2024-09-16 00:16:07,348] {taskinstance.py:1377} INFO - Executing <Task(_PythonDecoratedOperator): BRONZE_STONCKS_GOOG> on 2024-04-10 00:00:00+00:00
[2024-09-16 00:16:07,366] {standard_task_runner.py:52} INFO - Started process 58081 to run task
[2024-09-16 00:16:07,391] {standard_task_runner.py:79} INFO - Running: ['airflow', 'tasks', 'run', 'BRONZER_GET_STONCKS', 'BRONZE_STONCKS_GOOG', 'scheduled__2024-04-10T00:00:00+00:00', '--job-id', '2310', '--raw', '--subdir', 'DAGS_FOLDER/get_stocks.py', '--cfg-path', '/tmp/tmpe7sv_3u5', '--error-file', '/tmp/tmpifmh90fv']
[2024-09-16 00:16:07,415] {standard_task_runner.py:80} INFO - Job 2310: Subtask BRONZE_STONCKS_GOOG
[2024-09-16 00:16:07,753] {task_command.py:370} INFO - Running <TaskInstance: BRONZER_GET_STONCKS.BRONZE_STONCKS_GOOG scheduled__2024-04-10T00:00:00+00:00 [running]> on host kaiwang.
[2024-09-16 00:16:08,023] {taskinstance.py:1569} INFO - Exporting the following env vars:
AIRFLOW_CTX_DAG_OWNER=airflow
AIRFLOW_CTX_DAG_ID=BRONZER_GET_STONCKS
AIRFLOW_CTX_TASK_ID=BRONZE_STONCKS_GOOG
AIRFLOW_CTX_EXECUTION_DATE=2024-04-10T00:00:00+00:00
AIRFLOW_CTX_TRY_NUMBER=1
AIRFLOW_CTX_DAG_RUN_ID=scheduled__2024-04-10T00:00:00+00:00
[2024-09-16 00:16:08,712] {python.py:173} INFO - Done. Returned value was: None
[2024-09-16 00:16:08,735] {taskinstance.py:1395} INFO - Marking task as SUCCESS. dag_id=BRONZER_GET_STONCKS, task_id=BRONZE_STONCKS_GOOG, execution_date=20240410T000000, start_date=20240916T031607, end_date=20240916T031608
[2024-09-16 00:16:08,800] {local_task_job.py:156} INFO - Task exited with return code 0
[2024-09-16 00:16:08,888] {local_task_job.py:273} INFO - 0 downstream tasks scheduled from follow-on schedule check
