[2024-09-16 00:04:56,742] {taskinstance.py:1159} INFO - Dependencies all met for <TaskInstance: BRONZER_GET_STONCKS.BRONZE_STONCKS_TSLA scheduled__2024-04-06T00:00:00+00:00 [queued]>
[2024-09-16 00:04:56,767] {taskinstance.py:1159} INFO - Dependencies all met for <TaskInstance: BRONZER_GET_STONCKS.BRONZE_STONCKS_TSLA scheduled__2024-04-06T00:00:00+00:00 [queued]>
[2024-09-16 00:04:56,767] {taskinstance.py:1356} INFO - 
--------------------------------------------------------------------------------
[2024-09-16 00:04:56,767] {taskinstance.py:1357} INFO - Starting attempt 1 of 1
[2024-09-16 00:04:56,767] {taskinstance.py:1358} INFO - 
--------------------------------------------------------------------------------
[2024-09-16 00:04:56,813] {taskinstance.py:1377} INFO - Executing <Task(_PythonDecoratedOperator): BRONZE_STONCKS_TSLA> on 2024-04-06 00:00:00+00:00
[2024-09-16 00:04:56,840] {standard_task_runner.py:79} INFO - Running: ['airflow', 'tasks', 'run', 'BRONZER_GET_STONCKS', 'BRONZE_STONCKS_TSLA', 'scheduled__2024-04-06T00:00:00+00:00', '--job-id', '524', '--raw', '--subdir', 'DAGS_FOLDER/get_stocks.py', '--cfg-path', '/tmp/tmptzsvy8po', '--error-file', '/tmp/tmpkgovb3wg']
[2024-09-16 00:04:56,841] {standard_task_runner.py:80} INFO - Job 524: Subtask BRONZE_STONCKS_TSLA
[2024-09-16 00:04:56,827] {standard_task_runner.py:52} INFO - Started process 27037 to run task
[2024-09-16 00:04:57,054] {task_command.py:370} INFO - Running <TaskInstance: BRONZER_GET_STONCKS.BRONZE_STONCKS_TSLA scheduled__2024-04-06T00:00:00+00:00 [running]> on host kaiwang.
[2024-09-16 00:04:57,242] {taskinstance.py:1569} INFO - Exporting the following env vars:
AIRFLOW_CTX_DAG_OWNER=airflow
AIRFLOW_CTX_DAG_ID=BRONZER_GET_STONCKS
AIRFLOW_CTX_TASK_ID=BRONZE_STONCKS_TSLA
AIRFLOW_CTX_EXECUTION_DATE=2024-04-06T00:00:00+00:00
AIRFLOW_CTX_TRY_NUMBER=1
AIRFLOW_CTX_DAG_RUN_ID=scheduled__2024-04-06T00:00:00+00:00
[2024-09-16 00:04:57,761] {python.py:173} INFO - Done. Returned value was: None
[2024-09-16 00:04:57,776] {taskinstance.py:1395} INFO - Marking task as SUCCESS. dag_id=BRONZER_GET_STONCKS, task_id=BRONZE_STONCKS_TSLA, execution_date=20240406T000000, start_date=20240916T030456, end_date=20240916T030457
[2024-09-16 00:04:57,811] {local_task_job.py:156} INFO - Task exited with return code 0
[2024-09-16 00:04:57,856] {local_task_job.py:273} INFO - 0 downstream tasks scheduled from follow-on schedule check
[2024-09-16 00:16:03,320] {taskinstance.py:1159} INFO - Dependencies all met for <TaskInstance: BRONZER_GET_STONCKS.BRONZE_STONCKS_TSLA scheduled__2024-04-06T00:00:00+00:00 [queued]>
[2024-09-16 00:16:03,331] {taskinstance.py:1159} INFO - Dependencies all met for <TaskInstance: BRONZER_GET_STONCKS.BRONZE_STONCKS_TSLA scheduled__2024-04-06T00:00:00+00:00 [queued]>
[2024-09-16 00:16:03,331] {taskinstance.py:1356} INFO - 
--------------------------------------------------------------------------------
[2024-09-16 00:16:03,331] {taskinstance.py:1357} INFO - Starting attempt 1 of 1
[2024-09-16 00:16:03,331] {taskinstance.py:1358} INFO - 
--------------------------------------------------------------------------------
[2024-09-16 00:16:03,349] {taskinstance.py:1377} INFO - Executing <Task(_PythonDecoratedOperator): BRONZE_STONCKS_TSLA> on 2024-04-06 00:00:00+00:00
[2024-09-16 00:16:03,356] {standard_task_runner.py:52} INFO - Started process 57747 to run task
[2024-09-16 00:16:03,361] {standard_task_runner.py:79} INFO - Running: ['airflow', 'tasks', 'run', 'BRONZER_GET_STONCKS', 'BRONZE_STONCKS_TSLA', 'scheduled__2024-04-06T00:00:00+00:00', '--job-id', '2295', '--raw', '--subdir', 'DAGS_FOLDER/get_stocks.py', '--cfg-path', '/tmp/tmp8rh1bd7j', '--error-file', '/tmp/tmpww97s3u4']
[2024-09-16 00:16:03,362] {standard_task_runner.py:80} INFO - Job 2295: Subtask BRONZE_STONCKS_TSLA
[2024-09-16 00:16:03,495] {task_command.py:370} INFO - Running <TaskInstance: BRONZER_GET_STONCKS.BRONZE_STONCKS_TSLA scheduled__2024-04-06T00:00:00+00:00 [running]> on host kaiwang.
[2024-09-16 00:16:03,690] {taskinstance.py:1569} INFO - Exporting the following env vars:
AIRFLOW_CTX_DAG_OWNER=airflow
AIRFLOW_CTX_DAG_ID=BRONZER_GET_STONCKS
AIRFLOW_CTX_TASK_ID=BRONZE_STONCKS_TSLA
AIRFLOW_CTX_EXECUTION_DATE=2024-04-06T00:00:00+00:00
AIRFLOW_CTX_TRY_NUMBER=1
AIRFLOW_CTX_DAG_RUN_ID=scheduled__2024-04-06T00:00:00+00:00
[2024-09-16 00:16:04,889] {python.py:173} INFO - Done. Returned value was: None
[2024-09-16 00:16:04,988] {taskinstance.py:1395} INFO - Marking task as SUCCESS. dag_id=BRONZER_GET_STONCKS, task_id=BRONZE_STONCKS_TSLA, execution_date=20240406T000000, start_date=20240916T031603, end_date=20240916T031604
[2024-09-16 00:16:05,067] {local_task_job.py:156} INFO - Task exited with return code 0
[2024-09-16 00:16:05,221] {local_task_job.py:273} INFO - 0 downstream tasks scheduled from follow-on schedule check
