[2024-09-16 00:04:48,912] {taskinstance.py:1159} INFO - Dependencies all met for <TaskInstance: BRONZER_GET_CRIPTOS.BRONZE_CRIPTO_ETH scheduled__2024-03-20T00:00:00+00:00 [queued]>
[2024-09-16 00:04:48,982] {taskinstance.py:1159} INFO - Dependencies all met for <TaskInstance: BRONZER_GET_CRIPTOS.BRONZE_CRIPTO_ETH scheduled__2024-03-20T00:00:00+00:00 [queued]>
[2024-09-16 00:04:48,982] {taskinstance.py:1356} INFO - 
--------------------------------------------------------------------------------
[2024-09-16 00:04:48,982] {taskinstance.py:1357} INFO - Starting attempt 1 of 1
[2024-09-16 00:04:48,982] {taskinstance.py:1358} INFO - 
--------------------------------------------------------------------------------
[2024-09-16 00:04:49,071] {taskinstance.py:1377} INFO - Executing <Task(_PythonDecoratedOperator): BRONZE_CRIPTO_ETH> on 2024-03-20 00:00:00+00:00
[2024-09-16 00:04:49,176] {standard_task_runner.py:52} INFO - Started process 26383 to run task
[2024-09-16 00:04:49,263] {standard_task_runner.py:79} INFO - Running: ['airflow', 'tasks', 'run', 'BRONZER_GET_CRIPTOS', 'BRONZE_CRIPTO_ETH', 'scheduled__2024-03-20T00:00:00+00:00', '--job-id', '485', '--raw', '--subdir', 'DAGS_FOLDER/get_cripto.py', '--cfg-path', '/tmp/tmp8210xgye', '--error-file', '/tmp/tmpjy4bu26q']
[2024-09-16 00:04:49,264] {standard_task_runner.py:80} INFO - Job 485: Subtask BRONZE_CRIPTO_ETH
[2024-09-16 00:04:49,872] {task_command.py:370} INFO - Running <TaskInstance: BRONZER_GET_CRIPTOS.BRONZE_CRIPTO_ETH scheduled__2024-03-20T00:00:00+00:00 [running]> on host kaiwang.
[2024-09-16 00:04:50,311] {taskinstance.py:1569} INFO - Exporting the following env vars:
AIRFLOW_CTX_DAG_OWNER=airflow
AIRFLOW_CTX_DAG_ID=BRONZER_GET_CRIPTOS
AIRFLOW_CTX_TASK_ID=BRONZE_CRIPTO_ETH
AIRFLOW_CTX_EXECUTION_DATE=2024-03-20T00:00:00+00:00
AIRFLOW_CTX_TRY_NUMBER=1
AIRFLOW_CTX_DAG_RUN_ID=scheduled__2024-03-20T00:00:00+00:00
[2024-09-16 00:04:54,586] {history.py:244} ERROR - $ETH: possibly delisted; no price data found  (1h 2024-03-17 -> 2024-03-20) (Yahoo error = "Data doesn't exist for startDate = 1710648000, endDate = 1710907200")
[2024-09-16 00:04:54,590] {python.py:173} INFO - Done. Returned value was: None
[2024-09-16 00:04:54,612] {taskinstance.py:1395} INFO - Marking task as SUCCESS. dag_id=BRONZER_GET_CRIPTOS, task_id=BRONZE_CRIPTO_ETH, execution_date=20240320T000000, start_date=20240916T030448, end_date=20240916T030454
[2024-09-16 00:04:54,646] {local_task_job.py:156} INFO - Task exited with return code 0
[2024-09-16 00:04:54,677] {local_task_job.py:273} INFO - 0 downstream tasks scheduled from follow-on schedule check
[2024-09-16 00:16:01,143] {taskinstance.py:1159} INFO - Dependencies all met for <TaskInstance: BRONZER_GET_CRIPTOS.BRONZE_CRIPTO_ETH scheduled__2024-03-20T00:00:00+00:00 [queued]>
[2024-09-16 00:16:01,173] {taskinstance.py:1159} INFO - Dependencies all met for <TaskInstance: BRONZER_GET_CRIPTOS.BRONZE_CRIPTO_ETH scheduled__2024-03-20T00:00:00+00:00 [queued]>
[2024-09-16 00:16:01,173] {taskinstance.py:1356} INFO - 
--------------------------------------------------------------------------------
[2024-09-16 00:16:01,173] {taskinstance.py:1357} INFO - Starting attempt 1 of 1
[2024-09-16 00:16:01,173] {taskinstance.py:1358} INFO - 
--------------------------------------------------------------------------------
[2024-09-16 00:16:01,258] {taskinstance.py:1377} INFO - Executing <Task(_PythonDecoratedOperator): BRONZE_CRIPTO_ETH> on 2024-03-20 00:00:00+00:00
[2024-09-16 00:16:01,263] {standard_task_runner.py:52} INFO - Started process 57543 to run task
[2024-09-16 00:16:01,290] {standard_task_runner.py:79} INFO - Running: ['airflow', 'tasks', 'run', 'BRONZER_GET_CRIPTOS', 'BRONZE_CRIPTO_ETH', 'scheduled__2024-03-20T00:00:00+00:00', '--job-id', '2279', '--raw', '--subdir', 'DAGS_FOLDER/get_cripto.py', '--cfg-path', '/tmp/tmp3ky_9coa', '--error-file', '/tmp/tmpgdqvek12']
[2024-09-16 00:16:01,291] {standard_task_runner.py:80} INFO - Job 2279: Subtask BRONZE_CRIPTO_ETH
[2024-09-16 00:16:01,488] {task_command.py:370} INFO - Running <TaskInstance: BRONZER_GET_CRIPTOS.BRONZE_CRIPTO_ETH scheduled__2024-03-20T00:00:00+00:00 [running]> on host kaiwang.
[2024-09-16 00:16:01,827] {taskinstance.py:1569} INFO - Exporting the following env vars:
AIRFLOW_CTX_DAG_OWNER=airflow
AIRFLOW_CTX_DAG_ID=BRONZER_GET_CRIPTOS
AIRFLOW_CTX_TASK_ID=BRONZE_CRIPTO_ETH
AIRFLOW_CTX_EXECUTION_DATE=2024-03-20T00:00:00+00:00
AIRFLOW_CTX_TRY_NUMBER=1
AIRFLOW_CTX_DAG_RUN_ID=scheduled__2024-03-20T00:00:00+00:00
[2024-09-16 00:16:05,040] {history.py:244} ERROR - $ETH: possibly delisted; no price data found  (1h 2024-03-17 -> 2024-03-20) (Yahoo error = "Data doesn't exist for startDate = 1710648000, endDate = 1710907200")
[2024-09-16 00:16:05,044] {python.py:173} INFO - Done. Returned value was: None
[2024-09-16 00:16:05,108] {taskinstance.py:1395} INFO - Marking task as SUCCESS. dag_id=BRONZER_GET_CRIPTOS, task_id=BRONZE_CRIPTO_ETH, execution_date=20240320T000000, start_date=20240916T031601, end_date=20240916T031605
[2024-09-16 00:16:05,176] {local_task_job.py:156} INFO - Task exited with return code 0
[2024-09-16 00:16:05,326] {local_task_job.py:273} INFO - 0 downstream tasks scheduled from follow-on schedule check
