[2024-09-16 00:06:39,612] {taskinstance.py:1159} INFO - Dependencies all met for <TaskInstance: BRONZER_GET_STONCKS.BRONZE_STONCKS_TSLA scheduled__2024-07-11T00:00:00+00:00 [queued]>
[2024-09-16 00:06:39,640] {taskinstance.py:1159} INFO - Dependencies all met for <TaskInstance: BRONZER_GET_STONCKS.BRONZE_STONCKS_TSLA scheduled__2024-07-11T00:00:00+00:00 [queued]>
[2024-09-16 00:06:39,640] {taskinstance.py:1356} INFO - 
--------------------------------------------------------------------------------
[2024-09-16 00:06:39,640] {taskinstance.py:1357} INFO - Starting attempt 1 of 1
[2024-09-16 00:06:39,640] {taskinstance.py:1358} INFO - 
--------------------------------------------------------------------------------
[2024-09-16 00:06:39,692] {taskinstance.py:1377} INFO - Executing <Task(_PythonDecoratedOperator): BRONZE_STONCKS_TSLA> on 2024-07-11 00:00:00+00:00
[2024-09-16 00:06:39,729] {standard_task_runner.py:79} INFO - Running: ['airflow', 'tasks', 'run', 'BRONZER_GET_STONCKS', 'BRONZE_STONCKS_TSLA', 'scheduled__2024-07-11T00:00:00+00:00', '--job-id', '1015', '--raw', '--subdir', 'DAGS_FOLDER/get_stocks.py', '--cfg-path', '/tmp/tmp8xow21r9', '--error-file', '/tmp/tmpwppqxfgs']
[2024-09-16 00:06:39,730] {standard_task_runner.py:80} INFO - Job 1015: Subtask BRONZE_STONCKS_TSLA
[2024-09-16 00:06:39,700] {standard_task_runner.py:52} INFO - Started process 35416 to run task
[2024-09-16 00:06:40,053] {task_command.py:370} INFO - Running <TaskInstance: BRONZER_GET_STONCKS.BRONZE_STONCKS_TSLA scheduled__2024-07-11T00:00:00+00:00 [running]> on host kaiwang.
[2024-09-16 00:06:40,216] {taskinstance.py:1569} INFO - Exporting the following env vars:
AIRFLOW_CTX_DAG_OWNER=airflow
AIRFLOW_CTX_DAG_ID=BRONZER_GET_STONCKS
AIRFLOW_CTX_TASK_ID=BRONZE_STONCKS_TSLA
AIRFLOW_CTX_EXECUTION_DATE=2024-07-11T00:00:00+00:00
AIRFLOW_CTX_TRY_NUMBER=1
AIRFLOW_CTX_DAG_RUN_ID=scheduled__2024-07-11T00:00:00+00:00
[2024-09-16 00:06:43,207] {python.py:173} INFO - Done. Returned value was: None
[2024-09-16 00:06:43,240] {taskinstance.py:1395} INFO - Marking task as SUCCESS. dag_id=BRONZER_GET_STONCKS, task_id=BRONZE_STONCKS_TSLA, execution_date=20240711T000000, start_date=20240916T030639, end_date=20240916T030643
[2024-09-16 00:06:43,317] {local_task_job.py:156} INFO - Task exited with return code 0
[2024-09-16 00:06:43,517] {local_task_job.py:273} INFO - 0 downstream tasks scheduled from follow-on schedule check
