[2024-09-16 00:04:36,812] {taskinstance.py:1159} INFO - Dependencies all met for <TaskInstance: BRONZER_GET_CRIPTOS.BRONZE_CRIPTO_BTC scheduled__2024-03-14T00:00:00+00:00 [queued]>
[2024-09-16 00:04:36,873] {taskinstance.py:1159} INFO - Dependencies all met for <TaskInstance: BRONZER_GET_CRIPTOS.BRONZE_CRIPTO_BTC scheduled__2024-03-14T00:00:00+00:00 [queued]>
[2024-09-16 00:04:36,874] {taskinstance.py:1356} INFO - 
--------------------------------------------------------------------------------
[2024-09-16 00:04:36,874] {taskinstance.py:1357} INFO - Starting attempt 1 of 1
[2024-09-16 00:04:36,874] {taskinstance.py:1358} INFO - 
--------------------------------------------------------------------------------
[2024-09-16 00:04:36,948] {taskinstance.py:1377} INFO - Executing <Task(_PythonDecoratedOperator): BRONZE_CRIPTO_BTC> on 2024-03-14 00:00:00+00:00
[2024-09-16 00:04:36,954] {standard_task_runner.py:52} INFO - Started process 25481 to run task
[2024-09-16 00:04:36,984] {standard_task_runner.py:79} INFO - Running: ['airflow', 'tasks', 'run', 'BRONZER_GET_CRIPTOS', 'BRONZE_CRIPTO_BTC', 'scheduled__2024-03-14T00:00:00+00:00', '--job-id', '427', '--raw', '--subdir', 'DAGS_FOLDER/get_cripto.py', '--cfg-path', '/tmp/tmp1fjcq1pd', '--error-file', '/tmp/tmp5h9yy7wy']
[2024-09-16 00:04:36,985] {standard_task_runner.py:80} INFO - Job 427: Subtask BRONZE_CRIPTO_BTC
[2024-09-16 00:04:37,337] {task_command.py:370} INFO - Running <TaskInstance: BRONZER_GET_CRIPTOS.BRONZE_CRIPTO_BTC scheduled__2024-03-14T00:00:00+00:00 [running]> on host kaiwang.
[2024-09-16 00:04:37,718] {taskinstance.py:1569} INFO - Exporting the following env vars:
AIRFLOW_CTX_DAG_OWNER=airflow
AIRFLOW_CTX_DAG_ID=BRONZER_GET_CRIPTOS
AIRFLOW_CTX_TASK_ID=BRONZE_CRIPTO_BTC
AIRFLOW_CTX_EXECUTION_DATE=2024-03-14T00:00:00+00:00
AIRFLOW_CTX_TRY_NUMBER=1
AIRFLOW_CTX_DAG_RUN_ID=scheduled__2024-03-14T00:00:00+00:00
[2024-09-16 00:04:40,470] {history.py:244} ERROR - $BTC: possibly delisted; no price data found  (1h 2024-03-11 -> 2024-03-14) (Yahoo error = "Data doesn't exist for startDate = 1710129600, endDate = 1710388800")
[2024-09-16 00:04:40,475] {python.py:173} INFO - Done. Returned value was: None
[2024-09-16 00:04:40,518] {taskinstance.py:1395} INFO - Marking task as SUCCESS. dag_id=BRONZER_GET_CRIPTOS, task_id=BRONZE_CRIPTO_BTC, execution_date=20240314T000000, start_date=20240916T030436, end_date=20240916T030440
[2024-09-16 00:04:40,570] {local_task_job.py:156} INFO - Task exited with return code 0
[2024-09-16 00:04:40,635] {local_task_job.py:273} INFO - 0 downstream tasks scheduled from follow-on schedule check
[2024-09-16 00:15:54,814] {taskinstance.py:1159} INFO - Dependencies all met for <TaskInstance: BRONZER_GET_CRIPTOS.BRONZE_CRIPTO_BTC scheduled__2024-03-14T00:00:00+00:00 [queued]>
[2024-09-16 00:15:54,844] {taskinstance.py:1159} INFO - Dependencies all met for <TaskInstance: BRONZER_GET_CRIPTOS.BRONZE_CRIPTO_BTC scheduled__2024-03-14T00:00:00+00:00 [queued]>
[2024-09-16 00:15:54,845] {taskinstance.py:1356} INFO - 
--------------------------------------------------------------------------------
[2024-09-16 00:15:54,845] {taskinstance.py:1357} INFO - Starting attempt 1 of 1
[2024-09-16 00:15:54,845] {taskinstance.py:1358} INFO - 
--------------------------------------------------------------------------------
[2024-09-16 00:15:54,916] {taskinstance.py:1377} INFO - Executing <Task(_PythonDecoratedOperator): BRONZE_CRIPTO_BTC> on 2024-03-14 00:00:00+00:00
[2024-09-16 00:15:54,924] {standard_task_runner.py:52} INFO - Started process 57004 to run task
[2024-09-16 00:15:54,943] {standard_task_runner.py:79} INFO - Running: ['airflow', 'tasks', 'run', 'BRONZER_GET_CRIPTOS', 'BRONZE_CRIPTO_BTC', 'scheduled__2024-03-14T00:00:00+00:00', '--job-id', '2248', '--raw', '--subdir', 'DAGS_FOLDER/get_cripto.py', '--cfg-path', '/tmp/tmp3wva8til', '--error-file', '/tmp/tmps08de7q3']
[2024-09-16 00:15:54,944] {standard_task_runner.py:80} INFO - Job 2248: Subtask BRONZE_CRIPTO_BTC
[2024-09-16 00:15:55,325] {task_command.py:370} INFO - Running <TaskInstance: BRONZER_GET_CRIPTOS.BRONZE_CRIPTO_BTC scheduled__2024-03-14T00:00:00+00:00 [running]> on host kaiwang.
[2024-09-16 00:15:55,766] {taskinstance.py:1569} INFO - Exporting the following env vars:
AIRFLOW_CTX_DAG_OWNER=airflow
AIRFLOW_CTX_DAG_ID=BRONZER_GET_CRIPTOS
AIRFLOW_CTX_TASK_ID=BRONZE_CRIPTO_BTC
AIRFLOW_CTX_EXECUTION_DATE=2024-03-14T00:00:00+00:00
AIRFLOW_CTX_TRY_NUMBER=1
AIRFLOW_CTX_DAG_RUN_ID=scheduled__2024-03-14T00:00:00+00:00
[2024-09-16 00:15:59,475] {history.py:244} ERROR - $BTC: possibly delisted; no price data found  (1h 2024-03-11 -> 2024-03-14) (Yahoo error = "Data doesn't exist for startDate = 1710129600, endDate = 1710388800")
[2024-09-16 00:15:59,478] {python.py:173} INFO - Done. Returned value was: None
[2024-09-16 00:15:59,702] {taskinstance.py:1395} INFO - Marking task as SUCCESS. dag_id=BRONZER_GET_CRIPTOS, task_id=BRONZE_CRIPTO_BTC, execution_date=20240314T000000, start_date=20240916T031554, end_date=20240916T031559
[2024-09-16 00:15:59,775] {local_task_job.py:156} INFO - Task exited with return code 0
[2024-09-16 00:16:00,135] {local_task_job.py:273} INFO - 0 downstream tasks scheduled from follow-on schedule check
