[2024-09-16 00:03:02,152] {taskinstance.py:1159} INFO - Dependencies all met for <TaskInstance: BRONZER_GET_STONCKS.BRONZE_STONCKS_MSFT scheduled__2024-01-04T00:00:00+00:00 [queued]>
[2024-09-16 00:03:02,168] {taskinstance.py:1159} INFO - Dependencies all met for <TaskInstance: BRONZER_GET_STONCKS.BRONZE_STONCKS_MSFT scheduled__2024-01-04T00:00:00+00:00 [queued]>
[2024-09-16 00:03:02,168] {taskinstance.py:1356} INFO - 
--------------------------------------------------------------------------------
[2024-09-16 00:03:02,168] {taskinstance.py:1357} INFO - Starting attempt 1 of 1
[2024-09-16 00:03:02,168] {taskinstance.py:1358} INFO - 
--------------------------------------------------------------------------------
[2024-09-16 00:03:02,210] {taskinstance.py:1377} INFO - Executing <Task(_PythonDecoratedOperator): BRONZE_STONCKS_MSFT> on 2024-01-04 00:00:00+00:00
[2024-09-16 00:03:02,225] {standard_task_runner.py:52} INFO - Started process 18470 to run task
[2024-09-16 00:03:02,230] {standard_task_runner.py:79} INFO - Running: ['airflow', 'tasks', 'run', 'BRONZER_GET_STONCKS', 'BRONZE_STONCKS_MSFT', 'scheduled__2024-01-04T00:00:00+00:00', '--job-id', '31', '--raw', '--subdir', 'DAGS_FOLDER/get_stocks.py', '--cfg-path', '/tmp/tmp458a0onk', '--error-file', '/tmp/tmp8u21vic7']
[2024-09-16 00:03:02,233] {standard_task_runner.py:80} INFO - Job 31: Subtask BRONZE_STONCKS_MSFT
[2024-09-16 00:03:02,578] {task_command.py:370} INFO - Running <TaskInstance: BRONZER_GET_STONCKS.BRONZE_STONCKS_MSFT scheduled__2024-01-04T00:00:00+00:00 [running]> on host kaiwang.
[2024-09-16 00:03:02,829] {taskinstance.py:1569} INFO - Exporting the following env vars:
AIRFLOW_CTX_DAG_OWNER=airflow
AIRFLOW_CTX_DAG_ID=BRONZER_GET_STONCKS
AIRFLOW_CTX_TASK_ID=BRONZE_STONCKS_MSFT
AIRFLOW_CTX_EXECUTION_DATE=2024-01-04T00:00:00+00:00
AIRFLOW_CTX_TRY_NUMBER=1
AIRFLOW_CTX_DAG_RUN_ID=scheduled__2024-01-04T00:00:00+00:00
[2024-09-16 00:03:03,392] {python.py:173} INFO - Done. Returned value was: None
[2024-09-16 00:03:03,415] {taskinstance.py:1395} INFO - Marking task as SUCCESS. dag_id=BRONZER_GET_STONCKS, task_id=BRONZE_STONCKS_MSFT, execution_date=20240104T000000, start_date=20240916T030302, end_date=20240916T030303
[2024-09-16 00:03:03,477] {local_task_job.py:156} INFO - Task exited with return code 0
[2024-09-16 00:03:03,686] {local_task_job.py:273} INFO - 0 downstream tasks scheduled from follow-on schedule check
[2024-09-16 00:12:44,896] {taskinstance.py:1159} INFO - Dependencies all met for <TaskInstance: BRONZER_GET_STONCKS.BRONZE_STONCKS_MSFT scheduled__2024-01-04T00:00:00+00:00 [queued]>
[2024-09-16 00:12:44,944] {taskinstance.py:1159} INFO - Dependencies all met for <TaskInstance: BRONZER_GET_STONCKS.BRONZE_STONCKS_MSFT scheduled__2024-01-04T00:00:00+00:00 [queued]>
[2024-09-16 00:12:44,944] {taskinstance.py:1356} INFO - 
--------------------------------------------------------------------------------
[2024-09-16 00:12:44,944] {taskinstance.py:1357} INFO - Starting attempt 1 of 1
[2024-09-16 00:12:44,944] {taskinstance.py:1358} INFO - 
--------------------------------------------------------------------------------
[2024-09-16 00:12:44,985] {taskinstance.py:1377} INFO - Executing <Task(_PythonDecoratedOperator): BRONZE_STONCKS_MSFT> on 2024-01-04 00:00:00+00:00
[2024-09-16 00:12:44,990] {standard_task_runner.py:52} INFO - Started process 43919 to run task
[2024-09-16 00:12:45,011] {standard_task_runner.py:79} INFO - Running: ['airflow', 'tasks', 'run', 'BRONZER_GET_STONCKS', 'BRONZE_STONCKS_MSFT', 'scheduled__2024-01-04T00:00:00+00:00', '--job-id', '1499', '--raw', '--subdir', 'DAGS_FOLDER/get_stocks.py', '--cfg-path', '/tmp/tmpsa4568ky', '--error-file', '/tmp/tmp2x7cm_vf']
[2024-09-16 00:12:45,012] {standard_task_runner.py:80} INFO - Job 1499: Subtask BRONZE_STONCKS_MSFT
[2024-09-16 00:12:45,279] {task_command.py:370} INFO - Running <TaskInstance: BRONZER_GET_STONCKS.BRONZE_STONCKS_MSFT scheduled__2024-01-04T00:00:00+00:00 [running]> on host kaiwang.
[2024-09-16 00:12:45,552] {taskinstance.py:1569} INFO - Exporting the following env vars:
AIRFLOW_CTX_DAG_OWNER=airflow
AIRFLOW_CTX_DAG_ID=BRONZER_GET_STONCKS
AIRFLOW_CTX_TASK_ID=BRONZE_STONCKS_MSFT
AIRFLOW_CTX_EXECUTION_DATE=2024-01-04T00:00:00+00:00
AIRFLOW_CTX_TRY_NUMBER=1
AIRFLOW_CTX_DAG_RUN_ID=scheduled__2024-01-04T00:00:00+00:00
[2024-09-16 00:12:46,112] {python.py:173} INFO - Done. Returned value was: None
[2024-09-16 00:12:46,132] {taskinstance.py:1395} INFO - Marking task as SUCCESS. dag_id=BRONZER_GET_STONCKS, task_id=BRONZE_STONCKS_MSFT, execution_date=20240104T000000, start_date=20240916T031244, end_date=20240916T031246
[2024-09-16 00:12:46,179] {local_task_job.py:156} INFO - Task exited with return code 0
[2024-09-16 00:12:46,222] {local_task_job.py:273} INFO - 0 downstream tasks scheduled from follow-on schedule check
[2024-09-16 00:14:20,728] {taskinstance.py:1159} INFO - Dependencies all met for <TaskInstance: BRONZER_GET_STONCKS.BRONZE_STONCKS_MSFT scheduled__2024-01-04T00:00:00+00:00 [queued]>
[2024-09-16 00:14:20,747] {taskinstance.py:1159} INFO - Dependencies all met for <TaskInstance: BRONZER_GET_STONCKS.BRONZE_STONCKS_MSFT scheduled__2024-01-04T00:00:00+00:00 [queued]>
[2024-09-16 00:14:20,747] {taskinstance.py:1356} INFO - 
--------------------------------------------------------------------------------
[2024-09-16 00:14:20,747] {taskinstance.py:1357} INFO - Starting attempt 1 of 1
[2024-09-16 00:14:20,747] {taskinstance.py:1358} INFO - 
--------------------------------------------------------------------------------
[2024-09-16 00:14:20,831] {taskinstance.py:1377} INFO - Executing <Task(_PythonDecoratedOperator): BRONZE_STONCKS_MSFT> on 2024-01-04 00:00:00+00:00
[2024-09-16 00:14:20,836] {standard_task_runner.py:52} INFO - Started process 49413 to run task
[2024-09-16 00:14:20,844] {standard_task_runner.py:79} INFO - Running: ['airflow', 'tasks', 'run', 'BRONZER_GET_STONCKS', 'BRONZE_STONCKS_MSFT', 'scheduled__2024-01-04T00:00:00+00:00', '--job-id', '1813', '--raw', '--subdir', 'DAGS_FOLDER/get_stocks.py', '--cfg-path', '/tmp/tmpvc4isw94', '--error-file', '/tmp/tmpql12u_vi']
[2024-09-16 00:14:20,845] {standard_task_runner.py:80} INFO - Job 1813: Subtask BRONZE_STONCKS_MSFT
[2024-09-16 00:14:21,110] {task_command.py:370} INFO - Running <TaskInstance: BRONZER_GET_STONCKS.BRONZE_STONCKS_MSFT scheduled__2024-01-04T00:00:00+00:00 [running]> on host kaiwang.
[2024-09-16 00:14:21,322] {taskinstance.py:1569} INFO - Exporting the following env vars:
AIRFLOW_CTX_DAG_OWNER=airflow
AIRFLOW_CTX_DAG_ID=BRONZER_GET_STONCKS
AIRFLOW_CTX_TASK_ID=BRONZE_STONCKS_MSFT
AIRFLOW_CTX_EXECUTION_DATE=2024-01-04T00:00:00+00:00
AIRFLOW_CTX_TRY_NUMBER=1
AIRFLOW_CTX_DAG_RUN_ID=scheduled__2024-01-04T00:00:00+00:00
[2024-09-16 00:14:21,873] {python.py:173} INFO - Done. Returned value was: None
[2024-09-16 00:14:21,918] {taskinstance.py:1395} INFO - Marking task as SUCCESS. dag_id=BRONZER_GET_STONCKS, task_id=BRONZE_STONCKS_MSFT, execution_date=20240104T000000, start_date=20240916T031420, end_date=20240916T031421
[2024-09-16 00:14:21,984] {local_task_job.py:156} INFO - Task exited with return code 0
[2024-09-16 00:14:22,094] {local_task_job.py:273} INFO - 0 downstream tasks scheduled from follow-on schedule check
