[2024-09-16 00:05:24,208] {taskinstance.py:1159} INFO - Dependencies all met for <TaskInstance: BRONZER_GET_CRIPTOS.BRONZE_CRIPTO_DOGE scheduled__2024-04-13T00:00:00+00:00 [queued]>
[2024-09-16 00:05:24,272] {taskinstance.py:1159} INFO - Dependencies all met for <TaskInstance: BRONZER_GET_CRIPTOS.BRONZE_CRIPTO_DOGE scheduled__2024-04-13T00:00:00+00:00 [queued]>
[2024-09-16 00:05:24,272] {taskinstance.py:1356} INFO - 
--------------------------------------------------------------------------------
[2024-09-16 00:05:24,272] {taskinstance.py:1357} INFO - Starting attempt 1 of 1
[2024-09-16 00:05:24,273] {taskinstance.py:1358} INFO - 
--------------------------------------------------------------------------------
[2024-09-16 00:05:24,338] {taskinstance.py:1377} INFO - Executing <Task(_PythonDecoratedOperator): BRONZE_CRIPTO_DOGE> on 2024-04-13 00:00:00+00:00
[2024-09-16 00:05:24,345] {standard_task_runner.py:52} INFO - Started process 29110 to run task
[2024-09-16 00:05:24,378] {standard_task_runner.py:79} INFO - Running: ['airflow', 'tasks', 'run', 'BRONZER_GET_CRIPTOS', 'BRONZE_CRIPTO_DOGE', 'scheduled__2024-04-13T00:00:00+00:00', '--job-id', '642', '--raw', '--subdir', 'DAGS_FOLDER/get_cripto.py', '--cfg-path', '/tmp/tmpuxrxv0l3', '--error-file', '/tmp/tmpdw5hgtp2']
[2024-09-16 00:05:24,379] {standard_task_runner.py:80} INFO - Job 642: Subtask BRONZE_CRIPTO_DOGE
[2024-09-16 00:05:24,784] {task_command.py:370} INFO - Running <TaskInstance: BRONZER_GET_CRIPTOS.BRONZE_CRIPTO_DOGE scheduled__2024-04-13T00:00:00+00:00 [running]> on host kaiwang.
[2024-09-16 00:05:25,154] {taskinstance.py:1569} INFO - Exporting the following env vars:
AIRFLOW_CTX_DAG_OWNER=airflow
AIRFLOW_CTX_DAG_ID=BRONZER_GET_CRIPTOS
AIRFLOW_CTX_TASK_ID=BRONZE_CRIPTO_DOGE
AIRFLOW_CTX_EXECUTION_DATE=2024-04-13T00:00:00+00:00
AIRFLOW_CTX_TRY_NUMBER=1
AIRFLOW_CTX_DAG_RUN_ID=scheduled__2024-04-13T00:00:00+00:00
[2024-09-16 00:05:28,884] {history.py:122} ERROR - $DOGE: possibly delisted; no timezone found
[2024-09-16 00:05:28,887] {python.py:173} INFO - Done. Returned value was: None
[2024-09-16 00:05:28,940] {taskinstance.py:1395} INFO - Marking task as SUCCESS. dag_id=BRONZER_GET_CRIPTOS, task_id=BRONZE_CRIPTO_DOGE, execution_date=20240413T000000, start_date=20240916T030524, end_date=20240916T030528
[2024-09-16 00:05:29,017] {local_task_job.py:156} INFO - Task exited with return code 0
[2024-09-16 00:05:29,212] {local_task_job.py:273} INFO - 0 downstream tasks scheduled from follow-on schedule check
