[2024-09-16 00:05:02,620] {taskinstance.py:1159} INFO - Dependencies all met for <TaskInstance: BRONZER_GET_STONCKS.BRONZE_STONCKS_MSFT scheduled__2024-04-09T00:00:00+00:00 [queued]>
[2024-09-16 00:05:02,682] {taskinstance.py:1159} INFO - Dependencies all met for <TaskInstance: BRONZER_GET_STONCKS.BRONZE_STONCKS_MSFT scheduled__2024-04-09T00:00:00+00:00 [queued]>
[2024-09-16 00:05:02,682] {taskinstance.py:1356} INFO - 
--------------------------------------------------------------------------------
[2024-09-16 00:05:02,683] {taskinstance.py:1357} INFO - Starting attempt 1 of 1
[2024-09-16 00:05:02,683] {taskinstance.py:1358} INFO - 
--------------------------------------------------------------------------------
[2024-09-16 00:05:02,769] {taskinstance.py:1377} INFO - Executing <Task(_PythonDecoratedOperator): BRONZE_STONCKS_MSFT> on 2024-04-09 00:00:00+00:00
[2024-09-16 00:05:02,809] {standard_task_runner.py:79} INFO - Running: ['airflow', 'tasks', 'run', 'BRONZER_GET_STONCKS', 'BRONZE_STONCKS_MSFT', 'scheduled__2024-04-09T00:00:00+00:00', '--job-id', '534', '--raw', '--subdir', 'DAGS_FOLDER/get_stocks.py', '--cfg-path', '/tmp/tmp62g1g2nw', '--error-file', '/tmp/tmpdk_i9ah8']
[2024-09-16 00:05:02,811] {standard_task_runner.py:80} INFO - Job 534: Subtask BRONZE_STONCKS_MSFT
[2024-09-16 00:05:02,778] {standard_task_runner.py:52} INFO - Started process 27295 to run task
[2024-09-16 00:05:03,376] {task_command.py:370} INFO - Running <TaskInstance: BRONZER_GET_STONCKS.BRONZE_STONCKS_MSFT scheduled__2024-04-09T00:00:00+00:00 [running]> on host kaiwang.
[2024-09-16 00:05:03,700] {taskinstance.py:1569} INFO - Exporting the following env vars:
AIRFLOW_CTX_DAG_OWNER=airflow
AIRFLOW_CTX_DAG_ID=BRONZER_GET_STONCKS
AIRFLOW_CTX_TASK_ID=BRONZE_STONCKS_MSFT
AIRFLOW_CTX_EXECUTION_DATE=2024-04-09T00:00:00+00:00
AIRFLOW_CTX_TRY_NUMBER=1
AIRFLOW_CTX_DAG_RUN_ID=scheduled__2024-04-09T00:00:00+00:00
[2024-09-16 00:05:04,705] {python.py:173} INFO - Done. Returned value was: None
[2024-09-16 00:05:04,951] {taskinstance.py:1395} INFO - Marking task as SUCCESS. dag_id=BRONZER_GET_STONCKS, task_id=BRONZE_STONCKS_MSFT, execution_date=20240409T000000, start_date=20240916T030502, end_date=20240916T030504
[2024-09-16 00:05:05,045] {local_task_job.py:156} INFO - Task exited with return code 0
[2024-09-16 00:05:05,296] {local_task_job.py:273} INFO - 0 downstream tasks scheduled from follow-on schedule check
[2024-09-16 00:16:06,713] {taskinstance.py:1159} INFO - Dependencies all met for <TaskInstance: BRONZER_GET_STONCKS.BRONZE_STONCKS_MSFT scheduled__2024-04-09T00:00:00+00:00 [queued]>
[2024-09-16 00:16:06,757] {taskinstance.py:1159} INFO - Dependencies all met for <TaskInstance: BRONZER_GET_STONCKS.BRONZE_STONCKS_MSFT scheduled__2024-04-09T00:00:00+00:00 [queued]>
[2024-09-16 00:16:06,758] {taskinstance.py:1356} INFO - 
--------------------------------------------------------------------------------
[2024-09-16 00:16:06,758] {taskinstance.py:1357} INFO - Starting attempt 1 of 1
[2024-09-16 00:16:06,758] {taskinstance.py:1358} INFO - 
--------------------------------------------------------------------------------
[2024-09-16 00:16:06,828] {taskinstance.py:1377} INFO - Executing <Task(_PythonDecoratedOperator): BRONZE_STONCKS_MSFT> on 2024-04-09 00:00:00+00:00
[2024-09-16 00:16:06,841] {standard_task_runner.py:52} INFO - Started process 58014 to run task
[2024-09-16 00:16:06,880] {standard_task_runner.py:79} INFO - Running: ['airflow', 'tasks', 'run', 'BRONZER_GET_STONCKS', 'BRONZE_STONCKS_MSFT', 'scheduled__2024-04-09T00:00:00+00:00', '--job-id', '2303', '--raw', '--subdir', 'DAGS_FOLDER/get_stocks.py', '--cfg-path', '/tmp/tmp38u4sfe1', '--error-file', '/tmp/tmpay7o1tb8']
[2024-09-16 00:16:06,881] {standard_task_runner.py:80} INFO - Job 2303: Subtask BRONZE_STONCKS_MSFT
[2024-09-16 00:16:07,333] {task_command.py:370} INFO - Running <TaskInstance: BRONZER_GET_STONCKS.BRONZE_STONCKS_MSFT scheduled__2024-04-09T00:00:00+00:00 [running]> on host kaiwang.
[2024-09-16 00:16:07,767] {taskinstance.py:1569} INFO - Exporting the following env vars:
AIRFLOW_CTX_DAG_OWNER=airflow
AIRFLOW_CTX_DAG_ID=BRONZER_GET_STONCKS
AIRFLOW_CTX_TASK_ID=BRONZE_STONCKS_MSFT
AIRFLOW_CTX_EXECUTION_DATE=2024-04-09T00:00:00+00:00
AIRFLOW_CTX_TRY_NUMBER=1
AIRFLOW_CTX_DAG_RUN_ID=scheduled__2024-04-09T00:00:00+00:00
[2024-09-16 00:16:08,420] {python.py:173} INFO - Done. Returned value was: None
[2024-09-16 00:16:08,473] {taskinstance.py:1395} INFO - Marking task as SUCCESS. dag_id=BRONZER_GET_STONCKS, task_id=BRONZE_STONCKS_MSFT, execution_date=20240409T000000, start_date=20240916T031606, end_date=20240916T031608
[2024-09-16 00:16:08,519] {local_task_job.py:156} INFO - Task exited with return code 0
[2024-09-16 00:16:08,606] {local_task_job.py:273} INFO - 0 downstream tasks scheduled from follow-on schedule check
