[2024-09-16 00:04:00,834] {taskinstance.py:1159} INFO - Dependencies all met for <TaskInstance: BRONZER_GET_STONCKS.BRONZE_STONCKS_TSLA scheduled__2024-02-17T00:00:00+00:00 [queued]>
[2024-09-16 00:04:00,856] {taskinstance.py:1159} INFO - Dependencies all met for <TaskInstance: BRONZER_GET_STONCKS.BRONZE_STONCKS_TSLA scheduled__2024-02-17T00:00:00+00:00 [queued]>
[2024-09-16 00:04:00,856] {taskinstance.py:1356} INFO - 
--------------------------------------------------------------------------------
[2024-09-16 00:04:00,856] {taskinstance.py:1357} INFO - Starting attempt 1 of 1
[2024-09-16 00:04:00,856] {taskinstance.py:1358} INFO - 
--------------------------------------------------------------------------------
[2024-09-16 00:04:00,889] {taskinstance.py:1377} INFO - Executing <Task(_PythonDecoratedOperator): BRONZE_STONCKS_TSLA> on 2024-02-17 00:00:00+00:00
[2024-09-16 00:04:00,905] {standard_task_runner.py:52} INFO - Started process 22538 to run task
[2024-09-16 00:04:00,929] {standard_task_runner.py:79} INFO - Running: ['airflow', 'tasks', 'run', 'BRONZER_GET_STONCKS', 'BRONZE_STONCKS_TSLA', 'scheduled__2024-02-17T00:00:00+00:00', '--job-id', '269', '--raw', '--subdir', 'DAGS_FOLDER/get_stocks.py', '--cfg-path', '/tmp/tmpy2sgfi06', '--error-file', '/tmp/tmpvumwjxm2']
[2024-09-16 00:04:00,930] {standard_task_runner.py:80} INFO - Job 269: Subtask BRONZE_STONCKS_TSLA
[2024-09-16 00:04:01,121] {task_command.py:370} INFO - Running <TaskInstance: BRONZER_GET_STONCKS.BRONZE_STONCKS_TSLA scheduled__2024-02-17T00:00:00+00:00 [running]> on host kaiwang.
[2024-09-16 00:04:01,354] {taskinstance.py:1569} INFO - Exporting the following env vars:
AIRFLOW_CTX_DAG_OWNER=airflow
AIRFLOW_CTX_DAG_ID=BRONZER_GET_STONCKS
AIRFLOW_CTX_TASK_ID=BRONZE_STONCKS_TSLA
AIRFLOW_CTX_EXECUTION_DATE=2024-02-17T00:00:00+00:00
AIRFLOW_CTX_TRY_NUMBER=1
AIRFLOW_CTX_DAG_RUN_ID=scheduled__2024-02-17T00:00:00+00:00
[2024-09-16 00:04:02,123] {python.py:173} INFO - Done. Returned value was: None
[2024-09-16 00:04:02,194] {taskinstance.py:1395} INFO - Marking task as SUCCESS. dag_id=BRONZER_GET_STONCKS, task_id=BRONZE_STONCKS_TSLA, execution_date=20240217T000000, start_date=20240916T030400, end_date=20240916T030402
[2024-09-16 00:04:02,258] {local_task_job.py:156} INFO - Task exited with return code 0
[2024-09-16 00:04:02,579] {local_task_job.py:273} INFO - 0 downstream tasks scheduled from follow-on schedule check
[2024-09-16 00:13:37,776] {taskinstance.py:1159} INFO - Dependencies all met for <TaskInstance: BRONZER_GET_STONCKS.BRONZE_STONCKS_TSLA scheduled__2024-02-17T00:00:00+00:00 [queued]>
[2024-09-16 00:13:37,815] {taskinstance.py:1159} INFO - Dependencies all met for <TaskInstance: BRONZER_GET_STONCKS.BRONZE_STONCKS_TSLA scheduled__2024-02-17T00:00:00+00:00 [queued]>
[2024-09-16 00:13:37,815] {taskinstance.py:1356} INFO - 
--------------------------------------------------------------------------------
[2024-09-16 00:13:37,815] {taskinstance.py:1357} INFO - Starting attempt 1 of 1
[2024-09-16 00:13:37,815] {taskinstance.py:1358} INFO - 
--------------------------------------------------------------------------------
[2024-09-16 00:13:37,884] {taskinstance.py:1377} INFO - Executing <Task(_PythonDecoratedOperator): BRONZE_STONCKS_TSLA> on 2024-02-17 00:00:00+00:00
[2024-09-16 00:13:37,890] {standard_task_runner.py:52} INFO - Started process 48100 to run task
[2024-09-16 00:13:37,917] {standard_task_runner.py:79} INFO - Running: ['airflow', 'tasks', 'run', 'BRONZER_GET_STONCKS', 'BRONZE_STONCKS_TSLA', 'scheduled__2024-02-17T00:00:00+00:00', '--job-id', '1736', '--raw', '--subdir', 'DAGS_FOLDER/get_stocks.py', '--cfg-path', '/tmp/tmpgqciytpa', '--error-file', '/tmp/tmpim59x9m5']
[2024-09-16 00:13:37,919] {standard_task_runner.py:80} INFO - Job 1736: Subtask BRONZE_STONCKS_TSLA
[2024-09-16 00:13:38,151] {task_command.py:370} INFO - Running <TaskInstance: BRONZER_GET_STONCKS.BRONZE_STONCKS_TSLA scheduled__2024-02-17T00:00:00+00:00 [running]> on host kaiwang.
[2024-09-16 00:13:38,355] {taskinstance.py:1569} INFO - Exporting the following env vars:
AIRFLOW_CTX_DAG_OWNER=airflow
AIRFLOW_CTX_DAG_ID=BRONZER_GET_STONCKS
AIRFLOW_CTX_TASK_ID=BRONZE_STONCKS_TSLA
AIRFLOW_CTX_EXECUTION_DATE=2024-02-17T00:00:00+00:00
AIRFLOW_CTX_TRY_NUMBER=1
AIRFLOW_CTX_DAG_RUN_ID=scheduled__2024-02-17T00:00:00+00:00
[2024-09-16 00:13:39,143] {python.py:173} INFO - Done. Returned value was: None
[2024-09-16 00:13:39,299] {taskinstance.py:1395} INFO - Marking task as SUCCESS. dag_id=BRONZER_GET_STONCKS, task_id=BRONZE_STONCKS_TSLA, execution_date=20240217T000000, start_date=20240916T031337, end_date=20240916T031339
[2024-09-16 00:13:39,367] {local_task_job.py:156} INFO - Task exited with return code 0
[2024-09-16 00:13:39,559] {local_task_job.py:273} INFO - 0 downstream tasks scheduled from follow-on schedule check
[2024-09-16 00:15:11,358] {taskinstance.py:1159} INFO - Dependencies all met for <TaskInstance: BRONZER_GET_STONCKS.BRONZE_STONCKS_TSLA scheduled__2024-02-17T00:00:00+00:00 [queued]>
[2024-09-16 00:15:11,384] {taskinstance.py:1159} INFO - Dependencies all met for <TaskInstance: BRONZER_GET_STONCKS.BRONZE_STONCKS_TSLA scheduled__2024-02-17T00:00:00+00:00 [queued]>
[2024-09-16 00:15:11,384] {taskinstance.py:1356} INFO - 
--------------------------------------------------------------------------------
[2024-09-16 00:15:11,384] {taskinstance.py:1357} INFO - Starting attempt 1 of 1
[2024-09-16 00:15:11,384] {taskinstance.py:1358} INFO - 
--------------------------------------------------------------------------------
[2024-09-16 00:15:11,412] {taskinstance.py:1377} INFO - Executing <Task(_PythonDecoratedOperator): BRONZE_STONCKS_TSLA> on 2024-02-17 00:00:00+00:00
[2024-09-16 00:15:11,418] {standard_task_runner.py:52} INFO - Started process 53476 to run task
[2024-09-16 00:15:11,424] {standard_task_runner.py:79} INFO - Running: ['airflow', 'tasks', 'run', 'BRONZER_GET_STONCKS', 'BRONZE_STONCKS_TSLA', 'scheduled__2024-02-17T00:00:00+00:00', '--job-id', '2049', '--raw', '--subdir', 'DAGS_FOLDER/get_stocks.py', '--cfg-path', '/tmp/tmpvvpgchfp', '--error-file', '/tmp/tmp292qadmx']
[2024-09-16 00:15:11,426] {standard_task_runner.py:80} INFO - Job 2049: Subtask BRONZE_STONCKS_TSLA
[2024-09-16 00:15:11,578] {task_command.py:370} INFO - Running <TaskInstance: BRONZER_GET_STONCKS.BRONZE_STONCKS_TSLA scheduled__2024-02-17T00:00:00+00:00 [running]> on host kaiwang.
[2024-09-16 00:15:11,710] {taskinstance.py:1569} INFO - Exporting the following env vars:
AIRFLOW_CTX_DAG_OWNER=airflow
AIRFLOW_CTX_DAG_ID=BRONZER_GET_STONCKS
AIRFLOW_CTX_TASK_ID=BRONZE_STONCKS_TSLA
AIRFLOW_CTX_EXECUTION_DATE=2024-02-17T00:00:00+00:00
AIRFLOW_CTX_TRY_NUMBER=1
AIRFLOW_CTX_DAG_RUN_ID=scheduled__2024-02-17T00:00:00+00:00
[2024-09-16 00:15:12,373] {python.py:173} INFO - Done. Returned value was: None
[2024-09-16 00:15:12,602] {taskinstance.py:1395} INFO - Marking task as SUCCESS. dag_id=BRONZER_GET_STONCKS, task_id=BRONZE_STONCKS_TSLA, execution_date=20240217T000000, start_date=20240916T031511, end_date=20240916T031512
[2024-09-16 00:15:12,693] {local_task_job.py:156} INFO - Task exited with return code 0
[2024-09-16 00:15:12,864] {local_task_job.py:273} INFO - 0 downstream tasks scheduled from follow-on schedule check
