[2024-09-16 00:04:54,262] {taskinstance.py:1159} INFO - Dependencies all met for <TaskInstance: BRONZER_GET_STONCKS.BRONZE_STONCKS_TSLA scheduled__2024-04-04T00:00:00+00:00 [queued]>
[2024-09-16 00:04:54,281] {taskinstance.py:1159} INFO - Dependencies all met for <TaskInstance: BRONZER_GET_STONCKS.BRONZE_STONCKS_TSLA scheduled__2024-04-04T00:00:00+00:00 [queued]>
[2024-09-16 00:04:54,281] {taskinstance.py:1356} INFO - 
--------------------------------------------------------------------------------
[2024-09-16 00:04:54,281] {taskinstance.py:1357} INFO - Starting attempt 1 of 1
[2024-09-16 00:04:54,281] {taskinstance.py:1358} INFO - 
--------------------------------------------------------------------------------
[2024-09-16 00:04:54,311] {taskinstance.py:1377} INFO - Executing <Task(_PythonDecoratedOperator): BRONZE_STONCKS_TSLA> on 2024-04-04 00:00:00+00:00
[2024-09-16 00:04:54,323] {standard_task_runner.py:52} INFO - Started process 26844 to run task
[2024-09-16 00:04:54,339] {standard_task_runner.py:79} INFO - Running: ['airflow', 'tasks', 'run', 'BRONZER_GET_STONCKS', 'BRONZE_STONCKS_TSLA', 'scheduled__2024-04-04T00:00:00+00:00', '--job-id', '514', '--raw', '--subdir', 'DAGS_FOLDER/get_stocks.py', '--cfg-path', '/tmp/tmp12k6ubom', '--error-file', '/tmp/tmp6w3t8d_0']
[2024-09-16 00:04:54,340] {standard_task_runner.py:80} INFO - Job 514: Subtask BRONZE_STONCKS_TSLA
[2024-09-16 00:04:54,484] {task_command.py:370} INFO - Running <TaskInstance: BRONZER_GET_STONCKS.BRONZE_STONCKS_TSLA scheduled__2024-04-04T00:00:00+00:00 [running]> on host kaiwang.
[2024-09-16 00:04:54,613] {taskinstance.py:1569} INFO - Exporting the following env vars:
AIRFLOW_CTX_DAG_OWNER=airflow
AIRFLOW_CTX_DAG_ID=BRONZER_GET_STONCKS
AIRFLOW_CTX_TASK_ID=BRONZE_STONCKS_TSLA
AIRFLOW_CTX_EXECUTION_DATE=2024-04-04T00:00:00+00:00
AIRFLOW_CTX_TRY_NUMBER=1
AIRFLOW_CTX_DAG_RUN_ID=scheduled__2024-04-04T00:00:00+00:00
[2024-09-16 00:04:55,246] {python.py:173} INFO - Done. Returned value was: None
[2024-09-16 00:04:55,302] {taskinstance.py:1395} INFO - Marking task as SUCCESS. dag_id=BRONZER_GET_STONCKS, task_id=BRONZE_STONCKS_TSLA, execution_date=20240404T000000, start_date=20240916T030454, end_date=20240916T030455
[2024-09-16 00:04:55,354] {local_task_job.py:156} INFO - Task exited with return code 0
[2024-09-16 00:04:55,496] {local_task_job.py:273} INFO - 0 downstream tasks scheduled from follow-on schedule check
[2024-09-16 00:16:02,093] {taskinstance.py:1159} INFO - Dependencies all met for <TaskInstance: BRONZER_GET_STONCKS.BRONZE_STONCKS_TSLA scheduled__2024-04-04T00:00:00+00:00 [queued]>
[2024-09-16 00:16:02,155] {taskinstance.py:1159} INFO - Dependencies all met for <TaskInstance: BRONZER_GET_STONCKS.BRONZE_STONCKS_TSLA scheduled__2024-04-04T00:00:00+00:00 [queued]>
[2024-09-16 00:16:02,156] {taskinstance.py:1356} INFO - 
--------------------------------------------------------------------------------
[2024-09-16 00:16:02,156] {taskinstance.py:1357} INFO - Starting attempt 1 of 1
[2024-09-16 00:16:02,156] {taskinstance.py:1358} INFO - 
--------------------------------------------------------------------------------
[2024-09-16 00:16:02,199] {taskinstance.py:1377} INFO - Executing <Task(_PythonDecoratedOperator): BRONZE_STONCKS_TSLA> on 2024-04-04 00:00:00+00:00
[2024-09-16 00:16:02,205] {standard_task_runner.py:52} INFO - Started process 57627 to run task
[2024-09-16 00:16:02,223] {standard_task_runner.py:79} INFO - Running: ['airflow', 'tasks', 'run', 'BRONZER_GET_STONCKS', 'BRONZE_STONCKS_TSLA', 'scheduled__2024-04-04T00:00:00+00:00', '--job-id', '2285', '--raw', '--subdir', 'DAGS_FOLDER/get_stocks.py', '--cfg-path', '/tmp/tmp_ar5zzw4', '--error-file', '/tmp/tmprh2hq02r']
[2024-09-16 00:16:02,224] {standard_task_runner.py:80} INFO - Job 2285: Subtask BRONZE_STONCKS_TSLA
[2024-09-16 00:16:02,447] {task_command.py:370} INFO - Running <TaskInstance: BRONZER_GET_STONCKS.BRONZE_STONCKS_TSLA scheduled__2024-04-04T00:00:00+00:00 [running]> on host kaiwang.
[2024-09-16 00:16:02,723] {taskinstance.py:1569} INFO - Exporting the following env vars:
AIRFLOW_CTX_DAG_OWNER=airflow
AIRFLOW_CTX_DAG_ID=BRONZER_GET_STONCKS
AIRFLOW_CTX_TASK_ID=BRONZE_STONCKS_TSLA
AIRFLOW_CTX_EXECUTION_DATE=2024-04-04T00:00:00+00:00
AIRFLOW_CTX_TRY_NUMBER=1
AIRFLOW_CTX_DAG_RUN_ID=scheduled__2024-04-04T00:00:00+00:00
[2024-09-16 00:16:03,662] {python.py:173} INFO - Done. Returned value was: None
[2024-09-16 00:16:03,686] {taskinstance.py:1395} INFO - Marking task as SUCCESS. dag_id=BRONZER_GET_STONCKS, task_id=BRONZE_STONCKS_TSLA, execution_date=20240404T000000, start_date=20240916T031602, end_date=20240916T031603
[2024-09-16 00:16:03,740] {local_task_job.py:156} INFO - Task exited with return code 0
[2024-09-16 00:16:03,792] {local_task_job.py:273} INFO - 0 downstream tasks scheduled from follow-on schedule check
