[2024-09-16 00:06:39,375] {taskinstance.py:1159} INFO - Dependencies all met for <TaskInstance: BRONZER_GET_CRIPTOS.BRONZE_CRIPTO_AVAX scheduled__2024-06-08T00:00:00+00:00 [queued]>
[2024-09-16 00:06:39,438] {taskinstance.py:1159} INFO - Dependencies all met for <TaskInstance: BRONZER_GET_CRIPTOS.BRONZE_CRIPTO_AVAX scheduled__2024-06-08T00:00:00+00:00 [queued]>
[2024-09-16 00:06:39,438] {taskinstance.py:1356} INFO - 
--------------------------------------------------------------------------------
[2024-09-16 00:06:39,438] {taskinstance.py:1357} INFO - Starting attempt 1 of 1
[2024-09-16 00:06:39,438] {taskinstance.py:1358} INFO - 
--------------------------------------------------------------------------------
[2024-09-16 00:06:39,503] {taskinstance.py:1377} INFO - Executing <Task(_PythonDecoratedOperator): BRONZE_CRIPTO_AVAX> on 2024-06-08 00:00:00+00:00
[2024-09-16 00:06:39,517] {standard_task_runner.py:52} INFO - Started process 35385 to run task
[2024-09-16 00:06:39,537] {standard_task_runner.py:79} INFO - Running: ['airflow', 'tasks', 'run', 'BRONZER_GET_CRIPTOS', 'BRONZE_CRIPTO_AVAX', 'scheduled__2024-06-08T00:00:00+00:00', '--job-id', '1009', '--raw', '--subdir', 'DAGS_FOLDER/get_cripto.py', '--cfg-path', '/tmp/tmp7orvp0bf', '--error-file', '/tmp/tmprmr59dlz']
[2024-09-16 00:06:39,538] {standard_task_runner.py:80} INFO - Job 1009: Subtask BRONZE_CRIPTO_AVAX
[2024-09-16 00:06:39,795] {task_command.py:370} INFO - Running <TaskInstance: BRONZER_GET_CRIPTOS.BRONZE_CRIPTO_AVAX scheduled__2024-06-08T00:00:00+00:00 [running]> on host kaiwang.
[2024-09-16 00:06:40,080] {taskinstance.py:1569} INFO - Exporting the following env vars:
AIRFLOW_CTX_DAG_OWNER=airflow
AIRFLOW_CTX_DAG_ID=BRONZER_GET_CRIPTOS
AIRFLOW_CTX_TASK_ID=BRONZE_CRIPTO_AVAX
AIRFLOW_CTX_EXECUTION_DATE=2024-06-08T00:00:00+00:00
AIRFLOW_CTX_TRY_NUMBER=1
AIRFLOW_CTX_DAG_RUN_ID=scheduled__2024-06-08T00:00:00+00:00
[2024-09-16 00:06:45,541] {history.py:122} ERROR - $AVAX: possibly delisted; no timezone found
[2024-09-16 00:06:45,546] {python.py:173} INFO - Done. Returned value was: None
[2024-09-16 00:06:45,619] {taskinstance.py:1395} INFO - Marking task as SUCCESS. dag_id=BRONZER_GET_CRIPTOS, task_id=BRONZE_CRIPTO_AVAX, execution_date=20240608T000000, start_date=20240916T030639, end_date=20240916T030645
[2024-09-16 00:06:45,677] {local_task_job.py:156} INFO - Task exited with return code 0
[2024-09-16 00:06:45,801] {local_task_job.py:273} INFO - 0 downstream tasks scheduled from follow-on schedule check
