[2024-09-16 00:05:17,607] {taskinstance.py:1159} INFO - Dependencies all met for <TaskInstance: BRONZER_GET_CRIPTOS.BRONZE_CRIPTO_DOGE scheduled__2024-04-09T00:00:00+00:00 [queued]>
[2024-09-16 00:05:17,668] {taskinstance.py:1159} INFO - Dependencies all met for <TaskInstance: BRONZER_GET_CRIPTOS.BRONZE_CRIPTO_DOGE scheduled__2024-04-09T00:00:00+00:00 [queued]>
[2024-09-16 00:05:17,668] {taskinstance.py:1356} INFO - 
--------------------------------------------------------------------------------
[2024-09-16 00:05:17,668] {taskinstance.py:1357} INFO - Starting attempt 1 of 1
[2024-09-16 00:05:17,668] {taskinstance.py:1358} INFO - 
--------------------------------------------------------------------------------
[2024-09-16 00:05:17,779] {taskinstance.py:1377} INFO - Executing <Task(_PythonDecoratedOperator): BRONZE_CRIPTO_DOGE> on 2024-04-09 00:00:00+00:00
[2024-09-16 00:05:17,814] {standard_task_runner.py:52} INFO - Started process 28520 to run task
[2024-09-16 00:05:17,828] {standard_task_runner.py:79} INFO - Running: ['airflow', 'tasks', 'run', 'BRONZER_GET_CRIPTOS', 'BRONZE_CRIPTO_DOGE', 'scheduled__2024-04-09T00:00:00+00:00', '--job-id', '603', '--raw', '--subdir', 'DAGS_FOLDER/get_cripto.py', '--cfg-path', '/tmp/tmp2tykjymq', '--error-file', '/tmp/tmp5dpw9mb7']
[2024-09-16 00:05:17,829] {standard_task_runner.py:80} INFO - Job 603: Subtask BRONZE_CRIPTO_DOGE
[2024-09-16 00:05:18,177] {task_command.py:370} INFO - Running <TaskInstance: BRONZER_GET_CRIPTOS.BRONZE_CRIPTO_DOGE scheduled__2024-04-09T00:00:00+00:00 [running]> on host kaiwang.
[2024-09-16 00:05:18,554] {taskinstance.py:1569} INFO - Exporting the following env vars:
AIRFLOW_CTX_DAG_OWNER=airflow
AIRFLOW_CTX_DAG_ID=BRONZER_GET_CRIPTOS
AIRFLOW_CTX_TASK_ID=BRONZE_CRIPTO_DOGE
AIRFLOW_CTX_EXECUTION_DATE=2024-04-09T00:00:00+00:00
AIRFLOW_CTX_TRY_NUMBER=1
AIRFLOW_CTX_DAG_RUN_ID=scheduled__2024-04-09T00:00:00+00:00
[2024-09-16 00:05:21,325] {history.py:122} ERROR - $DOGE: possibly delisted; no timezone found
[2024-09-16 00:05:21,329] {python.py:173} INFO - Done. Returned value was: None
[2024-09-16 00:05:21,378] {taskinstance.py:1395} INFO - Marking task as SUCCESS. dag_id=BRONZER_GET_CRIPTOS, task_id=BRONZE_CRIPTO_DOGE, execution_date=20240409T000000, start_date=20240916T030517, end_date=20240916T030521
[2024-09-16 00:05:21,459] {local_task_job.py:156} INFO - Task exited with return code 0
[2024-09-16 00:05:21,573] {local_task_job.py:273} INFO - 0 downstream tasks scheduled from follow-on schedule check
