[2024-09-16 00:04:24,806] {taskinstance.py:1159} INFO - Dependencies all met for <TaskInstance: BRONZER_GET_CRIPTOS.BRONZE_CRIPTO_DOGE scheduled__2024-03-05T00:00:00+00:00 [queued]>
[2024-09-16 00:04:24,829] {taskinstance.py:1159} INFO - Dependencies all met for <TaskInstance: BRONZER_GET_CRIPTOS.BRONZE_CRIPTO_DOGE scheduled__2024-03-05T00:00:00+00:00 [queued]>
[2024-09-16 00:04:24,829] {taskinstance.py:1356} INFO - 
--------------------------------------------------------------------------------
[2024-09-16 00:04:24,829] {taskinstance.py:1357} INFO - Starting attempt 1 of 1
[2024-09-16 00:04:24,829] {taskinstance.py:1358} INFO - 
--------------------------------------------------------------------------------
[2024-09-16 00:04:24,874] {taskinstance.py:1377} INFO - Executing <Task(_PythonDecoratedOperator): BRONZE_CRIPTO_DOGE> on 2024-03-05 00:00:00+00:00
[2024-09-16 00:04:24,880] {standard_task_runner.py:52} INFO - Started process 24499 to run task
[2024-09-16 00:04:24,933] {standard_task_runner.py:79} INFO - Running: ['airflow', 'tasks', 'run', 'BRONZER_GET_CRIPTOS', 'BRONZE_CRIPTO_DOGE', 'scheduled__2024-03-05T00:00:00+00:00', '--job-id', '377', '--raw', '--subdir', 'DAGS_FOLDER/get_cripto.py', '--cfg-path', '/tmp/tmpumry1jzk', '--error-file', '/tmp/tmpbu9eu_y_']
[2024-09-16 00:04:24,934] {standard_task_runner.py:80} INFO - Job 377: Subtask BRONZE_CRIPTO_DOGE
[2024-09-16 00:04:25,305] {task_command.py:370} INFO - Running <TaskInstance: BRONZER_GET_CRIPTOS.BRONZE_CRIPTO_DOGE scheduled__2024-03-05T00:00:00+00:00 [running]> on host kaiwang.
[2024-09-16 00:04:25,739] {taskinstance.py:1569} INFO - Exporting the following env vars:
AIRFLOW_CTX_DAG_OWNER=airflow
AIRFLOW_CTX_DAG_ID=BRONZER_GET_CRIPTOS
AIRFLOW_CTX_TASK_ID=BRONZE_CRIPTO_DOGE
AIRFLOW_CTX_EXECUTION_DATE=2024-03-05T00:00:00+00:00
AIRFLOW_CTX_TRY_NUMBER=1
AIRFLOW_CTX_DAG_RUN_ID=scheduled__2024-03-05T00:00:00+00:00
[2024-09-16 00:04:28,247] {history.py:122} ERROR - $DOGE: possibly delisted; no timezone found
[2024-09-16 00:04:28,251] {python.py:173} INFO - Done. Returned value was: None
[2024-09-16 00:04:28,383] {taskinstance.py:1395} INFO - Marking task as SUCCESS. dag_id=BRONZER_GET_CRIPTOS, task_id=BRONZE_CRIPTO_DOGE, execution_date=20240305T000000, start_date=20240916T030424, end_date=20240916T030428
[2024-09-16 00:04:28,453] {local_task_job.py:156} INFO - Task exited with return code 0
[2024-09-16 00:04:28,597] {local_task_job.py:273} INFO - 0 downstream tasks scheduled from follow-on schedule check
[2024-09-16 00:15:39,950] {taskinstance.py:1159} INFO - Dependencies all met for <TaskInstance: BRONZER_GET_CRIPTOS.BRONZE_CRIPTO_DOGE scheduled__2024-03-05T00:00:00+00:00 [queued]>
[2024-09-16 00:15:39,989] {taskinstance.py:1159} INFO - Dependencies all met for <TaskInstance: BRONZER_GET_CRIPTOS.BRONZE_CRIPTO_DOGE scheduled__2024-03-05T00:00:00+00:00 [queued]>
[2024-09-16 00:15:39,989] {taskinstance.py:1356} INFO - 
--------------------------------------------------------------------------------
[2024-09-16 00:15:39,989] {taskinstance.py:1357} INFO - Starting attempt 1 of 1
[2024-09-16 00:15:39,989] {taskinstance.py:1358} INFO - 
--------------------------------------------------------------------------------
[2024-09-16 00:15:40,066] {taskinstance.py:1377} INFO - Executing <Task(_PythonDecoratedOperator): BRONZE_CRIPTO_DOGE> on 2024-03-05 00:00:00+00:00
[2024-09-16 00:15:40,071] {standard_task_runner.py:52} INFO - Started process 55823 to run task
[2024-09-16 00:15:40,102] {standard_task_runner.py:79} INFO - Running: ['airflow', 'tasks', 'run', 'BRONZER_GET_CRIPTOS', 'BRONZE_CRIPTO_DOGE', 'scheduled__2024-03-05T00:00:00+00:00', '--job-id', '2180', '--raw', '--subdir', 'DAGS_FOLDER/get_cripto.py', '--cfg-path', '/tmp/tmppwfqogmk', '--error-file', '/tmp/tmp1t2oxsac']
[2024-09-16 00:15:40,103] {standard_task_runner.py:80} INFO - Job 2180: Subtask BRONZE_CRIPTO_DOGE
[2024-09-16 00:15:40,427] {task_command.py:370} INFO - Running <TaskInstance: BRONZER_GET_CRIPTOS.BRONZE_CRIPTO_DOGE scheduled__2024-03-05T00:00:00+00:00 [running]> on host kaiwang.
[2024-09-16 00:15:40,722] {taskinstance.py:1569} INFO - Exporting the following env vars:
AIRFLOW_CTX_DAG_OWNER=airflow
AIRFLOW_CTX_DAG_ID=BRONZER_GET_CRIPTOS
AIRFLOW_CTX_TASK_ID=BRONZE_CRIPTO_DOGE
AIRFLOW_CTX_EXECUTION_DATE=2024-03-05T00:00:00+00:00
AIRFLOW_CTX_TRY_NUMBER=1
AIRFLOW_CTX_DAG_RUN_ID=scheduled__2024-03-05T00:00:00+00:00
[2024-09-16 00:15:43,598] {history.py:122} ERROR - $DOGE: possibly delisted; no timezone found
[2024-09-16 00:15:43,604] {python.py:173} INFO - Done. Returned value was: None
[2024-09-16 00:15:43,655] {taskinstance.py:1395} INFO - Marking task as SUCCESS. dag_id=BRONZER_GET_CRIPTOS, task_id=BRONZE_CRIPTO_DOGE, execution_date=20240305T000000, start_date=20240916T031539, end_date=20240916T031543
[2024-09-16 00:15:43,692] {local_task_job.py:156} INFO - Task exited with return code 0
[2024-09-16 00:15:43,801] {local_task_job.py:273} INFO - 0 downstream tasks scheduled from follow-on schedule check
