[2024-09-16 00:05:59,014] {taskinstance.py:1159} INFO - Dependencies all met for <TaskInstance: BRONZER_GET_CRIPTOS.BRONZE_CRIPTO_BTC scheduled__2024-05-11T00:00:00+00:00 [queued]>
[2024-09-16 00:05:59,028] {taskinstance.py:1159} INFO - Dependencies all met for <TaskInstance: BRONZER_GET_CRIPTOS.BRONZE_CRIPTO_BTC scheduled__2024-05-11T00:00:00+00:00 [queued]>
[2024-09-16 00:05:59,028] {taskinstance.py:1356} INFO - 
--------------------------------------------------------------------------------
[2024-09-16 00:05:59,028] {taskinstance.py:1357} INFO - Starting attempt 1 of 1
[2024-09-16 00:05:59,028] {taskinstance.py:1358} INFO - 
--------------------------------------------------------------------------------
[2024-09-16 00:05:59,076] {taskinstance.py:1377} INFO - Executing <Task(_PythonDecoratedOperator): BRONZE_CRIPTO_BTC> on 2024-05-11 00:00:00+00:00
[2024-09-16 00:05:59,081] {standard_task_runner.py:52} INFO - Started process 32071 to run task
[2024-09-16 00:05:59,086] {standard_task_runner.py:79} INFO - Running: ['airflow', 'tasks', 'run', 'BRONZER_GET_CRIPTOS', 'BRONZE_CRIPTO_BTC', 'scheduled__2024-05-11T00:00:00+00:00', '--job-id', '817', '--raw', '--subdir', 'DAGS_FOLDER/get_cripto.py', '--cfg-path', '/tmp/tmpp9y8phw3', '--error-file', '/tmp/tmp27n6n_rd']
[2024-09-16 00:05:59,087] {standard_task_runner.py:80} INFO - Job 817: Subtask BRONZE_CRIPTO_BTC
[2024-09-16 00:05:59,193] {task_command.py:370} INFO - Running <TaskInstance: BRONZER_GET_CRIPTOS.BRONZE_CRIPTO_BTC scheduled__2024-05-11T00:00:00+00:00 [running]> on host kaiwang.
[2024-09-16 00:05:59,317] {taskinstance.py:1569} INFO - Exporting the following env vars:
AIRFLOW_CTX_DAG_OWNER=airflow
AIRFLOW_CTX_DAG_ID=BRONZER_GET_CRIPTOS
AIRFLOW_CTX_TASK_ID=BRONZE_CRIPTO_BTC
AIRFLOW_CTX_EXECUTION_DATE=2024-05-11T00:00:00+00:00
AIRFLOW_CTX_TRY_NUMBER=1
AIRFLOW_CTX_DAG_RUN_ID=scheduled__2024-05-11T00:00:00+00:00
[2024-09-16 00:06:01,894] {history.py:244} ERROR - $BTC: possibly delisted; no price data found  (1h 2024-05-08 -> 2024-05-11) (Yahoo error = "Data doesn't exist for startDate = 1715140800, endDate = 1715400000")
[2024-09-16 00:06:01,900] {python.py:173} INFO - Done. Returned value was: None
[2024-09-16 00:06:01,929] {taskinstance.py:1395} INFO - Marking task as SUCCESS. dag_id=BRONZER_GET_CRIPTOS, task_id=BRONZE_CRIPTO_BTC, execution_date=20240511T000000, start_date=20240916T030559, end_date=20240916T030601
[2024-09-16 00:06:01,980] {local_task_job.py:156} INFO - Task exited with return code 0
[2024-09-16 00:06:02,042] {local_task_job.py:273} INFO - 0 downstream tasks scheduled from follow-on schedule check
