[2024-09-16 00:03:08,296] {taskinstance.py:1159} INFO - Dependencies all met for <TaskInstance: BRONZER_GET_CRIPTOS.BRONZE_CRIPTO_ETH scheduled__2024-01-06T00:00:00+00:00 [queued]>
[2024-09-16 00:03:08,415] {taskinstance.py:1159} INFO - Dependencies all met for <TaskInstance: BRONZER_GET_CRIPTOS.BRONZE_CRIPTO_ETH scheduled__2024-01-06T00:00:00+00:00 [queued]>
[2024-09-16 00:03:08,415] {taskinstance.py:1356} INFO - 
--------------------------------------------------------------------------------
[2024-09-16 00:03:08,415] {taskinstance.py:1357} INFO - Starting attempt 1 of 1
[2024-09-16 00:03:08,415] {taskinstance.py:1358} INFO - 
--------------------------------------------------------------------------------
[2024-09-16 00:03:08,603] {taskinstance.py:1377} INFO - Executing <Task(_PythonDecoratedOperator): BRONZE_CRIPTO_ETH> on 2024-01-06 00:00:00+00:00
[2024-09-16 00:03:08,707] {standard_task_runner.py:52} INFO - Started process 18792 to run task
[2024-09-16 00:03:08,758] {standard_task_runner.py:79} INFO - Running: ['airflow', 'tasks', 'run', 'BRONZER_GET_CRIPTOS', 'BRONZE_CRIPTO_ETH', 'scheduled__2024-01-06T00:00:00+00:00', '--job-id', '43', '--raw', '--subdir', 'DAGS_FOLDER/get_cripto.py', '--cfg-path', '/tmp/tmp98d35anv', '--error-file', '/tmp/tmpic27ur3l']
[2024-09-16 00:03:08,786] {standard_task_runner.py:80} INFO - Job 43: Subtask BRONZE_CRIPTO_ETH
[2024-09-16 00:03:09,353] {task_command.py:370} INFO - Running <TaskInstance: BRONZER_GET_CRIPTOS.BRONZE_CRIPTO_ETH scheduled__2024-01-06T00:00:00+00:00 [running]> on host kaiwang.
[2024-09-16 00:03:09,964] {taskinstance.py:1569} INFO - Exporting the following env vars:
AIRFLOW_CTX_DAG_OWNER=airflow
AIRFLOW_CTX_DAG_ID=BRONZER_GET_CRIPTOS
AIRFLOW_CTX_TASK_ID=BRONZE_CRIPTO_ETH
AIRFLOW_CTX_EXECUTION_DATE=2024-01-06T00:00:00+00:00
AIRFLOW_CTX_TRY_NUMBER=1
AIRFLOW_CTX_DAG_RUN_ID=scheduled__2024-01-06T00:00:00+00:00
[2024-09-16 00:03:13,220] {history.py:244} ERROR - $ETH: possibly delisted; no price data found  (1h 2024-01-03 -> 2024-01-06) (Yahoo error = "Data doesn't exist for startDate = 1704258000, endDate = 1704517200")
[2024-09-16 00:03:13,231] {python.py:173} INFO - Done. Returned value was: None
[2024-09-16 00:03:13,366] {taskinstance.py:1395} INFO - Marking task as SUCCESS. dag_id=BRONZER_GET_CRIPTOS, task_id=BRONZE_CRIPTO_ETH, execution_date=20240106T000000, start_date=20240916T030308, end_date=20240916T030313
[2024-09-16 00:03:13,452] {local_task_job.py:156} INFO - Task exited with return code 0
[2024-09-16 00:03:13,626] {local_task_job.py:273} INFO - 0 downstream tasks scheduled from follow-on schedule check
[2024-09-16 00:12:51,034] {taskinstance.py:1159} INFO - Dependencies all met for <TaskInstance: BRONZER_GET_CRIPTOS.BRONZE_CRIPTO_ETH scheduled__2024-01-06T00:00:00+00:00 [queued]>
[2024-09-16 00:12:51,089] {taskinstance.py:1159} INFO - Dependencies all met for <TaskInstance: BRONZER_GET_CRIPTOS.BRONZE_CRIPTO_ETH scheduled__2024-01-06T00:00:00+00:00 [queued]>
[2024-09-16 00:12:51,089] {taskinstance.py:1356} INFO - 
--------------------------------------------------------------------------------
[2024-09-16 00:12:51,089] {taskinstance.py:1357} INFO - Starting attempt 1 of 1
[2024-09-16 00:12:51,090] {taskinstance.py:1358} INFO - 
--------------------------------------------------------------------------------
[2024-09-16 00:12:51,224] {taskinstance.py:1377} INFO - Executing <Task(_PythonDecoratedOperator): BRONZE_CRIPTO_ETH> on 2024-01-06 00:00:00+00:00
[2024-09-16 00:12:51,270] {standard_task_runner.py:52} INFO - Started process 44346 to run task
[2024-09-16 00:12:51,332] {standard_task_runner.py:79} INFO - Running: ['airflow', 'tasks', 'run', 'BRONZER_GET_CRIPTOS', 'BRONZE_CRIPTO_ETH', 'scheduled__2024-01-06T00:00:00+00:00', '--job-id', '1521', '--raw', '--subdir', 'DAGS_FOLDER/get_cripto.py', '--cfg-path', '/tmp/tmpb5m0ojif', '--error-file', '/tmp/tmprfdva9jt']
[2024-09-16 00:12:51,333] {standard_task_runner.py:80} INFO - Job 1521: Subtask BRONZE_CRIPTO_ETH
[2024-09-16 00:12:51,831] {task_command.py:370} INFO - Running <TaskInstance: BRONZER_GET_CRIPTOS.BRONZE_CRIPTO_ETH scheduled__2024-01-06T00:00:00+00:00 [running]> on host kaiwang.
[2024-09-16 00:12:52,267] {taskinstance.py:1569} INFO - Exporting the following env vars:
AIRFLOW_CTX_DAG_OWNER=airflow
AIRFLOW_CTX_DAG_ID=BRONZER_GET_CRIPTOS
AIRFLOW_CTX_TASK_ID=BRONZE_CRIPTO_ETH
AIRFLOW_CTX_EXECUTION_DATE=2024-01-06T00:00:00+00:00
AIRFLOW_CTX_TRY_NUMBER=1
AIRFLOW_CTX_DAG_RUN_ID=scheduled__2024-01-06T00:00:00+00:00
[2024-09-16 00:12:56,180] {history.py:244} ERROR - $ETH: possibly delisted; no price data found  (1h 2024-01-03 -> 2024-01-06) (Yahoo error = "Data doesn't exist for startDate = 1704258000, endDate = 1704517200")
[2024-09-16 00:12:56,188] {python.py:173} INFO - Done. Returned value was: None
[2024-09-16 00:12:56,528] {taskinstance.py:1395} INFO - Marking task as SUCCESS. dag_id=BRONZER_GET_CRIPTOS, task_id=BRONZE_CRIPTO_ETH, execution_date=20240106T000000, start_date=20240916T031251, end_date=20240916T031256
[2024-09-16 00:12:56,641] {local_task_job.py:156} INFO - Task exited with return code 0
[2024-09-16 00:12:57,053] {local_task_job.py:273} INFO - 0 downstream tasks scheduled from follow-on schedule check
[2024-09-16 00:14:27,066] {taskinstance.py:1159} INFO - Dependencies all met for <TaskInstance: BRONZER_GET_CRIPTOS.BRONZE_CRIPTO_ETH scheduled__2024-01-06T00:00:00+00:00 [queued]>
[2024-09-16 00:14:27,123] {taskinstance.py:1159} INFO - Dependencies all met for <TaskInstance: BRONZER_GET_CRIPTOS.BRONZE_CRIPTO_ETH scheduled__2024-01-06T00:00:00+00:00 [queued]>
[2024-09-16 00:14:27,123] {taskinstance.py:1356} INFO - 
--------------------------------------------------------------------------------
[2024-09-16 00:14:27,123] {taskinstance.py:1357} INFO - Starting attempt 1 of 1
[2024-09-16 00:14:27,124] {taskinstance.py:1358} INFO - 
--------------------------------------------------------------------------------
[2024-09-16 00:14:27,212] {taskinstance.py:1377} INFO - Executing <Task(_PythonDecoratedOperator): BRONZE_CRIPTO_ETH> on 2024-01-06 00:00:00+00:00
[2024-09-16 00:14:27,218] {standard_task_runner.py:52} INFO - Started process 49825 to run task
[2024-09-16 00:14:27,259] {standard_task_runner.py:79} INFO - Running: ['airflow', 'tasks', 'run', 'BRONZER_GET_CRIPTOS', 'BRONZE_CRIPTO_ETH', 'scheduled__2024-01-06T00:00:00+00:00', '--job-id', '1822', '--raw', '--subdir', 'DAGS_FOLDER/get_cripto.py', '--cfg-path', '/tmp/tmpw_i9n7el', '--error-file', '/tmp/tmp5w7_t434']
[2024-09-16 00:14:27,298] {standard_task_runner.py:80} INFO - Job 1822: Subtask BRONZE_CRIPTO_ETH
[2024-09-16 00:14:27,714] {task_command.py:370} INFO - Running <TaskInstance: BRONZER_GET_CRIPTOS.BRONZE_CRIPTO_ETH scheduled__2024-01-06T00:00:00+00:00 [running]> on host kaiwang.
[2024-09-16 00:14:28,214] {taskinstance.py:1569} INFO - Exporting the following env vars:
AIRFLOW_CTX_DAG_OWNER=airflow
AIRFLOW_CTX_DAG_ID=BRONZER_GET_CRIPTOS
AIRFLOW_CTX_TASK_ID=BRONZE_CRIPTO_ETH
AIRFLOW_CTX_EXECUTION_DATE=2024-01-06T00:00:00+00:00
AIRFLOW_CTX_TRY_NUMBER=1
AIRFLOW_CTX_DAG_RUN_ID=scheduled__2024-01-06T00:00:00+00:00
[2024-09-16 00:14:31,654] {history.py:244} ERROR - $ETH: possibly delisted; no price data found  (1h 2024-01-03 -> 2024-01-06) (Yahoo error = "Data doesn't exist for startDate = 1704258000, endDate = 1704517200")
[2024-09-16 00:14:31,658] {python.py:173} INFO - Done. Returned value was: None
[2024-09-16 00:14:31,736] {taskinstance.py:1395} INFO - Marking task as SUCCESS. dag_id=BRONZER_GET_CRIPTOS, task_id=BRONZE_CRIPTO_ETH, execution_date=20240106T000000, start_date=20240916T031427, end_date=20240916T031431
[2024-09-16 00:14:31,818] {local_task_job.py:156} INFO - Task exited with return code 0
[2024-09-16 00:14:32,129] {local_task_job.py:273} INFO - 0 downstream tasks scheduled from follow-on schedule check
