[2024-09-16 00:04:52,052] {taskinstance.py:1159} INFO - Dependencies all met for <TaskInstance: BRONZER_GET_STONCKS.BRONZE_STONCKS_MSFT scheduled__2024-04-03T00:00:00+00:00 [queued]>
[2024-09-16 00:04:52,096] {taskinstance.py:1159} INFO - Dependencies all met for <TaskInstance: BRONZER_GET_STONCKS.BRONZE_STONCKS_MSFT scheduled__2024-04-03T00:00:00+00:00 [queued]>
[2024-09-16 00:04:52,096] {taskinstance.py:1356} INFO - 
--------------------------------------------------------------------------------
[2024-09-16 00:04:52,096] {taskinstance.py:1357} INFO - Starting attempt 1 of 1
[2024-09-16 00:04:52,096] {taskinstance.py:1358} INFO - 
--------------------------------------------------------------------------------
[2024-09-16 00:04:52,144] {taskinstance.py:1377} INFO - Executing <Task(_PythonDecoratedOperator): BRONZE_STONCKS_MSFT> on 2024-04-03 00:00:00+00:00
[2024-09-16 00:04:52,174] {standard_task_runner.py:52} INFO - Started process 26634 to run task
[2024-09-16 00:04:52,196] {standard_task_runner.py:79} INFO - Running: ['airflow', 'tasks', 'run', 'BRONZER_GET_STONCKS', 'BRONZE_STONCKS_MSFT', 'scheduled__2024-04-03T00:00:00+00:00', '--job-id', '504', '--raw', '--subdir', 'DAGS_FOLDER/get_stocks.py', '--cfg-path', '/tmp/tmpp22eiq4l', '--error-file', '/tmp/tmputycl3nf']
[2024-09-16 00:04:52,198] {standard_task_runner.py:80} INFO - Job 504: Subtask BRONZE_STONCKS_MSFT
[2024-09-16 00:04:52,496] {task_command.py:370} INFO - Running <TaskInstance: BRONZER_GET_STONCKS.BRONZE_STONCKS_MSFT scheduled__2024-04-03T00:00:00+00:00 [running]> on host kaiwang.
[2024-09-16 00:04:52,844] {taskinstance.py:1569} INFO - Exporting the following env vars:
AIRFLOW_CTX_DAG_OWNER=airflow
AIRFLOW_CTX_DAG_ID=BRONZER_GET_STONCKS
AIRFLOW_CTX_TASK_ID=BRONZE_STONCKS_MSFT
AIRFLOW_CTX_EXECUTION_DATE=2024-04-03T00:00:00+00:00
AIRFLOW_CTX_TRY_NUMBER=1
AIRFLOW_CTX_DAG_RUN_ID=scheduled__2024-04-03T00:00:00+00:00
[2024-09-16 00:04:53,645] {python.py:173} INFO - Done. Returned value was: None
[2024-09-16 00:04:53,699] {taskinstance.py:1395} INFO - Marking task as SUCCESS. dag_id=BRONZER_GET_STONCKS, task_id=BRONZE_STONCKS_MSFT, execution_date=20240403T000000, start_date=20240916T030452, end_date=20240916T030453
[2024-09-16 00:04:53,792] {local_task_job.py:156} INFO - Task exited with return code 0
[2024-09-16 00:04:53,954] {local_task_job.py:273} INFO - 0 downstream tasks scheduled from follow-on schedule check
[2024-09-16 00:16:01,003] {taskinstance.py:1159} INFO - Dependencies all met for <TaskInstance: BRONZER_GET_STONCKS.BRONZE_STONCKS_MSFT scheduled__2024-04-03T00:00:00+00:00 [queued]>
[2024-09-16 00:16:01,033] {taskinstance.py:1159} INFO - Dependencies all met for <TaskInstance: BRONZER_GET_STONCKS.BRONZE_STONCKS_MSFT scheduled__2024-04-03T00:00:00+00:00 [queued]>
[2024-09-16 00:16:01,033] {taskinstance.py:1356} INFO - 
--------------------------------------------------------------------------------
[2024-09-16 00:16:01,033] {taskinstance.py:1357} INFO - Starting attempt 1 of 1
[2024-09-16 00:16:01,033] {taskinstance.py:1358} INFO - 
--------------------------------------------------------------------------------
[2024-09-16 00:16:01,138] {taskinstance.py:1377} INFO - Executing <Task(_PythonDecoratedOperator): BRONZE_STONCKS_MSFT> on 2024-04-03 00:00:00+00:00
[2024-09-16 00:16:01,144] {standard_task_runner.py:52} INFO - Started process 57537 to run task
[2024-09-16 00:16:01,172] {standard_task_runner.py:79} INFO - Running: ['airflow', 'tasks', 'run', 'BRONZER_GET_STONCKS', 'BRONZE_STONCKS_MSFT', 'scheduled__2024-04-03T00:00:00+00:00', '--job-id', '2277', '--raw', '--subdir', 'DAGS_FOLDER/get_stocks.py', '--cfg-path', '/tmp/tmpjqrgbykw', '--error-file', '/tmp/tmpdry93b68']
[2024-09-16 00:16:01,173] {standard_task_runner.py:80} INFO - Job 2277: Subtask BRONZE_STONCKS_MSFT
[2024-09-16 00:16:01,436] {task_command.py:370} INFO - Running <TaskInstance: BRONZER_GET_STONCKS.BRONZE_STONCKS_MSFT scheduled__2024-04-03T00:00:00+00:00 [running]> on host kaiwang.
[2024-09-16 00:16:01,730] {taskinstance.py:1569} INFO - Exporting the following env vars:
AIRFLOW_CTX_DAG_OWNER=airflow
AIRFLOW_CTX_DAG_ID=BRONZER_GET_STONCKS
AIRFLOW_CTX_TASK_ID=BRONZE_STONCKS_MSFT
AIRFLOW_CTX_EXECUTION_DATE=2024-04-03T00:00:00+00:00
AIRFLOW_CTX_TRY_NUMBER=1
AIRFLOW_CTX_DAG_RUN_ID=scheduled__2024-04-03T00:00:00+00:00
[2024-09-16 00:16:02,473] {python.py:173} INFO - Done. Returned value was: None
[2024-09-16 00:16:02,524] {taskinstance.py:1395} INFO - Marking task as SUCCESS. dag_id=BRONZER_GET_STONCKS, task_id=BRONZE_STONCKS_MSFT, execution_date=20240403T000000, start_date=20240916T031601, end_date=20240916T031602
[2024-09-16 00:16:02,639] {local_task_job.py:156} INFO - Task exited with return code 0
[2024-09-16 00:16:02,783] {local_task_job.py:273} INFO - 0 downstream tasks scheduled from follow-on schedule check
