[2024-09-16 00:02:56,573] {taskinstance.py:1159} INFO - Dependencies all met for <TaskInstance: BRONZER_GET_CRIPTOS.BRONZE_CRIPTO_BTC scheduled__2024-01-03T00:00:00+00:00 [queued]>
[2024-09-16 00:02:56,621] {taskinstance.py:1159} INFO - Dependencies all met for <TaskInstance: BRONZER_GET_CRIPTOS.BRONZE_CRIPTO_BTC scheduled__2024-01-03T00:00:00+00:00 [queued]>
[2024-09-16 00:02:56,621] {taskinstance.py:1356} INFO - 
--------------------------------------------------------------------------------
[2024-09-16 00:02:56,621] {taskinstance.py:1357} INFO - Starting attempt 1 of 1
[2024-09-16 00:02:56,621] {taskinstance.py:1358} INFO - 
--------------------------------------------------------------------------------
[2024-09-16 00:02:56,717] {taskinstance.py:1377} INFO - Executing <Task(_PythonDecoratedOperator): BRONZE_CRIPTO_BTC> on 2024-01-03 00:00:00+00:00
[2024-09-16 00:02:56,723] {standard_task_runner.py:52} INFO - Started process 18130 to run task
[2024-09-16 00:02:56,750] {standard_task_runner.py:79} INFO - Running: ['airflow', 'tasks', 'run', 'BRONZER_GET_CRIPTOS', 'BRONZE_CRIPTO_BTC', 'scheduled__2024-01-03T00:00:00+00:00', '--job-id', '6', '--raw', '--subdir', 'DAGS_FOLDER/get_cripto.py', '--cfg-path', '/tmp/tmpk0tij_r6', '--error-file', '/tmp/tmpqpn4q2ma']
[2024-09-16 00:02:56,751] {standard_task_runner.py:80} INFO - Job 6: Subtask BRONZE_CRIPTO_BTC
[2024-09-16 00:02:57,204] {task_command.py:370} INFO - Running <TaskInstance: BRONZER_GET_CRIPTOS.BRONZE_CRIPTO_BTC scheduled__2024-01-03T00:00:00+00:00 [running]> on host kaiwang.
[2024-09-16 00:02:57,613] {taskinstance.py:1569} INFO - Exporting the following env vars:
AIRFLOW_CTX_DAG_OWNER=airflow
AIRFLOW_CTX_DAG_ID=BRONZER_GET_CRIPTOS
AIRFLOW_CTX_TASK_ID=BRONZE_CRIPTO_BTC
AIRFLOW_CTX_EXECUTION_DATE=2024-01-03T00:00:00+00:00
AIRFLOW_CTX_TRY_NUMBER=1
AIRFLOW_CTX_DAG_RUN_ID=scheduled__2024-01-03T00:00:00+00:00
[2024-09-16 00:03:01,085] {history.py:244} ERROR - $BTC: possibly delisted; no price data found  (1h 2023-12-31 -> 2024-01-03) (Yahoo error = "Data doesn't exist for startDate = 1703998800, endDate = 1704258000")
[2024-09-16 00:03:01,125] {python.py:173} INFO - Done. Returned value was: None
[2024-09-16 00:03:01,196] {taskinstance.py:1395} INFO - Marking task as SUCCESS. dag_id=BRONZER_GET_CRIPTOS, task_id=BRONZE_CRIPTO_BTC, execution_date=20240103T000000, start_date=20240916T030256, end_date=20240916T030301
[2024-09-16 00:03:01,269] {local_task_job.py:156} INFO - Task exited with return code 0
[2024-09-16 00:03:01,481] {local_task_job.py:273} INFO - 0 downstream tasks scheduled from follow-on schedule check
[2024-09-16 00:12:42,197] {taskinstance.py:1159} INFO - Dependencies all met for <TaskInstance: BRONZER_GET_CRIPTOS.BRONZE_CRIPTO_BTC scheduled__2024-01-03T00:00:00+00:00 [queued]>
[2024-09-16 00:12:42,216] {taskinstance.py:1159} INFO - Dependencies all met for <TaskInstance: BRONZER_GET_CRIPTOS.BRONZE_CRIPTO_BTC scheduled__2024-01-03T00:00:00+00:00 [queued]>
[2024-09-16 00:12:42,216] {taskinstance.py:1356} INFO - 
--------------------------------------------------------------------------------
[2024-09-16 00:12:42,216] {taskinstance.py:1357} INFO - Starting attempt 1 of 1
[2024-09-16 00:12:42,216] {taskinstance.py:1358} INFO - 
--------------------------------------------------------------------------------
[2024-09-16 00:12:42,240] {taskinstance.py:1377} INFO - Executing <Task(_PythonDecoratedOperator): BRONZE_CRIPTO_BTC> on 2024-01-03 00:00:00+00:00
[2024-09-16 00:12:42,247] {standard_task_runner.py:52} INFO - Started process 43685 to run task
[2024-09-16 00:12:42,285] {standard_task_runner.py:79} INFO - Running: ['airflow', 'tasks', 'run', 'BRONZER_GET_CRIPTOS', 'BRONZE_CRIPTO_BTC', 'scheduled__2024-01-03T00:00:00+00:00', '--job-id', '1482', '--raw', '--subdir', 'DAGS_FOLDER/get_cripto.py', '--cfg-path', '/tmp/tmpanilstut', '--error-file', '/tmp/tmpu2i1uw7a']
[2024-09-16 00:12:42,286] {standard_task_runner.py:80} INFO - Job 1482: Subtask BRONZE_CRIPTO_BTC
[2024-09-16 00:12:42,449] {task_command.py:370} INFO - Running <TaskInstance: BRONZER_GET_CRIPTOS.BRONZE_CRIPTO_BTC scheduled__2024-01-03T00:00:00+00:00 [running]> on host kaiwang.
[2024-09-16 00:12:42,664] {taskinstance.py:1569} INFO - Exporting the following env vars:
AIRFLOW_CTX_DAG_OWNER=airflow
AIRFLOW_CTX_DAG_ID=BRONZER_GET_CRIPTOS
AIRFLOW_CTX_TASK_ID=BRONZE_CRIPTO_BTC
AIRFLOW_CTX_EXECUTION_DATE=2024-01-03T00:00:00+00:00
AIRFLOW_CTX_TRY_NUMBER=1
AIRFLOW_CTX_DAG_RUN_ID=scheduled__2024-01-03T00:00:00+00:00
[2024-09-16 00:12:45,893] {history.py:244} ERROR - $BTC: possibly delisted; no price data found  (1h 2023-12-31 -> 2024-01-03) (Yahoo error = "Data doesn't exist for startDate = 1703998800, endDate = 1704258000")
[2024-09-16 00:12:45,897] {python.py:173} INFO - Done. Returned value was: None
[2024-09-16 00:12:45,921] {taskinstance.py:1395} INFO - Marking task as SUCCESS. dag_id=BRONZER_GET_CRIPTOS, task_id=BRONZE_CRIPTO_BTC, execution_date=20240103T000000, start_date=20240916T031242, end_date=20240916T031245
[2024-09-16 00:12:45,950] {local_task_job.py:156} INFO - Task exited with return code 0
[2024-09-16 00:12:46,004] {local_task_job.py:273} INFO - 0 downstream tasks scheduled from follow-on schedule check
[2024-09-16 00:14:18,762] {taskinstance.py:1159} INFO - Dependencies all met for <TaskInstance: BRONZER_GET_CRIPTOS.BRONZE_CRIPTO_BTC scheduled__2024-01-03T00:00:00+00:00 [queued]>
[2024-09-16 00:14:18,854] {taskinstance.py:1159} INFO - Dependencies all met for <TaskInstance: BRONZER_GET_CRIPTOS.BRONZE_CRIPTO_BTC scheduled__2024-01-03T00:00:00+00:00 [queued]>
[2024-09-16 00:14:18,855] {taskinstance.py:1356} INFO - 
--------------------------------------------------------------------------------
[2024-09-16 00:14:18,855] {taskinstance.py:1357} INFO - Starting attempt 1 of 1
[2024-09-16 00:14:18,855] {taskinstance.py:1358} INFO - 
--------------------------------------------------------------------------------
[2024-09-16 00:14:18,925] {taskinstance.py:1377} INFO - Executing <Task(_PythonDecoratedOperator): BRONZE_CRIPTO_BTC> on 2024-01-03 00:00:00+00:00
[2024-09-16 00:14:18,931] {standard_task_runner.py:52} INFO - Started process 49231 to run task
[2024-09-16 00:14:18,955] {standard_task_runner.py:79} INFO - Running: ['airflow', 'tasks', 'run', 'BRONZER_GET_CRIPTOS', 'BRONZE_CRIPTO_BTC', 'scheduled__2024-01-03T00:00:00+00:00', '--job-id', '1793', '--raw', '--subdir', 'DAGS_FOLDER/get_cripto.py', '--cfg-path', '/tmp/tmp99xo29yj', '--error-file', '/tmp/tmphcj17lzx']
[2024-09-16 00:14:18,956] {standard_task_runner.py:80} INFO - Job 1793: Subtask BRONZE_CRIPTO_BTC
[2024-09-16 00:14:19,391] {task_command.py:370} INFO - Running <TaskInstance: BRONZER_GET_CRIPTOS.BRONZE_CRIPTO_BTC scheduled__2024-01-03T00:00:00+00:00 [running]> on host kaiwang.
[2024-09-16 00:14:19,808] {taskinstance.py:1569} INFO - Exporting the following env vars:
AIRFLOW_CTX_DAG_OWNER=airflow
AIRFLOW_CTX_DAG_ID=BRONZER_GET_CRIPTOS
AIRFLOW_CTX_TASK_ID=BRONZE_CRIPTO_BTC
AIRFLOW_CTX_EXECUTION_DATE=2024-01-03T00:00:00+00:00
AIRFLOW_CTX_TRY_NUMBER=1
AIRFLOW_CTX_DAG_RUN_ID=scheduled__2024-01-03T00:00:00+00:00
[2024-09-16 00:14:22,464] {history.py:244} ERROR - $BTC: possibly delisted; no price data found  (1h 2023-12-31 -> 2024-01-03) (Yahoo error = "Data doesn't exist for startDate = 1703998800, endDate = 1704258000")
[2024-09-16 00:14:22,467] {python.py:173} INFO - Done. Returned value was: None
[2024-09-16 00:14:22,497] {taskinstance.py:1395} INFO - Marking task as SUCCESS. dag_id=BRONZER_GET_CRIPTOS, task_id=BRONZE_CRIPTO_BTC, execution_date=20240103T000000, start_date=20240916T031418, end_date=20240916T031422
[2024-09-16 00:14:22,510] {local_task_job.py:156} INFO - Task exited with return code 0
[2024-09-16 00:14:22,542] {local_task_job.py:273} INFO - 0 downstream tasks scheduled from follow-on schedule check
