[2024-09-16 00:06:14,292] {taskinstance.py:1159} INFO - Dependencies all met for <TaskInstance: BRONZER_GET_CRIPTOS.BRONZE_CRIPTO_DOGE scheduled__2024-05-22T00:00:00+00:00 [queued]>
[2024-09-16 00:06:14,330] {taskinstance.py:1159} INFO - Dependencies all met for <TaskInstance: BRONZER_GET_CRIPTOS.BRONZE_CRIPTO_DOGE scheduled__2024-05-22T00:00:00+00:00 [queued]>
[2024-09-16 00:06:14,330] {taskinstance.py:1356} INFO - 
--------------------------------------------------------------------------------
[2024-09-16 00:06:14,330] {taskinstance.py:1357} INFO - Starting attempt 1 of 1
[2024-09-16 00:06:14,330] {taskinstance.py:1358} INFO - 
--------------------------------------------------------------------------------
[2024-09-16 00:06:14,368] {taskinstance.py:1377} INFO - Executing <Task(_PythonDecoratedOperator): BRONZE_CRIPTO_DOGE> on 2024-05-22 00:00:00+00:00
[2024-09-16 00:06:14,374] {standard_task_runner.py:52} INFO - Started process 33276 to run task
[2024-09-16 00:06:14,406] {standard_task_runner.py:79} INFO - Running: ['airflow', 'tasks', 'run', 'BRONZER_GET_CRIPTOS', 'BRONZE_CRIPTO_DOGE', 'scheduled__2024-05-22T00:00:00+00:00', '--job-id', '885', '--raw', '--subdir', 'DAGS_FOLDER/get_cripto.py', '--cfg-path', '/tmp/tmptj_ddxge', '--error-file', '/tmp/tmp4vf3mu2y']
[2024-09-16 00:06:14,407] {standard_task_runner.py:80} INFO - Job 885: Subtask BRONZE_CRIPTO_DOGE
[2024-09-16 00:06:14,615] {task_command.py:370} INFO - Running <TaskInstance: BRONZER_GET_CRIPTOS.BRONZE_CRIPTO_DOGE scheduled__2024-05-22T00:00:00+00:00 [running]> on host kaiwang.
[2024-09-16 00:06:14,903] {taskinstance.py:1569} INFO - Exporting the following env vars:
AIRFLOW_CTX_DAG_OWNER=airflow
AIRFLOW_CTX_DAG_ID=BRONZER_GET_CRIPTOS
AIRFLOW_CTX_TASK_ID=BRONZE_CRIPTO_DOGE
AIRFLOW_CTX_EXECUTION_DATE=2024-05-22T00:00:00+00:00
AIRFLOW_CTX_TRY_NUMBER=1
AIRFLOW_CTX_DAG_RUN_ID=scheduled__2024-05-22T00:00:00+00:00
[2024-09-16 00:06:17,626] {history.py:122} ERROR - $DOGE: possibly delisted; no timezone found
[2024-09-16 00:06:17,629] {python.py:173} INFO - Done. Returned value was: None
[2024-09-16 00:06:17,674] {taskinstance.py:1395} INFO - Marking task as SUCCESS. dag_id=BRONZER_GET_CRIPTOS, task_id=BRONZE_CRIPTO_DOGE, execution_date=20240522T000000, start_date=20240916T030614, end_date=20240916T030617
[2024-09-16 00:06:17,731] {local_task_job.py:156} INFO - Task exited with return code 0
[2024-09-16 00:06:17,849] {local_task_job.py:273} INFO - 0 downstream tasks scheduled from follow-on schedule check
