[2024-09-16 00:06:55,403] {taskinstance.py:1159} INFO - Dependencies all met for <TaskInstance: BRONZER_GET_CRIPTOS.BRONZE_CRIPTO_ETH scheduled__2024-06-19T00:00:00+00:00 [queued]>
[2024-09-16 00:06:55,458] {taskinstance.py:1159} INFO - Dependencies all met for <TaskInstance: BRONZER_GET_CRIPTOS.BRONZE_CRIPTO_ETH scheduled__2024-06-19T00:00:00+00:00 [queued]>
[2024-09-16 00:06:55,458] {taskinstance.py:1356} INFO - 
--------------------------------------------------------------------------------
[2024-09-16 00:06:55,458] {taskinstance.py:1357} INFO - Starting attempt 1 of 1
[2024-09-16 00:06:55,458] {taskinstance.py:1358} INFO - 
--------------------------------------------------------------------------------
[2024-09-16 00:06:55,507] {taskinstance.py:1377} INFO - Executing <Task(_PythonDecoratedOperator): BRONZE_CRIPTO_ETH> on 2024-06-19 00:00:00+00:00
[2024-09-16 00:06:55,513] {standard_task_runner.py:52} INFO - Started process 36644 to run task
[2024-09-16 00:06:55,538] {standard_task_runner.py:79} INFO - Running: ['airflow', 'tasks', 'run', 'BRONZER_GET_CRIPTOS', 'BRONZE_CRIPTO_ETH', 'scheduled__2024-06-19T00:00:00+00:00', '--job-id', '1081', '--raw', '--subdir', 'DAGS_FOLDER/get_cripto.py', '--cfg-path', '/tmp/tmpby4cv_e8', '--error-file', '/tmp/tmpig2pzylg']
[2024-09-16 00:06:55,553] {standard_task_runner.py:80} INFO - Job 1081: Subtask BRONZE_CRIPTO_ETH
[2024-09-16 00:06:55,787] {task_command.py:370} INFO - Running <TaskInstance: BRONZER_GET_CRIPTOS.BRONZE_CRIPTO_ETH scheduled__2024-06-19T00:00:00+00:00 [running]> on host kaiwang.
[2024-09-16 00:06:55,999] {taskinstance.py:1569} INFO - Exporting the following env vars:
AIRFLOW_CTX_DAG_OWNER=airflow
AIRFLOW_CTX_DAG_ID=BRONZER_GET_CRIPTOS
AIRFLOW_CTX_TASK_ID=BRONZE_CRIPTO_ETH
AIRFLOW_CTX_EXECUTION_DATE=2024-06-19T00:00:00+00:00
AIRFLOW_CTX_TRY_NUMBER=1
AIRFLOW_CTX_DAG_RUN_ID=scheduled__2024-06-19T00:00:00+00:00
[2024-09-16 00:06:59,259] {history.py:244} ERROR - $ETH: possibly delisted; no price data found  (1h 2024-06-16 -> 2024-06-19) (Yahoo error = "Data doesn't exist for startDate = 1718510400, endDate = 1718769600")
[2024-09-16 00:06:59,263] {python.py:173} INFO - Done. Returned value was: None
[2024-09-16 00:06:59,514] {taskinstance.py:1395} INFO - Marking task as SUCCESS. dag_id=BRONZER_GET_CRIPTOS, task_id=BRONZE_CRIPTO_ETH, execution_date=20240619T000000, start_date=20240916T030655, end_date=20240916T030659
[2024-09-16 00:06:59,603] {local_task_job.py:156} INFO - Task exited with return code 0
[2024-09-16 00:06:59,721] {local_task_job.py:273} INFO - 0 downstream tasks scheduled from follow-on schedule check
