[2024-09-16 00:07:40,685] {taskinstance.py:1159} INFO - Dependencies all met for <TaskInstance: BRONZER_GET_CRIPTOS.BRONZE_CRIPTO_AVAX scheduled__2024-07-25T00:00:00+00:00 [queued]>
[2024-09-16 00:07:40,698] {taskinstance.py:1159} INFO - Dependencies all met for <TaskInstance: BRONZER_GET_CRIPTOS.BRONZE_CRIPTO_AVAX scheduled__2024-07-25T00:00:00+00:00 [queued]>
[2024-09-16 00:07:40,698] {taskinstance.py:1356} INFO - 
--------------------------------------------------------------------------------
[2024-09-16 00:07:40,699] {taskinstance.py:1357} INFO - Starting attempt 1 of 1
[2024-09-16 00:07:40,699] {taskinstance.py:1358} INFO - 
--------------------------------------------------------------------------------
[2024-09-16 00:07:40,726] {taskinstance.py:1377} INFO - Executing <Task(_PythonDecoratedOperator): BRONZE_CRIPTO_AVAX> on 2024-07-25 00:00:00+00:00
[2024-09-16 00:07:40,732] {standard_task_runner.py:52} INFO - Started process 40325 to run task
[2024-09-16 00:07:40,747] {standard_task_runner.py:79} INFO - Running: ['airflow', 'tasks', 'run', 'BRONZER_GET_CRIPTOS', 'BRONZE_CRIPTO_AVAX', 'scheduled__2024-07-25T00:00:00+00:00', '--job-id', '1297', '--raw', '--subdir', 'DAGS_FOLDER/get_cripto.py', '--cfg-path', '/tmp/tmpy3pyc9ko', '--error-file', '/tmp/tmpbqtau4dt']
[2024-09-16 00:07:40,749] {standard_task_runner.py:80} INFO - Job 1297: Subtask BRONZE_CRIPTO_AVAX
[2024-09-16 00:07:40,944] {task_command.py:370} INFO - Running <TaskInstance: BRONZER_GET_CRIPTOS.BRONZE_CRIPTO_AVAX scheduled__2024-07-25T00:00:00+00:00 [running]> on host kaiwang.
[2024-09-16 00:07:41,157] {taskinstance.py:1569} INFO - Exporting the following env vars:
AIRFLOW_CTX_DAG_OWNER=airflow
AIRFLOW_CTX_DAG_ID=BRONZER_GET_CRIPTOS
AIRFLOW_CTX_TASK_ID=BRONZE_CRIPTO_AVAX
AIRFLOW_CTX_EXECUTION_DATE=2024-07-25T00:00:00+00:00
AIRFLOW_CTX_TRY_NUMBER=1
AIRFLOW_CTX_DAG_RUN_ID=scheduled__2024-07-25T00:00:00+00:00
[2024-09-16 00:07:43,726] {history.py:122} ERROR - $AVAX: possibly delisted; no timezone found
[2024-09-16 00:07:43,731] {python.py:173} INFO - Done. Returned value was: None
[2024-09-16 00:07:43,784] {taskinstance.py:1395} INFO - Marking task as SUCCESS. dag_id=BRONZER_GET_CRIPTOS, task_id=BRONZE_CRIPTO_AVAX, execution_date=20240725T000000, start_date=20240916T030740, end_date=20240916T030743
[2024-09-16 00:07:43,875] {local_task_job.py:156} INFO - Task exited with return code 0
[2024-09-16 00:07:44,273] {local_task_job.py:273} INFO - 0 downstream tasks scheduled from follow-on schedule check
