[2024-09-16 00:03:16,243] {taskinstance.py:1159} INFO - Dependencies all met for <TaskInstance: BRONZER_GET_STONCKS.BRONZE_STONCKS_GOOG scheduled__2024-01-12T00:00:00+00:00 [queued]>
[2024-09-16 00:03:16,302] {taskinstance.py:1159} INFO - Dependencies all met for <TaskInstance: BRONZER_GET_STONCKS.BRONZE_STONCKS_GOOG scheduled__2024-01-12T00:00:00+00:00 [queued]>
[2024-09-16 00:03:16,303] {taskinstance.py:1356} INFO - 
--------------------------------------------------------------------------------
[2024-09-16 00:03:16,303] {taskinstance.py:1357} INFO - Starting attempt 1 of 1
[2024-09-16 00:03:16,303] {taskinstance.py:1358} INFO - 
--------------------------------------------------------------------------------
[2024-09-16 00:03:16,363] {taskinstance.py:1377} INFO - Executing <Task(_PythonDecoratedOperator): BRONZE_STONCKS_GOOG> on 2024-01-12 00:00:00+00:00
[2024-09-16 00:03:16,404] {standard_task_runner.py:79} INFO - Running: ['airflow', 'tasks', 'run', 'BRONZER_GET_STONCKS', 'BRONZE_STONCKS_GOOG', 'scheduled__2024-01-12T00:00:00+00:00', '--job-id', '73', '--raw', '--subdir', 'DAGS_FOLDER/get_stocks.py', '--cfg-path', '/tmp/tmpspppg_cb', '--error-file', '/tmp/tmpyb5cip_q']
[2024-09-16 00:03:16,406] {standard_task_runner.py:80} INFO - Job 73: Subtask BRONZE_STONCKS_GOOG
[2024-09-16 00:03:16,370] {standard_task_runner.py:52} INFO - Started process 19294 to run task
[2024-09-16 00:03:16,768] {task_command.py:370} INFO - Running <TaskInstance: BRONZER_GET_STONCKS.BRONZE_STONCKS_GOOG scheduled__2024-01-12T00:00:00+00:00 [running]> on host kaiwang.
[2024-09-16 00:03:17,176] {taskinstance.py:1569} INFO - Exporting the following env vars:
AIRFLOW_CTX_DAG_OWNER=airflow
AIRFLOW_CTX_DAG_ID=BRONZER_GET_STONCKS
AIRFLOW_CTX_TASK_ID=BRONZE_STONCKS_GOOG
AIRFLOW_CTX_EXECUTION_DATE=2024-01-12T00:00:00+00:00
AIRFLOW_CTX_TRY_NUMBER=1
AIRFLOW_CTX_DAG_RUN_ID=scheduled__2024-01-12T00:00:00+00:00
[2024-09-16 00:03:18,067] {python.py:173} INFO - Done. Returned value was: None
[2024-09-16 00:03:18,237] {taskinstance.py:1395} INFO - Marking task as SUCCESS. dag_id=BRONZER_GET_STONCKS, task_id=BRONZE_STONCKS_GOOG, execution_date=20240112T000000, start_date=20240916T030316, end_date=20240916T030318
[2024-09-16 00:03:18,387] {local_task_job.py:156} INFO - Task exited with return code 0
[2024-09-16 00:03:18,688] {local_task_job.py:273} INFO - 0 downstream tasks scheduled from follow-on schedule check
[2024-09-16 00:12:56,311] {taskinstance.py:1159} INFO - Dependencies all met for <TaskInstance: BRONZER_GET_STONCKS.BRONZE_STONCKS_GOOG scheduled__2024-01-12T00:00:00+00:00 [queued]>
[2024-09-16 00:12:56,339] {taskinstance.py:1159} INFO - Dependencies all met for <TaskInstance: BRONZER_GET_STONCKS.BRONZE_STONCKS_GOOG scheduled__2024-01-12T00:00:00+00:00 [queued]>
[2024-09-16 00:12:56,339] {taskinstance.py:1356} INFO - 
--------------------------------------------------------------------------------
[2024-09-16 00:12:56,339] {taskinstance.py:1357} INFO - Starting attempt 1 of 1
[2024-09-16 00:12:56,339] {taskinstance.py:1358} INFO - 
--------------------------------------------------------------------------------
[2024-09-16 00:12:56,397] {taskinstance.py:1377} INFO - Executing <Task(_PythonDecoratedOperator): BRONZE_STONCKS_GOOG> on 2024-01-12 00:00:00+00:00
[2024-09-16 00:12:56,408] {standard_task_runner.py:52} INFO - Started process 44739 to run task
[2024-09-16 00:12:56,426] {standard_task_runner.py:79} INFO - Running: ['airflow', 'tasks', 'run', 'BRONZER_GET_STONCKS', 'BRONZE_STONCKS_GOOG', 'scheduled__2024-01-12T00:00:00+00:00', '--job-id', '1541', '--raw', '--subdir', 'DAGS_FOLDER/get_stocks.py', '--cfg-path', '/tmp/tmp28rczca_', '--error-file', '/tmp/tmpvra679b2']
[2024-09-16 00:12:56,427] {standard_task_runner.py:80} INFO - Job 1541: Subtask BRONZE_STONCKS_GOOG
[2024-09-16 00:12:56,769] {task_command.py:370} INFO - Running <TaskInstance: BRONZER_GET_STONCKS.BRONZE_STONCKS_GOOG scheduled__2024-01-12T00:00:00+00:00 [running]> on host kaiwang.
[2024-09-16 00:12:57,153] {taskinstance.py:1569} INFO - Exporting the following env vars:
AIRFLOW_CTX_DAG_OWNER=airflow
AIRFLOW_CTX_DAG_ID=BRONZER_GET_STONCKS
AIRFLOW_CTX_TASK_ID=BRONZE_STONCKS_GOOG
AIRFLOW_CTX_EXECUTION_DATE=2024-01-12T00:00:00+00:00
AIRFLOW_CTX_TRY_NUMBER=1
AIRFLOW_CTX_DAG_RUN_ID=scheduled__2024-01-12T00:00:00+00:00
[2024-09-16 00:12:57,939] {python.py:173} INFO - Done. Returned value was: None
[2024-09-16 00:12:58,040] {taskinstance.py:1395} INFO - Marking task as SUCCESS. dag_id=BRONZER_GET_STONCKS, task_id=BRONZE_STONCKS_GOOG, execution_date=20240112T000000, start_date=20240916T031256, end_date=20240916T031258
[2024-09-16 00:12:58,103] {local_task_job.py:156} INFO - Task exited with return code 0
[2024-09-16 00:12:58,239] {local_task_job.py:273} INFO - 0 downstream tasks scheduled from follow-on schedule check
[2024-09-16 00:14:32,423] {taskinstance.py:1159} INFO - Dependencies all met for <TaskInstance: BRONZER_GET_STONCKS.BRONZE_STONCKS_GOOG scheduled__2024-01-12T00:00:00+00:00 [queued]>
[2024-09-16 00:14:32,451] {taskinstance.py:1159} INFO - Dependencies all met for <TaskInstance: BRONZER_GET_STONCKS.BRONZE_STONCKS_GOOG scheduled__2024-01-12T00:00:00+00:00 [queued]>
[2024-09-16 00:14:32,451] {taskinstance.py:1356} INFO - 
--------------------------------------------------------------------------------
[2024-09-16 00:14:32,451] {taskinstance.py:1357} INFO - Starting attempt 1 of 1
[2024-09-16 00:14:32,451] {taskinstance.py:1358} INFO - 
--------------------------------------------------------------------------------
[2024-09-16 00:14:32,509] {taskinstance.py:1377} INFO - Executing <Task(_PythonDecoratedOperator): BRONZE_STONCKS_GOOG> on 2024-01-12 00:00:00+00:00
[2024-09-16 00:14:32,516] {standard_task_runner.py:52} INFO - Started process 50245 to run task
[2024-09-16 00:14:32,535] {standard_task_runner.py:79} INFO - Running: ['airflow', 'tasks', 'run', 'BRONZER_GET_STONCKS', 'BRONZE_STONCKS_GOOG', 'scheduled__2024-01-12T00:00:00+00:00', '--job-id', '1854', '--raw', '--subdir', 'DAGS_FOLDER/get_stocks.py', '--cfg-path', '/tmp/tmprxuvknmr', '--error-file', '/tmp/tmp9cmeoza0']
[2024-09-16 00:14:32,536] {standard_task_runner.py:80} INFO - Job 1854: Subtask BRONZE_STONCKS_GOOG
[2024-09-16 00:14:32,909] {task_command.py:370} INFO - Running <TaskInstance: BRONZER_GET_STONCKS.BRONZE_STONCKS_GOOG scheduled__2024-01-12T00:00:00+00:00 [running]> on host kaiwang.
[2024-09-16 00:14:33,224] {taskinstance.py:1569} INFO - Exporting the following env vars:
AIRFLOW_CTX_DAG_OWNER=airflow
AIRFLOW_CTX_DAG_ID=BRONZER_GET_STONCKS
AIRFLOW_CTX_TASK_ID=BRONZE_STONCKS_GOOG
AIRFLOW_CTX_EXECUTION_DATE=2024-01-12T00:00:00+00:00
AIRFLOW_CTX_TRY_NUMBER=1
AIRFLOW_CTX_DAG_RUN_ID=scheduled__2024-01-12T00:00:00+00:00
[2024-09-16 00:14:33,926] {python.py:173} INFO - Done. Returned value was: None
[2024-09-16 00:14:34,027] {taskinstance.py:1395} INFO - Marking task as SUCCESS. dag_id=BRONZER_GET_STONCKS, task_id=BRONZE_STONCKS_GOOG, execution_date=20240112T000000, start_date=20240916T031432, end_date=20240916T031434
[2024-09-16 00:14:34,162] {local_task_job.py:156} INFO - Task exited with return code 0
[2024-09-16 00:14:34,334] {local_task_job.py:273} INFO - 0 downstream tasks scheduled from follow-on schedule check
