[2024-09-16 00:03:19,816] {taskinstance.py:1159} INFO - Dependencies all met for <TaskInstance: BRONZER_GET_STONCKS.BRONZE_STONCKS_TSLA scheduled__2024-01-17T00:00:00+00:00 [queued]>
[2024-09-16 00:03:19,844] {taskinstance.py:1159} INFO - Dependencies all met for <TaskInstance: BRONZER_GET_STONCKS.BRONZE_STONCKS_TSLA scheduled__2024-01-17T00:00:00+00:00 [queued]>
[2024-09-16 00:03:19,845] {taskinstance.py:1356} INFO - 
--------------------------------------------------------------------------------
[2024-09-16 00:03:19,845] {taskinstance.py:1357} INFO - Starting attempt 1 of 1
[2024-09-16 00:03:19,845] {taskinstance.py:1358} INFO - 
--------------------------------------------------------------------------------
[2024-09-16 00:03:19,897] {taskinstance.py:1377} INFO - Executing <Task(_PythonDecoratedOperator): BRONZE_STONCKS_TSLA> on 2024-01-17 00:00:00+00:00
[2024-09-16 00:03:19,918] {standard_task_runner.py:52} INFO - Started process 19557 to run task
[2024-09-16 00:03:19,936] {standard_task_runner.py:79} INFO - Running: ['airflow', 'tasks', 'run', 'BRONZER_GET_STONCKS', 'BRONZE_STONCKS_TSLA', 'scheduled__2024-01-17T00:00:00+00:00', '--job-id', '94', '--raw', '--subdir', 'DAGS_FOLDER/get_stocks.py', '--cfg-path', '/tmp/tmp6ic0bu24', '--error-file', '/tmp/tmpxo530nq1']
[2024-09-16 00:03:19,938] {standard_task_runner.py:80} INFO - Job 94: Subtask BRONZE_STONCKS_TSLA
[2024-09-16 00:03:20,295] {task_command.py:370} INFO - Running <TaskInstance: BRONZER_GET_STONCKS.BRONZE_STONCKS_TSLA scheduled__2024-01-17T00:00:00+00:00 [running]> on host kaiwang.
[2024-09-16 00:03:20,559] {taskinstance.py:1569} INFO - Exporting the following env vars:
AIRFLOW_CTX_DAG_OWNER=airflow
AIRFLOW_CTX_DAG_ID=BRONZER_GET_STONCKS
AIRFLOW_CTX_TASK_ID=BRONZE_STONCKS_TSLA
AIRFLOW_CTX_EXECUTION_DATE=2024-01-17T00:00:00+00:00
AIRFLOW_CTX_TRY_NUMBER=1
AIRFLOW_CTX_DAG_RUN_ID=scheduled__2024-01-17T00:00:00+00:00
[2024-09-16 00:03:21,258] {python.py:173} INFO - Done. Returned value was: None
[2024-09-16 00:03:21,439] {taskinstance.py:1395} INFO - Marking task as SUCCESS. dag_id=BRONZER_GET_STONCKS, task_id=BRONZE_STONCKS_TSLA, execution_date=20240117T000000, start_date=20240916T030319, end_date=20240916T030321
[2024-09-16 00:03:21,536] {local_task_job.py:156} INFO - Task exited with return code 0
[2024-09-16 00:03:22,175] {local_task_job.py:273} INFO - 0 downstream tasks scheduled from follow-on schedule check
[2024-09-16 00:13:03,967] {taskinstance.py:1159} INFO - Dependencies all met for <TaskInstance: BRONZER_GET_STONCKS.BRONZE_STONCKS_TSLA scheduled__2024-01-17T00:00:00+00:00 [queued]>
[2024-09-16 00:13:04,042] {taskinstance.py:1159} INFO - Dependencies all met for <TaskInstance: BRONZER_GET_STONCKS.BRONZE_STONCKS_TSLA scheduled__2024-01-17T00:00:00+00:00 [queued]>
[2024-09-16 00:13:04,042] {taskinstance.py:1356} INFO - 
--------------------------------------------------------------------------------
[2024-09-16 00:13:04,043] {taskinstance.py:1357} INFO - Starting attempt 1 of 1
[2024-09-16 00:13:04,043] {taskinstance.py:1358} INFO - 
--------------------------------------------------------------------------------
[2024-09-16 00:13:04,096] {taskinstance.py:1377} INFO - Executing <Task(_PythonDecoratedOperator): BRONZE_STONCKS_TSLA> on 2024-01-17 00:00:00+00:00
[2024-09-16 00:13:04,101] {standard_task_runner.py:52} INFO - Started process 45269 to run task
[2024-09-16 00:13:04,107] {standard_task_runner.py:79} INFO - Running: ['airflow', 'tasks', 'run', 'BRONZER_GET_STONCKS', 'BRONZE_STONCKS_TSLA', 'scheduled__2024-01-17T00:00:00+00:00', '--job-id', '1570', '--raw', '--subdir', 'DAGS_FOLDER/get_stocks.py', '--cfg-path', '/tmp/tmpg6m4gxl3', '--error-file', '/tmp/tmpwe39g6ld']
[2024-09-16 00:13:04,108] {standard_task_runner.py:80} INFO - Job 1570: Subtask BRONZE_STONCKS_TSLA
[2024-09-16 00:13:04,329] {task_command.py:370} INFO - Running <TaskInstance: BRONZER_GET_STONCKS.BRONZE_STONCKS_TSLA scheduled__2024-01-17T00:00:00+00:00 [running]> on host kaiwang.
[2024-09-16 00:13:04,737] {taskinstance.py:1569} INFO - Exporting the following env vars:
AIRFLOW_CTX_DAG_OWNER=airflow
AIRFLOW_CTX_DAG_ID=BRONZER_GET_STONCKS
AIRFLOW_CTX_TASK_ID=BRONZE_STONCKS_TSLA
AIRFLOW_CTX_EXECUTION_DATE=2024-01-17T00:00:00+00:00
AIRFLOW_CTX_TRY_NUMBER=1
AIRFLOW_CTX_DAG_RUN_ID=scheduled__2024-01-17T00:00:00+00:00
[2024-09-16 00:13:05,564] {python.py:173} INFO - Done. Returned value was: None
[2024-09-16 00:13:05,654] {taskinstance.py:1395} INFO - Marking task as SUCCESS. dag_id=BRONZER_GET_STONCKS, task_id=BRONZE_STONCKS_TSLA, execution_date=20240117T000000, start_date=20240916T031304, end_date=20240916T031305
[2024-09-16 00:13:05,713] {local_task_job.py:156} INFO - Task exited with return code 0
[2024-09-16 00:13:05,863] {local_task_job.py:273} INFO - 0 downstream tasks scheduled from follow-on schedule check
[2024-09-16 00:14:36,235] {taskinstance.py:1159} INFO - Dependencies all met for <TaskInstance: BRONZER_GET_STONCKS.BRONZE_STONCKS_TSLA scheduled__2024-01-17T00:00:00+00:00 [queued]>
[2024-09-16 00:14:36,329] {taskinstance.py:1159} INFO - Dependencies all met for <TaskInstance: BRONZER_GET_STONCKS.BRONZE_STONCKS_TSLA scheduled__2024-01-17T00:00:00+00:00 [queued]>
[2024-09-16 00:14:36,329] {taskinstance.py:1356} INFO - 
--------------------------------------------------------------------------------
[2024-09-16 00:14:36,330] {taskinstance.py:1357} INFO - Starting attempt 1 of 1
[2024-09-16 00:14:36,330] {taskinstance.py:1358} INFO - 
--------------------------------------------------------------------------------
[2024-09-16 00:14:36,399] {taskinstance.py:1377} INFO - Executing <Task(_PythonDecoratedOperator): BRONZE_STONCKS_TSLA> on 2024-01-17 00:00:00+00:00
[2024-09-16 00:14:36,407] {standard_task_runner.py:52} INFO - Started process 50561 to run task
[2024-09-16 00:14:36,423] {standard_task_runner.py:79} INFO - Running: ['airflow', 'tasks', 'run', 'BRONZER_GET_STONCKS', 'BRONZE_STONCKS_TSLA', 'scheduled__2024-01-17T00:00:00+00:00', '--job-id', '1878', '--raw', '--subdir', 'DAGS_FOLDER/get_stocks.py', '--cfg-path', '/tmp/tmpn84zrzze', '--error-file', '/tmp/tmpq1c2sfcx']
[2024-09-16 00:14:36,425] {standard_task_runner.py:80} INFO - Job 1878: Subtask BRONZE_STONCKS_TSLA
[2024-09-16 00:14:36,690] {task_command.py:370} INFO - Running <TaskInstance: BRONZER_GET_STONCKS.BRONZE_STONCKS_TSLA scheduled__2024-01-17T00:00:00+00:00 [running]> on host kaiwang.
[2024-09-16 00:14:36,983] {taskinstance.py:1569} INFO - Exporting the following env vars:
AIRFLOW_CTX_DAG_OWNER=airflow
AIRFLOW_CTX_DAG_ID=BRONZER_GET_STONCKS
AIRFLOW_CTX_TASK_ID=BRONZE_STONCKS_TSLA
AIRFLOW_CTX_EXECUTION_DATE=2024-01-17T00:00:00+00:00
AIRFLOW_CTX_TRY_NUMBER=1
AIRFLOW_CTX_DAG_RUN_ID=scheduled__2024-01-17T00:00:00+00:00
[2024-09-16 00:14:37,899] {python.py:173} INFO - Done. Returned value was: None
[2024-09-16 00:14:37,968] {taskinstance.py:1395} INFO - Marking task as SUCCESS. dag_id=BRONZER_GET_STONCKS, task_id=BRONZE_STONCKS_TSLA, execution_date=20240117T000000, start_date=20240916T031436, end_date=20240916T031437
[2024-09-16 00:14:38,058] {local_task_job.py:156} INFO - Task exited with return code 0
[2024-09-16 00:14:38,199] {local_task_job.py:273} INFO - 0 downstream tasks scheduled from follow-on schedule check
