[2024-09-16 00:07:36,772] {taskinstance.py:1159} INFO - Dependencies all met for <TaskInstance: BRONZER_GET_STONCKS.BRONZE_STONCKS_AAPL scheduled__2024-08-30T00:00:00+00:00 [queued]>
[2024-09-16 00:07:36,801] {taskinstance.py:1159} INFO - Dependencies all met for <TaskInstance: BRONZER_GET_STONCKS.BRONZE_STONCKS_AAPL scheduled__2024-08-30T00:00:00+00:00 [queued]>
[2024-09-16 00:07:36,801] {taskinstance.py:1356} INFO - 
--------------------------------------------------------------------------------
[2024-09-16 00:07:36,802] {taskinstance.py:1357} INFO - Starting attempt 1 of 1
[2024-09-16 00:07:36,802] {taskinstance.py:1358} INFO - 
--------------------------------------------------------------------------------
[2024-09-16 00:07:36,863] {taskinstance.py:1377} INFO - Executing <Task(_PythonDecoratedOperator): BRONZE_STONCKS_AAPL> on 2024-08-30 00:00:00+00:00
[2024-09-16 00:07:36,889] {standard_task_runner.py:79} INFO - Running: ['airflow', 'tasks', 'run', 'BRONZER_GET_STONCKS', 'BRONZE_STONCKS_AAPL', 'scheduled__2024-08-30T00:00:00+00:00', '--job-id', '1269', '--raw', '--subdir', 'DAGS_FOLDER/get_stocks.py', '--cfg-path', '/tmp/tmpbqyu80ns', '--error-file', '/tmp/tmp15omcu_b']
[2024-09-16 00:07:36,890] {standard_task_runner.py:80} INFO - Job 1269: Subtask BRONZE_STONCKS_AAPL
[2024-09-16 00:07:36,869] {standard_task_runner.py:52} INFO - Started process 39952 to run task
[2024-09-16 00:07:37,154] {task_command.py:370} INFO - Running <TaskInstance: BRONZER_GET_STONCKS.BRONZE_STONCKS_AAPL scheduled__2024-08-30T00:00:00+00:00 [running]> on host kaiwang.
[2024-09-16 00:07:37,602] {taskinstance.py:1569} INFO - Exporting the following env vars:
AIRFLOW_CTX_DAG_OWNER=airflow
AIRFLOW_CTX_DAG_ID=BRONZER_GET_STONCKS
AIRFLOW_CTX_TASK_ID=BRONZE_STONCKS_AAPL
AIRFLOW_CTX_EXECUTION_DATE=2024-08-30T00:00:00+00:00
AIRFLOW_CTX_TRY_NUMBER=1
AIRFLOW_CTX_DAG_RUN_ID=scheduled__2024-08-30T00:00:00+00:00
[2024-09-16 00:07:38,277] {python.py:173} INFO - Done. Returned value was: None
[2024-09-16 00:07:38,304] {taskinstance.py:1395} INFO - Marking task as SUCCESS. dag_id=BRONZER_GET_STONCKS, task_id=BRONZE_STONCKS_AAPL, execution_date=20240830T000000, start_date=20240916T030736, end_date=20240916T030738
[2024-09-16 00:07:38,383] {local_task_job.py:156} INFO - Task exited with return code 0
[2024-09-16 00:07:38,510] {local_task_job.py:273} INFO - 0 downstream tasks scheduled from follow-on schedule check
[2024-09-16 13:56:30,412] {taskinstance.py:1159} INFO - Dependencies all met for <TaskInstance: BRONZER_GET_STONCKS.BRONZE_STONCKS_AAPL scheduled__2024-08-30T00:00:00+00:00 [queued]>
[2024-09-16 13:56:30,457] {taskinstance.py:1159} INFO - Dependencies all met for <TaskInstance: BRONZER_GET_STONCKS.BRONZE_STONCKS_AAPL scheduled__2024-08-30T00:00:00+00:00 [queued]>
[2024-09-16 13:56:30,457] {taskinstance.py:1356} INFO - 
--------------------------------------------------------------------------------
[2024-09-16 13:56:30,457] {taskinstance.py:1357} INFO - Starting attempt 1 of 1
[2024-09-16 13:56:30,457] {taskinstance.py:1358} INFO - 
--------------------------------------------------------------------------------
[2024-09-16 13:56:30,497] {taskinstance.py:1377} INFO - Executing <Task(_PythonDecoratedOperator): BRONZE_STONCKS_AAPL> on 2024-08-30 00:00:00+00:00
[2024-09-16 13:56:30,519] {standard_task_runner.py:79} INFO - Running: ['airflow', 'tasks', 'run', 'BRONZER_GET_STONCKS', 'BRONZE_STONCKS_AAPL', 'scheduled__2024-08-30T00:00:00+00:00', '--job-id', '2596', '--raw', '--subdir', 'DAGS_FOLDER/get_stocks.py', '--cfg-path', '/tmp/tmpn4smuumu', '--error-file', '/tmp/tmp7f1i2zeb']
[2024-09-16 13:56:30,521] {standard_task_runner.py:80} INFO - Job 2596: Subtask BRONZE_STONCKS_AAPL
[2024-09-16 13:56:30,507] {standard_task_runner.py:52} INFO - Started process 139320 to run task
[2024-09-16 13:56:30,754] {task_command.py:370} INFO - Running <TaskInstance: BRONZER_GET_STONCKS.BRONZE_STONCKS_AAPL scheduled__2024-08-30T00:00:00+00:00 [running]> on host kaiwang.
[2024-09-16 13:56:31,194] {taskinstance.py:1569} INFO - Exporting the following env vars:
AIRFLOW_CTX_DAG_OWNER=airflow
AIRFLOW_CTX_DAG_ID=BRONZER_GET_STONCKS
AIRFLOW_CTX_TASK_ID=BRONZE_STONCKS_AAPL
AIRFLOW_CTX_EXECUTION_DATE=2024-08-30T00:00:00+00:00
AIRFLOW_CTX_TRY_NUMBER=1
AIRFLOW_CTX_DAG_RUN_ID=scheduled__2024-08-30T00:00:00+00:00
[2024-09-16 13:56:31,725] {python.py:173} INFO - Done. Returned value was: None
[2024-09-16 13:56:31,750] {taskinstance.py:1395} INFO - Marking task as SUCCESS. dag_id=BRONZER_GET_STONCKS, task_id=BRONZE_STONCKS_AAPL, execution_date=20240830T000000, start_date=20240916T165630, end_date=20240916T165631
[2024-09-16 13:56:31,803] {local_task_job.py:156} INFO - Task exited with return code 0
[2024-09-16 13:56:31,891] {local_task_job.py:273} INFO - 0 downstream tasks scheduled from follow-on schedule check
