[2024-09-16 00:05:04,309] {taskinstance.py:1159} INFO - Dependencies all met for <TaskInstance: BRONZER_GET_CRIPTOS.BRONZE_CRIPTO_AVAX scheduled__2024-03-30T00:00:00+00:00 [queued]>
[2024-09-16 00:05:04,376] {taskinstance.py:1159} INFO - Dependencies all met for <TaskInstance: BRONZER_GET_CRIPTOS.BRONZE_CRIPTO_AVAX scheduled__2024-03-30T00:00:00+00:00 [queued]>
[2024-09-16 00:05:04,376] {taskinstance.py:1356} INFO - 
--------------------------------------------------------------------------------
[2024-09-16 00:05:04,376] {taskinstance.py:1357} INFO - Starting attempt 1 of 1
[2024-09-16 00:05:04,376] {taskinstance.py:1358} INFO - 
--------------------------------------------------------------------------------
[2024-09-16 00:05:04,481] {taskinstance.py:1377} INFO - Executing <Task(_PythonDecoratedOperator): BRONZE_CRIPTO_AVAX> on 2024-03-30 00:00:00+00:00
[2024-09-16 00:05:04,542] {standard_task_runner.py:52} INFO - Started process 27451 to run task
[2024-09-16 00:05:04,563] {standard_task_runner.py:79} INFO - Running: ['airflow', 'tasks', 'run', 'BRONZER_GET_CRIPTOS', 'BRONZE_CRIPTO_AVAX', 'scheduled__2024-03-30T00:00:00+00:00', '--job-id', '551', '--raw', '--subdir', 'DAGS_FOLDER/get_cripto.py', '--cfg-path', '/tmp/tmpztqn6aof', '--error-file', '/tmp/tmpag_yclzq']
[2024-09-16 00:05:04,565] {standard_task_runner.py:80} INFO - Job 551: Subtask BRONZE_CRIPTO_AVAX
[2024-09-16 00:05:05,279] {task_command.py:370} INFO - Running <TaskInstance: BRONZER_GET_CRIPTOS.BRONZE_CRIPTO_AVAX scheduled__2024-03-30T00:00:00+00:00 [running]> on host kaiwang.
[2024-09-16 00:05:05,647] {taskinstance.py:1569} INFO - Exporting the following env vars:
AIRFLOW_CTX_DAG_OWNER=airflow
AIRFLOW_CTX_DAG_ID=BRONZER_GET_CRIPTOS
AIRFLOW_CTX_TASK_ID=BRONZE_CRIPTO_AVAX
AIRFLOW_CTX_EXECUTION_DATE=2024-03-30T00:00:00+00:00
AIRFLOW_CTX_TRY_NUMBER=1
AIRFLOW_CTX_DAG_RUN_ID=scheduled__2024-03-30T00:00:00+00:00
[2024-09-16 00:05:08,536] {history.py:122} ERROR - $AVAX: possibly delisted; no timezone found
[2024-09-16 00:05:08,542] {python.py:173} INFO - Done. Returned value was: None
[2024-09-16 00:05:08,607] {taskinstance.py:1395} INFO - Marking task as SUCCESS. dag_id=BRONZER_GET_CRIPTOS, task_id=BRONZE_CRIPTO_AVAX, execution_date=20240330T000000, start_date=20240916T030504, end_date=20240916T030508
[2024-09-16 00:05:08,676] {local_task_job.py:156} INFO - Task exited with return code 0
[2024-09-16 00:05:09,018] {local_task_job.py:273} INFO - 0 downstream tasks scheduled from follow-on schedule check
[2024-09-16 00:16:18,522] {taskinstance.py:1159} INFO - Dependencies all met for <TaskInstance: BRONZER_GET_CRIPTOS.BRONZE_CRIPTO_AVAX scheduled__2024-03-30T00:00:00+00:00 [queued]>
[2024-09-16 00:16:18,549] {taskinstance.py:1159} INFO - Dependencies all met for <TaskInstance: BRONZER_GET_CRIPTOS.BRONZE_CRIPTO_AVAX scheduled__2024-03-30T00:00:00+00:00 [queued]>
[2024-09-16 00:16:18,550] {taskinstance.py:1356} INFO - 
--------------------------------------------------------------------------------
[2024-09-16 00:16:18,550] {taskinstance.py:1357} INFO - Starting attempt 1 of 1
[2024-09-16 00:16:18,550] {taskinstance.py:1358} INFO - 
--------------------------------------------------------------------------------
[2024-09-16 00:16:18,611] {taskinstance.py:1377} INFO - Executing <Task(_PythonDecoratedOperator): BRONZE_CRIPTO_AVAX> on 2024-03-30 00:00:00+00:00
[2024-09-16 00:16:18,645] {standard_task_runner.py:52} INFO - Started process 58934 to run task
[2024-09-16 00:16:18,656] {standard_task_runner.py:79} INFO - Running: ['airflow', 'tasks', 'run', 'BRONZER_GET_CRIPTOS', 'BRONZE_CRIPTO_AVAX', 'scheduled__2024-03-30T00:00:00+00:00', '--job-id', '2359', '--raw', '--subdir', 'DAGS_FOLDER/get_cripto.py', '--cfg-path', '/tmp/tmpf37nk8h4', '--error-file', '/tmp/tmphbjq3t2z']
[2024-09-16 00:16:18,663] {standard_task_runner.py:80} INFO - Job 2359: Subtask BRONZE_CRIPTO_AVAX
[2024-09-16 00:16:18,918] {task_command.py:370} INFO - Running <TaskInstance: BRONZER_GET_CRIPTOS.BRONZE_CRIPTO_AVAX scheduled__2024-03-30T00:00:00+00:00 [running]> on host kaiwang.
[2024-09-16 00:16:19,264] {taskinstance.py:1569} INFO - Exporting the following env vars:
AIRFLOW_CTX_DAG_OWNER=airflow
AIRFLOW_CTX_DAG_ID=BRONZER_GET_CRIPTOS
AIRFLOW_CTX_TASK_ID=BRONZE_CRIPTO_AVAX
AIRFLOW_CTX_EXECUTION_DATE=2024-03-30T00:00:00+00:00
AIRFLOW_CTX_TRY_NUMBER=1
AIRFLOW_CTX_DAG_RUN_ID=scheduled__2024-03-30T00:00:00+00:00
[2024-09-16 00:16:22,357] {history.py:122} ERROR - $AVAX: possibly delisted; no timezone found
[2024-09-16 00:16:22,362] {python.py:173} INFO - Done. Returned value was: None
[2024-09-16 00:16:22,449] {taskinstance.py:1395} INFO - Marking task as SUCCESS. dag_id=BRONZER_GET_CRIPTOS, task_id=BRONZE_CRIPTO_AVAX, execution_date=20240330T000000, start_date=20240916T031618, end_date=20240916T031622
[2024-09-16 00:16:22,521] {local_task_job.py:156} INFO - Task exited with return code 0
[2024-09-16 00:16:22,784] {local_task_job.py:273} INFO - 0 downstream tasks scheduled from follow-on schedule check
