[2024-09-16 00:03:49,865] {taskinstance.py:1159} INFO - Dependencies all met for <TaskInstance: BRONZER_GET_CRIPTOS.BRONZE_CRIPTO_BTC scheduled__2024-02-07T00:00:00+00:00 [queued]>
[2024-09-16 00:03:49,918] {taskinstance.py:1159} INFO - Dependencies all met for <TaskInstance: BRONZER_GET_CRIPTOS.BRONZE_CRIPTO_BTC scheduled__2024-02-07T00:00:00+00:00 [queued]>
[2024-09-16 00:03:49,919] {taskinstance.py:1356} INFO - 
--------------------------------------------------------------------------------
[2024-09-16 00:03:49,919] {taskinstance.py:1357} INFO - Starting attempt 1 of 1
[2024-09-16 00:03:49,919] {taskinstance.py:1358} INFO - 
--------------------------------------------------------------------------------
[2024-09-16 00:03:49,981] {taskinstance.py:1377} INFO - Executing <Task(_PythonDecoratedOperator): BRONZE_CRIPTO_BTC> on 2024-02-07 00:00:00+00:00
[2024-09-16 00:03:49,990] {standard_task_runner.py:52} INFO - Started process 21728 to run task
[2024-09-16 00:03:50,016] {standard_task_runner.py:79} INFO - Running: ['airflow', 'tasks', 'run', 'BRONZER_GET_CRIPTOS', 'BRONZE_CRIPTO_BTC', 'scheduled__2024-02-07T00:00:00+00:00', '--job-id', '221', '--raw', '--subdir', 'DAGS_FOLDER/get_cripto.py', '--cfg-path', '/tmp/tmp3ecq2vnz', '--error-file', '/tmp/tmp_nyiqz9n']
[2024-09-16 00:03:50,018] {standard_task_runner.py:80} INFO - Job 221: Subtask BRONZE_CRIPTO_BTC
[2024-09-16 00:03:50,266] {task_command.py:370} INFO - Running <TaskInstance: BRONZER_GET_CRIPTOS.BRONZE_CRIPTO_BTC scheduled__2024-02-07T00:00:00+00:00 [running]> on host kaiwang.
[2024-09-16 00:03:50,510] {taskinstance.py:1569} INFO - Exporting the following env vars:
AIRFLOW_CTX_DAG_OWNER=airflow
AIRFLOW_CTX_DAG_ID=BRONZER_GET_CRIPTOS
AIRFLOW_CTX_TASK_ID=BRONZE_CRIPTO_BTC
AIRFLOW_CTX_EXECUTION_DATE=2024-02-07T00:00:00+00:00
AIRFLOW_CTX_TRY_NUMBER=1
AIRFLOW_CTX_DAG_RUN_ID=scheduled__2024-02-07T00:00:00+00:00
[2024-09-16 00:03:53,543] {history.py:244} ERROR - $BTC: possibly delisted; no price data found  (1h 2024-02-04 -> 2024-02-07) (Yahoo error = "Data doesn't exist for startDate = 1707022800, endDate = 1707282000")
[2024-09-16 00:03:53,569] {python.py:173} INFO - Done. Returned value was: None
[2024-09-16 00:03:53,642] {taskinstance.py:1395} INFO - Marking task as SUCCESS. dag_id=BRONZER_GET_CRIPTOS, task_id=BRONZE_CRIPTO_BTC, execution_date=20240207T000000, start_date=20240916T030349, end_date=20240916T030353
[2024-09-16 00:03:53,714] {local_task_job.py:156} INFO - Task exited with return code 0
[2024-09-16 00:03:54,085] {local_task_job.py:273} INFO - 0 downstream tasks scheduled from follow-on schedule check
[2024-09-16 00:13:30,604] {taskinstance.py:1159} INFO - Dependencies all met for <TaskInstance: BRONZER_GET_CRIPTOS.BRONZE_CRIPTO_BTC scheduled__2024-02-07T00:00:00+00:00 [queued]>
[2024-09-16 00:13:30,642] {taskinstance.py:1159} INFO - Dependencies all met for <TaskInstance: BRONZER_GET_CRIPTOS.BRONZE_CRIPTO_BTC scheduled__2024-02-07T00:00:00+00:00 [queued]>
[2024-09-16 00:13:30,642] {taskinstance.py:1356} INFO - 
--------------------------------------------------------------------------------
[2024-09-16 00:13:30,643] {taskinstance.py:1357} INFO - Starting attempt 1 of 1
[2024-09-16 00:13:30,643] {taskinstance.py:1358} INFO - 
--------------------------------------------------------------------------------
[2024-09-16 00:13:30,713] {taskinstance.py:1377} INFO - Executing <Task(_PythonDecoratedOperator): BRONZE_CRIPTO_BTC> on 2024-02-07 00:00:00+00:00
[2024-09-16 00:13:30,725] {standard_task_runner.py:52} INFO - Started process 47506 to run task
[2024-09-16 00:13:30,751] {standard_task_runner.py:79} INFO - Running: ['airflow', 'tasks', 'run', 'BRONZER_GET_CRIPTOS', 'BRONZE_CRIPTO_BTC', 'scheduled__2024-02-07T00:00:00+00:00', '--job-id', '1696', '--raw', '--subdir', 'DAGS_FOLDER/get_cripto.py', '--cfg-path', '/tmp/tmpmoppw1w0', '--error-file', '/tmp/tmpvuyxoka9']
[2024-09-16 00:13:30,759] {standard_task_runner.py:80} INFO - Job 1696: Subtask BRONZE_CRIPTO_BTC
[2024-09-16 00:13:31,050] {task_command.py:370} INFO - Running <TaskInstance: BRONZER_GET_CRIPTOS.BRONZE_CRIPTO_BTC scheduled__2024-02-07T00:00:00+00:00 [running]> on host kaiwang.
[2024-09-16 00:13:31,493] {taskinstance.py:1569} INFO - Exporting the following env vars:
AIRFLOW_CTX_DAG_OWNER=airflow
AIRFLOW_CTX_DAG_ID=BRONZER_GET_CRIPTOS
AIRFLOW_CTX_TASK_ID=BRONZE_CRIPTO_BTC
AIRFLOW_CTX_EXECUTION_DATE=2024-02-07T00:00:00+00:00
AIRFLOW_CTX_TRY_NUMBER=1
AIRFLOW_CTX_DAG_RUN_ID=scheduled__2024-02-07T00:00:00+00:00
[2024-09-16 00:13:35,262] {history.py:244} ERROR - $BTC: possibly delisted; no price data found  (1h 2024-02-04 -> 2024-02-07) (Yahoo error = "Data doesn't exist for startDate = 1707022800, endDate = 1707282000")
[2024-09-16 00:13:35,268] {python.py:173} INFO - Done. Returned value was: None
[2024-09-16 00:13:35,302] {taskinstance.py:1395} INFO - Marking task as SUCCESS. dag_id=BRONZER_GET_CRIPTOS, task_id=BRONZE_CRIPTO_BTC, execution_date=20240207T000000, start_date=20240916T031330, end_date=20240916T031335
[2024-09-16 00:13:35,350] {local_task_job.py:156} INFO - Task exited with return code 0
[2024-09-16 00:13:35,520] {local_task_job.py:273} INFO - 0 downstream tasks scheduled from follow-on schedule check
[2024-09-16 00:15:08,849] {taskinstance.py:1159} INFO - Dependencies all met for <TaskInstance: BRONZER_GET_CRIPTOS.BRONZE_CRIPTO_BTC scheduled__2024-02-07T00:00:00+00:00 [queued]>
[2024-09-16 00:15:08,896] {taskinstance.py:1159} INFO - Dependencies all met for <TaskInstance: BRONZER_GET_CRIPTOS.BRONZE_CRIPTO_BTC scheduled__2024-02-07T00:00:00+00:00 [queued]>
[2024-09-16 00:15:08,896] {taskinstance.py:1356} INFO - 
--------------------------------------------------------------------------------
[2024-09-16 00:15:08,896] {taskinstance.py:1357} INFO - Starting attempt 1 of 1
[2024-09-16 00:15:08,896] {taskinstance.py:1358} INFO - 
--------------------------------------------------------------------------------
[2024-09-16 00:15:08,966] {taskinstance.py:1377} INFO - Executing <Task(_PythonDecoratedOperator): BRONZE_CRIPTO_BTC> on 2024-02-07 00:00:00+00:00
[2024-09-16 00:15:08,973] {standard_task_runner.py:52} INFO - Started process 53245 to run task
[2024-09-16 00:15:08,996] {standard_task_runner.py:79} INFO - Running: ['airflow', 'tasks', 'run', 'BRONZER_GET_CRIPTOS', 'BRONZE_CRIPTO_BTC', 'scheduled__2024-02-07T00:00:00+00:00', '--job-id', '2026', '--raw', '--subdir', 'DAGS_FOLDER/get_cripto.py', '--cfg-path', '/tmp/tmpx0qfp8tx', '--error-file', '/tmp/tmpvrzzunif']
[2024-09-16 00:15:08,998] {standard_task_runner.py:80} INFO - Job 2026: Subtask BRONZE_CRIPTO_BTC
[2024-09-16 00:15:09,393] {task_command.py:370} INFO - Running <TaskInstance: BRONZER_GET_CRIPTOS.BRONZE_CRIPTO_BTC scheduled__2024-02-07T00:00:00+00:00 [running]> on host kaiwang.
[2024-09-16 00:15:09,750] {taskinstance.py:1569} INFO - Exporting the following env vars:
AIRFLOW_CTX_DAG_OWNER=airflow
AIRFLOW_CTX_DAG_ID=BRONZER_GET_CRIPTOS
AIRFLOW_CTX_TASK_ID=BRONZE_CRIPTO_BTC
AIRFLOW_CTX_EXECUTION_DATE=2024-02-07T00:00:00+00:00
AIRFLOW_CTX_TRY_NUMBER=1
AIRFLOW_CTX_DAG_RUN_ID=scheduled__2024-02-07T00:00:00+00:00
[2024-09-16 00:15:12,626] {history.py:244} ERROR - $BTC: possibly delisted; no price data found  (1h 2024-02-04 -> 2024-02-07) (Yahoo error = "Data doesn't exist for startDate = 1707022800, endDate = 1707282000")
[2024-09-16 00:15:12,630] {python.py:173} INFO - Done. Returned value was: None
[2024-09-16 00:15:12,687] {taskinstance.py:1395} INFO - Marking task as SUCCESS. dag_id=BRONZER_GET_CRIPTOS, task_id=BRONZE_CRIPTO_BTC, execution_date=20240207T000000, start_date=20240916T031508, end_date=20240916T031512
[2024-09-16 00:15:12,741] {local_task_job.py:156} INFO - Task exited with return code 0
[2024-09-16 00:15:12,904] {local_task_job.py:273} INFO - 0 downstream tasks scheduled from follow-on schedule check
