[2024-09-16 00:03:58,690] {taskinstance.py:1159} INFO - Dependencies all met for <TaskInstance: BRONZER_GET_CRIPTOS.BRONZE_CRIPTO_DOGE scheduled__2024-02-14T00:00:00+00:00 [queued]>
[2024-09-16 00:03:58,714] {taskinstance.py:1159} INFO - Dependencies all met for <TaskInstance: BRONZER_GET_CRIPTOS.BRONZE_CRIPTO_DOGE scheduled__2024-02-14T00:00:00+00:00 [queued]>
[2024-09-16 00:03:58,714] {taskinstance.py:1356} INFO - 
--------------------------------------------------------------------------------
[2024-09-16 00:03:58,714] {taskinstance.py:1357} INFO - Starting attempt 1 of 1
[2024-09-16 00:03:58,714] {taskinstance.py:1358} INFO - 
--------------------------------------------------------------------------------
[2024-09-16 00:03:58,777] {taskinstance.py:1377} INFO - Executing <Task(_PythonDecoratedOperator): BRONZE_CRIPTO_DOGE> on 2024-02-14 00:00:00+00:00
[2024-09-16 00:03:58,789] {standard_task_runner.py:52} INFO - Started process 22323 to run task
[2024-09-16 00:03:58,829] {standard_task_runner.py:79} INFO - Running: ['airflow', 'tasks', 'run', 'BRONZER_GET_CRIPTOS', 'BRONZE_CRIPTO_DOGE', 'scheduled__2024-02-14T00:00:00+00:00', '--job-id', '249', '--raw', '--subdir', 'DAGS_FOLDER/get_cripto.py', '--cfg-path', '/tmp/tmpfr1aushi', '--error-file', '/tmp/tmpjiqlrnst']
[2024-09-16 00:03:58,830] {standard_task_runner.py:80} INFO - Job 249: Subtask BRONZE_CRIPTO_DOGE
[2024-09-16 00:03:59,172] {task_command.py:370} INFO - Running <TaskInstance: BRONZER_GET_CRIPTOS.BRONZE_CRIPTO_DOGE scheduled__2024-02-14T00:00:00+00:00 [running]> on host kaiwang.
[2024-09-16 00:03:59,604] {taskinstance.py:1569} INFO - Exporting the following env vars:
AIRFLOW_CTX_DAG_OWNER=airflow
AIRFLOW_CTX_DAG_ID=BRONZER_GET_CRIPTOS
AIRFLOW_CTX_TASK_ID=BRONZE_CRIPTO_DOGE
AIRFLOW_CTX_EXECUTION_DATE=2024-02-14T00:00:00+00:00
AIRFLOW_CTX_TRY_NUMBER=1
AIRFLOW_CTX_DAG_RUN_ID=scheduled__2024-02-14T00:00:00+00:00
[2024-09-16 00:04:02,865] {history.py:122} ERROR - $DOGE: possibly delisted; no timezone found
[2024-09-16 00:04:02,869] {python.py:173} INFO - Done. Returned value was: None
[2024-09-16 00:04:02,926] {taskinstance.py:1395} INFO - Marking task as SUCCESS. dag_id=BRONZER_GET_CRIPTOS, task_id=BRONZE_CRIPTO_DOGE, execution_date=20240214T000000, start_date=20240916T030358, end_date=20240916T030402
[2024-09-16 00:04:02,983] {local_task_job.py:156} INFO - Task exited with return code 0
[2024-09-16 00:04:03,135] {local_task_job.py:273} INFO - 0 downstream tasks scheduled from follow-on schedule check
[2024-09-16 00:13:41,523] {taskinstance.py:1159} INFO - Dependencies all met for <TaskInstance: BRONZER_GET_CRIPTOS.BRONZE_CRIPTO_DOGE scheduled__2024-02-14T00:00:00+00:00 [queued]>
[2024-09-16 00:13:41,607] {taskinstance.py:1159} INFO - Dependencies all met for <TaskInstance: BRONZER_GET_CRIPTOS.BRONZE_CRIPTO_DOGE scheduled__2024-02-14T00:00:00+00:00 [queued]>
[2024-09-16 00:13:41,607] {taskinstance.py:1356} INFO - 
--------------------------------------------------------------------------------
[2024-09-16 00:13:41,607] {taskinstance.py:1357} INFO - Starting attempt 1 of 1
[2024-09-16 00:13:41,607] {taskinstance.py:1358} INFO - 
--------------------------------------------------------------------------------
[2024-09-16 00:13:41,671] {taskinstance.py:1377} INFO - Executing <Task(_PythonDecoratedOperator): BRONZE_CRIPTO_DOGE> on 2024-02-14 00:00:00+00:00
[2024-09-16 00:13:41,678] {standard_task_runner.py:52} INFO - Started process 48405 to run task
[2024-09-16 00:13:41,696] {standard_task_runner.py:79} INFO - Running: ['airflow', 'tasks', 'run', 'BRONZER_GET_CRIPTOS', 'BRONZE_CRIPTO_DOGE', 'scheduled__2024-02-14T00:00:00+00:00', '--job-id', '1753', '--raw', '--subdir', 'DAGS_FOLDER/get_cripto.py', '--cfg-path', '/tmp/tmp0h4_qsrg', '--error-file', '/tmp/tmp0xt9jcso']
[2024-09-16 00:13:41,698] {standard_task_runner.py:80} INFO - Job 1753: Subtask BRONZE_CRIPTO_DOGE
[2024-09-16 00:13:41,918] {task_command.py:370} INFO - Running <TaskInstance: BRONZER_GET_CRIPTOS.BRONZE_CRIPTO_DOGE scheduled__2024-02-14T00:00:00+00:00 [running]> on host kaiwang.
[2024-09-16 00:13:42,231] {taskinstance.py:1569} INFO - Exporting the following env vars:
AIRFLOW_CTX_DAG_OWNER=airflow
AIRFLOW_CTX_DAG_ID=BRONZER_GET_CRIPTOS
AIRFLOW_CTX_TASK_ID=BRONZE_CRIPTO_DOGE
AIRFLOW_CTX_EXECUTION_DATE=2024-02-14T00:00:00+00:00
AIRFLOW_CTX_TRY_NUMBER=1
AIRFLOW_CTX_DAG_RUN_ID=scheduled__2024-02-14T00:00:00+00:00
[2024-09-16 00:13:45,069] {history.py:122} ERROR - $DOGE: possibly delisted; no timezone found
[2024-09-16 00:13:45,075] {python.py:173} INFO - Done. Returned value was: None
[2024-09-16 00:13:45,132] {taskinstance.py:1395} INFO - Marking task as SUCCESS. dag_id=BRONZER_GET_CRIPTOS, task_id=BRONZE_CRIPTO_DOGE, execution_date=20240214T000000, start_date=20240916T031341, end_date=20240916T031345
[2024-09-16 00:13:45,247] {local_task_job.py:156} INFO - Task exited with return code 0
[2024-09-16 00:13:45,378] {local_task_job.py:273} INFO - 0 downstream tasks scheduled from follow-on schedule check
[2024-09-16 00:15:16,557] {taskinstance.py:1159} INFO - Dependencies all met for <TaskInstance: BRONZER_GET_CRIPTOS.BRONZE_CRIPTO_DOGE scheduled__2024-02-14T00:00:00+00:00 [queued]>
[2024-09-16 00:15:16,592] {taskinstance.py:1159} INFO - Dependencies all met for <TaskInstance: BRONZER_GET_CRIPTOS.BRONZE_CRIPTO_DOGE scheduled__2024-02-14T00:00:00+00:00 [queued]>
[2024-09-16 00:15:16,592] {taskinstance.py:1356} INFO - 
--------------------------------------------------------------------------------
[2024-09-16 00:15:16,592] {taskinstance.py:1357} INFO - Starting attempt 1 of 1
[2024-09-16 00:15:16,592] {taskinstance.py:1358} INFO - 
--------------------------------------------------------------------------------
[2024-09-16 00:15:16,623] {taskinstance.py:1377} INFO - Executing <Task(_PythonDecoratedOperator): BRONZE_CRIPTO_DOGE> on 2024-02-14 00:00:00+00:00
[2024-09-16 00:15:16,629] {standard_task_runner.py:52} INFO - Started process 53876 to run task
[2024-09-16 00:15:16,649] {standard_task_runner.py:79} INFO - Running: ['airflow', 'tasks', 'run', 'BRONZER_GET_CRIPTOS', 'BRONZE_CRIPTO_DOGE', 'scheduled__2024-02-14T00:00:00+00:00', '--job-id', '2061', '--raw', '--subdir', 'DAGS_FOLDER/get_cripto.py', '--cfg-path', '/tmp/tmpzp955bzb', '--error-file', '/tmp/tmptsgf0f_r']
[2024-09-16 00:15:16,650] {standard_task_runner.py:80} INFO - Job 2061: Subtask BRONZE_CRIPTO_DOGE
[2024-09-16 00:15:16,958] {task_command.py:370} INFO - Running <TaskInstance: BRONZER_GET_CRIPTOS.BRONZE_CRIPTO_DOGE scheduled__2024-02-14T00:00:00+00:00 [running]> on host kaiwang.
[2024-09-16 00:15:17,290] {taskinstance.py:1569} INFO - Exporting the following env vars:
AIRFLOW_CTX_DAG_OWNER=airflow
AIRFLOW_CTX_DAG_ID=BRONZER_GET_CRIPTOS
AIRFLOW_CTX_TASK_ID=BRONZE_CRIPTO_DOGE
AIRFLOW_CTX_EXECUTION_DATE=2024-02-14T00:00:00+00:00
AIRFLOW_CTX_TRY_NUMBER=1
AIRFLOW_CTX_DAG_RUN_ID=scheduled__2024-02-14T00:00:00+00:00
[2024-09-16 00:15:20,360] {history.py:122} ERROR - $DOGE: possibly delisted; no timezone found
[2024-09-16 00:15:20,364] {python.py:173} INFO - Done. Returned value was: None
[2024-09-16 00:15:20,432] {taskinstance.py:1395} INFO - Marking task as SUCCESS. dag_id=BRONZER_GET_CRIPTOS, task_id=BRONZE_CRIPTO_DOGE, execution_date=20240214T000000, start_date=20240916T031516, end_date=20240916T031520
[2024-09-16 00:15:20,472] {local_task_job.py:156} INFO - Task exited with return code 0
[2024-09-16 00:15:20,661] {local_task_job.py:273} INFO - 0 downstream tasks scheduled from follow-on schedule check
