[2024-09-16 00:05:08,172] {taskinstance.py:1159} INFO - Dependencies all met for <TaskInstance: BRONZER_GET_STONCKS.BRONZE_STONCKS_GOOG scheduled__2024-04-13T00:00:00+00:00 [queued]>
[2024-09-16 00:05:08,211] {taskinstance.py:1159} INFO - Dependencies all met for <TaskInstance: BRONZER_GET_STONCKS.BRONZE_STONCKS_GOOG scheduled__2024-04-13T00:00:00+00:00 [queued]>
[2024-09-16 00:05:08,215] {taskinstance.py:1356} INFO - 
--------------------------------------------------------------------------------
[2024-09-16 00:05:08,215] {taskinstance.py:1357} INFO - Starting attempt 1 of 1
[2024-09-16 00:05:08,215] {taskinstance.py:1358} INFO - 
--------------------------------------------------------------------------------
[2024-09-16 00:05:08,263] {taskinstance.py:1377} INFO - Executing <Task(_PythonDecoratedOperator): BRONZE_STONCKS_GOOG> on 2024-04-13 00:00:00+00:00
[2024-09-16 00:05:08,274] {standard_task_runner.py:52} INFO - Started process 27761 to run task
[2024-09-16 00:05:08,305] {standard_task_runner.py:79} INFO - Running: ['airflow', 'tasks', 'run', 'BRONZER_GET_STONCKS', 'BRONZE_STONCKS_GOOG', 'scheduled__2024-04-13T00:00:00+00:00', '--job-id', '564', '--raw', '--subdir', 'DAGS_FOLDER/get_stocks.py', '--cfg-path', '/tmp/tmpoynzos5c', '--error-file', '/tmp/tmpbt4iczzt']
[2024-09-16 00:05:08,306] {standard_task_runner.py:80} INFO - Job 564: Subtask BRONZE_STONCKS_GOOG
[2024-09-16 00:05:08,530] {task_command.py:370} INFO - Running <TaskInstance: BRONZER_GET_STONCKS.BRONZE_STONCKS_GOOG scheduled__2024-04-13T00:00:00+00:00 [running]> on host kaiwang.
[2024-09-16 00:05:08,847] {taskinstance.py:1569} INFO - Exporting the following env vars:
AIRFLOW_CTX_DAG_OWNER=airflow
AIRFLOW_CTX_DAG_ID=BRONZER_GET_STONCKS
AIRFLOW_CTX_TASK_ID=BRONZE_STONCKS_GOOG
AIRFLOW_CTX_EXECUTION_DATE=2024-04-13T00:00:00+00:00
AIRFLOW_CTX_TRY_NUMBER=1
AIRFLOW_CTX_DAG_RUN_ID=scheduled__2024-04-13T00:00:00+00:00
[2024-09-16 00:05:09,838] {python.py:173} INFO - Done. Returned value was: None
[2024-09-16 00:05:10,173] {taskinstance.py:1395} INFO - Marking task as SUCCESS. dag_id=BRONZER_GET_STONCKS, task_id=BRONZE_STONCKS_GOOG, execution_date=20240413T000000, start_date=20240916T030508, end_date=20240916T030510
[2024-09-16 00:05:10,246] {local_task_job.py:156} INFO - Task exited with return code 0
[2024-09-16 00:05:10,641] {local_task_job.py:273} INFO - 0 downstream tasks scheduled from follow-on schedule check
[2024-09-16 00:16:12,889] {taskinstance.py:1159} INFO - Dependencies all met for <TaskInstance: BRONZER_GET_STONCKS.BRONZE_STONCKS_GOOG scheduled__2024-04-13T00:00:00+00:00 [queued]>
[2024-09-16 00:16:12,948] {taskinstance.py:1159} INFO - Dependencies all met for <TaskInstance: BRONZER_GET_STONCKS.BRONZE_STONCKS_GOOG scheduled__2024-04-13T00:00:00+00:00 [queued]>
[2024-09-16 00:16:12,956] {taskinstance.py:1356} INFO - 
--------------------------------------------------------------------------------
[2024-09-16 00:16:12,956] {taskinstance.py:1357} INFO - Starting attempt 1 of 1
[2024-09-16 00:16:12,956] {taskinstance.py:1358} INFO - 
--------------------------------------------------------------------------------
[2024-09-16 00:16:13,012] {taskinstance.py:1377} INFO - Executing <Task(_PythonDecoratedOperator): BRONZE_STONCKS_GOOG> on 2024-04-13 00:00:00+00:00
[2024-09-16 00:16:13,019] {standard_task_runner.py:52} INFO - Started process 58443 to run task
[2024-09-16 00:16:13,058] {standard_task_runner.py:79} INFO - Running: ['airflow', 'tasks', 'run', 'BRONZER_GET_STONCKS', 'BRONZE_STONCKS_GOOG', 'scheduled__2024-04-13T00:00:00+00:00', '--job-id', '2330', '--raw', '--subdir', 'DAGS_FOLDER/get_stocks.py', '--cfg-path', '/tmp/tmp1ldjiiw4', '--error-file', '/tmp/tmpx5lgcvmu']
[2024-09-16 00:16:13,059] {standard_task_runner.py:80} INFO - Job 2330: Subtask BRONZE_STONCKS_GOOG
[2024-09-16 00:16:13,346] {task_command.py:370} INFO - Running <TaskInstance: BRONZER_GET_STONCKS.BRONZE_STONCKS_GOOG scheduled__2024-04-13T00:00:00+00:00 [running]> on host kaiwang.
[2024-09-16 00:16:13,650] {taskinstance.py:1569} INFO - Exporting the following env vars:
AIRFLOW_CTX_DAG_OWNER=airflow
AIRFLOW_CTX_DAG_ID=BRONZER_GET_STONCKS
AIRFLOW_CTX_TASK_ID=BRONZE_STONCKS_GOOG
AIRFLOW_CTX_EXECUTION_DATE=2024-04-13T00:00:00+00:00
AIRFLOW_CTX_TRY_NUMBER=1
AIRFLOW_CTX_DAG_RUN_ID=scheduled__2024-04-13T00:00:00+00:00
[2024-09-16 00:16:14,350] {python.py:173} INFO - Done. Returned value was: None
[2024-09-16 00:16:14,409] {taskinstance.py:1395} INFO - Marking task as SUCCESS. dag_id=BRONZER_GET_STONCKS, task_id=BRONZE_STONCKS_GOOG, execution_date=20240413T000000, start_date=20240916T031612, end_date=20240916T031614
[2024-09-16 00:16:14,462] {local_task_job.py:156} INFO - Task exited with return code 0
[2024-09-16 00:16:14,564] {local_task_job.py:273} INFO - 0 downstream tasks scheduled from follow-on schedule check
