[2024-09-16 00:08:26,296] {taskinstance.py:1159} INFO - Dependencies all met for <TaskInstance: BRONZER_GET_CRIPTOS.BRONZE_CRIPTO_DOGE scheduled__2024-09-12T00:00:00+00:00 [queued]>
[2024-09-16 00:08:26,333] {taskinstance.py:1159} INFO - Dependencies all met for <TaskInstance: BRONZER_GET_CRIPTOS.BRONZE_CRIPTO_DOGE scheduled__2024-09-12T00:00:00+00:00 [queued]>
[2024-09-16 00:08:26,333] {taskinstance.py:1356} INFO - 
--------------------------------------------------------------------------------
[2024-09-16 00:08:26,333] {taskinstance.py:1357} INFO - Starting attempt 1 of 1
[2024-09-16 00:08:26,333] {taskinstance.py:1358} INFO - 
--------------------------------------------------------------------------------
[2024-09-16 00:08:26,353] {taskinstance.py:1377} INFO - Executing <Task(_PythonDecoratedOperator): BRONZE_CRIPTO_DOGE> on 2024-09-12 00:00:00+00:00
[2024-09-16 00:08:26,358] {standard_task_runner.py:52} INFO - Started process 43211 to run task
[2024-09-16 00:08:26,366] {standard_task_runner.py:79} INFO - Running: ['airflow', 'tasks', 'run', 'BRONZER_GET_CRIPTOS', 'BRONZE_CRIPTO_DOGE', 'scheduled__2024-09-12T00:00:00+00:00', '--job-id', '1469', '--raw', '--subdir', 'DAGS_FOLDER/get_cripto.py', '--cfg-path', '/tmp/tmp86nab4xf', '--error-file', '/tmp/tmpp02jbolg']
[2024-09-16 00:08:26,368] {standard_task_runner.py:80} INFO - Job 1469: Subtask BRONZE_CRIPTO_DOGE
[2024-09-16 00:08:26,459] {task_command.py:370} INFO - Running <TaskInstance: BRONZER_GET_CRIPTOS.BRONZE_CRIPTO_DOGE scheduled__2024-09-12T00:00:00+00:00 [running]> on host kaiwang.
[2024-09-16 00:08:26,541] {taskinstance.py:1569} INFO - Exporting the following env vars:
AIRFLOW_CTX_DAG_OWNER=airflow
AIRFLOW_CTX_DAG_ID=BRONZER_GET_CRIPTOS
AIRFLOW_CTX_TASK_ID=BRONZE_CRIPTO_DOGE
AIRFLOW_CTX_EXECUTION_DATE=2024-09-12T00:00:00+00:00
AIRFLOW_CTX_TRY_NUMBER=1
AIRFLOW_CTX_DAG_RUN_ID=scheduled__2024-09-12T00:00:00+00:00
[2024-09-16 00:08:28,920] {history.py:122} ERROR - $DOGE: possibly delisted; no timezone found
[2024-09-16 00:08:28,925] {python.py:173} INFO - Done. Returned value was: None
[2024-09-16 00:08:28,946] {taskinstance.py:1395} INFO - Marking task as SUCCESS. dag_id=BRONZER_GET_CRIPTOS, task_id=BRONZE_CRIPTO_DOGE, execution_date=20240912T000000, start_date=20240916T030826, end_date=20240916T030828
[2024-09-16 00:08:28,983] {local_task_job.py:156} INFO - Task exited with return code 0
[2024-09-16 00:08:29,028] {local_task_job.py:273} INFO - 0 downstream tasks scheduled from follow-on schedule check
[2024-09-16 13:56:54,017] {taskinstance.py:1159} INFO - Dependencies all met for <TaskInstance: BRONZER_GET_CRIPTOS.BRONZE_CRIPTO_DOGE scheduled__2024-09-12T00:00:00+00:00 [queued]>
[2024-09-16 13:56:54,029] {taskinstance.py:1159} INFO - Dependencies all met for <TaskInstance: BRONZER_GET_CRIPTOS.BRONZE_CRIPTO_DOGE scheduled__2024-09-12T00:00:00+00:00 [queued]>
[2024-09-16 13:56:54,030] {taskinstance.py:1356} INFO - 
--------------------------------------------------------------------------------
[2024-09-16 13:56:54,030] {taskinstance.py:1357} INFO - Starting attempt 1 of 1
[2024-09-16 13:56:54,030] {taskinstance.py:1358} INFO - 
--------------------------------------------------------------------------------
[2024-09-16 13:56:54,043] {taskinstance.py:1377} INFO - Executing <Task(_PythonDecoratedOperator): BRONZE_CRIPTO_DOGE> on 2024-09-12 00:00:00+00:00
[2024-09-16 13:56:54,049] {standard_task_runner.py:52} INFO - Started process 141176 to run task
[2024-09-16 13:56:54,052] {standard_task_runner.py:79} INFO - Running: ['airflow', 'tasks', 'run', 'BRONZER_GET_CRIPTOS', 'BRONZE_CRIPTO_DOGE', 'scheduled__2024-09-12T00:00:00+00:00', '--job-id', '2682', '--raw', '--subdir', 'DAGS_FOLDER/get_cripto.py', '--cfg-path', '/tmp/tmpzkqrt3nl', '--error-file', '/tmp/tmp3wa_q25v']
[2024-09-16 13:56:54,053] {standard_task_runner.py:80} INFO - Job 2682: Subtask BRONZE_CRIPTO_DOGE
[2024-09-16 13:56:54,138] {task_command.py:370} INFO - Running <TaskInstance: BRONZER_GET_CRIPTOS.BRONZE_CRIPTO_DOGE scheduled__2024-09-12T00:00:00+00:00 [running]> on host kaiwang.
[2024-09-16 13:56:54,372] {taskinstance.py:1569} INFO - Exporting the following env vars:
AIRFLOW_CTX_DAG_OWNER=airflow
AIRFLOW_CTX_DAG_ID=BRONZER_GET_CRIPTOS
AIRFLOW_CTX_TASK_ID=BRONZE_CRIPTO_DOGE
AIRFLOW_CTX_EXECUTION_DATE=2024-09-12T00:00:00+00:00
AIRFLOW_CTX_TRY_NUMBER=1
AIRFLOW_CTX_DAG_RUN_ID=scheduled__2024-09-12T00:00:00+00:00
[2024-09-16 13:56:58,075] {history.py:122} ERROR - $DOGE: possibly delisted; no timezone found
[2024-09-16 13:56:58,078] {python.py:173} INFO - Done. Returned value was: None
[2024-09-16 13:56:58,094] {taskinstance.py:1395} INFO - Marking task as SUCCESS. dag_id=BRONZER_GET_CRIPTOS, task_id=BRONZE_CRIPTO_DOGE, execution_date=20240912T000000, start_date=20240916T165654, end_date=20240916T165658
[2024-09-16 13:56:58,125] {local_task_job.py:156} INFO - Task exited with return code 0
[2024-09-16 13:56:58,162] {local_task_job.py:273} INFO - 0 downstream tasks scheduled from follow-on schedule check
