[2024-09-16 00:05:04,690] {taskinstance.py:1159} INFO - Dependencies all met for <TaskInstance: BRONZER_GET_STONCKS.BRONZE_STONCKS_MSFT scheduled__2024-04-12T00:00:00+00:00 [queued]>
[2024-09-16 00:05:04,766] {taskinstance.py:1159} INFO - Dependencies all met for <TaskInstance: BRONZER_GET_STONCKS.BRONZE_STONCKS_MSFT scheduled__2024-04-12T00:00:00+00:00 [queued]>
[2024-09-16 00:05:04,766] {taskinstance.py:1356} INFO - 
--------------------------------------------------------------------------------
[2024-09-16 00:05:04,767] {taskinstance.py:1357} INFO - Starting attempt 1 of 1
[2024-09-16 00:05:04,802] {taskinstance.py:1358} INFO - 
--------------------------------------------------------------------------------
[2024-09-16 00:05:04,893] {taskinstance.py:1377} INFO - Executing <Task(_PythonDecoratedOperator): BRONZE_STONCKS_MSFT> on 2024-04-12 00:00:00+00:00
[2024-09-16 00:05:04,927] {standard_task_runner.py:52} INFO - Started process 27500 to run task
[2024-09-16 00:05:04,953] {standard_task_runner.py:79} INFO - Running: ['airflow', 'tasks', 'run', 'BRONZER_GET_STONCKS', 'BRONZE_STONCKS_MSFT', 'scheduled__2024-04-12T00:00:00+00:00', '--job-id', '554', '--raw', '--subdir', 'DAGS_FOLDER/get_stocks.py', '--cfg-path', '/tmp/tmp7w953lgl', '--error-file', '/tmp/tmp0_qyrhxs']
[2024-09-16 00:05:04,977] {standard_task_runner.py:80} INFO - Job 554: Subtask BRONZE_STONCKS_MSFT
[2024-09-16 00:05:05,315] {task_command.py:370} INFO - Running <TaskInstance: BRONZER_GET_STONCKS.BRONZE_STONCKS_MSFT scheduled__2024-04-12T00:00:00+00:00 [running]> on host kaiwang.
[2024-09-16 00:05:05,718] {taskinstance.py:1569} INFO - Exporting the following env vars:
AIRFLOW_CTX_DAG_OWNER=airflow
AIRFLOW_CTX_DAG_ID=BRONZER_GET_STONCKS
AIRFLOW_CTX_TASK_ID=BRONZE_STONCKS_MSFT
AIRFLOW_CTX_EXECUTION_DATE=2024-04-12T00:00:00+00:00
AIRFLOW_CTX_TRY_NUMBER=1
AIRFLOW_CTX_DAG_RUN_ID=scheduled__2024-04-12T00:00:00+00:00
[2024-09-16 00:05:06,567] {python.py:173} INFO - Done. Returned value was: None
[2024-09-16 00:05:06,601] {taskinstance.py:1395} INFO - Marking task as SUCCESS. dag_id=BRONZER_GET_STONCKS, task_id=BRONZE_STONCKS_MSFT, execution_date=20240412T000000, start_date=20240916T030504, end_date=20240916T030506
[2024-09-16 00:05:06,645] {local_task_job.py:156} INFO - Task exited with return code 0
[2024-09-16 00:05:06,778] {local_task_job.py:273} INFO - 0 downstream tasks scheduled from follow-on schedule check
[2024-09-16 00:16:08,438] {taskinstance.py:1159} INFO - Dependencies all met for <TaskInstance: BRONZER_GET_STONCKS.BRONZE_STONCKS_MSFT scheduled__2024-04-12T00:00:00+00:00 [queued]>
[2024-09-16 00:16:08,460] {taskinstance.py:1159} INFO - Dependencies all met for <TaskInstance: BRONZER_GET_STONCKS.BRONZE_STONCKS_MSFT scheduled__2024-04-12T00:00:00+00:00 [queued]>
[2024-09-16 00:16:08,460] {taskinstance.py:1356} INFO - 
--------------------------------------------------------------------------------
[2024-09-16 00:16:08,460] {taskinstance.py:1357} INFO - Starting attempt 1 of 1
[2024-09-16 00:16:08,460] {taskinstance.py:1358} INFO - 
--------------------------------------------------------------------------------
[2024-09-16 00:16:08,483] {taskinstance.py:1377} INFO - Executing <Task(_PythonDecoratedOperator): BRONZE_STONCKS_MSFT> on 2024-04-12 00:00:00+00:00
[2024-09-16 00:16:08,489] {standard_task_runner.py:52} INFO - Started process 58171 to run task
[2024-09-16 00:16:08,499] {standard_task_runner.py:79} INFO - Running: ['airflow', 'tasks', 'run', 'BRONZER_GET_STONCKS', 'BRONZE_STONCKS_MSFT', 'scheduled__2024-04-12T00:00:00+00:00', '--job-id', '2320', '--raw', '--subdir', 'DAGS_FOLDER/get_stocks.py', '--cfg-path', '/tmp/tmpdaiv62sn', '--error-file', '/tmp/tmpzl8q5b0c']
[2024-09-16 00:16:08,503] {standard_task_runner.py:80} INFO - Job 2320: Subtask BRONZE_STONCKS_MSFT
[2024-09-16 00:16:08,657] {task_command.py:370} INFO - Running <TaskInstance: BRONZER_GET_STONCKS.BRONZE_STONCKS_MSFT scheduled__2024-04-12T00:00:00+00:00 [running]> on host kaiwang.
[2024-09-16 00:16:08,856] {taskinstance.py:1569} INFO - Exporting the following env vars:
AIRFLOW_CTX_DAG_OWNER=airflow
AIRFLOW_CTX_DAG_ID=BRONZER_GET_STONCKS
AIRFLOW_CTX_TASK_ID=BRONZE_STONCKS_MSFT
AIRFLOW_CTX_EXECUTION_DATE=2024-04-12T00:00:00+00:00
AIRFLOW_CTX_TRY_NUMBER=1
AIRFLOW_CTX_DAG_RUN_ID=scheduled__2024-04-12T00:00:00+00:00
[2024-09-16 00:16:09,480] {python.py:173} INFO - Done. Returned value was: None
[2024-09-16 00:16:09,541] {taskinstance.py:1395} INFO - Marking task as SUCCESS. dag_id=BRONZER_GET_STONCKS, task_id=BRONZE_STONCKS_MSFT, execution_date=20240412T000000, start_date=20240916T031608, end_date=20240916T031609
[2024-09-16 00:16:09,599] {local_task_job.py:156} INFO - Task exited with return code 0
[2024-09-16 00:16:09,664] {local_task_job.py:273} INFO - 0 downstream tasks scheduled from follow-on schedule check
