[2024-09-16 00:03:17,603] {taskinstance.py:1159} INFO - Dependencies all met for <TaskInstance: BRONZER_GET_CRIPTOS.BRONZE_CRIPTO_DOGE scheduled__2024-01-13T00:00:00+00:00 [queued]>
[2024-09-16 00:03:17,682] {taskinstance.py:1159} INFO - Dependencies all met for <TaskInstance: BRONZER_GET_CRIPTOS.BRONZE_CRIPTO_DOGE scheduled__2024-01-13T00:00:00+00:00 [queued]>
[2024-09-16 00:03:17,683] {taskinstance.py:1356} INFO - 
--------------------------------------------------------------------------------
[2024-09-16 00:03:17,683] {taskinstance.py:1357} INFO - Starting attempt 1 of 1
[2024-09-16 00:03:17,683] {taskinstance.py:1358} INFO - 
--------------------------------------------------------------------------------
[2024-09-16 00:03:17,730] {taskinstance.py:1377} INFO - Executing <Task(_PythonDecoratedOperator): BRONZE_CRIPTO_DOGE> on 2024-01-13 00:00:00+00:00
[2024-09-16 00:03:17,737] {standard_task_runner.py:52} INFO - Started process 19359 to run task
[2024-09-16 00:03:17,784] {standard_task_runner.py:79} INFO - Running: ['airflow', 'tasks', 'run', 'BRONZER_GET_CRIPTOS', 'BRONZE_CRIPTO_DOGE', 'scheduled__2024-01-13T00:00:00+00:00', '--job-id', '80', '--raw', '--subdir', 'DAGS_FOLDER/get_cripto.py', '--cfg-path', '/tmp/tmpe8mhnwh9', '--error-file', '/tmp/tmp0sj0tym9']
[2024-09-16 00:03:17,786] {standard_task_runner.py:80} INFO - Job 80: Subtask BRONZE_CRIPTO_DOGE
[2024-09-16 00:03:18,285] {task_command.py:370} INFO - Running <TaskInstance: BRONZER_GET_CRIPTOS.BRONZE_CRIPTO_DOGE scheduled__2024-01-13T00:00:00+00:00 [running]> on host kaiwang.
[2024-09-16 00:03:18,751] {taskinstance.py:1569} INFO - Exporting the following env vars:
AIRFLOW_CTX_DAG_OWNER=airflow
AIRFLOW_CTX_DAG_ID=BRONZER_GET_CRIPTOS
AIRFLOW_CTX_TASK_ID=BRONZE_CRIPTO_DOGE
AIRFLOW_CTX_EXECUTION_DATE=2024-01-13T00:00:00+00:00
AIRFLOW_CTX_TRY_NUMBER=1
AIRFLOW_CTX_DAG_RUN_ID=scheduled__2024-01-13T00:00:00+00:00
[2024-09-16 00:03:21,242] {history.py:122} ERROR - $DOGE: possibly delisted; no timezone found
[2024-09-16 00:03:21,251] {python.py:173} INFO - Done. Returned value was: None
[2024-09-16 00:03:21,446] {taskinstance.py:1395} INFO - Marking task as SUCCESS. dag_id=BRONZER_GET_CRIPTOS, task_id=BRONZE_CRIPTO_DOGE, execution_date=20240113T000000, start_date=20240916T030317, end_date=20240916T030321
[2024-09-16 00:03:21,542] {local_task_job.py:156} INFO - Task exited with return code 0
[2024-09-16 00:03:22,150] {local_task_job.py:273} INFO - 0 downstream tasks scheduled from follow-on schedule check
[2024-09-16 00:12:59,360] {taskinstance.py:1159} INFO - Dependencies all met for <TaskInstance: BRONZER_GET_CRIPTOS.BRONZE_CRIPTO_DOGE scheduled__2024-01-13T00:00:00+00:00 [queued]>
[2024-09-16 00:12:59,400] {taskinstance.py:1159} INFO - Dependencies all met for <TaskInstance: BRONZER_GET_CRIPTOS.BRONZE_CRIPTO_DOGE scheduled__2024-01-13T00:00:00+00:00 [queued]>
[2024-09-16 00:12:59,400] {taskinstance.py:1356} INFO - 
--------------------------------------------------------------------------------
[2024-09-16 00:12:59,400] {taskinstance.py:1357} INFO - Starting attempt 1 of 1
[2024-09-16 00:12:59,400] {taskinstance.py:1358} INFO - 
--------------------------------------------------------------------------------
[2024-09-16 00:12:59,458] {taskinstance.py:1377} INFO - Executing <Task(_PythonDecoratedOperator): BRONZE_CRIPTO_DOGE> on 2024-01-13 00:00:00+00:00
[2024-09-16 00:12:59,469] {standard_task_runner.py:52} INFO - Started process 44991 to run task
[2024-09-16 00:12:59,502] {standard_task_runner.py:79} INFO - Running: ['airflow', 'tasks', 'run', 'BRONZER_GET_CRIPTOS', 'BRONZE_CRIPTO_DOGE', 'scheduled__2024-01-13T00:00:00+00:00', '--job-id', '1554', '--raw', '--subdir', 'DAGS_FOLDER/get_cripto.py', '--cfg-path', '/tmp/tmp6kagkawb', '--error-file', '/tmp/tmpz_g9l_dw']
[2024-09-16 00:12:59,503] {standard_task_runner.py:80} INFO - Job 1554: Subtask BRONZE_CRIPTO_DOGE
[2024-09-16 00:12:59,768] {task_command.py:370} INFO - Running <TaskInstance: BRONZER_GET_CRIPTOS.BRONZE_CRIPTO_DOGE scheduled__2024-01-13T00:00:00+00:00 [running]> on host kaiwang.
[2024-09-16 00:12:59,929] {taskinstance.py:1569} INFO - Exporting the following env vars:
AIRFLOW_CTX_DAG_OWNER=airflow
AIRFLOW_CTX_DAG_ID=BRONZER_GET_CRIPTOS
AIRFLOW_CTX_TASK_ID=BRONZE_CRIPTO_DOGE
AIRFLOW_CTX_EXECUTION_DATE=2024-01-13T00:00:00+00:00
AIRFLOW_CTX_TRY_NUMBER=1
AIRFLOW_CTX_DAG_RUN_ID=scheduled__2024-01-13T00:00:00+00:00
[2024-09-16 00:13:03,390] {history.py:122} ERROR - $DOGE: possibly delisted; no timezone found
[2024-09-16 00:13:03,395] {python.py:173} INFO - Done. Returned value was: None
[2024-09-16 00:13:03,675] {taskinstance.py:1395} INFO - Marking task as SUCCESS. dag_id=BRONZER_GET_CRIPTOS, task_id=BRONZE_CRIPTO_DOGE, execution_date=20240113T000000, start_date=20240916T031259, end_date=20240916T031303
[2024-09-16 00:13:03,721] {local_task_job.py:156} INFO - Task exited with return code 0
[2024-09-16 00:13:04,247] {local_task_job.py:273} INFO - 0 downstream tasks scheduled from follow-on schedule check
[2024-09-16 00:14:34,221] {taskinstance.py:1159} INFO - Dependencies all met for <TaskInstance: BRONZER_GET_CRIPTOS.BRONZE_CRIPTO_DOGE scheduled__2024-01-13T00:00:00+00:00 [queued]>
[2024-09-16 00:14:34,282] {taskinstance.py:1159} INFO - Dependencies all met for <TaskInstance: BRONZER_GET_CRIPTOS.BRONZE_CRIPTO_DOGE scheduled__2024-01-13T00:00:00+00:00 [queued]>
[2024-09-16 00:14:34,282] {taskinstance.py:1356} INFO - 
--------------------------------------------------------------------------------
[2024-09-16 00:14:34,282] {taskinstance.py:1357} INFO - Starting attempt 1 of 1
[2024-09-16 00:14:34,282] {taskinstance.py:1358} INFO - 
--------------------------------------------------------------------------------
[2024-09-16 00:14:34,359] {taskinstance.py:1377} INFO - Executing <Task(_PythonDecoratedOperator): BRONZE_CRIPTO_DOGE> on 2024-01-13 00:00:00+00:00
[2024-09-16 00:14:34,365] {standard_task_runner.py:52} INFO - Started process 50382 to run task
[2024-09-16 00:14:34,384] {standard_task_runner.py:79} INFO - Running: ['airflow', 'tasks', 'run', 'BRONZER_GET_CRIPTOS', 'BRONZE_CRIPTO_DOGE', 'scheduled__2024-01-13T00:00:00+00:00', '--job-id', '1863', '--raw', '--subdir', 'DAGS_FOLDER/get_cripto.py', '--cfg-path', '/tmp/tmpqsr0ewxi', '--error-file', '/tmp/tmp7u_fpkag']
[2024-09-16 00:14:34,385] {standard_task_runner.py:80} INFO - Job 1863: Subtask BRONZE_CRIPTO_DOGE
[2024-09-16 00:14:34,681] {task_command.py:370} INFO - Running <TaskInstance: BRONZER_GET_CRIPTOS.BRONZE_CRIPTO_DOGE scheduled__2024-01-13T00:00:00+00:00 [running]> on host kaiwang.
[2024-09-16 00:14:35,013] {taskinstance.py:1569} INFO - Exporting the following env vars:
AIRFLOW_CTX_DAG_OWNER=airflow
AIRFLOW_CTX_DAG_ID=BRONZER_GET_CRIPTOS
AIRFLOW_CTX_TASK_ID=BRONZE_CRIPTO_DOGE
AIRFLOW_CTX_EXECUTION_DATE=2024-01-13T00:00:00+00:00
AIRFLOW_CTX_TRY_NUMBER=1
AIRFLOW_CTX_DAG_RUN_ID=scheduled__2024-01-13T00:00:00+00:00
[2024-09-16 00:14:37,741] {history.py:122} ERROR - $DOGE: possibly delisted; no timezone found
[2024-09-16 00:14:37,754] {python.py:173} INFO - Done. Returned value was: None
[2024-09-16 00:14:37,874] {taskinstance.py:1395} INFO - Marking task as SUCCESS. dag_id=BRONZER_GET_CRIPTOS, task_id=BRONZE_CRIPTO_DOGE, execution_date=20240113T000000, start_date=20240916T031434, end_date=20240916T031437
[2024-09-16 00:14:37,954] {local_task_job.py:156} INFO - Task exited with return code 0
[2024-09-16 00:14:38,061] {local_task_job.py:273} INFO - 0 downstream tasks scheduled from follow-on schedule check
