[2024-09-16 00:05:58,382] {taskinstance.py:1159} INFO - Dependencies all met for <TaskInstance: BRONZER_GET_STONCKS.BRONZE_STONCKS_MSFT scheduled__2024-06-01T00:00:00+00:00 [queued]>
[2024-09-16 00:05:58,434] {taskinstance.py:1159} INFO - Dependencies all met for <TaskInstance: BRONZER_GET_STONCKS.BRONZE_STONCKS_MSFT scheduled__2024-06-01T00:00:00+00:00 [queued]>
[2024-09-16 00:05:58,434] {taskinstance.py:1356} INFO - 
--------------------------------------------------------------------------------
[2024-09-16 00:05:58,434] {taskinstance.py:1357} INFO - Starting attempt 1 of 1
[2024-09-16 00:05:58,435] {taskinstance.py:1358} INFO - 
--------------------------------------------------------------------------------
[2024-09-16 00:05:58,489] {taskinstance.py:1377} INFO - Executing <Task(_PythonDecoratedOperator): BRONZE_STONCKS_MSFT> on 2024-06-01 00:00:00+00:00
[2024-09-16 00:05:58,495] {standard_task_runner.py:52} INFO - Started process 32009 to run task
[2024-09-16 00:05:58,516] {standard_task_runner.py:79} INFO - Running: ['airflow', 'tasks', 'run', 'BRONZER_GET_STONCKS', 'BRONZE_STONCKS_MSFT', 'scheduled__2024-06-01T00:00:00+00:00', '--job-id', '811', '--raw', '--subdir', 'DAGS_FOLDER/get_stocks.py', '--cfg-path', '/tmp/tmpbopj9e2i', '--error-file', '/tmp/tmphthgbbf_']
[2024-09-16 00:05:58,518] {standard_task_runner.py:80} INFO - Job 811: Subtask BRONZE_STONCKS_MSFT
[2024-09-16 00:05:58,641] {task_command.py:370} INFO - Running <TaskInstance: BRONZER_GET_STONCKS.BRONZE_STONCKS_MSFT scheduled__2024-06-01T00:00:00+00:00 [running]> on host kaiwang.
[2024-09-16 00:05:58,853] {taskinstance.py:1569} INFO - Exporting the following env vars:
AIRFLOW_CTX_DAG_OWNER=airflow
AIRFLOW_CTX_DAG_ID=BRONZER_GET_STONCKS
AIRFLOW_CTX_TASK_ID=BRONZE_STONCKS_MSFT
AIRFLOW_CTX_EXECUTION_DATE=2024-06-01T00:00:00+00:00
AIRFLOW_CTX_TRY_NUMBER=1
AIRFLOW_CTX_DAG_RUN_ID=scheduled__2024-06-01T00:00:00+00:00
[2024-09-16 00:05:59,841] {python.py:173} INFO - Done. Returned value was: None
[2024-09-16 00:05:59,898] {taskinstance.py:1395} INFO - Marking task as SUCCESS. dag_id=BRONZER_GET_STONCKS, task_id=BRONZE_STONCKS_MSFT, execution_date=20240601T000000, start_date=20240916T030558, end_date=20240916T030559
[2024-09-16 00:05:59,991] {local_task_job.py:156} INFO - Task exited with return code 0
[2024-09-16 00:06:00,157] {local_task_job.py:273} INFO - 0 downstream tasks scheduled from follow-on schedule check
