[2024-09-16 00:05:26,343] {taskinstance.py:1159} INFO - Dependencies all met for <TaskInstance: BRONZER_GET_STONCKS.BRONZE_STONCKS_GOOG scheduled__2024-05-02T00:00:00+00:00 [queued]>
[2024-09-16 00:05:26,376] {taskinstance.py:1159} INFO - Dependencies all met for <TaskInstance: BRONZER_GET_STONCKS.BRONZE_STONCKS_GOOG scheduled__2024-05-02T00:00:00+00:00 [queued]>
[2024-09-16 00:05:26,376] {taskinstance.py:1356} INFO - 
--------------------------------------------------------------------------------
[2024-09-16 00:05:26,376] {taskinstance.py:1357} INFO - Starting attempt 1 of 1
[2024-09-16 00:05:26,376] {taskinstance.py:1358} INFO - 
--------------------------------------------------------------------------------
[2024-09-16 00:05:26,414] {taskinstance.py:1377} INFO - Executing <Task(_PythonDecoratedOperator): BRONZE_STONCKS_GOOG> on 2024-05-02 00:00:00+00:00
[2024-09-16 00:05:26,419] {standard_task_runner.py:52} INFO - Started process 29308 to run task
[2024-09-16 00:05:26,427] {standard_task_runner.py:79} INFO - Running: ['airflow', 'tasks', 'run', 'BRONZER_GET_STONCKS', 'BRONZE_STONCKS_GOOG', 'scheduled__2024-05-02T00:00:00+00:00', '--job-id', '660', '--raw', '--subdir', 'DAGS_FOLDER/get_stocks.py', '--cfg-path', '/tmp/tmpoedmp8_a', '--error-file', '/tmp/tmp3_dze_xg']
[2024-09-16 00:05:26,432] {standard_task_runner.py:80} INFO - Job 660: Subtask BRONZE_STONCKS_GOOG
[2024-09-16 00:05:26,605] {task_command.py:370} INFO - Running <TaskInstance: BRONZER_GET_STONCKS.BRONZE_STONCKS_GOOG scheduled__2024-05-02T00:00:00+00:00 [running]> on host kaiwang.
[2024-09-16 00:05:26,770] {taskinstance.py:1569} INFO - Exporting the following env vars:
AIRFLOW_CTX_DAG_OWNER=airflow
AIRFLOW_CTX_DAG_ID=BRONZER_GET_STONCKS
AIRFLOW_CTX_TASK_ID=BRONZE_STONCKS_GOOG
AIRFLOW_CTX_EXECUTION_DATE=2024-05-02T00:00:00+00:00
AIRFLOW_CTX_TRY_NUMBER=1
AIRFLOW_CTX_DAG_RUN_ID=scheduled__2024-05-02T00:00:00+00:00
[2024-09-16 00:05:27,486] {python.py:173} INFO - Done. Returned value was: None
[2024-09-16 00:05:27,782] {taskinstance.py:1395} INFO - Marking task as SUCCESS. dag_id=BRONZER_GET_STONCKS, task_id=BRONZE_STONCKS_GOOG, execution_date=20240502T000000, start_date=20240916T030526, end_date=20240916T030527
[2024-09-16 00:05:27,875] {local_task_job.py:156} INFO - Task exited with return code 0
[2024-09-16 00:05:28,277] {local_task_job.py:273} INFO - 0 downstream tasks scheduled from follow-on schedule check
[2024-09-16 00:16:31,621] {taskinstance.py:1159} INFO - Dependencies all met for <TaskInstance: BRONZER_GET_STONCKS.BRONZE_STONCKS_GOOG scheduled__2024-05-02T00:00:00+00:00 [queued]>
[2024-09-16 00:16:31,668] {taskinstance.py:1159} INFO - Dependencies all met for <TaskInstance: BRONZER_GET_STONCKS.BRONZE_STONCKS_GOOG scheduled__2024-05-02T00:00:00+00:00 [queued]>
[2024-09-16 00:16:31,668] {taskinstance.py:1356} INFO - 
--------------------------------------------------------------------------------
[2024-09-16 00:16:31,668] {taskinstance.py:1357} INFO - Starting attempt 1 of 1
[2024-09-16 00:16:31,668] {taskinstance.py:1358} INFO - 
--------------------------------------------------------------------------------
[2024-09-16 00:16:31,705] {taskinstance.py:1377} INFO - Executing <Task(_PythonDecoratedOperator): BRONZE_STONCKS_GOOG> on 2024-05-02 00:00:00+00:00
[2024-09-16 00:16:31,714] {standard_task_runner.py:52} INFO - Started process 59932 to run task
[2024-09-16 00:16:31,727] {standard_task_runner.py:79} INFO - Running: ['airflow', 'tasks', 'run', 'BRONZER_GET_STONCKS', 'BRONZE_STONCKS_GOOG', 'scheduled__2024-05-02T00:00:00+00:00', '--job-id', '2417', '--raw', '--subdir', 'DAGS_FOLDER/get_stocks.py', '--cfg-path', '/tmp/tmp2m_wra15', '--error-file', '/tmp/tmp9k2s6ysg']
[2024-09-16 00:16:31,729] {standard_task_runner.py:80} INFO - Job 2417: Subtask BRONZE_STONCKS_GOOG
[2024-09-16 00:16:32,064] {task_command.py:370} INFO - Running <TaskInstance: BRONZER_GET_STONCKS.BRONZE_STONCKS_GOOG scheduled__2024-05-02T00:00:00+00:00 [running]> on host kaiwang.
[2024-09-16 00:16:32,347] {taskinstance.py:1569} INFO - Exporting the following env vars:
AIRFLOW_CTX_DAG_OWNER=airflow
AIRFLOW_CTX_DAG_ID=BRONZER_GET_STONCKS
AIRFLOW_CTX_TASK_ID=BRONZE_STONCKS_GOOG
AIRFLOW_CTX_EXECUTION_DATE=2024-05-02T00:00:00+00:00
AIRFLOW_CTX_TRY_NUMBER=1
AIRFLOW_CTX_DAG_RUN_ID=scheduled__2024-05-02T00:00:00+00:00
[2024-09-16 00:16:33,039] {python.py:173} INFO - Done. Returned value was: None
[2024-09-16 00:16:33,062] {taskinstance.py:1395} INFO - Marking task as SUCCESS. dag_id=BRONZER_GET_STONCKS, task_id=BRONZE_STONCKS_GOOG, execution_date=20240502T000000, start_date=20240916T031631, end_date=20240916T031633
[2024-09-16 00:16:33,107] {local_task_job.py:156} INFO - Task exited with return code 0
[2024-09-16 00:16:33,195] {local_task_job.py:273} INFO - 0 downstream tasks scheduled from follow-on schedule check
[2024-09-16 00:16:33,243] {dagrun.py:562} INFO - Marking run <DagRun BRONZER_GET_STONCKS @ 2024-05-02 00:00:00+00:00: scheduled__2024-05-02T00:00:00+00:00, externally triggered: False> successful
[2024-09-16 00:16:33,244] {dagrun.py:607} INFO - DagRun Finished: dag_id=BRONZER_GET_STONCKS, execution_date=2024-05-02 00:00:00+00:00, run_id=scheduled__2024-05-02T00:00:00+00:00, run_start_date=2024-09-16 03:16:21.173000+00:00, run_end_date=2024-09-16 03:16:33.244278+00:00, run_duration=12.071278, state=success, external_trigger=False, run_type=scheduled, data_interval_start=2024-05-02 00:00:00+00:00, data_interval_end=2024-05-03 00:00:00+00:00, dag_hash=54ae87f9a2ad23046fa87f5699b879b0
