[2024-09-16 00:04:37,338] {taskinstance.py:1159} INFO - Dependencies all met for <TaskInstance: BRONZER_GET_CRIPTOS.BRONZE_CRIPTO_BTC scheduled__2024-03-13T00:00:00+00:00 [queued]>
[2024-09-16 00:04:37,370] {taskinstance.py:1159} INFO - Dependencies all met for <TaskInstance: BRONZER_GET_CRIPTOS.BRONZE_CRIPTO_BTC scheduled__2024-03-13T00:00:00+00:00 [queued]>
[2024-09-16 00:04:37,370] {taskinstance.py:1356} INFO - 
--------------------------------------------------------------------------------
[2024-09-16 00:04:37,370] {taskinstance.py:1357} INFO - Starting attempt 1 of 1
[2024-09-16 00:04:37,370] {taskinstance.py:1358} INFO - 
--------------------------------------------------------------------------------
[2024-09-16 00:04:37,447] {taskinstance.py:1377} INFO - Executing <Task(_PythonDecoratedOperator): BRONZE_CRIPTO_BTC> on 2024-03-13 00:00:00+00:00
[2024-09-16 00:04:37,453] {standard_task_runner.py:52} INFO - Started process 25525 to run task
[2024-09-16 00:04:37,485] {standard_task_runner.py:79} INFO - Running: ['airflow', 'tasks', 'run', 'BRONZER_GET_CRIPTOS', 'BRONZE_CRIPTO_BTC', 'scheduled__2024-03-13T00:00:00+00:00', '--job-id', '435', '--raw', '--subdir', 'DAGS_FOLDER/get_cripto.py', '--cfg-path', '/tmp/tmpf8u79g0v', '--error-file', '/tmp/tmpd7ogve0s']
[2024-09-16 00:04:37,486] {standard_task_runner.py:80} INFO - Job 435: Subtask BRONZE_CRIPTO_BTC
[2024-09-16 00:04:37,771] {task_command.py:370} INFO - Running <TaskInstance: BRONZER_GET_CRIPTOS.BRONZE_CRIPTO_BTC scheduled__2024-03-13T00:00:00+00:00 [running]> on host kaiwang.
[2024-09-16 00:04:38,103] {taskinstance.py:1569} INFO - Exporting the following env vars:
AIRFLOW_CTX_DAG_OWNER=airflow
AIRFLOW_CTX_DAG_ID=BRONZER_GET_CRIPTOS
AIRFLOW_CTX_TASK_ID=BRONZE_CRIPTO_BTC
AIRFLOW_CTX_EXECUTION_DATE=2024-03-13T00:00:00+00:00
AIRFLOW_CTX_TRY_NUMBER=1
AIRFLOW_CTX_DAG_RUN_ID=scheduled__2024-03-13T00:00:00+00:00
[2024-09-16 00:04:41,161] {history.py:244} ERROR - $BTC: possibly delisted; no price data found  (1h 2024-03-10 -> 2024-03-13) (Yahoo error = "Data doesn't exist for startDate = 1710046800, endDate = 1710302400")
[2024-09-16 00:04:41,165] {python.py:173} INFO - Done. Returned value was: None
[2024-09-16 00:04:41,238] {taskinstance.py:1395} INFO - Marking task as SUCCESS. dag_id=BRONZER_GET_CRIPTOS, task_id=BRONZE_CRIPTO_BTC, execution_date=20240313T000000, start_date=20240916T030437, end_date=20240916T030441
[2024-09-16 00:04:41,296] {local_task_job.py:156} INFO - Task exited with return code 0
[2024-09-16 00:04:41,501] {local_task_job.py:273} INFO - 0 downstream tasks scheduled from follow-on schedule check
[2024-09-16 00:15:54,503] {taskinstance.py:1159} INFO - Dependencies all met for <TaskInstance: BRONZER_GET_CRIPTOS.BRONZE_CRIPTO_BTC scheduled__2024-03-13T00:00:00+00:00 [queued]>
[2024-09-16 00:15:54,551] {taskinstance.py:1159} INFO - Dependencies all met for <TaskInstance: BRONZER_GET_CRIPTOS.BRONZE_CRIPTO_BTC scheduled__2024-03-13T00:00:00+00:00 [queued]>
[2024-09-16 00:15:54,551] {taskinstance.py:1356} INFO - 
--------------------------------------------------------------------------------
[2024-09-16 00:15:54,551] {taskinstance.py:1357} INFO - Starting attempt 1 of 1
[2024-09-16 00:15:54,551] {taskinstance.py:1358} INFO - 
--------------------------------------------------------------------------------
[2024-09-16 00:15:54,659] {taskinstance.py:1377} INFO - Executing <Task(_PythonDecoratedOperator): BRONZE_CRIPTO_BTC> on 2024-03-13 00:00:00+00:00
[2024-09-16 00:15:54,665] {standard_task_runner.py:52} INFO - Started process 56960 to run task
[2024-09-16 00:15:54,684] {standard_task_runner.py:79} INFO - Running: ['airflow', 'tasks', 'run', 'BRONZER_GET_CRIPTOS', 'BRONZE_CRIPTO_BTC', 'scheduled__2024-03-13T00:00:00+00:00', '--job-id', '2236', '--raw', '--subdir', 'DAGS_FOLDER/get_cripto.py', '--cfg-path', '/tmp/tmpupl2f2jd', '--error-file', '/tmp/tmpwh_coffv']
[2024-09-16 00:15:54,687] {standard_task_runner.py:80} INFO - Job 2236: Subtask BRONZE_CRIPTO_BTC
[2024-09-16 00:15:54,886] {task_command.py:370} INFO - Running <TaskInstance: BRONZER_GET_CRIPTOS.BRONZE_CRIPTO_BTC scheduled__2024-03-13T00:00:00+00:00 [running]> on host kaiwang.
[2024-09-16 00:15:55,332] {taskinstance.py:1569} INFO - Exporting the following env vars:
AIRFLOW_CTX_DAG_OWNER=airflow
AIRFLOW_CTX_DAG_ID=BRONZER_GET_CRIPTOS
AIRFLOW_CTX_TASK_ID=BRONZE_CRIPTO_BTC
AIRFLOW_CTX_EXECUTION_DATE=2024-03-13T00:00:00+00:00
AIRFLOW_CTX_TRY_NUMBER=1
AIRFLOW_CTX_DAG_RUN_ID=scheduled__2024-03-13T00:00:00+00:00
[2024-09-16 00:15:57,759] {history.py:244} ERROR - $BTC: possibly delisted; no price data found  (1h 2024-03-10 -> 2024-03-13) (Yahoo error = "Data doesn't exist for startDate = 1710046800, endDate = 1710302400")
[2024-09-16 00:15:57,761] {python.py:173} INFO - Done. Returned value was: None
[2024-09-16 00:15:57,776] {taskinstance.py:1395} INFO - Marking task as SUCCESS. dag_id=BRONZER_GET_CRIPTOS, task_id=BRONZE_CRIPTO_BTC, execution_date=20240313T000000, start_date=20240916T031554, end_date=20240916T031557
[2024-09-16 00:15:57,821] {local_task_job.py:156} INFO - Task exited with return code 0
[2024-09-16 00:15:57,861] {local_task_job.py:273} INFO - 0 downstream tasks scheduled from follow-on schedule check
