[2024-09-16 00:04:36,319] {taskinstance.py:1159} INFO - Dependencies all met for <TaskInstance: BRONZER_GET_CRIPTOS.BRONZE_CRIPTO_DOGE scheduled__2024-03-12T00:00:00+00:00 [queued]>
[2024-09-16 00:04:36,358] {taskinstance.py:1159} INFO - Dependencies all met for <TaskInstance: BRONZER_GET_CRIPTOS.BRONZE_CRIPTO_DOGE scheduled__2024-03-12T00:00:00+00:00 [queued]>
[2024-09-16 00:04:36,359] {taskinstance.py:1356} INFO - 
--------------------------------------------------------------------------------
[2024-09-16 00:04:36,359] {taskinstance.py:1357} INFO - Starting attempt 1 of 1
[2024-09-16 00:04:36,359] {taskinstance.py:1358} INFO - 
--------------------------------------------------------------------------------
[2024-09-16 00:04:36,446] {taskinstance.py:1377} INFO - Executing <Task(_PythonDecoratedOperator): BRONZE_CRIPTO_DOGE> on 2024-03-12 00:00:00+00:00
[2024-09-16 00:04:36,453] {standard_task_runner.py:52} INFO - Started process 25435 to run task
[2024-09-16 00:04:36,472] {standard_task_runner.py:79} INFO - Running: ['airflow', 'tasks', 'run', 'BRONZER_GET_CRIPTOS', 'BRONZE_CRIPTO_DOGE', 'scheduled__2024-03-12T00:00:00+00:00', '--job-id', '425', '--raw', '--subdir', 'DAGS_FOLDER/get_cripto.py', '--cfg-path', '/tmp/tmp6twsmi8e', '--error-file', '/tmp/tmpa_1xmplh']
[2024-09-16 00:04:36,473] {standard_task_runner.py:80} INFO - Job 425: Subtask BRONZE_CRIPTO_DOGE
[2024-09-16 00:04:36,924] {task_command.py:370} INFO - Running <TaskInstance: BRONZER_GET_CRIPTOS.BRONZE_CRIPTO_DOGE scheduled__2024-03-12T00:00:00+00:00 [running]> on host kaiwang.
[2024-09-16 00:04:37,299] {taskinstance.py:1569} INFO - Exporting the following env vars:
AIRFLOW_CTX_DAG_OWNER=airflow
AIRFLOW_CTX_DAG_ID=BRONZER_GET_CRIPTOS
AIRFLOW_CTX_TASK_ID=BRONZE_CRIPTO_DOGE
AIRFLOW_CTX_EXECUTION_DATE=2024-03-12T00:00:00+00:00
AIRFLOW_CTX_TRY_NUMBER=1
AIRFLOW_CTX_DAG_RUN_ID=scheduled__2024-03-12T00:00:00+00:00
[2024-09-16 00:04:40,186] {history.py:122} ERROR - $DOGE: possibly delisted; no timezone found
[2024-09-16 00:04:40,189] {python.py:173} INFO - Done. Returned value was: None
[2024-09-16 00:04:40,209] {taskinstance.py:1395} INFO - Marking task as SUCCESS. dag_id=BRONZER_GET_CRIPTOS, task_id=BRONZE_CRIPTO_DOGE, execution_date=20240312T000000, start_date=20240916T030436, end_date=20240916T030440
[2024-09-16 00:04:40,244] {local_task_job.py:156} INFO - Task exited with return code 0
[2024-09-16 00:04:40,281] {local_task_job.py:273} INFO - 0 downstream tasks scheduled from follow-on schedule check
[2024-09-16 00:15:48,361] {taskinstance.py:1159} INFO - Dependencies all met for <TaskInstance: BRONZER_GET_CRIPTOS.BRONZE_CRIPTO_DOGE scheduled__2024-03-12T00:00:00+00:00 [queued]>
[2024-09-16 00:15:48,391] {taskinstance.py:1159} INFO - Dependencies all met for <TaskInstance: BRONZER_GET_CRIPTOS.BRONZE_CRIPTO_DOGE scheduled__2024-03-12T00:00:00+00:00 [queued]>
[2024-09-16 00:15:48,391] {taskinstance.py:1356} INFO - 
--------------------------------------------------------------------------------
[2024-09-16 00:15:48,392] {taskinstance.py:1357} INFO - Starting attempt 1 of 1
[2024-09-16 00:15:48,392] {taskinstance.py:1358} INFO - 
--------------------------------------------------------------------------------
[2024-09-16 00:15:48,428] {taskinstance.py:1377} INFO - Executing <Task(_PythonDecoratedOperator): BRONZE_CRIPTO_DOGE> on 2024-03-12 00:00:00+00:00
[2024-09-16 00:15:48,438] {standard_task_runner.py:52} INFO - Started process 56495 to run task
[2024-09-16 00:15:48,465] {standard_task_runner.py:79} INFO - Running: ['airflow', 'tasks', 'run', 'BRONZER_GET_CRIPTOS', 'BRONZE_CRIPTO_DOGE', 'scheduled__2024-03-12T00:00:00+00:00', '--job-id', '2221', '--raw', '--subdir', 'DAGS_FOLDER/get_cripto.py', '--cfg-path', '/tmp/tmp7qkl24_s', '--error-file', '/tmp/tmp62mvvxtw']
[2024-09-16 00:15:48,467] {standard_task_runner.py:80} INFO - Job 2221: Subtask BRONZE_CRIPTO_DOGE
[2024-09-16 00:15:48,704] {task_command.py:370} INFO - Running <TaskInstance: BRONZER_GET_CRIPTOS.BRONZE_CRIPTO_DOGE scheduled__2024-03-12T00:00:00+00:00 [running]> on host kaiwang.
[2024-09-16 00:15:49,004] {taskinstance.py:1569} INFO - Exporting the following env vars:
AIRFLOW_CTX_DAG_OWNER=airflow
AIRFLOW_CTX_DAG_ID=BRONZER_GET_CRIPTOS
AIRFLOW_CTX_TASK_ID=BRONZE_CRIPTO_DOGE
AIRFLOW_CTX_EXECUTION_DATE=2024-03-12T00:00:00+00:00
AIRFLOW_CTX_TRY_NUMBER=1
AIRFLOW_CTX_DAG_RUN_ID=scheduled__2024-03-12T00:00:00+00:00
[2024-09-16 00:15:51,495] {history.py:122} ERROR - $DOGE: possibly delisted; no timezone found
[2024-09-16 00:15:51,499] {python.py:173} INFO - Done. Returned value was: None
[2024-09-16 00:15:51,593] {taskinstance.py:1395} INFO - Marking task as SUCCESS. dag_id=BRONZER_GET_CRIPTOS, task_id=BRONZE_CRIPTO_DOGE, execution_date=20240312T000000, start_date=20240916T031548, end_date=20240916T031551
[2024-09-16 00:15:51,627] {local_task_job.py:156} INFO - Task exited with return code 0
[2024-09-16 00:15:51,685] {local_task_job.py:273} INFO - 0 downstream tasks scheduled from follow-on schedule check
