[2024-09-16 00:08:17,705] {taskinstance.py:1159} INFO - Dependencies all met for <TaskInstance: BRONZER_GET_CRIPTOS.BRONZE_CRIPTO_DOGE scheduled__2024-08-31T00:00:00+00:00 [queued]>
[2024-09-16 00:08:17,716] {taskinstance.py:1159} INFO - Dependencies all met for <TaskInstance: BRONZER_GET_CRIPTOS.BRONZE_CRIPTO_DOGE scheduled__2024-08-31T00:00:00+00:00 [queued]>
[2024-09-16 00:08:17,716] {taskinstance.py:1356} INFO - 
--------------------------------------------------------------------------------
[2024-09-16 00:08:17,716] {taskinstance.py:1357} INFO - Starting attempt 1 of 1
[2024-09-16 00:08:17,716] {taskinstance.py:1358} INFO - 
--------------------------------------------------------------------------------
[2024-09-16 00:08:17,735] {taskinstance.py:1377} INFO - Executing <Task(_PythonDecoratedOperator): BRONZE_CRIPTO_DOGE> on 2024-08-31 00:00:00+00:00
[2024-09-16 00:08:17,742] {standard_task_runner.py:52} INFO - Started process 42739 to run task
[2024-09-16 00:08:17,755] {standard_task_runner.py:79} INFO - Running: ['airflow', 'tasks', 'run', 'BRONZER_GET_CRIPTOS', 'BRONZE_CRIPTO_DOGE', 'scheduled__2024-08-31T00:00:00+00:00', '--job-id', '1440', '--raw', '--subdir', 'DAGS_FOLDER/get_cripto.py', '--cfg-path', '/tmp/tmpf9tbdyrt', '--error-file', '/tmp/tmpvuwoarrg']
[2024-09-16 00:08:17,756] {standard_task_runner.py:80} INFO - Job 1440: Subtask BRONZE_CRIPTO_DOGE
[2024-09-16 00:08:17,872] {task_command.py:370} INFO - Running <TaskInstance: BRONZER_GET_CRIPTOS.BRONZE_CRIPTO_DOGE scheduled__2024-08-31T00:00:00+00:00 [running]> on host kaiwang.
[2024-09-16 00:08:17,997] {taskinstance.py:1569} INFO - Exporting the following env vars:
AIRFLOW_CTX_DAG_OWNER=airflow
AIRFLOW_CTX_DAG_ID=BRONZER_GET_CRIPTOS
AIRFLOW_CTX_TASK_ID=BRONZE_CRIPTO_DOGE
AIRFLOW_CTX_EXECUTION_DATE=2024-08-31T00:00:00+00:00
AIRFLOW_CTX_TRY_NUMBER=1
AIRFLOW_CTX_DAG_RUN_ID=scheduled__2024-08-31T00:00:00+00:00
[2024-09-16 00:08:20,484] {history.py:122} ERROR - $DOGE: possibly delisted; no timezone found
[2024-09-16 00:08:20,486] {python.py:173} INFO - Done. Returned value was: None
[2024-09-16 00:08:20,501] {taskinstance.py:1395} INFO - Marking task as SUCCESS. dag_id=BRONZER_GET_CRIPTOS, task_id=BRONZE_CRIPTO_DOGE, execution_date=20240831T000000, start_date=20240916T030817, end_date=20240916T030820
[2024-09-16 00:08:20,534] {local_task_job.py:156} INFO - Task exited with return code 0
[2024-09-16 00:08:20,608] {local_task_job.py:273} INFO - 0 downstream tasks scheduled from follow-on schedule check
[2024-09-16 13:56:39,709] {taskinstance.py:1159} INFO - Dependencies all met for <TaskInstance: BRONZER_GET_CRIPTOS.BRONZE_CRIPTO_DOGE scheduled__2024-08-31T00:00:00+00:00 [queued]>
[2024-09-16 13:56:39,789] {taskinstance.py:1159} INFO - Dependencies all met for <TaskInstance: BRONZER_GET_CRIPTOS.BRONZE_CRIPTO_DOGE scheduled__2024-08-31T00:00:00+00:00 [queued]>
[2024-09-16 13:56:39,790] {taskinstance.py:1356} INFO - 
--------------------------------------------------------------------------------
[2024-09-16 13:56:39,790] {taskinstance.py:1357} INFO - Starting attempt 1 of 1
[2024-09-16 13:56:39,790] {taskinstance.py:1358} INFO - 
--------------------------------------------------------------------------------
[2024-09-16 13:56:39,823] {taskinstance.py:1377} INFO - Executing <Task(_PythonDecoratedOperator): BRONZE_CRIPTO_DOGE> on 2024-08-31 00:00:00+00:00
[2024-09-16 13:56:39,833] {standard_task_runner.py:52} INFO - Started process 140077 to run task
[2024-09-16 13:56:39,854] {standard_task_runner.py:79} INFO - Running: ['airflow', 'tasks', 'run', 'BRONZER_GET_CRIPTOS', 'BRONZE_CRIPTO_DOGE', 'scheduled__2024-08-31T00:00:00+00:00', '--job-id', '2631', '--raw', '--subdir', 'DAGS_FOLDER/get_cripto.py', '--cfg-path', '/tmp/tmpkklqc23l', '--error-file', '/tmp/tmp3kwfpygl']
[2024-09-16 13:56:39,857] {standard_task_runner.py:80} INFO - Job 2631: Subtask BRONZE_CRIPTO_DOGE
[2024-09-16 13:56:40,108] {task_command.py:370} INFO - Running <TaskInstance: BRONZER_GET_CRIPTOS.BRONZE_CRIPTO_DOGE scheduled__2024-08-31T00:00:00+00:00 [running]> on host kaiwang.
[2024-09-16 13:56:40,731] {taskinstance.py:1569} INFO - Exporting the following env vars:
AIRFLOW_CTX_DAG_OWNER=airflow
AIRFLOW_CTX_DAG_ID=BRONZER_GET_CRIPTOS
AIRFLOW_CTX_TASK_ID=BRONZE_CRIPTO_DOGE
AIRFLOW_CTX_EXECUTION_DATE=2024-08-31T00:00:00+00:00
AIRFLOW_CTX_TRY_NUMBER=1
AIRFLOW_CTX_DAG_RUN_ID=scheduled__2024-08-31T00:00:00+00:00
[2024-09-16 13:56:44,680] {history.py:122} ERROR - $DOGE: possibly delisted; no timezone found
[2024-09-16 13:56:44,682] {python.py:173} INFO - Done. Returned value was: None
[2024-09-16 13:56:44,699] {taskinstance.py:1395} INFO - Marking task as SUCCESS. dag_id=BRONZER_GET_CRIPTOS, task_id=BRONZE_CRIPTO_DOGE, execution_date=20240831T000000, start_date=20240916T165639, end_date=20240916T165644
[2024-09-16 13:56:44,721] {local_task_job.py:156} INFO - Task exited with return code 0
[2024-09-16 13:56:44,757] {local_task_job.py:273} INFO - 0 downstream tasks scheduled from follow-on schedule check
