[2024-09-16 00:03:39,196] {taskinstance.py:1159} INFO - Dependencies all met for <TaskInstance: BRONZER_GET_CRIPTOS.BRONZE_CRIPTO_ETH scheduled__2024-01-31T00:00:00+00:00 [queued]>
[2024-09-16 00:03:39,228] {taskinstance.py:1159} INFO - Dependencies all met for <TaskInstance: BRONZER_GET_CRIPTOS.BRONZE_CRIPTO_ETH scheduled__2024-01-31T00:00:00+00:00 [queued]>
[2024-09-16 00:03:39,229] {taskinstance.py:1356} INFO - 
--------------------------------------------------------------------------------
[2024-09-16 00:03:39,229] {taskinstance.py:1357} INFO - Starting attempt 1 of 1
[2024-09-16 00:03:39,229] {taskinstance.py:1358} INFO - 
--------------------------------------------------------------------------------
[2024-09-16 00:03:39,265] {taskinstance.py:1377} INFO - Executing <Task(_PythonDecoratedOperator): BRONZE_CRIPTO_ETH> on 2024-01-31 00:00:00+00:00
[2024-09-16 00:03:39,272] {standard_task_runner.py:52} INFO - Started process 21035 to run task
[2024-09-16 00:03:39,291] {standard_task_runner.py:79} INFO - Running: ['airflow', 'tasks', 'run', 'BRONZER_GET_CRIPTOS', 'BRONZE_CRIPTO_ETH', 'scheduled__2024-01-31T00:00:00+00:00', '--job-id', '176', '--raw', '--subdir', 'DAGS_FOLDER/get_cripto.py', '--cfg-path', '/tmp/tmpsj0bz0w8', '--error-file', '/tmp/tmpwenlamk4']
[2024-09-16 00:03:39,292] {standard_task_runner.py:80} INFO - Job 176: Subtask BRONZE_CRIPTO_ETH
[2024-09-16 00:03:39,475] {task_command.py:370} INFO - Running <TaskInstance: BRONZER_GET_CRIPTOS.BRONZE_CRIPTO_ETH scheduled__2024-01-31T00:00:00+00:00 [running]> on host kaiwang.
[2024-09-16 00:03:39,758] {taskinstance.py:1569} INFO - Exporting the following env vars:
AIRFLOW_CTX_DAG_OWNER=airflow
AIRFLOW_CTX_DAG_ID=BRONZER_GET_CRIPTOS
AIRFLOW_CTX_TASK_ID=BRONZE_CRIPTO_ETH
AIRFLOW_CTX_EXECUTION_DATE=2024-01-31T00:00:00+00:00
AIRFLOW_CTX_TRY_NUMBER=1
AIRFLOW_CTX_DAG_RUN_ID=scheduled__2024-01-31T00:00:00+00:00
[2024-09-16 00:03:43,332] {history.py:244} ERROR - $ETH: possibly delisted; no price data found  (1h 2024-01-28 -> 2024-01-31) (Yahoo error = "Data doesn't exist for startDate = 1706418000, endDate = 1706677200")
[2024-09-16 00:03:43,346] {python.py:173} INFO - Done. Returned value was: None
[2024-09-16 00:03:43,387] {taskinstance.py:1395} INFO - Marking task as SUCCESS. dag_id=BRONZER_GET_CRIPTOS, task_id=BRONZE_CRIPTO_ETH, execution_date=20240131T000000, start_date=20240916T030339, end_date=20240916T030343
[2024-09-16 00:03:43,423] {local_task_job.py:156} INFO - Task exited with return code 0
[2024-09-16 00:03:43,462] {local_task_job.py:273} INFO - 0 downstream tasks scheduled from follow-on schedule check
[2024-09-16 00:13:21,082] {taskinstance.py:1159} INFO - Dependencies all met for <TaskInstance: BRONZER_GET_CRIPTOS.BRONZE_CRIPTO_ETH scheduled__2024-01-31T00:00:00+00:00 [queued]>
[2024-09-16 00:13:21,122] {taskinstance.py:1159} INFO - Dependencies all met for <TaskInstance: BRONZER_GET_CRIPTOS.BRONZE_CRIPTO_ETH scheduled__2024-01-31T00:00:00+00:00 [queued]>
[2024-09-16 00:13:21,122] {taskinstance.py:1356} INFO - 
--------------------------------------------------------------------------------
[2024-09-16 00:13:21,122] {taskinstance.py:1357} INFO - Starting attempt 1 of 1
[2024-09-16 00:13:21,123] {taskinstance.py:1358} INFO - 
--------------------------------------------------------------------------------
[2024-09-16 00:13:21,147] {taskinstance.py:1377} INFO - Executing <Task(_PythonDecoratedOperator): BRONZE_CRIPTO_ETH> on 2024-01-31 00:00:00+00:00
[2024-09-16 00:13:21,158] {standard_task_runner.py:52} INFO - Started process 46697 to run task
[2024-09-16 00:13:21,177] {standard_task_runner.py:79} INFO - Running: ['airflow', 'tasks', 'run', 'BRONZER_GET_CRIPTOS', 'BRONZE_CRIPTO_ETH', 'scheduled__2024-01-31T00:00:00+00:00', '--job-id', '1650', '--raw', '--subdir', 'DAGS_FOLDER/get_cripto.py', '--cfg-path', '/tmp/tmp5qqzblyd', '--error-file', '/tmp/tmpopena3s1']
[2024-09-16 00:13:21,188] {standard_task_runner.py:80} INFO - Job 1650: Subtask BRONZE_CRIPTO_ETH
[2024-09-16 00:13:21,423] {task_command.py:370} INFO - Running <TaskInstance: BRONZER_GET_CRIPTOS.BRONZE_CRIPTO_ETH scheduled__2024-01-31T00:00:00+00:00 [running]> on host kaiwang.
[2024-09-16 00:13:21,720] {taskinstance.py:1569} INFO - Exporting the following env vars:
AIRFLOW_CTX_DAG_OWNER=airflow
AIRFLOW_CTX_DAG_ID=BRONZER_GET_CRIPTOS
AIRFLOW_CTX_TASK_ID=BRONZE_CRIPTO_ETH
AIRFLOW_CTX_EXECUTION_DATE=2024-01-31T00:00:00+00:00
AIRFLOW_CTX_TRY_NUMBER=1
AIRFLOW_CTX_DAG_RUN_ID=scheduled__2024-01-31T00:00:00+00:00
[2024-09-16 00:13:25,202] {history.py:244} ERROR - $ETH: possibly delisted; no price data found  (1h 2024-01-28 -> 2024-01-31) (Yahoo error = "Data doesn't exist for startDate = 1706418000, endDate = 1706677200")
[2024-09-16 00:13:25,208] {python.py:173} INFO - Done. Returned value was: None
[2024-09-16 00:13:25,431] {taskinstance.py:1395} INFO - Marking task as SUCCESS. dag_id=BRONZER_GET_CRIPTOS, task_id=BRONZE_CRIPTO_ETH, execution_date=20240131T000000, start_date=20240916T031321, end_date=20240916T031325
[2024-09-16 00:13:25,494] {local_task_job.py:156} INFO - Task exited with return code 0
[2024-09-16 00:13:25,688] {local_task_job.py:273} INFO - 0 downstream tasks scheduled from follow-on schedule check
[2024-09-16 00:14:57,067] {taskinstance.py:1159} INFO - Dependencies all met for <TaskInstance: BRONZER_GET_CRIPTOS.BRONZE_CRIPTO_ETH scheduled__2024-01-31T00:00:00+00:00 [queued]>
[2024-09-16 00:14:57,135] {taskinstance.py:1159} INFO - Dependencies all met for <TaskInstance: BRONZER_GET_CRIPTOS.BRONZE_CRIPTO_ETH scheduled__2024-01-31T00:00:00+00:00 [queued]>
[2024-09-16 00:14:57,135] {taskinstance.py:1356} INFO - 
--------------------------------------------------------------------------------
[2024-09-16 00:14:57,135] {taskinstance.py:1357} INFO - Starting attempt 1 of 1
[2024-09-16 00:14:57,135] {taskinstance.py:1358} INFO - 
--------------------------------------------------------------------------------
[2024-09-16 00:14:57,192] {taskinstance.py:1377} INFO - Executing <Task(_PythonDecoratedOperator): BRONZE_CRIPTO_ETH> on 2024-01-31 00:00:00+00:00
[2024-09-16 00:14:57,199] {standard_task_runner.py:52} INFO - Started process 52260 to run task
[2024-09-16 00:14:57,227] {standard_task_runner.py:79} INFO - Running: ['airflow', 'tasks', 'run', 'BRONZER_GET_CRIPTOS', 'BRONZE_CRIPTO_ETH', 'scheduled__2024-01-31T00:00:00+00:00', '--job-id', '1969', '--raw', '--subdir', 'DAGS_FOLDER/get_cripto.py', '--cfg-path', '/tmp/tmpcujcjrld', '--error-file', '/tmp/tmpivaerxhy']
[2024-09-16 00:14:57,228] {standard_task_runner.py:80} INFO - Job 1969: Subtask BRONZE_CRIPTO_ETH
[2024-09-16 00:14:57,579] {task_command.py:370} INFO - Running <TaskInstance: BRONZER_GET_CRIPTOS.BRONZE_CRIPTO_ETH scheduled__2024-01-31T00:00:00+00:00 [running]> on host kaiwang.
[2024-09-16 00:14:57,902] {taskinstance.py:1569} INFO - Exporting the following env vars:
AIRFLOW_CTX_DAG_OWNER=airflow
AIRFLOW_CTX_DAG_ID=BRONZER_GET_CRIPTOS
AIRFLOW_CTX_TASK_ID=BRONZE_CRIPTO_ETH
AIRFLOW_CTX_EXECUTION_DATE=2024-01-31T00:00:00+00:00
AIRFLOW_CTX_TRY_NUMBER=1
AIRFLOW_CTX_DAG_RUN_ID=scheduled__2024-01-31T00:00:00+00:00
[2024-09-16 00:15:00,553] {history.py:244} ERROR - $ETH: possibly delisted; no price data found  (1h 2024-01-28 -> 2024-01-31) (Yahoo error = "Data doesn't exist for startDate = 1706418000, endDate = 1706677200")
[2024-09-16 00:15:00,564] {python.py:173} INFO - Done. Returned value was: None
[2024-09-16 00:15:00,612] {taskinstance.py:1395} INFO - Marking task as SUCCESS. dag_id=BRONZER_GET_CRIPTOS, task_id=BRONZE_CRIPTO_ETH, execution_date=20240131T000000, start_date=20240916T031457, end_date=20240916T031500
[2024-09-16 00:15:00,654] {local_task_job.py:156} INFO - Task exited with return code 0
[2024-09-16 00:15:00,769] {local_task_job.py:273} INFO - 0 downstream tasks scheduled from follow-on schedule check
