[2024-09-16 00:05:13,833] {taskinstance.py:1159} INFO - Dependencies all met for <TaskInstance: BRONZER_GET_STONCKS.BRONZE_STONCKS_TSLA scheduled__2024-04-17T00:00:00+00:00 [queued]>
[2024-09-16 00:05:13,869] {taskinstance.py:1159} INFO - Dependencies all met for <TaskInstance: BRONZER_GET_STONCKS.BRONZE_STONCKS_TSLA scheduled__2024-04-17T00:00:00+00:00 [queued]>
[2024-09-16 00:05:13,870] {taskinstance.py:1356} INFO - 
--------------------------------------------------------------------------------
[2024-09-16 00:05:13,870] {taskinstance.py:1357} INFO - Starting attempt 1 of 1
[2024-09-16 00:05:13,870] {taskinstance.py:1358} INFO - 
--------------------------------------------------------------------------------
[2024-09-16 00:05:13,943] {taskinstance.py:1377} INFO - Executing <Task(_PythonDecoratedOperator): BRONZE_STONCKS_TSLA> on 2024-04-17 00:00:00+00:00
[2024-09-16 00:05:13,958] {standard_task_runner.py:52} INFO - Started process 28215 to run task
[2024-09-16 00:05:13,971] {standard_task_runner.py:79} INFO - Running: ['airflow', 'tasks', 'run', 'BRONZER_GET_STONCKS', 'BRONZE_STONCKS_TSLA', 'scheduled__2024-04-17T00:00:00+00:00', '--job-id', '592', '--raw', '--subdir', 'DAGS_FOLDER/get_stocks.py', '--cfg-path', '/tmp/tmprz0ndikm', '--error-file', '/tmp/tmp5ewtq5e4']
[2024-09-16 00:05:13,972] {standard_task_runner.py:80} INFO - Job 592: Subtask BRONZE_STONCKS_TSLA
[2024-09-16 00:05:14,240] {task_command.py:370} INFO - Running <TaskInstance: BRONZER_GET_STONCKS.BRONZE_STONCKS_TSLA scheduled__2024-04-17T00:00:00+00:00 [running]> on host kaiwang.
[2024-09-16 00:05:14,443] {taskinstance.py:1569} INFO - Exporting the following env vars:
AIRFLOW_CTX_DAG_OWNER=airflow
AIRFLOW_CTX_DAG_ID=BRONZER_GET_STONCKS
AIRFLOW_CTX_TASK_ID=BRONZE_STONCKS_TSLA
AIRFLOW_CTX_EXECUTION_DATE=2024-04-17T00:00:00+00:00
AIRFLOW_CTX_TRY_NUMBER=1
AIRFLOW_CTX_DAG_RUN_ID=scheduled__2024-04-17T00:00:00+00:00
[2024-09-16 00:05:15,031] {python.py:173} INFO - Done. Returned value was: None
[2024-09-16 00:05:15,080] {taskinstance.py:1395} INFO - Marking task as SUCCESS. dag_id=BRONZER_GET_STONCKS, task_id=BRONZE_STONCKS_TSLA, execution_date=20240417T000000, start_date=20240916T030513, end_date=20240916T030515
[2024-09-16 00:05:15,140] {local_task_job.py:156} INFO - Task exited with return code 0
[2024-09-16 00:05:15,220] {local_task_job.py:273} INFO - 0 downstream tasks scheduled from follow-on schedule check
[2024-09-16 00:16:13,558] {taskinstance.py:1159} INFO - Dependencies all met for <TaskInstance: BRONZER_GET_STONCKS.BRONZE_STONCKS_TSLA scheduled__2024-04-17T00:00:00+00:00 [queued]>
[2024-09-16 00:16:13,594] {taskinstance.py:1159} INFO - Dependencies all met for <TaskInstance: BRONZER_GET_STONCKS.BRONZE_STONCKS_TSLA scheduled__2024-04-17T00:00:00+00:00 [queued]>
[2024-09-16 00:16:13,595] {taskinstance.py:1356} INFO - 
--------------------------------------------------------------------------------
[2024-09-16 00:16:13,595] {taskinstance.py:1357} INFO - Starting attempt 1 of 1
[2024-09-16 00:16:13,595] {taskinstance.py:1358} INFO - 
--------------------------------------------------------------------------------
[2024-09-16 00:16:13,642] {taskinstance.py:1377} INFO - Executing <Task(_PythonDecoratedOperator): BRONZE_STONCKS_TSLA> on 2024-04-17 00:00:00+00:00
[2024-09-16 00:16:13,651] {standard_task_runner.py:52} INFO - Started process 58514 to run task
[2024-09-16 00:16:13,661] {standard_task_runner.py:79} INFO - Running: ['airflow', 'tasks', 'run', 'BRONZER_GET_STONCKS', 'BRONZE_STONCKS_TSLA', 'scheduled__2024-04-17T00:00:00+00:00', '--job-id', '2336', '--raw', '--subdir', 'DAGS_FOLDER/get_stocks.py', '--cfg-path', '/tmp/tmpafaxqt3d', '--error-file', '/tmp/tmp07o107zs']
[2024-09-16 00:16:13,662] {standard_task_runner.py:80} INFO - Job 2336: Subtask BRONZE_STONCKS_TSLA
[2024-09-16 00:16:13,863] {task_command.py:370} INFO - Running <TaskInstance: BRONZER_GET_STONCKS.BRONZE_STONCKS_TSLA scheduled__2024-04-17T00:00:00+00:00 [running]> on host kaiwang.
[2024-09-16 00:16:14,215] {taskinstance.py:1569} INFO - Exporting the following env vars:
AIRFLOW_CTX_DAG_OWNER=airflow
AIRFLOW_CTX_DAG_ID=BRONZER_GET_STONCKS
AIRFLOW_CTX_TASK_ID=BRONZE_STONCKS_TSLA
AIRFLOW_CTX_EXECUTION_DATE=2024-04-17T00:00:00+00:00
AIRFLOW_CTX_TRY_NUMBER=1
AIRFLOW_CTX_DAG_RUN_ID=scheduled__2024-04-17T00:00:00+00:00
[2024-09-16 00:16:14,901] {python.py:173} INFO - Done. Returned value was: None
[2024-09-16 00:16:14,987] {taskinstance.py:1395} INFO - Marking task as SUCCESS. dag_id=BRONZER_GET_STONCKS, task_id=BRONZE_STONCKS_TSLA, execution_date=20240417T000000, start_date=20240916T031613, end_date=20240916T031614
[2024-09-16 00:16:15,028] {local_task_job.py:156} INFO - Task exited with return code 0
[2024-09-16 00:16:15,139] {local_task_job.py:273} INFO - 0 downstream tasks scheduled from follow-on schedule check
