[2024-09-16 00:04:31,265] {taskinstance.py:1159} INFO - Dependencies all met for <TaskInstance: BRONZER_GET_CRIPTOS.BRONZE_CRIPTO_DOGE scheduled__2024-03-09T00:00:00+00:00 [queued]>
[2024-09-16 00:04:31,304] {taskinstance.py:1159} INFO - Dependencies all met for <TaskInstance: BRONZER_GET_CRIPTOS.BRONZE_CRIPTO_DOGE scheduled__2024-03-09T00:00:00+00:00 [queued]>
[2024-09-16 00:04:31,304] {taskinstance.py:1356} INFO - 
--------------------------------------------------------------------------------
[2024-09-16 00:04:31,304] {taskinstance.py:1357} INFO - Starting attempt 1 of 1
[2024-09-16 00:04:31,304] {taskinstance.py:1358} INFO - 
--------------------------------------------------------------------------------
[2024-09-16 00:04:31,354] {taskinstance.py:1377} INFO - Executing <Task(_PythonDecoratedOperator): BRONZE_CRIPTO_DOGE> on 2024-03-09 00:00:00+00:00
[2024-09-16 00:04:31,393] {standard_task_runner.py:52} INFO - Started process 25015 to run task
[2024-09-16 00:04:31,437] {standard_task_runner.py:79} INFO - Running: ['airflow', 'tasks', 'run', 'BRONZER_GET_CRIPTOS', 'BRONZE_CRIPTO_DOGE', 'scheduled__2024-03-09T00:00:00+00:00', '--job-id', '407', '--raw', '--subdir', 'DAGS_FOLDER/get_cripto.py', '--cfg-path', '/tmp/tmp_1dspxb5', '--error-file', '/tmp/tmpmanerbtj']
[2024-09-16 00:04:31,438] {standard_task_runner.py:80} INFO - Job 407: Subtask BRONZE_CRIPTO_DOGE
[2024-09-16 00:04:31,747] {task_command.py:370} INFO - Running <TaskInstance: BRONZER_GET_CRIPTOS.BRONZE_CRIPTO_DOGE scheduled__2024-03-09T00:00:00+00:00 [running]> on host kaiwang.
[2024-09-16 00:04:32,093] {taskinstance.py:1569} INFO - Exporting the following env vars:
AIRFLOW_CTX_DAG_OWNER=airflow
AIRFLOW_CTX_DAG_ID=BRONZER_GET_CRIPTOS
AIRFLOW_CTX_TASK_ID=BRONZE_CRIPTO_DOGE
AIRFLOW_CTX_EXECUTION_DATE=2024-03-09T00:00:00+00:00
AIRFLOW_CTX_TRY_NUMBER=1
AIRFLOW_CTX_DAG_RUN_ID=scheduled__2024-03-09T00:00:00+00:00
[2024-09-16 00:04:34,729] {history.py:122} ERROR - $DOGE: possibly delisted; no timezone found
[2024-09-16 00:04:34,734] {python.py:173} INFO - Done. Returned value was: None
[2024-09-16 00:04:34,780] {taskinstance.py:1395} INFO - Marking task as SUCCESS. dag_id=BRONZER_GET_CRIPTOS, task_id=BRONZE_CRIPTO_DOGE, execution_date=20240309T000000, start_date=20240916T030431, end_date=20240916T030434
[2024-09-16 00:04:34,837] {local_task_job.py:156} INFO - Task exited with return code 0
[2024-09-16 00:04:35,105] {local_task_job.py:273} INFO - 0 downstream tasks scheduled from follow-on schedule check
[2024-09-16 00:15:47,527] {taskinstance.py:1159} INFO - Dependencies all met for <TaskInstance: BRONZER_GET_CRIPTOS.BRONZE_CRIPTO_DOGE scheduled__2024-03-09T00:00:00+00:00 [queued]>
[2024-09-16 00:15:47,564] {taskinstance.py:1159} INFO - Dependencies all met for <TaskInstance: BRONZER_GET_CRIPTOS.BRONZE_CRIPTO_DOGE scheduled__2024-03-09T00:00:00+00:00 [queued]>
[2024-09-16 00:15:47,565] {taskinstance.py:1356} INFO - 
--------------------------------------------------------------------------------
[2024-09-16 00:15:47,565] {taskinstance.py:1357} INFO - Starting attempt 1 of 1
[2024-09-16 00:15:47,565] {taskinstance.py:1358} INFO - 
--------------------------------------------------------------------------------
[2024-09-16 00:15:47,618] {taskinstance.py:1377} INFO - Executing <Task(_PythonDecoratedOperator): BRONZE_CRIPTO_DOGE> on 2024-03-09 00:00:00+00:00
[2024-09-16 00:15:47,664] {standard_task_runner.py:52} INFO - Started process 56445 to run task
[2024-09-16 00:15:47,685] {standard_task_runner.py:79} INFO - Running: ['airflow', 'tasks', 'run', 'BRONZER_GET_CRIPTOS', 'BRONZE_CRIPTO_DOGE', 'scheduled__2024-03-09T00:00:00+00:00', '--job-id', '2214', '--raw', '--subdir', 'DAGS_FOLDER/get_cripto.py', '--cfg-path', '/tmp/tmpj8dqvwnz', '--error-file', '/tmp/tmpymya882j']
[2024-09-16 00:15:47,687] {standard_task_runner.py:80} INFO - Job 2214: Subtask BRONZE_CRIPTO_DOGE
[2024-09-16 00:15:48,042] {task_command.py:370} INFO - Running <TaskInstance: BRONZER_GET_CRIPTOS.BRONZE_CRIPTO_DOGE scheduled__2024-03-09T00:00:00+00:00 [running]> on host kaiwang.
[2024-09-16 00:15:48,382] {taskinstance.py:1569} INFO - Exporting the following env vars:
AIRFLOW_CTX_DAG_OWNER=airflow
AIRFLOW_CTX_DAG_ID=BRONZER_GET_CRIPTOS
AIRFLOW_CTX_TASK_ID=BRONZE_CRIPTO_DOGE
AIRFLOW_CTX_EXECUTION_DATE=2024-03-09T00:00:00+00:00
AIRFLOW_CTX_TRY_NUMBER=1
AIRFLOW_CTX_DAG_RUN_ID=scheduled__2024-03-09T00:00:00+00:00
[2024-09-16 00:15:51,209] {history.py:122} ERROR - $DOGE: possibly delisted; no timezone found
[2024-09-16 00:15:51,221] {python.py:173} INFO - Done. Returned value was: None
[2024-09-16 00:15:51,259] {taskinstance.py:1395} INFO - Marking task as SUCCESS. dag_id=BRONZER_GET_CRIPTOS, task_id=BRONZE_CRIPTO_DOGE, execution_date=20240309T000000, start_date=20240916T031547, end_date=20240916T031551
[2024-09-16 00:15:51,278] {local_task_job.py:156} INFO - Task exited with return code 0
[2024-09-16 00:15:51,320] {local_task_job.py:273} INFO - 0 downstream tasks scheduled from follow-on schedule check
