[2024-09-16 00:04:48,450] {taskinstance.py:1159} INFO - Dependencies all met for <TaskInstance: BRONZER_GET_STONCKS.BRONZE_STONCKS_TSLA scheduled__2024-03-29T00:00:00+00:00 [queued]>
[2024-09-16 00:04:48,560] {taskinstance.py:1159} INFO - Dependencies all met for <TaskInstance: BRONZER_GET_STONCKS.BRONZE_STONCKS_TSLA scheduled__2024-03-29T00:00:00+00:00 [queued]>
[2024-09-16 00:04:48,560] {taskinstance.py:1356} INFO - 
--------------------------------------------------------------------------------
[2024-09-16 00:04:48,560] {taskinstance.py:1357} INFO - Starting attempt 1 of 1
[2024-09-16 00:04:48,560] {taskinstance.py:1358} INFO - 
--------------------------------------------------------------------------------
[2024-09-16 00:04:48,751] {taskinstance.py:1377} INFO - Executing <Task(_PythonDecoratedOperator): BRONZE_STONCKS_TSLA> on 2024-03-29 00:00:00+00:00
[2024-09-16 00:04:48,785] {standard_task_runner.py:52} INFO - Started process 26362 to run task
[2024-09-16 00:04:48,863] {standard_task_runner.py:79} INFO - Running: ['airflow', 'tasks', 'run', 'BRONZER_GET_STONCKS', 'BRONZE_STONCKS_TSLA', 'scheduled__2024-03-29T00:00:00+00:00', '--job-id', '482', '--raw', '--subdir', 'DAGS_FOLDER/get_stocks.py', '--cfg-path', '/tmp/tmpu4trbebs', '--error-file', '/tmp/tmpcyygr_7a']
[2024-09-16 00:04:48,864] {standard_task_runner.py:80} INFO - Job 482: Subtask BRONZE_STONCKS_TSLA
[2024-09-16 00:04:49,366] {task_command.py:370} INFO - Running <TaskInstance: BRONZER_GET_STONCKS.BRONZE_STONCKS_TSLA scheduled__2024-03-29T00:00:00+00:00 [running]> on host kaiwang.
[2024-09-16 00:04:50,193] {taskinstance.py:1569} INFO - Exporting the following env vars:
AIRFLOW_CTX_DAG_OWNER=airflow
AIRFLOW_CTX_DAG_ID=BRONZER_GET_STONCKS
AIRFLOW_CTX_TASK_ID=BRONZE_STONCKS_TSLA
AIRFLOW_CTX_EXECUTION_DATE=2024-03-29T00:00:00+00:00
AIRFLOW_CTX_TRY_NUMBER=1
AIRFLOW_CTX_DAG_RUN_ID=scheduled__2024-03-29T00:00:00+00:00
[2024-09-16 00:04:50,933] {python.py:173} INFO - Done. Returned value was: None
[2024-09-16 00:04:51,023] {taskinstance.py:1395} INFO - Marking task as SUCCESS. dag_id=BRONZER_GET_STONCKS, task_id=BRONZE_STONCKS_TSLA, execution_date=20240329T000000, start_date=20240916T030448, end_date=20240916T030451
[2024-09-16 00:04:51,116] {local_task_job.py:156} INFO - Task exited with return code 0
[2024-09-16 00:04:51,263] {local_task_job.py:273} INFO - 0 downstream tasks scheduled from follow-on schedule check
[2024-09-16 00:15:54,605] {taskinstance.py:1159} INFO - Dependencies all met for <TaskInstance: BRONZER_GET_STONCKS.BRONZE_STONCKS_TSLA scheduled__2024-03-29T00:00:00+00:00 [queued]>
[2024-09-16 00:15:54,626] {taskinstance.py:1159} INFO - Dependencies all met for <TaskInstance: BRONZER_GET_STONCKS.BRONZE_STONCKS_TSLA scheduled__2024-03-29T00:00:00+00:00 [queued]>
[2024-09-16 00:15:54,626] {taskinstance.py:1356} INFO - 
--------------------------------------------------------------------------------
[2024-09-16 00:15:54,626] {taskinstance.py:1357} INFO - Starting attempt 1 of 1
[2024-09-16 00:15:54,626] {taskinstance.py:1358} INFO - 
--------------------------------------------------------------------------------
[2024-09-16 00:15:54,720] {taskinstance.py:1377} INFO - Executing <Task(_PythonDecoratedOperator): BRONZE_STONCKS_TSLA> on 2024-03-29 00:00:00+00:00
[2024-09-16 00:15:54,727] {standard_task_runner.py:52} INFO - Started process 56967 to run task
[2024-09-16 00:15:54,762] {standard_task_runner.py:79} INFO - Running: ['airflow', 'tasks', 'run', 'BRONZER_GET_STONCKS', 'BRONZE_STONCKS_TSLA', 'scheduled__2024-03-29T00:00:00+00:00', '--job-id', '2240', '--raw', '--subdir', 'DAGS_FOLDER/get_stocks.py', '--cfg-path', '/tmp/tmp42qkns4v', '--error-file', '/tmp/tmpwgffj9h5']
[2024-09-16 00:15:54,763] {standard_task_runner.py:80} INFO - Job 2240: Subtask BRONZE_STONCKS_TSLA
[2024-09-16 00:15:55,091] {task_command.py:370} INFO - Running <TaskInstance: BRONZER_GET_STONCKS.BRONZE_STONCKS_TSLA scheduled__2024-03-29T00:00:00+00:00 [running]> on host kaiwang.
[2024-09-16 00:15:55,569] {taskinstance.py:1569} INFO - Exporting the following env vars:
AIRFLOW_CTX_DAG_OWNER=airflow
AIRFLOW_CTX_DAG_ID=BRONZER_GET_STONCKS
AIRFLOW_CTX_TASK_ID=BRONZE_STONCKS_TSLA
AIRFLOW_CTX_EXECUTION_DATE=2024-03-29T00:00:00+00:00
AIRFLOW_CTX_TRY_NUMBER=1
AIRFLOW_CTX_DAG_RUN_ID=scheduled__2024-03-29T00:00:00+00:00
[2024-09-16 00:15:56,162] {python.py:173} INFO - Done. Returned value was: None
[2024-09-16 00:15:56,176] {taskinstance.py:1395} INFO - Marking task as SUCCESS. dag_id=BRONZER_GET_STONCKS, task_id=BRONZE_STONCKS_TSLA, execution_date=20240329T000000, start_date=20240916T031554, end_date=20240916T031556
[2024-09-16 00:15:56,221] {local_task_job.py:156} INFO - Task exited with return code 0
[2024-09-16 00:15:56,260] {local_task_job.py:273} INFO - 0 downstream tasks scheduled from follow-on schedule check
