[2024-09-16 00:04:25,039] {taskinstance.py:1159} INFO - Dependencies all met for <TaskInstance: BRONZER_GET_CRIPTOS.BRONZE_CRIPTO_AVAX scheduled__2024-03-05T00:00:00+00:00 [queued]>
[2024-09-16 00:04:25,085] {taskinstance.py:1159} INFO - Dependencies all met for <TaskInstance: BRONZER_GET_CRIPTOS.BRONZE_CRIPTO_AVAX scheduled__2024-03-05T00:00:00+00:00 [queued]>
[2024-09-16 00:04:25,086] {taskinstance.py:1356} INFO - 
--------------------------------------------------------------------------------
[2024-09-16 00:04:25,086] {taskinstance.py:1357} INFO - Starting attempt 1 of 1
[2024-09-16 00:04:25,086] {taskinstance.py:1358} INFO - 
--------------------------------------------------------------------------------
[2024-09-16 00:04:25,152] {taskinstance.py:1377} INFO - Executing <Task(_PythonDecoratedOperator): BRONZE_CRIPTO_AVAX> on 2024-03-05 00:00:00+00:00
[2024-09-16 00:04:25,160] {standard_task_runner.py:52} INFO - Started process 24510 to run task
[2024-09-16 00:04:25,199] {standard_task_runner.py:79} INFO - Running: ['airflow', 'tasks', 'run', 'BRONZER_GET_CRIPTOS', 'BRONZE_CRIPTO_AVAX', 'scheduled__2024-03-05T00:00:00+00:00', '--job-id', '378', '--raw', '--subdir', 'DAGS_FOLDER/get_cripto.py', '--cfg-path', '/tmp/tmp2ynlipm3', '--error-file', '/tmp/tmporwm6sdu']
[2024-09-16 00:04:25,201] {standard_task_runner.py:80} INFO - Job 378: Subtask BRONZE_CRIPTO_AVAX
[2024-09-16 00:04:25,563] {task_command.py:370} INFO - Running <TaskInstance: BRONZER_GET_CRIPTOS.BRONZE_CRIPTO_AVAX scheduled__2024-03-05T00:00:00+00:00 [running]> on host kaiwang.
[2024-09-16 00:04:25,960] {taskinstance.py:1569} INFO - Exporting the following env vars:
AIRFLOW_CTX_DAG_OWNER=airflow
AIRFLOW_CTX_DAG_ID=BRONZER_GET_CRIPTOS
AIRFLOW_CTX_TASK_ID=BRONZE_CRIPTO_AVAX
AIRFLOW_CTX_EXECUTION_DATE=2024-03-05T00:00:00+00:00
AIRFLOW_CTX_TRY_NUMBER=1
AIRFLOW_CTX_DAG_RUN_ID=scheduled__2024-03-05T00:00:00+00:00
[2024-09-16 00:04:28,833] {history.py:122} ERROR - $AVAX: possibly delisted; no timezone found
[2024-09-16 00:04:28,837] {python.py:173} INFO - Done. Returned value was: None
[2024-09-16 00:04:28,909] {taskinstance.py:1395} INFO - Marking task as SUCCESS. dag_id=BRONZER_GET_CRIPTOS, task_id=BRONZE_CRIPTO_AVAX, execution_date=20240305T000000, start_date=20240916T030425, end_date=20240916T030428
[2024-09-16 00:04:28,981] {local_task_job.py:156} INFO - Task exited with return code 0
[2024-09-16 00:04:29,286] {local_task_job.py:273} INFO - 0 downstream tasks scheduled from follow-on schedule check
[2024-09-16 00:15:40,071] {taskinstance.py:1159} INFO - Dependencies all met for <TaskInstance: BRONZER_GET_CRIPTOS.BRONZE_CRIPTO_AVAX scheduled__2024-03-05T00:00:00+00:00 [queued]>
[2024-09-16 00:15:40,084] {taskinstance.py:1159} INFO - Dependencies all met for <TaskInstance: BRONZER_GET_CRIPTOS.BRONZE_CRIPTO_AVAX scheduled__2024-03-05T00:00:00+00:00 [queued]>
[2024-09-16 00:15:40,085] {taskinstance.py:1356} INFO - 
--------------------------------------------------------------------------------
[2024-09-16 00:15:40,085] {taskinstance.py:1357} INFO - Starting attempt 1 of 1
[2024-09-16 00:15:40,085] {taskinstance.py:1358} INFO - 
--------------------------------------------------------------------------------
[2024-09-16 00:15:40,129] {taskinstance.py:1377} INFO - Executing <Task(_PythonDecoratedOperator): BRONZE_CRIPTO_AVAX> on 2024-03-05 00:00:00+00:00
[2024-09-16 00:15:40,144] {standard_task_runner.py:52} INFO - Started process 55832 to run task
[2024-09-16 00:15:40,177] {standard_task_runner.py:79} INFO - Running: ['airflow', 'tasks', 'run', 'BRONZER_GET_CRIPTOS', 'BRONZE_CRIPTO_AVAX', 'scheduled__2024-03-05T00:00:00+00:00', '--job-id', '2181', '--raw', '--subdir', 'DAGS_FOLDER/get_cripto.py', '--cfg-path', '/tmp/tmpu2238ugu', '--error-file', '/tmp/tmpwz1535v5']
[2024-09-16 00:15:40,203] {standard_task_runner.py:80} INFO - Job 2181: Subtask BRONZE_CRIPTO_AVAX
[2024-09-16 00:15:40,511] {task_command.py:370} INFO - Running <TaskInstance: BRONZER_GET_CRIPTOS.BRONZE_CRIPTO_AVAX scheduled__2024-03-05T00:00:00+00:00 [running]> on host kaiwang.
[2024-09-16 00:15:40,882] {taskinstance.py:1569} INFO - Exporting the following env vars:
AIRFLOW_CTX_DAG_OWNER=airflow
AIRFLOW_CTX_DAG_ID=BRONZER_GET_CRIPTOS
AIRFLOW_CTX_TASK_ID=BRONZE_CRIPTO_AVAX
AIRFLOW_CTX_EXECUTION_DATE=2024-03-05T00:00:00+00:00
AIRFLOW_CTX_TRY_NUMBER=1
AIRFLOW_CTX_DAG_RUN_ID=scheduled__2024-03-05T00:00:00+00:00
[2024-09-16 00:15:43,645] {history.py:122} ERROR - $AVAX: possibly delisted; no timezone found
[2024-09-16 00:15:43,651] {python.py:173} INFO - Done. Returned value was: None
[2024-09-16 00:15:43,715] {taskinstance.py:1395} INFO - Marking task as SUCCESS. dag_id=BRONZER_GET_CRIPTOS, task_id=BRONZE_CRIPTO_AVAX, execution_date=20240305T000000, start_date=20240916T031540, end_date=20240916T031543
[2024-09-16 00:15:43,772] {local_task_job.py:156} INFO - Task exited with return code 0
[2024-09-16 00:15:43,893] {local_task_job.py:273} INFO - 0 downstream tasks scheduled from follow-on schedule check
