[2024-09-16 00:08:26,248] {taskinstance.py:1159} INFO - Dependencies all met for <TaskInstance: BRONZER_GET_CRIPTOS.BRONZE_CRIPTO_AVAX scheduled__2024-09-12T00:00:00+00:00 [queued]>
[2024-09-16 00:08:26,261] {taskinstance.py:1159} INFO - Dependencies all met for <TaskInstance: BRONZER_GET_CRIPTOS.BRONZE_CRIPTO_AVAX scheduled__2024-09-12T00:00:00+00:00 [queued]>
[2024-09-16 00:08:26,262] {taskinstance.py:1356} INFO - 
--------------------------------------------------------------------------------
[2024-09-16 00:08:26,262] {taskinstance.py:1357} INFO - Starting attempt 1 of 1
[2024-09-16 00:08:26,262] {taskinstance.py:1358} INFO - 
--------------------------------------------------------------------------------
[2024-09-16 00:08:26,280] {taskinstance.py:1377} INFO - Executing <Task(_PythonDecoratedOperator): BRONZE_CRIPTO_AVAX> on 2024-09-12 00:00:00+00:00
[2024-09-16 00:08:26,294] {standard_task_runner.py:52} INFO - Started process 43202 to run task
[2024-09-16 00:08:26,307] {standard_task_runner.py:79} INFO - Running: ['airflow', 'tasks', 'run', 'BRONZER_GET_CRIPTOS', 'BRONZE_CRIPTO_AVAX', 'scheduled__2024-09-12T00:00:00+00:00', '--job-id', '1468', '--raw', '--subdir', 'DAGS_FOLDER/get_cripto.py', '--cfg-path', '/tmp/tmp4dh6bvoy', '--error-file', '/tmp/tmphdau6o9o']
[2024-09-16 00:08:26,308] {standard_task_runner.py:80} INFO - Job 1468: Subtask BRONZE_CRIPTO_AVAX
[2024-09-16 00:08:26,414] {task_command.py:370} INFO - Running <TaskInstance: BRONZER_GET_CRIPTOS.BRONZE_CRIPTO_AVAX scheduled__2024-09-12T00:00:00+00:00 [running]> on host kaiwang.
[2024-09-16 00:08:26,506] {taskinstance.py:1569} INFO - Exporting the following env vars:
AIRFLOW_CTX_DAG_OWNER=airflow
AIRFLOW_CTX_DAG_ID=BRONZER_GET_CRIPTOS
AIRFLOW_CTX_TASK_ID=BRONZE_CRIPTO_AVAX
AIRFLOW_CTX_EXECUTION_DATE=2024-09-12T00:00:00+00:00
AIRFLOW_CTX_TRY_NUMBER=1
AIRFLOW_CTX_DAG_RUN_ID=scheduled__2024-09-12T00:00:00+00:00
[2024-09-16 00:08:29,522] {history.py:122} ERROR - $AVAX: possibly delisted; no timezone found
[2024-09-16 00:08:29,526] {python.py:173} INFO - Done. Returned value was: None
[2024-09-16 00:08:29,547] {taskinstance.py:1395} INFO - Marking task as SUCCESS. dag_id=BRONZER_GET_CRIPTOS, task_id=BRONZE_CRIPTO_AVAX, execution_date=20240912T000000, start_date=20240916T030826, end_date=20240916T030829
[2024-09-16 00:08:29,572] {local_task_job.py:156} INFO - Task exited with return code 0
[2024-09-16 00:08:29,605] {local_task_job.py:273} INFO - 0 downstream tasks scheduled from follow-on schedule check
[2024-09-16 13:56:54,051] {taskinstance.py:1159} INFO - Dependencies all met for <TaskInstance: BRONZER_GET_CRIPTOS.BRONZE_CRIPTO_AVAX scheduled__2024-09-12T00:00:00+00:00 [queued]>
[2024-09-16 13:56:54,061] {taskinstance.py:1159} INFO - Dependencies all met for <TaskInstance: BRONZER_GET_CRIPTOS.BRONZE_CRIPTO_AVAX scheduled__2024-09-12T00:00:00+00:00 [queued]>
[2024-09-16 13:56:54,062] {taskinstance.py:1356} INFO - 
--------------------------------------------------------------------------------
[2024-09-16 13:56:54,062] {taskinstance.py:1357} INFO - Starting attempt 1 of 1
[2024-09-16 13:56:54,062] {taskinstance.py:1358} INFO - 
--------------------------------------------------------------------------------
[2024-09-16 13:56:54,073] {taskinstance.py:1377} INFO - Executing <Task(_PythonDecoratedOperator): BRONZE_CRIPTO_AVAX> on 2024-09-12 00:00:00+00:00
[2024-09-16 13:56:54,080] {standard_task_runner.py:52} INFO - Started process 141178 to run task
[2024-09-16 13:56:54,085] {standard_task_runner.py:79} INFO - Running: ['airflow', 'tasks', 'run', 'BRONZER_GET_CRIPTOS', 'BRONZE_CRIPTO_AVAX', 'scheduled__2024-09-12T00:00:00+00:00', '--job-id', '2683', '--raw', '--subdir', 'DAGS_FOLDER/get_cripto.py', '--cfg-path', '/tmp/tmpe63h8dgp', '--error-file', '/tmp/tmpddj_8e2g']
[2024-09-16 13:56:54,087] {standard_task_runner.py:80} INFO - Job 2683: Subtask BRONZE_CRIPTO_AVAX
[2024-09-16 13:56:54,177] {task_command.py:370} INFO - Running <TaskInstance: BRONZER_GET_CRIPTOS.BRONZE_CRIPTO_AVAX scheduled__2024-09-12T00:00:00+00:00 [running]> on host kaiwang.
[2024-09-16 13:56:54,393] {taskinstance.py:1569} INFO - Exporting the following env vars:
AIRFLOW_CTX_DAG_OWNER=airflow
AIRFLOW_CTX_DAG_ID=BRONZER_GET_CRIPTOS
AIRFLOW_CTX_TASK_ID=BRONZE_CRIPTO_AVAX
AIRFLOW_CTX_EXECUTION_DATE=2024-09-12T00:00:00+00:00
AIRFLOW_CTX_TRY_NUMBER=1
AIRFLOW_CTX_DAG_RUN_ID=scheduled__2024-09-12T00:00:00+00:00
[2024-09-16 13:56:58,245] {history.py:122} ERROR - $AVAX: possibly delisted; no timezone found
[2024-09-16 13:56:58,247] {python.py:173} INFO - Done. Returned value was: None
[2024-09-16 13:56:58,261] {taskinstance.py:1395} INFO - Marking task as SUCCESS. dag_id=BRONZER_GET_CRIPTOS, task_id=BRONZE_CRIPTO_AVAX, execution_date=20240912T000000, start_date=20240916T165654, end_date=20240916T165658
[2024-09-16 13:56:58,281] {local_task_job.py:156} INFO - Task exited with return code 0
[2024-09-16 13:56:58,313] {local_task_job.py:273} INFO - 0 downstream tasks scheduled from follow-on schedule check
