[2024-09-16 00:04:37,077] {taskinstance.py:1159} INFO - Dependencies all met for <TaskInstance: BRONZER_GET_CRIPTOS.BRONZE_CRIPTO_DOGE scheduled__2024-03-14T00:00:00+00:00 [queued]>
[2024-09-16 00:04:37,115] {taskinstance.py:1159} INFO - Dependencies all met for <TaskInstance: BRONZER_GET_CRIPTOS.BRONZE_CRIPTO_DOGE scheduled__2024-03-14T00:00:00+00:00 [queued]>
[2024-09-16 00:04:37,115] {taskinstance.py:1356} INFO - 
--------------------------------------------------------------------------------
[2024-09-16 00:04:37,115] {taskinstance.py:1357} INFO - Starting attempt 1 of 1
[2024-09-16 00:04:37,115] {taskinstance.py:1358} INFO - 
--------------------------------------------------------------------------------
[2024-09-16 00:04:37,200] {taskinstance.py:1377} INFO - Executing <Task(_PythonDecoratedOperator): BRONZE_CRIPTO_DOGE> on 2024-03-14 00:00:00+00:00
[2024-09-16 00:04:37,206] {standard_task_runner.py:52} INFO - Started process 25499 to run task
[2024-09-16 00:04:37,246] {standard_task_runner.py:79} INFO - Running: ['airflow', 'tasks', 'run', 'BRONZER_GET_CRIPTOS', 'BRONZE_CRIPTO_DOGE', 'scheduled__2024-03-14T00:00:00+00:00', '--job-id', '436', '--raw', '--subdir', 'DAGS_FOLDER/get_cripto.py', '--cfg-path', '/tmp/tmps10je94f', '--error-file', '/tmp/tmpzquwt8t_']
[2024-09-16 00:04:37,247] {standard_task_runner.py:80} INFO - Job 436: Subtask BRONZE_CRIPTO_DOGE
[2024-09-16 00:04:37,607] {task_command.py:370} INFO - Running <TaskInstance: BRONZER_GET_CRIPTOS.BRONZE_CRIPTO_DOGE scheduled__2024-03-14T00:00:00+00:00 [running]> on host kaiwang.
[2024-09-16 00:04:38,022] {taskinstance.py:1569} INFO - Exporting the following env vars:
AIRFLOW_CTX_DAG_OWNER=airflow
AIRFLOW_CTX_DAG_ID=BRONZER_GET_CRIPTOS
AIRFLOW_CTX_TASK_ID=BRONZE_CRIPTO_DOGE
AIRFLOW_CTX_EXECUTION_DATE=2024-03-14T00:00:00+00:00
AIRFLOW_CTX_TRY_NUMBER=1
AIRFLOW_CTX_DAG_RUN_ID=scheduled__2024-03-14T00:00:00+00:00
[2024-09-16 00:04:40,654] {history.py:122} ERROR - $DOGE: possibly delisted; no timezone found
[2024-09-16 00:04:40,658] {python.py:173} INFO - Done. Returned value was: None
[2024-09-16 00:04:40,675] {taskinstance.py:1395} INFO - Marking task as SUCCESS. dag_id=BRONZER_GET_CRIPTOS, task_id=BRONZE_CRIPTO_DOGE, execution_date=20240314T000000, start_date=20240916T030437, end_date=20240916T030440
[2024-09-16 00:04:40,709] {local_task_job.py:156} INFO - Task exited with return code 0
[2024-09-16 00:04:40,755] {local_task_job.py:273} INFO - 0 downstream tasks scheduled from follow-on schedule check
[2024-09-16 00:15:54,923] {taskinstance.py:1159} INFO - Dependencies all met for <TaskInstance: BRONZER_GET_CRIPTOS.BRONZE_CRIPTO_DOGE scheduled__2024-03-14T00:00:00+00:00 [queued]>
[2024-09-16 00:15:54,963] {taskinstance.py:1159} INFO - Dependencies all met for <TaskInstance: BRONZER_GET_CRIPTOS.BRONZE_CRIPTO_DOGE scheduled__2024-03-14T00:00:00+00:00 [queued]>
[2024-09-16 00:15:54,966] {taskinstance.py:1356} INFO - 
--------------------------------------------------------------------------------
[2024-09-16 00:15:54,966] {taskinstance.py:1357} INFO - Starting attempt 1 of 1
[2024-09-16 00:15:54,966] {taskinstance.py:1358} INFO - 
--------------------------------------------------------------------------------
[2024-09-16 00:15:55,062] {taskinstance.py:1377} INFO - Executing <Task(_PythonDecoratedOperator): BRONZE_CRIPTO_DOGE> on 2024-03-14 00:00:00+00:00
[2024-09-16 00:15:55,067] {standard_task_runner.py:52} INFO - Started process 57032 to run task
[2024-09-16 00:15:55,092] {standard_task_runner.py:79} INFO - Running: ['airflow', 'tasks', 'run', 'BRONZER_GET_CRIPTOS', 'BRONZE_CRIPTO_DOGE', 'scheduled__2024-03-14T00:00:00+00:00', '--job-id', '2250', '--raw', '--subdir', 'DAGS_FOLDER/get_cripto.py', '--cfg-path', '/tmp/tmpi8xk9bhx', '--error-file', '/tmp/tmpmw7c2vld']
[2024-09-16 00:15:55,093] {standard_task_runner.py:80} INFO - Job 2250: Subtask BRONZE_CRIPTO_DOGE
[2024-09-16 00:15:55,542] {task_command.py:370} INFO - Running <TaskInstance: BRONZER_GET_CRIPTOS.BRONZE_CRIPTO_DOGE scheduled__2024-03-14T00:00:00+00:00 [running]> on host kaiwang.
[2024-09-16 00:15:55,823] {taskinstance.py:1569} INFO - Exporting the following env vars:
AIRFLOW_CTX_DAG_OWNER=airflow
AIRFLOW_CTX_DAG_ID=BRONZER_GET_CRIPTOS
AIRFLOW_CTX_TASK_ID=BRONZE_CRIPTO_DOGE
AIRFLOW_CTX_EXECUTION_DATE=2024-03-14T00:00:00+00:00
AIRFLOW_CTX_TRY_NUMBER=1
AIRFLOW_CTX_DAG_RUN_ID=scheduled__2024-03-14T00:00:00+00:00
[2024-09-16 00:15:58,450] {history.py:122} ERROR - $DOGE: possibly delisted; no timezone found
[2024-09-16 00:15:58,454] {python.py:173} INFO - Done. Returned value was: None
[2024-09-16 00:15:58,631] {taskinstance.py:1395} INFO - Marking task as SUCCESS. dag_id=BRONZER_GET_CRIPTOS, task_id=BRONZE_CRIPTO_DOGE, execution_date=20240314T000000, start_date=20240916T031554, end_date=20240916T031558
[2024-09-16 00:15:58,672] {local_task_job.py:156} INFO - Task exited with return code 0
[2024-09-16 00:15:58,818] {local_task_job.py:273} INFO - 0 downstream tasks scheduled from follow-on schedule check
