[2024-09-16 00:05:26,422] {taskinstance.py:1159} INFO - Dependencies all met for <TaskInstance: BRONZER_GET_STONCKS.BRONZE_STONCKS_MSFT scheduled__2024-05-02T00:00:00+00:00 [queued]>
[2024-09-16 00:05:26,462] {taskinstance.py:1159} INFO - Dependencies all met for <TaskInstance: BRONZER_GET_STONCKS.BRONZE_STONCKS_MSFT scheduled__2024-05-02T00:00:00+00:00 [queued]>
[2024-09-16 00:05:26,462] {taskinstance.py:1356} INFO - 
--------------------------------------------------------------------------------
[2024-09-16 00:05:26,463] {taskinstance.py:1357} INFO - Starting attempt 1 of 1
[2024-09-16 00:05:26,463] {taskinstance.py:1358} INFO - 
--------------------------------------------------------------------------------
[2024-09-16 00:05:26,496] {taskinstance.py:1377} INFO - Executing <Task(_PythonDecoratedOperator): BRONZE_STONCKS_MSFT> on 2024-05-02 00:00:00+00:00
[2024-09-16 00:05:26,511] {standard_task_runner.py:52} INFO - Started process 29323 to run task
[2024-09-16 00:05:26,534] {standard_task_runner.py:79} INFO - Running: ['airflow', 'tasks', 'run', 'BRONZER_GET_STONCKS', 'BRONZE_STONCKS_MSFT', 'scheduled__2024-05-02T00:00:00+00:00', '--job-id', '661', '--raw', '--subdir', 'DAGS_FOLDER/get_stocks.py', '--cfg-path', '/tmp/tmph8wzom2j', '--error-file', '/tmp/tmpcldft23c']
[2024-09-16 00:05:26,535] {standard_task_runner.py:80} INFO - Job 661: Subtask BRONZE_STONCKS_MSFT
[2024-09-16 00:05:26,717] {task_command.py:370} INFO - Running <TaskInstance: BRONZER_GET_STONCKS.BRONZE_STONCKS_MSFT scheduled__2024-05-02T00:00:00+00:00 [running]> on host kaiwang.
[2024-09-16 00:05:26,824] {taskinstance.py:1569} INFO - Exporting the following env vars:
AIRFLOW_CTX_DAG_OWNER=airflow
AIRFLOW_CTX_DAG_ID=BRONZER_GET_STONCKS
AIRFLOW_CTX_TASK_ID=BRONZE_STONCKS_MSFT
AIRFLOW_CTX_EXECUTION_DATE=2024-05-02T00:00:00+00:00
AIRFLOW_CTX_TRY_NUMBER=1
AIRFLOW_CTX_DAG_RUN_ID=scheduled__2024-05-02T00:00:00+00:00
[2024-09-16 00:05:27,534] {python.py:173} INFO - Done. Returned value was: None
[2024-09-16 00:05:27,835] {taskinstance.py:1395} INFO - Marking task as SUCCESS. dag_id=BRONZER_GET_STONCKS, task_id=BRONZE_STONCKS_MSFT, execution_date=20240502T000000, start_date=20240916T030526, end_date=20240916T030527
[2024-09-16 00:05:27,876] {local_task_job.py:156} INFO - Task exited with return code 0
[2024-09-16 00:05:28,260] {local_task_job.py:273} INFO - 0 downstream tasks scheduled from follow-on schedule check
[2024-09-16 00:16:31,833] {taskinstance.py:1159} INFO - Dependencies all met for <TaskInstance: BRONZER_GET_STONCKS.BRONZE_STONCKS_MSFT scheduled__2024-05-02T00:00:00+00:00 [queued]>
[2024-09-16 00:16:31,877] {taskinstance.py:1159} INFO - Dependencies all met for <TaskInstance: BRONZER_GET_STONCKS.BRONZE_STONCKS_MSFT scheduled__2024-05-02T00:00:00+00:00 [queued]>
[2024-09-16 00:16:31,877] {taskinstance.py:1356} INFO - 
--------------------------------------------------------------------------------
[2024-09-16 00:16:31,877] {taskinstance.py:1357} INFO - Starting attempt 1 of 1
[2024-09-16 00:16:31,877] {taskinstance.py:1358} INFO - 
--------------------------------------------------------------------------------
[2024-09-16 00:16:31,951] {taskinstance.py:1377} INFO - Executing <Task(_PythonDecoratedOperator): BRONZE_STONCKS_MSFT> on 2024-05-02 00:00:00+00:00
[2024-09-16 00:16:31,966] {standard_task_runner.py:52} INFO - Started process 59967 to run task
[2024-09-16 00:16:31,991] {standard_task_runner.py:79} INFO - Running: ['airflow', 'tasks', 'run', 'BRONZER_GET_STONCKS', 'BRONZE_STONCKS_MSFT', 'scheduled__2024-05-02T00:00:00+00:00', '--job-id', '2421', '--raw', '--subdir', 'DAGS_FOLDER/get_stocks.py', '--cfg-path', '/tmp/tmpdncf76qu', '--error-file', '/tmp/tmpna47i4o0']
[2024-09-16 00:16:31,992] {standard_task_runner.py:80} INFO - Job 2421: Subtask BRONZE_STONCKS_MSFT
[2024-09-16 00:16:32,276] {task_command.py:370} INFO - Running <TaskInstance: BRONZER_GET_STONCKS.BRONZE_STONCKS_MSFT scheduled__2024-05-02T00:00:00+00:00 [running]> on host kaiwang.
[2024-09-16 00:16:32,474] {taskinstance.py:1569} INFO - Exporting the following env vars:
AIRFLOW_CTX_DAG_OWNER=airflow
AIRFLOW_CTX_DAG_ID=BRONZER_GET_STONCKS
AIRFLOW_CTX_TASK_ID=BRONZE_STONCKS_MSFT
AIRFLOW_CTX_EXECUTION_DATE=2024-05-02T00:00:00+00:00
AIRFLOW_CTX_TRY_NUMBER=1
AIRFLOW_CTX_DAG_RUN_ID=scheduled__2024-05-02T00:00:00+00:00
[2024-09-16 00:16:33,020] {python.py:173} INFO - Done. Returned value was: None
[2024-09-16 00:16:33,044] {taskinstance.py:1395} INFO - Marking task as SUCCESS. dag_id=BRONZER_GET_STONCKS, task_id=BRONZE_STONCKS_MSFT, execution_date=20240502T000000, start_date=20240916T031631, end_date=20240916T031633
[2024-09-16 00:16:33,104] {local_task_job.py:156} INFO - Task exited with return code 0
[2024-09-16 00:16:33,184] {local_task_job.py:273} INFO - 0 downstream tasks scheduled from follow-on schedule check
[2024-09-16 00:16:33,231] {dagrun.py:562} INFO - Marking run <DagRun BRONZER_GET_STONCKS @ 2024-05-02 00:00:00+00:00: scheduled__2024-05-02T00:00:00+00:00, externally triggered: False> successful
[2024-09-16 00:16:33,232] {dagrun.py:607} INFO - DagRun Finished: dag_id=BRONZER_GET_STONCKS, execution_date=2024-05-02 00:00:00+00:00, run_id=scheduled__2024-05-02T00:00:00+00:00, run_start_date=2024-09-16 03:16:21.173000+00:00, run_end_date=2024-09-16 03:16:33.232509+00:00, run_duration=12.059509, state=success, external_trigger=False, run_type=scheduled, data_interval_start=2024-05-02 00:00:00+00:00, data_interval_end=2024-05-03 00:00:00+00:00, dag_hash=54ae87f9a2ad23046fa87f5699b879b0
