[2024-09-16 00:07:38,670] {taskinstance.py:1159} INFO - Dependencies all met for <TaskInstance: BRONZER_GET_STONCKS.BRONZE_STONCKS_AAPL scheduled__2024-09-04T00:00:00+00:00 [queued]>
[2024-09-16 00:07:38,681] {taskinstance.py:1159} INFO - Dependencies all met for <TaskInstance: BRONZER_GET_STONCKS.BRONZE_STONCKS_AAPL scheduled__2024-09-04T00:00:00+00:00 [queued]>
[2024-09-16 00:07:38,682] {taskinstance.py:1356} INFO - 
--------------------------------------------------------------------------------
[2024-09-16 00:07:38,682] {taskinstance.py:1357} INFO - Starting attempt 1 of 1
[2024-09-16 00:07:38,682] {taskinstance.py:1358} INFO - 
--------------------------------------------------------------------------------
[2024-09-16 00:07:38,709] {taskinstance.py:1377} INFO - Executing <Task(_PythonDecoratedOperator): BRONZE_STONCKS_AAPL> on 2024-09-04 00:00:00+00:00
[2024-09-16 00:07:38,713] {standard_task_runner.py:52} INFO - Started process 40196 to run task
[2024-09-16 00:07:38,719] {standard_task_runner.py:79} INFO - Running: ['airflow', 'tasks', 'run', 'BRONZER_GET_STONCKS', 'BRONZE_STONCKS_AAPL', 'scheduled__2024-09-04T00:00:00+00:00', '--job-id', '1292', '--raw', '--subdir', 'DAGS_FOLDER/get_stocks.py', '--cfg-path', '/tmp/tmpds0n7pon', '--error-file', '/tmp/tmp1bmz6mul']
[2024-09-16 00:07:38,720] {standard_task_runner.py:80} INFO - Job 1292: Subtask BRONZE_STONCKS_AAPL
[2024-09-16 00:07:38,843] {task_command.py:370} INFO - Running <TaskInstance: BRONZER_GET_STONCKS.BRONZE_STONCKS_AAPL scheduled__2024-09-04T00:00:00+00:00 [running]> on host kaiwang.
[2024-09-16 00:07:38,947] {taskinstance.py:1569} INFO - Exporting the following env vars:
AIRFLOW_CTX_DAG_OWNER=airflow
AIRFLOW_CTX_DAG_ID=BRONZER_GET_STONCKS
AIRFLOW_CTX_TASK_ID=BRONZE_STONCKS_AAPL
AIRFLOW_CTX_EXECUTION_DATE=2024-09-04T00:00:00+00:00
AIRFLOW_CTX_TRY_NUMBER=1
AIRFLOW_CTX_DAG_RUN_ID=scheduled__2024-09-04T00:00:00+00:00
[2024-09-16 00:07:39,485] {python.py:173} INFO - Done. Returned value was: None
[2024-09-16 00:07:39,500] {taskinstance.py:1395} INFO - Marking task as SUCCESS. dag_id=BRONZER_GET_STONCKS, task_id=BRONZE_STONCKS_AAPL, execution_date=20240904T000000, start_date=20240916T030738, end_date=20240916T030739
[2024-09-16 00:07:39,543] {local_task_job.py:156} INFO - Task exited with return code 0
[2024-09-16 00:07:39,591] {local_task_job.py:273} INFO - 0 downstream tasks scheduled from follow-on schedule check
[2024-09-16 13:56:37,318] {taskinstance.py:1159} INFO - Dependencies all met for <TaskInstance: BRONZER_GET_STONCKS.BRONZE_STONCKS_AAPL scheduled__2024-09-04T00:00:00+00:00 [queued]>
[2024-09-16 13:56:37,333] {taskinstance.py:1159} INFO - Dependencies all met for <TaskInstance: BRONZER_GET_STONCKS.BRONZE_STONCKS_AAPL scheduled__2024-09-04T00:00:00+00:00 [queued]>
[2024-09-16 13:56:37,334] {taskinstance.py:1356} INFO - 
--------------------------------------------------------------------------------
[2024-09-16 13:56:37,334] {taskinstance.py:1357} INFO - Starting attempt 1 of 1
[2024-09-16 13:56:37,334] {taskinstance.py:1358} INFO - 
--------------------------------------------------------------------------------
[2024-09-16 13:56:37,349] {taskinstance.py:1377} INFO - Executing <Task(_PythonDecoratedOperator): BRONZE_STONCKS_AAPL> on 2024-09-04 00:00:00+00:00
[2024-09-16 13:56:37,354] {standard_task_runner.py:52} INFO - Started process 139860 to run task
[2024-09-16 13:56:37,357] {standard_task_runner.py:79} INFO - Running: ['airflow', 'tasks', 'run', 'BRONZER_GET_STONCKS', 'BRONZE_STONCKS_AAPL', 'scheduled__2024-09-04T00:00:00+00:00', '--job-id', '2618', '--raw', '--subdir', 'DAGS_FOLDER/get_stocks.py', '--cfg-path', '/tmp/tmpa3_jbn0b', '--error-file', '/tmp/tmp43_ry39p']
[2024-09-16 13:56:37,358] {standard_task_runner.py:80} INFO - Job 2618: Subtask BRONZE_STONCKS_AAPL
[2024-09-16 13:56:37,494] {task_command.py:370} INFO - Running <TaskInstance: BRONZER_GET_STONCKS.BRONZE_STONCKS_AAPL scheduled__2024-09-04T00:00:00+00:00 [running]> on host kaiwang.
[2024-09-16 13:56:37,950] {taskinstance.py:1569} INFO - Exporting the following env vars:
AIRFLOW_CTX_DAG_OWNER=airflow
AIRFLOW_CTX_DAG_ID=BRONZER_GET_STONCKS
AIRFLOW_CTX_TASK_ID=BRONZE_STONCKS_AAPL
AIRFLOW_CTX_EXECUTION_DATE=2024-09-04T00:00:00+00:00
AIRFLOW_CTX_TRY_NUMBER=1
AIRFLOW_CTX_DAG_RUN_ID=scheduled__2024-09-04T00:00:00+00:00
[2024-09-16 13:56:39,218] {python.py:173} INFO - Done. Returned value was: None
[2024-09-16 13:56:39,431] {taskinstance.py:1395} INFO - Marking task as SUCCESS. dag_id=BRONZER_GET_STONCKS, task_id=BRONZE_STONCKS_AAPL, execution_date=20240904T000000, start_date=20240916T165637, end_date=20240916T165639
[2024-09-16 13:56:39,553] {local_task_job.py:156} INFO - Task exited with return code 0
[2024-09-16 13:56:39,708] {local_task_job.py:273} INFO - 0 downstream tasks scheduled from follow-on schedule check
