[2024-09-16 00:05:45,166] {taskinstance.py:1159} INFO - Dependencies all met for <TaskInstance: BRONZER_GET_CRIPTOS.BRONZE_CRIPTO_AVAX scheduled__2024-05-01T00:00:00+00:00 [queued]>
[2024-09-16 00:05:45,175] {taskinstance.py:1159} INFO - Dependencies all met for <TaskInstance: BRONZER_GET_CRIPTOS.BRONZE_CRIPTO_AVAX scheduled__2024-05-01T00:00:00+00:00 [queued]>
[2024-09-16 00:05:45,176] {taskinstance.py:1356} INFO - 
--------------------------------------------------------------------------------
[2024-09-16 00:05:45,176] {taskinstance.py:1357} INFO - Starting attempt 1 of 1
[2024-09-16 00:05:45,176] {taskinstance.py:1358} INFO - 
--------------------------------------------------------------------------------
[2024-09-16 00:05:45,186] {taskinstance.py:1377} INFO - Executing <Task(_PythonDecoratedOperator): BRONZE_CRIPTO_AVAX> on 2024-05-01 00:00:00+00:00
[2024-09-16 00:05:45,190] {standard_task_runner.py:52} INFO - Started process 30858 to run task
[2024-09-16 00:05:45,194] {standard_task_runner.py:79} INFO - Running: ['airflow', 'tasks', 'run', 'BRONZER_GET_CRIPTOS', 'BRONZE_CRIPTO_AVAX', 'scheduled__2024-05-01T00:00:00+00:00', '--job-id', '748', '--raw', '--subdir', 'DAGS_FOLDER/get_cripto.py', '--cfg-path', '/tmp/tmpqaj0lwl7', '--error-file', '/tmp/tmp0stjx333']
[2024-09-16 00:05:45,195] {standard_task_runner.py:80} INFO - Job 748: Subtask BRONZE_CRIPTO_AVAX
[2024-09-16 00:05:45,298] {task_command.py:370} INFO - Running <TaskInstance: BRONZER_GET_CRIPTOS.BRONZE_CRIPTO_AVAX scheduled__2024-05-01T00:00:00+00:00 [running]> on host kaiwang.
[2024-09-16 00:05:45,399] {taskinstance.py:1569} INFO - Exporting the following env vars:
AIRFLOW_CTX_DAG_OWNER=airflow
AIRFLOW_CTX_DAG_ID=BRONZER_GET_CRIPTOS
AIRFLOW_CTX_TASK_ID=BRONZE_CRIPTO_AVAX
AIRFLOW_CTX_EXECUTION_DATE=2024-05-01T00:00:00+00:00
AIRFLOW_CTX_TRY_NUMBER=1
AIRFLOW_CTX_DAG_RUN_ID=scheduled__2024-05-01T00:00:00+00:00
[2024-09-16 00:05:48,384] {history.py:122} ERROR - $AVAX: possibly delisted; no timezone found
[2024-09-16 00:05:48,388] {python.py:173} INFO - Done. Returned value was: None
[2024-09-16 00:05:48,460] {taskinstance.py:1395} INFO - Marking task as SUCCESS. dag_id=BRONZER_GET_CRIPTOS, task_id=BRONZE_CRIPTO_AVAX, execution_date=20240501T000000, start_date=20240916T030545, end_date=20240916T030548
[2024-09-16 00:05:48,544] {local_task_job.py:156} INFO - Task exited with return code 0
[2024-09-16 00:05:48,678] {local_task_job.py:273} INFO - 0 downstream tasks scheduled from follow-on schedule check
