[2024-09-16 00:03:13,721] {taskinstance.py:1159} INFO - Dependencies all met for <TaskInstance: BRONZER_GET_CRIPTOS.BRONZE_CRIPTO_DOGE scheduled__2024-01-12T00:00:00+00:00 [queued]>
[2024-09-16 00:03:13,782] {taskinstance.py:1159} INFO - Dependencies all met for <TaskInstance: BRONZER_GET_CRIPTOS.BRONZE_CRIPTO_DOGE scheduled__2024-01-12T00:00:00+00:00 [queued]>
[2024-09-16 00:03:13,783] {taskinstance.py:1356} INFO - 
--------------------------------------------------------------------------------
[2024-09-16 00:03:13,783] {taskinstance.py:1357} INFO - Starting attempt 1 of 1
[2024-09-16 00:03:13,783] {taskinstance.py:1358} INFO - 
--------------------------------------------------------------------------------
[2024-09-16 00:03:13,843] {taskinstance.py:1377} INFO - Executing <Task(_PythonDecoratedOperator): BRONZE_CRIPTO_DOGE> on 2024-01-12 00:00:00+00:00
[2024-09-16 00:03:13,864] {standard_task_runner.py:79} INFO - Running: ['airflow', 'tasks', 'run', 'BRONZER_GET_CRIPTOS', 'BRONZE_CRIPTO_DOGE', 'scheduled__2024-01-12T00:00:00+00:00', '--job-id', '69', '--raw', '--subdir', 'DAGS_FOLDER/get_cripto.py', '--cfg-path', '/tmp/tmp6mogtplj', '--error-file', '/tmp/tmpcyj_xb5r']
[2024-09-16 00:03:13,868] {standard_task_runner.py:80} INFO - Job 69: Subtask BRONZE_CRIPTO_DOGE
[2024-09-16 00:03:13,851] {standard_task_runner.py:52} INFO - Started process 19189 to run task
[2024-09-16 00:03:14,144] {task_command.py:370} INFO - Running <TaskInstance: BRONZER_GET_CRIPTOS.BRONZE_CRIPTO_DOGE scheduled__2024-01-12T00:00:00+00:00 [running]> on host kaiwang.
[2024-09-16 00:03:14,547] {taskinstance.py:1569} INFO - Exporting the following env vars:
AIRFLOW_CTX_DAG_OWNER=airflow
AIRFLOW_CTX_DAG_ID=BRONZER_GET_CRIPTOS
AIRFLOW_CTX_TASK_ID=BRONZE_CRIPTO_DOGE
AIRFLOW_CTX_EXECUTION_DATE=2024-01-12T00:00:00+00:00
AIRFLOW_CTX_TRY_NUMBER=1
AIRFLOW_CTX_DAG_RUN_ID=scheduled__2024-01-12T00:00:00+00:00
[2024-09-16 00:03:19,062] {history.py:122} ERROR - $DOGE: possibly delisted; no timezone found
[2024-09-16 00:03:19,071] {python.py:173} INFO - Done. Returned value was: None
[2024-09-16 00:03:19,422] {taskinstance.py:1395} INFO - Marking task as SUCCESS. dag_id=BRONZER_GET_CRIPTOS, task_id=BRONZE_CRIPTO_DOGE, execution_date=20240112T000000, start_date=20240916T030313, end_date=20240916T030319
[2024-09-16 00:03:19,596] {local_task_job.py:156} INFO - Task exited with return code 0
[2024-09-16 00:03:19,756] {local_task_job.py:273} INFO - 0 downstream tasks scheduled from follow-on schedule check
[2024-09-16 00:12:58,645] {taskinstance.py:1159} INFO - Dependencies all met for <TaskInstance: BRONZER_GET_CRIPTOS.BRONZE_CRIPTO_DOGE scheduled__2024-01-12T00:00:00+00:00 [queued]>
[2024-09-16 00:12:58,733] {taskinstance.py:1159} INFO - Dependencies all met for <TaskInstance: BRONZER_GET_CRIPTOS.BRONZE_CRIPTO_DOGE scheduled__2024-01-12T00:00:00+00:00 [queued]>
[2024-09-16 00:12:58,733] {taskinstance.py:1356} INFO - 
--------------------------------------------------------------------------------
[2024-09-16 00:12:58,734] {taskinstance.py:1357} INFO - Starting attempt 1 of 1
[2024-09-16 00:12:58,734] {taskinstance.py:1358} INFO - 
--------------------------------------------------------------------------------
[2024-09-16 00:12:58,785] {taskinstance.py:1377} INFO - Executing <Task(_PythonDecoratedOperator): BRONZE_CRIPTO_DOGE> on 2024-01-12 00:00:00+00:00
[2024-09-16 00:12:58,793] {standard_task_runner.py:52} INFO - Started process 44904 to run task
[2024-09-16 00:12:58,821] {standard_task_runner.py:79} INFO - Running: ['airflow', 'tasks', 'run', 'BRONZER_GET_CRIPTOS', 'BRONZE_CRIPTO_DOGE', 'scheduled__2024-01-12T00:00:00+00:00', '--job-id', '1550', '--raw', '--subdir', 'DAGS_FOLDER/get_cripto.py', '--cfg-path', '/tmp/tmp_4mrrobl', '--error-file', '/tmp/tmpnxbm1ubk']
[2024-09-16 00:12:58,823] {standard_task_runner.py:80} INFO - Job 1550: Subtask BRONZE_CRIPTO_DOGE
[2024-09-16 00:12:59,089] {task_command.py:370} INFO - Running <TaskInstance: BRONZER_GET_CRIPTOS.BRONZE_CRIPTO_DOGE scheduled__2024-01-12T00:00:00+00:00 [running]> on host kaiwang.
[2024-09-16 00:12:59,330] {taskinstance.py:1569} INFO - Exporting the following env vars:
AIRFLOW_CTX_DAG_OWNER=airflow
AIRFLOW_CTX_DAG_ID=BRONZER_GET_CRIPTOS
AIRFLOW_CTX_TASK_ID=BRONZE_CRIPTO_DOGE
AIRFLOW_CTX_EXECUTION_DATE=2024-01-12T00:00:00+00:00
AIRFLOW_CTX_TRY_NUMBER=1
AIRFLOW_CTX_DAG_RUN_ID=scheduled__2024-01-12T00:00:00+00:00
[2024-09-16 00:13:01,646] {history.py:122} ERROR - $DOGE: possibly delisted; no timezone found
[2024-09-16 00:13:01,651] {python.py:173} INFO - Done. Returned value was: None
[2024-09-16 00:13:01,733] {taskinstance.py:1395} INFO - Marking task as SUCCESS. dag_id=BRONZER_GET_CRIPTOS, task_id=BRONZE_CRIPTO_DOGE, execution_date=20240112T000000, start_date=20240916T031258, end_date=20240916T031301
[2024-09-16 00:13:01,816] {local_task_job.py:156} INFO - Task exited with return code 0
[2024-09-16 00:13:01,991] {local_task_job.py:273} INFO - 0 downstream tasks scheduled from follow-on schedule check
[2024-09-16 00:14:33,851] {taskinstance.py:1159} INFO - Dependencies all met for <TaskInstance: BRONZER_GET_CRIPTOS.BRONZE_CRIPTO_DOGE scheduled__2024-01-12T00:00:00+00:00 [queued]>
[2024-09-16 00:14:33,900] {taskinstance.py:1159} INFO - Dependencies all met for <TaskInstance: BRONZER_GET_CRIPTOS.BRONZE_CRIPTO_DOGE scheduled__2024-01-12T00:00:00+00:00 [queued]>
[2024-09-16 00:14:33,900] {taskinstance.py:1356} INFO - 
--------------------------------------------------------------------------------
[2024-09-16 00:14:33,900] {taskinstance.py:1357} INFO - Starting attempt 1 of 1
[2024-09-16 00:14:33,900] {taskinstance.py:1358} INFO - 
--------------------------------------------------------------------------------
[2024-09-16 00:14:33,965] {taskinstance.py:1377} INFO - Executing <Task(_PythonDecoratedOperator): BRONZE_CRIPTO_DOGE> on 2024-01-12 00:00:00+00:00
[2024-09-16 00:14:33,982] {standard_task_runner.py:52} INFO - Started process 50346 to run task
[2024-09-16 00:14:34,027] {standard_task_runner.py:79} INFO - Running: ['airflow', 'tasks', 'run', 'BRONZER_GET_CRIPTOS', 'BRONZE_CRIPTO_DOGE', 'scheduled__2024-01-12T00:00:00+00:00', '--job-id', '1862', '--raw', '--subdir', 'DAGS_FOLDER/get_cripto.py', '--cfg-path', '/tmp/tmp9_83tmno', '--error-file', '/tmp/tmp0lzg9y3c']
[2024-09-16 00:14:34,030] {standard_task_runner.py:80} INFO - Job 1862: Subtask BRONZE_CRIPTO_DOGE
[2024-09-16 00:14:34,399] {task_command.py:370} INFO - Running <TaskInstance: BRONZER_GET_CRIPTOS.BRONZE_CRIPTO_DOGE scheduled__2024-01-12T00:00:00+00:00 [running]> on host kaiwang.
[2024-09-16 00:14:34,791] {taskinstance.py:1569} INFO - Exporting the following env vars:
AIRFLOW_CTX_DAG_OWNER=airflow
AIRFLOW_CTX_DAG_ID=BRONZER_GET_CRIPTOS
AIRFLOW_CTX_TASK_ID=BRONZE_CRIPTO_DOGE
AIRFLOW_CTX_EXECUTION_DATE=2024-01-12T00:00:00+00:00
AIRFLOW_CTX_TRY_NUMBER=1
AIRFLOW_CTX_DAG_RUN_ID=scheduled__2024-01-12T00:00:00+00:00
[2024-09-16 00:14:37,517] {history.py:122} ERROR - $DOGE: possibly delisted; no timezone found
[2024-09-16 00:14:37,529] {python.py:173} INFO - Done. Returned value was: None
[2024-09-16 00:14:37,901] {taskinstance.py:1395} INFO - Marking task as SUCCESS. dag_id=BRONZER_GET_CRIPTOS, task_id=BRONZE_CRIPTO_DOGE, execution_date=20240112T000000, start_date=20240916T031433, end_date=20240916T031437
[2024-09-16 00:14:37,983] {local_task_job.py:156} INFO - Task exited with return code 0
[2024-09-16 00:14:38,372] {local_task_job.py:273} INFO - 0 downstream tasks scheduled from follow-on schedule check
