[2024-09-16 00:05:45,324] {taskinstance.py:1159} INFO - Dependencies all met for <TaskInstance: BRONZER_GET_CRIPTOS.BRONZE_CRIPTO_ETH scheduled__2024-05-01T00:00:00+00:00 [queued]>
[2024-09-16 00:05:45,337] {taskinstance.py:1159} INFO - Dependencies all met for <TaskInstance: BRONZER_GET_CRIPTOS.BRONZE_CRIPTO_ETH scheduled__2024-05-01T00:00:00+00:00 [queued]>
[2024-09-16 00:05:45,337] {taskinstance.py:1356} INFO - 
--------------------------------------------------------------------------------
[2024-09-16 00:05:45,337] {taskinstance.py:1357} INFO - Starting attempt 1 of 1
[2024-09-16 00:05:45,337] {taskinstance.py:1358} INFO - 
--------------------------------------------------------------------------------
[2024-09-16 00:05:45,353] {taskinstance.py:1377} INFO - Executing <Task(_PythonDecoratedOperator): BRONZE_CRIPTO_ETH> on 2024-05-01 00:00:00+00:00
[2024-09-16 00:05:45,357] {standard_task_runner.py:52} INFO - Started process 30876 to run task
[2024-09-16 00:05:45,361] {standard_task_runner.py:79} INFO - Running: ['airflow', 'tasks', 'run', 'BRONZER_GET_CRIPTOS', 'BRONZE_CRIPTO_ETH', 'scheduled__2024-05-01T00:00:00+00:00', '--job-id', '750', '--raw', '--subdir', 'DAGS_FOLDER/get_cripto.py', '--cfg-path', '/tmp/tmpvr1rt769', '--error-file', '/tmp/tmpsg_cyz87']
[2024-09-16 00:05:45,362] {standard_task_runner.py:80} INFO - Job 750: Subtask BRONZE_CRIPTO_ETH
[2024-09-16 00:05:45,469] {task_command.py:370} INFO - Running <TaskInstance: BRONZER_GET_CRIPTOS.BRONZE_CRIPTO_ETH scheduled__2024-05-01T00:00:00+00:00 [running]> on host kaiwang.
[2024-09-16 00:05:45,577] {taskinstance.py:1569} INFO - Exporting the following env vars:
AIRFLOW_CTX_DAG_OWNER=airflow
AIRFLOW_CTX_DAG_ID=BRONZER_GET_CRIPTOS
AIRFLOW_CTX_TASK_ID=BRONZE_CRIPTO_ETH
AIRFLOW_CTX_EXECUTION_DATE=2024-05-01T00:00:00+00:00
AIRFLOW_CTX_TRY_NUMBER=1
AIRFLOW_CTX_DAG_RUN_ID=scheduled__2024-05-01T00:00:00+00:00
[2024-09-16 00:05:48,839] {history.py:244} ERROR - $ETH: possibly delisted; no price data found  (1h 2024-04-28 -> 2024-05-01) (Yahoo error = "Data doesn't exist for startDate = 1714276800, endDate = 1714536000")
[2024-09-16 00:05:48,843] {python.py:173} INFO - Done. Returned value was: None
[2024-09-16 00:05:48,926] {taskinstance.py:1395} INFO - Marking task as SUCCESS. dag_id=BRONZER_GET_CRIPTOS, task_id=BRONZE_CRIPTO_ETH, execution_date=20240501T000000, start_date=20240916T030545, end_date=20240916T030548
[2024-09-16 00:05:49,042] {local_task_job.py:156} INFO - Task exited with return code 0
[2024-09-16 00:05:49,289] {local_task_job.py:273} INFO - 0 downstream tasks scheduled from follow-on schedule check
