[2024-09-16 00:07:43,319] {taskinstance.py:1159} INFO - Dependencies all met for <TaskInstance: BRONZER_GET_CRIPTOS.BRONZE_CRIPTO_DOGE scheduled__2024-07-26T00:00:00+00:00 [queued]>
[2024-09-16 00:07:43,370] {taskinstance.py:1159} INFO - Dependencies all met for <TaskInstance: BRONZER_GET_CRIPTOS.BRONZE_CRIPTO_DOGE scheduled__2024-07-26T00:00:00+00:00 [queued]>
[2024-09-16 00:07:43,370] {taskinstance.py:1356} INFO - 
--------------------------------------------------------------------------------
[2024-09-16 00:07:43,370] {taskinstance.py:1357} INFO - Starting attempt 1 of 1
[2024-09-16 00:07:43,370] {taskinstance.py:1358} INFO - 
--------------------------------------------------------------------------------
[2024-09-16 00:07:43,436] {taskinstance.py:1377} INFO - Executing <Task(_PythonDecoratedOperator): BRONZE_CRIPTO_DOGE> on 2024-07-26 00:00:00+00:00
[2024-09-16 00:07:43,446] {standard_task_runner.py:52} INFO - Started process 40527 to run task
[2024-09-16 00:07:43,457] {standard_task_runner.py:79} INFO - Running: ['airflow', 'tasks', 'run', 'BRONZER_GET_CRIPTOS', 'BRONZE_CRIPTO_DOGE', 'scheduled__2024-07-26T00:00:00+00:00', '--job-id', '1310', '--raw', '--subdir', 'DAGS_FOLDER/get_cripto.py', '--cfg-path', '/tmp/tmp9vr7o93d', '--error-file', '/tmp/tmpr1bi9yan']
[2024-09-16 00:07:43,458] {standard_task_runner.py:80} INFO - Job 1310: Subtask BRONZE_CRIPTO_DOGE
[2024-09-16 00:07:43,710] {task_command.py:370} INFO - Running <TaskInstance: BRONZER_GET_CRIPTOS.BRONZE_CRIPTO_DOGE scheduled__2024-07-26T00:00:00+00:00 [running]> on host kaiwang.
[2024-09-16 00:07:44,035] {taskinstance.py:1569} INFO - Exporting the following env vars:
AIRFLOW_CTX_DAG_OWNER=airflow
AIRFLOW_CTX_DAG_ID=BRONZER_GET_CRIPTOS
AIRFLOW_CTX_TASK_ID=BRONZE_CRIPTO_DOGE
AIRFLOW_CTX_EXECUTION_DATE=2024-07-26T00:00:00+00:00
AIRFLOW_CTX_TRY_NUMBER=1
AIRFLOW_CTX_DAG_RUN_ID=scheduled__2024-07-26T00:00:00+00:00
[2024-09-16 00:07:46,776] {history.py:122} ERROR - $DOGE: possibly delisted; no timezone found
[2024-09-16 00:07:46,786] {python.py:173} INFO - Done. Returned value was: None
[2024-09-16 00:07:46,859] {taskinstance.py:1395} INFO - Marking task as SUCCESS. dag_id=BRONZER_GET_CRIPTOS, task_id=BRONZE_CRIPTO_DOGE, execution_date=20240726T000000, start_date=20240916T030743, end_date=20240916T030746
[2024-09-16 00:07:46,922] {local_task_job.py:156} INFO - Task exited with return code 0
[2024-09-16 00:07:47,212] {local_task_job.py:273} INFO - 0 downstream tasks scheduled from follow-on schedule check
