[2024-09-16 00:03:49,979] {taskinstance.py:1159} INFO - Dependencies all met for <TaskInstance: BRONZER_GET_CRIPTOS.BRONZE_CRIPTO_DOGE scheduled__2024-02-07T00:00:00+00:00 [queued]>
[2024-09-16 00:03:49,998] {taskinstance.py:1159} INFO - Dependencies all met for <TaskInstance: BRONZER_GET_CRIPTOS.BRONZE_CRIPTO_DOGE scheduled__2024-02-07T00:00:00+00:00 [queued]>
[2024-09-16 00:03:49,998] {taskinstance.py:1356} INFO - 
--------------------------------------------------------------------------------
[2024-09-16 00:03:49,999] {taskinstance.py:1357} INFO - Starting attempt 1 of 1
[2024-09-16 00:03:49,999] {taskinstance.py:1358} INFO - 
--------------------------------------------------------------------------------
[2024-09-16 00:03:50,083] {taskinstance.py:1377} INFO - Executing <Task(_PythonDecoratedOperator): BRONZE_CRIPTO_DOGE> on 2024-02-07 00:00:00+00:00
[2024-09-16 00:03:50,088] {standard_task_runner.py:52} INFO - Started process 21739 to run task
[2024-09-16 00:03:50,104] {standard_task_runner.py:79} INFO - Running: ['airflow', 'tasks', 'run', 'BRONZER_GET_CRIPTOS', 'BRONZE_CRIPTO_DOGE', 'scheduled__2024-02-07T00:00:00+00:00', '--job-id', '222', '--raw', '--subdir', 'DAGS_FOLDER/get_cripto.py', '--cfg-path', '/tmp/tmpywatk072', '--error-file', '/tmp/tmp0q9s9lw_']
[2024-09-16 00:03:50,105] {standard_task_runner.py:80} INFO - Job 222: Subtask BRONZE_CRIPTO_DOGE
[2024-09-16 00:03:50,357] {task_command.py:370} INFO - Running <TaskInstance: BRONZER_GET_CRIPTOS.BRONZE_CRIPTO_DOGE scheduled__2024-02-07T00:00:00+00:00 [running]> on host kaiwang.
[2024-09-16 00:03:50,588] {taskinstance.py:1569} INFO - Exporting the following env vars:
AIRFLOW_CTX_DAG_OWNER=airflow
AIRFLOW_CTX_DAG_ID=BRONZER_GET_CRIPTOS
AIRFLOW_CTX_TASK_ID=BRONZE_CRIPTO_DOGE
AIRFLOW_CTX_EXECUTION_DATE=2024-02-07T00:00:00+00:00
AIRFLOW_CTX_TRY_NUMBER=1
AIRFLOW_CTX_DAG_RUN_ID=scheduled__2024-02-07T00:00:00+00:00
[2024-09-16 00:03:54,073] {history.py:122} ERROR - $DOGE: possibly delisted; no timezone found
[2024-09-16 00:03:54,077] {python.py:173} INFO - Done. Returned value was: None
[2024-09-16 00:03:54,181] {taskinstance.py:1395} INFO - Marking task as SUCCESS. dag_id=BRONZER_GET_CRIPTOS, task_id=BRONZE_CRIPTO_DOGE, execution_date=20240207T000000, start_date=20240916T030349, end_date=20240916T030354
[2024-09-16 00:03:54,306] {local_task_job.py:156} INFO - Task exited with return code 0
[2024-09-16 00:03:54,504] {local_task_job.py:273} INFO - 0 downstream tasks scheduled from follow-on schedule check
[2024-09-16 00:13:30,839] {taskinstance.py:1159} INFO - Dependencies all met for <TaskInstance: BRONZER_GET_CRIPTOS.BRONZE_CRIPTO_DOGE scheduled__2024-02-07T00:00:00+00:00 [queued]>
[2024-09-16 00:13:30,917] {taskinstance.py:1159} INFO - Dependencies all met for <TaskInstance: BRONZER_GET_CRIPTOS.BRONZE_CRIPTO_DOGE scheduled__2024-02-07T00:00:00+00:00 [queued]>
[2024-09-16 00:13:30,917] {taskinstance.py:1356} INFO - 
--------------------------------------------------------------------------------
[2024-09-16 00:13:30,917] {taskinstance.py:1357} INFO - Starting attempt 1 of 1
[2024-09-16 00:13:30,917] {taskinstance.py:1358} INFO - 
--------------------------------------------------------------------------------
[2024-09-16 00:13:30,968] {taskinstance.py:1377} INFO - Executing <Task(_PythonDecoratedOperator): BRONZE_CRIPTO_DOGE> on 2024-02-07 00:00:00+00:00
[2024-09-16 00:13:30,973] {standard_task_runner.py:52} INFO - Started process 47535 to run task
[2024-09-16 00:13:31,006] {standard_task_runner.py:79} INFO - Running: ['airflow', 'tasks', 'run', 'BRONZER_GET_CRIPTOS', 'BRONZE_CRIPTO_DOGE', 'scheduled__2024-02-07T00:00:00+00:00', '--job-id', '1699', '--raw', '--subdir', 'DAGS_FOLDER/get_cripto.py', '--cfg-path', '/tmp/tmpa7nkzkuf', '--error-file', '/tmp/tmp3by8el0q']
[2024-09-16 00:13:31,007] {standard_task_runner.py:80} INFO - Job 1699: Subtask BRONZE_CRIPTO_DOGE
[2024-09-16 00:13:31,326] {task_command.py:370} INFO - Running <TaskInstance: BRONZER_GET_CRIPTOS.BRONZE_CRIPTO_DOGE scheduled__2024-02-07T00:00:00+00:00 [running]> on host kaiwang.
[2024-09-16 00:13:31,737] {taskinstance.py:1569} INFO - Exporting the following env vars:
AIRFLOW_CTX_DAG_OWNER=airflow
AIRFLOW_CTX_DAG_ID=BRONZER_GET_CRIPTOS
AIRFLOW_CTX_TASK_ID=BRONZE_CRIPTO_DOGE
AIRFLOW_CTX_EXECUTION_DATE=2024-02-07T00:00:00+00:00
AIRFLOW_CTX_TRY_NUMBER=1
AIRFLOW_CTX_DAG_RUN_ID=scheduled__2024-02-07T00:00:00+00:00
[2024-09-16 00:13:34,707] {history.py:122} ERROR - $DOGE: possibly delisted; no timezone found
[2024-09-16 00:13:34,712] {python.py:173} INFO - Done. Returned value was: None
[2024-09-16 00:13:34,752] {taskinstance.py:1395} INFO - Marking task as SUCCESS. dag_id=BRONZER_GET_CRIPTOS, task_id=BRONZE_CRIPTO_DOGE, execution_date=20240207T000000, start_date=20240916T031330, end_date=20240916T031334
[2024-09-16 00:13:34,802] {local_task_job.py:156} INFO - Task exited with return code 0
[2024-09-16 00:13:34,942] {local_task_job.py:273} INFO - 0 downstream tasks scheduled from follow-on schedule check
[2024-09-16 00:15:08,976] {taskinstance.py:1159} INFO - Dependencies all met for <TaskInstance: BRONZER_GET_CRIPTOS.BRONZE_CRIPTO_DOGE scheduled__2024-02-07T00:00:00+00:00 [queued]>
[2024-09-16 00:15:09,035] {taskinstance.py:1159} INFO - Dependencies all met for <TaskInstance: BRONZER_GET_CRIPTOS.BRONZE_CRIPTO_DOGE scheduled__2024-02-07T00:00:00+00:00 [queued]>
[2024-09-16 00:15:09,035] {taskinstance.py:1356} INFO - 
--------------------------------------------------------------------------------
[2024-09-16 00:15:09,035] {taskinstance.py:1357} INFO - Starting attempt 1 of 1
[2024-09-16 00:15:09,035] {taskinstance.py:1358} INFO - 
--------------------------------------------------------------------------------
[2024-09-16 00:15:09,114] {taskinstance.py:1377} INFO - Executing <Task(_PythonDecoratedOperator): BRONZE_CRIPTO_DOGE> on 2024-02-07 00:00:00+00:00
[2024-09-16 00:15:09,147] {standard_task_runner.py:52} INFO - Started process 53265 to run task
[2024-09-16 00:15:09,186] {standard_task_runner.py:79} INFO - Running: ['airflow', 'tasks', 'run', 'BRONZER_GET_CRIPTOS', 'BRONZE_CRIPTO_DOGE', 'scheduled__2024-02-07T00:00:00+00:00', '--job-id', '2025', '--raw', '--subdir', 'DAGS_FOLDER/get_cripto.py', '--cfg-path', '/tmp/tmp001njq4y', '--error-file', '/tmp/tmpy8ugzb42']
[2024-09-16 00:15:09,188] {standard_task_runner.py:80} INFO - Job 2025: Subtask BRONZE_CRIPTO_DOGE
[2024-09-16 00:15:09,507] {task_command.py:370} INFO - Running <TaskInstance: BRONZER_GET_CRIPTOS.BRONZE_CRIPTO_DOGE scheduled__2024-02-07T00:00:00+00:00 [running]> on host kaiwang.
[2024-09-16 00:15:09,852] {taskinstance.py:1569} INFO - Exporting the following env vars:
AIRFLOW_CTX_DAG_OWNER=airflow
AIRFLOW_CTX_DAG_ID=BRONZER_GET_CRIPTOS
AIRFLOW_CTX_TASK_ID=BRONZE_CRIPTO_DOGE
AIRFLOW_CTX_EXECUTION_DATE=2024-02-07T00:00:00+00:00
AIRFLOW_CTX_TRY_NUMBER=1
AIRFLOW_CTX_DAG_RUN_ID=scheduled__2024-02-07T00:00:00+00:00
[2024-09-16 00:15:12,500] {history.py:122} ERROR - $DOGE: possibly delisted; no timezone found
[2024-09-16 00:15:12,505] {python.py:173} INFO - Done. Returned value was: None
[2024-09-16 00:15:12,635] {taskinstance.py:1395} INFO - Marking task as SUCCESS. dag_id=BRONZER_GET_CRIPTOS, task_id=BRONZE_CRIPTO_DOGE, execution_date=20240207T000000, start_date=20240916T031508, end_date=20240916T031512
[2024-09-16 00:15:12,738] {local_task_job.py:156} INFO - Task exited with return code 0
[2024-09-16 00:15:12,879] {local_task_job.py:273} INFO - 0 downstream tasks scheduled from follow-on schedule check
