[2024-09-16 00:05:14,330] {taskinstance.py:1159} INFO - Dependencies all met for <TaskInstance: BRONZER_GET_STONCKS.BRONZE_STONCKS_GOOG scheduled__2024-04-20T00:00:00+00:00 [queued]>
[2024-09-16 00:05:14,344] {taskinstance.py:1159} INFO - Dependencies all met for <TaskInstance: BRONZER_GET_STONCKS.BRONZE_STONCKS_GOOG scheduled__2024-04-20T00:00:00+00:00 [queued]>
[2024-09-16 00:05:14,344] {taskinstance.py:1356} INFO - 
--------------------------------------------------------------------------------
[2024-09-16 00:05:14,344] {taskinstance.py:1357} INFO - Starting attempt 1 of 1
[2024-09-16 00:05:14,344] {taskinstance.py:1358} INFO - 
--------------------------------------------------------------------------------
[2024-09-16 00:05:14,375] {taskinstance.py:1377} INFO - Executing <Task(_PythonDecoratedOperator): BRONZE_STONCKS_GOOG> on 2024-04-20 00:00:00+00:00
[2024-09-16 00:05:14,382] {standard_task_runner.py:52} INFO - Started process 28287 to run task
[2024-09-16 00:05:14,390] {standard_task_runner.py:79} INFO - Running: ['airflow', 'tasks', 'run', 'BRONZER_GET_STONCKS', 'BRONZE_STONCKS_GOOG', 'scheduled__2024-04-20T00:00:00+00:00', '--job-id', '602', '--raw', '--subdir', 'DAGS_FOLDER/get_stocks.py', '--cfg-path', '/tmp/tmpaag47sm_', '--error-file', '/tmp/tmpn65_siw5']
[2024-09-16 00:05:14,392] {standard_task_runner.py:80} INFO - Job 602: Subtask BRONZE_STONCKS_GOOG
[2024-09-16 00:05:14,493] {task_command.py:370} INFO - Running <TaskInstance: BRONZER_GET_STONCKS.BRONZE_STONCKS_GOOG scheduled__2024-04-20T00:00:00+00:00 [running]> on host kaiwang.
[2024-09-16 00:05:14,581] {taskinstance.py:1569} INFO - Exporting the following env vars:
AIRFLOW_CTX_DAG_OWNER=airflow
AIRFLOW_CTX_DAG_ID=BRONZER_GET_STONCKS
AIRFLOW_CTX_TASK_ID=BRONZE_STONCKS_GOOG
AIRFLOW_CTX_EXECUTION_DATE=2024-04-20T00:00:00+00:00
AIRFLOW_CTX_TRY_NUMBER=1
AIRFLOW_CTX_DAG_RUN_ID=scheduled__2024-04-20T00:00:00+00:00
[2024-09-16 00:05:15,301] {python.py:173} INFO - Done. Returned value was: None
[2024-09-16 00:05:15,332] {taskinstance.py:1395} INFO - Marking task as SUCCESS. dag_id=BRONZER_GET_STONCKS, task_id=BRONZE_STONCKS_GOOG, execution_date=20240420T000000, start_date=20240916T030514, end_date=20240916T030515
[2024-09-16 00:05:15,367] {local_task_job.py:156} INFO - Task exited with return code 0
[2024-09-16 00:05:15,418] {local_task_job.py:273} INFO - 0 downstream tasks scheduled from follow-on schedule check
[2024-09-16 00:16:19,721] {taskinstance.py:1159} INFO - Dependencies all met for <TaskInstance: BRONZER_GET_STONCKS.BRONZE_STONCKS_GOOG scheduled__2024-04-20T00:00:00+00:00 [queued]>
[2024-09-16 00:16:19,773] {taskinstance.py:1159} INFO - Dependencies all met for <TaskInstance: BRONZER_GET_STONCKS.BRONZE_STONCKS_GOOG scheduled__2024-04-20T00:00:00+00:00 [queued]>
[2024-09-16 00:16:19,773] {taskinstance.py:1356} INFO - 
--------------------------------------------------------------------------------
[2024-09-16 00:16:19,773] {taskinstance.py:1357} INFO - Starting attempt 1 of 1
[2024-09-16 00:16:19,773] {taskinstance.py:1358} INFO - 
--------------------------------------------------------------------------------
[2024-09-16 00:16:19,848] {taskinstance.py:1377} INFO - Executing <Task(_PythonDecoratedOperator): BRONZE_STONCKS_GOOG> on 2024-04-20 00:00:00+00:00
[2024-09-16 00:16:19,854] {standard_task_runner.py:52} INFO - Started process 59034 to run task
[2024-09-16 00:16:19,886] {standard_task_runner.py:79} INFO - Running: ['airflow', 'tasks', 'run', 'BRONZER_GET_STONCKS', 'BRONZE_STONCKS_GOOG', 'scheduled__2024-04-20T00:00:00+00:00', '--job-id', '2369', '--raw', '--subdir', 'DAGS_FOLDER/get_stocks.py', '--cfg-path', '/tmp/tmpt902b9cw', '--error-file', '/tmp/tmplxxxzx36']
[2024-09-16 00:16:19,887] {standard_task_runner.py:80} INFO - Job 2369: Subtask BRONZE_STONCKS_GOOG
[2024-09-16 00:16:20,169] {task_command.py:370} INFO - Running <TaskInstance: BRONZER_GET_STONCKS.BRONZE_STONCKS_GOOG scheduled__2024-04-20T00:00:00+00:00 [running]> on host kaiwang.
[2024-09-16 00:16:20,478] {taskinstance.py:1569} INFO - Exporting the following env vars:
AIRFLOW_CTX_DAG_OWNER=airflow
AIRFLOW_CTX_DAG_ID=BRONZER_GET_STONCKS
AIRFLOW_CTX_TASK_ID=BRONZE_STONCKS_GOOG
AIRFLOW_CTX_EXECUTION_DATE=2024-04-20T00:00:00+00:00
AIRFLOW_CTX_TRY_NUMBER=1
AIRFLOW_CTX_DAG_RUN_ID=scheduled__2024-04-20T00:00:00+00:00
[2024-09-16 00:16:21,151] {python.py:173} INFO - Done. Returned value was: None
[2024-09-16 00:16:21,227] {taskinstance.py:1395} INFO - Marking task as SUCCESS. dag_id=BRONZER_GET_STONCKS, task_id=BRONZE_STONCKS_GOOG, execution_date=20240420T000000, start_date=20240916T031619, end_date=20240916T031621
[2024-09-16 00:16:21,271] {local_task_job.py:156} INFO - Task exited with return code 0
[2024-09-16 00:16:21,393] {local_task_job.py:273} INFO - 0 downstream tasks scheduled from follow-on schedule check
