[2024-09-16 00:06:50,253] {taskinstance.py:1159} INFO - Dependencies all met for <TaskInstance: BRONZER_GET_CRIPTOS.BRONZE_CRIPTO_AVAX scheduled__2024-06-13T00:00:00+00:00 [queued]>
[2024-09-16 00:06:50,287] {taskinstance.py:1159} INFO - Dependencies all met for <TaskInstance: BRONZER_GET_CRIPTOS.BRONZE_CRIPTO_AVAX scheduled__2024-06-13T00:00:00+00:00 [queued]>
[2024-09-16 00:06:50,287] {taskinstance.py:1356} INFO - 
--------------------------------------------------------------------------------
[2024-09-16 00:06:50,287] {taskinstance.py:1357} INFO - Starting attempt 1 of 1
[2024-09-16 00:06:50,287] {taskinstance.py:1358} INFO - 
--------------------------------------------------------------------------------
[2024-09-16 00:06:50,348] {taskinstance.py:1377} INFO - Executing <Task(_PythonDecoratedOperator): BRONZE_CRIPTO_AVAX> on 2024-06-13 00:00:00+00:00
[2024-09-16 00:06:50,354] {standard_task_runner.py:52} INFO - Started process 36178 to run task
[2024-09-16 00:06:50,391] {standard_task_runner.py:79} INFO - Running: ['airflow', 'tasks', 'run', 'BRONZER_GET_CRIPTOS', 'BRONZE_CRIPTO_AVAX', 'scheduled__2024-06-13T00:00:00+00:00', '--job-id', '1052', '--raw', '--subdir', 'DAGS_FOLDER/get_cripto.py', '--cfg-path', '/tmp/tmpi8vqhr_r', '--error-file', '/tmp/tmp13yuyvmt']
[2024-09-16 00:06:50,392] {standard_task_runner.py:80} INFO - Job 1052: Subtask BRONZE_CRIPTO_AVAX
[2024-09-16 00:06:50,718] {task_command.py:370} INFO - Running <TaskInstance: BRONZER_GET_CRIPTOS.BRONZE_CRIPTO_AVAX scheduled__2024-06-13T00:00:00+00:00 [running]> on host kaiwang.
[2024-09-16 00:06:51,093] {taskinstance.py:1569} INFO - Exporting the following env vars:
AIRFLOW_CTX_DAG_OWNER=airflow
AIRFLOW_CTX_DAG_ID=BRONZER_GET_CRIPTOS
AIRFLOW_CTX_TASK_ID=BRONZE_CRIPTO_AVAX
AIRFLOW_CTX_EXECUTION_DATE=2024-06-13T00:00:00+00:00
AIRFLOW_CTX_TRY_NUMBER=1
AIRFLOW_CTX_DAG_RUN_ID=scheduled__2024-06-13T00:00:00+00:00
[2024-09-16 00:06:54,108] {history.py:122} ERROR - $AVAX: possibly delisted; no timezone found
[2024-09-16 00:06:54,113] {python.py:173} INFO - Done. Returned value was: None
[2024-09-16 00:06:54,152] {taskinstance.py:1395} INFO - Marking task as SUCCESS. dag_id=BRONZER_GET_CRIPTOS, task_id=BRONZE_CRIPTO_AVAX, execution_date=20240613T000000, start_date=20240916T030650, end_date=20240916T030654
[2024-09-16 00:06:54,190] {local_task_job.py:156} INFO - Task exited with return code 0
[2024-09-16 00:06:54,338] {local_task_job.py:273} INFO - 0 downstream tasks scheduled from follow-on schedule check
