[2024-09-16 00:04:53,980] {taskinstance.py:1159} INFO - Dependencies all met for <TaskInstance: BRONZER_GET_CRIPTOS.BRONZE_CRIPTO_DOGE scheduled__2024-03-23T00:00:00+00:00 [queued]>
[2024-09-16 00:04:54,013] {taskinstance.py:1159} INFO - Dependencies all met for <TaskInstance: BRONZER_GET_CRIPTOS.BRONZE_CRIPTO_DOGE scheduled__2024-03-23T00:00:00+00:00 [queued]>
[2024-09-16 00:04:54,013] {taskinstance.py:1356} INFO - 
--------------------------------------------------------------------------------
[2024-09-16 00:04:54,014] {taskinstance.py:1357} INFO - Starting attempt 1 of 1
[2024-09-16 00:04:54,014] {taskinstance.py:1358} INFO - 
--------------------------------------------------------------------------------
[2024-09-16 00:04:54,037] {taskinstance.py:1377} INFO - Executing <Task(_PythonDecoratedOperator): BRONZE_CRIPTO_DOGE> on 2024-03-23 00:00:00+00:00
[2024-09-16 00:04:54,048] {standard_task_runner.py:52} INFO - Started process 26804 to run task
[2024-09-16 00:04:54,056] {standard_task_runner.py:79} INFO - Running: ['airflow', 'tasks', 'run', 'BRONZER_GET_CRIPTOS', 'BRONZE_CRIPTO_DOGE', 'scheduled__2024-03-23T00:00:00+00:00', '--job-id', '511', '--raw', '--subdir', 'DAGS_FOLDER/get_cripto.py', '--cfg-path', '/tmp/tmptk4873cv', '--error-file', '/tmp/tmp2pbesccb']
[2024-09-16 00:04:54,058] {standard_task_runner.py:80} INFO - Job 511: Subtask BRONZE_CRIPTO_DOGE
[2024-09-16 00:04:54,260] {task_command.py:370} INFO - Running <TaskInstance: BRONZER_GET_CRIPTOS.BRONZE_CRIPTO_DOGE scheduled__2024-03-23T00:00:00+00:00 [running]> on host kaiwang.
[2024-09-16 00:04:54,453] {taskinstance.py:1569} INFO - Exporting the following env vars:
AIRFLOW_CTX_DAG_OWNER=airflow
AIRFLOW_CTX_DAG_ID=BRONZER_GET_CRIPTOS
AIRFLOW_CTX_TASK_ID=BRONZE_CRIPTO_DOGE
AIRFLOW_CTX_EXECUTION_DATE=2024-03-23T00:00:00+00:00
AIRFLOW_CTX_TRY_NUMBER=1
AIRFLOW_CTX_DAG_RUN_ID=scheduled__2024-03-23T00:00:00+00:00
[2024-09-16 00:04:57,194] {history.py:122} ERROR - $DOGE: possibly delisted; no timezone found
[2024-09-16 00:04:57,198] {python.py:173} INFO - Done. Returned value was: None
[2024-09-16 00:04:57,235] {taskinstance.py:1395} INFO - Marking task as SUCCESS. dag_id=BRONZER_GET_CRIPTOS, task_id=BRONZE_CRIPTO_DOGE, execution_date=20240323T000000, start_date=20240916T030453, end_date=20240916T030457
[2024-09-16 00:04:57,295] {local_task_job.py:156} INFO - Task exited with return code 0
[2024-09-16 00:04:57,349] {local_task_job.py:273} INFO - 0 downstream tasks scheduled from follow-on schedule check
[2024-09-16 00:16:07,056] {taskinstance.py:1159} INFO - Dependencies all met for <TaskInstance: BRONZER_GET_CRIPTOS.BRONZE_CRIPTO_DOGE scheduled__2024-03-23T00:00:00+00:00 [queued]>
[2024-09-16 00:16:07,095] {taskinstance.py:1159} INFO - Dependencies all met for <TaskInstance: BRONZER_GET_CRIPTOS.BRONZE_CRIPTO_DOGE scheduled__2024-03-23T00:00:00+00:00 [queued]>
[2024-09-16 00:16:07,096] {taskinstance.py:1356} INFO - 
--------------------------------------------------------------------------------
[2024-09-16 00:16:07,096] {taskinstance.py:1357} INFO - Starting attempt 1 of 1
[2024-09-16 00:16:07,096] {taskinstance.py:1358} INFO - 
--------------------------------------------------------------------------------
[2024-09-16 00:16:07,161] {taskinstance.py:1377} INFO - Executing <Task(_PythonDecoratedOperator): BRONZE_CRIPTO_DOGE> on 2024-03-23 00:00:00+00:00
[2024-09-16 00:16:07,200] {standard_task_runner.py:52} INFO - Started process 58060 to run task
[2024-09-16 00:16:07,230] {standard_task_runner.py:79} INFO - Running: ['airflow', 'tasks', 'run', 'BRONZER_GET_CRIPTOS', 'BRONZE_CRIPTO_DOGE', 'scheduled__2024-03-23T00:00:00+00:00', '--job-id', '2309', '--raw', '--subdir', 'DAGS_FOLDER/get_cripto.py', '--cfg-path', '/tmp/tmp40vim19t', '--error-file', '/tmp/tmpv7jus5xu']
[2024-09-16 00:16:07,232] {standard_task_runner.py:80} INFO - Job 2309: Subtask BRONZE_CRIPTO_DOGE
[2024-09-16 00:16:07,564] {task_command.py:370} INFO - Running <TaskInstance: BRONZER_GET_CRIPTOS.BRONZE_CRIPTO_DOGE scheduled__2024-03-23T00:00:00+00:00 [running]> on host kaiwang.
[2024-09-16 00:16:07,952] {taskinstance.py:1569} INFO - Exporting the following env vars:
AIRFLOW_CTX_DAG_OWNER=airflow
AIRFLOW_CTX_DAG_ID=BRONZER_GET_CRIPTOS
AIRFLOW_CTX_TASK_ID=BRONZE_CRIPTO_DOGE
AIRFLOW_CTX_EXECUTION_DATE=2024-03-23T00:00:00+00:00
AIRFLOW_CTX_TRY_NUMBER=1
AIRFLOW_CTX_DAG_RUN_ID=scheduled__2024-03-23T00:00:00+00:00
[2024-09-16 00:16:10,158] {history.py:122} ERROR - $DOGE: possibly delisted; no timezone found
[2024-09-16 00:16:10,163] {python.py:173} INFO - Done. Returned value was: None
[2024-09-16 00:16:10,185] {taskinstance.py:1395} INFO - Marking task as SUCCESS. dag_id=BRONZER_GET_CRIPTOS, task_id=BRONZE_CRIPTO_DOGE, execution_date=20240323T000000, start_date=20240916T031607, end_date=20240916T031610
[2024-09-16 00:16:10,244] {local_task_job.py:156} INFO - Task exited with return code 0
[2024-09-16 00:16:10,282] {local_task_job.py:273} INFO - 0 downstream tasks scheduled from follow-on schedule check
