[2024-09-16 00:05:29,288] {taskinstance.py:1159} INFO - Dependencies all met for <TaskInstance: BRONZER_GET_STONCKS.BRONZE_STONCKS_MSFT scheduled__2024-05-03T00:00:00+00:00 [queued]>
[2024-09-16 00:05:29,348] {taskinstance.py:1159} INFO - Dependencies all met for <TaskInstance: BRONZER_GET_STONCKS.BRONZE_STONCKS_MSFT scheduled__2024-05-03T00:00:00+00:00 [queued]>
[2024-09-16 00:05:29,348] {taskinstance.py:1356} INFO - 
--------------------------------------------------------------------------------
[2024-09-16 00:05:29,348] {taskinstance.py:1357} INFO - Starting attempt 1 of 1
[2024-09-16 00:05:29,348] {taskinstance.py:1358} INFO - 
--------------------------------------------------------------------------------
[2024-09-16 00:05:29,408] {taskinstance.py:1377} INFO - Executing <Task(_PythonDecoratedOperator): BRONZE_STONCKS_MSFT> on 2024-05-03 00:00:00+00:00
[2024-09-16 00:05:29,417] {standard_task_runner.py:52} INFO - Started process 29588 to run task
[2024-09-16 00:05:29,433] {standard_task_runner.py:79} INFO - Running: ['airflow', 'tasks', 'run', 'BRONZER_GET_STONCKS', 'BRONZE_STONCKS_MSFT', 'scheduled__2024-05-03T00:00:00+00:00', '--job-id', '671', '--raw', '--subdir', 'DAGS_FOLDER/get_stocks.py', '--cfg-path', '/tmp/tmp69tfhhc2', '--error-file', '/tmp/tmp2131wgy2']
[2024-09-16 00:05:29,434] {standard_task_runner.py:80} INFO - Job 671: Subtask BRONZE_STONCKS_MSFT
[2024-09-16 00:05:29,719] {task_command.py:370} INFO - Running <TaskInstance: BRONZER_GET_STONCKS.BRONZE_STONCKS_MSFT scheduled__2024-05-03T00:00:00+00:00 [running]> on host kaiwang.
[2024-09-16 00:05:29,963] {taskinstance.py:1569} INFO - Exporting the following env vars:
AIRFLOW_CTX_DAG_OWNER=airflow
AIRFLOW_CTX_DAG_ID=BRONZER_GET_STONCKS
AIRFLOW_CTX_TASK_ID=BRONZE_STONCKS_MSFT
AIRFLOW_CTX_EXECUTION_DATE=2024-05-03T00:00:00+00:00
AIRFLOW_CTX_TRY_NUMBER=1
AIRFLOW_CTX_DAG_RUN_ID=scheduled__2024-05-03T00:00:00+00:00
[2024-09-16 00:05:30,612] {python.py:173} INFO - Done. Returned value was: None
[2024-09-16 00:05:30,767] {taskinstance.py:1395} INFO - Marking task as SUCCESS. dag_id=BRONZER_GET_STONCKS, task_id=BRONZE_STONCKS_MSFT, execution_date=20240503T000000, start_date=20240916T030529, end_date=20240916T030530
[2024-09-16 00:05:30,798] {local_task_job.py:156} INFO - Task exited with return code 0
[2024-09-16 00:05:30,953] {local_task_job.py:273} INFO - 0 downstream tasks scheduled from follow-on schedule check
[2024-09-16 00:16:31,824] {taskinstance.py:1159} INFO - Dependencies all met for <TaskInstance: BRONZER_GET_STONCKS.BRONZE_STONCKS_MSFT scheduled__2024-05-03T00:00:00+00:00 [queued]>
[2024-09-16 00:16:31,861] {taskinstance.py:1159} INFO - Dependencies all met for <TaskInstance: BRONZER_GET_STONCKS.BRONZE_STONCKS_MSFT scheduled__2024-05-03T00:00:00+00:00 [queued]>
[2024-09-16 00:16:31,861] {taskinstance.py:1356} INFO - 
--------------------------------------------------------------------------------
[2024-09-16 00:16:31,861] {taskinstance.py:1357} INFO - Starting attempt 1 of 1
[2024-09-16 00:16:31,861] {taskinstance.py:1358} INFO - 
--------------------------------------------------------------------------------
[2024-09-16 00:16:31,892] {taskinstance.py:1377} INFO - Executing <Task(_PythonDecoratedOperator): BRONZE_STONCKS_MSFT> on 2024-05-03 00:00:00+00:00
[2024-09-16 00:16:31,901] {standard_task_runner.py:52} INFO - Started process 59958 to run task
[2024-09-16 00:16:31,944] {standard_task_runner.py:79} INFO - Running: ['airflow', 'tasks', 'run', 'BRONZER_GET_STONCKS', 'BRONZE_STONCKS_MSFT', 'scheduled__2024-05-03T00:00:00+00:00', '--job-id', '2416', '--raw', '--subdir', 'DAGS_FOLDER/get_stocks.py', '--cfg-path', '/tmp/tmpvpvmk338', '--error-file', '/tmp/tmpdbysq5pj']
[2024-09-16 00:16:31,945] {standard_task_runner.py:80} INFO - Job 2416: Subtask BRONZE_STONCKS_MSFT
[2024-09-16 00:16:32,160] {task_command.py:370} INFO - Running <TaskInstance: BRONZER_GET_STONCKS.BRONZE_STONCKS_MSFT scheduled__2024-05-03T00:00:00+00:00 [running]> on host kaiwang.
[2024-09-16 00:16:32,404] {taskinstance.py:1569} INFO - Exporting the following env vars:
AIRFLOW_CTX_DAG_OWNER=airflow
AIRFLOW_CTX_DAG_ID=BRONZER_GET_STONCKS
AIRFLOW_CTX_TASK_ID=BRONZE_STONCKS_MSFT
AIRFLOW_CTX_EXECUTION_DATE=2024-05-03T00:00:00+00:00
AIRFLOW_CTX_TRY_NUMBER=1
AIRFLOW_CTX_DAG_RUN_ID=scheduled__2024-05-03T00:00:00+00:00
[2024-09-16 00:16:33,160] {python.py:173} INFO - Done. Returned value was: None
[2024-09-16 00:16:33,183] {taskinstance.py:1395} INFO - Marking task as SUCCESS. dag_id=BRONZER_GET_STONCKS, task_id=BRONZE_STONCKS_MSFT, execution_date=20240503T000000, start_date=20240916T031631, end_date=20240916T031633
[2024-09-16 00:16:33,253] {local_task_job.py:156} INFO - Task exited with return code 0
[2024-09-16 00:16:33,328] {local_task_job.py:273} INFO - 0 downstream tasks scheduled from follow-on schedule check
[2024-09-16 00:16:33,366] {dagrun.py:562} INFO - Marking run <DagRun BRONZER_GET_STONCKS @ 2024-05-03 00:00:00+00:00: scheduled__2024-05-03T00:00:00+00:00, externally triggered: False> successful
[2024-09-16 00:16:33,367] {dagrun.py:607} INFO - DagRun Finished: dag_id=BRONZER_GET_STONCKS, execution_date=2024-05-03 00:00:00+00:00, run_id=scheduled__2024-05-03T00:00:00+00:00, run_start_date=2024-09-16 03:16:21.675371+00:00, run_end_date=2024-09-16 03:16:33.367012+00:00, run_duration=11.691641, state=success, external_trigger=False, run_type=scheduled, data_interval_start=2024-05-03 00:00:00+00:00, data_interval_end=2024-05-04 00:00:00+00:00, dag_hash=54ae87f9a2ad23046fa87f5699b879b0
