[2024-09-16 00:07:38,629] {taskinstance.py:1159} INFO - Dependencies all met for <TaskInstance: BRONZER_GET_STONCKS.BRONZE_STONCKS_MSFT scheduled__2024-09-04T00:00:00+00:00 [queued]>
[2024-09-16 00:07:38,643] {taskinstance.py:1159} INFO - Dependencies all met for <TaskInstance: BRONZER_GET_STONCKS.BRONZE_STONCKS_MSFT scheduled__2024-09-04T00:00:00+00:00 [queued]>
[2024-09-16 00:07:38,644] {taskinstance.py:1356} INFO - 
--------------------------------------------------------------------------------
[2024-09-16 00:07:38,644] {taskinstance.py:1357} INFO - Starting attempt 1 of 1
[2024-09-16 00:07:38,644] {taskinstance.py:1358} INFO - 
--------------------------------------------------------------------------------
[2024-09-16 00:07:38,666] {taskinstance.py:1377} INFO - Executing <Task(_PythonDecoratedOperator): BRONZE_STONCKS_MSFT> on 2024-09-04 00:00:00+00:00
[2024-09-16 00:07:38,671] {standard_task_runner.py:52} INFO - Started process 40189 to run task
[2024-09-16 00:07:38,682] {standard_task_runner.py:79} INFO - Running: ['airflow', 'tasks', 'run', 'BRONZER_GET_STONCKS', 'BRONZE_STONCKS_MSFT', 'scheduled__2024-09-04T00:00:00+00:00', '--job-id', '1291', '--raw', '--subdir', 'DAGS_FOLDER/get_stocks.py', '--cfg-path', '/tmp/tmpkq48acpo', '--error-file', '/tmp/tmph32p773v']
[2024-09-16 00:07:38,683] {standard_task_runner.py:80} INFO - Job 1291: Subtask BRONZE_STONCKS_MSFT
[2024-09-16 00:07:38,805] {task_command.py:370} INFO - Running <TaskInstance: BRONZER_GET_STONCKS.BRONZE_STONCKS_MSFT scheduled__2024-09-04T00:00:00+00:00 [running]> on host kaiwang.
[2024-09-16 00:07:38,915] {taskinstance.py:1569} INFO - Exporting the following env vars:
AIRFLOW_CTX_DAG_OWNER=airflow
AIRFLOW_CTX_DAG_ID=BRONZER_GET_STONCKS
AIRFLOW_CTX_TASK_ID=BRONZE_STONCKS_MSFT
AIRFLOW_CTX_EXECUTION_DATE=2024-09-04T00:00:00+00:00
AIRFLOW_CTX_TRY_NUMBER=1
AIRFLOW_CTX_DAG_RUN_ID=scheduled__2024-09-04T00:00:00+00:00
[2024-09-16 00:07:39,468] {python.py:173} INFO - Done. Returned value was: None
[2024-09-16 00:07:39,486] {taskinstance.py:1395} INFO - Marking task as SUCCESS. dag_id=BRONZER_GET_STONCKS, task_id=BRONZE_STONCKS_MSFT, execution_date=20240904T000000, start_date=20240916T030738, end_date=20240916T030739
[2024-09-16 00:07:39,533] {local_task_job.py:156} INFO - Task exited with return code 0
[2024-09-16 00:07:39,573] {local_task_job.py:273} INFO - 0 downstream tasks scheduled from follow-on schedule check
[2024-09-16 13:56:37,391] {taskinstance.py:1159} INFO - Dependencies all met for <TaskInstance: BRONZER_GET_STONCKS.BRONZE_STONCKS_MSFT scheduled__2024-09-04T00:00:00+00:00 [queued]>
[2024-09-16 13:56:37,405] {taskinstance.py:1159} INFO - Dependencies all met for <TaskInstance: BRONZER_GET_STONCKS.BRONZE_STONCKS_MSFT scheduled__2024-09-04T00:00:00+00:00 [queued]>
[2024-09-16 13:56:37,405] {taskinstance.py:1356} INFO - 
--------------------------------------------------------------------------------
[2024-09-16 13:56:37,405] {taskinstance.py:1357} INFO - Starting attempt 1 of 1
[2024-09-16 13:56:37,405] {taskinstance.py:1358} INFO - 
--------------------------------------------------------------------------------
[2024-09-16 13:56:37,420] {taskinstance.py:1377} INFO - Executing <Task(_PythonDecoratedOperator): BRONZE_STONCKS_MSFT> on 2024-09-04 00:00:00+00:00
[2024-09-16 13:56:37,426] {standard_task_runner.py:52} INFO - Started process 139871 to run task
[2024-09-16 13:56:37,432] {standard_task_runner.py:79} INFO - Running: ['airflow', 'tasks', 'run', 'BRONZER_GET_STONCKS', 'BRONZE_STONCKS_MSFT', 'scheduled__2024-09-04T00:00:00+00:00', '--job-id', '2620', '--raw', '--subdir', 'DAGS_FOLDER/get_stocks.py', '--cfg-path', '/tmp/tmp46qrusg2', '--error-file', '/tmp/tmpqxb6is9b']
[2024-09-16 13:56:37,433] {standard_task_runner.py:80} INFO - Job 2620: Subtask BRONZE_STONCKS_MSFT
[2024-09-16 13:56:37,608] {task_command.py:370} INFO - Running <TaskInstance: BRONZER_GET_STONCKS.BRONZE_STONCKS_MSFT scheduled__2024-09-04T00:00:00+00:00 [running]> on host kaiwang.
[2024-09-16 13:56:37,954] {taskinstance.py:1569} INFO - Exporting the following env vars:
AIRFLOW_CTX_DAG_OWNER=airflow
AIRFLOW_CTX_DAG_ID=BRONZER_GET_STONCKS
AIRFLOW_CTX_TASK_ID=BRONZE_STONCKS_MSFT
AIRFLOW_CTX_EXECUTION_DATE=2024-09-04T00:00:00+00:00
AIRFLOW_CTX_TRY_NUMBER=1
AIRFLOW_CTX_DAG_RUN_ID=scheduled__2024-09-04T00:00:00+00:00
[2024-09-16 13:56:39,275] {python.py:173} INFO - Done. Returned value was: None
[2024-09-16 13:56:39,390] {taskinstance.py:1395} INFO - Marking task as SUCCESS. dag_id=BRONZER_GET_STONCKS, task_id=BRONZE_STONCKS_MSFT, execution_date=20240904T000000, start_date=20240916T165637, end_date=20240916T165639
[2024-09-16 13:56:39,464] {local_task_job.py:156} INFO - Task exited with return code 0
[2024-09-16 13:56:39,646] {local_task_job.py:273} INFO - 0 downstream tasks scheduled from follow-on schedule check
