[2024-09-15 23:28:57,182] {taskinstance.py:1159} INFO - Dependencies all met for <TaskInstance: BRONZER_GET_STONCKS.BRONZE_MSFT scheduled__2024-01-26T00:00:00+00:00 [queued]>
[2024-09-15 23:28:57,187] {taskinstance.py:1159} INFO - Dependencies all met for <TaskInstance: BRONZER_GET_STONCKS.BRONZE_MSFT scheduled__2024-01-26T00:00:00+00:00 [queued]>
[2024-09-15 23:28:57,187] {taskinstance.py:1356} INFO - 
--------------------------------------------------------------------------------
[2024-09-15 23:28:57,187] {taskinstance.py:1357} INFO - Starting attempt 1 of 1
[2024-09-15 23:28:57,187] {taskinstance.py:1358} INFO - 
--------------------------------------------------------------------------------
[2024-09-15 23:28:57,197] {taskinstance.py:1377} INFO - Executing <Task(_PythonDecoratedOperator): BRONZE_MSFT> on 2024-01-26 00:00:00+00:00
[2024-09-15 23:28:57,199] {standard_task_runner.py:52} INFO - Started process 14470 to run task
[2024-09-15 23:28:57,201] {standard_task_runner.py:79} INFO - Running: ['airflow', 'tasks', 'run', 'BRONZER_GET_STONCKS', 'BRONZE_MSFT', 'scheduled__2024-01-26T00:00:00+00:00', '--job-id', '133', '--raw', '--subdir', 'DAGS_FOLDER/get_stocks.py', '--cfg-path', '/tmp/tmpd3qtcawb', '--error-file', '/tmp/tmplbseu87q']
[2024-09-15 23:28:57,202] {standard_task_runner.py:80} INFO - Job 133: Subtask BRONZE_MSFT
[2024-09-15 23:28:57,230] {task_command.py:370} INFO - Running <TaskInstance: BRONZER_GET_STONCKS.BRONZE_MSFT scheduled__2024-01-26T00:00:00+00:00 [running]> on host kaiwang.
[2024-09-15 23:28:57,269] {taskinstance.py:1569} INFO - Exporting the following env vars:
AIRFLOW_CTX_DAG_OWNER=airflow
AIRFLOW_CTX_DAG_ID=BRONZER_GET_STONCKS
AIRFLOW_CTX_TASK_ID=BRONZE_MSFT
AIRFLOW_CTX_EXECUTION_DATE=2024-01-26T00:00:00+00:00
AIRFLOW_CTX_TRY_NUMBER=1
AIRFLOW_CTX_DAG_RUN_ID=scheduled__2024-01-26T00:00:00+00:00
[2024-09-15 23:28:59,508] {history.py:244} ERROR - $MSFT: possibly delisted; no price data found  (1h 2024-01-23 -> 2024-01-03) (Yahoo error = "Invalid input - start date cannot be after end date. startDate = 1705986000, endDate = 1704258000")
[2024-09-15 23:28:59,511] {python.py:173} INFO - Done. Returned value was: None
[2024-09-15 23:28:59,516] {taskinstance.py:1395} INFO - Marking task as SUCCESS. dag_id=BRONZER_GET_STONCKS, task_id=BRONZE_MSFT, execution_date=20240126T000000, start_date=20240916T022857, end_date=20240916T022859
[2024-09-15 23:28:59,552] {local_task_job.py:156} INFO - Task exited with return code 0
[2024-09-15 23:28:59,564] {local_task_job.py:273} INFO - 0 downstream tasks scheduled from follow-on schedule check
