[2024-09-16 00:03:08,064] {taskinstance.py:1159} INFO - Dependencies all met for <TaskInstance: BRONZER_GET_CRIPTOS.BRONZE_CRIPTO_DOGE scheduled__2024-01-09T00:00:00+00:00 [queued]>
[2024-09-16 00:03:08,163] {taskinstance.py:1159} INFO - Dependencies all met for <TaskInstance: BRONZER_GET_CRIPTOS.BRONZE_CRIPTO_DOGE scheduled__2024-01-09T00:00:00+00:00 [queued]>
[2024-09-16 00:03:08,164] {taskinstance.py:1356} INFO - 
--------------------------------------------------------------------------------
[2024-09-16 00:03:08,164] {taskinstance.py:1357} INFO - Starting attempt 1 of 1
[2024-09-16 00:03:08,164] {taskinstance.py:1358} INFO - 
--------------------------------------------------------------------------------
[2024-09-16 00:03:08,257] {taskinstance.py:1377} INFO - Executing <Task(_PythonDecoratedOperator): BRONZE_CRIPTO_DOGE> on 2024-01-09 00:00:00+00:00
[2024-09-16 00:03:08,293] {standard_task_runner.py:52} INFO - Started process 18762 to run task
[2024-09-16 00:03:08,330] {standard_task_runner.py:79} INFO - Running: ['airflow', 'tasks', 'run', 'BRONZER_GET_CRIPTOS', 'BRONZE_CRIPTO_DOGE', 'scheduled__2024-01-09T00:00:00+00:00', '--job-id', '42', '--raw', '--subdir', 'DAGS_FOLDER/get_cripto.py', '--cfg-path', '/tmp/tmp171g85qz', '--error-file', '/tmp/tmp2bg25m2t']
[2024-09-16 00:03:08,345] {standard_task_runner.py:80} INFO - Job 42: Subtask BRONZE_CRIPTO_DOGE
[2024-09-16 00:03:08,941] {task_command.py:370} INFO - Running <TaskInstance: BRONZER_GET_CRIPTOS.BRONZE_CRIPTO_DOGE scheduled__2024-01-09T00:00:00+00:00 [running]> on host kaiwang.
[2024-09-16 00:03:09,546] {taskinstance.py:1569} INFO - Exporting the following env vars:
AIRFLOW_CTX_DAG_OWNER=airflow
AIRFLOW_CTX_DAG_ID=BRONZER_GET_CRIPTOS
AIRFLOW_CTX_TASK_ID=BRONZE_CRIPTO_DOGE
AIRFLOW_CTX_EXECUTION_DATE=2024-01-09T00:00:00+00:00
AIRFLOW_CTX_TRY_NUMBER=1
AIRFLOW_CTX_DAG_RUN_ID=scheduled__2024-01-09T00:00:00+00:00
[2024-09-16 00:03:12,457] {history.py:122} ERROR - $DOGE: possibly delisted; no timezone found
[2024-09-16 00:03:12,469] {python.py:173} INFO - Done. Returned value was: None
[2024-09-16 00:03:12,501] {taskinstance.py:1395} INFO - Marking task as SUCCESS. dag_id=BRONZER_GET_CRIPTOS, task_id=BRONZE_CRIPTO_DOGE, execution_date=20240109T000000, start_date=20240916T030308, end_date=20240916T030312
[2024-09-16 00:03:12,558] {local_task_job.py:156} INFO - Task exited with return code 0
[2024-09-16 00:03:12,716] {local_task_job.py:273} INFO - 0 downstream tasks scheduled from follow-on schedule check
[2024-09-16 00:12:50,752] {taskinstance.py:1159} INFO - Dependencies all met for <TaskInstance: BRONZER_GET_CRIPTOS.BRONZE_CRIPTO_DOGE scheduled__2024-01-09T00:00:00+00:00 [queued]>
[2024-09-16 00:12:50,821] {taskinstance.py:1159} INFO - Dependencies all met for <TaskInstance: BRONZER_GET_CRIPTOS.BRONZE_CRIPTO_DOGE scheduled__2024-01-09T00:00:00+00:00 [queued]>
[2024-09-16 00:12:50,821] {taskinstance.py:1356} INFO - 
--------------------------------------------------------------------------------
[2024-09-16 00:12:50,821] {taskinstance.py:1357} INFO - Starting attempt 1 of 1
[2024-09-16 00:12:50,821] {taskinstance.py:1358} INFO - 
--------------------------------------------------------------------------------
[2024-09-16 00:12:50,905] {taskinstance.py:1377} INFO - Executing <Task(_PythonDecoratedOperator): BRONZE_CRIPTO_DOGE> on 2024-01-09 00:00:00+00:00
[2024-09-16 00:12:50,940] {standard_task_runner.py:52} INFO - Started process 44303 to run task
[2024-09-16 00:12:50,993] {standard_task_runner.py:79} INFO - Running: ['airflow', 'tasks', 'run', 'BRONZER_GET_CRIPTOS', 'BRONZE_CRIPTO_DOGE', 'scheduled__2024-01-09T00:00:00+00:00', '--job-id', '1513', '--raw', '--subdir', 'DAGS_FOLDER/get_cripto.py', '--cfg-path', '/tmp/tmpqkg9tkam', '--error-file', '/tmp/tmppjxawo5x']
[2024-09-16 00:12:51,000] {standard_task_runner.py:80} INFO - Job 1513: Subtask BRONZE_CRIPTO_DOGE
[2024-09-16 00:12:51,373] {task_command.py:370} INFO - Running <TaskInstance: BRONZER_GET_CRIPTOS.BRONZE_CRIPTO_DOGE scheduled__2024-01-09T00:00:00+00:00 [running]> on host kaiwang.
[2024-09-16 00:12:51,912] {taskinstance.py:1569} INFO - Exporting the following env vars:
AIRFLOW_CTX_DAG_OWNER=airflow
AIRFLOW_CTX_DAG_ID=BRONZER_GET_CRIPTOS
AIRFLOW_CTX_TASK_ID=BRONZE_CRIPTO_DOGE
AIRFLOW_CTX_EXECUTION_DATE=2024-01-09T00:00:00+00:00
AIRFLOW_CTX_TRY_NUMBER=1
AIRFLOW_CTX_DAG_RUN_ID=scheduled__2024-01-09T00:00:00+00:00
[2024-09-16 00:12:55,018] {history.py:122} ERROR - $DOGE: possibly delisted; no timezone found
[2024-09-16 00:12:55,023] {python.py:173} INFO - Done. Returned value was: None
[2024-09-16 00:12:55,118] {taskinstance.py:1395} INFO - Marking task as SUCCESS. dag_id=BRONZER_GET_CRIPTOS, task_id=BRONZE_CRIPTO_DOGE, execution_date=20240109T000000, start_date=20240916T031250, end_date=20240916T031255
[2024-09-16 00:12:55,175] {local_task_job.py:156} INFO - Task exited with return code 0
[2024-09-16 00:12:55,665] {local_task_job.py:273} INFO - 0 downstream tasks scheduled from follow-on schedule check
[2024-09-16 00:14:27,209] {taskinstance.py:1159} INFO - Dependencies all met for <TaskInstance: BRONZER_GET_CRIPTOS.BRONZE_CRIPTO_DOGE scheduled__2024-01-09T00:00:00+00:00 [queued]>
[2024-09-16 00:14:27,270] {taskinstance.py:1159} INFO - Dependencies all met for <TaskInstance: BRONZER_GET_CRIPTOS.BRONZE_CRIPTO_DOGE scheduled__2024-01-09T00:00:00+00:00 [queued]>
[2024-09-16 00:14:27,270] {taskinstance.py:1356} INFO - 
--------------------------------------------------------------------------------
[2024-09-16 00:14:27,270] {taskinstance.py:1357} INFO - Starting attempt 1 of 1
[2024-09-16 00:14:27,270] {taskinstance.py:1358} INFO - 
--------------------------------------------------------------------------------
[2024-09-16 00:14:27,402] {taskinstance.py:1377} INFO - Executing <Task(_PythonDecoratedOperator): BRONZE_CRIPTO_DOGE> on 2024-01-09 00:00:00+00:00
[2024-09-16 00:14:27,443] {standard_task_runner.py:52} INFO - Started process 49864 to run task
[2024-09-16 00:14:27,449] {standard_task_runner.py:79} INFO - Running: ['airflow', 'tasks', 'run', 'BRONZER_GET_CRIPTOS', 'BRONZE_CRIPTO_DOGE', 'scheduled__2024-01-09T00:00:00+00:00', '--job-id', '1834', '--raw', '--subdir', 'DAGS_FOLDER/get_cripto.py', '--cfg-path', '/tmp/tmp97y_txun', '--error-file', '/tmp/tmpsliy5vqp']
[2024-09-16 00:14:27,450] {standard_task_runner.py:80} INFO - Job 1834: Subtask BRONZE_CRIPTO_DOGE
[2024-09-16 00:14:27,925] {task_command.py:370} INFO - Running <TaskInstance: BRONZER_GET_CRIPTOS.BRONZE_CRIPTO_DOGE scheduled__2024-01-09T00:00:00+00:00 [running]> on host kaiwang.
[2024-09-16 00:14:28,395] {taskinstance.py:1569} INFO - Exporting the following env vars:
AIRFLOW_CTX_DAG_OWNER=airflow
AIRFLOW_CTX_DAG_ID=BRONZER_GET_CRIPTOS
AIRFLOW_CTX_TASK_ID=BRONZE_CRIPTO_DOGE
AIRFLOW_CTX_EXECUTION_DATE=2024-01-09T00:00:00+00:00
AIRFLOW_CTX_TRY_NUMBER=1
AIRFLOW_CTX_DAG_RUN_ID=scheduled__2024-01-09T00:00:00+00:00
[2024-09-16 00:14:32,067] {history.py:122} ERROR - $DOGE: possibly delisted; no timezone found
[2024-09-16 00:14:32,071] {python.py:173} INFO - Done. Returned value was: None
[2024-09-16 00:14:32,147] {taskinstance.py:1395} INFO - Marking task as SUCCESS. dag_id=BRONZER_GET_CRIPTOS, task_id=BRONZE_CRIPTO_DOGE, execution_date=20240109T000000, start_date=20240916T031427, end_date=20240916T031432
[2024-09-16 00:14:32,207] {local_task_job.py:156} INFO - Task exited with return code 0
[2024-09-16 00:14:32,350] {local_task_job.py:273} INFO - 0 downstream tasks scheduled from follow-on schedule check
