[2024-09-16 00:05:18,374] {taskinstance.py:1159} INFO - Dependencies all met for <TaskInstance: BRONZER_GET_STONCKS.BRONZE_STONCKS_MSFT scheduled__2024-04-23T00:00:00+00:00 [queued]>
[2024-09-16 00:05:18,411] {taskinstance.py:1159} INFO - Dependencies all met for <TaskInstance: BRONZER_GET_STONCKS.BRONZE_STONCKS_MSFT scheduled__2024-04-23T00:00:00+00:00 [queued]>
[2024-09-16 00:05:18,411] {taskinstance.py:1356} INFO - 
--------------------------------------------------------------------------------
[2024-09-16 00:05:18,411] {taskinstance.py:1357} INFO - Starting attempt 1 of 1
[2024-09-16 00:05:18,411] {taskinstance.py:1358} INFO - 
--------------------------------------------------------------------------------
[2024-09-16 00:05:18,472] {taskinstance.py:1377} INFO - Executing <Task(_PythonDecoratedOperator): BRONZE_STONCKS_MSFT> on 2024-04-23 00:00:00+00:00
[2024-09-16 00:05:18,487] {standard_task_runner.py:52} INFO - Started process 28572 to run task
[2024-09-16 00:05:18,511] {standard_task_runner.py:79} INFO - Running: ['airflow', 'tasks', 'run', 'BRONZER_GET_STONCKS', 'BRONZE_STONCKS_MSFT', 'scheduled__2024-04-23T00:00:00+00:00', '--job-id', '608', '--raw', '--subdir', 'DAGS_FOLDER/get_stocks.py', '--cfg-path', '/tmp/tmpyeh5kagj', '--error-file', '/tmp/tmppc9jikgy']
[2024-09-16 00:05:18,540] {standard_task_runner.py:80} INFO - Job 608: Subtask BRONZE_STONCKS_MSFT
[2024-09-16 00:05:18,901] {task_command.py:370} INFO - Running <TaskInstance: BRONZER_GET_STONCKS.BRONZE_STONCKS_MSFT scheduled__2024-04-23T00:00:00+00:00 [running]> on host kaiwang.
[2024-09-16 00:05:19,358] {taskinstance.py:1569} INFO - Exporting the following env vars:
AIRFLOW_CTX_DAG_OWNER=airflow
AIRFLOW_CTX_DAG_ID=BRONZER_GET_STONCKS
AIRFLOW_CTX_TASK_ID=BRONZE_STONCKS_MSFT
AIRFLOW_CTX_EXECUTION_DATE=2024-04-23T00:00:00+00:00
AIRFLOW_CTX_TRY_NUMBER=1
AIRFLOW_CTX_DAG_RUN_ID=scheduled__2024-04-23T00:00:00+00:00
[2024-09-16 00:05:20,048] {python.py:173} INFO - Done. Returned value was: None
[2024-09-16 00:05:20,084] {taskinstance.py:1395} INFO - Marking task as SUCCESS. dag_id=BRONZER_GET_STONCKS, task_id=BRONZE_STONCKS_MSFT, execution_date=20240423T000000, start_date=20240916T030518, end_date=20240916T030520
[2024-09-16 00:05:20,166] {local_task_job.py:156} INFO - Task exited with return code 0
[2024-09-16 00:05:20,339] {local_task_job.py:273} INFO - 0 downstream tasks scheduled from follow-on schedule check
[2024-09-16 00:16:19,540] {taskinstance.py:1159} INFO - Dependencies all met for <TaskInstance: BRONZER_GET_STONCKS.BRONZE_STONCKS_MSFT scheduled__2024-04-23T00:00:00+00:00 [queued]>
[2024-09-16 00:16:19,587] {taskinstance.py:1159} INFO - Dependencies all met for <TaskInstance: BRONZER_GET_STONCKS.BRONZE_STONCKS_MSFT scheduled__2024-04-23T00:00:00+00:00 [queued]>
[2024-09-16 00:16:19,587] {taskinstance.py:1356} INFO - 
--------------------------------------------------------------------------------
[2024-09-16 00:16:19,587] {taskinstance.py:1357} INFO - Starting attempt 1 of 1
[2024-09-16 00:16:19,587] {taskinstance.py:1358} INFO - 
--------------------------------------------------------------------------------
[2024-09-16 00:16:19,657] {taskinstance.py:1377} INFO - Executing <Task(_PythonDecoratedOperator): BRONZE_STONCKS_MSFT> on 2024-04-23 00:00:00+00:00
[2024-09-16 00:16:19,663] {standard_task_runner.py:52} INFO - Started process 59015 to run task
[2024-09-16 00:16:19,696] {standard_task_runner.py:79} INFO - Running: ['airflow', 'tasks', 'run', 'BRONZER_GET_STONCKS', 'BRONZE_STONCKS_MSFT', 'scheduled__2024-04-23T00:00:00+00:00', '--job-id', '2365', '--raw', '--subdir', 'DAGS_FOLDER/get_stocks.py', '--cfg-path', '/tmp/tmpadn1dqfo', '--error-file', '/tmp/tmp6q3flbvx']
[2024-09-16 00:16:19,697] {standard_task_runner.py:80} INFO - Job 2365: Subtask BRONZE_STONCKS_MSFT
[2024-09-16 00:16:19,960] {task_command.py:370} INFO - Running <TaskInstance: BRONZER_GET_STONCKS.BRONZE_STONCKS_MSFT scheduled__2024-04-23T00:00:00+00:00 [running]> on host kaiwang.
[2024-09-16 00:16:20,298] {taskinstance.py:1569} INFO - Exporting the following env vars:
AIRFLOW_CTX_DAG_OWNER=airflow
AIRFLOW_CTX_DAG_ID=BRONZER_GET_STONCKS
AIRFLOW_CTX_TASK_ID=BRONZE_STONCKS_MSFT
AIRFLOW_CTX_EXECUTION_DATE=2024-04-23T00:00:00+00:00
AIRFLOW_CTX_TRY_NUMBER=1
AIRFLOW_CTX_DAG_RUN_ID=scheduled__2024-04-23T00:00:00+00:00
[2024-09-16 00:16:20,917] {python.py:173} INFO - Done. Returned value was: None
[2024-09-16 00:16:20,978] {taskinstance.py:1395} INFO - Marking task as SUCCESS. dag_id=BRONZER_GET_STONCKS, task_id=BRONZE_STONCKS_MSFT, execution_date=20240423T000000, start_date=20240916T031619, end_date=20240916T031620
[2024-09-16 00:16:21,057] {local_task_job.py:156} INFO - Task exited with return code 0
[2024-09-16 00:16:21,425] {local_task_job.py:273} INFO - 0 downstream tasks scheduled from follow-on schedule check
