[2024-09-16 00:03:40,425] {taskinstance.py:1159} INFO - Dependencies all met for <TaskInstance: BRONZER_GET_STONCKS.BRONZE_STONCKS_AAPL scheduled__2024-02-01T00:00:00+00:00 [queued]>
[2024-09-16 00:03:40,453] {taskinstance.py:1159} INFO - Dependencies all met for <TaskInstance: BRONZER_GET_STONCKS.BRONZE_STONCKS_AAPL scheduled__2024-02-01T00:00:00+00:00 [queued]>
[2024-09-16 00:03:40,454] {taskinstance.py:1356} INFO - 
--------------------------------------------------------------------------------
[2024-09-16 00:03:40,454] {taskinstance.py:1357} INFO - Starting attempt 1 of 1
[2024-09-16 00:03:40,454] {taskinstance.py:1358} INFO - 
--------------------------------------------------------------------------------
[2024-09-16 00:03:40,511] {taskinstance.py:1377} INFO - Executing <Task(_PythonDecoratedOperator): BRONZE_STONCKS_AAPL> on 2024-02-01 00:00:00+00:00
[2024-09-16 00:03:40,516] {standard_task_runner.py:52} INFO - Started process 21133 to run task
[2024-09-16 00:03:40,536] {standard_task_runner.py:79} INFO - Running: ['airflow', 'tasks', 'run', 'BRONZER_GET_STONCKS', 'BRONZE_STONCKS_AAPL', 'scheduled__2024-02-01T00:00:00+00:00', '--job-id', '184', '--raw', '--subdir', 'DAGS_FOLDER/get_stocks.py', '--cfg-path', '/tmp/tmp4en9m0tq', '--error-file', '/tmp/tmpifgmnqe5']
[2024-09-16 00:03:40,537] {standard_task_runner.py:80} INFO - Job 184: Subtask BRONZE_STONCKS_AAPL
[2024-09-16 00:03:40,719] {task_command.py:370} INFO - Running <TaskInstance: BRONZER_GET_STONCKS.BRONZE_STONCKS_AAPL scheduled__2024-02-01T00:00:00+00:00 [running]> on host kaiwang.
[2024-09-16 00:03:40,875] {taskinstance.py:1569} INFO - Exporting the following env vars:
AIRFLOW_CTX_DAG_OWNER=airflow
AIRFLOW_CTX_DAG_ID=BRONZER_GET_STONCKS
AIRFLOW_CTX_TASK_ID=BRONZE_STONCKS_AAPL
AIRFLOW_CTX_EXECUTION_DATE=2024-02-01T00:00:00+00:00
AIRFLOW_CTX_TRY_NUMBER=1
AIRFLOW_CTX_DAG_RUN_ID=scheduled__2024-02-01T00:00:00+00:00
[2024-09-16 00:03:41,556] {python.py:173} INFO - Done. Returned value was: None
[2024-09-16 00:03:41,576] {taskinstance.py:1395} INFO - Marking task as SUCCESS. dag_id=BRONZER_GET_STONCKS, task_id=BRONZE_STONCKS_AAPL, execution_date=20240201T000000, start_date=20240916T030340, end_date=20240916T030341
[2024-09-16 00:03:41,594] {local_task_job.py:156} INFO - Task exited with return code 0
[2024-09-16 00:03:41,629] {local_task_job.py:273} INFO - 0 downstream tasks scheduled from follow-on schedule check
[2024-09-16 00:13:21,373] {taskinstance.py:1159} INFO - Dependencies all met for <TaskInstance: BRONZER_GET_STONCKS.BRONZE_STONCKS_AAPL scheduled__2024-02-01T00:00:00+00:00 [queued]>
[2024-09-16 00:13:21,410] {taskinstance.py:1159} INFO - Dependencies all met for <TaskInstance: BRONZER_GET_STONCKS.BRONZE_STONCKS_AAPL scheduled__2024-02-01T00:00:00+00:00 [queued]>
[2024-09-16 00:13:21,410] {taskinstance.py:1356} INFO - 
--------------------------------------------------------------------------------
[2024-09-16 00:13:21,410] {taskinstance.py:1357} INFO - Starting attempt 1 of 1
[2024-09-16 00:13:21,410] {taskinstance.py:1358} INFO - 
--------------------------------------------------------------------------------
[2024-09-16 00:13:21,502] {taskinstance.py:1377} INFO - Executing <Task(_PythonDecoratedOperator): BRONZE_STONCKS_AAPL> on 2024-02-01 00:00:00+00:00
[2024-09-16 00:13:21,531] {standard_task_runner.py:52} INFO - Started process 46724 to run task
[2024-09-16 00:13:21,539] {standard_task_runner.py:79} INFO - Running: ['airflow', 'tasks', 'run', 'BRONZER_GET_STONCKS', 'BRONZE_STONCKS_AAPL', 'scheduled__2024-02-01T00:00:00+00:00', '--job-id', '1653', '--raw', '--subdir', 'DAGS_FOLDER/get_stocks.py', '--cfg-path', '/tmp/tmpbn4rvp0c', '--error-file', '/tmp/tmp69dqslj9']
[2024-09-16 00:13:21,540] {standard_task_runner.py:80} INFO - Job 1653: Subtask BRONZE_STONCKS_AAPL
[2024-09-16 00:13:21,735] {task_command.py:370} INFO - Running <TaskInstance: BRONZER_GET_STONCKS.BRONZE_STONCKS_AAPL scheduled__2024-02-01T00:00:00+00:00 [running]> on host kaiwang.
[2024-09-16 00:13:22,109] {taskinstance.py:1569} INFO - Exporting the following env vars:
AIRFLOW_CTX_DAG_OWNER=airflow
AIRFLOW_CTX_DAG_ID=BRONZER_GET_STONCKS
AIRFLOW_CTX_TASK_ID=BRONZE_STONCKS_AAPL
AIRFLOW_CTX_EXECUTION_DATE=2024-02-01T00:00:00+00:00
AIRFLOW_CTX_TRY_NUMBER=1
AIRFLOW_CTX_DAG_RUN_ID=scheduled__2024-02-01T00:00:00+00:00
[2024-09-16 00:13:22,784] {python.py:173} INFO - Done. Returned value was: None
[2024-09-16 00:13:22,810] {taskinstance.py:1395} INFO - Marking task as SUCCESS. dag_id=BRONZER_GET_STONCKS, task_id=BRONZE_STONCKS_AAPL, execution_date=20240201T000000, start_date=20240916T031321, end_date=20240916T031322
[2024-09-16 00:13:22,845] {local_task_job.py:156} INFO - Task exited with return code 0
[2024-09-16 00:13:22,923] {local_task_job.py:273} INFO - 0 downstream tasks scheduled from follow-on schedule check
[2024-09-16 00:14:54,523] {taskinstance.py:1159} INFO - Dependencies all met for <TaskInstance: BRONZER_GET_STONCKS.BRONZE_STONCKS_AAPL scheduled__2024-02-01T00:00:00+00:00 [queued]>
[2024-09-16 00:14:54,595] {taskinstance.py:1159} INFO - Dependencies all met for <TaskInstance: BRONZER_GET_STONCKS.BRONZE_STONCKS_AAPL scheduled__2024-02-01T00:00:00+00:00 [queued]>
[2024-09-16 00:14:54,595] {taskinstance.py:1356} INFO - 
--------------------------------------------------------------------------------
[2024-09-16 00:14:54,595] {taskinstance.py:1357} INFO - Starting attempt 1 of 1
[2024-09-16 00:14:54,595] {taskinstance.py:1358} INFO - 
--------------------------------------------------------------------------------
[2024-09-16 00:14:54,660] {taskinstance.py:1377} INFO - Executing <Task(_PythonDecoratedOperator): BRONZE_STONCKS_AAPL> on 2024-02-01 00:00:00+00:00
[2024-09-16 00:14:54,667] {standard_task_runner.py:52} INFO - Started process 52097 to run task
[2024-09-16 00:14:54,706] {standard_task_runner.py:79} INFO - Running: ['airflow', 'tasks', 'run', 'BRONZER_GET_STONCKS', 'BRONZE_STONCKS_AAPL', 'scheduled__2024-02-01T00:00:00+00:00', '--job-id', '1966', '--raw', '--subdir', 'DAGS_FOLDER/get_stocks.py', '--cfg-path', '/tmp/tmps2rpnvt4', '--error-file', '/tmp/tmpwubagthk']
[2024-09-16 00:14:54,707] {standard_task_runner.py:80} INFO - Job 1966: Subtask BRONZE_STONCKS_AAPL
[2024-09-16 00:14:54,852] {task_command.py:370} INFO - Running <TaskInstance: BRONZER_GET_STONCKS.BRONZE_STONCKS_AAPL scheduled__2024-02-01T00:00:00+00:00 [running]> on host kaiwang.
[2024-09-16 00:14:54,923] {taskinstance.py:1569} INFO - Exporting the following env vars:
AIRFLOW_CTX_DAG_OWNER=airflow
AIRFLOW_CTX_DAG_ID=BRONZER_GET_STONCKS
AIRFLOW_CTX_TASK_ID=BRONZE_STONCKS_AAPL
AIRFLOW_CTX_EXECUTION_DATE=2024-02-01T00:00:00+00:00
AIRFLOW_CTX_TRY_NUMBER=1
AIRFLOW_CTX_DAG_RUN_ID=scheduled__2024-02-01T00:00:00+00:00
[2024-09-16 00:14:55,677] {python.py:173} INFO - Done. Returned value was: None
[2024-09-16 00:14:55,853] {taskinstance.py:1395} INFO - Marking task as SUCCESS. dag_id=BRONZER_GET_STONCKS, task_id=BRONZE_STONCKS_AAPL, execution_date=20240201T000000, start_date=20240916T031454, end_date=20240916T031455
[2024-09-16 00:14:55,967] {local_task_job.py:156} INFO - Task exited with return code 0
[2024-09-16 00:14:56,312] {local_task_job.py:273} INFO - 0 downstream tasks scheduled from follow-on schedule check
