[2024-09-16 00:06:34,083] {taskinstance.py:1159} INFO - Dependencies all met for <TaskInstance: BRONZER_GET_CRIPTOS.BRONZE_CRIPTO_DOGE scheduled__2024-06-06T00:00:00+00:00 [queued]>
[2024-09-16 00:06:34,134] {taskinstance.py:1159} INFO - Dependencies all met for <TaskInstance: BRONZER_GET_CRIPTOS.BRONZE_CRIPTO_DOGE scheduled__2024-06-06T00:00:00+00:00 [queued]>
[2024-09-16 00:06:34,134] {taskinstance.py:1356} INFO - 
--------------------------------------------------------------------------------
[2024-09-16 00:06:34,134] {taskinstance.py:1357} INFO - Starting attempt 1 of 1
[2024-09-16 00:06:34,134] {taskinstance.py:1358} INFO - 
--------------------------------------------------------------------------------
[2024-09-16 00:06:34,192] {taskinstance.py:1377} INFO - Executing <Task(_PythonDecoratedOperator): BRONZE_CRIPTO_DOGE> on 2024-06-06 00:00:00+00:00
[2024-09-16 00:06:34,225] {standard_task_runner.py:79} INFO - Running: ['airflow', 'tasks', 'run', 'BRONZER_GET_CRIPTOS', 'BRONZE_CRIPTO_DOGE', 'scheduled__2024-06-06T00:00:00+00:00', '--job-id', '982', '--raw', '--subdir', 'DAGS_FOLDER/get_cripto.py', '--cfg-path', '/tmp/tmp6x96ool5', '--error-file', '/tmp/tmp9tugb334']
[2024-09-16 00:06:34,227] {standard_task_runner.py:80} INFO - Job 982: Subtask BRONZE_CRIPTO_DOGE
[2024-09-16 00:06:34,197] {standard_task_runner.py:52} INFO - Started process 34904 to run task
[2024-09-16 00:06:34,497] {task_command.py:370} INFO - Running <TaskInstance: BRONZER_GET_CRIPTOS.BRONZE_CRIPTO_DOGE scheduled__2024-06-06T00:00:00+00:00 [running]> on host kaiwang.
[2024-09-16 00:06:34,876] {taskinstance.py:1569} INFO - Exporting the following env vars:
AIRFLOW_CTX_DAG_OWNER=airflow
AIRFLOW_CTX_DAG_ID=BRONZER_GET_CRIPTOS
AIRFLOW_CTX_TASK_ID=BRONZE_CRIPTO_DOGE
AIRFLOW_CTX_EXECUTION_DATE=2024-06-06T00:00:00+00:00
AIRFLOW_CTX_TRY_NUMBER=1
AIRFLOW_CTX_DAG_RUN_ID=scheduled__2024-06-06T00:00:00+00:00
[2024-09-16 00:06:37,874] {history.py:122} ERROR - $DOGE: possibly delisted; no timezone found
[2024-09-16 00:06:37,878] {python.py:173} INFO - Done. Returned value was: None
[2024-09-16 00:06:37,930] {taskinstance.py:1395} INFO - Marking task as SUCCESS. dag_id=BRONZER_GET_CRIPTOS, task_id=BRONZE_CRIPTO_DOGE, execution_date=20240606T000000, start_date=20240916T030634, end_date=20240916T030637
[2024-09-16 00:06:38,046] {local_task_job.py:156} INFO - Task exited with return code 0
[2024-09-16 00:06:38,215] {local_task_job.py:273} INFO - 0 downstream tasks scheduled from follow-on schedule check
