[2024-09-16 00:07:33,886] {taskinstance.py:1159} INFO - Dependencies all met for <TaskInstance: BRONZER_GET_STONCKS.BRONZE_STONCKS_GOOG scheduled__2024-08-29T00:00:00+00:00 [queued]>
[2024-09-16 00:07:33,922] {taskinstance.py:1159} INFO - Dependencies all met for <TaskInstance: BRONZER_GET_STONCKS.BRONZE_STONCKS_GOOG scheduled__2024-08-29T00:00:00+00:00 [queued]>
[2024-09-16 00:07:33,922] {taskinstance.py:1356} INFO - 
--------------------------------------------------------------------------------
[2024-09-16 00:07:33,922] {taskinstance.py:1357} INFO - Starting attempt 1 of 1
[2024-09-16 00:07:33,922] {taskinstance.py:1358} INFO - 
--------------------------------------------------------------------------------
[2024-09-16 00:07:33,968] {taskinstance.py:1377} INFO - Executing <Task(_PythonDecoratedOperator): BRONZE_STONCKS_GOOG> on 2024-08-29 00:00:00+00:00
[2024-09-16 00:07:33,975] {standard_task_runner.py:52} INFO - Started process 39775 to run task
[2024-09-16 00:07:34,007] {standard_task_runner.py:79} INFO - Running: ['airflow', 'tasks', 'run', 'BRONZER_GET_STONCKS', 'BRONZE_STONCKS_GOOG', 'scheduled__2024-08-29T00:00:00+00:00', '--job-id', '1264', '--raw', '--subdir', 'DAGS_FOLDER/get_stocks.py', '--cfg-path', '/tmp/tmpbiiunoe0', '--error-file', '/tmp/tmpufny0xb4']
[2024-09-16 00:07:34,008] {standard_task_runner.py:80} INFO - Job 1264: Subtask BRONZE_STONCKS_GOOG
[2024-09-16 00:07:34,277] {task_command.py:370} INFO - Running <TaskInstance: BRONZER_GET_STONCKS.BRONZE_STONCKS_GOOG scheduled__2024-08-29T00:00:00+00:00 [running]> on host kaiwang.
[2024-09-16 00:07:34,652] {taskinstance.py:1569} INFO - Exporting the following env vars:
AIRFLOW_CTX_DAG_OWNER=airflow
AIRFLOW_CTX_DAG_ID=BRONZER_GET_STONCKS
AIRFLOW_CTX_TASK_ID=BRONZE_STONCKS_GOOG
AIRFLOW_CTX_EXECUTION_DATE=2024-08-29T00:00:00+00:00
AIRFLOW_CTX_TRY_NUMBER=1
AIRFLOW_CTX_DAG_RUN_ID=scheduled__2024-08-29T00:00:00+00:00
[2024-09-16 00:07:35,299] {python.py:173} INFO - Done. Returned value was: None
[2024-09-16 00:07:35,427] {taskinstance.py:1395} INFO - Marking task as SUCCESS. dag_id=BRONZER_GET_STONCKS, task_id=BRONZE_STONCKS_GOOG, execution_date=20240829T000000, start_date=20240916T030733, end_date=20240916T030735
[2024-09-16 00:07:35,495] {local_task_job.py:156} INFO - Task exited with return code 0
[2024-09-16 00:07:35,660] {local_task_job.py:273} INFO - 0 downstream tasks scheduled from follow-on schedule check
[2024-09-16 13:56:30,184] {taskinstance.py:1159} INFO - Dependencies all met for <TaskInstance: BRONZER_GET_STONCKS.BRONZE_STONCKS_GOOG scheduled__2024-08-29T00:00:00+00:00 [queued]>
[2024-09-16 13:56:30,208] {taskinstance.py:1159} INFO - Dependencies all met for <TaskInstance: BRONZER_GET_STONCKS.BRONZE_STONCKS_GOOG scheduled__2024-08-29T00:00:00+00:00 [queued]>
[2024-09-16 13:56:30,208] {taskinstance.py:1356} INFO - 
--------------------------------------------------------------------------------
[2024-09-16 13:56:30,209] {taskinstance.py:1357} INFO - Starting attempt 1 of 1
[2024-09-16 13:56:30,209] {taskinstance.py:1358} INFO - 
--------------------------------------------------------------------------------
[2024-09-16 13:56:30,248] {taskinstance.py:1377} INFO - Executing <Task(_PythonDecoratedOperator): BRONZE_STONCKS_GOOG> on 2024-08-29 00:00:00+00:00
[2024-09-16 13:56:30,255] {standard_task_runner.py:52} INFO - Started process 139298 to run task
[2024-09-16 13:56:30,278] {standard_task_runner.py:79} INFO - Running: ['airflow', 'tasks', 'run', 'BRONZER_GET_STONCKS', 'BRONZE_STONCKS_GOOG', 'scheduled__2024-08-29T00:00:00+00:00', '--job-id', '2593', '--raw', '--subdir', 'DAGS_FOLDER/get_stocks.py', '--cfg-path', '/tmp/tmpflm3vtb1', '--error-file', '/tmp/tmprex7hpf5']
[2024-09-16 13:56:30,279] {standard_task_runner.py:80} INFO - Job 2593: Subtask BRONZE_STONCKS_GOOG
[2024-09-16 13:56:30,507] {task_command.py:370} INFO - Running <TaskInstance: BRONZER_GET_STONCKS.BRONZE_STONCKS_GOOG scheduled__2024-08-29T00:00:00+00:00 [running]> on host kaiwang.
[2024-09-16 13:56:31,005] {taskinstance.py:1569} INFO - Exporting the following env vars:
AIRFLOW_CTX_DAG_OWNER=airflow
AIRFLOW_CTX_DAG_ID=BRONZER_GET_STONCKS
AIRFLOW_CTX_TASK_ID=BRONZE_STONCKS_GOOG
AIRFLOW_CTX_EXECUTION_DATE=2024-08-29T00:00:00+00:00
AIRFLOW_CTX_TRY_NUMBER=1
AIRFLOW_CTX_DAG_RUN_ID=scheduled__2024-08-29T00:00:00+00:00
[2024-09-16 13:56:31,576] {python.py:173} INFO - Done. Returned value was: None
[2024-09-16 13:56:31,660] {taskinstance.py:1395} INFO - Marking task as SUCCESS. dag_id=BRONZER_GET_STONCKS, task_id=BRONZE_STONCKS_GOOG, execution_date=20240829T000000, start_date=20240916T165630, end_date=20240916T165631
[2024-09-16 13:56:31,735] {local_task_job.py:156} INFO - Task exited with return code 0
[2024-09-16 13:56:31,830] {local_task_job.py:273} INFO - 0 downstream tasks scheduled from follow-on schedule check
