[2024-09-16 00:06:01,769] {taskinstance.py:1159} INFO - Dependencies all met for <TaskInstance: BRONZER_GET_STONCKS.BRONZE_STONCKS_AAPL scheduled__2024-06-05T00:00:00+00:00 [queued]>
[2024-09-16 00:06:01,784] {taskinstance.py:1159} INFO - Dependencies all met for <TaskInstance: BRONZER_GET_STONCKS.BRONZE_STONCKS_AAPL scheduled__2024-06-05T00:00:00+00:00 [queued]>
[2024-09-16 00:06:01,784] {taskinstance.py:1356} INFO - 
--------------------------------------------------------------------------------
[2024-09-16 00:06:01,784] {taskinstance.py:1357} INFO - Starting attempt 1 of 1
[2024-09-16 00:06:01,785] {taskinstance.py:1358} INFO - 
--------------------------------------------------------------------------------
[2024-09-16 00:06:01,814] {taskinstance.py:1377} INFO - Executing <Task(_PythonDecoratedOperator): BRONZE_STONCKS_AAPL> on 2024-06-05 00:00:00+00:00
[2024-09-16 00:06:01,819] {standard_task_runner.py:52} INFO - Started process 32295 to run task
[2024-09-16 00:06:01,837] {standard_task_runner.py:79} INFO - Running: ['airflow', 'tasks', 'run', 'BRONZER_GET_STONCKS', 'BRONZE_STONCKS_AAPL', 'scheduled__2024-06-05T00:00:00+00:00', '--job-id', '834', '--raw', '--subdir', 'DAGS_FOLDER/get_stocks.py', '--cfg-path', '/tmp/tmpre8v_k9s', '--error-file', '/tmp/tmp2106ffql']
[2024-09-16 00:06:01,838] {standard_task_runner.py:80} INFO - Job 834: Subtask BRONZE_STONCKS_AAPL
[2024-09-16 00:06:01,952] {task_command.py:370} INFO - Running <TaskInstance: BRONZER_GET_STONCKS.BRONZE_STONCKS_AAPL scheduled__2024-06-05T00:00:00+00:00 [running]> on host kaiwang.
[2024-09-16 00:06:02,068] {taskinstance.py:1569} INFO - Exporting the following env vars:
AIRFLOW_CTX_DAG_OWNER=airflow
AIRFLOW_CTX_DAG_ID=BRONZER_GET_STONCKS
AIRFLOW_CTX_TASK_ID=BRONZE_STONCKS_AAPL
AIRFLOW_CTX_EXECUTION_DATE=2024-06-05T00:00:00+00:00
AIRFLOW_CTX_TRY_NUMBER=1
AIRFLOW_CTX_DAG_RUN_ID=scheduled__2024-06-05T00:00:00+00:00
[2024-09-16 00:06:02,674] {python.py:173} INFO - Done. Returned value was: None
[2024-09-16 00:06:02,703] {taskinstance.py:1395} INFO - Marking task as SUCCESS. dag_id=BRONZER_GET_STONCKS, task_id=BRONZE_STONCKS_AAPL, execution_date=20240605T000000, start_date=20240916T030601, end_date=20240916T030602
[2024-09-16 00:06:02,728] {local_task_job.py:156} INFO - Task exited with return code 0
[2024-09-16 00:06:02,787] {local_task_job.py:273} INFO - 0 downstream tasks scheduled from follow-on schedule check
