[2024-09-16 00:05:32,983] {taskinstance.py:1159} INFO - Dependencies all met for <TaskInstance: BRONZER_GET_STONCKS.BRONZE_STONCKS_MSFT scheduled__2024-05-08T00:00:00+00:00 [queued]>
[2024-09-16 00:05:33,016] {taskinstance.py:1159} INFO - Dependencies all met for <TaskInstance: BRONZER_GET_STONCKS.BRONZE_STONCKS_MSFT scheduled__2024-05-08T00:00:00+00:00 [queued]>
[2024-09-16 00:05:33,016] {taskinstance.py:1356} INFO - 
--------------------------------------------------------------------------------
[2024-09-16 00:05:33,017] {taskinstance.py:1357} INFO - Starting attempt 1 of 1
[2024-09-16 00:05:33,017] {taskinstance.py:1358} INFO - 
--------------------------------------------------------------------------------
[2024-09-16 00:05:33,087] {taskinstance.py:1377} INFO - Executing <Task(_PythonDecoratedOperator): BRONZE_STONCKS_MSFT> on 2024-05-08 00:00:00+00:00
[2024-09-16 00:05:33,093] {standard_task_runner.py:52} INFO - Started process 29894 to run task
[2024-09-16 00:05:33,100] {standard_task_runner.py:79} INFO - Running: ['airflow', 'tasks', 'run', 'BRONZER_GET_STONCKS', 'BRONZE_STONCKS_MSFT', 'scheduled__2024-05-08T00:00:00+00:00', '--job-id', '693', '--raw', '--subdir', 'DAGS_FOLDER/get_stocks.py', '--cfg-path', '/tmp/tmpdxpyvdw5', '--error-file', '/tmp/tmpp1k4hkcq']
[2024-09-16 00:05:33,103] {standard_task_runner.py:80} INFO - Job 693: Subtask BRONZE_STONCKS_MSFT
[2024-09-16 00:05:33,335] {task_command.py:370} INFO - Running <TaskInstance: BRONZER_GET_STONCKS.BRONZE_STONCKS_MSFT scheduled__2024-05-08T00:00:00+00:00 [running]> on host kaiwang.
[2024-09-16 00:05:33,573] {taskinstance.py:1569} INFO - Exporting the following env vars:
AIRFLOW_CTX_DAG_OWNER=airflow
AIRFLOW_CTX_DAG_ID=BRONZER_GET_STONCKS
AIRFLOW_CTX_TASK_ID=BRONZE_STONCKS_MSFT
AIRFLOW_CTX_EXECUTION_DATE=2024-05-08T00:00:00+00:00
AIRFLOW_CTX_TRY_NUMBER=1
AIRFLOW_CTX_DAG_RUN_ID=scheduled__2024-05-08T00:00:00+00:00
[2024-09-16 00:05:34,461] {python.py:173} INFO - Done. Returned value was: None
[2024-09-16 00:05:34,573] {taskinstance.py:1395} INFO - Marking task as SUCCESS. dag_id=BRONZER_GET_STONCKS, task_id=BRONZE_STONCKS_MSFT, execution_date=20240508T000000, start_date=20240916T030532, end_date=20240916T030534
[2024-09-16 00:05:34,605] {local_task_job.py:156} INFO - Task exited with return code 0
[2024-09-16 00:05:34,953] {local_task_job.py:273} INFO - 0 downstream tasks scheduled from follow-on schedule check
