[2024-09-16 00:06:15,274] {taskinstance.py:1159} INFO - Dependencies all met for <TaskInstance: BRONZER_GET_STONCKS.BRONZE_STONCKS_AAPL scheduled__2024-06-15T00:00:00+00:00 [queued]>
[2024-09-16 00:06:15,304] {taskinstance.py:1159} INFO - Dependencies all met for <TaskInstance: BRONZER_GET_STONCKS.BRONZE_STONCKS_AAPL scheduled__2024-06-15T00:00:00+00:00 [queued]>
[2024-09-16 00:06:15,305] {taskinstance.py:1356} INFO - 
--------------------------------------------------------------------------------
[2024-09-16 00:06:15,306] {taskinstance.py:1357} INFO - Starting attempt 1 of 1
[2024-09-16 00:06:15,307] {taskinstance.py:1358} INFO - 
--------------------------------------------------------------------------------
[2024-09-16 00:06:15,358] {taskinstance.py:1377} INFO - Executing <Task(_PythonDecoratedOperator): BRONZE_STONCKS_AAPL> on 2024-06-15 00:00:00+00:00
[2024-09-16 00:06:15,364] {standard_task_runner.py:52} INFO - Started process 33356 to run task
[2024-09-16 00:06:15,374] {standard_task_runner.py:79} INFO - Running: ['airflow', 'tasks', 'run', 'BRONZER_GET_STONCKS', 'BRONZE_STONCKS_AAPL', 'scheduled__2024-06-15T00:00:00+00:00', '--job-id', '895', '--raw', '--subdir', 'DAGS_FOLDER/get_stocks.py', '--cfg-path', '/tmp/tmpk2f36m14', '--error-file', '/tmp/tmp1ei97ha2']
[2024-09-16 00:06:15,377] {standard_task_runner.py:80} INFO - Job 895: Subtask BRONZE_STONCKS_AAPL
[2024-09-16 00:06:15,623] {task_command.py:370} INFO - Running <TaskInstance: BRONZER_GET_STONCKS.BRONZE_STONCKS_AAPL scheduled__2024-06-15T00:00:00+00:00 [running]> on host kaiwang.
[2024-09-16 00:06:15,905] {taskinstance.py:1569} INFO - Exporting the following env vars:
AIRFLOW_CTX_DAG_OWNER=airflow
AIRFLOW_CTX_DAG_ID=BRONZER_GET_STONCKS
AIRFLOW_CTX_TASK_ID=BRONZE_STONCKS_AAPL
AIRFLOW_CTX_EXECUTION_DATE=2024-06-15T00:00:00+00:00
AIRFLOW_CTX_TRY_NUMBER=1
AIRFLOW_CTX_DAG_RUN_ID=scheduled__2024-06-15T00:00:00+00:00
[2024-09-16 00:06:16,598] {python.py:173} INFO - Done. Returned value was: None
[2024-09-16 00:06:16,656] {taskinstance.py:1395} INFO - Marking task as SUCCESS. dag_id=BRONZER_GET_STONCKS, task_id=BRONZE_STONCKS_AAPL, execution_date=20240615T000000, start_date=20240916T030615, end_date=20240916T030616
[2024-09-16 00:06:16,719] {local_task_job.py:156} INFO - Task exited with return code 0
[2024-09-16 00:06:16,897] {local_task_job.py:273} INFO - 0 downstream tasks scheduled from follow-on schedule check
