[2024-09-16 00:03:34,293] {taskinstance.py:1159} INFO - Dependencies all met for <TaskInstance: BRONZER_GET_STONCKS.BRONZE_STONCKS_AAPL scheduled__2024-01-26T00:00:00+00:00 [queued]>
[2024-09-16 00:03:34,352] {taskinstance.py:1159} INFO - Dependencies all met for <TaskInstance: BRONZER_GET_STONCKS.BRONZE_STONCKS_AAPL scheduled__2024-01-26T00:00:00+00:00 [queued]>
[2024-09-16 00:03:34,352] {taskinstance.py:1356} INFO - 
--------------------------------------------------------------------------------
[2024-09-16 00:03:34,352] {taskinstance.py:1357} INFO - Starting attempt 1 of 1
[2024-09-16 00:03:34,352] {taskinstance.py:1358} INFO - 
--------------------------------------------------------------------------------
[2024-09-16 00:03:34,407] {taskinstance.py:1377} INFO - Executing <Task(_PythonDecoratedOperator): BRONZE_STONCKS_AAPL> on 2024-01-26 00:00:00+00:00
[2024-09-16 00:03:34,415] {standard_task_runner.py:52} INFO - Started process 20610 to run task
[2024-09-16 00:03:34,445] {standard_task_runner.py:79} INFO - Running: ['airflow', 'tasks', 'run', 'BRONZER_GET_STONCKS', 'BRONZE_STONCKS_AAPL', 'scheduled__2024-01-26T00:00:00+00:00', '--job-id', '151', '--raw', '--subdir', 'DAGS_FOLDER/get_stocks.py', '--cfg-path', '/tmp/tmpwvpi208i', '--error-file', '/tmp/tmpqirwd79a']
[2024-09-16 00:03:34,446] {standard_task_runner.py:80} INFO - Job 151: Subtask BRONZE_STONCKS_AAPL
[2024-09-16 00:03:34,688] {task_command.py:370} INFO - Running <TaskInstance: BRONZER_GET_STONCKS.BRONZE_STONCKS_AAPL scheduled__2024-01-26T00:00:00+00:00 [running]> on host kaiwang.
[2024-09-16 00:03:35,169] {taskinstance.py:1569} INFO - Exporting the following env vars:
AIRFLOW_CTX_DAG_OWNER=airflow
AIRFLOW_CTX_DAG_ID=BRONZER_GET_STONCKS
AIRFLOW_CTX_TASK_ID=BRONZE_STONCKS_AAPL
AIRFLOW_CTX_EXECUTION_DATE=2024-01-26T00:00:00+00:00
AIRFLOW_CTX_TRY_NUMBER=1
AIRFLOW_CTX_DAG_RUN_ID=scheduled__2024-01-26T00:00:00+00:00
[2024-09-16 00:03:35,863] {python.py:173} INFO - Done. Returned value was: None
[2024-09-16 00:03:35,976] {taskinstance.py:1395} INFO - Marking task as SUCCESS. dag_id=BRONZER_GET_STONCKS, task_id=BRONZE_STONCKS_AAPL, execution_date=20240126T000000, start_date=20240916T030334, end_date=20240916T030335
[2024-09-16 00:03:36,062] {local_task_job.py:156} INFO - Task exited with return code 0
[2024-09-16 00:03:36,224] {local_task_job.py:273} INFO - 0 downstream tasks scheduled from follow-on schedule check
[2024-09-16 00:13:12,558] {taskinstance.py:1159} INFO - Dependencies all met for <TaskInstance: BRONZER_GET_STONCKS.BRONZE_STONCKS_AAPL scheduled__2024-01-26T00:00:00+00:00 [queued]>
[2024-09-16 00:13:12,610] {taskinstance.py:1159} INFO - Dependencies all met for <TaskInstance: BRONZER_GET_STONCKS.BRONZE_STONCKS_AAPL scheduled__2024-01-26T00:00:00+00:00 [queued]>
[2024-09-16 00:13:12,610] {taskinstance.py:1356} INFO - 
--------------------------------------------------------------------------------
[2024-09-16 00:13:12,610] {taskinstance.py:1357} INFO - Starting attempt 1 of 1
[2024-09-16 00:13:12,610] {taskinstance.py:1358} INFO - 
--------------------------------------------------------------------------------
[2024-09-16 00:13:12,688] {taskinstance.py:1377} INFO - Executing <Task(_PythonDecoratedOperator): BRONZE_STONCKS_AAPL> on 2024-01-26 00:00:00+00:00
[2024-09-16 00:13:12,704] {standard_task_runner.py:52} INFO - Started process 46026 to run task
[2024-09-16 00:13:12,737] {standard_task_runner.py:79} INFO - Running: ['airflow', 'tasks', 'run', 'BRONZER_GET_STONCKS', 'BRONZE_STONCKS_AAPL', 'scheduled__2024-01-26T00:00:00+00:00', '--job-id', '1613', '--raw', '--subdir', 'DAGS_FOLDER/get_stocks.py', '--cfg-path', '/tmp/tmpx507gslt', '--error-file', '/tmp/tmp295wy51f']
[2024-09-16 00:13:12,738] {standard_task_runner.py:80} INFO - Job 1613: Subtask BRONZE_STONCKS_AAPL
[2024-09-16 00:13:12,990] {task_command.py:370} INFO - Running <TaskInstance: BRONZER_GET_STONCKS.BRONZE_STONCKS_AAPL scheduled__2024-01-26T00:00:00+00:00 [running]> on host kaiwang.
[2024-09-16 00:13:13,365] {taskinstance.py:1569} INFO - Exporting the following env vars:
AIRFLOW_CTX_DAG_OWNER=airflow
AIRFLOW_CTX_DAG_ID=BRONZER_GET_STONCKS
AIRFLOW_CTX_TASK_ID=BRONZE_STONCKS_AAPL
AIRFLOW_CTX_EXECUTION_DATE=2024-01-26T00:00:00+00:00
AIRFLOW_CTX_TRY_NUMBER=1
AIRFLOW_CTX_DAG_RUN_ID=scheduled__2024-01-26T00:00:00+00:00
[2024-09-16 00:13:14,022] {python.py:173} INFO - Done. Returned value was: None
[2024-09-16 00:13:14,177] {taskinstance.py:1395} INFO - Marking task as SUCCESS. dag_id=BRONZER_GET_STONCKS, task_id=BRONZE_STONCKS_AAPL, execution_date=20240126T000000, start_date=20240916T031312, end_date=20240916T031314
[2024-09-16 00:13:14,274] {local_task_job.py:156} INFO - Task exited with return code 0
[2024-09-16 00:13:14,429] {local_task_job.py:273} INFO - 0 downstream tasks scheduled from follow-on schedule check
[2024-09-16 00:14:50,003] {taskinstance.py:1159} INFO - Dependencies all met for <TaskInstance: BRONZER_GET_STONCKS.BRONZE_STONCKS_AAPL scheduled__2024-01-26T00:00:00+00:00 [queued]>
[2024-09-16 00:14:50,044] {taskinstance.py:1159} INFO - Dependencies all met for <TaskInstance: BRONZER_GET_STONCKS.BRONZE_STONCKS_AAPL scheduled__2024-01-26T00:00:00+00:00 [queued]>
[2024-09-16 00:14:50,044] {taskinstance.py:1356} INFO - 
--------------------------------------------------------------------------------
[2024-09-16 00:14:50,044] {taskinstance.py:1357} INFO - Starting attempt 1 of 1
[2024-09-16 00:14:50,044] {taskinstance.py:1358} INFO - 
--------------------------------------------------------------------------------
[2024-09-16 00:14:50,105] {taskinstance.py:1377} INFO - Executing <Task(_PythonDecoratedOperator): BRONZE_STONCKS_AAPL> on 2024-01-26 00:00:00+00:00
[2024-09-16 00:14:50,115] {standard_task_runner.py:52} INFO - Started process 51635 to run task
[2024-09-16 00:14:50,145] {standard_task_runner.py:79} INFO - Running: ['airflow', 'tasks', 'run', 'BRONZER_GET_STONCKS', 'BRONZE_STONCKS_AAPL', 'scheduled__2024-01-26T00:00:00+00:00', '--job-id', '1934', '--raw', '--subdir', 'DAGS_FOLDER/get_stocks.py', '--cfg-path', '/tmp/tmpr_creljl', '--error-file', '/tmp/tmplw76zijx']
[2024-09-16 00:14:50,146] {standard_task_runner.py:80} INFO - Job 1934: Subtask BRONZE_STONCKS_AAPL
[2024-09-16 00:14:50,511] {task_command.py:370} INFO - Running <TaskInstance: BRONZER_GET_STONCKS.BRONZE_STONCKS_AAPL scheduled__2024-01-26T00:00:00+00:00 [running]> on host kaiwang.
[2024-09-16 00:14:50,897] {taskinstance.py:1569} INFO - Exporting the following env vars:
AIRFLOW_CTX_DAG_OWNER=airflow
AIRFLOW_CTX_DAG_ID=BRONZER_GET_STONCKS
AIRFLOW_CTX_TASK_ID=BRONZE_STONCKS_AAPL
AIRFLOW_CTX_EXECUTION_DATE=2024-01-26T00:00:00+00:00
AIRFLOW_CTX_TRY_NUMBER=1
AIRFLOW_CTX_DAG_RUN_ID=scheduled__2024-01-26T00:00:00+00:00
[2024-09-16 00:14:51,600] {python.py:173} INFO - Done. Returned value was: None
[2024-09-16 00:14:51,682] {taskinstance.py:1395} INFO - Marking task as SUCCESS. dag_id=BRONZER_GET_STONCKS, task_id=BRONZE_STONCKS_AAPL, execution_date=20240126T000000, start_date=20240916T031450, end_date=20240916T031451
[2024-09-16 00:14:51,740] {local_task_job.py:156} INFO - Task exited with return code 0
[2024-09-16 00:14:51,913] {local_task_job.py:273} INFO - 0 downstream tasks scheduled from follow-on schedule check
