[2024-09-16 00:05:03,841] {taskinstance.py:1159} INFO - Dependencies all met for <TaskInstance: BRONZER_GET_STONCKS.BRONZE_STONCKS_TSLA scheduled__2024-04-11T00:00:00+00:00 [queued]>
[2024-09-16 00:05:03,902] {taskinstance.py:1159} INFO - Dependencies all met for <TaskInstance: BRONZER_GET_STONCKS.BRONZE_STONCKS_TSLA scheduled__2024-04-11T00:00:00+00:00 [queued]>
[2024-09-16 00:05:03,902] {taskinstance.py:1356} INFO - 
--------------------------------------------------------------------------------
[2024-09-16 00:05:03,902] {taskinstance.py:1357} INFO - Starting attempt 1 of 1
[2024-09-16 00:05:03,902] {taskinstance.py:1358} INFO - 
--------------------------------------------------------------------------------
[2024-09-16 00:05:03,956] {taskinstance.py:1377} INFO - Executing <Task(_PythonDecoratedOperator): BRONZE_STONCKS_TSLA> on 2024-04-11 00:00:00+00:00
[2024-09-16 00:05:03,986] {standard_task_runner.py:52} INFO - Started process 27399 to run task
[2024-09-16 00:05:04,036] {standard_task_runner.py:79} INFO - Running: ['airflow', 'tasks', 'run', 'BRONZER_GET_STONCKS', 'BRONZE_STONCKS_TSLA', 'scheduled__2024-04-11T00:00:00+00:00', '--job-id', '546', '--raw', '--subdir', 'DAGS_FOLDER/get_stocks.py', '--cfg-path', '/tmp/tmp6fv8ay4y', '--error-file', '/tmp/tmpmulrqtya']
[2024-09-16 00:05:04,037] {standard_task_runner.py:80} INFO - Job 546: Subtask BRONZE_STONCKS_TSLA
[2024-09-16 00:05:04,422] {task_command.py:370} INFO - Running <TaskInstance: BRONZER_GET_STONCKS.BRONZE_STONCKS_TSLA scheduled__2024-04-11T00:00:00+00:00 [running]> on host kaiwang.
[2024-09-16 00:05:05,142] {taskinstance.py:1569} INFO - Exporting the following env vars:
AIRFLOW_CTX_DAG_OWNER=airflow
AIRFLOW_CTX_DAG_ID=BRONZER_GET_STONCKS
AIRFLOW_CTX_TASK_ID=BRONZE_STONCKS_TSLA
AIRFLOW_CTX_EXECUTION_DATE=2024-04-11T00:00:00+00:00
AIRFLOW_CTX_TRY_NUMBER=1
AIRFLOW_CTX_DAG_RUN_ID=scheduled__2024-04-11T00:00:00+00:00
[2024-09-16 00:05:05,890] {python.py:173} INFO - Done. Returned value was: None
[2024-09-16 00:05:05,960] {taskinstance.py:1395} INFO - Marking task as SUCCESS. dag_id=BRONZER_GET_STONCKS, task_id=BRONZE_STONCKS_TSLA, execution_date=20240411T000000, start_date=20240916T030503, end_date=20240916T030505
[2024-09-16 00:05:06,056] {local_task_job.py:156} INFO - Task exited with return code 0
[2024-09-16 00:05:06,202] {local_task_job.py:273} INFO - 0 downstream tasks scheduled from follow-on schedule check
[2024-09-16 00:16:08,318] {taskinstance.py:1159} INFO - Dependencies all met for <TaskInstance: BRONZER_GET_STONCKS.BRONZE_STONCKS_TSLA scheduled__2024-04-11T00:00:00+00:00 [queued]>
[2024-09-16 00:16:08,330] {taskinstance.py:1159} INFO - Dependencies all met for <TaskInstance: BRONZER_GET_STONCKS.BRONZE_STONCKS_TSLA scheduled__2024-04-11T00:00:00+00:00 [queued]>
[2024-09-16 00:16:08,330] {taskinstance.py:1356} INFO - 
--------------------------------------------------------------------------------
[2024-09-16 00:16:08,330] {taskinstance.py:1357} INFO - Starting attempt 1 of 1
[2024-09-16 00:16:08,330] {taskinstance.py:1358} INFO - 
--------------------------------------------------------------------------------
[2024-09-16 00:16:08,346] {taskinstance.py:1377} INFO - Executing <Task(_PythonDecoratedOperator): BRONZE_STONCKS_TSLA> on 2024-04-11 00:00:00+00:00
[2024-09-16 00:16:08,351] {standard_task_runner.py:52} INFO - Started process 58155 to run task
[2024-09-16 00:16:08,355] {standard_task_runner.py:79} INFO - Running: ['airflow', 'tasks', 'run', 'BRONZER_GET_STONCKS', 'BRONZE_STONCKS_TSLA', 'scheduled__2024-04-11T00:00:00+00:00', '--job-id', '2317', '--raw', '--subdir', 'DAGS_FOLDER/get_stocks.py', '--cfg-path', '/tmp/tmpyumeedcv', '--error-file', '/tmp/tmpnt1pmv9w']
[2024-09-16 00:16:08,356] {standard_task_runner.py:80} INFO - Job 2317: Subtask BRONZE_STONCKS_TSLA
[2024-09-16 00:16:08,510] {task_command.py:370} INFO - Running <TaskInstance: BRONZER_GET_STONCKS.BRONZE_STONCKS_TSLA scheduled__2024-04-11T00:00:00+00:00 [running]> on host kaiwang.
[2024-09-16 00:16:08,694] {taskinstance.py:1569} INFO - Exporting the following env vars:
AIRFLOW_CTX_DAG_OWNER=airflow
AIRFLOW_CTX_DAG_ID=BRONZER_GET_STONCKS
AIRFLOW_CTX_TASK_ID=BRONZE_STONCKS_TSLA
AIRFLOW_CTX_EXECUTION_DATE=2024-04-11T00:00:00+00:00
AIRFLOW_CTX_TRY_NUMBER=1
AIRFLOW_CTX_DAG_RUN_ID=scheduled__2024-04-11T00:00:00+00:00
[2024-09-16 00:16:09,238] {python.py:173} INFO - Done. Returned value was: None
[2024-09-16 00:16:09,255] {taskinstance.py:1395} INFO - Marking task as SUCCESS. dag_id=BRONZER_GET_STONCKS, task_id=BRONZE_STONCKS_TSLA, execution_date=20240411T000000, start_date=20240916T031608, end_date=20240916T031609
[2024-09-16 00:16:09,298] {local_task_job.py:156} INFO - Task exited with return code 0
[2024-09-16 00:16:09,365] {local_task_job.py:273} INFO - 0 downstream tasks scheduled from follow-on schedule check
