[2024-09-16 00:08:18,796] {taskinstance.py:1159} INFO - Dependencies all met for <TaskInstance: BRONZER_GET_CRIPTOS.BRONZE_CRIPTO_BTC scheduled__2024-09-04T00:00:00+00:00 [queued]>
[2024-09-16 00:08:18,809] {taskinstance.py:1159} INFO - Dependencies all met for <TaskInstance: BRONZER_GET_CRIPTOS.BRONZE_CRIPTO_BTC scheduled__2024-09-04T00:00:00+00:00 [queued]>
[2024-09-16 00:08:18,809] {taskinstance.py:1356} INFO - 
--------------------------------------------------------------------------------
[2024-09-16 00:08:18,809] {taskinstance.py:1357} INFO - Starting attempt 1 of 1
[2024-09-16 00:08:18,810] {taskinstance.py:1358} INFO - 
--------------------------------------------------------------------------------
[2024-09-16 00:08:18,833] {taskinstance.py:1377} INFO - Executing <Task(_PythonDecoratedOperator): BRONZE_CRIPTO_BTC> on 2024-09-04 00:00:00+00:00
[2024-09-16 00:08:18,838] {standard_task_runner.py:52} INFO - Started process 42843 to run task
[2024-09-16 00:08:18,843] {standard_task_runner.py:79} INFO - Running: ['airflow', 'tasks', 'run', 'BRONZER_GET_CRIPTOS', 'BRONZE_CRIPTO_BTC', 'scheduled__2024-09-04T00:00:00+00:00', '--job-id', '1446', '--raw', '--subdir', 'DAGS_FOLDER/get_cripto.py', '--cfg-path', '/tmp/tmp1btujksw', '--error-file', '/tmp/tmpwx7lxe5g']
[2024-09-16 00:08:18,845] {standard_task_runner.py:80} INFO - Job 1446: Subtask BRONZE_CRIPTO_BTC
[2024-09-16 00:08:19,051] {task_command.py:370} INFO - Running <TaskInstance: BRONZER_GET_CRIPTOS.BRONZE_CRIPTO_BTC scheduled__2024-09-04T00:00:00+00:00 [running]> on host kaiwang.
[2024-09-16 00:08:19,305] {taskinstance.py:1569} INFO - Exporting the following env vars:
AIRFLOW_CTX_DAG_OWNER=airflow
AIRFLOW_CTX_DAG_ID=BRONZER_GET_CRIPTOS
AIRFLOW_CTX_TASK_ID=BRONZE_CRIPTO_BTC
AIRFLOW_CTX_EXECUTION_DATE=2024-09-04T00:00:00+00:00
AIRFLOW_CTX_TRY_NUMBER=1
AIRFLOW_CTX_DAG_RUN_ID=scheduled__2024-09-04T00:00:00+00:00
[2024-09-16 00:08:19,901] {python.py:173} INFO - Done. Returned value was: None
[2024-09-16 00:08:19,954] {taskinstance.py:1395} INFO - Marking task as SUCCESS. dag_id=BRONZER_GET_CRIPTOS, task_id=BRONZE_CRIPTO_BTC, execution_date=20240904T000000, start_date=20240916T030818, end_date=20240916T030819
[2024-09-16 00:08:19,991] {local_task_job.py:156} INFO - Task exited with return code 0
[2024-09-16 00:08:20,090] {local_task_job.py:273} INFO - 0 downstream tasks scheduled from follow-on schedule check
[2024-09-16 13:56:43,313] {taskinstance.py:1159} INFO - Dependencies all met for <TaskInstance: BRONZER_GET_CRIPTOS.BRONZE_CRIPTO_BTC scheduled__2024-09-04T00:00:00+00:00 [queued]>
[2024-09-16 13:56:43,331] {taskinstance.py:1159} INFO - Dependencies all met for <TaskInstance: BRONZER_GET_CRIPTOS.BRONZE_CRIPTO_BTC scheduled__2024-09-04T00:00:00+00:00 [queued]>
[2024-09-16 13:56:43,332] {taskinstance.py:1356} INFO - 
--------------------------------------------------------------------------------
[2024-09-16 13:56:43,332] {taskinstance.py:1357} INFO - Starting attempt 1 of 1
[2024-09-16 13:56:43,332] {taskinstance.py:1358} INFO - 
--------------------------------------------------------------------------------
[2024-09-16 13:56:43,364] {taskinstance.py:1377} INFO - Executing <Task(_PythonDecoratedOperator): BRONZE_CRIPTO_BTC> on 2024-09-04 00:00:00+00:00
[2024-09-16 13:56:43,370] {standard_task_runner.py:52} INFO - Started process 140355 to run task
[2024-09-16 13:56:43,388] {standard_task_runner.py:79} INFO - Running: ['airflow', 'tasks', 'run', 'BRONZER_GET_CRIPTOS', 'BRONZE_CRIPTO_BTC', 'scheduled__2024-09-04T00:00:00+00:00', '--job-id', '2645', '--raw', '--subdir', 'DAGS_FOLDER/get_cripto.py', '--cfg-path', '/tmp/tmph_rn4pih', '--error-file', '/tmp/tmpk507l8b5']
[2024-09-16 13:56:43,389] {standard_task_runner.py:80} INFO - Job 2645: Subtask BRONZE_CRIPTO_BTC
[2024-09-16 13:56:43,552] {task_command.py:370} INFO - Running <TaskInstance: BRONZER_GET_CRIPTOS.BRONZE_CRIPTO_BTC scheduled__2024-09-04T00:00:00+00:00 [running]> on host kaiwang.
[2024-09-16 13:56:43,885] {taskinstance.py:1569} INFO - Exporting the following env vars:
AIRFLOW_CTX_DAG_OWNER=airflow
AIRFLOW_CTX_DAG_ID=BRONZER_GET_CRIPTOS
AIRFLOW_CTX_TASK_ID=BRONZE_CRIPTO_BTC
AIRFLOW_CTX_EXECUTION_DATE=2024-09-04T00:00:00+00:00
AIRFLOW_CTX_TRY_NUMBER=1
AIRFLOW_CTX_DAG_RUN_ID=scheduled__2024-09-04T00:00:00+00:00
[2024-09-16 13:56:45,205] {python.py:173} INFO - Done. Returned value was: None
[2024-09-16 13:56:45,221] {taskinstance.py:1395} INFO - Marking task as SUCCESS. dag_id=BRONZER_GET_CRIPTOS, task_id=BRONZE_CRIPTO_BTC, execution_date=20240904T000000, start_date=20240916T165643, end_date=20240916T165645
[2024-09-16 13:56:45,244] {local_task_job.py:156} INFO - Task exited with return code 0
[2024-09-16 13:56:45,276] {local_task_job.py:273} INFO - 0 downstream tasks scheduled from follow-on schedule check
