[2024-09-16 00:04:06,424] {taskinstance.py:1159} INFO - Dependencies all met for <TaskInstance: BRONZER_GET_STONCKS.BRONZE_STONCKS_MSFT scheduled__2024-02-21T00:00:00+00:00 [queued]>
[2024-09-16 00:04:06,462] {taskinstance.py:1159} INFO - Dependencies all met for <TaskInstance: BRONZER_GET_STONCKS.BRONZE_STONCKS_MSFT scheduled__2024-02-21T00:00:00+00:00 [queued]>
[2024-09-16 00:04:06,462] {taskinstance.py:1356} INFO - 
--------------------------------------------------------------------------------
[2024-09-16 00:04:06,463] {taskinstance.py:1357} INFO - Starting attempt 1 of 1
[2024-09-16 00:04:06,463] {taskinstance.py:1358} INFO - 
--------------------------------------------------------------------------------
[2024-09-16 00:04:06,536] {taskinstance.py:1377} INFO - Executing <Task(_PythonDecoratedOperator): BRONZE_STONCKS_MSFT> on 2024-02-21 00:00:00+00:00
[2024-09-16 00:04:06,545] {standard_task_runner.py:52} INFO - Started process 22958 to run task
[2024-09-16 00:04:06,584] {standard_task_runner.py:79} INFO - Running: ['airflow', 'tasks', 'run', 'BRONZER_GET_STONCKS', 'BRONZE_STONCKS_MSFT', 'scheduled__2024-02-21T00:00:00+00:00', '--job-id', '291', '--raw', '--subdir', 'DAGS_FOLDER/get_stocks.py', '--cfg-path', '/tmp/tmp0lesovo4', '--error-file', '/tmp/tmpd3b8ipqr']
[2024-09-16 00:04:06,586] {standard_task_runner.py:80} INFO - Job 291: Subtask BRONZE_STONCKS_MSFT
[2024-09-16 00:04:06,923] {task_command.py:370} INFO - Running <TaskInstance: BRONZER_GET_STONCKS.BRONZE_STONCKS_MSFT scheduled__2024-02-21T00:00:00+00:00 [running]> on host kaiwang.
[2024-09-16 00:04:07,241] {taskinstance.py:1569} INFO - Exporting the following env vars:
AIRFLOW_CTX_DAG_OWNER=airflow
AIRFLOW_CTX_DAG_ID=BRONZER_GET_STONCKS
AIRFLOW_CTX_TASK_ID=BRONZE_STONCKS_MSFT
AIRFLOW_CTX_EXECUTION_DATE=2024-02-21T00:00:00+00:00
AIRFLOW_CTX_TRY_NUMBER=1
AIRFLOW_CTX_DAG_RUN_ID=scheduled__2024-02-21T00:00:00+00:00
[2024-09-16 00:04:08,125] {python.py:173} INFO - Done. Returned value was: None
[2024-09-16 00:04:08,222] {taskinstance.py:1395} INFO - Marking task as SUCCESS. dag_id=BRONZER_GET_STONCKS, task_id=BRONZE_STONCKS_MSFT, execution_date=20240221T000000, start_date=20240916T030406, end_date=20240916T030408
[2024-09-16 00:04:08,326] {local_task_job.py:156} INFO - Task exited with return code 0
[2024-09-16 00:04:08,712] {local_task_job.py:273} INFO - 0 downstream tasks scheduled from follow-on schedule check
[2024-09-16 00:13:41,732] {taskinstance.py:1159} INFO - Dependencies all met for <TaskInstance: BRONZER_GET_STONCKS.BRONZE_STONCKS_MSFT scheduled__2024-02-21T00:00:00+00:00 [queued]>
[2024-09-16 00:13:41,783] {taskinstance.py:1159} INFO - Dependencies all met for <TaskInstance: BRONZER_GET_STONCKS.BRONZE_STONCKS_MSFT scheduled__2024-02-21T00:00:00+00:00 [queued]>
[2024-09-16 00:13:41,783] {taskinstance.py:1356} INFO - 
--------------------------------------------------------------------------------
[2024-09-16 00:13:41,783] {taskinstance.py:1357} INFO - Starting attempt 1 of 1
[2024-09-16 00:13:41,783] {taskinstance.py:1358} INFO - 
--------------------------------------------------------------------------------
[2024-09-16 00:13:41,852] {taskinstance.py:1377} INFO - Executing <Task(_PythonDecoratedOperator): BRONZE_STONCKS_MSFT> on 2024-02-21 00:00:00+00:00
[2024-09-16 00:13:41,858] {standard_task_runner.py:52} INFO - Started process 48430 to run task
[2024-09-16 00:13:41,878] {standard_task_runner.py:79} INFO - Running: ['airflow', 'tasks', 'run', 'BRONZER_GET_STONCKS', 'BRONZE_STONCKS_MSFT', 'scheduled__2024-02-21T00:00:00+00:00', '--job-id', '1755', '--raw', '--subdir', 'DAGS_FOLDER/get_stocks.py', '--cfg-path', '/tmp/tmpv_a6q1va', '--error-file', '/tmp/tmpg6bitik_']
[2024-09-16 00:13:41,879] {standard_task_runner.py:80} INFO - Job 1755: Subtask BRONZE_STONCKS_MSFT
[2024-09-16 00:13:42,193] {task_command.py:370} INFO - Running <TaskInstance: BRONZER_GET_STONCKS.BRONZE_STONCKS_MSFT scheduled__2024-02-21T00:00:00+00:00 [running]> on host kaiwang.
[2024-09-16 00:13:42,432] {taskinstance.py:1569} INFO - Exporting the following env vars:
AIRFLOW_CTX_DAG_OWNER=airflow
AIRFLOW_CTX_DAG_ID=BRONZER_GET_STONCKS
AIRFLOW_CTX_TASK_ID=BRONZE_STONCKS_MSFT
AIRFLOW_CTX_EXECUTION_DATE=2024-02-21T00:00:00+00:00
AIRFLOW_CTX_TRY_NUMBER=1
AIRFLOW_CTX_DAG_RUN_ID=scheduled__2024-02-21T00:00:00+00:00
[2024-09-16 00:13:43,086] {python.py:173} INFO - Done. Returned value was: None
[2024-09-16 00:13:43,115] {taskinstance.py:1395} INFO - Marking task as SUCCESS. dag_id=BRONZER_GET_STONCKS, task_id=BRONZE_STONCKS_MSFT, execution_date=20240221T000000, start_date=20240916T031341, end_date=20240916T031343
[2024-09-16 00:13:43,170] {local_task_job.py:156} INFO - Task exited with return code 0
[2024-09-16 00:13:43,519] {local_task_job.py:273} INFO - 0 downstream tasks scheduled from follow-on schedule check
[2024-09-16 00:15:13,594] {taskinstance.py:1159} INFO - Dependencies all met for <TaskInstance: BRONZER_GET_STONCKS.BRONZE_STONCKS_MSFT scheduled__2024-02-21T00:00:00+00:00 [queued]>
[2024-09-16 00:15:13,622] {taskinstance.py:1159} INFO - Dependencies all met for <TaskInstance: BRONZER_GET_STONCKS.BRONZE_STONCKS_MSFT scheduled__2024-02-21T00:00:00+00:00 [queued]>
[2024-09-16 00:15:13,623] {taskinstance.py:1356} INFO - 
--------------------------------------------------------------------------------
[2024-09-16 00:15:13,623] {taskinstance.py:1357} INFO - Starting attempt 1 of 1
[2024-09-16 00:15:13,623] {taskinstance.py:1358} INFO - 
--------------------------------------------------------------------------------
[2024-09-16 00:15:13,652] {taskinstance.py:1377} INFO - Executing <Task(_PythonDecoratedOperator): BRONZE_STONCKS_MSFT> on 2024-02-21 00:00:00+00:00
[2024-09-16 00:15:13,660] {standard_task_runner.py:52} INFO - Started process 53655 to run task
[2024-09-16 00:15:13,676] {standard_task_runner.py:79} INFO - Running: ['airflow', 'tasks', 'run', 'BRONZER_GET_STONCKS', 'BRONZE_STONCKS_MSFT', 'scheduled__2024-02-21T00:00:00+00:00', '--job-id', '2054', '--raw', '--subdir', 'DAGS_FOLDER/get_stocks.py', '--cfg-path', '/tmp/tmpyler8j6q', '--error-file', '/tmp/tmpxp6hcjfw']
[2024-09-16 00:15:13,691] {standard_task_runner.py:80} INFO - Job 2054: Subtask BRONZE_STONCKS_MSFT
[2024-09-16 00:15:13,832] {task_command.py:370} INFO - Running <TaskInstance: BRONZER_GET_STONCKS.BRONZE_STONCKS_MSFT scheduled__2024-02-21T00:00:00+00:00 [running]> on host kaiwang.
[2024-09-16 00:15:14,030] {taskinstance.py:1569} INFO - Exporting the following env vars:
AIRFLOW_CTX_DAG_OWNER=airflow
AIRFLOW_CTX_DAG_ID=BRONZER_GET_STONCKS
AIRFLOW_CTX_TASK_ID=BRONZE_STONCKS_MSFT
AIRFLOW_CTX_EXECUTION_DATE=2024-02-21T00:00:00+00:00
AIRFLOW_CTX_TRY_NUMBER=1
AIRFLOW_CTX_DAG_RUN_ID=scheduled__2024-02-21T00:00:00+00:00
[2024-09-16 00:15:14,688] {python.py:173} INFO - Done. Returned value was: None
[2024-09-16 00:15:14,834] {taskinstance.py:1395} INFO - Marking task as SUCCESS. dag_id=BRONZER_GET_STONCKS, task_id=BRONZE_STONCKS_MSFT, execution_date=20240221T000000, start_date=20240916T031513, end_date=20240916T031514
[2024-09-16 00:15:14,917] {local_task_job.py:156} INFO - Task exited with return code 0
[2024-09-16 00:15:15,114] {local_task_job.py:273} INFO - 0 downstream tasks scheduled from follow-on schedule check
