[2024-09-16 00:07:37,380] {taskinstance.py:1159} INFO - Dependencies all met for <TaskInstance: BRONZER_GET_STONCKS.BRONZE_STONCKS_MSFT scheduled__2024-09-03T00:00:00+00:00 [queued]>
[2024-09-16 00:07:37,399] {taskinstance.py:1159} INFO - Dependencies all met for <TaskInstance: BRONZER_GET_STONCKS.BRONZE_STONCKS_MSFT scheduled__2024-09-03T00:00:00+00:00 [queued]>
[2024-09-16 00:07:37,399] {taskinstance.py:1356} INFO - 
--------------------------------------------------------------------------------
[2024-09-16 00:07:37,399] {taskinstance.py:1357} INFO - Starting attempt 1 of 1
[2024-09-16 00:07:37,399] {taskinstance.py:1358} INFO - 
--------------------------------------------------------------------------------
[2024-09-16 00:07:37,491] {taskinstance.py:1377} INFO - Executing <Task(_PythonDecoratedOperator): BRONZE_STONCKS_MSFT> on 2024-09-03 00:00:00+00:00
[2024-09-16 00:07:37,496] {standard_task_runner.py:52} INFO - Started process 40058 to run task
[2024-09-16 00:07:37,542] {standard_task_runner.py:79} INFO - Running: ['airflow', 'tasks', 'run', 'BRONZER_GET_STONCKS', 'BRONZE_STONCKS_MSFT', 'scheduled__2024-09-03T00:00:00+00:00', '--job-id', '1284', '--raw', '--subdir', 'DAGS_FOLDER/get_stocks.py', '--cfg-path', '/tmp/tmp2d571ukq', '--error-file', '/tmp/tmpg3_gcyyj']
[2024-09-16 00:07:37,543] {standard_task_runner.py:80} INFO - Job 1284: Subtask BRONZE_STONCKS_MSFT
[2024-09-16 00:07:37,780] {task_command.py:370} INFO - Running <TaskInstance: BRONZER_GET_STONCKS.BRONZE_STONCKS_MSFT scheduled__2024-09-03T00:00:00+00:00 [running]> on host kaiwang.
[2024-09-16 00:07:37,987] {taskinstance.py:1569} INFO - Exporting the following env vars:
AIRFLOW_CTX_DAG_OWNER=airflow
AIRFLOW_CTX_DAG_ID=BRONZER_GET_STONCKS
AIRFLOW_CTX_TASK_ID=BRONZE_STONCKS_MSFT
AIRFLOW_CTX_EXECUTION_DATE=2024-09-03T00:00:00+00:00
AIRFLOW_CTX_TRY_NUMBER=1
AIRFLOW_CTX_DAG_RUN_ID=scheduled__2024-09-03T00:00:00+00:00
[2024-09-16 00:07:38,568] {history.py:244} ERROR - $MSFT: possibly delisted; no price data found  (1h 2024-08-31 -> 2024-09-03)
[2024-09-16 00:07:38,572] {python.py:173} INFO - Done. Returned value was: None
[2024-09-16 00:07:38,606] {taskinstance.py:1395} INFO - Marking task as SUCCESS. dag_id=BRONZER_GET_STONCKS, task_id=BRONZE_STONCKS_MSFT, execution_date=20240903T000000, start_date=20240916T030737, end_date=20240916T030738
[2024-09-16 00:07:38,642] {local_task_job.py:156} INFO - Task exited with return code 0
[2024-09-16 00:07:38,724] {local_task_job.py:273} INFO - 0 downstream tasks scheduled from follow-on schedule check
[2024-09-16 13:56:34,854] {taskinstance.py:1159} INFO - Dependencies all met for <TaskInstance: BRONZER_GET_STONCKS.BRONZE_STONCKS_MSFT scheduled__2024-09-03T00:00:00+00:00 [queued]>
[2024-09-16 13:56:34,870] {taskinstance.py:1159} INFO - Dependencies all met for <TaskInstance: BRONZER_GET_STONCKS.BRONZE_STONCKS_MSFT scheduled__2024-09-03T00:00:00+00:00 [queued]>
[2024-09-16 13:56:34,870] {taskinstance.py:1356} INFO - 
--------------------------------------------------------------------------------
[2024-09-16 13:56:34,870] {taskinstance.py:1357} INFO - Starting attempt 1 of 1
[2024-09-16 13:56:34,870] {taskinstance.py:1358} INFO - 
--------------------------------------------------------------------------------
[2024-09-16 13:56:34,899] {taskinstance.py:1377} INFO - Executing <Task(_PythonDecoratedOperator): BRONZE_STONCKS_MSFT> on 2024-09-03 00:00:00+00:00
[2024-09-16 13:56:34,907] {standard_task_runner.py:52} INFO - Started process 139719 to run task
[2024-09-16 13:56:34,916] {standard_task_runner.py:79} INFO - Running: ['airflow', 'tasks', 'run', 'BRONZER_GET_STONCKS', 'BRONZE_STONCKS_MSFT', 'scheduled__2024-09-03T00:00:00+00:00', '--job-id', '2615', '--raw', '--subdir', 'DAGS_FOLDER/get_stocks.py', '--cfg-path', '/tmp/tmpkg3vl6nk', '--error-file', '/tmp/tmpeb5xduia']
[2024-09-16 13:56:34,917] {standard_task_runner.py:80} INFO - Job 2615: Subtask BRONZE_STONCKS_MSFT
[2024-09-16 13:56:35,039] {task_command.py:370} INFO - Running <TaskInstance: BRONZER_GET_STONCKS.BRONZE_STONCKS_MSFT scheduled__2024-09-03T00:00:00+00:00 [running]> on host kaiwang.
[2024-09-16 13:56:35,385] {taskinstance.py:1569} INFO - Exporting the following env vars:
AIRFLOW_CTX_DAG_OWNER=airflow
AIRFLOW_CTX_DAG_ID=BRONZER_GET_STONCKS
AIRFLOW_CTX_TASK_ID=BRONZE_STONCKS_MSFT
AIRFLOW_CTX_EXECUTION_DATE=2024-09-03T00:00:00+00:00
AIRFLOW_CTX_TRY_NUMBER=1
AIRFLOW_CTX_DAG_RUN_ID=scheduled__2024-09-03T00:00:00+00:00
[2024-09-16 13:56:35,880] {history.py:244} ERROR - $MSFT: possibly delisted; no price data found  (1h 2024-08-31 -> 2024-09-03)
[2024-09-16 13:56:35,882] {python.py:173} INFO - Done. Returned value was: None
[2024-09-16 13:56:35,897] {taskinstance.py:1395} INFO - Marking task as SUCCESS. dag_id=BRONZER_GET_STONCKS, task_id=BRONZE_STONCKS_MSFT, execution_date=20240903T000000, start_date=20240916T165634, end_date=20240916T165635
[2024-09-16 13:56:35,930] {local_task_job.py:156} INFO - Task exited with return code 0
[2024-09-16 13:56:35,966] {local_task_job.py:273} INFO - 0 downstream tasks scheduled from follow-on schedule check
