[2024-09-15 20:03:49,033] {taskinstance.py:1159} INFO - Dependencies all met for <TaskInstance: BRONZER_GET_STONCKS.BRONZE_MSFT scheduled__2024-01-11T00:00:00+00:00 [queued]>
[2024-09-15 20:03:49,038] {taskinstance.py:1159} INFO - Dependencies all met for <TaskInstance: BRONZER_GET_STONCKS.BRONZE_MSFT scheduled__2024-01-11T00:00:00+00:00 [queued]>
[2024-09-15 20:03:49,038] {taskinstance.py:1356} INFO - 
--------------------------------------------------------------------------------
[2024-09-15 20:03:49,038] {taskinstance.py:1357} INFO - Starting attempt 1 of 1
[2024-09-15 20:03:49,038] {taskinstance.py:1358} INFO - 
--------------------------------------------------------------------------------
[2024-09-15 20:03:49,048] {taskinstance.py:1377} INFO - Executing <Task(_PythonDecoratedOperator): BRONZE_MSFT> on 2024-01-11 00:00:00+00:00
[2024-09-15 20:03:49,051] {standard_task_runner.py:52} INFO - Started process 11386 to run task
[2024-09-15 20:03:49,053] {standard_task_runner.py:79} INFO - Running: ['airflow', 'tasks', 'run', 'BRONZER_GET_STONCKS', 'BRONZE_MSFT', 'scheduled__2024-01-11T00:00:00+00:00', '--job-id', '38', '--raw', '--subdir', 'DAGS_FOLDER/get_stocks.py', '--cfg-path', '/tmp/tmptni45376', '--error-file', '/tmp/tmpvszhc2ln']
[2024-09-15 20:03:49,054] {standard_task_runner.py:80} INFO - Job 38: Subtask BRONZE_MSFT
[2024-09-15 20:03:49,084] {task_command.py:370} INFO - Running <TaskInstance: BRONZER_GET_STONCKS.BRONZE_MSFT scheduled__2024-01-11T00:00:00+00:00 [running]> on host kaiwang.
[2024-09-15 20:03:49,124] {taskinstance.py:1569} INFO - Exporting the following env vars:
AIRFLOW_CTX_DAG_OWNER=airflow
AIRFLOW_CTX_DAG_ID=BRONZER_GET_STONCKS
AIRFLOW_CTX_TASK_ID=BRONZE_MSFT
AIRFLOW_CTX_EXECUTION_DATE=2024-01-11T00:00:00+00:00
AIRFLOW_CTX_TRY_NUMBER=1
AIRFLOW_CTX_DAG_RUN_ID=scheduled__2024-01-11T00:00:00+00:00
[2024-09-15 20:03:49,125] {taskinstance.py:1889} ERROR - Task failed with exception
Traceback (most recent call last):
  File "/usr/lib/python3.10/pathlib.py", line 1175, in mkdir
    self._accessor.mkdir(self, mode)
FileNotFoundError: [Errno 2] No such file or directory: '/datalake/MSFT'

During handling of the above exception, another exception occurred:

Traceback (most recent call last):
  File "/home/kaiwang/Documents/airflow_celeby/venv/lib/python3.10/site-packages/airflow/decorators/base.py", line 179, in execute
    return_value = super().execute(context)
  File "/home/kaiwang/Documents/airflow_celeby/venv/lib/python3.10/site-packages/airflow/operators/python.py", line 171, in execute
    return_value = self.execute_callable()
  File "/home/kaiwang/Documents/airflow_celeby/venv/lib/python3.10/site-packages/airflow/operators/python.py", line 189, in execute_callable
    return self.python_callable(*self.op_args, **self.op_kwargs)
  File "/home/kaiwang/Documents/airflow_celeby/dags/get_stocks.py", line 21, in get_history
    (Path(file_path).parent).mkdir(parents=True, exist_ok=True)
  File "/usr/lib/python3.10/pathlib.py", line 1179, in mkdir
    self.parent.mkdir(parents=True, exist_ok=True)
  File "/usr/lib/python3.10/pathlib.py", line 1175, in mkdir
    self._accessor.mkdir(self, mode)
PermissionError: [Errno 13] Permission denied: '/datalake'
[2024-09-15 20:03:49,128] {taskinstance.py:1395} INFO - Marking task as FAILED. dag_id=BRONZER_GET_STONCKS, task_id=BRONZE_MSFT, execution_date=20240111T000000, start_date=20240915T230349, end_date=20240915T230349
[2024-09-15 20:03:49,136] {standard_task_runner.py:92} ERROR - Failed to execute job 38 for task BRONZE_MSFT ([Errno 13] Permission denied: '/datalake'; 11386)
[2024-09-15 20:03:49,146] {local_task_job.py:156} INFO - Task exited with return code 1
[2024-09-15 20:03:49,158] {local_task_job.py:273} INFO - 0 downstream tasks scheduled from follow-on schedule check
[2024-09-15 20:06:33,847] {taskinstance.py:1159} INFO - Dependencies all met for <TaskInstance: BRONZER_GET_STONCKS.BRONZE_MSFT scheduled__2024-01-11T00:00:00+00:00 [queued]>
[2024-09-15 20:06:33,851] {taskinstance.py:1159} INFO - Dependencies all met for <TaskInstance: BRONZER_GET_STONCKS.BRONZE_MSFT scheduled__2024-01-11T00:00:00+00:00 [queued]>
[2024-09-15 20:06:33,852] {taskinstance.py:1356} INFO - 
--------------------------------------------------------------------------------
[2024-09-15 20:06:33,852] {taskinstance.py:1357} INFO - Starting attempt 1 of 1
[2024-09-15 20:06:33,852] {taskinstance.py:1358} INFO - 
--------------------------------------------------------------------------------
[2024-09-15 20:06:33,861] {taskinstance.py:1377} INFO - Executing <Task(_PythonDecoratedOperator): BRONZE_MSFT> on 2024-01-11 00:00:00+00:00
[2024-09-15 20:06:33,863] {standard_task_runner.py:52} INFO - Started process 12096 to run task
[2024-09-15 20:06:33,866] {standard_task_runner.py:79} INFO - Running: ['airflow', 'tasks', 'run', 'BRONZER_GET_STONCKS', 'BRONZE_MSFT', 'scheduled__2024-01-11T00:00:00+00:00', '--job-id', '40', '--raw', '--subdir', 'DAGS_FOLDER/get_stocks.py', '--cfg-path', '/tmp/tmp9cu699a_', '--error-file', '/tmp/tmpx00jh60i']
[2024-09-15 20:06:33,866] {standard_task_runner.py:80} INFO - Job 40: Subtask BRONZE_MSFT
[2024-09-15 20:06:33,894] {task_command.py:370} INFO - Running <TaskInstance: BRONZER_GET_STONCKS.BRONZE_MSFT scheduled__2024-01-11T00:00:00+00:00 [running]> on host kaiwang.
[2024-09-15 20:06:33,929] {taskinstance.py:1569} INFO - Exporting the following env vars:
AIRFLOW_CTX_DAG_OWNER=airflow
AIRFLOW_CTX_DAG_ID=BRONZER_GET_STONCKS
AIRFLOW_CTX_TASK_ID=BRONZE_MSFT
AIRFLOW_CTX_EXECUTION_DATE=2024-01-11T00:00:00+00:00
AIRFLOW_CTX_TRY_NUMBER=1
AIRFLOW_CTX_DAG_RUN_ID=scheduled__2024-01-11T00:00:00+00:00
[2024-09-15 20:06:33,930] {taskinstance.py:1889} ERROR - Task failed with exception
Traceback (most recent call last):
  File "/usr/lib/python3.10/pathlib.py", line 1175, in mkdir
    self._accessor.mkdir(self, mode)
FileNotFoundError: [Errno 2] No such file or directory: '/datalake/MSFT'

During handling of the above exception, another exception occurred:

Traceback (most recent call last):
  File "/home/kaiwang/Documents/airflow_celeby/venv/lib/python3.10/site-packages/airflow/decorators/base.py", line 179, in execute
    return_value = super().execute(context)
  File "/home/kaiwang/Documents/airflow_celeby/venv/lib/python3.10/site-packages/airflow/operators/python.py", line 171, in execute
    return_value = self.execute_callable()
  File "/home/kaiwang/Documents/airflow_celeby/venv/lib/python3.10/site-packages/airflow/operators/python.py", line 189, in execute_callable
    return self.python_callable(*self.op_args, **self.op_kwargs)
  File "/home/kaiwang/Documents/airflow_celeby/dags/get_stocks.py", line 21, in get_history
    (Path(file_path).parent).mkdir(parents=True, exist_ok=True)
  File "/usr/lib/python3.10/pathlib.py", line 1179, in mkdir
    self.parent.mkdir(parents=True, exist_ok=True)
  File "/usr/lib/python3.10/pathlib.py", line 1175, in mkdir
    self._accessor.mkdir(self, mode)
PermissionError: [Errno 13] Permission denied: '/datalake'
[2024-09-15 20:06:33,932] {taskinstance.py:1395} INFO - Marking task as FAILED. dag_id=BRONZER_GET_STONCKS, task_id=BRONZE_MSFT, execution_date=20240111T000000, start_date=20240915T230633, end_date=20240915T230633
[2024-09-15 20:06:33,941] {standard_task_runner.py:92} ERROR - Failed to execute job 40 for task BRONZE_MSFT ([Errno 13] Permission denied: '/datalake'; 12096)
[2024-09-15 20:06:33,958] {local_task_job.py:156} INFO - Task exited with return code 1
[2024-09-15 20:06:33,980] {local_task_job.py:273} INFO - 0 downstream tasks scheduled from follow-on schedule check
[2024-09-15 20:10:00,339] {taskinstance.py:1159} INFO - Dependencies all met for <TaskInstance: BRONZER_GET_STONCKS.BRONZE_MSFT scheduled__2024-01-11T00:00:00+00:00 [queued]>
[2024-09-15 20:10:00,344] {taskinstance.py:1159} INFO - Dependencies all met for <TaskInstance: BRONZER_GET_STONCKS.BRONZE_MSFT scheduled__2024-01-11T00:00:00+00:00 [queued]>
[2024-09-15 20:10:00,344] {taskinstance.py:1356} INFO - 
--------------------------------------------------------------------------------
[2024-09-15 20:10:00,344] {taskinstance.py:1357} INFO - Starting attempt 1 of 1
[2024-09-15 20:10:00,344] {taskinstance.py:1358} INFO - 
--------------------------------------------------------------------------------
[2024-09-15 20:10:00,354] {taskinstance.py:1377} INFO - Executing <Task(_PythonDecoratedOperator): BRONZE_MSFT> on 2024-01-11 00:00:00+00:00
[2024-09-15 20:10:00,357] {standard_task_runner.py:52} INFO - Started process 12692 to run task
[2024-09-15 20:10:00,359] {standard_task_runner.py:79} INFO - Running: ['airflow', 'tasks', 'run', 'BRONZER_GET_STONCKS', 'BRONZE_MSFT', 'scheduled__2024-01-11T00:00:00+00:00', '--job-id', '89', '--raw', '--subdir', 'DAGS_FOLDER/get_stocks.py', '--cfg-path', '/tmp/tmpebpxms3r', '--error-file', '/tmp/tmp6gdsyu7a']
[2024-09-15 20:10:00,360] {standard_task_runner.py:80} INFO - Job 89: Subtask BRONZE_MSFT
[2024-09-15 20:10:00,387] {task_command.py:370} INFO - Running <TaskInstance: BRONZER_GET_STONCKS.BRONZE_MSFT scheduled__2024-01-11T00:00:00+00:00 [running]> on host kaiwang.
[2024-09-15 20:10:00,425] {taskinstance.py:1569} INFO - Exporting the following env vars:
AIRFLOW_CTX_DAG_OWNER=airflow
AIRFLOW_CTX_DAG_ID=BRONZER_GET_STONCKS
AIRFLOW_CTX_TASK_ID=BRONZE_MSFT
AIRFLOW_CTX_EXECUTION_DATE=2024-01-11T00:00:00+00:00
AIRFLOW_CTX_TRY_NUMBER=1
AIRFLOW_CTX_DAG_RUN_ID=scheduled__2024-01-11T00:00:00+00:00
[2024-09-15 20:10:04,313] {history.py:244} ERROR - $MSFT: possibly delisted; no price data found  (1h 2024-01-08 -> 2024-01-03) (Yahoo error = "Invalid input - start date cannot be after end date. startDate = 1704690000, endDate = 1704258000")
[2024-09-15 20:10:04,315] {python.py:173} INFO - Done. Returned value was: None
[2024-09-15 20:10:04,319] {taskinstance.py:1395} INFO - Marking task as SUCCESS. dag_id=BRONZER_GET_STONCKS, task_id=BRONZE_MSFT, execution_date=20240111T000000, start_date=20240915T231000, end_date=20240915T231004
[2024-09-15 20:10:04,354] {local_task_job.py:156} INFO - Task exited with return code 0
[2024-09-15 20:10:04,364] {local_task_job.py:273} INFO - 0 downstream tasks scheduled from follow-on schedule check
[2024-09-15 20:13:09,840] {taskinstance.py:1159} INFO - Dependencies all met for <TaskInstance: BRONZER_GET_STONCKS.BRONZE_MSFT scheduled__2024-01-11T00:00:00+00:00 [queued]>
[2024-09-15 20:13:09,845] {taskinstance.py:1159} INFO - Dependencies all met for <TaskInstance: BRONZER_GET_STONCKS.BRONZE_MSFT scheduled__2024-01-11T00:00:00+00:00 [queued]>
[2024-09-15 20:13:09,845] {taskinstance.py:1356} INFO - 
--------------------------------------------------------------------------------
[2024-09-15 20:13:09,845] {taskinstance.py:1357} INFO - Starting attempt 1 of 1
[2024-09-15 20:13:09,845] {taskinstance.py:1358} INFO - 
--------------------------------------------------------------------------------
[2024-09-15 20:13:09,857] {taskinstance.py:1377} INFO - Executing <Task(_PythonDecoratedOperator): BRONZE_MSFT> on 2024-01-11 00:00:00+00:00
[2024-09-15 20:13:09,859] {standard_task_runner.py:52} INFO - Started process 13316 to run task
[2024-09-15 20:13:09,861] {standard_task_runner.py:79} INFO - Running: ['airflow', 'tasks', 'run', 'BRONZER_GET_STONCKS', 'BRONZE_MSFT', 'scheduled__2024-01-11T00:00:00+00:00', '--job-id', '89', '--raw', '--subdir', 'DAGS_FOLDER/get_stocks.py', '--cfg-path', '/tmp/tmp2jw6cf28', '--error-file', '/tmp/tmp8c8i8tv4']
[2024-09-15 20:13:09,862] {standard_task_runner.py:80} INFO - Job 89: Subtask BRONZE_MSFT
[2024-09-15 20:13:09,892] {task_command.py:370} INFO - Running <TaskInstance: BRONZER_GET_STONCKS.BRONZE_MSFT scheduled__2024-01-11T00:00:00+00:00 [running]> on host kaiwang.
[2024-09-15 20:13:09,932] {taskinstance.py:1569} INFO - Exporting the following env vars:
AIRFLOW_CTX_DAG_OWNER=airflow
AIRFLOW_CTX_DAG_ID=BRONZER_GET_STONCKS
AIRFLOW_CTX_TASK_ID=BRONZE_MSFT
AIRFLOW_CTX_EXECUTION_DATE=2024-01-11T00:00:00+00:00
AIRFLOW_CTX_TRY_NUMBER=1
AIRFLOW_CTX_DAG_RUN_ID=scheduled__2024-01-11T00:00:00+00:00
[2024-09-15 20:13:09,933] {taskinstance.py:1889} ERROR - Task failed with exception
Traceback (most recent call last):
  File "/usr/lib/python3.10/pathlib.py", line 1175, in mkdir
    self._accessor.mkdir(self, mode)
FileNotFoundError: [Errno 2] No such file or directory: '/Documents/airflow_celeby/datalake/MSFT'

During handling of the above exception, another exception occurred:

Traceback (most recent call last):
  File "/usr/lib/python3.10/pathlib.py", line 1175, in mkdir
    self._accessor.mkdir(self, mode)
FileNotFoundError: [Errno 2] No such file or directory: '/Documents/airflow_celeby/datalake'

During handling of the above exception, another exception occurred:

Traceback (most recent call last):
  File "/usr/lib/python3.10/pathlib.py", line 1175, in mkdir
    self._accessor.mkdir(self, mode)
FileNotFoundError: [Errno 2] No such file or directory: '/Documents/airflow_celeby'

During handling of the above exception, another exception occurred:

Traceback (most recent call last):
  File "/home/kaiwang/Documents/airflow_celeby/venv/lib/python3.10/site-packages/airflow/decorators/base.py", line 179, in execute
    return_value = super().execute(context)
  File "/home/kaiwang/Documents/airflow_celeby/venv/lib/python3.10/site-packages/airflow/operators/python.py", line 171, in execute
    return_value = self.execute_callable()
  File "/home/kaiwang/Documents/airflow_celeby/venv/lib/python3.10/site-packages/airflow/operators/python.py", line 189, in execute_callable
    return self.python_callable(*self.op_args, **self.op_kwargs)
  File "/home/kaiwang/Documents/airflow_celeby/dags/get_stocks.py", line 21, in get_history
    (Path(file_path).parent).mkdir(parents=True, exist_ok=True)
  File "/usr/lib/python3.10/pathlib.py", line 1179, in mkdir
    self.parent.mkdir(parents=True, exist_ok=True)
  File "/usr/lib/python3.10/pathlib.py", line 1179, in mkdir
    self.parent.mkdir(parents=True, exist_ok=True)
  File "/usr/lib/python3.10/pathlib.py", line 1179, in mkdir
    self.parent.mkdir(parents=True, exist_ok=True)
  File "/usr/lib/python3.10/pathlib.py", line 1175, in mkdir
    self._accessor.mkdir(self, mode)
PermissionError: [Errno 13] Permission denied: '/Documents'
[2024-09-15 20:13:09,935] {taskinstance.py:1395} INFO - Marking task as FAILED. dag_id=BRONZER_GET_STONCKS, task_id=BRONZE_MSFT, execution_date=20240111T000000, start_date=20240915T231309, end_date=20240915T231309
[2024-09-15 20:13:09,947] {standard_task_runner.py:92} ERROR - Failed to execute job 89 for task BRONZE_MSFT ([Errno 13] Permission denied: '/Documents'; 13316)
[2024-09-15 20:13:09,954] {local_task_job.py:156} INFO - Task exited with return code 1
[2024-09-15 20:13:09,967] {local_task_job.py:273} INFO - 0 downstream tasks scheduled from follow-on schedule check
[2024-09-15 20:17:03,657] {taskinstance.py:1159} INFO - Dependencies all met for <TaskInstance: BRONZER_GET_STONCKS.BRONZE_MSFT scheduled__2024-01-11T00:00:00+00:00 [queued]>
[2024-09-15 20:17:03,662] {taskinstance.py:1159} INFO - Dependencies all met for <TaskInstance: BRONZER_GET_STONCKS.BRONZE_MSFT scheduled__2024-01-11T00:00:00+00:00 [queued]>
[2024-09-15 20:17:03,662] {taskinstance.py:1356} INFO - 
--------------------------------------------------------------------------------
[2024-09-15 20:17:03,662] {taskinstance.py:1357} INFO - Starting attempt 1 of 1
[2024-09-15 20:17:03,662] {taskinstance.py:1358} INFO - 
--------------------------------------------------------------------------------
[2024-09-15 20:17:03,672] {taskinstance.py:1377} INFO - Executing <Task(_PythonDecoratedOperator): BRONZE_MSFT> on 2024-01-11 00:00:00+00:00
[2024-09-15 20:17:03,675] {standard_task_runner.py:52} INFO - Started process 13978 to run task
[2024-09-15 20:17:03,677] {standard_task_runner.py:79} INFO - Running: ['airflow', 'tasks', 'run', 'BRONZER_GET_STONCKS', 'BRONZE_MSFT', 'scheduled__2024-01-11T00:00:00+00:00', '--job-id', '89', '--raw', '--subdir', 'DAGS_FOLDER/get_stocks.py', '--cfg-path', '/tmp/tmpzk4u6x35', '--error-file', '/tmp/tmp2il3_6bb']
[2024-09-15 20:17:03,677] {standard_task_runner.py:80} INFO - Job 89: Subtask BRONZE_MSFT
[2024-09-15 20:17:03,706] {task_command.py:370} INFO - Running <TaskInstance: BRONZER_GET_STONCKS.BRONZE_MSFT scheduled__2024-01-11T00:00:00+00:00 [running]> on host kaiwang.
[2024-09-15 20:17:03,750] {taskinstance.py:1569} INFO - Exporting the following env vars:
AIRFLOW_CTX_DAG_OWNER=airflow
AIRFLOW_CTX_DAG_ID=BRONZER_GET_STONCKS
AIRFLOW_CTX_TASK_ID=BRONZE_MSFT
AIRFLOW_CTX_EXECUTION_DATE=2024-01-11T00:00:00+00:00
AIRFLOW_CTX_TRY_NUMBER=1
AIRFLOW_CTX_DAG_RUN_ID=scheduled__2024-01-11T00:00:00+00:00
[2024-09-15 20:17:08,037] {history.py:244} ERROR - $MSFT: possibly delisted; no price data found  (1h 2024-01-08 -> 2024-01-03) (Yahoo error = "Invalid input - start date cannot be after end date. startDate = 1704690000, endDate = 1704258000")
[2024-09-15 20:17:08,039] {python.py:173} INFO - Done. Returned value was: None
[2024-09-15 20:17:08,044] {taskinstance.py:1395} INFO - Marking task as SUCCESS. dag_id=BRONZER_GET_STONCKS, task_id=BRONZE_MSFT, execution_date=20240111T000000, start_date=20240915T231703, end_date=20240915T231708
[2024-09-15 20:17:08,085] {local_task_job.py:156} INFO - Task exited with return code 0
[2024-09-15 20:17:08,113] {local_task_job.py:273} INFO - 0 downstream tasks scheduled from follow-on schedule check
