[2024-09-16 00:05:23,337] {taskinstance.py:1159} INFO - Dependencies all met for <TaskInstance: BRONZER_GET_STONCKS.BRONZE_STONCKS_MSFT scheduled__2024-04-27T00:00:00+00:00 [queued]>
[2024-09-16 00:05:23,392] {taskinstance.py:1159} INFO - Dependencies all met for <TaskInstance: BRONZER_GET_STONCKS.BRONZE_STONCKS_MSFT scheduled__2024-04-27T00:00:00+00:00 [queued]>
[2024-09-16 00:05:23,392] {taskinstance.py:1356} INFO - 
--------------------------------------------------------------------------------
[2024-09-16 00:05:23,392] {taskinstance.py:1357} INFO - Starting attempt 1 of 1
[2024-09-16 00:05:23,393] {taskinstance.py:1358} INFO - 
--------------------------------------------------------------------------------
[2024-09-16 00:05:23,440] {taskinstance.py:1377} INFO - Executing <Task(_PythonDecoratedOperator): BRONZE_STONCKS_MSFT> on 2024-04-27 00:00:00+00:00
[2024-09-16 00:05:23,453] {standard_task_runner.py:52} INFO - Started process 29062 to run task
[2024-09-16 00:05:23,465] {standard_task_runner.py:79} INFO - Running: ['airflow', 'tasks', 'run', 'BRONZER_GET_STONCKS', 'BRONZE_STONCKS_MSFT', 'scheduled__2024-04-27T00:00:00+00:00', '--job-id', '638', '--raw', '--subdir', 'DAGS_FOLDER/get_stocks.py', '--cfg-path', '/tmp/tmpllt_p7al', '--error-file', '/tmp/tmpszt737qc']
[2024-09-16 00:05:23,467] {standard_task_runner.py:80} INFO - Job 638: Subtask BRONZE_STONCKS_MSFT
[2024-09-16 00:05:23,700] {task_command.py:370} INFO - Running <TaskInstance: BRONZER_GET_STONCKS.BRONZE_STONCKS_MSFT scheduled__2024-04-27T00:00:00+00:00 [running]> on host kaiwang.
[2024-09-16 00:05:24,134] {taskinstance.py:1569} INFO - Exporting the following env vars:
AIRFLOW_CTX_DAG_OWNER=airflow
AIRFLOW_CTX_DAG_ID=BRONZER_GET_STONCKS
AIRFLOW_CTX_TASK_ID=BRONZE_STONCKS_MSFT
AIRFLOW_CTX_EXECUTION_DATE=2024-04-27T00:00:00+00:00
AIRFLOW_CTX_TRY_NUMBER=1
AIRFLOW_CTX_DAG_RUN_ID=scheduled__2024-04-27T00:00:00+00:00
[2024-09-16 00:05:24,939] {python.py:173} INFO - Done. Returned value was: None
[2024-09-16 00:05:25,026] {taskinstance.py:1395} INFO - Marking task as SUCCESS. dag_id=BRONZER_GET_STONCKS, task_id=BRONZE_STONCKS_MSFT, execution_date=20240427T000000, start_date=20240916T030523, end_date=20240916T030525
[2024-09-16 00:05:25,103] {local_task_job.py:156} INFO - Task exited with return code 0
[2024-09-16 00:05:25,258] {local_task_job.py:273} INFO - 0 downstream tasks scheduled from follow-on schedule check
[2024-09-16 00:16:26,449] {taskinstance.py:1159} INFO - Dependencies all met for <TaskInstance: BRONZER_GET_STONCKS.BRONZE_STONCKS_MSFT scheduled__2024-04-27T00:00:00+00:00 [queued]>
[2024-09-16 00:16:26,488] {taskinstance.py:1159} INFO - Dependencies all met for <TaskInstance: BRONZER_GET_STONCKS.BRONZE_STONCKS_MSFT scheduled__2024-04-27T00:00:00+00:00 [queued]>
[2024-09-16 00:16:26,488] {taskinstance.py:1356} INFO - 
--------------------------------------------------------------------------------
[2024-09-16 00:16:26,488] {taskinstance.py:1357} INFO - Starting attempt 1 of 1
[2024-09-16 00:16:26,489] {taskinstance.py:1358} INFO - 
--------------------------------------------------------------------------------
[2024-09-16 00:16:26,558] {taskinstance.py:1377} INFO - Executing <Task(_PythonDecoratedOperator): BRONZE_STONCKS_MSFT> on 2024-04-27 00:00:00+00:00
[2024-09-16 00:16:26,574] {standard_task_runner.py:52} INFO - Started process 59568 to run task
[2024-09-16 00:16:26,587] {standard_task_runner.py:79} INFO - Running: ['airflow', 'tasks', 'run', 'BRONZER_GET_STONCKS', 'BRONZE_STONCKS_MSFT', 'scheduled__2024-04-27T00:00:00+00:00', '--job-id', '2398', '--raw', '--subdir', 'DAGS_FOLDER/get_stocks.py', '--cfg-path', '/tmp/tmpkw7i_89c', '--error-file', '/tmp/tmpjskmu2ao']
[2024-09-16 00:16:26,588] {standard_task_runner.py:80} INFO - Job 2398: Subtask BRONZE_STONCKS_MSFT
[2024-09-16 00:16:26,903] {task_command.py:370} INFO - Running <TaskInstance: BRONZER_GET_STONCKS.BRONZE_STONCKS_MSFT scheduled__2024-04-27T00:00:00+00:00 [running]> on host kaiwang.
[2024-09-16 00:16:27,215] {taskinstance.py:1569} INFO - Exporting the following env vars:
AIRFLOW_CTX_DAG_OWNER=airflow
AIRFLOW_CTX_DAG_ID=BRONZER_GET_STONCKS
AIRFLOW_CTX_TASK_ID=BRONZE_STONCKS_MSFT
AIRFLOW_CTX_EXECUTION_DATE=2024-04-27T00:00:00+00:00
AIRFLOW_CTX_TRY_NUMBER=1
AIRFLOW_CTX_DAG_RUN_ID=scheduled__2024-04-27T00:00:00+00:00
[2024-09-16 00:16:27,948] {python.py:173} INFO - Done. Returned value was: None
[2024-09-16 00:16:28,024] {taskinstance.py:1395} INFO - Marking task as SUCCESS. dag_id=BRONZER_GET_STONCKS, task_id=BRONZE_STONCKS_MSFT, execution_date=20240427T000000, start_date=20240916T031626, end_date=20240916T031628
[2024-09-16 00:16:28,125] {local_task_job.py:156} INFO - Task exited with return code 0
[2024-09-16 00:16:28,301] {local_task_job.py:273} INFO - 0 downstream tasks scheduled from follow-on schedule check
