[2024-09-16 00:07:44,283] {taskinstance.py:1159} INFO - Dependencies all met for <TaskInstance: BRONZER_GET_STONCKS.BRONZE_STONCKS_TSLA scheduled__2024-09-06T00:00:00+00:00 [queued]>
[2024-09-16 00:07:44,303] {taskinstance.py:1159} INFO - Dependencies all met for <TaskInstance: BRONZER_GET_STONCKS.BRONZE_STONCKS_TSLA scheduled__2024-09-06T00:00:00+00:00 [queued]>
[2024-09-16 00:07:44,304] {taskinstance.py:1356} INFO - 
--------------------------------------------------------------------------------
[2024-09-16 00:07:44,304] {taskinstance.py:1357} INFO - Starting attempt 1 of 1
[2024-09-16 00:07:44,304] {taskinstance.py:1358} INFO - 
--------------------------------------------------------------------------------
[2024-09-16 00:07:44,368] {taskinstance.py:1377} INFO - Executing <Task(_PythonDecoratedOperator): BRONZE_STONCKS_TSLA> on 2024-09-06 00:00:00+00:00
[2024-09-16 00:07:44,374] {standard_task_runner.py:52} INFO - Started process 40610 to run task
[2024-09-16 00:07:44,383] {standard_task_runner.py:79} INFO - Running: ['airflow', 'tasks', 'run', 'BRONZER_GET_STONCKS', 'BRONZE_STONCKS_TSLA', 'scheduled__2024-09-06T00:00:00+00:00', '--job-id', '1317', '--raw', '--subdir', 'DAGS_FOLDER/get_stocks.py', '--cfg-path', '/tmp/tmp0e9yqms1', '--error-file', '/tmp/tmpu_y8_814']
[2024-09-16 00:07:44,385] {standard_task_runner.py:80} INFO - Job 1317: Subtask BRONZE_STONCKS_TSLA
[2024-09-16 00:07:44,572] {task_command.py:370} INFO - Running <TaskInstance: BRONZER_GET_STONCKS.BRONZE_STONCKS_TSLA scheduled__2024-09-06T00:00:00+00:00 [running]> on host kaiwang.
[2024-09-16 00:07:44,837] {taskinstance.py:1569} INFO - Exporting the following env vars:
AIRFLOW_CTX_DAG_OWNER=airflow
AIRFLOW_CTX_DAG_ID=BRONZER_GET_STONCKS
AIRFLOW_CTX_TASK_ID=BRONZE_STONCKS_TSLA
AIRFLOW_CTX_EXECUTION_DATE=2024-09-06T00:00:00+00:00
AIRFLOW_CTX_TRY_NUMBER=1
AIRFLOW_CTX_DAG_RUN_ID=scheduled__2024-09-06T00:00:00+00:00
[2024-09-16 00:07:45,532] {python.py:173} INFO - Done. Returned value was: None
[2024-09-16 00:07:45,652] {taskinstance.py:1395} INFO - Marking task as SUCCESS. dag_id=BRONZER_GET_STONCKS, task_id=BRONZE_STONCKS_TSLA, execution_date=20240906T000000, start_date=20240916T030744, end_date=20240916T030745
[2024-09-16 00:07:45,732] {local_task_job.py:156} INFO - Task exited with return code 0
[2024-09-16 00:07:46,019] {local_task_job.py:273} INFO - 0 downstream tasks scheduled from follow-on schedule check
[2024-09-16 13:56:41,268] {taskinstance.py:1159} INFO - Dependencies all met for <TaskInstance: BRONZER_GET_STONCKS.BRONZE_STONCKS_TSLA scheduled__2024-09-06T00:00:00+00:00 [queued]>
[2024-09-16 13:56:41,281] {taskinstance.py:1159} INFO - Dependencies all met for <TaskInstance: BRONZER_GET_STONCKS.BRONZE_STONCKS_TSLA scheduled__2024-09-06T00:00:00+00:00 [queued]>
[2024-09-16 13:56:41,281] {taskinstance.py:1356} INFO - 
--------------------------------------------------------------------------------
[2024-09-16 13:56:41,281] {taskinstance.py:1357} INFO - Starting attempt 1 of 1
[2024-09-16 13:56:41,281] {taskinstance.py:1358} INFO - 
--------------------------------------------------------------------------------
[2024-09-16 13:56:41,296] {taskinstance.py:1377} INFO - Executing <Task(_PythonDecoratedOperator): BRONZE_STONCKS_TSLA> on 2024-09-06 00:00:00+00:00
[2024-09-16 13:56:41,302] {standard_task_runner.py:52} INFO - Started process 140196 to run task
[2024-09-16 13:56:41,317] {standard_task_runner.py:79} INFO - Running: ['airflow', 'tasks', 'run', 'BRONZER_GET_STONCKS', 'BRONZE_STONCKS_TSLA', 'scheduled__2024-09-06T00:00:00+00:00', '--job-id', '2636', '--raw', '--subdir', 'DAGS_FOLDER/get_stocks.py', '--cfg-path', '/tmp/tmp9qbajue5', '--error-file', '/tmp/tmphz1ajrhk']
[2024-09-16 13:56:41,318] {standard_task_runner.py:80} INFO - Job 2636: Subtask BRONZE_STONCKS_TSLA
[2024-09-16 13:56:41,476] {task_command.py:370} INFO - Running <TaskInstance: BRONZER_GET_STONCKS.BRONZE_STONCKS_TSLA scheduled__2024-09-06T00:00:00+00:00 [running]> on host kaiwang.
[2024-09-16 13:56:42,180] {taskinstance.py:1569} INFO - Exporting the following env vars:
AIRFLOW_CTX_DAG_OWNER=airflow
AIRFLOW_CTX_DAG_ID=BRONZER_GET_STONCKS
AIRFLOW_CTX_TASK_ID=BRONZE_STONCKS_TSLA
AIRFLOW_CTX_EXECUTION_DATE=2024-09-06T00:00:00+00:00
AIRFLOW_CTX_TRY_NUMBER=1
AIRFLOW_CTX_DAG_RUN_ID=scheduled__2024-09-06T00:00:00+00:00
[2024-09-16 13:56:43,338] {python.py:173} INFO - Done. Returned value was: None
[2024-09-16 13:56:43,401] {taskinstance.py:1395} INFO - Marking task as SUCCESS. dag_id=BRONZER_GET_STONCKS, task_id=BRONZE_STONCKS_TSLA, execution_date=20240906T000000, start_date=20240916T165641, end_date=20240916T165643
[2024-09-16 13:56:43,438] {local_task_job.py:156} INFO - Task exited with return code 0
[2024-09-16 13:56:43,529] {local_task_job.py:273} INFO - 0 downstream tasks scheduled from follow-on schedule check
