[2024-09-16 00:03:26,246] {taskinstance.py:1159} INFO - Dependencies all met for <TaskInstance: BRONZER_GET_CRIPTOS.BRONZE_CRIPTO_DOGE scheduled__2024-01-19T00:00:00+00:00 [queued]>
[2024-09-16 00:03:26,339] {taskinstance.py:1159} INFO - Dependencies all met for <TaskInstance: BRONZER_GET_CRIPTOS.BRONZE_CRIPTO_DOGE scheduled__2024-01-19T00:00:00+00:00 [queued]>
[2024-09-16 00:03:26,340] {taskinstance.py:1356} INFO - 
--------------------------------------------------------------------------------
[2024-09-16 00:03:26,340] {taskinstance.py:1357} INFO - Starting attempt 1 of 1
[2024-09-16 00:03:26,340] {taskinstance.py:1358} INFO - 
--------------------------------------------------------------------------------
[2024-09-16 00:03:26,476] {taskinstance.py:1377} INFO - Executing <Task(_PythonDecoratedOperator): BRONZE_CRIPTO_DOGE> on 2024-01-19 00:00:00+00:00
[2024-09-16 00:03:26,493] {standard_task_runner.py:52} INFO - Started process 19943 to run task
[2024-09-16 00:03:26,530] {standard_task_runner.py:79} INFO - Running: ['airflow', 'tasks', 'run', 'BRONZER_GET_CRIPTOS', 'BRONZE_CRIPTO_DOGE', 'scheduled__2024-01-19T00:00:00+00:00', '--job-id', '112', '--raw', '--subdir', 'DAGS_FOLDER/get_cripto.py', '--cfg-path', '/tmp/tmpg6we36me', '--error-file', '/tmp/tmpbhmnfpea']
[2024-09-16 00:03:26,567] {standard_task_runner.py:80} INFO - Job 112: Subtask BRONZE_CRIPTO_DOGE
[2024-09-16 00:03:27,084] {task_command.py:370} INFO - Running <TaskInstance: BRONZER_GET_CRIPTOS.BRONZE_CRIPTO_DOGE scheduled__2024-01-19T00:00:00+00:00 [running]> on host kaiwang.
[2024-09-16 00:03:27,483] {taskinstance.py:1569} INFO - Exporting the following env vars:
AIRFLOW_CTX_DAG_OWNER=airflow
AIRFLOW_CTX_DAG_ID=BRONZER_GET_CRIPTOS
AIRFLOW_CTX_TASK_ID=BRONZE_CRIPTO_DOGE
AIRFLOW_CTX_EXECUTION_DATE=2024-01-19T00:00:00+00:00
AIRFLOW_CTX_TRY_NUMBER=1
AIRFLOW_CTX_DAG_RUN_ID=scheduled__2024-01-19T00:00:00+00:00
[2024-09-16 00:03:30,045] {history.py:122} ERROR - $DOGE: possibly delisted; no timezone found
[2024-09-16 00:03:30,049] {python.py:173} INFO - Done. Returned value was: None
[2024-09-16 00:03:30,129] {taskinstance.py:1395} INFO - Marking task as SUCCESS. dag_id=BRONZER_GET_CRIPTOS, task_id=BRONZE_CRIPTO_DOGE, execution_date=20240119T000000, start_date=20240916T030326, end_date=20240916T030330
[2024-09-16 00:03:30,183] {local_task_job.py:156} INFO - Task exited with return code 0
[2024-09-16 00:03:30,505] {local_task_job.py:273} INFO - 0 downstream tasks scheduled from follow-on schedule check
[2024-09-16 00:13:06,138] {taskinstance.py:1159} INFO - Dependencies all met for <TaskInstance: BRONZER_GET_CRIPTOS.BRONZE_CRIPTO_DOGE scheduled__2024-01-19T00:00:00+00:00 [queued]>
[2024-09-16 00:13:06,248] {taskinstance.py:1159} INFO - Dependencies all met for <TaskInstance: BRONZER_GET_CRIPTOS.BRONZE_CRIPTO_DOGE scheduled__2024-01-19T00:00:00+00:00 [queued]>
[2024-09-16 00:13:06,248] {taskinstance.py:1356} INFO - 
--------------------------------------------------------------------------------
[2024-09-16 00:13:06,248] {taskinstance.py:1357} INFO - Starting attempt 1 of 1
[2024-09-16 00:13:06,248] {taskinstance.py:1358} INFO - 
--------------------------------------------------------------------------------
[2024-09-16 00:13:06,332] {taskinstance.py:1377} INFO - Executing <Task(_PythonDecoratedOperator): BRONZE_CRIPTO_DOGE> on 2024-01-19 00:00:00+00:00
[2024-09-16 00:13:06,339] {standard_task_runner.py:52} INFO - Started process 45486 to run task
[2024-09-16 00:13:06,362] {standard_task_runner.py:79} INFO - Running: ['airflow', 'tasks', 'run', 'BRONZER_GET_CRIPTOS', 'BRONZE_CRIPTO_DOGE', 'scheduled__2024-01-19T00:00:00+00:00', '--job-id', '1586', '--raw', '--subdir', 'DAGS_FOLDER/get_cripto.py', '--cfg-path', '/tmp/tmpwf0msobt', '--error-file', '/tmp/tmpyety54f1']
[2024-09-16 00:13:06,363] {standard_task_runner.py:80} INFO - Job 1586: Subtask BRONZE_CRIPTO_DOGE
[2024-09-16 00:13:06,581] {task_command.py:370} INFO - Running <TaskInstance: BRONZER_GET_CRIPTOS.BRONZE_CRIPTO_DOGE scheduled__2024-01-19T00:00:00+00:00 [running]> on host kaiwang.
[2024-09-16 00:13:06,927] {taskinstance.py:1569} INFO - Exporting the following env vars:
AIRFLOW_CTX_DAG_OWNER=airflow
AIRFLOW_CTX_DAG_ID=BRONZER_GET_CRIPTOS
AIRFLOW_CTX_TASK_ID=BRONZE_CRIPTO_DOGE
AIRFLOW_CTX_EXECUTION_DATE=2024-01-19T00:00:00+00:00
AIRFLOW_CTX_TRY_NUMBER=1
AIRFLOW_CTX_DAG_RUN_ID=scheduled__2024-01-19T00:00:00+00:00
[2024-09-16 00:13:10,822] {history.py:122} ERROR - $DOGE: possibly delisted; no timezone found
[2024-09-16 00:13:10,827] {python.py:173} INFO - Done. Returned value was: None
[2024-09-16 00:13:10,973] {taskinstance.py:1395} INFO - Marking task as SUCCESS. dag_id=BRONZER_GET_CRIPTOS, task_id=BRONZE_CRIPTO_DOGE, execution_date=20240119T000000, start_date=20240916T031306, end_date=20240916T031310
[2024-09-16 00:13:11,022] {local_task_job.py:156} INFO - Task exited with return code 0
[2024-09-16 00:13:11,252] {local_task_job.py:273} INFO - 0 downstream tasks scheduled from follow-on schedule check
[2024-09-16 00:14:41,208] {taskinstance.py:1159} INFO - Dependencies all met for <TaskInstance: BRONZER_GET_CRIPTOS.BRONZE_CRIPTO_DOGE scheduled__2024-01-19T00:00:00+00:00 [queued]>
[2024-09-16 00:14:41,245] {taskinstance.py:1159} INFO - Dependencies all met for <TaskInstance: BRONZER_GET_CRIPTOS.BRONZE_CRIPTO_DOGE scheduled__2024-01-19T00:00:00+00:00 [queued]>
[2024-09-16 00:14:41,246] {taskinstance.py:1356} INFO - 
--------------------------------------------------------------------------------
[2024-09-16 00:14:41,246] {taskinstance.py:1357} INFO - Starting attempt 1 of 1
[2024-09-16 00:14:41,246] {taskinstance.py:1358} INFO - 
--------------------------------------------------------------------------------
[2024-09-16 00:14:41,325] {taskinstance.py:1377} INFO - Executing <Task(_PythonDecoratedOperator): BRONZE_CRIPTO_DOGE> on 2024-01-19 00:00:00+00:00
[2024-09-16 00:14:41,331] {standard_task_runner.py:52} INFO - Started process 50966 to run task
[2024-09-16 00:14:41,350] {standard_task_runner.py:79} INFO - Running: ['airflow', 'tasks', 'run', 'BRONZER_GET_CRIPTOS', 'BRONZE_CRIPTO_DOGE', 'scheduled__2024-01-19T00:00:00+00:00', '--job-id', '1894', '--raw', '--subdir', 'DAGS_FOLDER/get_cripto.py', '--cfg-path', '/tmp/tmpd6g2tu_v', '--error-file', '/tmp/tmpofluk1c1']
[2024-09-16 00:14:41,351] {standard_task_runner.py:80} INFO - Job 1894: Subtask BRONZE_CRIPTO_DOGE
[2024-09-16 00:14:41,544] {task_command.py:370} INFO - Running <TaskInstance: BRONZER_GET_CRIPTOS.BRONZE_CRIPTO_DOGE scheduled__2024-01-19T00:00:00+00:00 [running]> on host kaiwang.
[2024-09-16 00:14:41,944] {taskinstance.py:1569} INFO - Exporting the following env vars:
AIRFLOW_CTX_DAG_OWNER=airflow
AIRFLOW_CTX_DAG_ID=BRONZER_GET_CRIPTOS
AIRFLOW_CTX_TASK_ID=BRONZE_CRIPTO_DOGE
AIRFLOW_CTX_EXECUTION_DATE=2024-01-19T00:00:00+00:00
AIRFLOW_CTX_TRY_NUMBER=1
AIRFLOW_CTX_DAG_RUN_ID=scheduled__2024-01-19T00:00:00+00:00
[2024-09-16 00:14:44,707] {history.py:122} ERROR - $DOGE: possibly delisted; no timezone found
[2024-09-16 00:14:44,712] {python.py:173} INFO - Done. Returned value was: None
[2024-09-16 00:14:44,756] {taskinstance.py:1395} INFO - Marking task as SUCCESS. dag_id=BRONZER_GET_CRIPTOS, task_id=BRONZE_CRIPTO_DOGE, execution_date=20240119T000000, start_date=20240916T031441, end_date=20240916T031444
[2024-09-16 00:14:44,787] {local_task_job.py:156} INFO - Task exited with return code 0
[2024-09-16 00:14:44,853] {local_task_job.py:273} INFO - 0 downstream tasks scheduled from follow-on schedule check
