[2024-09-16 00:03:25,511] {taskinstance.py:1159} INFO - Dependencies all met for <TaskInstance: BRONZER_GET_STONCKS.BRONZE_STONCKS_AAPL scheduled__2024-01-19T00:00:00+00:00 [queued]>
[2024-09-16 00:03:25,608] {taskinstance.py:1159} INFO - Dependencies all met for <TaskInstance: BRONZER_GET_STONCKS.BRONZE_STONCKS_AAPL scheduled__2024-01-19T00:00:00+00:00 [queued]>
[2024-09-16 00:03:25,609] {taskinstance.py:1356} INFO - 
--------------------------------------------------------------------------------
[2024-09-16 00:03:25,609] {taskinstance.py:1357} INFO - Starting attempt 1 of 1
[2024-09-16 00:03:25,609] {taskinstance.py:1358} INFO - 
--------------------------------------------------------------------------------
[2024-09-16 00:03:25,854] {taskinstance.py:1377} INFO - Executing <Task(_PythonDecoratedOperator): BRONZE_STONCKS_AAPL> on 2024-01-19 00:00:00+00:00
[2024-09-16 00:03:25,870] {standard_task_runner.py:52} INFO - Started process 19912 to run task
[2024-09-16 00:03:25,950] {standard_task_runner.py:79} INFO - Running: ['airflow', 'tasks', 'run', 'BRONZER_GET_STONCKS', 'BRONZE_STONCKS_AAPL', 'scheduled__2024-01-19T00:00:00+00:00', '--job-id', '110', '--raw', '--subdir', 'DAGS_FOLDER/get_stocks.py', '--cfg-path', '/tmp/tmpvkgxzznp', '--error-file', '/tmp/tmpb3zcq6cf']
[2024-09-16 00:03:25,951] {standard_task_runner.py:80} INFO - Job 110: Subtask BRONZE_STONCKS_AAPL
[2024-09-16 00:03:26,356] {task_command.py:370} INFO - Running <TaskInstance: BRONZER_GET_STONCKS.BRONZE_STONCKS_AAPL scheduled__2024-01-19T00:00:00+00:00 [running]> on host kaiwang.
[2024-09-16 00:03:27,070] {taskinstance.py:1569} INFO - Exporting the following env vars:
AIRFLOW_CTX_DAG_OWNER=airflow
AIRFLOW_CTX_DAG_ID=BRONZER_GET_STONCKS
AIRFLOW_CTX_TASK_ID=BRONZE_STONCKS_AAPL
AIRFLOW_CTX_EXECUTION_DATE=2024-01-19T00:00:00+00:00
AIRFLOW_CTX_TRY_NUMBER=1
AIRFLOW_CTX_DAG_RUN_ID=scheduled__2024-01-19T00:00:00+00:00
[2024-09-16 00:03:27,782] {python.py:173} INFO - Done. Returned value was: None
[2024-09-16 00:03:27,849] {taskinstance.py:1395} INFO - Marking task as SUCCESS. dag_id=BRONZER_GET_STONCKS, task_id=BRONZE_STONCKS_AAPL, execution_date=20240119T000000, start_date=20240916T030325, end_date=20240916T030327
[2024-09-16 00:03:27,891] {local_task_job.py:156} INFO - Task exited with return code 0
[2024-09-16 00:03:28,012] {local_task_job.py:273} INFO - 0 downstream tasks scheduled from follow-on schedule check
[2024-09-16 00:13:05,135] {taskinstance.py:1159} INFO - Dependencies all met for <TaskInstance: BRONZER_GET_STONCKS.BRONZE_STONCKS_AAPL scheduled__2024-01-19T00:00:00+00:00 [queued]>
[2024-09-16 00:13:05,179] {taskinstance.py:1159} INFO - Dependencies all met for <TaskInstance: BRONZER_GET_STONCKS.BRONZE_STONCKS_AAPL scheduled__2024-01-19T00:00:00+00:00 [queued]>
[2024-09-16 00:13:05,179] {taskinstance.py:1356} INFO - 
--------------------------------------------------------------------------------
[2024-09-16 00:13:05,179] {taskinstance.py:1357} INFO - Starting attempt 1 of 1
[2024-09-16 00:13:05,180] {taskinstance.py:1358} INFO - 
--------------------------------------------------------------------------------
[2024-09-16 00:13:05,246] {taskinstance.py:1377} INFO - Executing <Task(_PythonDecoratedOperator): BRONZE_STONCKS_AAPL> on 2024-01-19 00:00:00+00:00
[2024-09-16 00:13:05,254] {standard_task_runner.py:52} INFO - Started process 45378 to run task
[2024-09-16 00:13:05,292] {standard_task_runner.py:79} INFO - Running: ['airflow', 'tasks', 'run', 'BRONZER_GET_STONCKS', 'BRONZE_STONCKS_AAPL', 'scheduled__2024-01-19T00:00:00+00:00', '--job-id', '1581', '--raw', '--subdir', 'DAGS_FOLDER/get_stocks.py', '--cfg-path', '/tmp/tmpec2dnx97', '--error-file', '/tmp/tmpvzj2bu5e']
[2024-09-16 00:13:05,293] {standard_task_runner.py:80} INFO - Job 1581: Subtask BRONZE_STONCKS_AAPL
[2024-09-16 00:13:05,739] {task_command.py:370} INFO - Running <TaskInstance: BRONZER_GET_STONCKS.BRONZE_STONCKS_AAPL scheduled__2024-01-19T00:00:00+00:00 [running]> on host kaiwang.
[2024-09-16 00:13:06,312] {taskinstance.py:1569} INFO - Exporting the following env vars:
AIRFLOW_CTX_DAG_OWNER=airflow
AIRFLOW_CTX_DAG_ID=BRONZER_GET_STONCKS
AIRFLOW_CTX_TASK_ID=BRONZE_STONCKS_AAPL
AIRFLOW_CTX_EXECUTION_DATE=2024-01-19T00:00:00+00:00
AIRFLOW_CTX_TRY_NUMBER=1
AIRFLOW_CTX_DAG_RUN_ID=scheduled__2024-01-19T00:00:00+00:00
[2024-09-16 00:13:07,004] {python.py:173} INFO - Done. Returned value was: None
[2024-09-16 00:13:07,072] {taskinstance.py:1395} INFO - Marking task as SUCCESS. dag_id=BRONZER_GET_STONCKS, task_id=BRONZE_STONCKS_AAPL, execution_date=20240119T000000, start_date=20240916T031305, end_date=20240916T031307
[2024-09-16 00:13:07,150] {local_task_job.py:156} INFO - Task exited with return code 0
[2024-09-16 00:13:07,341] {local_task_job.py:273} INFO - 0 downstream tasks scheduled from follow-on schedule check
[2024-09-16 00:14:38,435] {taskinstance.py:1159} INFO - Dependencies all met for <TaskInstance: BRONZER_GET_STONCKS.BRONZE_STONCKS_AAPL scheduled__2024-01-19T00:00:00+00:00 [queued]>
[2024-09-16 00:14:38,548] {taskinstance.py:1159} INFO - Dependencies all met for <TaskInstance: BRONZER_GET_STONCKS.BRONZE_STONCKS_AAPL scheduled__2024-01-19T00:00:00+00:00 [queued]>
[2024-09-16 00:14:38,548] {taskinstance.py:1356} INFO - 
--------------------------------------------------------------------------------
[2024-09-16 00:14:38,548] {taskinstance.py:1357} INFO - Starting attempt 1 of 1
[2024-09-16 00:14:38,549] {taskinstance.py:1358} INFO - 
--------------------------------------------------------------------------------
[2024-09-16 00:14:38,617] {taskinstance.py:1377} INFO - Executing <Task(_PythonDecoratedOperator): BRONZE_STONCKS_AAPL> on 2024-01-19 00:00:00+00:00
[2024-09-16 00:14:38,625] {standard_task_runner.py:52} INFO - Started process 50758 to run task
[2024-09-16 00:14:38,648] {standard_task_runner.py:79} INFO - Running: ['airflow', 'tasks', 'run', 'BRONZER_GET_STONCKS', 'BRONZE_STONCKS_AAPL', 'scheduled__2024-01-19T00:00:00+00:00', '--job-id', '1887', '--raw', '--subdir', 'DAGS_FOLDER/get_stocks.py', '--cfg-path', '/tmp/tmp8r6szk73', '--error-file', '/tmp/tmp3uq63eh5']
[2024-09-16 00:14:38,649] {standard_task_runner.py:80} INFO - Job 1887: Subtask BRONZE_STONCKS_AAPL
[2024-09-16 00:14:38,811] {task_command.py:370} INFO - Running <TaskInstance: BRONZER_GET_STONCKS.BRONZE_STONCKS_AAPL scheduled__2024-01-19T00:00:00+00:00 [running]> on host kaiwang.
[2024-09-16 00:14:39,035] {taskinstance.py:1569} INFO - Exporting the following env vars:
AIRFLOW_CTX_DAG_OWNER=airflow
AIRFLOW_CTX_DAG_ID=BRONZER_GET_STONCKS
AIRFLOW_CTX_TASK_ID=BRONZE_STONCKS_AAPL
AIRFLOW_CTX_EXECUTION_DATE=2024-01-19T00:00:00+00:00
AIRFLOW_CTX_TRY_NUMBER=1
AIRFLOW_CTX_DAG_RUN_ID=scheduled__2024-01-19T00:00:00+00:00
[2024-09-16 00:14:39,767] {python.py:173} INFO - Done. Returned value was: None
[2024-09-16 00:14:39,819] {taskinstance.py:1395} INFO - Marking task as SUCCESS. dag_id=BRONZER_GET_STONCKS, task_id=BRONZE_STONCKS_AAPL, execution_date=20240119T000000, start_date=20240916T031438, end_date=20240916T031439
[2024-09-16 00:14:39,947] {local_task_job.py:156} INFO - Task exited with return code 0
[2024-09-16 00:14:40,350] {local_task_job.py:273} INFO - 0 downstream tasks scheduled from follow-on schedule check
