[2024-09-16 00:04:17,996] {taskinstance.py:1159} INFO - Dependencies all met for <TaskInstance: BRONZER_GET_CRIPTOS.BRONZE_CRIPTO_AVAX scheduled__2024-02-28T00:00:00+00:00 [queued]>
[2024-09-16 00:04:18,044] {taskinstance.py:1159} INFO - Dependencies all met for <TaskInstance: BRONZER_GET_CRIPTOS.BRONZE_CRIPTO_AVAX scheduled__2024-02-28T00:00:00+00:00 [queued]>
[2024-09-16 00:04:18,044] {taskinstance.py:1356} INFO - 
--------------------------------------------------------------------------------
[2024-09-16 00:04:18,044] {taskinstance.py:1357} INFO - Starting attempt 1 of 1
[2024-09-16 00:04:18,045] {taskinstance.py:1358} INFO - 
--------------------------------------------------------------------------------
[2024-09-16 00:04:18,077] {taskinstance.py:1377} INFO - Executing <Task(_PythonDecoratedOperator): BRONZE_CRIPTO_AVAX> on 2024-02-28 00:00:00+00:00
[2024-09-16 00:04:18,087] {standard_task_runner.py:52} INFO - Started process 23910 to run task
[2024-09-16 00:04:18,105] {standard_task_runner.py:79} INFO - Running: ['airflow', 'tasks', 'run', 'BRONZER_GET_CRIPTOS', 'BRONZE_CRIPTO_AVAX', 'scheduled__2024-02-28T00:00:00+00:00', '--job-id', '337', '--raw', '--subdir', 'DAGS_FOLDER/get_cripto.py', '--cfg-path', '/tmp/tmpwx3iv269', '--error-file', '/tmp/tmp7bjuyj1g']
[2024-09-16 00:04:18,106] {standard_task_runner.py:80} INFO - Job 337: Subtask BRONZE_CRIPTO_AVAX
[2024-09-16 00:04:18,274] {task_command.py:370} INFO - Running <TaskInstance: BRONZER_GET_CRIPTOS.BRONZE_CRIPTO_AVAX scheduled__2024-02-28T00:00:00+00:00 [running]> on host kaiwang.
[2024-09-16 00:04:18,594] {taskinstance.py:1569} INFO - Exporting the following env vars:
AIRFLOW_CTX_DAG_OWNER=airflow
AIRFLOW_CTX_DAG_ID=BRONZER_GET_CRIPTOS
AIRFLOW_CTX_TASK_ID=BRONZE_CRIPTO_AVAX
AIRFLOW_CTX_EXECUTION_DATE=2024-02-28T00:00:00+00:00
AIRFLOW_CTX_TRY_NUMBER=1
AIRFLOW_CTX_DAG_RUN_ID=scheduled__2024-02-28T00:00:00+00:00
[2024-09-16 00:04:22,590] {history.py:122} ERROR - $AVAX: possibly delisted; no timezone found
[2024-09-16 00:04:22,595] {python.py:173} INFO - Done. Returned value was: None
[2024-09-16 00:04:22,820] {taskinstance.py:1395} INFO - Marking task as SUCCESS. dag_id=BRONZER_GET_CRIPTOS, task_id=BRONZE_CRIPTO_AVAX, execution_date=20240228T000000, start_date=20240916T030417, end_date=20240916T030422
[2024-09-16 00:04:22,908] {local_task_job.py:156} INFO - Task exited with return code 0
[2024-09-16 00:04:23,247] {local_task_job.py:273} INFO - 0 downstream tasks scheduled from follow-on schedule check
[2024-09-16 00:15:34,335] {taskinstance.py:1159} INFO - Dependencies all met for <TaskInstance: BRONZER_GET_CRIPTOS.BRONZE_CRIPTO_AVAX scheduled__2024-02-28T00:00:00+00:00 [queued]>
[2024-09-16 00:15:34,396] {taskinstance.py:1159} INFO - Dependencies all met for <TaskInstance: BRONZER_GET_CRIPTOS.BRONZE_CRIPTO_AVAX scheduled__2024-02-28T00:00:00+00:00 [queued]>
[2024-09-16 00:15:34,396] {taskinstance.py:1356} INFO - 
--------------------------------------------------------------------------------
[2024-09-16 00:15:34,396] {taskinstance.py:1357} INFO - Starting attempt 1 of 1
[2024-09-16 00:15:34,396] {taskinstance.py:1358} INFO - 
--------------------------------------------------------------------------------
[2024-09-16 00:15:34,429] {taskinstance.py:1377} INFO - Executing <Task(_PythonDecoratedOperator): BRONZE_CRIPTO_AVAX> on 2024-02-28 00:00:00+00:00
[2024-09-16 00:15:34,438] {standard_task_runner.py:52} INFO - Started process 55294 to run task
[2024-09-16 00:15:34,464] {standard_task_runner.py:79} INFO - Running: ['airflow', 'tasks', 'run', 'BRONZER_GET_CRIPTOS', 'BRONZE_CRIPTO_AVAX', 'scheduled__2024-02-28T00:00:00+00:00', '--job-id', '2146', '--raw', '--subdir', 'DAGS_FOLDER/get_cripto.py', '--cfg-path', '/tmp/tmpyv_1si3d', '--error-file', '/tmp/tmpfknbb7ci']
[2024-09-16 00:15:34,466] {standard_task_runner.py:80} INFO - Job 2146: Subtask BRONZE_CRIPTO_AVAX
[2024-09-16 00:15:34,679] {task_command.py:370} INFO - Running <TaskInstance: BRONZER_GET_CRIPTOS.BRONZE_CRIPTO_AVAX scheduled__2024-02-28T00:00:00+00:00 [running]> on host kaiwang.
[2024-09-16 00:15:35,020] {taskinstance.py:1569} INFO - Exporting the following env vars:
AIRFLOW_CTX_DAG_OWNER=airflow
AIRFLOW_CTX_DAG_ID=BRONZER_GET_CRIPTOS
AIRFLOW_CTX_TASK_ID=BRONZE_CRIPTO_AVAX
AIRFLOW_CTX_EXECUTION_DATE=2024-02-28T00:00:00+00:00
AIRFLOW_CTX_TRY_NUMBER=1
AIRFLOW_CTX_DAG_RUN_ID=scheduled__2024-02-28T00:00:00+00:00
[2024-09-16 00:15:37,864] {history.py:122} ERROR - $AVAX: possibly delisted; no timezone found
[2024-09-16 00:15:37,869] {python.py:173} INFO - Done. Returned value was: None
[2024-09-16 00:15:37,924] {taskinstance.py:1395} INFO - Marking task as SUCCESS. dag_id=BRONZER_GET_CRIPTOS, task_id=BRONZE_CRIPTO_AVAX, execution_date=20240228T000000, start_date=20240916T031534, end_date=20240916T031537
[2024-09-16 00:15:37,975] {local_task_job.py:156} INFO - Task exited with return code 0
[2024-09-16 00:15:38,299] {local_task_job.py:273} INFO - 0 downstream tasks scheduled from follow-on schedule check
