[2024-09-16 00:04:18,028] {taskinstance.py:1159} INFO - Dependencies all met for <TaskInstance: BRONZER_GET_STONCKS.BRONZE_STONCKS_AAPL scheduled__2024-03-02T00:00:00+00:00 [queued]>
[2024-09-16 00:04:18,056] {taskinstance.py:1159} INFO - Dependencies all met for <TaskInstance: BRONZER_GET_STONCKS.BRONZE_STONCKS_AAPL scheduled__2024-03-02T00:00:00+00:00 [queued]>
[2024-09-16 00:04:18,056] {taskinstance.py:1356} INFO - 
--------------------------------------------------------------------------------
[2024-09-16 00:04:18,056] {taskinstance.py:1357} INFO - Starting attempt 1 of 1
[2024-09-16 00:04:18,056] {taskinstance.py:1358} INFO - 
--------------------------------------------------------------------------------
[2024-09-16 00:04:18,115] {taskinstance.py:1377} INFO - Executing <Task(_PythonDecoratedOperator): BRONZE_STONCKS_AAPL> on 2024-03-02 00:00:00+00:00
[2024-09-16 00:04:18,121] {standard_task_runner.py:52} INFO - Started process 23916 to run task
[2024-09-16 00:04:18,134] {standard_task_runner.py:79} INFO - Running: ['airflow', 'tasks', 'run', 'BRONZER_GET_STONCKS', 'BRONZE_STONCKS_AAPL', 'scheduled__2024-03-02T00:00:00+00:00', '--job-id', '336', '--raw', '--subdir', 'DAGS_FOLDER/get_stocks.py', '--cfg-path', '/tmp/tmp3gavr2q3', '--error-file', '/tmp/tmphcyo0362']
[2024-09-16 00:04:18,135] {standard_task_runner.py:80} INFO - Job 336: Subtask BRONZE_STONCKS_AAPL
[2024-09-16 00:04:18,345] {task_command.py:370} INFO - Running <TaskInstance: BRONZER_GET_STONCKS.BRONZE_STONCKS_AAPL scheduled__2024-03-02T00:00:00+00:00 [running]> on host kaiwang.
[2024-09-16 00:04:18,584] {taskinstance.py:1569} INFO - Exporting the following env vars:
AIRFLOW_CTX_DAG_OWNER=airflow
AIRFLOW_CTX_DAG_ID=BRONZER_GET_STONCKS
AIRFLOW_CTX_TASK_ID=BRONZE_STONCKS_AAPL
AIRFLOW_CTX_EXECUTION_DATE=2024-03-02T00:00:00+00:00
AIRFLOW_CTX_TRY_NUMBER=1
AIRFLOW_CTX_DAG_RUN_ID=scheduled__2024-03-02T00:00:00+00:00
[2024-09-16 00:04:19,153] {python.py:173} INFO - Done. Returned value was: None
[2024-09-16 00:04:19,171] {taskinstance.py:1395} INFO - Marking task as SUCCESS. dag_id=BRONZER_GET_STONCKS, task_id=BRONZE_STONCKS_AAPL, execution_date=20240302T000000, start_date=20240916T030418, end_date=20240916T030419
[2024-09-16 00:04:19,193] {local_task_job.py:156} INFO - Task exited with return code 0
[2024-09-16 00:04:19,230] {local_task_job.py:273} INFO - 0 downstream tasks scheduled from follow-on schedule check
[2024-09-16 00:15:30,105] {taskinstance.py:1159} INFO - Dependencies all met for <TaskInstance: BRONZER_GET_STONCKS.BRONZE_STONCKS_AAPL scheduled__2024-03-02T00:00:00+00:00 [queued]>
[2024-09-16 00:15:30,145] {taskinstance.py:1159} INFO - Dependencies all met for <TaskInstance: BRONZER_GET_STONCKS.BRONZE_STONCKS_AAPL scheduled__2024-03-02T00:00:00+00:00 [queued]>
[2024-09-16 00:15:30,145] {taskinstance.py:1356} INFO - 
--------------------------------------------------------------------------------
[2024-09-16 00:15:30,145] {taskinstance.py:1357} INFO - Starting attempt 1 of 1
[2024-09-16 00:15:30,145] {taskinstance.py:1358} INFO - 
--------------------------------------------------------------------------------
[2024-09-16 00:15:30,196] {taskinstance.py:1377} INFO - Executing <Task(_PythonDecoratedOperator): BRONZE_STONCKS_AAPL> on 2024-03-02 00:00:00+00:00
[2024-09-16 00:15:30,202] {standard_task_runner.py:52} INFO - Started process 54941 to run task
[2024-09-16 00:15:30,240] {standard_task_runner.py:79} INFO - Running: ['airflow', 'tasks', 'run', 'BRONZER_GET_STONCKS', 'BRONZE_STONCKS_AAPL', 'scheduled__2024-03-02T00:00:00+00:00', '--job-id', '2128', '--raw', '--subdir', 'DAGS_FOLDER/get_stocks.py', '--cfg-path', '/tmp/tmp4kr35lem', '--error-file', '/tmp/tmpdcqy18yw']
[2024-09-16 00:15:30,241] {standard_task_runner.py:80} INFO - Job 2128: Subtask BRONZE_STONCKS_AAPL
[2024-09-16 00:15:30,560] {task_command.py:370} INFO - Running <TaskInstance: BRONZER_GET_STONCKS.BRONZE_STONCKS_AAPL scheduled__2024-03-02T00:00:00+00:00 [running]> on host kaiwang.
[2024-09-16 00:15:30,906] {taskinstance.py:1569} INFO - Exporting the following env vars:
AIRFLOW_CTX_DAG_OWNER=airflow
AIRFLOW_CTX_DAG_ID=BRONZER_GET_STONCKS
AIRFLOW_CTX_TASK_ID=BRONZE_STONCKS_AAPL
AIRFLOW_CTX_EXECUTION_DATE=2024-03-02T00:00:00+00:00
AIRFLOW_CTX_TRY_NUMBER=1
AIRFLOW_CTX_DAG_RUN_ID=scheduled__2024-03-02T00:00:00+00:00
[2024-09-16 00:15:31,507] {python.py:173} INFO - Done. Returned value was: None
[2024-09-16 00:15:31,532] {taskinstance.py:1395} INFO - Marking task as SUCCESS. dag_id=BRONZER_GET_STONCKS, task_id=BRONZE_STONCKS_AAPL, execution_date=20240302T000000, start_date=20240916T031530, end_date=20240916T031531
[2024-09-16 00:15:31,587] {local_task_job.py:156} INFO - Task exited with return code 0
[2024-09-16 00:15:31,637] {local_task_job.py:273} INFO - 0 downstream tasks scheduled from follow-on schedule check
