[2024-09-16 00:04:44,071] {taskinstance.py:1159} INFO - Dependencies all met for <TaskInstance: BRONZER_GET_STONCKS.BRONZE_STONCKS_TSLA scheduled__2024-03-27T00:00:00+00:00 [queued]>
[2024-09-16 00:04:44,104] {taskinstance.py:1159} INFO - Dependencies all met for <TaskInstance: BRONZER_GET_STONCKS.BRONZE_STONCKS_TSLA scheduled__2024-03-27T00:00:00+00:00 [queued]>
[2024-09-16 00:04:44,105] {taskinstance.py:1356} INFO - 
--------------------------------------------------------------------------------
[2024-09-16 00:04:44,105] {taskinstance.py:1357} INFO - Starting attempt 1 of 1
[2024-09-16 00:04:44,105] {taskinstance.py:1358} INFO - 
--------------------------------------------------------------------------------
[2024-09-16 00:04:44,141] {taskinstance.py:1377} INFO - Executing <Task(_PythonDecoratedOperator): BRONZE_STONCKS_TSLA> on 2024-03-27 00:00:00+00:00
[2024-09-16 00:04:44,149] {standard_task_runner.py:52} INFO - Started process 26059 to run task
[2024-09-16 00:04:44,189] {standard_task_runner.py:79} INFO - Running: ['airflow', 'tasks', 'run', 'BRONZER_GET_STONCKS', 'BRONZE_STONCKS_TSLA', 'scheduled__2024-03-27T00:00:00+00:00', '--job-id', '467', '--raw', '--subdir', 'DAGS_FOLDER/get_stocks.py', '--cfg-path', '/tmp/tmp_6j_npso', '--error-file', '/tmp/tmptugxovwr']
[2024-09-16 00:04:44,190] {standard_task_runner.py:80} INFO - Job 467: Subtask BRONZE_STONCKS_TSLA
[2024-09-16 00:04:44,501] {task_command.py:370} INFO - Running <TaskInstance: BRONZER_GET_STONCKS.BRONZE_STONCKS_TSLA scheduled__2024-03-27T00:00:00+00:00 [running]> on host kaiwang.
[2024-09-16 00:04:44,855] {taskinstance.py:1569} INFO - Exporting the following env vars:
AIRFLOW_CTX_DAG_OWNER=airflow
AIRFLOW_CTX_DAG_ID=BRONZER_GET_STONCKS
AIRFLOW_CTX_TASK_ID=BRONZE_STONCKS_TSLA
AIRFLOW_CTX_EXECUTION_DATE=2024-03-27T00:00:00+00:00
AIRFLOW_CTX_TRY_NUMBER=1
AIRFLOW_CTX_DAG_RUN_ID=scheduled__2024-03-27T00:00:00+00:00
[2024-09-16 00:04:45,511] {python.py:173} INFO - Done. Returned value was: None
[2024-09-16 00:04:45,628] {taskinstance.py:1395} INFO - Marking task as SUCCESS. dag_id=BRONZER_GET_STONCKS, task_id=BRONZE_STONCKS_TSLA, execution_date=20240327T000000, start_date=20240916T030444, end_date=20240916T030445
[2024-09-16 00:04:45,670] {local_task_job.py:156} INFO - Task exited with return code 0
[2024-09-16 00:04:45,804] {local_task_job.py:273} INFO - 0 downstream tasks scheduled from follow-on schedule check
[2024-09-16 00:15:54,615] {taskinstance.py:1159} INFO - Dependencies all met for <TaskInstance: BRONZER_GET_STONCKS.BRONZE_STONCKS_TSLA scheduled__2024-03-27T00:00:00+00:00 [queued]>
[2024-09-16 00:15:54,664] {taskinstance.py:1159} INFO - Dependencies all met for <TaskInstance: BRONZER_GET_STONCKS.BRONZE_STONCKS_TSLA scheduled__2024-03-27T00:00:00+00:00 [queued]>
[2024-09-16 00:15:54,665] {taskinstance.py:1356} INFO - 
--------------------------------------------------------------------------------
[2024-09-16 00:15:54,665] {taskinstance.py:1357} INFO - Starting attempt 1 of 1
[2024-09-16 00:15:54,665] {taskinstance.py:1358} INFO - 
--------------------------------------------------------------------------------
[2024-09-16 00:15:54,747] {taskinstance.py:1377} INFO - Executing <Task(_PythonDecoratedOperator): BRONZE_STONCKS_TSLA> on 2024-03-27 00:00:00+00:00
[2024-09-16 00:15:54,754] {standard_task_runner.py:52} INFO - Started process 56973 to run task
[2024-09-16 00:15:54,765] {standard_task_runner.py:79} INFO - Running: ['airflow', 'tasks', 'run', 'BRONZER_GET_STONCKS', 'BRONZE_STONCKS_TSLA', 'scheduled__2024-03-27T00:00:00+00:00', '--job-id', '2241', '--raw', '--subdir', 'DAGS_FOLDER/get_stocks.py', '--cfg-path', '/tmp/tmpicnae9i6', '--error-file', '/tmp/tmpzeru37ox']
[2024-09-16 00:15:54,766] {standard_task_runner.py:80} INFO - Job 2241: Subtask BRONZE_STONCKS_TSLA
[2024-09-16 00:15:55,038] {task_command.py:370} INFO - Running <TaskInstance: BRONZER_GET_STONCKS.BRONZE_STONCKS_TSLA scheduled__2024-03-27T00:00:00+00:00 [running]> on host kaiwang.
[2024-09-16 00:15:55,403] {taskinstance.py:1569} INFO - Exporting the following env vars:
AIRFLOW_CTX_DAG_OWNER=airflow
AIRFLOW_CTX_DAG_ID=BRONZER_GET_STONCKS
AIRFLOW_CTX_TASK_ID=BRONZE_STONCKS_TSLA
AIRFLOW_CTX_EXECUTION_DATE=2024-03-27T00:00:00+00:00
AIRFLOW_CTX_TRY_NUMBER=1
AIRFLOW_CTX_DAG_RUN_ID=scheduled__2024-03-27T00:00:00+00:00
[2024-09-16 00:15:56,039] {python.py:173} INFO - Done. Returned value was: None
[2024-09-16 00:15:56,055] {taskinstance.py:1395} INFO - Marking task as SUCCESS. dag_id=BRONZER_GET_STONCKS, task_id=BRONZE_STONCKS_TSLA, execution_date=20240327T000000, start_date=20240916T031554, end_date=20240916T031556
[2024-09-16 00:15:56,076] {local_task_job.py:156} INFO - Task exited with return code 0
[2024-09-16 00:15:56,111] {local_task_job.py:273} INFO - 0 downstream tasks scheduled from follow-on schedule check
