[2024-09-16 00:04:12,609] {taskinstance.py:1159} INFO - Dependencies all met for <TaskInstance: BRONZER_GET_CRIPTOS.BRONZE_CRIPTO_AVAX scheduled__2024-02-22T00:00:00+00:00 [queued]>
[2024-09-16 00:04:12,634] {taskinstance.py:1159} INFO - Dependencies all met for <TaskInstance: BRONZER_GET_CRIPTOS.BRONZE_CRIPTO_AVAX scheduled__2024-02-22T00:00:00+00:00 [queued]>
[2024-09-16 00:04:12,634] {taskinstance.py:1356} INFO - 
--------------------------------------------------------------------------------
[2024-09-16 00:04:12,634] {taskinstance.py:1357} INFO - Starting attempt 1 of 1
[2024-09-16 00:04:12,634] {taskinstance.py:1358} INFO - 
--------------------------------------------------------------------------------
[2024-09-16 00:04:12,670] {taskinstance.py:1377} INFO - Executing <Task(_PythonDecoratedOperator): BRONZE_CRIPTO_AVAX> on 2024-02-22 00:00:00+00:00
[2024-09-16 00:04:12,677] {standard_task_runner.py:52} INFO - Started process 23437 to run task
[2024-09-16 00:04:12,697] {standard_task_runner.py:79} INFO - Running: ['airflow', 'tasks', 'run', 'BRONZER_GET_CRIPTOS', 'BRONZE_CRIPTO_AVAX', 'scheduled__2024-02-22T00:00:00+00:00', '--job-id', '311', '--raw', '--subdir', 'DAGS_FOLDER/get_cripto.py', '--cfg-path', '/tmp/tmpm1eovi5i', '--error-file', '/tmp/tmps0fz71wf']
[2024-09-16 00:04:12,698] {standard_task_runner.py:80} INFO - Job 311: Subtask BRONZE_CRIPTO_AVAX
[2024-09-16 00:04:12,957] {task_command.py:370} INFO - Running <TaskInstance: BRONZER_GET_CRIPTOS.BRONZE_CRIPTO_AVAX scheduled__2024-02-22T00:00:00+00:00 [running]> on host kaiwang.
[2024-09-16 00:04:13,258] {taskinstance.py:1569} INFO - Exporting the following env vars:
AIRFLOW_CTX_DAG_OWNER=airflow
AIRFLOW_CTX_DAG_ID=BRONZER_GET_CRIPTOS
AIRFLOW_CTX_TASK_ID=BRONZE_CRIPTO_AVAX
AIRFLOW_CTX_EXECUTION_DATE=2024-02-22T00:00:00+00:00
AIRFLOW_CTX_TRY_NUMBER=1
AIRFLOW_CTX_DAG_RUN_ID=scheduled__2024-02-22T00:00:00+00:00
[2024-09-16 00:04:15,830] {history.py:122} ERROR - $AVAX: possibly delisted; no timezone found
[2024-09-16 00:04:15,832] {python.py:173} INFO - Done. Returned value was: None
[2024-09-16 00:04:15,882] {taskinstance.py:1395} INFO - Marking task as SUCCESS. dag_id=BRONZER_GET_CRIPTOS, task_id=BRONZE_CRIPTO_AVAX, execution_date=20240222T000000, start_date=20240916T030412, end_date=20240916T030415
[2024-09-16 00:04:15,925] {local_task_job.py:156} INFO - Task exited with return code 0
[2024-09-16 00:04:15,964] {local_task_job.py:273} INFO - 0 downstream tasks scheduled from follow-on schedule check
[2024-09-16 00:15:23,910] {taskinstance.py:1159} INFO - Dependencies all met for <TaskInstance: BRONZER_GET_CRIPTOS.BRONZE_CRIPTO_AVAX scheduled__2024-02-22T00:00:00+00:00 [queued]>
[2024-09-16 00:15:23,937] {taskinstance.py:1159} INFO - Dependencies all met for <TaskInstance: BRONZER_GET_CRIPTOS.BRONZE_CRIPTO_AVAX scheduled__2024-02-22T00:00:00+00:00 [queued]>
[2024-09-16 00:15:23,938] {taskinstance.py:1356} INFO - 
--------------------------------------------------------------------------------
[2024-09-16 00:15:23,938] {taskinstance.py:1357} INFO - Starting attempt 1 of 1
[2024-09-16 00:15:23,938] {taskinstance.py:1358} INFO - 
--------------------------------------------------------------------------------
[2024-09-16 00:15:23,995] {taskinstance.py:1377} INFO - Executing <Task(_PythonDecoratedOperator): BRONZE_CRIPTO_AVAX> on 2024-02-22 00:00:00+00:00
[2024-09-16 00:15:24,000] {standard_task_runner.py:52} INFO - Started process 54421 to run task
[2024-09-16 00:15:24,021] {standard_task_runner.py:79} INFO - Running: ['airflow', 'tasks', 'run', 'BRONZER_GET_CRIPTOS', 'BRONZE_CRIPTO_AVAX', 'scheduled__2024-02-22T00:00:00+00:00', '--job-id', '2098', '--raw', '--subdir', 'DAGS_FOLDER/get_cripto.py', '--cfg-path', '/tmp/tmpoiilziob', '--error-file', '/tmp/tmpauqe4cbt']
[2024-09-16 00:15:24,022] {standard_task_runner.py:80} INFO - Job 2098: Subtask BRONZE_CRIPTO_AVAX
[2024-09-16 00:15:24,262] {task_command.py:370} INFO - Running <TaskInstance: BRONZER_GET_CRIPTOS.BRONZE_CRIPTO_AVAX scheduled__2024-02-22T00:00:00+00:00 [running]> on host kaiwang.
[2024-09-16 00:15:24,524] {taskinstance.py:1569} INFO - Exporting the following env vars:
AIRFLOW_CTX_DAG_OWNER=airflow
AIRFLOW_CTX_DAG_ID=BRONZER_GET_CRIPTOS
AIRFLOW_CTX_TASK_ID=BRONZE_CRIPTO_AVAX
AIRFLOW_CTX_EXECUTION_DATE=2024-02-22T00:00:00+00:00
AIRFLOW_CTX_TRY_NUMBER=1
AIRFLOW_CTX_DAG_RUN_ID=scheduled__2024-02-22T00:00:00+00:00
[2024-09-16 00:15:27,560] {history.py:122} ERROR - $AVAX: possibly delisted; no timezone found
[2024-09-16 00:15:27,565] {python.py:173} INFO - Done. Returned value was: None
[2024-09-16 00:15:27,657] {taskinstance.py:1395} INFO - Marking task as SUCCESS. dag_id=BRONZER_GET_CRIPTOS, task_id=BRONZE_CRIPTO_AVAX, execution_date=20240222T000000, start_date=20240916T031523, end_date=20240916T031527
[2024-09-16 00:15:27,737] {local_task_job.py:156} INFO - Task exited with return code 0
[2024-09-16 00:15:27,899] {local_task_job.py:273} INFO - 0 downstream tasks scheduled from follow-on schedule check
